ARM GAS  C:\Users\sdysart\AppData\Local\Temp\cc31EDy6.s 			page 1


   1              		.syntax unified
   2              		.cpu cortex-m3
   3              		.fpu softvfp
   4              		.eabi_attribute 20, 1
   5              		.eabi_attribute 21, 1
   6              		.eabi_attribute 23, 3
   7              		.eabi_attribute 24, 1
   8              		.eabi_attribute 25, 1
   9              		.eabi_attribute 26, 1
  10              		.eabi_attribute 30, 1
  11              		.eabi_attribute 34, 1
  12              		.eabi_attribute 18, 4
  13              		.thumb
  14              		.syntax unified
  15              		.file	"cymetadata.c"
  16              		.text
  17              	.Ltext0:
  18              		.cfi_sections	.debug_frame
  19              		.global	cy_metadata
  20              		.global	cy_meta_flashprotect
  21              		.global	cy_meta_wonvl
  22              		.global	cy_meta_custnvl
  23              		.global	cy_meta_configecc
  24              		.section	.cyconfigecc,"a",%progbits
  25              		.align	2
  26              		.type	cy_meta_configecc, %object
  27              		.size	cy_meta_configecc, 1008
  28              	cy_meta_configecc:
  29 0000 02       		.byte	2
  30 0001 52       		.byte	82
  31 0002 00       		.byte	0
  32 0003 40       		.byte	64
  33 0004 03       		.byte	3
  34 0005 64       		.byte	100
  35 0006 00       		.byte	0
  36 0007 40       		.byte	64
  37 0008 02       		.byte	2
  38 0009 65       		.byte	101
  39 000a 00       		.byte	0
  40 000b 40       		.byte	64
  41 000c 2A       		.byte	42
  42 000d 02       		.byte	2
  43 000e 01       		.byte	1
  44 000f 40       		.byte	64
  45 0010 17       		.byte	23
  46 0011 03       		.byte	3
  47 0012 01       		.byte	1
  48 0013 40       		.byte	64
  49 0014 3C       		.byte	60
  50 0015 04       		.byte	4
  51 0016 01       		.byte	1
  52 0017 40       		.byte	64
  53 0018 1F       		.byte	31
  54 0019 05       		.byte	5
  55 001a 01       		.byte	1
  56 001b 40       		.byte	64
  57 001c 3E       		.byte	62
ARM GAS  C:\Users\sdysart\AppData\Local\Temp\cc31EDy6.s 			page 2


  58 001d 06       		.byte	6
  59 001e 01       		.byte	1
  60 001f 40       		.byte	64
  61 0020 1D       		.byte	29
  62 0021 07       		.byte	7
  63 0022 01       		.byte	1
  64 0023 40       		.byte	64
  65 0024 3F       		.byte	63
  66 0025 14       		.byte	20
  67 0026 01       		.byte	1
  68 0027 40       		.byte	64
  69 0028 1E       		.byte	30
  70 0029 15       		.byte	21
  71 002a 01       		.byte	1
  72 002b 40       		.byte	64
  73 002c 36       		.byte	54
  74 002d 16       		.byte	22
  75 002e 01       		.byte	1
  76 002f 40       		.byte	64
  77 0030 14       		.byte	20
  78 0031 17       		.byte	23
  79 0032 01       		.byte	1
  80 0033 40       		.byte	64
  81 0034 02       		.byte	2
  82 0035 40       		.byte	64
  83 0036 01       		.byte	1
  84 0037 40       		.byte	64
  85 0038 07       		.byte	7
  86 0039 41       		.byte	65
  87 003a 01       		.byte	1
  88 003b 40       		.byte	64
  89 003c 08       		.byte	8
  90 003d 42       		.byte	66
  91 003e 01       		.byte	1
  92 003f 40       		.byte	64
  93 0040 02       		.byte	2
  94 0041 43       		.byte	67
  95 0042 01       		.byte	1
  96 0043 40       		.byte	64
  97 0044 02       		.byte	2
  98 0045 48       		.byte	72
  99 0046 01       		.byte	1
 100 0047 40       		.byte	64
 101 0048 02       		.byte	2
 102 0049 49       		.byte	73
 103 004a 01       		.byte	1
 104 004b 40       		.byte	64
 105 004c 05       		.byte	5
 106 004d 50       		.byte	80
 107 004e 01       		.byte	1
 108 004f 40       		.byte	64
 109 0050 01       		.byte	1
 110 0051 51       		.byte	81
 111 0052 01       		.byte	1
 112 0053 40       		.byte	64
 113 0054 00       		.byte	0
 114 0055 30       		.byte	48
ARM GAS  C:\Users\sdysart\AppData\Local\Temp\cc31EDy6.s 			page 3


 115 0056 01       		.byte	1
 116 0057 90       		.byte	-112
 117 0058 82       		.byte	-126
 118 0059 0D       		.byte	13
 119 005a 85       		.byte	-123
 120 005b 0D       		.byte	13
 121 005c 87       		.byte	-121
 122 005d 0D       		.byte	13
 123 005e 85       		.byte	-123
 124 005f 0D       		.byte	13
 125 0060 87       		.byte	-121
 126 0061 0D       		.byte	13
 127 0062 12       		.byte	18
 128 0063 05       		.byte	5
 129 0064 19       		.byte	25
 130 0065 01       		.byte	1
 131 0066 1E       		.byte	30
 132 0067 04       		.byte	4
 133 0068 22       		.byte	34
 134 0069 02       		.byte	2
 135 006a 26       		.byte	38
 136 006b 09       		.byte	9
 137 006c 2B       		.byte	43
 138 006d 01       		.byte	1
 139 006e 30       		.byte	48
 140 006f 02       		.byte	2
 141 0070 31       		.byte	49
 142 0071 01       		.byte	1
 143 0072 32       		.byte	50
 144 0073 08       		.byte	8
 145 0074 34       		.byte	52
 146 0075 04       		.byte	4
 147 0076 36       		.byte	54
 148 0077 01       		.byte	1
 149 0078 3E       		.byte	62
 150 0079 10       		.byte	16
 151 007a 40       		.byte	64
 152 007b 50       		.byte	80
 153 007c 41       		.byte	65
 154 007d 04       		.byte	4
 155 007e 45       		.byte	69
 156 007f D0       		.byte	-48
 157 0080 46       		.byte	70
 158 0081 10       		.byte	16
 159 0082 47       		.byte	71
 160 0083 20       		.byte	32
 161 0084 48       		.byte	72
 162 0085 2A       		.byte	42
 163 0086 49       		.byte	73
 164 0087 FF       		.byte	-1
 165 0088 4A       		.byte	74
 166 0089 FF       		.byte	-1
 167 008a 4B       		.byte	75
 168 008b FF       		.byte	-1
 169 008c 4D       		.byte	77
 170 008d A0       		.byte	-96
 171 008e 4F       		.byte	79
ARM GAS  C:\Users\sdysart\AppData\Local\Temp\cc31EDy6.s 			page 4


 172 008f 04       		.byte	4
 173 0090 50       		.byte	80
 174 0091 18       		.byte	24
 175 0092 52       		.byte	82
 176 0093 80       		.byte	-128
 177 0094 54       		.byte	84
 178 0095 05       		.byte	5
 179 0096 58       		.byte	88
 180 0097 04       		.byte	4
 181 0098 59       		.byte	89
 182 0099 04       		.byte	4
 183 009a 5A       		.byte	90
 184 009b 04       		.byte	4
 185 009c 5B       		.byte	91
 186 009d 04       		.byte	4
 187 009e 5C       		.byte	92
 188 009f 11       		.byte	17
 189 00a0 5D       		.byte	93
 190 00a1 11       		.byte	17
 191 00a2 5F       		.byte	95
 192 00a3 01       		.byte	1
 193 00a4 60       		.byte	96
 194 00a5 40       		.byte	64
 195 00a6 62       		.byte	98
 196 00a7 C0       		.byte	-64
 197 00a8 64       		.byte	100
 198 00a9 40       		.byte	64
 199 00aa 65       		.byte	101
 200 00ab 40       		.byte	64
 201 00ac 66       		.byte	102
 202 00ad C0       		.byte	-64
 203 00ae 68       		.byte	104
 204 00af C0       		.byte	-64
 205 00b0 6A       		.byte	106
 206 00b1 C0       		.byte	-64
 207 00b2 6C       		.byte	108
 208 00b3 C0       		.byte	-64
 209 00b4 6E       		.byte	110
 210 00b5 C0       		.byte	-64
 211 00b6 0E       		.byte	14
 212 00b7 80       		.byte	-128
 213 00b8 0F       		.byte	15
 214 00b9 42       		.byte	66
 215 00ba 16       		.byte	22
 216 00bb A0       		.byte	-96
 217 00bc 1E       		.byte	30
 218 00bd A8       		.byte	-88
 219 00be 1F       		.byte	31
 220 00bf 40       		.byte	64
 221 00c0 27       		.byte	39
 222 00c1 80       		.byte	-128
 223 00c2 2E       		.byte	46
 224 00c3 20       		.byte	32
 225 00c4 36       		.byte	54
 226 00c5 10       		.byte	16
 227 00c6 45       		.byte	69
 228 00c7 02       		.byte	2
ARM GAS  C:\Users\sdysart\AppData\Local\Temp\cc31EDy6.s 			page 5


 229 00c8 4F       		.byte	79
 230 00c9 41       		.byte	65
 231 00ca 55       		.byte	85
 232 00cb 02       		.byte	2
 233 00cc 56       		.byte	86
 234 00cd 20       		.byte	32
 235 00ce 57       		.byte	87
 236 00cf 01       		.byte	1
 237 00d0 5E       		.byte	94
 238 00d1 08       		.byte	8
 239 00d2 5F       		.byte	95
 240 00d3 81       		.byte	-127
 241 00d4 76       		.byte	118
 242 00d5 80       		.byte	-128
 243 00d6 C2       		.byte	-62
 244 00d7 90       		.byte	-112
 245 00d8 C4       		.byte	-60
 246 00d9 30       		.byte	48
 247 00da CA       		.byte	-54
 248 00db 20       		.byte	32
 249 00dc CC       		.byte	-52
 250 00dd 20       		.byte	32
 251 00de D0       		.byte	-48
 252 00df 80       		.byte	-128
 253 00e0 D2       		.byte	-46
 254 00e1 10       		.byte	16
 255 00e2 D6       		.byte	-42
 256 00e3 D0       		.byte	-48
 257 00e4 40       		.byte	64
 258 00e5 30       		.byte	48
 259 00e6 41       		.byte	65
 260 00e7 02       		.byte	2
 261 00e8 49       		.byte	73
 262 00e9 FF       		.byte	-1
 263 00ea 4A       		.byte	74
 264 00eb FF       		.byte	-1
 265 00ec 4B       		.byte	75
 266 00ed FF       		.byte	-1
 267 00ee 4D       		.byte	77
 268 00ef A0       		.byte	-96
 269 00f0 4F       		.byte	79
 270 00f1 04       		.byte	4
 271 00f2 50       		.byte	80
 272 00f3 18       		.byte	24
 273 00f4 5A       		.byte	90
 274 00f5 04       		.byte	4
 275 00f6 5F       		.byte	95
 276 00f7 01       		.byte	1
 277 00f8 60       		.byte	96
 278 00f9 40       		.byte	64
 279 00fa 62       		.byte	98
 280 00fb C0       		.byte	-64
 281 00fc 64       		.byte	100
 282 00fd 40       		.byte	64
 283 00fe 65       		.byte	101
 284 00ff 40       		.byte	64
 285 0100 66       		.byte	102
ARM GAS  C:\Users\sdysart\AppData\Local\Temp\cc31EDy6.s 			page 6


 286 0101 C0       		.byte	-64
 287 0102 68       		.byte	104
 288 0103 C0       		.byte	-64
 289 0104 6A       		.byte	106
 290 0105 C0       		.byte	-64
 291 0106 6C       		.byte	108
 292 0107 C0       		.byte	-64
 293 0108 6E       		.byte	110
 294 0109 C0       		.byte	-64
 295 010a 83       		.byte	-125
 296 010b 01       		.byte	1
 297 010c 8A       		.byte	-118
 298 010d 06       		.byte	6
 299 010e 96       		.byte	-106
 300 010f 02       		.byte	2
 301 0110 9E       		.byte	-98
 302 0111 0C       		.byte	12
 303 0112 AD       		.byte	-83
 304 0113 01       		.byte	1
 305 0114 AE       		.byte	-82
 306 0115 01       		.byte	1
 307 0116 B0       		.byte	-80
 308 0117 08       		.byte	8
 309 0118 B2       		.byte	-78
 310 0119 01       		.byte	1
 311 011a B4       		.byte	-76
 312 011b 02       		.byte	2
 313 011c B6       		.byte	-74
 314 011d 04       		.byte	4
 315 011e B7       		.byte	-73
 316 011f 01       		.byte	1
 317 0120 BE       		.byte	-66
 318 0121 10       		.byte	16
 319 0122 C0       		.byte	-64
 320 0123 30       		.byte	48
 321 0124 C1       		.byte	-63
 322 0125 02       		.byte	2
 323 0126 C5       		.byte	-59
 324 0127 D0       		.byte	-48
 325 0128 C6       		.byte	-58
 326 0129 20       		.byte	32
 327 012a C7       		.byte	-57
 328 012b 10       		.byte	16
 329 012c C8       		.byte	-56
 330 012d 2A       		.byte	42
 331 012e C9       		.byte	-55
 332 012f FF       		.byte	-1
 333 0130 CA       		.byte	-54
 334 0131 FF       		.byte	-1
 335 0132 CB       		.byte	-53
 336 0133 FF       		.byte	-1
 337 0134 CD       		.byte	-51
 338 0135 AF       		.byte	-81
 339 0136 CE       		.byte	-50
 340 0137 0F       		.byte	15
 341 0138 CF       		.byte	-49
 342 0139 04       		.byte	4
ARM GAS  C:\Users\sdysart\AppData\Local\Temp\cc31EDy6.s 			page 7


 343 013a D0       		.byte	-48
 344 013b 18       		.byte	24
 345 013c D2       		.byte	-46
 346 013d 80       		.byte	-128
 347 013e D4       		.byte	-44
 348 013f 05       		.byte	5
 349 0140 D8       		.byte	-40
 350 0141 04       		.byte	4
 351 0142 D9       		.byte	-39
 352 0143 04       		.byte	4
 353 0144 DA       		.byte	-38
 354 0145 04       		.byte	4
 355 0146 DB       		.byte	-37
 356 0147 04       		.byte	4
 357 0148 DF       		.byte	-33
 358 0149 01       		.byte	1
 359 014a E0       		.byte	-32
 360 014b 40       		.byte	64
 361 014c E2       		.byte	-30
 362 014d C0       		.byte	-64
 363 014e E4       		.byte	-28
 364 014f 40       		.byte	64
 365 0150 E5       		.byte	-27
 366 0151 40       		.byte	64
 367 0152 E6       		.byte	-26
 368 0153 C0       		.byte	-64
 369 0154 E8       		.byte	-24
 370 0155 C0       		.byte	-64
 371 0156 EA       		.byte	-22
 372 0157 C0       		.byte	-64
 373 0158 EC       		.byte	-20
 374 0159 C0       		.byte	-64
 375 015a EE       		.byte	-18
 376 015b C0       		.byte	-64
 377 015c 04       		.byte	4
 378 015d 10       		.byte	16
 379 015e 0F       		.byte	15
 380 015f 22       		.byte	34
 381 0160 17       		.byte	23
 382 0161 40       		.byte	64
 383 0162 1C       		.byte	28
 384 0163 11       		.byte	17
 385 0164 1D       		.byte	29
 386 0165 08       		.byte	8
 387 0166 1E       		.byte	30
 388 0167 08       		.byte	8
 389 0168 1F       		.byte	31
 390 0169 02       		.byte	2
 391 016a 26       		.byte	38
 392 016b 40       		.byte	64
 393 016c 2F       		.byte	47
 394 016d 02       		.byte	2
 395 016e 3F       		.byte	63
 396 016f 02       		.byte	2
 397 0170 40       		.byte	64
 398 0171 10       		.byte	16
 399 0172 41       		.byte	65
ARM GAS  C:\Users\sdysart\AppData\Local\Temp\cc31EDy6.s 			page 8


 400 0173 20       		.byte	32
 401 0174 45       		.byte	69
 402 0175 28       		.byte	40
 403 0176 4F       		.byte	79
 404 0177 01       		.byte	1
 405 0178 55       		.byte	85
 406 0179 20       		.byte	32
 407 017a 57       		.byte	87
 408 017b 11       		.byte	17
 409 017c 5E       		.byte	94
 410 017d 88       		.byte	-120
 411 017e 5F       		.byte	95
 412 017f 01       		.byte	1
 413 0180 77       		.byte	119
 414 0181 40       		.byte	64
 415 0182 80       		.byte	-128
 416 0183 01       		.byte	1
 417 0184 8B       		.byte	-117
 418 0185 40       		.byte	64
 419 0186 B3       		.byte	-77
 420 0187 40       		.byte	64
 421 0188 C0       		.byte	-64
 422 0189 40       		.byte	64
 423 018a C2       		.byte	-62
 424 018b A0       		.byte	-96
 425 018c C4       		.byte	-60
 426 018d 80       		.byte	-128
 427 018e CA       		.byte	-54
 428 018f 10       		.byte	16
 429 0190 CE       		.byte	-50
 430 0191 80       		.byte	-128
 431 0192 D0       		.byte	-48
 432 0193 66       		.byte	102
 433 0194 D6       		.byte	-42
 434 0195 D0       		.byte	-48
 435 0196 E6       		.byte	-26
 436 0197 80       		.byte	-128
 437 0198 EE       		.byte	-18
 438 0199 80       		.byte	-128
 439 019a 40       		.byte	64
 440 019b 60       		.byte	96
 441 019c 41       		.byte	65
 442 019d 05       		.byte	5
 443 019e 49       		.byte	73
 444 019f FF       		.byte	-1
 445 01a0 4A       		.byte	74
 446 01a1 FF       		.byte	-1
 447 01a2 4B       		.byte	75
 448 01a3 FF       		.byte	-1
 449 01a4 4D       		.byte	77
 450 01a5 A0       		.byte	-96
 451 01a6 4F       		.byte	79
 452 01a7 04       		.byte	4
 453 01a8 50       		.byte	80
 454 01a9 18       		.byte	24
 455 01aa 5A       		.byte	90
 456 01ab 04       		.byte	4
ARM GAS  C:\Users\sdysart\AppData\Local\Temp\cc31EDy6.s 			page 9


 457 01ac 5D       		.byte	93
 458 01ad 02       		.byte	2
 459 01ae 5F       		.byte	95
 460 01af 01       		.byte	1
 461 01b0 60       		.byte	96
 462 01b1 40       		.byte	64
 463 01b2 62       		.byte	98
 464 01b3 C0       		.byte	-64
 465 01b4 64       		.byte	100
 466 01b5 40       		.byte	64
 467 01b6 65       		.byte	101
 468 01b7 40       		.byte	64
 469 01b8 66       		.byte	102
 470 01b9 C0       		.byte	-64
 471 01ba 68       		.byte	104
 472 01bb C0       		.byte	-64
 473 01bc 6A       		.byte	106
 474 01bd C0       		.byte	-64
 475 01be 6C       		.byte	108
 476 01bf C0       		.byte	-64
 477 01c0 6E       		.byte	110
 478 01c1 C0       		.byte	-64
 479 01c2 8E       		.byte	-114
 480 01c3 02       		.byte	2
 481 01c4 92       		.byte	-110
 482 01c5 01       		.byte	1
 483 01c6 9A       		.byte	-102
 484 01c7 06       		.byte	6
 485 01c8 9B       		.byte	-101
 486 01c9 01       		.byte	1
 487 01ca A6       		.byte	-90
 488 01cb 0C       		.byte	12
 489 01cc AD       		.byte	-83
 490 01cd 01       		.byte	1
 491 01ce B0       		.byte	-80
 492 01cf 08       		.byte	8
 493 01d0 B2       		.byte	-78
 494 01d1 02       		.byte	2
 495 01d2 B4       		.byte	-76
 496 01d3 01       		.byte	1
 497 01d4 B6       		.byte	-74
 498 01d5 04       		.byte	4
 499 01d6 B7       		.byte	-73
 500 01d7 01       		.byte	1
 501 01d8 BE       		.byte	-66
 502 01d9 04       		.byte	4
 503 01da C0       		.byte	-64
 504 01db 20       		.byte	32
 505 01dc C1       		.byte	-63
 506 01dd 05       		.byte	5
 507 01de C5       		.byte	-59
 508 01df D1       		.byte	-47
 509 01e0 C7       		.byte	-57
 510 01e1 20       		.byte	32
 511 01e2 C8       		.byte	-56
 512 01e3 23       		.byte	35
 513 01e4 C9       		.byte	-55
ARM GAS  C:\Users\sdysart\AppData\Local\Temp\cc31EDy6.s 			page 10


 514 01e5 FF       		.byte	-1
 515 01e6 CA       		.byte	-54
 516 01e7 FF       		.byte	-1
 517 01e8 CB       		.byte	-53
 518 01e9 FF       		.byte	-1
 519 01ea CD       		.byte	-51
 520 01eb AF       		.byte	-81
 521 01ec CE       		.byte	-50
 522 01ed 0F       		.byte	15
 523 01ee CF       		.byte	-49
 524 01ef 04       		.byte	4
 525 01f0 D0       		.byte	-48
 526 01f1 18       		.byte	24
 527 01f2 D2       		.byte	-46
 528 01f3 80       		.byte	-128
 529 01f4 D4       		.byte	-44
 530 01f5 05       		.byte	5
 531 01f6 D8       		.byte	-40
 532 01f7 04       		.byte	4
 533 01f8 D9       		.byte	-39
 534 01f9 04       		.byte	4
 535 01fa DA       		.byte	-38
 536 01fb 04       		.byte	4
 537 01fc DB       		.byte	-37
 538 01fd 04       		.byte	4
 539 01fe DC       		.byte	-36
 540 01ff 22       		.byte	34
 541 0200 DD       		.byte	-35
 542 0201 22       		.byte	34
 543 0202 DF       		.byte	-33
 544 0203 01       		.byte	1
 545 0204 E0       		.byte	-32
 546 0205 40       		.byte	64
 547 0206 E2       		.byte	-30
 548 0207 C0       		.byte	-64
 549 0208 E4       		.byte	-28
 550 0209 40       		.byte	64
 551 020a E5       		.byte	-27
 552 020b 40       		.byte	64
 553 020c E6       		.byte	-26
 554 020d C0       		.byte	-64
 555 020e E8       		.byte	-24
 556 020f C0       		.byte	-64
 557 0210 EA       		.byte	-22
 558 0211 C0       		.byte	-64
 559 0212 EC       		.byte	-20
 560 0213 C0       		.byte	-64
 561 0214 EE       		.byte	-18
 562 0215 C0       		.byte	-64
 563 0216 02       		.byte	2
 564 0217 02       		.byte	2
 565 0218 09       		.byte	9
 566 0219 02       		.byte	2
 567 021a 0A       		.byte	10
 568 021b 04       		.byte	4
 569 021c 10       		.byte	16
 570 021d 20       		.byte	32
ARM GAS  C:\Users\sdysart\AppData\Local\Temp\cc31EDy6.s 			page 11


 571 021e 19       		.byte	25
 572 021f 84       		.byte	-124
 573 0220 1A       		.byte	26
 574 0221 04       		.byte	4
 575 0222 1B       		.byte	27
 576 0223 11       		.byte	17
 577 0224 22       		.byte	34
 578 0225 40       		.byte	64
 579 0226 2B       		.byte	43
 580 0227 01       		.byte	1
 581 0228 30       		.byte	48
 582 0229 20       		.byte	32
 583 022a 42       		.byte	66
 584 022b 04       		.byte	4
 585 022c 48       		.byte	72
 586 022d 20       		.byte	32
 587 022e 49       		.byte	73
 588 022f 01       		.byte	1
 589 0230 4A       		.byte	74
 590 0231 02       		.byte	2
 591 0232 4E       		.byte	78
 592 0233 02       		.byte	2
 593 0234 4F       		.byte	79
 594 0235 20       		.byte	32
 595 0236 52       		.byte	82
 596 0237 02       		.byte	2
 597 0238 59       		.byte	89
 598 0239 05       		.byte	5
 599 023a 5A       		.byte	90
 600 023b 80       		.byte	-128
 601 023c 71       		.byte	113
 602 023d 02       		.byte	2
 603 023e 97       		.byte	-105
 604 023f 80       		.byte	-128
 605 0240 C0       		.byte	-64
 606 0241 01       		.byte	1
 607 0242 C2       		.byte	-62
 608 0243 0A       		.byte	10
 609 0244 C4       		.byte	-60
 610 0245 04       		.byte	4
 611 0246 CA       		.byte	-54
 612 0247 08       		.byte	8
 613 0248 CC       		.byte	-52
 614 0249 04       		.byte	4
 615 024a D0       		.byte	-48
 616 024b 04       		.byte	4
 617 024c D2       		.byte	-46
 618 024d 38       		.byte	56
 619 024e D6       		.byte	-42
 620 024f 0B       		.byte	11
 621 0250 40       		.byte	64
 622 0251 30       		.byte	48
 623 0252 41       		.byte	65
 624 0253 02       		.byte	2
 625 0254 49       		.byte	73
 626 0255 FF       		.byte	-1
 627 0256 4A       		.byte	74
ARM GAS  C:\Users\sdysart\AppData\Local\Temp\cc31EDy6.s 			page 12


 628 0257 FF       		.byte	-1
 629 0258 4B       		.byte	75
 630 0259 FF       		.byte	-1
 631 025a 4D       		.byte	77
 632 025b A0       		.byte	-96
 633 025c 4F       		.byte	79
 634 025d 04       		.byte	4
 635 025e 50       		.byte	80
 636 025f 18       		.byte	24
 637 0260 5A       		.byte	90
 638 0261 04       		.byte	4
 639 0262 5D       		.byte	93
 640 0263 03       		.byte	3
 641 0264 5F       		.byte	95
 642 0265 01       		.byte	1
 643 0266 60       		.byte	96
 644 0267 40       		.byte	64
 645 0268 62       		.byte	98
 646 0269 C0       		.byte	-64
 647 026a 64       		.byte	100
 648 026b 40       		.byte	64
 649 026c 65       		.byte	101
 650 026d 40       		.byte	64
 651 026e 66       		.byte	102
 652 026f C0       		.byte	-64
 653 0270 68       		.byte	104
 654 0271 C0       		.byte	-64
 655 0272 6A       		.byte	106
 656 0273 C0       		.byte	-64
 657 0274 6C       		.byte	108
 658 0275 C0       		.byte	-64
 659 0276 6E       		.byte	110
 660 0277 C0       		.byte	-64
 661 0278 83       		.byte	-125
 662 0279 01       		.byte	1
 663 027a 8A       		.byte	-118
 664 027b 06       		.byte	6
 665 027c 9E       		.byte	-98
 666 027d 0C       		.byte	12
 667 027e A6       		.byte	-90
 668 027f 02       		.byte	2
 669 0280 AD       		.byte	-83
 670 0281 01       		.byte	1
 671 0282 AE       		.byte	-82
 672 0283 01       		.byte	1
 673 0284 B0       		.byte	-80
 674 0285 08       		.byte	8
 675 0286 B2       		.byte	-78
 676 0287 01       		.byte	1
 677 0288 B4       		.byte	-76
 678 0289 02       		.byte	2
 679 028a B6       		.byte	-74
 680 028b 04       		.byte	4
 681 028c B7       		.byte	-73
 682 028d 01       		.byte	1
 683 028e BE       		.byte	-66
 684 028f 10       		.byte	16
ARM GAS  C:\Users\sdysart\AppData\Local\Temp\cc31EDy6.s 			page 13


 685 0290 C0       		.byte	-64
 686 0291 30       		.byte	48
 687 0292 C1       		.byte	-63
 688 0293 02       		.byte	2
 689 0294 C5       		.byte	-59
 690 0295 D0       		.byte	-48
 691 0296 C6       		.byte	-58
 692 0297 20       		.byte	32
 693 0298 C7       		.byte	-57
 694 0299 10       		.byte	16
 695 029a C8       		.byte	-56
 696 029b 2A       		.byte	42
 697 029c C9       		.byte	-55
 698 029d FF       		.byte	-1
 699 029e CA       		.byte	-54
 700 029f FF       		.byte	-1
 701 02a0 CB       		.byte	-53
 702 02a1 FF       		.byte	-1
 703 02a2 CD       		.byte	-51
 704 02a3 AF       		.byte	-81
 705 02a4 CE       		.byte	-50
 706 02a5 0F       		.byte	15
 707 02a6 CF       		.byte	-49
 708 02a7 04       		.byte	4
 709 02a8 D0       		.byte	-48
 710 02a9 18       		.byte	24
 711 02aa D2       		.byte	-46
 712 02ab 80       		.byte	-128
 713 02ac D4       		.byte	-44
 714 02ad 05       		.byte	5
 715 02ae D8       		.byte	-40
 716 02af 04       		.byte	4
 717 02b0 D9       		.byte	-39
 718 02b1 04       		.byte	4
 719 02b2 DA       		.byte	-38
 720 02b3 04       		.byte	4
 721 02b4 DB       		.byte	-37
 722 02b5 04       		.byte	4
 723 02b6 DC       		.byte	-36
 724 02b7 33       		.byte	51
 725 02b8 DD       		.byte	-35
 726 02b9 33       		.byte	51
 727 02ba DF       		.byte	-33
 728 02bb 01       		.byte	1
 729 02bc E0       		.byte	-32
 730 02bd 40       		.byte	64
 731 02be E2       		.byte	-30
 732 02bf C0       		.byte	-64
 733 02c0 E4       		.byte	-28
 734 02c1 40       		.byte	64
 735 02c2 E5       		.byte	-27
 736 02c3 40       		.byte	64
 737 02c4 E6       		.byte	-26
 738 02c5 C0       		.byte	-64
 739 02c6 E8       		.byte	-24
 740 02c7 C0       		.byte	-64
 741 02c8 EA       		.byte	-22
ARM GAS  C:\Users\sdysart\AppData\Local\Temp\cc31EDy6.s 			page 14


 742 02c9 C0       		.byte	-64
 743 02ca EC       		.byte	-20
 744 02cb C0       		.byte	-64
 745 02cc EE       		.byte	-18
 746 02cd C0       		.byte	-64
 747 02ce 04       		.byte	4
 748 02cf 10       		.byte	16
 749 02d0 0F       		.byte	15
 750 02d1 02       		.byte	2
 751 02d2 16       		.byte	22
 752 02d3 20       		.byte	32
 753 02d4 17       		.byte	23
 754 02d5 40       		.byte	64
 755 02d6 1C       		.byte	28
 756 02d7 10       		.byte	16
 757 02d8 1D       		.byte	29
 758 02d9 08       		.byte	8
 759 02da 1E       		.byte	30
 760 02db 08       		.byte	8
 761 02dc 1F       		.byte	31
 762 02dd 42       		.byte	66
 763 02de 26       		.byte	38
 764 02df 40       		.byte	64
 765 02e0 2F       		.byte	47
 766 02e1 02       		.byte	2
 767 02e2 3F       		.byte	63
 768 02e3 02       		.byte	2
 769 02e4 40       		.byte	64
 770 02e5 10       		.byte	16
 771 02e6 41       		.byte	65
 772 02e7 20       		.byte	32
 773 02e8 45       		.byte	69
 774 02e9 28       		.byte	40
 775 02ea 4F       		.byte	79
 776 02eb 01       		.byte	1
 777 02ec 55       		.byte	85
 778 02ed 20       		.byte	32
 779 02ee 56       		.byte	86
 780 02ef 20       		.byte	32
 781 02f0 57       		.byte	87
 782 02f1 01       		.byte	1
 783 02f2 5E       		.byte	94
 784 02f3 88       		.byte	-120
 785 02f4 5F       		.byte	95
 786 02f5 01       		.byte	1
 787 02f6 77       		.byte	119
 788 02f7 40       		.byte	64
 789 02f8 97       		.byte	-105
 790 02f9 80       		.byte	-128
 791 02fa AB       		.byte	-85
 792 02fb 02       		.byte	2
 793 02fc C0       		.byte	-64
 794 02fd 40       		.byte	64
 795 02fe C2       		.byte	-62
 796 02ff 80       		.byte	-128
 797 0300 C4       		.byte	-60
 798 0301 A0       		.byte	-96
ARM GAS  C:\Users\sdysart\AppData\Local\Temp\cc31EDy6.s 			page 15


 799 0302 CA       		.byte	-54
 800 0303 10       		.byte	16
 801 0304 CE       		.byte	-50
 802 0305 80       		.byte	-128
 803 0306 D0       		.byte	-48
 804 0307 66       		.byte	102
 805 0308 D6       		.byte	-42
 806 0309 D0       		.byte	-48
 807 030a 27       		.byte	39
 808 030b 01       		.byte	1
 809 030c 2F       		.byte	47
 810 030d 01       		.byte	1
 811 030e 37       		.byte	55
 812 030f 01       		.byte	1
 813 0310 40       		.byte	64
 814 0311 42       		.byte	66
 815 0312 49       		.byte	73
 816 0313 FF       		.byte	-1
 817 0314 4A       		.byte	74
 818 0315 FF       		.byte	-1
 819 0316 4B       		.byte	75
 820 0317 FF       		.byte	-1
 821 0318 4F       		.byte	79
 822 0319 01       		.byte	1
 823 031a 50       		.byte	80
 824 031b 18       		.byte	24
 825 031c 59       		.byte	89
 826 031d 04       		.byte	4
 827 031e 5A       		.byte	90
 828 031f 04       		.byte	4
 829 0320 5C       		.byte	92
 830 0321 40       		.byte	64
 831 0322 5D       		.byte	93
 832 0323 04       		.byte	4
 833 0324 5F       		.byte	95
 834 0325 01       		.byte	1
 835 0326 60       		.byte	96
 836 0327 40       		.byte	64
 837 0328 62       		.byte	98
 838 0329 40       		.byte	64
 839 032a 64       		.byte	100
 840 032b 40       		.byte	64
 841 032c 65       		.byte	101
 842 032d 40       		.byte	64
 843 032e 66       		.byte	102
 844 032f 80       		.byte	-128
 845 0330 68       		.byte	104
 846 0331 80       		.byte	-128
 847 0332 6A       		.byte	106
 848 0333 80       		.byte	-128
 849 0334 6C       		.byte	108
 850 0335 80       		.byte	-128
 851 0336 6E       		.byte	110
 852 0337 80       		.byte	-128
 853 0338 92       		.byte	-110
 854 0339 01       		.byte	1
 855 033a 9A       		.byte	-102
ARM GAS  C:\Users\sdysart\AppData\Local\Temp\cc31EDy6.s 			page 16


 856 033b 01       		.byte	1
 857 033c B6       		.byte	-74
 858 033d 01       		.byte	1
 859 033e BE       		.byte	-66
 860 033f 40       		.byte	64
 861 0340 C0       		.byte	-64
 862 0341 42       		.byte	66
 863 0342 C5       		.byte	-59
 864 0343 EC       		.byte	-20
 865 0344 C6       		.byte	-58
 866 0345 20       		.byte	32
 867 0346 C8       		.byte	-56
 868 0347 0B       		.byte	11
 869 0348 C9       		.byte	-55
 870 0349 FF       		.byte	-1
 871 034a CA       		.byte	-54
 872 034b FF       		.byte	-1
 873 034c CB       		.byte	-53
 874 034d FF       		.byte	-1
 875 034e CD       		.byte	-51
 876 034f 83       		.byte	-125
 877 0350 CE       		.byte	-50
 878 0351 03       		.byte	3
 879 0352 CF       		.byte	-49
 880 0353 01       		.byte	1
 881 0354 D0       		.byte	-48
 882 0355 18       		.byte	24
 883 0356 D2       		.byte	-46
 884 0357 80       		.byte	-128
 885 0358 D4       		.byte	-44
 886 0359 01       		.byte	1
 887 035a D8       		.byte	-40
 888 035b 04       		.byte	4
 889 035c DA       		.byte	-38
 890 035d 04       		.byte	4
 891 035e DB       		.byte	-37
 892 035f 04       		.byte	4
 893 0360 DD       		.byte	-35
 894 0361 44       		.byte	68
 895 0362 DF       		.byte	-33
 896 0363 01       		.byte	1
 897 0364 E0       		.byte	-32
 898 0365 40       		.byte	64
 899 0366 E2       		.byte	-30
 900 0367 40       		.byte	64
 901 0368 E4       		.byte	-28
 902 0369 40       		.byte	64
 903 036a E5       		.byte	-27
 904 036b 40       		.byte	64
 905 036c E6       		.byte	-26
 906 036d 80       		.byte	-128
 907 036e E8       		.byte	-24
 908 036f 80       		.byte	-128
 909 0370 EA       		.byte	-22
 910 0371 80       		.byte	-128
 911 0372 EC       		.byte	-20
 912 0373 80       		.byte	-128
ARM GAS  C:\Users\sdysart\AppData\Local\Temp\cc31EDy6.s 			page 17


 913 0374 EE       		.byte	-18
 914 0375 80       		.byte	-128
 915 0376 09       		.byte	9
 916 0377 22       		.byte	34
 917 0378 19       		.byte	25
 918 0379 40       		.byte	64
 919 037a 27       		.byte	39
 920 037b 02       		.byte	2
 921 037c 2E       		.byte	46
 922 037d 40       		.byte	64
 923 037e 2F       		.byte	47
 924 037f 20       		.byte	32
 925 0380 41       		.byte	65
 926 0381 22       		.byte	34
 927 0382 45       		.byte	69
 928 0383 22       		.byte	34
 929 0384 49       		.byte	73
 930 0385 05       		.byte	5
 931 0386 51       		.byte	81
 932 0387 20       		.byte	32
 933 0388 53       		.byte	83
 934 0389 20       		.byte	32
 935 038a 59       		.byte	89
 936 038b 45       		.byte	69
 937 038c 71       		.byte	113
 938 038d 02       		.byte	2
 939 038e 72       		.byte	114
 940 038f 40       		.byte	64
 941 0390 97       		.byte	-105
 942 0391 80       		.byte	-128
 943 0392 B1       		.byte	-79
 944 0393 80       		.byte	-128
 945 0394 C2       		.byte	-62
 946 0395 0A       		.byte	10
 947 0396 CA       		.byte	-54
 948 0397 50       		.byte	80
 949 0398 D0       		.byte	-48
 950 0399 A5       		.byte	-91
 951 039a D6       		.byte	-42
 952 039b 0B       		.byte	11
 953 039c EE       		.byte	-18
 954 039d 80       		.byte	-128
 955 039e 33       		.byte	51
 956 039f 40       		.byte	64
 957 03a0 CC       		.byte	-52
 958 03a1 10       		.byte	16
 959 03a2 62       		.byte	98
 960 03a3 08       		.byte	8
 961 03a4 63       		.byte	99
 962 03a5 01       		.byte	1
 963 03a6 64       		.byte	100
 964 03a7 04       		.byte	4
 965 03a8 66       		.byte	102
 966 03a9 40       		.byte	64
 967 03aa 9F       		.byte	-97
 968 03ab 40       		.byte	64
 969 03ac D6       		.byte	-42
ARM GAS  C:\Users\sdysart\AppData\Local\Temp\cc31EDy6.s 			page 18


 970 03ad C0       		.byte	-64
 971 03ae D8       		.byte	-40
 972 03af C0       		.byte	-64
 973 03b0 83       		.byte	-125
 974 03b1 01       		.byte	1
 975 03b2 88       		.byte	-120
 976 03b3 04       		.byte	4
 977 03b4 97       		.byte	-105
 978 03b5 01       		.byte	1
 979 03b6 9C       		.byte	-100
 980 03b7 04       		.byte	4
 981 03b8 9E       		.byte	-98
 982 03b9 40       		.byte	64
 983 03ba 9F       		.byte	-97
 984 03bb 40       		.byte	64
 985 03bc B2       		.byte	-78
 986 03bd 08       		.byte	8
 987 03be E2       		.byte	-30
 988 03bf 80       		.byte	-128
 989 03c0 9E       		.byte	-98
 990 03c1 40       		.byte	64
 991 03c2 9F       		.byte	-97
 992 03c3 40       		.byte	64
 993 03c4 9F       		.byte	-97
 994 03c5 40       		.byte	64
 995 03c6 B2       		.byte	-78
 996 03c7 40       		.byte	64
 997 03c8 AB       		.byte	-85
 998 03c9 40       		.byte	64
 999 03ca EE       		.byte	-18
 1000 03cb 80       		.byte	-128
 1001 03cc 00       		.byte	0
 1002 03cd 07       		.byte	7
 1003 03ce 08       		.byte	8
 1004 03cf 02       		.byte	2
 1005 03d0 0A       		.byte	10
 1006 03d1 05       		.byte	5
 1007 03d2 10       		.byte	16
 1008 03d3 18       		.byte	24
 1009 03d4 1A       		.byte	26
 1010 03d5 18       		.byte	24
 1011 03d6 00       		.byte	0
 1012 03d7 03       		.byte	3
 1013 03d8 00       		.byte	0
 1014 03d9 F0       		.byte	-16
 1015 03da F0       		.byte	-16
 1016 03db 00       		.byte	0
 1017 03dc F0       		.byte	-16
 1018 03dd 00       		.byte	0
 1019 03de 00       		.byte	0
 1020 03df 00       		.byte	0
 1021 03e0 00       		.byte	0
 1022 03e1 0B       		.byte	11
 1023 03e2 0B       		.byte	11
 1024 03e3 00       		.byte	0
 1025 03e4 00       		.byte	0
 1026 03e5 00       		.byte	0
ARM GAS  C:\Users\sdysart\AppData\Local\Temp\cc31EDy6.s 			page 19


 1027 03e6 00       		.byte	0
 1028 03e7 00       		.byte	0
 1029 03e8 00       		.byte	0
 1030 03e9 40       		.byte	64
 1031 03ea 40       		.byte	64
 1032 03eb 00       		.byte	0
 1033 03ec 00       		.byte	0
 1034 03ed 00       		.byte	0
 1035 03ee 00       		.byte	0
 1036 03ef 00       		.byte	0
 1037              		.section	.cywolatch,"a",%progbits
 1038              		.align	2
 1039              		.type	cy_meta_wonvl, %object
 1040              		.size	cy_meta_wonvl, 4
 1041              	cy_meta_wonvl:
 1042 0000 BC       		.byte	-68
 1043 0001 90       		.byte	-112
 1044 0002 AC       		.byte	-84
 1045 0003 AF       		.byte	-81
 1046              		.section	.cycustnvl,"a",%progbits
 1047              		.align	2
 1048              		.type	cy_meta_custnvl, %object
 1049              		.size	cy_meta_custnvl, 4
 1050              	cy_meta_custnvl:
 1051 0000 00       		.byte	0
 1052 0001 00       		.byte	0
 1053 0002 40       		.byte	64
 1054 0003 05       		.byte	5
 1055              		.section	.cymeta,"a",%progbits
 1056              		.align	2
 1057              		.type	cy_metadata, %object
 1058              		.size	cy_metadata, 12
 1059              	cy_metadata:
 1060 0000 00       		.byte	0
 1061 0001 01       		.byte	1
 1062 0002 2E       		.byte	46
 1063 0003 16       		.byte	22
 1064 0004 10       		.byte	16
 1065 0005 69       		.byte	105
 1066 0006 00       		.byte	0
 1067 0007 01       		.byte	1
 1068 0008 00       		.byte	0
 1069 0009 00       		.byte	0
 1070 000a 00       		.byte	0
 1071 000b 00       		.byte	0
 1072              		.section	.cyflashprotect,"a",%progbits
 1073              		.align	2
 1074              		.type	cy_meta_flashprotect, %object
 1075              		.size	cy_meta_flashprotect, 256
 1076              	cy_meta_flashprotect:
 1077 0000 00000000 		.space	256
 1077      00000000 
 1077      00000000 
 1077      00000000 
 1077      00000000 
 1078              		.text
 1079              	.Letext0:
ARM GAS  C:\Users\sdysart\AppData\Local\Temp\cc31EDy6.s 			page 20


 1080              		.file 1 "c:\\program files (x86)\\cypress\\psoc creator\\4.1\\psoc creator\\import\\gnu\\arm\\5.4.
 1081              		.file 2 "c:\\program files (x86)\\cypress\\psoc creator\\4.1\\psoc creator\\import\\gnu\\arm\\5.4.
 1082              		.file 3 "Generated_Source\\PSoC5\\cymetadata.c"
 1083              		.section	.debug_info,"",%progbits
 1084              	.Ldebug_info0:
 1085 0000 31010000 		.4byte	0x131
 1086 0004 0400     		.2byte	0x4
 1087 0006 00000000 		.4byte	.Ldebug_abbrev0
 1088 000a 04       		.byte	0x4
 1089 000b 01       		.uleb128 0x1
 1090 000c 65000000 		.4byte	.LASF17
 1091 0010 0C       		.byte	0xc
 1092 0011 BF010000 		.4byte	.LASF18
 1093 0015 0A000000 		.4byte	.LASF19
 1094 0019 00000000 		.4byte	.Ldebug_line0
 1095 001d 02       		.uleb128 0x2
 1096 001e 01       		.byte	0x1
 1097 001f 06       		.byte	0x6
 1098 0020 B3010000 		.4byte	.LASF0
 1099 0024 03       		.uleb128 0x3
 1100 0025 00000000 		.4byte	.LASF9
 1101 0029 01       		.byte	0x1
 1102 002a 1D       		.byte	0x1d
 1103 002b 2F000000 		.4byte	0x2f
 1104 002f 02       		.uleb128 0x2
 1105 0030 01       		.byte	0x1
 1106 0031 08       		.byte	0x8
 1107 0032 57000000 		.4byte	.LASF1
 1108 0036 02       		.uleb128 0x2
 1109 0037 02       		.byte	0x2
 1110 0038 05       		.byte	0x5
 1111 0039 A0010000 		.4byte	.LASF2
 1112 003d 02       		.uleb128 0x2
 1113 003e 02       		.byte	0x2
 1114 003f 07       		.byte	0x7
 1115 0040 05010000 		.4byte	.LASF3
 1116 0044 02       		.uleb128 0x2
 1117 0045 04       		.byte	0x4
 1118 0046 05       		.byte	0x5
 1119 0047 AA010000 		.4byte	.LASF4
 1120 004b 02       		.uleb128 0x2
 1121 004c 04       		.byte	0x4
 1122 004d 07       		.byte	0x7
 1123 004e F3000000 		.4byte	.LASF5
 1124 0052 02       		.uleb128 0x2
 1125 0053 08       		.byte	0x8
 1126 0054 05       		.byte	0x5
 1127 0055 92010000 		.4byte	.LASF6
 1128 0059 02       		.uleb128 0x2
 1129 005a 08       		.byte	0x8
 1130 005b 07       		.byte	0x7
 1131 005c 47010000 		.4byte	.LASF7
 1132 0060 04       		.uleb128 0x4
 1133 0061 04       		.byte	0x4
 1134 0062 05       		.byte	0x5
 1135 0063 696E7400 		.ascii	"int\000"
 1136 0067 02       		.uleb128 0x2
ARM GAS  C:\Users\sdysart\AppData\Local\Temp\cc31EDy6.s 			page 21


 1137 0068 04       		.byte	0x4
 1138 0069 07       		.byte	0x7
 1139 006a 3A010000 		.4byte	.LASF8
 1140 006e 03       		.uleb128 0x3
 1141 006f 5E010000 		.4byte	.LASF10
 1142 0073 02       		.byte	0x2
 1143 0074 18       		.byte	0x18
 1144 0075 24000000 		.4byte	0x24
 1145 0079 05       		.uleb128 0x5
 1146 007a 91000000 		.4byte	0x91
 1147 007e 8A000000 		.4byte	0x8a
 1148 0082 06       		.uleb128 0x6
 1149 0083 8A000000 		.4byte	0x8a
 1150 0087 EF03     		.2byte	0x3ef
 1151 0089 00       		.byte	0
 1152 008a 02       		.uleb128 0x2
 1153 008b 04       		.byte	0x4
 1154 008c 07       		.byte	0x7
 1155 008d 89010000 		.4byte	.LASF11
 1156 0091 07       		.uleb128 0x7
 1157 0092 6E000000 		.4byte	0x6e
 1158 0096 08       		.uleb128 0x8
 1159 0097 28010000 		.4byte	.LASF12
 1160 009b 03       		.byte	0x3
 1161 009c 1F       		.byte	0x1f
 1162 009d A7000000 		.4byte	0xa7
 1163 00a1 05       		.uleb128 0x5
 1164 00a2 03       		.byte	0x3
 1165 00a3 00000000 		.4byte	cy_meta_configecc
 1166 00a7 07       		.uleb128 0x7
 1167 00a8 79000000 		.4byte	0x79
 1168 00ac 05       		.uleb128 0x5
 1169 00ad 91000000 		.4byte	0x91
 1170 00b1 BC000000 		.4byte	0xbc
 1171 00b5 09       		.uleb128 0x9
 1172 00b6 8A000000 		.4byte	0x8a
 1173 00ba 03       		.byte	0x3
 1174 00bb 00       		.byte	0
 1175 00bc 08       		.uleb128 0x8
 1176 00bd 18010000 		.4byte	.LASF13
 1177 00c1 03       		.byte	0x3
 1178 00c2 AA       		.byte	0xaa
 1179 00c3 CD000000 		.4byte	0xcd
 1180 00c7 05       		.uleb128 0x5
 1181 00c8 03       		.byte	0x3
 1182 00c9 00000000 		.4byte	cy_meta_custnvl
 1183 00cd 07       		.uleb128 0x7
 1184 00ce AC000000 		.4byte	0xac
 1185 00d2 08       		.uleb128 0x8
 1186 00d3 7B010000 		.4byte	.LASF14
 1187 00d7 03       		.byte	0x3
 1188 00d8 B8       		.byte	0xb8
 1189 00d9 E3000000 		.4byte	0xe3
 1190 00dd 05       		.uleb128 0x5
 1191 00de 03       		.byte	0x3
 1192 00df 00000000 		.4byte	cy_meta_wonvl
 1193 00e3 07       		.uleb128 0x7
ARM GAS  C:\Users\sdysart\AppData\Local\Temp\cc31EDy6.s 			page 22


 1194 00e4 AC000000 		.4byte	0xac
 1195 00e8 05       		.uleb128 0x5
 1196 00e9 91000000 		.4byte	0x91
 1197 00ed F8000000 		.4byte	0xf8
 1198 00f1 09       		.uleb128 0x9
 1199 00f2 8A000000 		.4byte	0x8a
 1200 00f6 FF       		.byte	0xff
 1201 00f7 00       		.byte	0
 1202 00f8 08       		.uleb128 0x8
 1203 00f9 66010000 		.4byte	.LASF15
 1204 00fd 03       		.byte	0x3
 1205 00fe C6       		.byte	0xc6
 1206 00ff 09010000 		.4byte	0x109
 1207 0103 05       		.uleb128 0x5
 1208 0104 03       		.byte	0x3
 1209 0105 00000000 		.4byte	cy_meta_flashprotect
 1210 0109 07       		.uleb128 0x7
 1211 010a E8000000 		.4byte	0xe8
 1212 010e 05       		.uleb128 0x5
 1213 010f 91000000 		.4byte	0x91
 1214 0113 1E010000 		.4byte	0x11e
 1215 0117 09       		.uleb128 0x9
 1216 0118 8A000000 		.4byte	0x8a
 1217 011c 0B       		.byte	0xb
 1218 011d 00       		.byte	0
 1219 011e 08       		.uleb128 0x8
 1220 011f 4B000000 		.4byte	.LASF16
 1221 0123 03       		.byte	0x3
 1222 0124 F3       		.byte	0xf3
 1223 0125 2F010000 		.4byte	0x12f
 1224 0129 05       		.uleb128 0x5
 1225 012a 03       		.byte	0x3
 1226 012b 00000000 		.4byte	cy_metadata
 1227 012f 07       		.uleb128 0x7
 1228 0130 0E010000 		.4byte	0x10e
 1229 0134 00       		.byte	0
 1230              		.section	.debug_abbrev,"",%progbits
 1231              	.Ldebug_abbrev0:
 1232 0000 01       		.uleb128 0x1
 1233 0001 11       		.uleb128 0x11
 1234 0002 01       		.byte	0x1
 1235 0003 25       		.uleb128 0x25
 1236 0004 0E       		.uleb128 0xe
 1237 0005 13       		.uleb128 0x13
 1238 0006 0B       		.uleb128 0xb
 1239 0007 03       		.uleb128 0x3
 1240 0008 0E       		.uleb128 0xe
 1241 0009 1B       		.uleb128 0x1b
 1242 000a 0E       		.uleb128 0xe
 1243 000b 10       		.uleb128 0x10
 1244 000c 17       		.uleb128 0x17
 1245 000d 00       		.byte	0
 1246 000e 00       		.byte	0
 1247 000f 02       		.uleb128 0x2
 1248 0010 24       		.uleb128 0x24
 1249 0011 00       		.byte	0
 1250 0012 0B       		.uleb128 0xb
ARM GAS  C:\Users\sdysart\AppData\Local\Temp\cc31EDy6.s 			page 23


 1251 0013 0B       		.uleb128 0xb
 1252 0014 3E       		.uleb128 0x3e
 1253 0015 0B       		.uleb128 0xb
 1254 0016 03       		.uleb128 0x3
 1255 0017 0E       		.uleb128 0xe
 1256 0018 00       		.byte	0
 1257 0019 00       		.byte	0
 1258 001a 03       		.uleb128 0x3
 1259 001b 16       		.uleb128 0x16
 1260 001c 00       		.byte	0
 1261 001d 03       		.uleb128 0x3
 1262 001e 0E       		.uleb128 0xe
 1263 001f 3A       		.uleb128 0x3a
 1264 0020 0B       		.uleb128 0xb
 1265 0021 3B       		.uleb128 0x3b
 1266 0022 0B       		.uleb128 0xb
 1267 0023 49       		.uleb128 0x49
 1268 0024 13       		.uleb128 0x13
 1269 0025 00       		.byte	0
 1270 0026 00       		.byte	0
 1271 0027 04       		.uleb128 0x4
 1272 0028 24       		.uleb128 0x24
 1273 0029 00       		.byte	0
 1274 002a 0B       		.uleb128 0xb
 1275 002b 0B       		.uleb128 0xb
 1276 002c 3E       		.uleb128 0x3e
 1277 002d 0B       		.uleb128 0xb
 1278 002e 03       		.uleb128 0x3
 1279 002f 08       		.uleb128 0x8
 1280 0030 00       		.byte	0
 1281 0031 00       		.byte	0
 1282 0032 05       		.uleb128 0x5
 1283 0033 01       		.uleb128 0x1
 1284 0034 01       		.byte	0x1
 1285 0035 49       		.uleb128 0x49
 1286 0036 13       		.uleb128 0x13
 1287 0037 01       		.uleb128 0x1
 1288 0038 13       		.uleb128 0x13
 1289 0039 00       		.byte	0
 1290 003a 00       		.byte	0
 1291 003b 06       		.uleb128 0x6
 1292 003c 21       		.uleb128 0x21
 1293 003d 00       		.byte	0
 1294 003e 49       		.uleb128 0x49
 1295 003f 13       		.uleb128 0x13
 1296 0040 2F       		.uleb128 0x2f
 1297 0041 05       		.uleb128 0x5
 1298 0042 00       		.byte	0
 1299 0043 00       		.byte	0
 1300 0044 07       		.uleb128 0x7
 1301 0045 26       		.uleb128 0x26
 1302 0046 00       		.byte	0
 1303 0047 49       		.uleb128 0x49
 1304 0048 13       		.uleb128 0x13
 1305 0049 00       		.byte	0
 1306 004a 00       		.byte	0
 1307 004b 08       		.uleb128 0x8
ARM GAS  C:\Users\sdysart\AppData\Local\Temp\cc31EDy6.s 			page 24


 1308 004c 34       		.uleb128 0x34
 1309 004d 00       		.byte	0
 1310 004e 03       		.uleb128 0x3
 1311 004f 0E       		.uleb128 0xe
 1312 0050 3A       		.uleb128 0x3a
 1313 0051 0B       		.uleb128 0xb
 1314 0052 3B       		.uleb128 0x3b
 1315 0053 0B       		.uleb128 0xb
 1316 0054 49       		.uleb128 0x49
 1317 0055 13       		.uleb128 0x13
 1318 0056 3F       		.uleb128 0x3f
 1319 0057 19       		.uleb128 0x19
 1320 0058 02       		.uleb128 0x2
 1321 0059 18       		.uleb128 0x18
 1322 005a 00       		.byte	0
 1323 005b 00       		.byte	0
 1324 005c 09       		.uleb128 0x9
 1325 005d 21       		.uleb128 0x21
 1326 005e 00       		.byte	0
 1327 005f 49       		.uleb128 0x49
 1328 0060 13       		.uleb128 0x13
 1329 0061 2F       		.uleb128 0x2f
 1330 0062 0B       		.uleb128 0xb
 1331 0063 00       		.byte	0
 1332 0064 00       		.byte	0
 1333 0065 00       		.byte	0
 1334              		.section	.debug_aranges,"",%progbits
 1335 0000 14000000 		.4byte	0x14
 1336 0004 0200     		.2byte	0x2
 1337 0006 00000000 		.4byte	.Ldebug_info0
 1338 000a 04       		.byte	0x4
 1339 000b 00       		.byte	0
 1340 000c 0000     		.2byte	0
 1341 000e 0000     		.2byte	0
 1342 0010 00000000 		.4byte	0
 1343 0014 00000000 		.4byte	0
 1344              		.section	.debug_line,"",%progbits
 1345              	.Ldebug_line0:
 1346 0000 3D010000 		.section	.debug_str,"MS",%progbits,1
 1346      02003701 
 1346      00000201 
 1346      FB0E0D00 
 1346      01010101 
 1347              	.LASF9:
 1348 0000 5F5F7569 		.ascii	"__uint8_t\000"
 1348      6E74385F 
 1348      7400
 1349              	.LASF19:
 1350 000a 433A5C55 		.ascii	"C:\\Users\\sdysart\\Documents\\UACS\\UACS\\HighFreq"
 1350      73657273 
 1350      5C736479 
 1350      73617274 
 1350      5C446F63 
 1351 0037 46534B5C 		.ascii	"FSK\\HighFSKTx.cydsn\000"
 1351      48696768 
 1351      46534B54 
 1351      782E6379 
ARM GAS  C:\Users\sdysart\AppData\Local\Temp\cc31EDy6.s 			page 25


 1351      64736E00 
 1352              	.LASF16:
 1353 004b 63795F6D 		.ascii	"cy_metadata\000"
 1353      65746164 
 1353      61746100 
 1354              	.LASF1:
 1355 0057 756E7369 		.ascii	"unsigned char\000"
 1355      676E6564 
 1355      20636861 
 1355      7200
 1356              	.LASF17:
 1357 0065 474E5520 		.ascii	"GNU C11 5.4.1 20160609 (release) [ARM/embedded-5-br"
 1357      43313120 
 1357      352E342E 
 1357      31203230 
 1357      31363036 
 1358 0098 616E6368 		.ascii	"anch revision 237715] -mcpu=cortex-m3 -mthumb -g -O"
 1358      20726576 
 1358      6973696F 
 1358      6E203233 
 1358      37373135 
 1359 00cb 67202D66 		.ascii	"g -ffunction-sections -ffat-lto-objects\000"
 1359      66756E63 
 1359      74696F6E 
 1359      2D736563 
 1359      74696F6E 
 1360              	.LASF5:
 1361 00f3 6C6F6E67 		.ascii	"long unsigned int\000"
 1361      20756E73 
 1361      69676E65 
 1361      6420696E 
 1361      7400
 1362              	.LASF3:
 1363 0105 73686F72 		.ascii	"short unsigned int\000"
 1363      7420756E 
 1363      7369676E 
 1363      65642069 
 1363      6E7400
 1364              	.LASF13:
 1365 0118 63795F6D 		.ascii	"cy_meta_custnvl\000"
 1365      6574615F 
 1365      63757374 
 1365      6E766C00 
 1366              	.LASF12:
 1367 0128 63795F6D 		.ascii	"cy_meta_configecc\000"
 1367      6574615F 
 1367      636F6E66 
 1367      69676563 
 1367      6300
 1368              	.LASF8:
 1369 013a 756E7369 		.ascii	"unsigned int\000"
 1369      676E6564 
 1369      20696E74 
 1369      00
 1370              	.LASF7:
 1371 0147 6C6F6E67 		.ascii	"long long unsigned int\000"
 1371      206C6F6E 
ARM GAS  C:\Users\sdysart\AppData\Local\Temp\cc31EDy6.s 			page 26


 1371      6720756E 
 1371      7369676E 
 1371      65642069 
 1372              	.LASF10:
 1373 015e 75696E74 		.ascii	"uint8_t\000"
 1373      385F7400 
 1374              	.LASF15:
 1375 0166 63795F6D 		.ascii	"cy_meta_flashprotect\000"
 1375      6574615F 
 1375      666C6173 
 1375      6870726F 
 1375      74656374 
 1376              	.LASF14:
 1377 017b 63795F6D 		.ascii	"cy_meta_wonvl\000"
 1377      6574615F 
 1377      776F6E76 
 1377      6C00
 1378              	.LASF11:
 1379 0189 73697A65 		.ascii	"sizetype\000"
 1379      74797065 
 1379      00
 1380              	.LASF6:
 1381 0192 6C6F6E67 		.ascii	"long long int\000"
 1381      206C6F6E 
 1381      6720696E 
 1381      7400
 1382              	.LASF2:
 1383 01a0 73686F72 		.ascii	"short int\000"
 1383      7420696E 
 1383      7400
 1384              	.LASF4:
 1385 01aa 6C6F6E67 		.ascii	"long int\000"
 1385      20696E74 
 1385      00
 1386              	.LASF0:
 1387 01b3 7369676E 		.ascii	"signed char\000"
 1387      65642063 
 1387      68617200 
 1388              	.LASF18:
 1389 01bf 47656E65 		.ascii	"Generated_Source\\PSoC5\\cymetadata.c\000"
 1389      72617465 
 1389      645F536F 
 1389      75726365 
 1389      5C50536F 
 1390              		.ident	"GCC: (GNU Tools for ARM Embedded Processors) 5.4.1 20160609 (release) [ARM/embedded-5-bran
