ARM GAS  C:\Users\sdysart\AppData\Local\Temp\cc55wdyV.s 			page 1


   1              		.syntax unified
   2              		.cpu cortex-m3
   3              		.fpu softvfp
   4              		.eabi_attribute 20, 1
   5              		.eabi_attribute 21, 1
   6              		.eabi_attribute 23, 3
   7              		.eabi_attribute 24, 1
   8              		.eabi_attribute 25, 1
   9              		.eabi_attribute 26, 1
  10              		.eabi_attribute 30, 1
  11              		.eabi_attribute 34, 1
  12              		.eabi_attribute 18, 4
  13              		.thumb
  14              		.syntax unified
  15              		.file	"main.c"
  16              		.text
  17              	.Ltext0:
  18              		.cfi_sections	.debug_frame
  19              		.section	.text.isr_halfsec,"ax",%progbits
  20              		.align	2
  21              		.global	isr_halfsec
  22              		.thumb
  23              		.thumb_func
  24              		.type	isr_halfsec, %function
  25              	isr_halfsec:
  26              	.LFB64:
  27              		.file 1 "main.c"
   1:main.c        **** /*Included header files*/
   2:main.c        **** #include "project.h"
   3:main.c        **** 
   4:main.c        **** /*Definitions*/
   5:main.c        **** #define CLOCK_FREQ 1000000
   6:main.c        **** #define FREQ(x) (CLOCK_FREQ/x)-1
   7:main.c        **** #define ONE_FREQ 41000
   8:main.c        **** #define ZERO_FREQ 37000
   9:main.c        **** #define AUDIBLE_FREQ 12000
  10:main.c        **** #define DEFAULT_FREQ MIN_FREQ
  11:main.c        **** 
  12:main.c        **** #define BIT_0_MASK 0x01
  13:main.c        **** #define BIT_1_MASK 0x02
  14:main.c        **** #define BIT_2_MASK 0x04
  15:main.c        **** #define BIT_3_MASK 0x08
  16:main.c        **** #define BIT_4_MASK 0x10
  17:main.c        **** #define BIT_5_MASK 0x20
  18:main.c        **** #define BIT_6_MASK 0x40
  19:main.c        **** #define BIT_7_MASK 0x80
  20:main.c        **** 
  21:main.c        **** #define ZERO 0x0
  22:main.c        **** #define ONE 0x1
  23:main.c        **** #define DATA_LENGTH 4
  24:main.c        **** #define DECODE_VALUE 0x01
  25:main.c        **** //
  26:main.c        **** #define PREFIX_BIT_LENGTH 6
  27:main.c        **** #define PREFIX_MESSAGE 0xFF
  28:main.c        **** 
  29:main.c        **** /*Function Prototypes*/
  30:main.c        **** int Data(unsigned int hex_value, int bT);
ARM GAS  C:\Users\sdysart\AppData\Local\Temp\cc55wdyV.s 			page 2


  31:main.c        **** int Decode(unsigned int hex_value, int bT);
  32:main.c        **** int PreFix(unsigned int hex_value, int prefixCount);
  33:main.c        **** CY_ISR_PROTO(isr_halfsec); // High F Interrupts
  34:main.c        **** //CY_ISR_PROTO(isr_msec); // High F  Alternating Interrupts
  35:main.c        **** 
  36:main.c        **** /*Global Variables*/
  37:main.c        **** static int bitTime = 0;
  38:main.c        **** static int prefixTime = 0;
  39:main.c        **** static int alternating = 0;
  40:main.c        **** 
  41:main.c        **** int main(void)
  42:main.c        **** {
  43:main.c        ****     CyGlobalIntEnable; /* Enable global interrupts. */
  44:main.c        ****     
  45:main.c        ****     /*Block initializations*/
  46:main.c        ****     PWM_Modulator_Start();
  47:main.c        **** //    PWM_Alternating_Start();
  48:main.c        **** //    PWM_Alternating_Timer_Start();
  49:main.c        ****     PWM_1_Start();
  50:main.c        ****     PWM_2_Start();
  51:main.c        ****     PWM_3_Start();
  52:main.c        ****     PWM_Switch_Timer_Start();
  53:main.c        ****     isr_halfsec_StartEx(isr_halfsec);
  54:main.c        **** //    isr_msec_StartEx(isr_msec);
  55:main.c        ****     
  56:main.c        ****     /*Variable initializations*/
  57:main.c        ****     int bitCase = 0;
  58:main.c        ****     int data_turn = 0;
  59:main.c        ****     unsigned int data_to_be_sent = ONE;
  60:main.c        ****     
  61:main.c        ****     // Set PWM to ONE_FREQ
  62:main.c        ****     PWM_1_WritePeriod(FREQ(AUDIBLE_FREQ));
  63:main.c        ****     PWM_1_WriteCompare((FREQ(AUDIBLE_FREQ))/2); // Sets pulse width to half
  64:main.c        ****     
  65:main.c        ****     // Set PWM to ONE_FREQ
  66:main.c        ****     PWM_2_WritePeriod(FREQ(ONE_FREQ));
  67:main.c        ****     PWM_2_WriteCompare((FREQ(ONE_FREQ))/2); // Sets pulse width to half
  68:main.c        ****     
  69:main.c        ****         // Set PWM to ONE_FREQ
  70:main.c        ****     PWM_3_WritePeriod(FREQ(ZERO_FREQ));
  71:main.c        ****     PWM_3_WriteCompare((FREQ(ZERO_FREQ))/2); // Sets pulse width to half
  72:main.c        **** 
  73:main.c        **** 
  74:main.c        ****     
  75:main.c        ****     for(;;)
  76:main.c        ****     {
  77:main.c        ****         switch(bitTime){
  78:main.c        ****             // ENCODE
  79:main.c        ****             case 0:
  80:main.c        ****                 bitCase = PreFix(PREFIX_MESSAGE , prefixTime);
  81:main.c        ****                 break; 
  82:main.c        ****             // DATA
  83:main.c        ****             case 1:
  84:main.c        ****             case 2:
  85:main.c        ****             case 3:
  86:main.c        ****             case 4:
  87:main.c        ****                 bitCase = Data(data_to_be_sent, bitTime); 
ARM GAS  C:\Users\sdysart\AppData\Local\Temp\cc55wdyV.s 			page 3


  88:main.c        ****                 break; 
  89:main.c        ****             // DECODE
  90:main.c        ****             case 5:    
  91:main.c        ****             case 6:
  92:main.c        ****             case 7:    
  93:main.c        ****             case 8:
  94:main.c        ****             case 9:
  95:main.c        ****             case 10:
  96:main.c        ****             case 11:
  97:main.c        ****             case 12:
  98:main.c        ****                 bitCase = Decode(DECODE_VALUE, bitTime);
  99:main.c        ****                 break;
 100:main.c        ****             case 13:
 101:main.c        ****                 bitTime = 0;
 102:main.c        ****                 //encode used to transmit 7 1's for the prefix 
 103:main.c        ****                 //reset here to be ready for case 0 
 104:main.c        ****                 prefixTime = 0;
 105:main.c        ****                 data_turn++;
 106:main.c        ****                 data_to_be_sent <<= 1;
 107:main.c        ****                 //Once data to be sent can't be contained in a nibble, reset to 0x1
 108:main.c        ****                 if (data_turn == DATA_LENGTH) {
 109:main.c        ****                     data_turn = 0;
 110:main.c        ****                     data_to_be_sent = ONE;
 111:main.c        ****                 }
 112:main.c        ****                 PWM_Modulator_Stop();
 113:main.c        ****                 // Turn High Voltage off while delaying
 114:main.c        ****                 PWM_Switch_Timer_Stop();
 115:main.c        ****                 // Turn High Voltage Back On
 116:main.c        ****                 HighVoltage_Write(0);
 117:main.c        ****                 CyDelay(3000);
 118:main.c        ****                 HighVoltage_Write(1);
 119:main.c        ****                 PWM_Modulator_Start();
 120:main.c        ****                 PWM_Switch_Timer_Start();
 121:main.c        ****                 break;
 122:main.c        ****             default:
 123:main.c        ****                 break; 
 124:main.c        ****          } //end switch(bitTime) 
 125:main.c        ****         
 126:main.c        ****         if(bitCase == ONE){
 127:main.c        ****             PWM_Modulator_WritePeriod(FREQ(ONE_FREQ));
 128:main.c        ****             PWM_Modulator_WriteCompare((FREQ(ONE_FREQ))/2); // Sets pulse width
 129:main.c        ****         }else if(bitCase == ZERO){
 130:main.c        ****             PWM_Modulator_WritePeriod(FREQ(ZERO_FREQ));
 131:main.c        ****             PWM_Modulator_WriteCompare((FREQ(ZERO_FREQ))/2); // Sets pulse width
 132:main.c        ****         }
 133:main.c        ****         
 134:main.c        ****     }//end for(;;)
 135:main.c        ****     
 136:main.c        **** }//end main()
 137:main.c        **** 
 138:main.c        **** 
 139:main.c        **** // Interrupt triggered on a 0.5s timer timeout
 140:main.c        **** // Will increment prefixTime counter for the 1st 8 bits
 141:main.c        **** // Then move on to incrementing the message bit counter
 142:main.c        **** CY_ISR(isr_halfsec)
 143:main.c        **** {
  28              		.loc 1 143 0
ARM GAS  C:\Users\sdysart\AppData\Local\Temp\cc55wdyV.s 			page 4


  29              		.cfi_startproc
  30              		@ args = 0, pretend = 0, frame = 0
  31              		@ frame_needed = 0, uses_anonymous_args = 0
  32              		@ link register save eliminated.
 144:main.c        ****     if((bitTime == 0) && (prefixTime <= PREFIX_BIT_LENGTH)){
  33              		.loc 1 144 0
  34 0000 094B     		ldr	r3, .L4
  35 0002 1B68     		ldr	r3, [r3]
  36 0004 3BB9     		cbnz	r3, .L2
  37              		.loc 1 144 0 is_stmt 0 discriminator 1
  38 0006 084A     		ldr	r2, .L4
  39 0008 5268     		ldr	r2, [r2, #4]
  40 000a 062A     		cmp	r2, #6
  41 000c 03DC     		bgt	.L2
 145:main.c        ****         prefixTime++;
  42              		.loc 1 145 0 is_stmt 1
  43 000e 0132     		adds	r2, r2, #1
  44 0010 054B     		ldr	r3, .L4
  45 0012 5A60     		str	r2, [r3, #4]
  46 0014 7047     		bx	lr
  47              	.L2:
 146:main.c        ****     }
 147:main.c        ****     else if(prefixTime > PREFIX_BIT_LENGTH){
  48              		.loc 1 147 0
  49 0016 044A     		ldr	r2, .L4
  50 0018 5268     		ldr	r2, [r2, #4]
  51 001a 062A     		cmp	r2, #6
  52 001c 02DD     		ble	.L1
 148:main.c        ****         bitTime++;
  53              		.loc 1 148 0
  54 001e 0133     		adds	r3, r3, #1
  55 0020 014A     		ldr	r2, .L4
  56 0022 1360     		str	r3, [r2]
  57              	.L1:
  58 0024 7047     		bx	lr
  59              	.L5:
  60 0026 00BF     		.align	2
  61              	.L4:
  62 0028 00000000 		.word	.LANCHOR0
  63              		.cfi_endproc
  64              	.LFE64:
  65              		.size	isr_halfsec, .-isr_halfsec
  66              		.section	.text.Data,"ax",%progbits
  67              		.align	2
  68              		.global	Data
  69              		.thumb
  70              		.thumb_func
  71              		.type	Data, %function
  72              	Data:
  73              	.LFB65:
 149:main.c        ****     }
 150:main.c        **** }//end CY_ISR(isr_halfsec)
 151:main.c        **** 
 152:main.c        **** 
 153:main.c        **** // Interrupt triggered on a 1 ms timer timeout
 154:main.c        **** // Will change between 30k and 45k every 1 ms
 155:main.c        **** //CY_ISR(isr_msec)
ARM GAS  C:\Users\sdysart\AppData\Local\Temp\cc55wdyV.s 			page 5


 156:main.c        **** //{
 157:main.c        **** //    if(alternating == 1){
 158:main.c        **** //        alternating = 0;
 159:main.c        **** //    }else{
 160:main.c        **** //        alternating = 1;
 161:main.c        **** //    }
 162:main.c        **** //    if(alternating == 1){
 163:main.c        **** //        PWM_Alternating_WritePeriod(FREQ(ONE_FREQ));
 164:main.c        **** //        PWM_Alternating_WriteCompare((FREQ(ONE_FREQ))/2); // Sets pulse width
 165:main.c        **** //    }else if(alternating == 0){
 166:main.c        **** //        PWM_Alternating_WritePeriod(FREQ(ZERO_FREQ));
 167:main.c        **** //        PWM_Alternating_WriteCompare((FREQ(ZERO_FREQ))/2); // Sets pulse width
 168:main.c        **** //    }
 169:main.c        **** //}//end CY_ISR(isr_msec)
 170:main.c        **** 
 171:main.c        **** /*
 172:main.c        ****  * function: int Data(unsigned int hex_value, int bT)
 173:main.c        ****  * parameters: hex_value - a four bit value specifying what data you want to send
 174:main.c        ****  *             bT - the current bit time
 175:main.c        ****  * returns: bitCase - a high or low signal to be sent to an output pin
 176:main.c        ****  * description: This function takes in a hex value and sends it out a bit at a time as a high or
 177:main.c        ****  *  low signal depending on the bit time. Used only to set desired data nibble.
 178:main.c        ****  */
 179:main.c        **** int Data(unsigned int hex_value, int bT)
 180:main.c        **** {
  74              		.loc 1 180 0
  75              		.cfi_startproc
  76              		@ args = 0, pretend = 0, frame = 0
  77              		@ frame_needed = 0, uses_anonymous_args = 0
  78              		@ link register save eliminated.
  79              	.LVL0:
 181:main.c        ****     int bitCase;
 182:main.c        ****     switch(bT){
  80              		.loc 1 182 0
  81 0000 0139     		subs	r1, r1, #1
  82              	.LVL1:
  83 0002 0329     		cmp	r1, #3
  84 0004 0ED8     		bhi	.L7
  85 0006 DFE801F0 		tbb	[pc, r1]
  86              	.L9:
  87 000a 02       		.byte	(.L8-.L9)/2
  88 000b 05       		.byte	(.L10-.L9)/2
  89 000c 08       		.byte	(.L11-.L9)/2
  90 000d 0B       		.byte	(.L12-.L9)/2
  91              		.p2align 1
  92              	.L8:
 183:main.c        ****         case 1:
 184:main.c        ****             bitCase = (hex_value & BIT_3_MASK) >> 3;
  93              		.loc 1 184 0
  94 000e C0F3C003 		ubfx	r3, r0, #3, #1
  95              	.LVL2:
 185:main.c        ****             break; 
  96              		.loc 1 185 0
  97 0012 07E0     		b	.L7
  98              	.LVL3:
  99              	.L10:
 186:main.c        ****         case 2:
ARM GAS  C:\Users\sdysart\AppData\Local\Temp\cc55wdyV.s 			page 6


 187:main.c        ****             bitCase = (hex_value & BIT_2_MASK) >> 2;
 100              		.loc 1 187 0
 101 0014 C0F38003 		ubfx	r3, r0, #2, #1
 102              	.LVL4:
 188:main.c        ****             break; 
 103              		.loc 1 188 0
 104 0018 04E0     		b	.L7
 105              	.LVL5:
 106              	.L11:
 189:main.c        ****         case 3:
 190:main.c        ****             bitCase = (hex_value & BIT_1_MASK) >> 1;
 107              		.loc 1 190 0
 108 001a C0F34003 		ubfx	r3, r0, #1, #1
 109              	.LVL6:
 191:main.c        ****             break; 
 110              		.loc 1 191 0
 111 001e 01E0     		b	.L7
 112              	.LVL7:
 113              	.L12:
 192:main.c        ****         case 4:
 193:main.c        ****             bitCase = (hex_value & BIT_0_MASK);
 114              		.loc 1 193 0
 115 0020 00F00103 		and	r3, r0, #1
 116              	.LVL8:
 117              	.L7:
 194:main.c        ****             break;
 195:main.c        ****         default:
 196:main.c        ****             break;
 197:main.c        ****     } //end switch(bT)
 198:main.c        ****     return bitCase;
 199:main.c        **** }//end Data()
 118              		.loc 1 199 0
 119 0024 1846     		mov	r0, r3
 120              	.LVL9:
 121 0026 7047     		bx	lr
 122              		.cfi_endproc
 123              	.LFE65:
 124              		.size	Data, .-Data
 125              		.section	.text.Decode,"ax",%progbits
 126              		.align	2
 127              		.global	Decode
 128              		.thumb
 129              		.thumb_func
 130              		.type	Decode, %function
 131              	Decode:
 132              	.LFB66:
 200:main.c        **** 
 201:main.c        **** 
 202:main.c        **** /*
 203:main.c        ****  * function: int Decode(unsigned int hex_value, int bT)
 204:main.c        ****  * parameters: hex_value - an 8 bit (1 byte) value specifying what data you want to send
 205:main.c        ****  *             bT - the current bit time
 206:main.c        ****  * returns: bitCase - a high or low signal to be sent to an output pin
 207:main.c        ****  * description: This function takes in a hex value and sends it out a bit at a time as a high or
 208:main.c        ****  *  low signal depending on the bit time. Used only to set desired decode encryption.
 209:main.c        ****  */
 210:main.c        **** int Decode(unsigned int hex_value, int bT)
ARM GAS  C:\Users\sdysart\AppData\Local\Temp\cc55wdyV.s 			page 7


 211:main.c        **** {
 133              		.loc 1 211 0
 134              		.cfi_startproc
 135              		@ args = 0, pretend = 0, frame = 0
 136              		@ frame_needed = 0, uses_anonymous_args = 0
 137              		@ link register save eliminated.
 138              	.LVL10:
 212:main.c        ****     int bitCase;
 213:main.c        ****     switch(bT){
 139              		.loc 1 213 0
 140 0000 0539     		subs	r1, r1, #5
 141              	.LVL11:
 142 0002 0729     		cmp	r1, #7
 143 0004 1CD8     		bhi	.L14
 144 0006 DFE801F0 		tbb	[pc, r1]
 145              	.L16:
 146 000a 04       		.byte	(.L15-.L16)/2
 147 000b 07       		.byte	(.L17-.L16)/2
 148 000c 0A       		.byte	(.L18-.L16)/2
 149 000d 0D       		.byte	(.L19-.L16)/2
 150 000e 10       		.byte	(.L20-.L16)/2
 151 000f 13       		.byte	(.L21-.L16)/2
 152 0010 16       		.byte	(.L22-.L16)/2
 153 0011 19       		.byte	(.L23-.L16)/2
 154              		.p2align 1
 155              	.L15:
 214:main.c        ****         case 5:
 215:main.c        ****             bitCase = (hex_value & BIT_7_MASK) >> 7;
 156              		.loc 1 215 0
 157 0012 C0F3C013 		ubfx	r3, r0, #7, #1
 158              	.LVL12:
 216:main.c        ****             break;
 159              		.loc 1 216 0
 160 0016 13E0     		b	.L14
 161              	.LVL13:
 162              	.L17:
 217:main.c        ****         case 6:
 218:main.c        ****             bitCase = (hex_value & BIT_6_MASK) >> 6;
 163              		.loc 1 218 0
 164 0018 C0F38013 		ubfx	r3, r0, #6, #1
 165              	.LVL14:
 219:main.c        ****             break; 
 166              		.loc 1 219 0
 167 001c 10E0     		b	.L14
 168              	.LVL15:
 169              	.L18:
 220:main.c        ****         case 7:
 221:main.c        ****             bitCase = (hex_value & BIT_5_MASK) >> 5;
 170              		.loc 1 221 0
 171 001e C0F34013 		ubfx	r3, r0, #5, #1
 172              	.LVL16:
 222:main.c        ****             break; 
 173              		.loc 1 222 0
 174 0022 0DE0     		b	.L14
 175              	.LVL17:
 176              	.L19:
 223:main.c        ****         case 8:
ARM GAS  C:\Users\sdysart\AppData\Local\Temp\cc55wdyV.s 			page 8


 224:main.c        ****             bitCase = (hex_value & BIT_4_MASK) >> 4;
 177              		.loc 1 224 0
 178 0024 C0F30013 		ubfx	r3, r0, #4, #1
 179              	.LVL18:
 225:main.c        ****             break;
 180              		.loc 1 225 0
 181 0028 0AE0     		b	.L14
 182              	.LVL19:
 183              	.L20:
 226:main.c        ****         case 9:
 227:main.c        ****             bitCase = (hex_value & BIT_3_MASK) >> 3;
 184              		.loc 1 227 0
 185 002a C0F3C003 		ubfx	r3, r0, #3, #1
 186              	.LVL20:
 228:main.c        ****             break; 
 187              		.loc 1 228 0
 188 002e 07E0     		b	.L14
 189              	.LVL21:
 190              	.L21:
 229:main.c        ****         case 10:
 230:main.c        ****             bitCase = (hex_value & BIT_2_MASK) >> 2;
 191              		.loc 1 230 0
 192 0030 C0F38003 		ubfx	r3, r0, #2, #1
 193              	.LVL22:
 231:main.c        ****             break; 
 194              		.loc 1 231 0
 195 0034 04E0     		b	.L14
 196              	.LVL23:
 197              	.L22:
 232:main.c        ****         case 11:
 233:main.c        ****             bitCase = (hex_value & BIT_1_MASK) >> 1;
 198              		.loc 1 233 0
 199 0036 C0F34003 		ubfx	r3, r0, #1, #1
 200              	.LVL24:
 234:main.c        ****             break; 
 201              		.loc 1 234 0
 202 003a 01E0     		b	.L14
 203              	.LVL25:
 204              	.L23:
 235:main.c        ****         case 12:
 236:main.c        ****             bitCase = (hex_value & BIT_0_MASK);
 205              		.loc 1 236 0
 206 003c 00F00103 		and	r3, r0, #1
 207              	.LVL26:
 208              	.L14:
 237:main.c        ****             break;
 238:main.c        ****         default:
 239:main.c        ****             break;
 240:main.c        ****     } //end switch(bT)
 241:main.c        ****     return bitCase;
 242:main.c        **** }//end Decode()
 209              		.loc 1 242 0
 210 0040 1846     		mov	r0, r3
 211              	.LVL27:
 212 0042 7047     		bx	lr
 213              		.cfi_endproc
 214              	.LFE66:
ARM GAS  C:\Users\sdysart\AppData\Local\Temp\cc55wdyV.s 			page 9


 215              		.size	Decode, .-Decode
 216              		.section	.text.PreFix,"ax",%progbits
 217              		.align	2
 218              		.global	PreFix
 219              		.thumb
 220              		.thumb_func
 221              		.type	PreFix, %function
 222              	PreFix:
 223              	.LFB67:
 243:main.c        **** 
 244:main.c        **** 
 245:main.c        **** /*
 246:main.c        ****  * function: int PreFix(unsigned int hex_value, int bT)
 247:main.c        ****  * parameters: hex_value - an 8 bit (1 byte) value specifying what data you want to send
 248:main.c        ****  *             bT - the current bit time
 249:main.c        ****  * returns: bitCase - a high or low signal to be sent to an output pin
 250:main.c        ****  * description: This function takes in a hex value and sends it out a bit at a time as a high or
 251:main.c        ****  *  low signal depending on the bit time. Used only to set desired decode encryption.
 252:main.c        ****  */
 253:main.c        **** int PreFix(unsigned int hex_value, int prefixCount)
 254:main.c        **** {   
 224              		.loc 1 254 0
 225              		.cfi_startproc
 226              		@ args = 0, pretend = 0, frame = 0
 227              		@ frame_needed = 0, uses_anonymous_args = 0
 228              		@ link register save eliminated.
 229              	.LVL28:
 255:main.c        ****     int prefixBit;
 256:main.c        ****     
 257:main.c        ****     switch(prefixCount){
 230              		.loc 1 257 0
 231 0000 0729     		cmp	r1, #7
 232 0002 1CD8     		bhi	.L25
 233 0004 DFE801F0 		tbb	[pc, r1]
 234              	.L27:
 235 0008 04       		.byte	(.L26-.L27)/2
 236 0009 07       		.byte	(.L28-.L27)/2
 237 000a 0A       		.byte	(.L29-.L27)/2
 238 000b 0D       		.byte	(.L30-.L27)/2
 239 000c 10       		.byte	(.L31-.L27)/2
 240 000d 13       		.byte	(.L32-.L27)/2
 241 000e 16       		.byte	(.L33-.L27)/2
 242 000f 19       		.byte	(.L34-.L27)/2
 243              		.p2align 1
 244              	.L26:
 258:main.c        ****         case 0:
 259:main.c        ****            prefixBit = (hex_value & BIT_7_MASK) >> 7;
 245              		.loc 1 259 0
 246 0010 C0F3C013 		ubfx	r3, r0, #7, #1
 247              	.LVL29:
 260:main.c        ****             break;
 248              		.loc 1 260 0
 249 0014 13E0     		b	.L25
 250              	.LVL30:
 251              	.L28:
 261:main.c        ****         case 1:
 262:main.c        ****             prefixBit = (hex_value & BIT_6_MASK) >> 6;
ARM GAS  C:\Users\sdysart\AppData\Local\Temp\cc55wdyV.s 			page 10


 252              		.loc 1 262 0
 253 0016 C0F38013 		ubfx	r3, r0, #6, #1
 254              	.LVL31:
 263:main.c        ****             break; 
 255              		.loc 1 263 0
 256 001a 10E0     		b	.L25
 257              	.LVL32:
 258              	.L29:
 264:main.c        ****         case 2:
 265:main.c        ****             prefixBit = (hex_value & BIT_5_MASK) >> 5;
 259              		.loc 1 265 0
 260 001c C0F34013 		ubfx	r3, r0, #5, #1
 261              	.LVL33:
 266:main.c        ****             break; 
 262              		.loc 1 266 0
 263 0020 0DE0     		b	.L25
 264              	.LVL34:
 265              	.L30:
 267:main.c        ****         case 3:
 268:main.c        ****             prefixBit = (hex_value & BIT_4_MASK) >> 4;
 266              		.loc 1 268 0
 267 0022 C0F30013 		ubfx	r3, r0, #4, #1
 268              	.LVL35:
 269:main.c        ****             break;
 269              		.loc 1 269 0
 270 0026 0AE0     		b	.L25
 271              	.LVL36:
 272              	.L31:
 270:main.c        ****         case 4:
 271:main.c        ****             prefixBit = (hex_value & BIT_3_MASK) >> 3;
 273              		.loc 1 271 0
 274 0028 C0F3C003 		ubfx	r3, r0, #3, #1
 275              	.LVL37:
 272:main.c        ****             break; 
 276              		.loc 1 272 0
 277 002c 07E0     		b	.L25
 278              	.LVL38:
 279              	.L32:
 273:main.c        ****         case 5:
 274:main.c        ****             prefixBit = (hex_value & BIT_2_MASK) >> 2;
 280              		.loc 1 274 0
 281 002e C0F38003 		ubfx	r3, r0, #2, #1
 282              	.LVL39:
 275:main.c        ****             break; 
 283              		.loc 1 275 0
 284 0032 04E0     		b	.L25
 285              	.LVL40:
 286              	.L33:
 276:main.c        ****         case 6:
 277:main.c        ****             prefixBit = (hex_value & BIT_1_MASK) >> 1;
 287              		.loc 1 277 0
 288 0034 C0F34003 		ubfx	r3, r0, #1, #1
 289              	.LVL41:
 278:main.c        ****             break; 
 290              		.loc 1 278 0
 291 0038 01E0     		b	.L25
 292              	.LVL42:
ARM GAS  C:\Users\sdysart\AppData\Local\Temp\cc55wdyV.s 			page 11


 293              	.L34:
 279:main.c        ****         case 7:
 280:main.c        ****             prefixBit = (hex_value & BIT_0_MASK);
 294              		.loc 1 280 0
 295 003a 00F00103 		and	r3, r0, #1
 296              	.LVL43:
 297              	.L25:
 281:main.c        ****             break;
 282:main.c        ****         default:
 283:main.c        ****             break;
 284:main.c        ****  
 285:main.c        ****     }
 286:main.c        ****     
 287:main.c        ****     return prefixBit; 
 288:main.c        **** 
 289:main.c        **** }
 298              		.loc 1 289 0
 299 003e 1846     		mov	r0, r3
 300              	.LVL44:
 301 0040 7047     		bx	lr
 302              		.cfi_endproc
 303              	.LFE67:
 304              		.size	PreFix, .-PreFix
 305 0042 00BF     		.section	.text.main,"ax",%progbits
 306              		.align	2
 307              		.global	main
 308              		.thumb
 309              		.thumb_func
 310              		.type	main, %function
 311              	main:
 312              	.LFB63:
  42:main.c        ****     CyGlobalIntEnable; /* Enable global interrupts. */
 313              		.loc 1 42 0
 314              		.cfi_startproc
 315              		@ args = 0, pretend = 0, frame = 0
 316              		@ frame_needed = 0, uses_anonymous_args = 0
 317 0000 70B5     		push	{r4, r5, r6, lr}
 318              		.cfi_def_cfa_offset 16
 319              		.cfi_offset 4, -16
 320              		.cfi_offset 5, -12
 321              		.cfi_offset 6, -8
 322              		.cfi_offset 14, -4
  43:main.c        ****     
 323              		.loc 1 43 0
 324              		.syntax unified
 325              	@ 43 "main.c" 1
 326 0002 62B6     		CPSIE   i
 327              	@ 0 "" 2
  46:main.c        **** //    PWM_Alternating_Start();
 328              		.loc 1 46 0
 329              		.thumb
 330              		.syntax unified
 331 0004 FFF7FEFF 		bl	PWM_Modulator_Start
 332              	.LVL45:
  49:main.c        ****     PWM_2_Start();
 333              		.loc 1 49 0
 334 0008 FFF7FEFF 		bl	PWM_1_Start
ARM GAS  C:\Users\sdysart\AppData\Local\Temp\cc55wdyV.s 			page 12


 335              	.LVL46:
  50:main.c        ****     PWM_3_Start();
 336              		.loc 1 50 0
 337 000c FFF7FEFF 		bl	PWM_2_Start
 338              	.LVL47:
  51:main.c        ****     PWM_Switch_Timer_Start();
 339              		.loc 1 51 0
 340 0010 FFF7FEFF 		bl	PWM_3_Start
 341              	.LVL48:
  52:main.c        ****     isr_halfsec_StartEx(isr_halfsec);
 342              		.loc 1 52 0
 343 0014 FFF7FEFF 		bl	PWM_Switch_Timer_Start
 344              	.LVL49:
  53:main.c        **** //    isr_msec_StartEx(isr_msec);
 345              		.loc 1 53 0
 346 0018 3148     		ldr	r0, .L48
 347 001a FFF7FEFF 		bl	isr_halfsec_StartEx
 348              	.LVL50:
  62:main.c        ****     PWM_1_WriteCompare((FREQ(AUDIBLE_FREQ))/2); // Sets pulse width to half
 349              		.loc 1 62 0
 350 001e 5220     		movs	r0, #82
 351 0020 FFF7FEFF 		bl	PWM_1_WritePeriod
 352              	.LVL51:
  63:main.c        ****     
 353              		.loc 1 63 0
 354 0024 2920     		movs	r0, #41
 355 0026 FFF7FEFF 		bl	PWM_1_WriteCompare
 356              	.LVL52:
  66:main.c        ****     PWM_2_WriteCompare((FREQ(ONE_FREQ))/2); // Sets pulse width to half
 357              		.loc 1 66 0
 358 002a 1720     		movs	r0, #23
 359 002c FFF7FEFF 		bl	PWM_2_WritePeriod
 360              	.LVL53:
  67:main.c        ****     
 361              		.loc 1 67 0
 362 0030 0B20     		movs	r0, #11
 363 0032 FFF7FEFF 		bl	PWM_2_WriteCompare
 364              	.LVL54:
  70:main.c        ****     PWM_3_WriteCompare((FREQ(ZERO_FREQ))/2); // Sets pulse width to half
 365              		.loc 1 70 0
 366 0036 1A20     		movs	r0, #26
 367 0038 FFF7FEFF 		bl	PWM_3_WritePeriod
 368              	.LVL55:
  71:main.c        **** 
 369              		.loc 1 71 0
 370 003c 0D20     		movs	r0, #13
 371 003e FFF7FEFF 		bl	PWM_3_WriteCompare
 372              	.LVL56:
  59:main.c        ****     
 373              		.loc 1 59 0
 374 0042 0126     		movs	r6, #1
  58:main.c        ****     unsigned int data_to_be_sent = ONE;
 375              		.loc 1 58 0
 376 0044 0025     		movs	r5, #0
  57:main.c        ****     int data_turn = 0;
 377              		.loc 1 57 0
 378 0046 2C46     		mov	r4, r5
ARM GAS  C:\Users\sdysart\AppData\Local\Temp\cc55wdyV.s 			page 13


 379              	.LVL57:
 380              	.L36:
  77:main.c        ****             // ENCODE
 381              		.loc 1 77 0
 382 0048 264B     		ldr	r3, .L48+4
 383 004a 1968     		ldr	r1, [r3]
 384 004c 0D29     		cmp	r1, #13
 385 004e 35D8     		bhi	.L37
 386 0050 DFE801F0 		tbb	[pc, r1]
 387              	.L39:
 388 0054 07       		.byte	(.L38-.L39)/2
 389 0055 0E       		.byte	(.L40-.L39)/2
 390 0056 0E       		.byte	(.L40-.L39)/2
 391 0057 0E       		.byte	(.L40-.L39)/2
 392 0058 0E       		.byte	(.L40-.L39)/2
 393 0059 13       		.byte	(.L41-.L39)/2
 394 005a 13       		.byte	(.L41-.L39)/2
 395 005b 13       		.byte	(.L41-.L39)/2
 396 005c 13       		.byte	(.L41-.L39)/2
 397 005d 13       		.byte	(.L41-.L39)/2
 398 005e 13       		.byte	(.L41-.L39)/2
 399 005f 13       		.byte	(.L41-.L39)/2
 400 0060 13       		.byte	(.L41-.L39)/2
 401 0061 18       		.byte	(.L42-.L39)/2
 402              		.p2align 1
 403              	.L38:
  80:main.c        ****                 break; 
 404              		.loc 1 80 0
 405 0062 204B     		ldr	r3, .L48+4
 406 0064 5968     		ldr	r1, [r3, #4]
 407 0066 FF20     		movs	r0, #255
 408 0068 FFF7FEFF 		bl	PreFix
 409              	.LVL58:
 410 006c 0446     		mov	r4, r0
 411              	.LVL59:
  81:main.c        ****             // DATA
 412              		.loc 1 81 0
 413 006e 25E0     		b	.L37
 414              	.LVL60:
 415              	.L40:
  87:main.c        ****                 break; 
 416              		.loc 1 87 0
 417 0070 3046     		mov	r0, r6
 418 0072 FFF7FEFF 		bl	Data
 419              	.LVL61:
 420 0076 0446     		mov	r4, r0
 421              	.LVL62:
  88:main.c        ****             // DECODE
 422              		.loc 1 88 0
 423 0078 20E0     		b	.L37
 424              	.LVL63:
 425              	.L41:
  98:main.c        ****                 break;
 426              		.loc 1 98 0
 427 007a 0120     		movs	r0, #1
 428 007c FFF7FEFF 		bl	Decode
 429              	.LVL64:
ARM GAS  C:\Users\sdysart\AppData\Local\Temp\cc55wdyV.s 			page 14


 430 0080 0446     		mov	r4, r0
 431              	.LVL65:
  99:main.c        ****             case 13:
 432              		.loc 1 99 0
 433 0082 1BE0     		b	.L37
 434              	.LVL66:
 435              	.L42:
 101:main.c        ****                 //encode used to transmit 7 1's for the prefix 
 436              		.loc 1 101 0
 437 0084 174B     		ldr	r3, .L48+4
 438 0086 0022     		movs	r2, #0
 439 0088 1A60     		str	r2, [r3]
 104:main.c        ****                 data_turn++;
 440              		.loc 1 104 0
 441 008a 5A60     		str	r2, [r3, #4]
 105:main.c        ****                 data_to_be_sent <<= 1;
 442              		.loc 1 105 0
 443 008c 0135     		adds	r5, r5, #1
 444              	.LVL67:
 106:main.c        ****                 //Once data to be sent can't be contained in a nibble, reset to 0x1
 445              		.loc 1 106 0
 446 008e 7600     		lsls	r6, r6, #1
 447              	.LVL68:
 108:main.c        ****                     data_turn = 0;
 448              		.loc 1 108 0
 449 0090 042D     		cmp	r5, #4
 450 0092 01D1     		bne	.L43
 110:main.c        ****                 }
 451              		.loc 1 110 0
 452 0094 0126     		movs	r6, #1
 453              	.LVL69:
 109:main.c        ****                     data_to_be_sent = ONE;
 454              		.loc 1 109 0
 455 0096 1546     		mov	r5, r2
 456              	.LVL70:
 457              	.L43:
 112:main.c        ****                 // Turn High Voltage off while delaying
 458              		.loc 1 112 0
 459 0098 FFF7FEFF 		bl	PWM_Modulator_Stop
 460              	.LVL71:
 114:main.c        ****                 // Turn High Voltage Back On
 461              		.loc 1 114 0
 462 009c FFF7FEFF 		bl	PWM_Switch_Timer_Stop
 463              	.LVL72:
 116:main.c        ****                 CyDelay(3000);
 464              		.loc 1 116 0
 465 00a0 0020     		movs	r0, #0
 466 00a2 FFF7FEFF 		bl	HighVoltage_Write
 467              	.LVL73:
 117:main.c        ****                 HighVoltage_Write(1);
 468              		.loc 1 117 0
 469 00a6 40F6B830 		movw	r0, #3000
 470 00aa FFF7FEFF 		bl	CyDelay
 471              	.LVL74:
 118:main.c        ****                 PWM_Modulator_Start();
 472              		.loc 1 118 0
 473 00ae 0120     		movs	r0, #1
ARM GAS  C:\Users\sdysart\AppData\Local\Temp\cc55wdyV.s 			page 15


 474 00b0 FFF7FEFF 		bl	HighVoltage_Write
 475              	.LVL75:
 119:main.c        ****                 PWM_Switch_Timer_Start();
 476              		.loc 1 119 0
 477 00b4 FFF7FEFF 		bl	PWM_Modulator_Start
 478              	.LVL76:
 120:main.c        ****                 break;
 479              		.loc 1 120 0
 480 00b8 FFF7FEFF 		bl	PWM_Switch_Timer_Start
 481              	.LVL77:
 482              	.L37:
 126:main.c        ****             PWM_Modulator_WritePeriod(FREQ(ONE_FREQ));
 483              		.loc 1 126 0
 484 00bc 012C     		cmp	r4, #1
 485 00be 06D1     		bne	.L44
 127:main.c        ****             PWM_Modulator_WriteCompare((FREQ(ONE_FREQ))/2); // Sets pulse width
 486              		.loc 1 127 0
 487 00c0 1720     		movs	r0, #23
 488 00c2 FFF7FEFF 		bl	PWM_Modulator_WritePeriod
 489              	.LVL78:
 128:main.c        ****         }else if(bitCase == ZERO){
 490              		.loc 1 128 0
 491 00c6 0B20     		movs	r0, #11
 492 00c8 FFF7FEFF 		bl	PWM_Modulator_WriteCompare
 493              	.LVL79:
 494 00cc BCE7     		b	.L36
 495              	.L44:
 129:main.c        ****             PWM_Modulator_WritePeriod(FREQ(ZERO_FREQ));
 496              		.loc 1 129 0
 497 00ce 002C     		cmp	r4, #0
 498 00d0 BAD1     		bne	.L36
 130:main.c        ****             PWM_Modulator_WriteCompare((FREQ(ZERO_FREQ))/2); // Sets pulse width
 499              		.loc 1 130 0
 500 00d2 1A20     		movs	r0, #26
 501 00d4 FFF7FEFF 		bl	PWM_Modulator_WritePeriod
 502              	.LVL80:
 131:main.c        ****         }
 503              		.loc 1 131 0
 504 00d8 0D20     		movs	r0, #13
 505 00da FFF7FEFF 		bl	PWM_Modulator_WriteCompare
 506              	.LVL81:
 507 00de B3E7     		b	.L36
 508              	.L49:
 509              		.align	2
 510              	.L48:
 511 00e0 00000000 		.word	isr_halfsec
 512 00e4 00000000 		.word	.LANCHOR0
 513              		.cfi_endproc
 514              	.LFE63:
 515              		.size	main, .-main
 516              		.bss
 517              		.align	2
 518              		.set	.LANCHOR0,. + 0
 519              		.type	bitTime, %object
 520              		.size	bitTime, 4
 521              	bitTime:
 522 0000 00000000 		.space	4
ARM GAS  C:\Users\sdysart\AppData\Local\Temp\cc55wdyV.s 			page 16


 523              		.type	prefixTime, %object
 524              		.size	prefixTime, 4
 525              	prefixTime:
 526 0004 00000000 		.space	4
 527              		.text
 528              	.Letext0:
 529              		.file 2 "c:\\program files (x86)\\cypress\\psoc creator\\4.1\\psoc creator\\import\\gnu\\arm\\5.4.
 530              		.file 3 "c:\\program files (x86)\\cypress\\psoc creator\\4.1\\psoc creator\\import\\gnu\\arm\\5.4.
 531              		.file 4 "Generated_Source\\PSoC5/PWM_Modulator.h"
 532              		.file 5 "Generated_Source\\PSoC5/PWM_1.h"
 533              		.file 6 "Generated_Source\\PSoC5/PWM_2.h"
 534              		.file 7 "Generated_Source\\PSoC5/PWM_3.h"
 535              		.file 8 "Generated_Source\\PSoC5/PWM_Switch_Timer.h"
 536              		.file 9 "Generated_Source\\PSoC5/isr_halfsec.h"
 537              		.file 10 "Generated_Source\\PSoC5/HighVoltage.h"
 538              		.file 11 "Generated_Source\\PSoC5/CyLib.h"
 539              		.file 12 "Generated_Source\\PSoC5/core_cm3.h"
 540              		.section	.debug_info,"",%progbits
 541              	.Ldebug_info0:
 542 0000 69040000 		.4byte	0x469
 543 0004 0400     		.2byte	0x4
 544 0006 00000000 		.4byte	.Ldebug_abbrev0
 545 000a 04       		.byte	0x4
 546 000b 01       		.uleb128 0x1
 547 000c 09020000 		.4byte	.LASF46
 548 0010 0C       		.byte	0xc
 549 0011 CD020000 		.4byte	.LASF47
 550 0015 21000000 		.4byte	.LASF48
 551 0019 00000000 		.4byte	.Ldebug_ranges0+0
 552 001d 00000000 		.4byte	0
 553 0021 00000000 		.4byte	.Ldebug_line0
 554 0025 02       		.uleb128 0x2
 555 0026 01       		.byte	0x1
 556 0027 06       		.byte	0x6
 557 0028 3E030000 		.4byte	.LASF0
 558 002c 02       		.uleb128 0x2
 559 002d 01       		.byte	0x1
 560 002e 08       		.byte	0x8
 561 002f F3000000 		.4byte	.LASF1
 562 0033 02       		.uleb128 0x2
 563 0034 02       		.byte	0x2
 564 0035 05       		.byte	0x5
 565 0036 F0020000 		.4byte	.LASF2
 566 003a 02       		.uleb128 0x2
 567 003b 02       		.byte	0x2
 568 003c 07       		.byte	0x7
 569 003d 9A000000 		.4byte	.LASF3
 570 0041 03       		.uleb128 0x3
 571 0042 75000000 		.4byte	.LASF9
 572 0046 02       		.byte	0x2
 573 0047 3F       		.byte	0x3f
 574 0048 4C000000 		.4byte	0x4c
 575 004c 02       		.uleb128 0x2
 576 004d 04       		.byte	0x4
 577 004e 05       		.byte	0x5
 578 004f 91000000 		.4byte	.LASF4
 579 0053 02       		.uleb128 0x2
ARM GAS  C:\Users\sdysart\AppData\Local\Temp\cc55wdyV.s 			page 17


 580 0054 04       		.byte	0x4
 581 0055 07       		.byte	0x7
 582 0056 2A010000 		.4byte	.LASF5
 583 005a 02       		.uleb128 0x2
 584 005b 08       		.byte	0x8
 585 005c 05       		.byte	0x5
 586 005d 00000000 		.4byte	.LASF6
 587 0061 02       		.uleb128 0x2
 588 0062 08       		.byte	0x8
 589 0063 07       		.byte	0x7
 590 0064 DC000000 		.4byte	.LASF7
 591 0068 04       		.uleb128 0x4
 592 0069 04       		.byte	0x4
 593 006a 05       		.byte	0x5
 594 006b 696E7400 		.ascii	"int\000"
 595 006f 02       		.uleb128 0x2
 596 0070 04       		.byte	0x4
 597 0071 07       		.byte	0x7
 598 0072 BB010000 		.4byte	.LASF8
 599 0076 03       		.uleb128 0x3
 600 0077 97020000 		.4byte	.LASF10
 601 007b 03       		.byte	0x3
 602 007c 2C       		.byte	0x2c
 603 007d 41000000 		.4byte	0x41
 604 0081 02       		.uleb128 0x2
 605 0082 04       		.byte	0x4
 606 0083 04       		.byte	0x4
 607 0084 D6000000 		.4byte	.LASF11
 608 0088 02       		.uleb128 0x2
 609 0089 08       		.byte	0x8
 610 008a 04       		.byte	0x4
 611 008b 72010000 		.4byte	.LASF12
 612 008f 02       		.uleb128 0x2
 613 0090 01       		.byte	0x1
 614 0091 08       		.byte	0x8
 615 0092 D4020000 		.4byte	.LASF13
 616 0096 02       		.uleb128 0x2
 617 0097 08       		.byte	0x8
 618 0098 04       		.byte	0x4
 619 0099 26030000 		.4byte	.LASF14
 620 009d 02       		.uleb128 0x2
 621 009e 04       		.byte	0x4
 622 009f 07       		.byte	0x7
 623 00a0 9F020000 		.4byte	.LASF15
 624 00a4 05       		.uleb128 0x5
 625 00a5 32030000 		.4byte	.LASF49
 626 00a9 01       		.byte	0x1
 627 00aa 8E       		.byte	0x8e
 628 00ab 00000000 		.4byte	.LFB64
 629 00af 2C000000 		.4byte	.LFE64-.LFB64
 630 00b3 01       		.uleb128 0x1
 631 00b4 9C       		.byte	0x9c
 632 00b5 06       		.uleb128 0x6
 633 00b6 85010000 		.4byte	.LASF17
 634 00ba 01       		.byte	0x1
 635 00bb B3       		.byte	0xb3
 636 00bc 68000000 		.4byte	0x68
ARM GAS  C:\Users\sdysart\AppData\Local\Temp\cc55wdyV.s 			page 18


 637 00c0 00000000 		.4byte	.LFB65
 638 00c4 28000000 		.4byte	.LFE65-.LFB65
 639 00c8 01       		.uleb128 0x1
 640 00c9 9C       		.byte	0x9c
 641 00ca FB000000 		.4byte	0xfb
 642 00ce 07       		.uleb128 0x7
 643 00cf 1C030000 		.4byte	.LASF16
 644 00d3 01       		.byte	0x1
 645 00d4 B3       		.byte	0xb3
 646 00d5 6F000000 		.4byte	0x6f
 647 00d9 00000000 		.4byte	.LLST0
 648 00dd 08       		.uleb128 0x8
 649 00de 625400   		.ascii	"bT\000"
 650 00e1 01       		.byte	0x1
 651 00e2 B3       		.byte	0xb3
 652 00e3 68000000 		.4byte	0x68
 653 00e7 21000000 		.4byte	.LLST1
 654 00eb 09       		.uleb128 0x9
 655 00ec E3010000 		.4byte	.LASF19
 656 00f0 01       		.byte	0x1
 657 00f1 B5       		.byte	0xb5
 658 00f2 68000000 		.4byte	0x68
 659 00f6 41000000 		.4byte	.LLST2
 660 00fa 00       		.byte	0
 661 00fb 06       		.uleb128 0x6
 662 00fc 52010000 		.4byte	.LASF18
 663 0100 01       		.byte	0x1
 664 0101 D2       		.byte	0xd2
 665 0102 68000000 		.4byte	0x68
 666 0106 00000000 		.4byte	.LFB66
 667 010a 44000000 		.4byte	.LFE66-.LFB66
 668 010e 01       		.uleb128 0x1
 669 010f 9C       		.byte	0x9c
 670 0110 41010000 		.4byte	0x141
 671 0114 07       		.uleb128 0x7
 672 0115 1C030000 		.4byte	.LASF16
 673 0119 01       		.byte	0x1
 674 011a D2       		.byte	0xd2
 675 011b 6F000000 		.4byte	0x6f
 676 011f 75000000 		.4byte	.LLST3
 677 0123 08       		.uleb128 0x8
 678 0124 625400   		.ascii	"bT\000"
 679 0127 01       		.byte	0x1
 680 0128 D2       		.byte	0xd2
 681 0129 68000000 		.4byte	0x68
 682 012d 96000000 		.4byte	.LLST4
 683 0131 09       		.uleb128 0x9
 684 0132 E3010000 		.4byte	.LASF19
 685 0136 01       		.byte	0x1
 686 0137 D4       		.byte	0xd4
 687 0138 68000000 		.4byte	0x68
 688 013c B6000000 		.4byte	.LLST5
 689 0140 00       		.byte	0
 690 0141 06       		.uleb128 0x6
 691 0142 13010000 		.4byte	.LASF20
 692 0146 01       		.byte	0x1
 693 0147 FD       		.byte	0xfd
ARM GAS  C:\Users\sdysart\AppData\Local\Temp\cc55wdyV.s 			page 19


 694 0148 68000000 		.4byte	0x68
 695 014c 00000000 		.4byte	.LFB67
 696 0150 42000000 		.4byte	.LFE67-.LFB67
 697 0154 01       		.uleb128 0x1
 698 0155 9C       		.byte	0x9c
 699 0156 86010000 		.4byte	0x186
 700 015a 07       		.uleb128 0x7
 701 015b 1C030000 		.4byte	.LASF16
 702 015f 01       		.byte	0x1
 703 0160 FD       		.byte	0xfd
 704 0161 6F000000 		.4byte	0x6f
 705 0165 16010000 		.4byte	.LLST6
 706 0169 0A       		.uleb128 0xa
 707 016a 66010000 		.4byte	.LASF21
 708 016e 01       		.byte	0x1
 709 016f FD       		.byte	0xfd
 710 0170 68000000 		.4byte	0x68
 711 0174 01       		.uleb128 0x1
 712 0175 51       		.byte	0x51
 713 0176 09       		.uleb128 0x9
 714 0177 EB010000 		.4byte	.LASF22
 715 017b 01       		.byte	0x1
 716 017c FF       		.byte	0xff
 717 017d 68000000 		.4byte	0x68
 718 0181 37010000 		.4byte	.LLST7
 719 0185 00       		.byte	0
 720 0186 0B       		.uleb128 0xb
 721 0187 96010000 		.4byte	.LASF50
 722 018b 01       		.byte	0x1
 723 018c 29       		.byte	0x29
 724 018d 68000000 		.4byte	0x68
 725 0191 00000000 		.4byte	.LFB63
 726 0195 E8000000 		.4byte	.LFE63-.LFB63
 727 0199 01       		.uleb128 0x1
 728 019a 9C       		.byte	0x9c
 729 019b 67030000 		.4byte	0x367
 730 019f 09       		.uleb128 0x9
 731 01a0 E3010000 		.4byte	.LASF19
 732 01a4 01       		.byte	0x1
 733 01a5 39       		.byte	0x39
 734 01a6 68000000 		.4byte	0x68
 735 01aa 97010000 		.4byte	.LLST8
 736 01ae 09       		.uleb128 0x9
 737 01af 48010000 		.4byte	.LASF23
 738 01b3 01       		.byte	0x1
 739 01b4 3A       		.byte	0x3a
 740 01b5 68000000 		.4byte	0x68
 741 01b9 F8010000 		.4byte	.LLST9
 742 01bd 09       		.uleb128 0x9
 743 01be 1A010000 		.4byte	.LASF24
 744 01c2 01       		.byte	0x1
 745 01c3 3B       		.byte	0x3b
 746 01c4 6F000000 		.4byte	0x6f
 747 01c8 17020000 		.4byte	.LLST10
 748 01cc 0C       		.uleb128 0xc
 749 01cd 08000000 		.4byte	.LVL45
 750 01d1 A6030000 		.4byte	0x3a6
ARM GAS  C:\Users\sdysart\AppData\Local\Temp\cc55wdyV.s 			page 20


 751 01d5 0C       		.uleb128 0xc
 752 01d6 0C000000 		.4byte	.LVL46
 753 01da B1030000 		.4byte	0x3b1
 754 01de 0C       		.uleb128 0xc
 755 01df 10000000 		.4byte	.LVL47
 756 01e3 BC030000 		.4byte	0x3bc
 757 01e7 0C       		.uleb128 0xc
 758 01e8 14000000 		.4byte	.LVL48
 759 01ec C7030000 		.4byte	0x3c7
 760 01f0 0C       		.uleb128 0xc
 761 01f1 18000000 		.4byte	.LVL49
 762 01f5 D2030000 		.4byte	0x3d2
 763 01f9 0D       		.uleb128 0xd
 764 01fa 1E000000 		.4byte	.LVL50
 765 01fe DD030000 		.4byte	0x3dd
 766 0202 10020000 		.4byte	0x210
 767 0206 0E       		.uleb128 0xe
 768 0207 01       		.uleb128 0x1
 769 0208 50       		.byte	0x50
 770 0209 05       		.uleb128 0x5
 771 020a 03       		.byte	0x3
 772 020b 00000000 		.4byte	isr_halfsec
 773 020f 00       		.byte	0
 774 0210 0D       		.uleb128 0xd
 775 0211 24000000 		.4byte	.LVL51
 776 0215 E8030000 		.4byte	0x3e8
 777 0219 24020000 		.4byte	0x224
 778 021d 0E       		.uleb128 0xe
 779 021e 01       		.uleb128 0x1
 780 021f 50       		.byte	0x50
 781 0220 02       		.uleb128 0x2
 782 0221 08       		.byte	0x8
 783 0222 52       		.byte	0x52
 784 0223 00       		.byte	0
 785 0224 0D       		.uleb128 0xd
 786 0225 2A000000 		.4byte	.LVL52
 787 0229 F3030000 		.4byte	0x3f3
 788 022d 38020000 		.4byte	0x238
 789 0231 0E       		.uleb128 0xe
 790 0232 01       		.uleb128 0x1
 791 0233 50       		.byte	0x50
 792 0234 02       		.uleb128 0x2
 793 0235 08       		.byte	0x8
 794 0236 29       		.byte	0x29
 795 0237 00       		.byte	0
 796 0238 0D       		.uleb128 0xd
 797 0239 30000000 		.4byte	.LVL53
 798 023d FE030000 		.4byte	0x3fe
 799 0241 4B020000 		.4byte	0x24b
 800 0245 0E       		.uleb128 0xe
 801 0246 01       		.uleb128 0x1
 802 0247 50       		.byte	0x50
 803 0248 01       		.uleb128 0x1
 804 0249 47       		.byte	0x47
 805 024a 00       		.byte	0
 806 024b 0D       		.uleb128 0xd
 807 024c 36000000 		.4byte	.LVL54
ARM GAS  C:\Users\sdysart\AppData\Local\Temp\cc55wdyV.s 			page 21


 808 0250 09040000 		.4byte	0x409
 809 0254 5E020000 		.4byte	0x25e
 810 0258 0E       		.uleb128 0xe
 811 0259 01       		.uleb128 0x1
 812 025a 50       		.byte	0x50
 813 025b 01       		.uleb128 0x1
 814 025c 3B       		.byte	0x3b
 815 025d 00       		.byte	0
 816 025e 0D       		.uleb128 0xd
 817 025f 3C000000 		.4byte	.LVL55
 818 0263 14040000 		.4byte	0x414
 819 0267 71020000 		.4byte	0x271
 820 026b 0E       		.uleb128 0xe
 821 026c 01       		.uleb128 0x1
 822 026d 50       		.byte	0x50
 823 026e 01       		.uleb128 0x1
 824 026f 4A       		.byte	0x4a
 825 0270 00       		.byte	0
 826 0271 0D       		.uleb128 0xd
 827 0272 42000000 		.4byte	.LVL56
 828 0276 1F040000 		.4byte	0x41f
 829 027a 84020000 		.4byte	0x284
 830 027e 0E       		.uleb128 0xe
 831 027f 01       		.uleb128 0x1
 832 0280 50       		.byte	0x50
 833 0281 01       		.uleb128 0x1
 834 0282 3D       		.byte	0x3d
 835 0283 00       		.byte	0
 836 0284 0D       		.uleb128 0xd
 837 0285 6C000000 		.4byte	.LVL58
 838 0289 41010000 		.4byte	0x141
 839 028d 98020000 		.4byte	0x298
 840 0291 0E       		.uleb128 0xe
 841 0292 01       		.uleb128 0x1
 842 0293 50       		.byte	0x50
 843 0294 02       		.uleb128 0x2
 844 0295 08       		.byte	0x8
 845 0296 FF       		.byte	0xff
 846 0297 00       		.byte	0
 847 0298 0D       		.uleb128 0xd
 848 0299 76000000 		.4byte	.LVL61
 849 029d B5000000 		.4byte	0xb5
 850 02a1 AC020000 		.4byte	0x2ac
 851 02a5 0E       		.uleb128 0xe
 852 02a6 01       		.uleb128 0x1
 853 02a7 50       		.byte	0x50
 854 02a8 02       		.uleb128 0x2
 855 02a9 76       		.byte	0x76
 856 02aa 00       		.sleb128 0
 857 02ab 00       		.byte	0
 858 02ac 0D       		.uleb128 0xd
 859 02ad 80000000 		.4byte	.LVL64
 860 02b1 FB000000 		.4byte	0xfb
 861 02b5 BF020000 		.4byte	0x2bf
 862 02b9 0E       		.uleb128 0xe
 863 02ba 01       		.uleb128 0x1
 864 02bb 50       		.byte	0x50
ARM GAS  C:\Users\sdysart\AppData\Local\Temp\cc55wdyV.s 			page 22


 865 02bc 01       		.uleb128 0x1
 866 02bd 31       		.byte	0x31
 867 02be 00       		.byte	0
 868 02bf 0C       		.uleb128 0xc
 869 02c0 9C000000 		.4byte	.LVL71
 870 02c4 2A040000 		.4byte	0x42a
 871 02c8 0C       		.uleb128 0xc
 872 02c9 A0000000 		.4byte	.LVL72
 873 02cd 35040000 		.4byte	0x435
 874 02d1 0D       		.uleb128 0xd
 875 02d2 A6000000 		.4byte	.LVL73
 876 02d6 40040000 		.4byte	0x440
 877 02da E4020000 		.4byte	0x2e4
 878 02de 0E       		.uleb128 0xe
 879 02df 01       		.uleb128 0x1
 880 02e0 50       		.byte	0x50
 881 02e1 01       		.uleb128 0x1
 882 02e2 30       		.byte	0x30
 883 02e3 00       		.byte	0
 884 02e4 0D       		.uleb128 0xd
 885 02e5 AE000000 		.4byte	.LVL74
 886 02e9 4B040000 		.4byte	0x44b
 887 02ed F9020000 		.4byte	0x2f9
 888 02f1 0E       		.uleb128 0xe
 889 02f2 01       		.uleb128 0x1
 890 02f3 50       		.byte	0x50
 891 02f4 03       		.uleb128 0x3
 892 02f5 0A       		.byte	0xa
 893 02f6 B80B     		.2byte	0xbb8
 894 02f8 00       		.byte	0
 895 02f9 0D       		.uleb128 0xd
 896 02fa B4000000 		.4byte	.LVL75
 897 02fe 40040000 		.4byte	0x440
 898 0302 0C030000 		.4byte	0x30c
 899 0306 0E       		.uleb128 0xe
 900 0307 01       		.uleb128 0x1
 901 0308 50       		.byte	0x50
 902 0309 01       		.uleb128 0x1
 903 030a 31       		.byte	0x31
 904 030b 00       		.byte	0
 905 030c 0C       		.uleb128 0xc
 906 030d B8000000 		.4byte	.LVL76
 907 0311 A6030000 		.4byte	0x3a6
 908 0315 0C       		.uleb128 0xc
 909 0316 BC000000 		.4byte	.LVL77
 910 031a D2030000 		.4byte	0x3d2
 911 031e 0D       		.uleb128 0xd
 912 031f C6000000 		.4byte	.LVL78
 913 0323 56040000 		.4byte	0x456
 914 0327 31030000 		.4byte	0x331
 915 032b 0E       		.uleb128 0xe
 916 032c 01       		.uleb128 0x1
 917 032d 50       		.byte	0x50
 918 032e 01       		.uleb128 0x1
 919 032f 47       		.byte	0x47
 920 0330 00       		.byte	0
 921 0331 0D       		.uleb128 0xd
ARM GAS  C:\Users\sdysart\AppData\Local\Temp\cc55wdyV.s 			page 23


 922 0332 CC000000 		.4byte	.LVL79
 923 0336 61040000 		.4byte	0x461
 924 033a 44030000 		.4byte	0x344
 925 033e 0E       		.uleb128 0xe
 926 033f 01       		.uleb128 0x1
 927 0340 50       		.byte	0x50
 928 0341 01       		.uleb128 0x1
 929 0342 3B       		.byte	0x3b
 930 0343 00       		.byte	0
 931 0344 0D       		.uleb128 0xd
 932 0345 D8000000 		.4byte	.LVL80
 933 0349 56040000 		.4byte	0x456
 934 034d 57030000 		.4byte	0x357
 935 0351 0E       		.uleb128 0xe
 936 0352 01       		.uleb128 0x1
 937 0353 50       		.byte	0x50
 938 0354 01       		.uleb128 0x1
 939 0355 4A       		.byte	0x4a
 940 0356 00       		.byte	0
 941 0357 0F       		.uleb128 0xf
 942 0358 DE000000 		.4byte	.LVL81
 943 035c 61040000 		.4byte	0x461
 944 0360 0E       		.uleb128 0xe
 945 0361 01       		.uleb128 0x1
 946 0362 50       		.byte	0x50
 947 0363 01       		.uleb128 0x1
 948 0364 3D       		.byte	0x3d
 949 0365 00       		.byte	0
 950 0366 00       		.byte	0
 951 0367 10       		.uleb128 0x10
 952 0368 14030000 		.4byte	.LASF25
 953 036c 01       		.byte	0x1
 954 036d 25       		.byte	0x25
 955 036e 68000000 		.4byte	0x68
 956 0372 05       		.uleb128 0x5
 957 0373 03       		.byte	0x3
 958 0374 00000000 		.4byte	bitTime
 959 0378 10       		.uleb128 0x10
 960 0379 4A030000 		.4byte	.LASF26
 961 037d 01       		.byte	0x1
 962 037e 26       		.byte	0x26
 963 037f 68000000 		.4byte	0x68
 964 0383 05       		.uleb128 0x5
 965 0384 03       		.byte	0x3
 966 0385 04000000 		.4byte	prefixTime
 967 0389 11       		.uleb128 0x11
 968 038a 8A010000 		.4byte	.LASF27
 969 038e 01       		.byte	0x1
 970 038f 27       		.byte	0x27
 971 0390 68000000 		.4byte	0x68
 972 0394 00       		.byte	0
 973 0395 12       		.uleb128 0x12
 974 0396 59010000 		.4byte	.LASF51
 975 039a 0C       		.byte	0xc
 976 039b 1207     		.2byte	0x712
 977 039d A1030000 		.4byte	0x3a1
 978 03a1 13       		.uleb128 0x13
ARM GAS  C:\Users\sdysart\AppData\Local\Temp\cc55wdyV.s 			page 24


 979 03a2 76000000 		.4byte	0x76
 980 03a6 14       		.uleb128 0x14
 981 03a7 9B010000 		.4byte	.LASF28
 982 03ab 9B010000 		.4byte	.LASF28
 983 03af 04       		.byte	0x4
 984 03b0 92       		.byte	0x92
 985 03b1 14       		.uleb128 0x14
 986 03b2 3C010000 		.4byte	.LASF29
 987 03b6 3C010000 		.4byte	.LASF29
 988 03ba 05       		.byte	0x5
 989 03bb 92       		.byte	0x92
 990 03bc 14       		.uleb128 0x14
 991 03bd 79010000 		.4byte	.LASF30
 992 03c1 79010000 		.4byte	.LASF30
 993 03c5 06       		.byte	0x6
 994 03c6 92       		.byte	0x92
 995 03c7 14       		.uleb128 0x14
 996 03c8 AF010000 		.4byte	.LASF31
 997 03cc AF010000 		.4byte	.LASF31
 998 03d0 07       		.byte	0x7
 999 03d1 92       		.byte	0x92
 1000 03d2 14       		.uleb128 0x14
 1001 03d3 D9020000 		.4byte	.LASF32
 1002 03d7 D9020000 		.4byte	.LASF32
 1003 03db 08       		.byte	0x8
 1004 03dc 5A       		.byte	0x5a
 1005 03dd 14       		.uleb128 0x14
 1006 03de F5010000 		.4byte	.LASF33
 1007 03e2 F5010000 		.4byte	.LASF33
 1008 03e6 09       		.byte	0x9
 1009 03e7 18       		.byte	0x18
 1010 03e8 14       		.uleb128 0x14
 1011 03e9 5D030000 		.4byte	.LASF34
 1012 03ed 5D030000 		.4byte	.LASF34
 1013 03f1 05       		.byte	0x5
 1014 03f2 BE       		.byte	0xbe
 1015 03f3 14       		.uleb128 0x14
 1016 03f4 A8020000 		.4byte	.LASF35
 1017 03f8 A8020000 		.4byte	.LASF35
 1018 03fc 05       		.byte	0x5
 1019 03fd C3       		.byte	0xc3
 1020 03fe 14       		.uleb128 0x14
 1021 03ff 7F000000 		.4byte	.LASF36
 1022 0403 7F000000 		.4byte	.LASF36
 1023 0407 06       		.byte	0x6
 1024 0408 BE       		.byte	0xbe
 1025 0409 14       		.uleb128 0x14
 1026 040a C3000000 		.4byte	.LASF37
 1027 040e C3000000 		.4byte	.LASF37
 1028 0412 06       		.byte	0x6
 1029 0413 C3       		.byte	0xc3
 1030 0414 14       		.uleb128 0x14
 1031 0415 01010000 		.4byte	.LASF38
 1032 0419 01010000 		.4byte	.LASF38
 1033 041d 07       		.byte	0x7
 1034 041e BE       		.byte	0xbe
 1035 041f 14       		.uleb128 0x14
ARM GAS  C:\Users\sdysart\AppData\Local\Temp\cc55wdyV.s 			page 25


 1036 0420 0E000000 		.4byte	.LASF39
 1037 0424 0E000000 		.4byte	.LASF39
 1038 0428 07       		.byte	0x7
 1039 0429 C3       		.byte	0xc3
 1040 042a 14       		.uleb128 0x14
 1041 042b 62000000 		.4byte	.LASF40
 1042 042f 62000000 		.4byte	.LASF40
 1043 0433 04       		.byte	0x4
 1044 0434 93       		.byte	0x93
 1045 0435 14       		.uleb128 0x14
 1046 0436 AD000000 		.4byte	.LASF41
 1047 043a AD000000 		.4byte	.LASF41
 1048 043e 08       		.byte	0x8
 1049 043f 5B       		.byte	0x5b
 1050 0440 14       		.uleb128 0x14
 1051 0441 BB020000 		.4byte	.LASF42
 1052 0445 BB020000 		.4byte	.LASF42
 1053 0449 0A       		.byte	0xa
 1054 044a 26       		.byte	0x26
 1055 044b 14       		.uleb128 0x14
 1056 044c 55030000 		.4byte	.LASF43
 1057 0450 55030000 		.4byte	.LASF43
 1058 0454 0B       		.byte	0xb
 1059 0455 76       		.byte	0x76
 1060 0456 14       		.uleb128 0x14
 1061 0457 FA020000 		.4byte	.LASF44
 1062 045b FA020000 		.4byte	.LASF44
 1063 045f 04       		.byte	0x4
 1064 0460 BE       		.byte	0xbe
 1065 0461 14       		.uleb128 0x14
 1066 0462 C8010000 		.4byte	.LASF45
 1067 0466 C8010000 		.4byte	.LASF45
 1068 046a 04       		.byte	0x4
 1069 046b C3       		.byte	0xc3
 1070 046c 00       		.byte	0
 1071              		.section	.debug_abbrev,"",%progbits
 1072              	.Ldebug_abbrev0:
 1073 0000 01       		.uleb128 0x1
 1074 0001 11       		.uleb128 0x11
 1075 0002 01       		.byte	0x1
 1076 0003 25       		.uleb128 0x25
 1077 0004 0E       		.uleb128 0xe
 1078 0005 13       		.uleb128 0x13
 1079 0006 0B       		.uleb128 0xb
 1080 0007 03       		.uleb128 0x3
 1081 0008 0E       		.uleb128 0xe
 1082 0009 1B       		.uleb128 0x1b
 1083 000a 0E       		.uleb128 0xe
 1084 000b 55       		.uleb128 0x55
 1085 000c 17       		.uleb128 0x17
 1086 000d 11       		.uleb128 0x11
 1087 000e 01       		.uleb128 0x1
 1088 000f 10       		.uleb128 0x10
 1089 0010 17       		.uleb128 0x17
 1090 0011 00       		.byte	0
 1091 0012 00       		.byte	0
 1092 0013 02       		.uleb128 0x2
ARM GAS  C:\Users\sdysart\AppData\Local\Temp\cc55wdyV.s 			page 26


 1093 0014 24       		.uleb128 0x24
 1094 0015 00       		.byte	0
 1095 0016 0B       		.uleb128 0xb
 1096 0017 0B       		.uleb128 0xb
 1097 0018 3E       		.uleb128 0x3e
 1098 0019 0B       		.uleb128 0xb
 1099 001a 03       		.uleb128 0x3
 1100 001b 0E       		.uleb128 0xe
 1101 001c 00       		.byte	0
 1102 001d 00       		.byte	0
 1103 001e 03       		.uleb128 0x3
 1104 001f 16       		.uleb128 0x16
 1105 0020 00       		.byte	0
 1106 0021 03       		.uleb128 0x3
 1107 0022 0E       		.uleb128 0xe
 1108 0023 3A       		.uleb128 0x3a
 1109 0024 0B       		.uleb128 0xb
 1110 0025 3B       		.uleb128 0x3b
 1111 0026 0B       		.uleb128 0xb
 1112 0027 49       		.uleb128 0x49
 1113 0028 13       		.uleb128 0x13
 1114 0029 00       		.byte	0
 1115 002a 00       		.byte	0
 1116 002b 04       		.uleb128 0x4
 1117 002c 24       		.uleb128 0x24
 1118 002d 00       		.byte	0
 1119 002e 0B       		.uleb128 0xb
 1120 002f 0B       		.uleb128 0xb
 1121 0030 3E       		.uleb128 0x3e
 1122 0031 0B       		.uleb128 0xb
 1123 0032 03       		.uleb128 0x3
 1124 0033 08       		.uleb128 0x8
 1125 0034 00       		.byte	0
 1126 0035 00       		.byte	0
 1127 0036 05       		.uleb128 0x5
 1128 0037 2E       		.uleb128 0x2e
 1129 0038 00       		.byte	0
 1130 0039 3F       		.uleb128 0x3f
 1131 003a 19       		.uleb128 0x19
 1132 003b 03       		.uleb128 0x3
 1133 003c 0E       		.uleb128 0xe
 1134 003d 3A       		.uleb128 0x3a
 1135 003e 0B       		.uleb128 0xb
 1136 003f 3B       		.uleb128 0x3b
 1137 0040 0B       		.uleb128 0xb
 1138 0041 27       		.uleb128 0x27
 1139 0042 19       		.uleb128 0x19
 1140 0043 11       		.uleb128 0x11
 1141 0044 01       		.uleb128 0x1
 1142 0045 12       		.uleb128 0x12
 1143 0046 06       		.uleb128 0x6
 1144 0047 40       		.uleb128 0x40
 1145 0048 18       		.uleb128 0x18
 1146 0049 9742     		.uleb128 0x2117
 1147 004b 19       		.uleb128 0x19
 1148 004c 00       		.byte	0
 1149 004d 00       		.byte	0
ARM GAS  C:\Users\sdysart\AppData\Local\Temp\cc55wdyV.s 			page 27


 1150 004e 06       		.uleb128 0x6
 1151 004f 2E       		.uleb128 0x2e
 1152 0050 01       		.byte	0x1
 1153 0051 3F       		.uleb128 0x3f
 1154 0052 19       		.uleb128 0x19
 1155 0053 03       		.uleb128 0x3
 1156 0054 0E       		.uleb128 0xe
 1157 0055 3A       		.uleb128 0x3a
 1158 0056 0B       		.uleb128 0xb
 1159 0057 3B       		.uleb128 0x3b
 1160 0058 0B       		.uleb128 0xb
 1161 0059 27       		.uleb128 0x27
 1162 005a 19       		.uleb128 0x19
 1163 005b 49       		.uleb128 0x49
 1164 005c 13       		.uleb128 0x13
 1165 005d 11       		.uleb128 0x11
 1166 005e 01       		.uleb128 0x1
 1167 005f 12       		.uleb128 0x12
 1168 0060 06       		.uleb128 0x6
 1169 0061 40       		.uleb128 0x40
 1170 0062 18       		.uleb128 0x18
 1171 0063 9742     		.uleb128 0x2117
 1172 0065 19       		.uleb128 0x19
 1173 0066 01       		.uleb128 0x1
 1174 0067 13       		.uleb128 0x13
 1175 0068 00       		.byte	0
 1176 0069 00       		.byte	0
 1177 006a 07       		.uleb128 0x7
 1178 006b 05       		.uleb128 0x5
 1179 006c 00       		.byte	0
 1180 006d 03       		.uleb128 0x3
 1181 006e 0E       		.uleb128 0xe
 1182 006f 3A       		.uleb128 0x3a
 1183 0070 0B       		.uleb128 0xb
 1184 0071 3B       		.uleb128 0x3b
 1185 0072 0B       		.uleb128 0xb
 1186 0073 49       		.uleb128 0x49
 1187 0074 13       		.uleb128 0x13
 1188 0075 02       		.uleb128 0x2
 1189 0076 17       		.uleb128 0x17
 1190 0077 00       		.byte	0
 1191 0078 00       		.byte	0
 1192 0079 08       		.uleb128 0x8
 1193 007a 05       		.uleb128 0x5
 1194 007b 00       		.byte	0
 1195 007c 03       		.uleb128 0x3
 1196 007d 08       		.uleb128 0x8
 1197 007e 3A       		.uleb128 0x3a
 1198 007f 0B       		.uleb128 0xb
 1199 0080 3B       		.uleb128 0x3b
 1200 0081 0B       		.uleb128 0xb
 1201 0082 49       		.uleb128 0x49
 1202 0083 13       		.uleb128 0x13
 1203 0084 02       		.uleb128 0x2
 1204 0085 17       		.uleb128 0x17
 1205 0086 00       		.byte	0
 1206 0087 00       		.byte	0
ARM GAS  C:\Users\sdysart\AppData\Local\Temp\cc55wdyV.s 			page 28


 1207 0088 09       		.uleb128 0x9
 1208 0089 34       		.uleb128 0x34
 1209 008a 00       		.byte	0
 1210 008b 03       		.uleb128 0x3
 1211 008c 0E       		.uleb128 0xe
 1212 008d 3A       		.uleb128 0x3a
 1213 008e 0B       		.uleb128 0xb
 1214 008f 3B       		.uleb128 0x3b
 1215 0090 0B       		.uleb128 0xb
 1216 0091 49       		.uleb128 0x49
 1217 0092 13       		.uleb128 0x13
 1218 0093 02       		.uleb128 0x2
 1219 0094 17       		.uleb128 0x17
 1220 0095 00       		.byte	0
 1221 0096 00       		.byte	0
 1222 0097 0A       		.uleb128 0xa
 1223 0098 05       		.uleb128 0x5
 1224 0099 00       		.byte	0
 1225 009a 03       		.uleb128 0x3
 1226 009b 0E       		.uleb128 0xe
 1227 009c 3A       		.uleb128 0x3a
 1228 009d 0B       		.uleb128 0xb
 1229 009e 3B       		.uleb128 0x3b
 1230 009f 0B       		.uleb128 0xb
 1231 00a0 49       		.uleb128 0x49
 1232 00a1 13       		.uleb128 0x13
 1233 00a2 02       		.uleb128 0x2
 1234 00a3 18       		.uleb128 0x18
 1235 00a4 00       		.byte	0
 1236 00a5 00       		.byte	0
 1237 00a6 0B       		.uleb128 0xb
 1238 00a7 2E       		.uleb128 0x2e
 1239 00a8 01       		.byte	0x1
 1240 00a9 3F       		.uleb128 0x3f
 1241 00aa 19       		.uleb128 0x19
 1242 00ab 03       		.uleb128 0x3
 1243 00ac 0E       		.uleb128 0xe
 1244 00ad 3A       		.uleb128 0x3a
 1245 00ae 0B       		.uleb128 0xb
 1246 00af 3B       		.uleb128 0x3b
 1247 00b0 0B       		.uleb128 0xb
 1248 00b1 27       		.uleb128 0x27
 1249 00b2 19       		.uleb128 0x19
 1250 00b3 49       		.uleb128 0x49
 1251 00b4 13       		.uleb128 0x13
 1252 00b5 8701     		.uleb128 0x87
 1253 00b7 19       		.uleb128 0x19
 1254 00b8 11       		.uleb128 0x11
 1255 00b9 01       		.uleb128 0x1
 1256 00ba 12       		.uleb128 0x12
 1257 00bb 06       		.uleb128 0x6
 1258 00bc 40       		.uleb128 0x40
 1259 00bd 18       		.uleb128 0x18
 1260 00be 9742     		.uleb128 0x2117
 1261 00c0 19       		.uleb128 0x19
 1262 00c1 01       		.uleb128 0x1
 1263 00c2 13       		.uleb128 0x13
ARM GAS  C:\Users\sdysart\AppData\Local\Temp\cc55wdyV.s 			page 29


 1264 00c3 00       		.byte	0
 1265 00c4 00       		.byte	0
 1266 00c5 0C       		.uleb128 0xc
 1267 00c6 898201   		.uleb128 0x4109
 1268 00c9 00       		.byte	0
 1269 00ca 11       		.uleb128 0x11
 1270 00cb 01       		.uleb128 0x1
 1271 00cc 31       		.uleb128 0x31
 1272 00cd 13       		.uleb128 0x13
 1273 00ce 00       		.byte	0
 1274 00cf 00       		.byte	0
 1275 00d0 0D       		.uleb128 0xd
 1276 00d1 898201   		.uleb128 0x4109
 1277 00d4 01       		.byte	0x1
 1278 00d5 11       		.uleb128 0x11
 1279 00d6 01       		.uleb128 0x1
 1280 00d7 31       		.uleb128 0x31
 1281 00d8 13       		.uleb128 0x13
 1282 00d9 01       		.uleb128 0x1
 1283 00da 13       		.uleb128 0x13
 1284 00db 00       		.byte	0
 1285 00dc 00       		.byte	0
 1286 00dd 0E       		.uleb128 0xe
 1287 00de 8A8201   		.uleb128 0x410a
 1288 00e1 00       		.byte	0
 1289 00e2 02       		.uleb128 0x2
 1290 00e3 18       		.uleb128 0x18
 1291 00e4 9142     		.uleb128 0x2111
 1292 00e6 18       		.uleb128 0x18
 1293 00e7 00       		.byte	0
 1294 00e8 00       		.byte	0
 1295 00e9 0F       		.uleb128 0xf
 1296 00ea 898201   		.uleb128 0x4109
 1297 00ed 01       		.byte	0x1
 1298 00ee 11       		.uleb128 0x11
 1299 00ef 01       		.uleb128 0x1
 1300 00f0 31       		.uleb128 0x31
 1301 00f1 13       		.uleb128 0x13
 1302 00f2 00       		.byte	0
 1303 00f3 00       		.byte	0
 1304 00f4 10       		.uleb128 0x10
 1305 00f5 34       		.uleb128 0x34
 1306 00f6 00       		.byte	0
 1307 00f7 03       		.uleb128 0x3
 1308 00f8 0E       		.uleb128 0xe
 1309 00f9 3A       		.uleb128 0x3a
 1310 00fa 0B       		.uleb128 0xb
 1311 00fb 3B       		.uleb128 0x3b
 1312 00fc 0B       		.uleb128 0xb
 1313 00fd 49       		.uleb128 0x49
 1314 00fe 13       		.uleb128 0x13
 1315 00ff 02       		.uleb128 0x2
 1316 0100 18       		.uleb128 0x18
 1317 0101 00       		.byte	0
 1318 0102 00       		.byte	0
 1319 0103 11       		.uleb128 0x11
 1320 0104 34       		.uleb128 0x34
ARM GAS  C:\Users\sdysart\AppData\Local\Temp\cc55wdyV.s 			page 30


 1321 0105 00       		.byte	0
 1322 0106 03       		.uleb128 0x3
 1323 0107 0E       		.uleb128 0xe
 1324 0108 3A       		.uleb128 0x3a
 1325 0109 0B       		.uleb128 0xb
 1326 010a 3B       		.uleb128 0x3b
 1327 010b 0B       		.uleb128 0xb
 1328 010c 49       		.uleb128 0x49
 1329 010d 13       		.uleb128 0x13
 1330 010e 1C       		.uleb128 0x1c
 1331 010f 0B       		.uleb128 0xb
 1332 0110 00       		.byte	0
 1333 0111 00       		.byte	0
 1334 0112 12       		.uleb128 0x12
 1335 0113 34       		.uleb128 0x34
 1336 0114 00       		.byte	0
 1337 0115 03       		.uleb128 0x3
 1338 0116 0E       		.uleb128 0xe
 1339 0117 3A       		.uleb128 0x3a
 1340 0118 0B       		.uleb128 0xb
 1341 0119 3B       		.uleb128 0x3b
 1342 011a 05       		.uleb128 0x5
 1343 011b 49       		.uleb128 0x49
 1344 011c 13       		.uleb128 0x13
 1345 011d 3F       		.uleb128 0x3f
 1346 011e 19       		.uleb128 0x19
 1347 011f 3C       		.uleb128 0x3c
 1348 0120 19       		.uleb128 0x19
 1349 0121 00       		.byte	0
 1350 0122 00       		.byte	0
 1351 0123 13       		.uleb128 0x13
 1352 0124 35       		.uleb128 0x35
 1353 0125 00       		.byte	0
 1354 0126 49       		.uleb128 0x49
 1355 0127 13       		.uleb128 0x13
 1356 0128 00       		.byte	0
 1357 0129 00       		.byte	0
 1358 012a 14       		.uleb128 0x14
 1359 012b 2E       		.uleb128 0x2e
 1360 012c 00       		.byte	0
 1361 012d 3F       		.uleb128 0x3f
 1362 012e 19       		.uleb128 0x19
 1363 012f 3C       		.uleb128 0x3c
 1364 0130 19       		.uleb128 0x19
 1365 0131 6E       		.uleb128 0x6e
 1366 0132 0E       		.uleb128 0xe
 1367 0133 03       		.uleb128 0x3
 1368 0134 0E       		.uleb128 0xe
 1369 0135 3A       		.uleb128 0x3a
 1370 0136 0B       		.uleb128 0xb
 1371 0137 3B       		.uleb128 0x3b
 1372 0138 0B       		.uleb128 0xb
 1373 0139 00       		.byte	0
 1374 013a 00       		.byte	0
 1375 013b 00       		.byte	0
 1376              		.section	.debug_loc,"",%progbits
 1377              	.Ldebug_loc0:
ARM GAS  C:\Users\sdysart\AppData\Local\Temp\cc55wdyV.s 			page 31


 1378              	.LLST0:
 1379 0000 00000000 		.4byte	.LVL0
 1380 0004 26000000 		.4byte	.LVL9
 1381 0008 0100     		.2byte	0x1
 1382 000a 50       		.byte	0x50
 1383 000b 26000000 		.4byte	.LVL9
 1384 000f 28000000 		.4byte	.LFE65
 1385 0013 0400     		.2byte	0x4
 1386 0015 F3       		.byte	0xf3
 1387 0016 01       		.uleb128 0x1
 1388 0017 50       		.byte	0x50
 1389 0018 9F       		.byte	0x9f
 1390 0019 00000000 		.4byte	0
 1391 001d 00000000 		.4byte	0
 1392              	.LLST1:
 1393 0021 00000000 		.4byte	.LVL0
 1394 0025 02000000 		.4byte	.LVL1
 1395 0029 0100     		.2byte	0x1
 1396 002b 51       		.byte	0x51
 1397 002c 02000000 		.4byte	.LVL1
 1398 0030 28000000 		.4byte	.LFE65
 1399 0034 0300     		.2byte	0x3
 1400 0036 71       		.byte	0x71
 1401 0037 01       		.sleb128 1
 1402 0038 9F       		.byte	0x9f
 1403 0039 00000000 		.4byte	0
 1404 003d 00000000 		.4byte	0
 1405              	.LLST2:
 1406 0041 12000000 		.4byte	.LVL2
 1407 0045 14000000 		.4byte	.LVL3
 1408 0049 0100     		.2byte	0x1
 1409 004b 53       		.byte	0x53
 1410 004c 18000000 		.4byte	.LVL4
 1411 0050 1A000000 		.4byte	.LVL5
 1412 0054 0100     		.2byte	0x1
 1413 0056 53       		.byte	0x53
 1414 0057 1E000000 		.4byte	.LVL6
 1415 005b 20000000 		.4byte	.LVL7
 1416 005f 0100     		.2byte	0x1
 1417 0061 53       		.byte	0x53
 1418 0062 24000000 		.4byte	.LVL8
 1419 0066 28000000 		.4byte	.LFE65
 1420 006a 0100     		.2byte	0x1
 1421 006c 53       		.byte	0x53
 1422 006d 00000000 		.4byte	0
 1423 0071 00000000 		.4byte	0
 1424              	.LLST3:
 1425 0075 00000000 		.4byte	.LVL10
 1426 0079 42000000 		.4byte	.LVL27
 1427 007d 0100     		.2byte	0x1
 1428 007f 50       		.byte	0x50
 1429 0080 42000000 		.4byte	.LVL27
 1430 0084 44000000 		.4byte	.LFE66
 1431 0088 0400     		.2byte	0x4
 1432 008a F3       		.byte	0xf3
 1433 008b 01       		.uleb128 0x1
 1434 008c 50       		.byte	0x50
ARM GAS  C:\Users\sdysart\AppData\Local\Temp\cc55wdyV.s 			page 32


 1435 008d 9F       		.byte	0x9f
 1436 008e 00000000 		.4byte	0
 1437 0092 00000000 		.4byte	0
 1438              	.LLST4:
 1439 0096 00000000 		.4byte	.LVL10
 1440 009a 02000000 		.4byte	.LVL11
 1441 009e 0100     		.2byte	0x1
 1442 00a0 51       		.byte	0x51
 1443 00a1 02000000 		.4byte	.LVL11
 1444 00a5 44000000 		.4byte	.LFE66
 1445 00a9 0300     		.2byte	0x3
 1446 00ab 71       		.byte	0x71
 1447 00ac 05       		.sleb128 5
 1448 00ad 9F       		.byte	0x9f
 1449 00ae 00000000 		.4byte	0
 1450 00b2 00000000 		.4byte	0
 1451              	.LLST5:
 1452 00b6 16000000 		.4byte	.LVL12
 1453 00ba 18000000 		.4byte	.LVL13
 1454 00be 0100     		.2byte	0x1
 1455 00c0 53       		.byte	0x53
 1456 00c1 1C000000 		.4byte	.LVL14
 1457 00c5 1E000000 		.4byte	.LVL15
 1458 00c9 0100     		.2byte	0x1
 1459 00cb 53       		.byte	0x53
 1460 00cc 22000000 		.4byte	.LVL16
 1461 00d0 24000000 		.4byte	.LVL17
 1462 00d4 0100     		.2byte	0x1
 1463 00d6 53       		.byte	0x53
 1464 00d7 28000000 		.4byte	.LVL18
 1465 00db 2A000000 		.4byte	.LVL19
 1466 00df 0100     		.2byte	0x1
 1467 00e1 53       		.byte	0x53
 1468 00e2 2E000000 		.4byte	.LVL20
 1469 00e6 30000000 		.4byte	.LVL21
 1470 00ea 0100     		.2byte	0x1
 1471 00ec 53       		.byte	0x53
 1472 00ed 34000000 		.4byte	.LVL22
 1473 00f1 36000000 		.4byte	.LVL23
 1474 00f5 0100     		.2byte	0x1
 1475 00f7 53       		.byte	0x53
 1476 00f8 3A000000 		.4byte	.LVL24
 1477 00fc 3C000000 		.4byte	.LVL25
 1478 0100 0100     		.2byte	0x1
 1479 0102 53       		.byte	0x53
 1480 0103 40000000 		.4byte	.LVL26
 1481 0107 44000000 		.4byte	.LFE66
 1482 010b 0100     		.2byte	0x1
 1483 010d 53       		.byte	0x53
 1484 010e 00000000 		.4byte	0
 1485 0112 00000000 		.4byte	0
 1486              	.LLST6:
 1487 0116 00000000 		.4byte	.LVL28
 1488 011a 40000000 		.4byte	.LVL44
 1489 011e 0100     		.2byte	0x1
 1490 0120 50       		.byte	0x50
 1491 0121 40000000 		.4byte	.LVL44
ARM GAS  C:\Users\sdysart\AppData\Local\Temp\cc55wdyV.s 			page 33


 1492 0125 42000000 		.4byte	.LFE67
 1493 0129 0400     		.2byte	0x4
 1494 012b F3       		.byte	0xf3
 1495 012c 01       		.uleb128 0x1
 1496 012d 50       		.byte	0x50
 1497 012e 9F       		.byte	0x9f
 1498 012f 00000000 		.4byte	0
 1499 0133 00000000 		.4byte	0
 1500              	.LLST7:
 1501 0137 14000000 		.4byte	.LVL29
 1502 013b 16000000 		.4byte	.LVL30
 1503 013f 0100     		.2byte	0x1
 1504 0141 53       		.byte	0x53
 1505 0142 1A000000 		.4byte	.LVL31
 1506 0146 1C000000 		.4byte	.LVL32
 1507 014a 0100     		.2byte	0x1
 1508 014c 53       		.byte	0x53
 1509 014d 20000000 		.4byte	.LVL33
 1510 0151 22000000 		.4byte	.LVL34
 1511 0155 0100     		.2byte	0x1
 1512 0157 53       		.byte	0x53
 1513 0158 26000000 		.4byte	.LVL35
 1514 015c 28000000 		.4byte	.LVL36
 1515 0160 0100     		.2byte	0x1
 1516 0162 53       		.byte	0x53
 1517 0163 2C000000 		.4byte	.LVL37
 1518 0167 2E000000 		.4byte	.LVL38
 1519 016b 0100     		.2byte	0x1
 1520 016d 53       		.byte	0x53
 1521 016e 32000000 		.4byte	.LVL39
 1522 0172 34000000 		.4byte	.LVL40
 1523 0176 0100     		.2byte	0x1
 1524 0178 53       		.byte	0x53
 1525 0179 38000000 		.4byte	.LVL41
 1526 017d 3A000000 		.4byte	.LVL42
 1527 0181 0100     		.2byte	0x1
 1528 0183 53       		.byte	0x53
 1529 0184 3E000000 		.4byte	.LVL43
 1530 0188 42000000 		.4byte	.LFE67
 1531 018c 0100     		.2byte	0x1
 1532 018e 53       		.byte	0x53
 1533 018f 00000000 		.4byte	0
 1534 0193 00000000 		.4byte	0
 1535              	.LLST8:
 1536 0197 1E000000 		.4byte	.LVL50
 1537 019b 48000000 		.4byte	.LVL57
 1538 019f 0200     		.2byte	0x2
 1539 01a1 30       		.byte	0x30
 1540 01a2 9F       		.byte	0x9f
 1541 01a3 48000000 		.4byte	.LVL57
 1542 01a7 6E000000 		.4byte	.LVL59
 1543 01ab 0100     		.2byte	0x1
 1544 01ad 54       		.byte	0x54
 1545 01ae 6E000000 		.4byte	.LVL59
 1546 01b2 70000000 		.4byte	.LVL60
 1547 01b6 0100     		.2byte	0x1
 1548 01b8 50       		.byte	0x50
ARM GAS  C:\Users\sdysart\AppData\Local\Temp\cc55wdyV.s 			page 34


 1549 01b9 70000000 		.4byte	.LVL60
 1550 01bd 78000000 		.4byte	.LVL62
 1551 01c1 0100     		.2byte	0x1
 1552 01c3 54       		.byte	0x54
 1553 01c4 78000000 		.4byte	.LVL62
 1554 01c8 7A000000 		.4byte	.LVL63
 1555 01cc 0100     		.2byte	0x1
 1556 01ce 50       		.byte	0x50
 1557 01cf 7A000000 		.4byte	.LVL63
 1558 01d3 82000000 		.4byte	.LVL65
 1559 01d7 0100     		.2byte	0x1
 1560 01d9 54       		.byte	0x54
 1561 01da 82000000 		.4byte	.LVL65
 1562 01de 84000000 		.4byte	.LVL66
 1563 01e2 0100     		.2byte	0x1
 1564 01e4 50       		.byte	0x50
 1565 01e5 84000000 		.4byte	.LVL66
 1566 01e9 E8000000 		.4byte	.LFE63
 1567 01ed 0100     		.2byte	0x1
 1568 01ef 54       		.byte	0x54
 1569 01f0 00000000 		.4byte	0
 1570 01f4 00000000 		.4byte	0
 1571              	.LLST9:
 1572 01f8 1E000000 		.4byte	.LVL50
 1573 01fc 48000000 		.4byte	.LVL57
 1574 0200 0200     		.2byte	0x2
 1575 0202 30       		.byte	0x30
 1576 0203 9F       		.byte	0x9f
 1577 0204 48000000 		.4byte	.LVL57
 1578 0208 E8000000 		.4byte	.LFE63
 1579 020c 0100     		.2byte	0x1
 1580 020e 55       		.byte	0x55
 1581 020f 00000000 		.4byte	0
 1582 0213 00000000 		.4byte	0
 1583              	.LLST10:
 1584 0217 1E000000 		.4byte	.LVL50
 1585 021b 48000000 		.4byte	.LVL57
 1586 021f 0200     		.2byte	0x2
 1587 0221 31       		.byte	0x31
 1588 0222 9F       		.byte	0x9f
 1589 0223 48000000 		.4byte	.LVL57
 1590 0227 96000000 		.4byte	.LVL69
 1591 022b 0100     		.2byte	0x1
 1592 022d 56       		.byte	0x56
 1593 022e 98000000 		.4byte	.LVL70
 1594 0232 E8000000 		.4byte	.LFE63
 1595 0236 0100     		.2byte	0x1
 1596 0238 56       		.byte	0x56
 1597 0239 00000000 		.4byte	0
 1598 023d 00000000 		.4byte	0
 1599              		.section	.debug_aranges,"",%progbits
 1600 0000 3C000000 		.4byte	0x3c
 1601 0004 0200     		.2byte	0x2
 1602 0006 00000000 		.4byte	.Ldebug_info0
 1603 000a 04       		.byte	0x4
 1604 000b 00       		.byte	0
 1605 000c 0000     		.2byte	0
ARM GAS  C:\Users\sdysart\AppData\Local\Temp\cc55wdyV.s 			page 35


 1606 000e 0000     		.2byte	0
 1607 0010 00000000 		.4byte	.LFB64
 1608 0014 2C000000 		.4byte	.LFE64-.LFB64
 1609 0018 00000000 		.4byte	.LFB65
 1610 001c 28000000 		.4byte	.LFE65-.LFB65
 1611 0020 00000000 		.4byte	.LFB66
 1612 0024 44000000 		.4byte	.LFE66-.LFB66
 1613 0028 00000000 		.4byte	.LFB67
 1614 002c 42000000 		.4byte	.LFE67-.LFB67
 1615 0030 00000000 		.4byte	.LFB63
 1616 0034 E8000000 		.4byte	.LFE63-.LFB63
 1617 0038 00000000 		.4byte	0
 1618 003c 00000000 		.4byte	0
 1619              		.section	.debug_ranges,"",%progbits
 1620              	.Ldebug_ranges0:
 1621 0000 00000000 		.4byte	.LFB64
 1622 0004 2C000000 		.4byte	.LFE64
 1623 0008 00000000 		.4byte	.LFB65
 1624 000c 28000000 		.4byte	.LFE65
 1625 0010 00000000 		.4byte	.LFB66
 1626 0014 44000000 		.4byte	.LFE66
 1627 0018 00000000 		.4byte	.LFB67
 1628 001c 42000000 		.4byte	.LFE67
 1629 0020 00000000 		.4byte	.LFB63
 1630 0024 E8000000 		.4byte	.LFE63
 1631 0028 00000000 		.4byte	0
 1632 002c 00000000 		.4byte	0
 1633              		.section	.debug_line,"",%progbits
 1634              	.Ldebug_line0:
 1635 0000 76020000 		.section	.debug_str,"MS",%progbits,1
 1635      0200B601 
 1635      00000201 
 1635      FB0E0D00 
 1635      01010101 
 1636              	.LASF6:
 1637 0000 6C6F6E67 		.ascii	"long long int\000"
 1637      206C6F6E 
 1637      6720696E 
 1637      7400
 1638              	.LASF39:
 1639 000e 50574D5F 		.ascii	"PWM_3_WriteCompare\000"
 1639      335F5772 
 1639      69746543 
 1639      6F6D7061 
 1639      726500
 1640              	.LASF48:
 1641 0021 433A5C55 		.ascii	"C:\\Users\\sdysart\\Documents\\UACS\\UACS\\HighFreq"
 1641      73657273 
 1641      5C736479 
 1641      73617274 
 1641      5C446F63 
 1642 004e 46534B5C 		.ascii	"FSK\\HighFSKTx.cydsn\000"
 1642      48696768 
 1642      46534B54 
 1642      782E6379 
 1642      64736E00 
 1643              	.LASF40:
ARM GAS  C:\Users\sdysart\AppData\Local\Temp\cc55wdyV.s 			page 36


 1644 0062 50574D5F 		.ascii	"PWM_Modulator_Stop\000"
 1644      4D6F6475 
 1644      6C61746F 
 1644      725F5374 
 1644      6F7000
 1645              	.LASF9:
 1646 0075 5F5F696E 		.ascii	"__int32_t\000"
 1646      7433325F 
 1646      7400
 1647              	.LASF36:
 1648 007f 50574D5F 		.ascii	"PWM_2_WritePeriod\000"
 1648      325F5772 
 1648      69746550 
 1648      6572696F 
 1648      6400
 1649              	.LASF4:
 1650 0091 6C6F6E67 		.ascii	"long int\000"
 1650      20696E74 
 1650      00
 1651              	.LASF3:
 1652 009a 73686F72 		.ascii	"short unsigned int\000"
 1652      7420756E 
 1652      7369676E 
 1652      65642069 
 1652      6E7400
 1653              	.LASF41:
 1654 00ad 50574D5F 		.ascii	"PWM_Switch_Timer_Stop\000"
 1654      53776974 
 1654      63685F54 
 1654      696D6572 
 1654      5F53746F 
 1655              	.LASF37:
 1656 00c3 50574D5F 		.ascii	"PWM_2_WriteCompare\000"
 1656      325F5772 
 1656      69746543 
 1656      6F6D7061 
 1656      726500
 1657              	.LASF11:
 1658 00d6 666C6F61 		.ascii	"float\000"
 1658      7400
 1659              	.LASF7:
 1660 00dc 6C6F6E67 		.ascii	"long long unsigned int\000"
 1660      206C6F6E 
 1660      6720756E 
 1660      7369676E 
 1660      65642069 
 1661              	.LASF1:
 1662 00f3 756E7369 		.ascii	"unsigned char\000"
 1662      676E6564 
 1662      20636861 
 1662      7200
 1663              	.LASF38:
 1664 0101 50574D5F 		.ascii	"PWM_3_WritePeriod\000"
 1664      335F5772 
 1664      69746550 
 1664      6572696F 
 1664      6400
ARM GAS  C:\Users\sdysart\AppData\Local\Temp\cc55wdyV.s 			page 37


 1665              	.LASF20:
 1666 0113 50726546 		.ascii	"PreFix\000"
 1666      697800
 1667              	.LASF24:
 1668 011a 64617461 		.ascii	"data_to_be_sent\000"
 1668      5F746F5F 
 1668      62655F73 
 1668      656E7400 
 1669              	.LASF5:
 1670 012a 6C6F6E67 		.ascii	"long unsigned int\000"
 1670      20756E73 
 1670      69676E65 
 1670      6420696E 
 1670      7400
 1671              	.LASF29:
 1672 013c 50574D5F 		.ascii	"PWM_1_Start\000"
 1672      315F5374 
 1672      61727400 
 1673              	.LASF23:
 1674 0148 64617461 		.ascii	"data_turn\000"
 1674      5F747572 
 1674      6E00
 1675              	.LASF18:
 1676 0152 4465636F 		.ascii	"Decode\000"
 1676      646500
 1677              	.LASF51:
 1678 0159 49544D5F 		.ascii	"ITM_RxBuffer\000"
 1678      52784275 
 1678      66666572 
 1678      00
 1679              	.LASF21:
 1680 0166 70726566 		.ascii	"prefixCount\000"
 1680      6978436F 
 1680      756E7400 
 1681              	.LASF12:
 1682 0172 646F7562 		.ascii	"double\000"
 1682      6C6500
 1683              	.LASF30:
 1684 0179 50574D5F 		.ascii	"PWM_2_Start\000"
 1684      325F5374 
 1684      61727400 
 1685              	.LASF17:
 1686 0185 44617461 		.ascii	"Data\000"
 1686      00
 1687              	.LASF27:
 1688 018a 616C7465 		.ascii	"alternating\000"
 1688      726E6174 
 1688      696E6700 
 1689              	.LASF50:
 1690 0196 6D61696E 		.ascii	"main\000"
 1690      00
 1691              	.LASF28:
 1692 019b 50574D5F 		.ascii	"PWM_Modulator_Start\000"
 1692      4D6F6475 
 1692      6C61746F 
 1692      725F5374 
 1692      61727400 
ARM GAS  C:\Users\sdysart\AppData\Local\Temp\cc55wdyV.s 			page 38


 1693              	.LASF31:
 1694 01af 50574D5F 		.ascii	"PWM_3_Start\000"
 1694      335F5374 
 1694      61727400 
 1695              	.LASF8:
 1696 01bb 756E7369 		.ascii	"unsigned int\000"
 1696      676E6564 
 1696      20696E74 
 1696      00
 1697              	.LASF45:
 1698 01c8 50574D5F 		.ascii	"PWM_Modulator_WriteCompare\000"
 1698      4D6F6475 
 1698      6C61746F 
 1698      725F5772 
 1698      69746543 
 1699              	.LASF19:
 1700 01e3 62697443 		.ascii	"bitCase\000"
 1700      61736500 
 1701              	.LASF22:
 1702 01eb 70726566 		.ascii	"prefixBit\000"
 1702      69784269 
 1702      7400
 1703              	.LASF33:
 1704 01f5 6973725F 		.ascii	"isr_halfsec_StartEx\000"
 1704      68616C66 
 1704      7365635F 
 1704      53746172 
 1704      74457800 
 1705              	.LASF46:
 1706 0209 474E5520 		.ascii	"GNU C11 5.4.1 20160609 (release) [ARM/embedded-5-br"
 1706      43313120 
 1706      352E342E 
 1706      31203230 
 1706      31363036 
 1707 023c 616E6368 		.ascii	"anch revision 237715] -mcpu=cortex-m3 -mthumb -g -O"
 1707      20726576 
 1707      6973696F 
 1707      6E203233 
 1707      37373135 
 1708 026f 67202D66 		.ascii	"g -ffunction-sections -ffat-lto-objects\000"
 1708      66756E63 
 1708      74696F6E 
 1708      2D736563 
 1708      74696F6E 
 1709              	.LASF10:
 1710 0297 696E7433 		.ascii	"int32_t\000"
 1710      325F7400 
 1711              	.LASF15:
 1712 029f 73697A65 		.ascii	"sizetype\000"
 1712      74797065 
 1712      00
 1713              	.LASF35:
 1714 02a8 50574D5F 		.ascii	"PWM_1_WriteCompare\000"
 1714      315F5772 
 1714      69746543 
 1714      6F6D7061 
 1714      726500
ARM GAS  C:\Users\sdysart\AppData\Local\Temp\cc55wdyV.s 			page 39


 1715              	.LASF42:
 1716 02bb 48696768 		.ascii	"HighVoltage_Write\000"
 1716      566F6C74 
 1716      6167655F 
 1716      57726974 
 1716      6500
 1717              	.LASF47:
 1718 02cd 6D61696E 		.ascii	"main.c\000"
 1718      2E6300
 1719              	.LASF13:
 1720 02d4 63686172 		.ascii	"char\000"
 1720      00
 1721              	.LASF32:
 1722 02d9 50574D5F 		.ascii	"PWM_Switch_Timer_Start\000"
 1722      53776974 
 1722      63685F54 
 1722      696D6572 
 1722      5F537461 
 1723              	.LASF2:
 1724 02f0 73686F72 		.ascii	"short int\000"
 1724      7420696E 
 1724      7400
 1725              	.LASF44:
 1726 02fa 50574D5F 		.ascii	"PWM_Modulator_WritePeriod\000"
 1726      4D6F6475 
 1726      6C61746F 
 1726      725F5772 
 1726      69746550 
 1727              	.LASF25:
 1728 0314 62697454 		.ascii	"bitTime\000"
 1728      696D6500 
 1729              	.LASF16:
 1730 031c 6865785F 		.ascii	"hex_value\000"
 1730      76616C75 
 1730      6500
 1731              	.LASF14:
 1732 0326 6C6F6E67 		.ascii	"long double\000"
 1732      20646F75 
 1732      626C6500 
 1733              	.LASF49:
 1734 0332 6973725F 		.ascii	"isr_halfsec\000"
 1734      68616C66 
 1734      73656300 
 1735              	.LASF0:
 1736 033e 7369676E 		.ascii	"signed char\000"
 1736      65642063 
 1736      68617200 
 1737              	.LASF26:
 1738 034a 70726566 		.ascii	"prefixTime\000"
 1738      69785469 
 1738      6D6500
 1739              	.LASF43:
 1740 0355 43794465 		.ascii	"CyDelay\000"
 1740      6C617900 
 1741              	.LASF34:
 1742 035d 50574D5F 		.ascii	"PWM_1_WritePeriod\000"
 1742      315F5772 
ARM GAS  C:\Users\sdysart\AppData\Local\Temp\cc55wdyV.s 			page 40


 1742      69746550 
 1742      6572696F 
 1742      6400
 1743              		.ident	"GCC: (GNU Tools for ARM Embedded Processors) 5.4.1 20160609 (release) [ARM/embedded-5-bran
