ARM GAS  C:\Users\ipfajard\AppData\Local\Temp\cc6bNsmz.s 			page 1


   1              		.syntax unified
   2              		.cpu cortex-m3
   3              		.fpu softvfp
   4              		.eabi_attribute 20, 1
   5              		.eabi_attribute 21, 1
   6              		.eabi_attribute 23, 3
   7              		.eabi_attribute 24, 1
   8              		.eabi_attribute 25, 1
   9              		.eabi_attribute 26, 1
  10              		.eabi_attribute 30, 1
  11              		.eabi_attribute 34, 1
  12              		.eabi_attribute 18, 4
  13              		.thumb
  14              		.syntax unified
  15              		.file	"cymetadata.c"
  16              		.text
  17              	.Ltext0:
  18              		.cfi_sections	.debug_frame
  19              		.global	cy_metadata
  20              		.global	cy_meta_flashprotect
  21              		.global	cy_meta_wonvl
  22              		.global	cy_meta_custnvl
  23              		.global	cy_meta_configecc
  24              		.section	.cyconfigecc,"a",%progbits
  25              		.align	2
  26              		.type	cy_meta_configecc, %object
  27              		.size	cy_meta_configecc, 2124
  28              	cy_meta_configecc:
  29 0000 02       		.byte	2
  30 0001 4F       		.byte	79
  31 0002 00       		.byte	0
  32 0003 40       		.byte	64
  33 0004 05       		.byte	5
  34 0005 52       		.byte	82
  35 0006 00       		.byte	0
  36 0007 40       		.byte	64
  37 0008 06       		.byte	6
  38 0009 64       		.byte	100
  39 000a 00       		.byte	0
  40 000b 40       		.byte	64
  41 000c 02       		.byte	2
  42 000d 65       		.byte	101
  43 000e 00       		.byte	0
  44 000f 40       		.byte	64
  45 0010 43       		.byte	67
  46 0011 02       		.byte	2
  47 0012 01       		.byte	1
  48 0013 40       		.byte	64
  49 0014 21       		.byte	33
  50 0015 03       		.byte	3
  51 0016 01       		.byte	1
  52 0017 40       		.byte	64
  53 0018 01       		.byte	1
  54 0019 05       		.byte	5
  55 001a 01       		.byte	1
  56 001b 40       		.byte	64
  57 001c 62       		.byte	98
ARM GAS  C:\Users\ipfajard\AppData\Local\Temp\cc6bNsmz.s 			page 2


  58 001d 08       		.byte	8
  59 001e 01       		.byte	1
  60 001f 40       		.byte	64
  61 0020 44       		.byte	68
  62 0021 09       		.byte	9
  63 0022 01       		.byte	1
  64 0023 40       		.byte	64
  65 0024 17       		.byte	23
  66 0025 0A       		.byte	10
  67 0026 01       		.byte	1
  68 0027 40       		.byte	64
  69 0028 3A       		.byte	58
  70 0029 0B       		.byte	11
  71 002a 01       		.byte	1
  72 002b 40       		.byte	64
  73 002c 3B       		.byte	59
  74 002d 0C       		.byte	12
  75 002e 01       		.byte	1
  76 002f 40       		.byte	64
  77 0030 2B       		.byte	43
  78 0031 0D       		.byte	13
  79 0032 01       		.byte	1
  80 0033 40       		.byte	64
  81 0034 36       		.byte	54
  82 0035 14       		.byte	20
  83 0036 01       		.byte	1
  84 0037 40       		.byte	64
  85 0038 19       		.byte	25
  86 0039 15       		.byte	21
  87 003a 01       		.byte	1
  88 003b 40       		.byte	64
  89 003c 01       		.byte	1
  90 003d 17       		.byte	23
  91 003e 01       		.byte	1
  92 003f 40       		.byte	64
  93 0040 52       		.byte	82
  94 0041 18       		.byte	24
  95 0042 01       		.byte	1
  96 0043 40       		.byte	64
  97 0044 41       		.byte	65
  98 0045 19       		.byte	25
  99 0046 01       		.byte	1
 100 0047 40       		.byte	64
 101 0048 5F       		.byte	95
 102 0049 1A       		.byte	26
 103 004a 01       		.byte	1
 104 004b 40       		.byte	64
 105 004c 42       		.byte	66
 106 004d 1B       		.byte	27
 107 004e 01       		.byte	1
 108 004f 40       		.byte	64
 109 0050 03       		.byte	3
 110 0051 40       		.byte	64
 111 0052 01       		.byte	1
 112 0053 40       		.byte	64
 113 0054 07       		.byte	7
 114 0055 41       		.byte	65
ARM GAS  C:\Users\ipfajard\AppData\Local\Temp\cc6bNsmz.s 			page 3


 115 0056 01       		.byte	1
 116 0057 40       		.byte	64
 117 0058 06       		.byte	6
 118 0059 42       		.byte	66
 119 005a 01       		.byte	1
 120 005b 40       		.byte	64
 121 005c 04       		.byte	4
 122 005d 43       		.byte	67
 123 005e 01       		.byte	1
 124 005f 40       		.byte	64
 125 0060 03       		.byte	3
 126 0061 46       		.byte	70
 127 0062 01       		.byte	1
 128 0063 40       		.byte	64
 129 0064 04       		.byte	4
 130 0065 47       		.byte	71
 131 0066 01       		.byte	1
 132 0067 40       		.byte	64
 133 0068 03       		.byte	3
 134 0069 48       		.byte	72
 135 006a 01       		.byte	1
 136 006b 40       		.byte	64
 137 006c 03       		.byte	3
 138 006d 49       		.byte	73
 139 006e 01       		.byte	1
 140 006f 40       		.byte	64
 141 0070 07       		.byte	7
 142 0071 4C       		.byte	76
 143 0072 01       		.byte	1
 144 0073 40       		.byte	64
 145 0074 0A       		.byte	10
 146 0075 4D       		.byte	77
 147 0076 01       		.byte	1
 148 0077 40       		.byte	64
 149 0078 09       		.byte	9
 150 0079 50       		.byte	80
 151 007a 01       		.byte	1
 152 007b 40       		.byte	64
 153 007c 01       		.byte	1
 154 007d 51       		.byte	81
 155 007e 01       		.byte	1
 156 007f 40       		.byte	64
 157 0080 01       		.byte	1
 158 0081 80       		.byte	-128
 159 0082 0A       		.byte	10
 160 0083 27       		.byte	39
 161 0084 00       		.byte	0
 162 0085 04       		.byte	4
 163 0086 08       		.byte	8
 164 0087 30       		.byte	48
 165 0088 09       		.byte	9
 166 0089 60       		.byte	96
 167 008a 61       		.byte	97
 168 008b 80       		.byte	-128
 169 008c 64       		.byte	100
 170 008d 40       		.byte	64
 171 008e 83       		.byte	-125
ARM GAS  C:\Users\ipfajard\AppData\Local\Temp\cc6bNsmz.s 			page 4


 172 008f 0D       		.byte	13
 173 0090 88       		.byte	-120
 174 0091 72       		.byte	114
 175 0092 89       		.byte	-119
 176 0093 0D       		.byte	13
 177 0094 8B       		.byte	-117
 178 0095 0D       		.byte	13
 179 0096 8C       		.byte	-116
 180 0097 38       		.byte	56
 181 0098 8D       		.byte	-115
 182 0099 0D       		.byte	13
 183 009a 85       		.byte	-123
 184 009b 0D       		.byte	13
 185 009c 88       		.byte	-120
 186 009d 0F       		.byte	15
 187 009e 16       		.byte	22
 188 009f 01       		.byte	1
 189 00a0 2E       		.byte	46
 190 00a1 01       		.byte	1
 191 00a2 34       		.byte	52
 192 00a3 01       		.byte	1
 193 00a4 40       		.byte	64
 194 00a5 60       		.byte	96
 195 00a6 41       		.byte	65
 196 00a7 02       		.byte	2
 197 00a8 49       		.byte	73
 198 00a9 FF       		.byte	-1
 199 00aa 4A       		.byte	74
 200 00ab FF       		.byte	-1
 201 00ac 4B       		.byte	75
 202 00ad FF       		.byte	-1
 203 00ae 4D       		.byte	77
 204 00af A0       		.byte	-96
 205 00b0 4F       		.byte	79
 206 00b1 04       		.byte	4
 207 00b2 50       		.byte	80
 208 00b3 18       		.byte	24
 209 00b4 58       		.byte	88
 210 00b5 04       		.byte	4
 211 00b6 5A       		.byte	90
 212 00b7 04       		.byte	4
 213 00b8 5C       		.byte	92
 214 00b9 03       		.byte	3
 215 00ba 5D       		.byte	93
 216 00bb 03       		.byte	3
 217 00bc 5F       		.byte	95
 218 00bd 01       		.byte	1
 219 00be 60       		.byte	96
 220 00bf 40       		.byte	64
 221 00c0 62       		.byte	98
 222 00c1 C0       		.byte	-64
 223 00c2 64       		.byte	100
 224 00c3 40       		.byte	64
 225 00c4 65       		.byte	101
 226 00c5 40       		.byte	64
 227 00c6 66       		.byte	102
 228 00c7 C0       		.byte	-64
ARM GAS  C:\Users\ipfajard\AppData\Local\Temp\cc6bNsmz.s 			page 5


 229 00c8 68       		.byte	104
 230 00c9 C0       		.byte	-64
 231 00ca 6A       		.byte	106
 232 00cb C0       		.byte	-64
 233 00cc 6C       		.byte	108
 234 00cd C0       		.byte	-64
 235 00ce 6E       		.byte	110
 236 00cf C0       		.byte	-64
 237 00d0 86       		.byte	-122
 238 00d1 02       		.byte	2
 239 00d2 8F       		.byte	-113
 240 00d3 01       		.byte	1
 241 00d4 92       		.byte	-110
 242 00d5 01       		.byte	1
 243 00d6 A1       		.byte	-95
 244 00d7 01       		.byte	1
 245 00d8 A2       		.byte	-94
 246 00d9 04       		.byte	4
 247 00da AA       		.byte	-86
 248 00db 02       		.byte	2
 249 00dc B0       		.byte	-80
 250 00dd 04       		.byte	4
 251 00de B2       		.byte	-78
 252 00df 02       		.byte	2
 253 00e0 B4       		.byte	-76
 254 00e1 01       		.byte	1
 255 00e2 B7       		.byte	-73
 256 00e3 01       		.byte	1
 257 00e4 BE       		.byte	-66
 258 00e5 04       		.byte	4
 259 00e6 C0       		.byte	-64
 260 00e7 20       		.byte	32
 261 00e8 C1       		.byte	-63
 262 00e9 06       		.byte	6
 263 00ea C5       		.byte	-59
 264 00eb D0       		.byte	-48
 265 00ec C6       		.byte	-58
 266 00ed 01       		.byte	1
 267 00ee C7       		.byte	-57
 268 00ef 02       		.byte	2
 269 00f0 C8       		.byte	-56
 270 00f1 16       		.byte	22
 271 00f2 C9       		.byte	-55
 272 00f3 FF       		.byte	-1
 273 00f4 CA       		.byte	-54
 274 00f5 FF       		.byte	-1
 275 00f6 CB       		.byte	-53
 276 00f7 FF       		.byte	-1
 277 00f8 CD       		.byte	-51
 278 00f9 AF       		.byte	-81
 279 00fa CE       		.byte	-50
 280 00fb 0F       		.byte	15
 281 00fc CF       		.byte	-49
 282 00fd 04       		.byte	4
 283 00fe D0       		.byte	-48
 284 00ff 18       		.byte	24
 285 0100 D2       		.byte	-46
ARM GAS  C:\Users\ipfajard\AppData\Local\Temp\cc6bNsmz.s 			page 6


 286 0101 80       		.byte	-128
 287 0102 D4       		.byte	-44
 288 0103 05       		.byte	5
 289 0104 D8       		.byte	-40
 290 0105 04       		.byte	4
 291 0106 D9       		.byte	-39
 292 0107 04       		.byte	4
 293 0108 DA       		.byte	-38
 294 0109 04       		.byte	4
 295 010a DB       		.byte	-37
 296 010b 04       		.byte	4
 297 010c DC       		.byte	-36
 298 010d 33       		.byte	51
 299 010e DD       		.byte	-35
 300 010f 33       		.byte	51
 301 0110 DF       		.byte	-33
 302 0111 01       		.byte	1
 303 0112 E0       		.byte	-32
 304 0113 40       		.byte	64
 305 0114 E2       		.byte	-30
 306 0115 C0       		.byte	-64
 307 0116 E4       		.byte	-28
 308 0117 40       		.byte	64
 309 0118 E5       		.byte	-27
 310 0119 40       		.byte	64
 311 011a E6       		.byte	-26
 312 011b C0       		.byte	-64
 313 011c E8       		.byte	-24
 314 011d C0       		.byte	-64
 315 011e EA       		.byte	-22
 316 011f C0       		.byte	-64
 317 0120 EC       		.byte	-20
 318 0121 C0       		.byte	-64
 319 0122 EE       		.byte	-18
 320 0123 C0       		.byte	-64
 321 0124 00       		.byte	0
 322 0125 04       		.byte	4
 323 0126 09       		.byte	9
 324 0127 02       		.byte	2
 325 0128 0F       		.byte	15
 326 0129 20       		.byte	32
 327 012a 10       		.byte	16
 328 012b 80       		.byte	-128
 329 012c 12       		.byte	18
 330 012d 04       		.byte	4
 331 012e 15       		.byte	21
 332 012f 80       		.byte	-128
 333 0130 18       		.byte	24
 334 0131 04       		.byte	4
 335 0132 19       		.byte	25
 336 0133 06       		.byte	6
 337 0134 1B       		.byte	27
 338 0135 10       		.byte	16
 339 0136 1F       		.byte	31
 340 0137 20       		.byte	32
 341 0138 22       		.byte	34
 342 0139 40       		.byte	64
ARM GAS  C:\Users\ipfajard\AppData\Local\Temp\cc6bNsmz.s 			page 7


 343 013a 29       		.byte	41
 344 013b 02       		.byte	2
 345 013c 39       		.byte	57
 346 013d 80       		.byte	-128
 347 013e 40       		.byte	64
 348 013f 04       		.byte	4
 349 0140 46       		.byte	70
 350 0141 04       		.byte	4
 351 0142 48       		.byte	72
 352 0143 08       		.byte	8
 353 0144 49       		.byte	73
 354 0145 01       		.byte	1
 355 0146 4F       		.byte	79
 356 0147 20       		.byte	32
 357 0148 50       		.byte	80
 358 0149 88       		.byte	-120
 359 014a 51       		.byte	81
 360 014b 40       		.byte	64
 361 014c 52       		.byte	82
 362 014d 04       		.byte	4
 363 014e 59       		.byte	89
 364 014f 05       		.byte	5
 365 0150 5A       		.byte	90
 366 0151 80       		.byte	-128
 367 0152 71       		.byte	113
 368 0153 02       		.byte	2
 369 0154 C0       		.byte	-64
 370 0155 04       		.byte	4
 371 0156 C2       		.byte	-62
 372 0157 28       		.byte	40
 373 0158 C4       		.byte	-60
 374 0159 8A       		.byte	-118
 375 015a CA       		.byte	-54
 376 015b 01       		.byte	1
 377 015c CE       		.byte	-50
 378 015d 08       		.byte	8
 379 015e D0       		.byte	-48
 380 015f 24       		.byte	36
 381 0160 D2       		.byte	-46
 382 0161 24       		.byte	36
 383 0162 D6       		.byte	-42
 384 0163 0B       		.byte	11
 385 0164 E6       		.byte	-26
 386 0165 02       		.byte	2
 387 0166 AB       		.byte	-85
 388 0167 20       		.byte	32
 389 0168 02       		.byte	2
 390 0169 03       		.byte	3
 391 016a 04       		.byte	4
 392 016b 0F       		.byte	15
 393 016c 05       		.byte	5
 394 016d 08       		.byte	8
 395 016e 08       		.byte	8
 396 016f 03       		.byte	3
 397 0170 09       		.byte	9
 398 0171 06       		.byte	6
 399 0172 0B       		.byte	11
ARM GAS  C:\Users\ipfajard\AppData\Local\Temp\cc6bNsmz.s 			page 8


 400 0173 01       		.byte	1
 401 0174 0C       		.byte	12
 402 0175 01       		.byte	1
 403 0176 0D       		.byte	13
 404 0177 08       		.byte	8
 405 0178 10       		.byte	16
 406 0179 03       		.byte	3
 407 017a 11       		.byte	17
 408 017b 04       		.byte	4
 409 017c 12       		.byte	18
 410 017d 0C       		.byte	12
 411 017e 14       		.byte	20
 412 017f 0F       		.byte	15
 413 0180 15       		.byte	21
 414 0181 06       		.byte	6
 415 0182 17       		.byte	23
 416 0183 01       		.byte	1
 417 0184 18       		.byte	24
 418 0185 02       		.byte	2
 419 0186 19       		.byte	25
 420 0187 07       		.byte	7
 421 0188 1C       		.byte	28
 422 0189 04       		.byte	4
 423 018a 1F       		.byte	31
 424 018b 01       		.byte	1
 425 018c 20       		.byte	32
 426 018d 08       		.byte	8
 427 018e 21       		.byte	33
 428 018f 02       		.byte	2
 429 0190 24       		.byte	36
 430 0191 0C       		.byte	12
 431 0192 25       		.byte	37
 432 0193 06       		.byte	6
 433 0194 26       		.byte	38
 434 0195 03       		.byte	3
 435 0196 28       		.byte	40
 436 0197 0C       		.byte	12
 437 0198 29       		.byte	41
 438 0199 08       		.byte	8
 439 019a 2D       		.byte	45
 440 019b 01       		.byte	1
 441 019c 2F       		.byte	47
 442 019d 06       		.byte	6
 443 019e 30       		.byte	48
 444 019f 0F       		.byte	15
 445 01a0 33       		.byte	51
 446 01a1 07       		.byte	7
 447 01a2 35       		.byte	53
 448 01a3 08       		.byte	8
 449 01a4 38       		.byte	56
 450 01a5 08       		.byte	8
 451 01a6 3A       		.byte	58
 452 01a7 02       		.byte	2
 453 01a8 3B       		.byte	59
 454 01a9 08       		.byte	8
 455 01aa 3E       		.byte	62
 456 01ab 04       		.byte	4
ARM GAS  C:\Users\ipfajard\AppData\Local\Temp\cc6bNsmz.s 			page 9


 457 01ac 40       		.byte	64
 458 01ad 20       		.byte	32
 459 01ae 41       		.byte	65
 460 01af 06       		.byte	6
 461 01b0 49       		.byte	73
 462 01b1 FF       		.byte	-1
 463 01b2 4A       		.byte	74
 464 01b3 FF       		.byte	-1
 465 01b4 4B       		.byte	75
 466 01b5 FF       		.byte	-1
 467 01b6 4D       		.byte	77
 468 01b7 A0       		.byte	-96
 469 01b8 4F       		.byte	79
 470 01b9 04       		.byte	4
 471 01ba 50       		.byte	80
 472 01bb 18       		.byte	24
 473 01bc 56       		.byte	86
 474 01bd 02       		.byte	2
 475 01be 57       		.byte	87
 476 01bf 11       		.byte	17
 477 01c0 58       		.byte	88
 478 01c1 04       		.byte	4
 479 01c2 59       		.byte	89
 480 01c3 04       		.byte	4
 481 01c4 5A       		.byte	90
 482 01c5 04       		.byte	4
 483 01c6 5B       		.byte	91
 484 01c7 04       		.byte	4
 485 01c8 5C       		.byte	92
 486 01c9 44       		.byte	68
 487 01ca 5D       		.byte	93
 488 01cb 42       		.byte	66
 489 01cc 5F       		.byte	95
 490 01cd 01       		.byte	1
 491 01ce 60       		.byte	96
 492 01cf 40       		.byte	64
 493 01d0 62       		.byte	98
 494 01d1 C0       		.byte	-64
 495 01d2 64       		.byte	100
 496 01d3 40       		.byte	64
 497 01d4 65       		.byte	101
 498 01d5 40       		.byte	64
 499 01d6 66       		.byte	102
 500 01d7 C0       		.byte	-64
 501 01d8 68       		.byte	104
 502 01d9 C0       		.byte	-64
 503 01da 6A       		.byte	106
 504 01db C0       		.byte	-64
 505 01dc 6C       		.byte	108
 506 01dd C0       		.byte	-64
 507 01de 6E       		.byte	110
 508 01df C0       		.byte	-64
 509 01e0 91       		.byte	-111
 510 01e1 01       		.byte	1
 511 01e2 9A       		.byte	-102
 512 01e3 01       		.byte	1
 513 01e4 9F       		.byte	-97
ARM GAS  C:\Users\ipfajard\AppData\Local\Temp\cc6bNsmz.s 			page 10


 514 01e5 03       		.byte	3
 515 01e6 AA       		.byte	-86
 516 01e7 01       		.byte	1
 517 01e8 B1       		.byte	-79
 518 01e9 02       		.byte	2
 519 01ea B2       		.byte	-78
 520 01eb 01       		.byte	1
 521 01ec B7       		.byte	-73
 522 01ed 01       		.byte	1
 523 01ee BE       		.byte	-66
 524 01ef 04       		.byte	4
 525 01f0 C0       		.byte	-64
 526 01f1 20       		.byte	32
 527 01f2 C1       		.byte	-63
 528 01f3 06       		.byte	6
 529 01f4 C5       		.byte	-59
 530 01f5 D0       		.byte	-48
 531 01f6 C6       		.byte	-58
 532 01f7 01       		.byte	1
 533 01f8 C7       		.byte	-57
 534 01f9 02       		.byte	2
 535 01fa C8       		.byte	-56
 536 01fb 16       		.byte	22
 537 01fc C9       		.byte	-55
 538 01fd FF       		.byte	-1
 539 01fe CA       		.byte	-54
 540 01ff FF       		.byte	-1
 541 0200 CB       		.byte	-53
 542 0201 FF       		.byte	-1
 543 0202 CD       		.byte	-51
 544 0203 AF       		.byte	-81
 545 0204 CE       		.byte	-50
 546 0205 0F       		.byte	15
 547 0206 CF       		.byte	-49
 548 0207 04       		.byte	4
 549 0208 D0       		.byte	-48
 550 0209 18       		.byte	24
 551 020a D4       		.byte	-44
 552 020b 05       		.byte	5
 553 020c D8       		.byte	-40
 554 020d 04       		.byte	4
 555 020e D9       		.byte	-39
 556 020f 04       		.byte	4
 557 0210 DA       		.byte	-38
 558 0211 04       		.byte	4
 559 0212 DB       		.byte	-37
 560 0213 04       		.byte	4
 561 0214 DC       		.byte	-36
 562 0215 20       		.byte	32
 563 0216 DD       		.byte	-35
 564 0217 22       		.byte	34
 565 0218 DF       		.byte	-33
 566 0219 01       		.byte	1
 567 021a E0       		.byte	-32
 568 021b 40       		.byte	64
 569 021c E2       		.byte	-30
 570 021d C0       		.byte	-64
ARM GAS  C:\Users\ipfajard\AppData\Local\Temp\cc6bNsmz.s 			page 11


 571 021e E4       		.byte	-28
 572 021f 40       		.byte	64
 573 0220 E5       		.byte	-27
 574 0221 40       		.byte	64
 575 0222 E6       		.byte	-26
 576 0223 C0       		.byte	-64
 577 0224 E8       		.byte	-24
 578 0225 C0       		.byte	-64
 579 0226 EA       		.byte	-22
 580 0227 C0       		.byte	-64
 581 0228 EC       		.byte	-20
 582 0229 C0       		.byte	-64
 583 022a EE       		.byte	-18
 584 022b C0       		.byte	-64
 585 022c 04       		.byte	4
 586 022d 20       		.byte	32
 587 022e 05       		.byte	5
 588 022f 80       		.byte	-128
 589 0230 06       		.byte	6
 590 0231 80       		.byte	-128
 591 0232 07       		.byte	7
 592 0233 10       		.byte	16
 593 0234 09       		.byte	9
 594 0235 20       		.byte	32
 595 0236 0C       		.byte	12
 596 0237 10       		.byte	16
 597 0238 0D       		.byte	13
 598 0239 08       		.byte	8
 599 023a 0E       		.byte	14
 600 023b 41       		.byte	65
 601 023c 12       		.byte	18
 602 023d 08       		.byte	8
 603 023e 16       		.byte	22
 604 023f 08       		.byte	8
 605 0240 17       		.byte	23
 606 0241 05       		.byte	5
 607 0242 19       		.byte	25
 608 0243 04       		.byte	4
 609 0244 1E       		.byte	30
 610 0245 40       		.byte	64
 611 0246 1F       		.byte	31
 612 0247 04       		.byte	4
 613 0248 21       		.byte	33
 614 0249 02       		.byte	2
 615 024a 22       		.byte	34
 616 024b 40       		.byte	64
 617 024c 24       		.byte	36
 618 024d 08       		.byte	8
 619 024e 25       		.byte	37
 620 024f 08       		.byte	8
 621 0250 2D       		.byte	45
 622 0251 18       		.byte	24
 623 0252 2E       		.byte	46
 624 0253 48       		.byte	72
 625 0254 2F       		.byte	47
 626 0255 40       		.byte	64
 627 0256 30       		.byte	48
ARM GAS  C:\Users\ipfajard\AppData\Local\Temp\cc6bNsmz.s 			page 12


 628 0257 80       		.byte	-128
 629 0258 31       		.byte	49
 630 0259 02       		.byte	2
 631 025a 34       		.byte	52
 632 025b 80       		.byte	-128
 633 025c 37       		.byte	55
 634 025d 15       		.byte	21
 635 025e 3D       		.byte	61
 636 025f 40       		.byte	64
 637 0260 3E       		.byte	62
 638 0261 24       		.byte	36
 639 0262 40       		.byte	64
 640 0263 80       		.byte	-128
 641 0264 41       		.byte	65
 642 0265 28       		.byte	40
 643 0266 42       		.byte	66
 644 0267 A0       		.byte	-96
 645 0268 45       		.byte	69
 646 0269 20       		.byte	32
 647 026a 49       		.byte	73
 648 026b 01       		.byte	1
 649 026c 4A       		.byte	74
 650 026d 08       		.byte	8
 651 026e 4E       		.byte	78
 652 026f 08       		.byte	8
 653 0270 50       		.byte	80
 654 0271 80       		.byte	-128
 655 0272 52       		.byte	82
 656 0273 08       		.byte	8
 657 0274 59       		.byte	89
 658 0275 05       		.byte	5
 659 0276 5A       		.byte	90
 660 0277 80       		.byte	-128
 661 0278 5E       		.byte	94
 662 0279 20       		.byte	32
 663 027a 6D       		.byte	109
 664 027b 50       		.byte	80
 665 027c 6E       		.byte	110
 666 027d 04       		.byte	4
 667 027e 74       		.byte	116
 668 027f 10       		.byte	16
 669 0280 75       		.byte	117
 670 0281 08       		.byte	8
 671 0282 77       		.byte	119
 672 0283 01       		.byte	1
 673 0284 88       		.byte	-120
 674 0285 10       		.byte	16
 675 0286 8A       		.byte	-118
 676 0287 01       		.byte	1
 677 0288 8B       		.byte	-117
 678 0289 40       		.byte	64
 679 028a 8C       		.byte	-116
 680 028b 84       		.byte	-124
 681 028c 94       		.byte	-108
 682 028d 01       		.byte	1
 683 028e 96       		.byte	-106
 684 028f 40       		.byte	64
ARM GAS  C:\Users\ipfajard\AppData\Local\Temp\cc6bNsmz.s 			page 13


 685 0290 9A       		.byte	-102
 686 0291 40       		.byte	64
 687 0292 9B       		.byte	-101
 688 0293 14       		.byte	20
 689 0294 9C       		.byte	-100
 690 0295 80       		.byte	-128
 691 0296 9D       		.byte	-99
 692 0297 8A       		.byte	-118
 693 0298 9F       		.byte	-97
 694 0299 01       		.byte	1
 695 029a A4       		.byte	-92
 696 029b 18       		.byte	24
 697 029c A6       		.byte	-90
 698 029d 20       		.byte	32
 699 029e A7       		.byte	-89
 700 029f 04       		.byte	4
 701 02a0 B0       		.byte	-80
 702 02a1 01       		.byte	1
 703 02a2 C0       		.byte	-64
 704 02a3 F0       		.byte	-16
 705 02a4 C2       		.byte	-62
 706 02a5 F2       		.byte	-14
 707 02a6 C4       		.byte	-60
 708 02a7 72       		.byte	114
 709 02a8 CA       		.byte	-54
 710 02a9 F0       		.byte	-16
 711 02aa CC       		.byte	-52
 712 02ab F9       		.byte	-7
 713 02ac CE       		.byte	-50
 714 02ad 70       		.byte	112
 715 02ae D0       		.byte	-48
 716 02af 24       		.byte	36
 717 02b0 D2       		.byte	-46
 718 02b1 24       		.byte	36
 719 02b2 D6       		.byte	-42
 720 02b3 2B       		.byte	43
 721 02b4 0B       		.byte	11
 722 02b5 01       		.byte	1
 723 02b6 23       		.byte	35
 724 02b7 01       		.byte	1
 725 02b8 37       		.byte	55
 726 02b9 01       		.byte	1
 727 02ba 40       		.byte	64
 728 02bb 60       		.byte	96
 729 02bc 41       		.byte	65
 730 02bd 03       		.byte	3
 731 02be 49       		.byte	73
 732 02bf FF       		.byte	-1
 733 02c0 4A       		.byte	74
 734 02c1 FF       		.byte	-1
 735 02c2 4B       		.byte	75
 736 02c3 FF       		.byte	-1
 737 02c4 4D       		.byte	77
 738 02c5 A0       		.byte	-96
 739 02c6 4F       		.byte	79
 740 02c7 04       		.byte	4
 741 02c8 50       		.byte	80
ARM GAS  C:\Users\ipfajard\AppData\Local\Temp\cc6bNsmz.s 			page 14


 742 02c9 18       		.byte	24
 743 02ca 59       		.byte	89
 744 02cb 04       		.byte	4
 745 02cc 5A       		.byte	90
 746 02cd 04       		.byte	4
 747 02ce 5F       		.byte	95
 748 02cf 01       		.byte	1
 749 02d0 60       		.byte	96
 750 02d1 40       		.byte	64
 751 02d2 62       		.byte	98
 752 02d3 C0       		.byte	-64
 753 02d4 64       		.byte	100
 754 02d5 40       		.byte	64
 755 02d6 65       		.byte	101
 756 02d7 40       		.byte	64
 757 02d8 66       		.byte	102
 758 02d9 C0       		.byte	-64
 759 02da 68       		.byte	104
 760 02db C0       		.byte	-64
 761 02dc 6A       		.byte	106
 762 02dd C0       		.byte	-64
 763 02de 6C       		.byte	108
 764 02df C0       		.byte	-64
 765 02e0 6E       		.byte	110
 766 02e1 C0       		.byte	-64
 767 02e2 04       		.byte	4
 768 02e3 10       		.byte	16
 769 02e4 05       		.byte	5
 770 02e5 0A       		.byte	10
 771 02e6 07       		.byte	7
 772 02e7 01       		.byte	1
 773 02e8 0C       		.byte	12
 774 02e9 88       		.byte	-120
 775 02ea 0D       		.byte	13
 776 02eb 22       		.byte	34
 777 02ec 14       		.byte	20
 778 02ed C0       		.byte	-64
 779 02ee 15       		.byte	21
 780 02ef 40       		.byte	64
 781 02f0 16       		.byte	22
 782 02f1 20       		.byte	32
 783 02f2 17       		.byte	23
 784 02f3 10       		.byte	16
 785 02f4 1D       		.byte	29
 786 02f5 42       		.byte	66
 787 02f6 1E       		.byte	30
 788 02f7 08       		.byte	8
 789 02f8 1F       		.byte	31
 790 02f9 04       		.byte	4
 791 02fa 20       		.byte	32
 792 02fb 02       		.byte	2
 793 02fc 24       		.byte	36
 794 02fd 04       		.byte	4
 795 02fe 25       		.byte	37
 796 02ff 20       		.byte	32
 797 0300 26       		.byte	38
 798 0301 08       		.byte	8
ARM GAS  C:\Users\ipfajard\AppData\Local\Temp\cc6bNsmz.s 			page 15


 799 0302 27       		.byte	39
 800 0303 14       		.byte	20
 801 0304 29       		.byte	41
 802 0305 40       		.byte	64
 803 0306 2A       		.byte	42
 804 0307 40       		.byte	64
 805 0308 2B       		.byte	43
 806 0309 80       		.byte	-128
 807 030a 2C       		.byte	44
 808 030b 48       		.byte	72
 809 030c 2D       		.byte	45
 810 030d 88       		.byte	-120
 811 030e 36       		.byte	54
 812 030f 28       		.byte	40
 813 0310 37       		.byte	55
 814 0311 01       		.byte	1
 815 0312 3B       		.byte	59
 816 0313 10       		.byte	16
 817 0314 3C       		.byte	60
 818 0315 34       		.byte	52
 819 0316 3D       		.byte	61
 820 0317 40       		.byte	64
 821 0318 3E       		.byte	62
 822 0319 40       		.byte	64
 823 031a 42       		.byte	66
 824 031b 20       		.byte	32
 825 031c 46       		.byte	70
 826 031d 20       		.byte	32
 827 031e 48       		.byte	72
 828 031f 04       		.byte	4
 829 0320 4B       		.byte	75
 830 0321 10       		.byte	16
 831 0322 4F       		.byte	79
 832 0323 11       		.byte	17
 833 0324 56       		.byte	86
 834 0325 20       		.byte	32
 835 0326 57       		.byte	87
 836 0327 80       		.byte	-128
 837 0328 5C       		.byte	92
 838 0329 40       		.byte	64
 839 032a 5E       		.byte	94
 840 032b 08       		.byte	8
 841 032c 5F       		.byte	95
 842 032d 01       		.byte	1
 843 032e 77       		.byte	119
 844 032f 40       		.byte	64
 845 0330 88       		.byte	-120
 846 0331 80       		.byte	-128
 847 0332 8B       		.byte	-117
 848 0333 10       		.byte	16
 849 0334 90       		.byte	-112
 850 0335 40       		.byte	64
 851 0336 94       		.byte	-108
 852 0337 01       		.byte	1
 853 0338 97       		.byte	-105
 854 0339 08       		.byte	8
 855 033a 9D       		.byte	-99
ARM GAS  C:\Users\ipfajard\AppData\Local\Temp\cc6bNsmz.s 			page 16


 856 033b 40       		.byte	64
 857 033c 9F       		.byte	-97
 858 033d 40       		.byte	64
 859 033e A0       		.byte	-96
 860 033f 04       		.byte	4
 861 0340 A7       		.byte	-89
 862 0341 84       		.byte	-124
 863 0342 B4       		.byte	-76
 864 0343 04       		.byte	4
 865 0344 C0       		.byte	-64
 866 0345 F0       		.byte	-16
 867 0346 C2       		.byte	-62
 868 0347 F0       		.byte	-16
 869 0348 C4       		.byte	-60
 870 0349 F0       		.byte	-16
 871 034a CA       		.byte	-54
 872 034b F1       		.byte	-15
 873 034c CC       		.byte	-52
 874 034d E0       		.byte	-32
 875 034e CE       		.byte	-50
 876 034f 74       		.byte	116
 877 0350 D0       		.byte	-48
 878 0351 42       		.byte	66
 879 0352 D2       		.byte	-46
 880 0353 24       		.byte	36
 881 0354 D6       		.byte	-42
 882 0355 D0       		.byte	-48
 883 0356 02       		.byte	2
 884 0357 04       		.byte	4
 885 0358 0E       		.byte	14
 886 0359 02       		.byte	2
 887 035a 1A       		.byte	26
 888 035b 02       		.byte	2
 889 035c 22       		.byte	34
 890 035d 01       		.byte	1
 891 035e 23       		.byte	35
 892 035f 01       		.byte	1
 893 0360 2C       		.byte	44
 894 0361 01       		.byte	1
 895 0362 30       		.byte	48
 896 0363 01       		.byte	1
 897 0364 31       		.byte	49
 898 0365 01       		.byte	1
 899 0366 34       		.byte	52
 900 0367 04       		.byte	4
 901 0368 36       		.byte	54
 902 0369 02       		.byte	2
 903 036a 3E       		.byte	62
 904 036b 40       		.byte	64
 905 036c 54       		.byte	84
 906 036d 18       		.byte	24
 907 036e 56       		.byte	86
 908 036f 04       		.byte	4
 909 0370 58       		.byte	88
 910 0371 04       		.byte	4
 911 0372 59       		.byte	89
 912 0373 04       		.byte	4
ARM GAS  C:\Users\ipfajard\AppData\Local\Temp\cc6bNsmz.s 			page 17


 913 0374 5B       		.byte	91
 914 0375 04       		.byte	4
 915 0376 5D       		.byte	93
 916 0377 40       		.byte	64
 917 0378 5F       		.byte	95
 918 0379 01       		.byte	1
 919 037a 87       		.byte	-121
 920 037b 01       		.byte	1
 921 037c 88       		.byte	-120
 922 037d 04       		.byte	4
 923 037e 92       		.byte	-110
 924 037f 01       		.byte	1
 925 0380 93       		.byte	-109
 926 0381 01       		.byte	1
 927 0382 A6       		.byte	-90
 928 0383 07       		.byte	7
 929 0384 AF       		.byte	-81
 930 0385 02       		.byte	2
 931 0386 B0       		.byte	-80
 932 0387 04       		.byte	4
 933 0388 B1       		.byte	-79
 934 0389 02       		.byte	2
 935 038a B2       		.byte	-78
 936 038b 02       		.byte	2
 937 038c B3       		.byte	-77
 938 038d 01       		.byte	1
 939 038e B4       		.byte	-76
 940 038f 01       		.byte	1
 941 0390 BF       		.byte	-65
 942 0391 04       		.byte	4
 943 0392 C0       		.byte	-64
 944 0393 40       		.byte	64
 945 0394 C1       		.byte	-63
 946 0395 06       		.byte	6
 947 0396 C5       		.byte	-59
 948 0397 D1       		.byte	-47
 949 0398 C7       		.byte	-57
 950 0399 02       		.byte	2
 951 039a C8       		.byte	-56
 952 039b 13       		.byte	19
 953 039c C9       		.byte	-55
 954 039d FF       		.byte	-1
 955 039e CA       		.byte	-54
 956 039f FF       		.byte	-1
 957 03a0 CB       		.byte	-53
 958 03a1 FF       		.byte	-1
 959 03a2 CD       		.byte	-51
 960 03a3 A0       		.byte	-96
 961 03a4 CF       		.byte	-49
 962 03a5 04       		.byte	4
 963 03a6 D0       		.byte	-48
 964 03a7 18       		.byte	24
 965 03a8 D2       		.byte	-46
 966 03a9 80       		.byte	-128
 967 03aa D4       		.byte	-44
 968 03ab 05       		.byte	5
 969 03ac D8       		.byte	-40
ARM GAS  C:\Users\ipfajard\AppData\Local\Temp\cc6bNsmz.s 			page 18


 970 03ad 04       		.byte	4
 971 03ae D9       		.byte	-39
 972 03af 04       		.byte	4
 973 03b0 DA       		.byte	-38
 974 03b1 04       		.byte	4
 975 03b2 DB       		.byte	-37
 976 03b3 04       		.byte	4
 977 03b4 DC       		.byte	-36
 978 03b5 11       		.byte	17
 979 03b6 DD       		.byte	-35
 980 03b7 11       		.byte	17
 981 03b8 DF       		.byte	-33
 982 03b9 01       		.byte	1
 983 03ba E0       		.byte	-32
 984 03bb 40       		.byte	64
 985 03bc E2       		.byte	-30
 986 03bd C0       		.byte	-64
 987 03be E4       		.byte	-28
 988 03bf 40       		.byte	64
 989 03c0 E5       		.byte	-27
 990 03c1 40       		.byte	64
 991 03c2 E6       		.byte	-26
 992 03c3 C0       		.byte	-64
 993 03c4 E8       		.byte	-24
 994 03c5 C0       		.byte	-64
 995 03c6 EA       		.byte	-22
 996 03c7 C0       		.byte	-64
 997 03c8 EC       		.byte	-20
 998 03c9 C0       		.byte	-64
 999 03ca EE       		.byte	-18
 1000 03cb C0       		.byte	-64
 1001 03cc 00       		.byte	0
 1002 03cd 10       		.byte	16
 1003 03ce 05       		.byte	5
 1004 03cf 40       		.byte	64
 1005 03d0 07       		.byte	7
 1006 03d1 40       		.byte	64
 1007 03d2 09       		.byte	9
 1008 03d3 02       		.byte	2
 1009 03d4 0F       		.byte	15
 1010 03d5 08       		.byte	8
 1011 03d6 10       		.byte	16
 1012 03d7 20       		.byte	32
 1013 03d8 15       		.byte	21
 1014 03d9 01       		.byte	1
 1015 03da 17       		.byte	23
 1016 03db 80       		.byte	-128
 1017 03dc 18       		.byte	24
 1018 03dd 14       		.byte	20
 1019 03de 1A       		.byte	26
 1020 03df 40       		.byte	64
 1021 03e0 1C       		.byte	28
 1022 03e1 48       		.byte	72
 1023 03e2 1F       		.byte	31
 1024 03e3 40       		.byte	64
 1025 03e4 21       		.byte	33
 1026 03e5 02       		.byte	2
ARM GAS  C:\Users\ipfajard\AppData\Local\Temp\cc6bNsmz.s 			page 19


 1027 03e6 22       		.byte	34
 1028 03e7 04       		.byte	4
 1029 03e8 27       		.byte	39
 1030 03e9 80       		.byte	-128
 1031 03ea 2A       		.byte	42
 1032 03eb 80       		.byte	-128
 1033 03ec 2D       		.byte	45
 1034 03ed 01       		.byte	1
 1035 03ee 2F       		.byte	47
 1036 03ef 80       		.byte	-128
 1037 03f0 31       		.byte	49
 1038 03f1 02       		.byte	2
 1039 03f2 38       		.byte	56
 1040 03f3 08       		.byte	8
 1041 03f4 3A       		.byte	58
 1042 03f5 40       		.byte	64
 1043 03f6 3B       		.byte	59
 1044 03f7 80       		.byte	-128
 1045 03f8 41       		.byte	65
 1046 03f9 02       		.byte	2
 1047 03fa 48       		.byte	72
 1048 03fb 28       		.byte	40
 1049 03fc 49       		.byte	73
 1050 03fd 01       		.byte	1
 1051 03fe 50       		.byte	80
 1052 03ff 0C       		.byte	12
 1053 0400 59       		.byte	89
 1054 0401 01       		.byte	1
 1055 0402 5A       		.byte	90
 1056 0403 48       		.byte	72
 1057 0404 5C       		.byte	92
 1058 0405 01       		.byte	1
 1059 0406 66       		.byte	102
 1060 0407 40       		.byte	64
 1061 0408 67       		.byte	103
 1062 0409 48       		.byte	72
 1063 040a 72       		.byte	114
 1064 040b 80       		.byte	-128
 1065 040c 87       		.byte	-121
 1066 040d 40       		.byte	64
 1067 040e C0       		.byte	-64
 1068 040f 92       		.byte	-110
 1069 0410 C2       		.byte	-62
 1070 0411 48       		.byte	72
 1071 0412 C4       		.byte	-60
 1072 0413 94       		.byte	-108
 1073 0414 CA       		.byte	-54
 1074 0415 88       		.byte	-120
 1075 0416 CC       		.byte	-52
 1076 0417 01       		.byte	1
 1077 0418 CE       		.byte	-50
 1078 0419 02       		.byte	2
 1079 041a D0       		.byte	-48
 1080 041b 01       		.byte	1
 1081 041c D2       		.byte	-46
 1082 041d 04       		.byte	4
 1083 041e D6       		.byte	-42
ARM GAS  C:\Users\ipfajard\AppData\Local\Temp\cc6bNsmz.s 			page 20


 1084 041f 8B       		.byte	-117
 1085 0420 D8       		.byte	-40
 1086 0421 B0       		.byte	-80
 1087 0422 1F       		.byte	31
 1088 0423 01       		.byte	1
 1089 0424 23       		.byte	35
 1090 0425 01       		.byte	1
 1091 0426 31       		.byte	49
 1092 0427 01       		.byte	1
 1093 0428 40       		.byte	64
 1094 0429 51       		.byte	81
 1095 042a 49       		.byte	73
 1096 042b FF       		.byte	-1
 1097 042c 4A       		.byte	74
 1098 042d FF       		.byte	-1
 1099 042e 4B       		.byte	75
 1100 042f FF       		.byte	-1
 1101 0430 4F       		.byte	79
 1102 0431 01       		.byte	1
 1103 0432 50       		.byte	80
 1104 0433 18       		.byte	24
 1105 0434 59       		.byte	89
 1106 0435 04       		.byte	4
 1107 0436 5A       		.byte	90
 1108 0437 04       		.byte	4
 1109 0438 5C       		.byte	92
 1110 0439 50       		.byte	80
 1111 043a 5D       		.byte	93
 1112 043b 05       		.byte	5
 1113 043c 5F       		.byte	95
 1114 043d 01       		.byte	1
 1115 043e 60       		.byte	96
 1116 043f 40       		.byte	64
 1117 0440 62       		.byte	98
 1118 0441 40       		.byte	64
 1119 0442 64       		.byte	100
 1120 0443 40       		.byte	64
 1121 0444 65       		.byte	101
 1122 0445 40       		.byte	64
 1123 0446 66       		.byte	102
 1124 0447 80       		.byte	-128
 1125 0448 68       		.byte	104
 1126 0449 80       		.byte	-128
 1127 044a 6A       		.byte	106
 1128 044b 80       		.byte	-128
 1129 044c 6C       		.byte	108
 1130 044d 80       		.byte	-128
 1131 044e 6E       		.byte	110
 1132 044f 80       		.byte	-128
 1133 0450 92       		.byte	-110
 1134 0451 01       		.byte	1
 1135 0452 AE       		.byte	-82
 1136 0453 01       		.byte	1
 1137 0454 B0       		.byte	-80
 1138 0455 01       		.byte	1
 1139 0456 BE       		.byte	-66
 1140 0457 01       		.byte	1
ARM GAS  C:\Users\ipfajard\AppData\Local\Temp\cc6bNsmz.s 			page 21


 1141 0458 C0       		.byte	-64
 1142 0459 15       		.byte	21
 1143 045a C5       		.byte	-59
 1144 045b EC       		.byte	-20
 1145 045c C6       		.byte	-58
 1146 045d 02       		.byte	2
 1147 045e C8       		.byte	-56
 1148 045f 07       		.byte	7
 1149 0460 C9       		.byte	-55
 1150 0461 FF       		.byte	-1
 1151 0462 CA       		.byte	-54
 1152 0463 FF       		.byte	-1
 1153 0464 CB       		.byte	-53
 1154 0465 FF       		.byte	-1
 1155 0466 CD       		.byte	-51
 1156 0467 83       		.byte	-125
 1157 0468 CE       		.byte	-50
 1158 0469 03       		.byte	3
 1159 046a CF       		.byte	-49
 1160 046b 01       		.byte	1
 1161 046c D0       		.byte	-48
 1162 046d 18       		.byte	24
 1163 046e D2       		.byte	-46
 1164 046f 80       		.byte	-128
 1165 0470 D4       		.byte	-44
 1166 0471 01       		.byte	1
 1167 0472 D8       		.byte	-40
 1168 0473 04       		.byte	4
 1169 0474 DA       		.byte	-38
 1170 0475 04       		.byte	4
 1171 0476 DB       		.byte	-37
 1172 0477 04       		.byte	4
 1173 0478 DD       		.byte	-35
 1174 0479 55       		.byte	85
 1175 047a DF       		.byte	-33
 1176 047b 01       		.byte	1
 1177 047c E0       		.byte	-32
 1178 047d 40       		.byte	64
 1179 047e E2       		.byte	-30
 1180 047f 40       		.byte	64
 1181 0480 E4       		.byte	-28
 1182 0481 40       		.byte	64
 1183 0482 E5       		.byte	-27
 1184 0483 40       		.byte	64
 1185 0484 E6       		.byte	-26
 1186 0485 80       		.byte	-128
 1187 0486 E8       		.byte	-24
 1188 0487 80       		.byte	-128
 1189 0488 EA       		.byte	-22
 1190 0489 80       		.byte	-128
 1191 048a EC       		.byte	-20
 1192 048b 80       		.byte	-128
 1193 048c EE       		.byte	-18
 1194 048d 80       		.byte	-128
 1195 048e 0F       		.byte	15
 1196 048f 80       		.byte	-128
 1197 0490 17       		.byte	23
ARM GAS  C:\Users\ipfajard\AppData\Local\Temp\cc6bNsmz.s 			page 22


 1198 0491 40       		.byte	64
 1199 0492 1E       		.byte	30
 1200 0493 80       		.byte	-128
 1201 0494 21       		.byte	33
 1202 0495 02       		.byte	2
 1203 0496 2B       		.byte	43
 1204 0497 80       		.byte	-128
 1205 0498 33       		.byte	51
 1206 0499 40       		.byte	64
 1207 049a 43       		.byte	67
 1208 049b 80       		.byte	-128
 1209 049c 47       		.byte	71
 1210 049d 40       		.byte	64
 1211 049e 48       		.byte	72
 1212 049f 01       		.byte	1
 1213 04a0 4D       		.byte	77
 1214 04a1 04       		.byte	4
 1215 04a2 4F       		.byte	79
 1216 04a3 81       		.byte	-127
 1217 04a4 57       		.byte	87
 1218 04a5 C0       		.byte	-64
 1219 04a6 5D       		.byte	93
 1220 04a7 04       		.byte	4
 1221 04a8 5E       		.byte	94
 1222 04a9 80       		.byte	-128
 1223 04aa 5F       		.byte	95
 1224 04ab 01       		.byte	1
 1225 04ac 74       		.byte	116
 1226 04ad 01       		.byte	1
 1227 04ae 77       		.byte	119
 1228 04af 40       		.byte	64
 1229 04b0 85       		.byte	-123
 1230 04b1 02       		.byte	2
 1231 04b2 C2       		.byte	-62
 1232 04b3 10       		.byte	16
 1233 04b4 C4       		.byte	-60
 1234 04b5 80       		.byte	-128
 1235 04b6 CA       		.byte	-54
 1236 04b7 01       		.byte	1
 1237 04b8 CC       		.byte	-52
 1238 04b9 08       		.byte	8
 1239 04ba D0       		.byte	-48
 1240 04bb 18       		.byte	24
 1241 04bc D2       		.byte	-46
 1242 04bd 18       		.byte	24
 1243 04be D6       		.byte	-42
 1244 04bf D0       		.byte	-48
 1245 04c0 EE       		.byte	-18
 1246 04c1 08       		.byte	8
 1247 04c2 01       		.byte	1
 1248 04c3 C8       		.byte	-56
 1249 04c4 03       		.byte	3
 1250 04c5 32       		.byte	50
 1251 04c6 05       		.byte	5
 1252 04c7 38       		.byte	56
 1253 04c8 06       		.byte	6
 1254 04c9 02       		.byte	2
ARM GAS  C:\Users\ipfajard\AppData\Local\Temp\cc6bNsmz.s 			page 23


 1255 04ca 08       		.byte	8
 1256 04cb 02       		.byte	2
 1257 04cc 09       		.byte	9
 1258 04cd 38       		.byte	56
 1259 04ce 0C       		.byte	12
 1260 04cf 02       		.byte	2
 1261 04d0 0D       		.byte	13
 1262 04d1 C0       		.byte	-64
 1263 04d2 10       		.byte	16
 1264 04d3 04       		.byte	4
 1265 04d4 14       		.byte	20
 1266 04d5 04       		.byte	4
 1267 04d6 17       		.byte	23
 1268 04d7 C0       		.byte	-64
 1269 04d8 19       		.byte	25
 1270 04d9 C0       		.byte	-64
 1271 04da 1A       		.byte	26
 1272 04db 02       		.byte	2
 1273 04dc 1E       		.byte	30
 1274 04dd 02       		.byte	2
 1275 04de 1F       		.byte	31
 1276 04df C0       		.byte	-64
 1277 04e0 20       		.byte	32
 1278 04e1 01       		.byte	1
 1279 04e2 24       		.byte	36
 1280 04e3 04       		.byte	4
 1281 04e4 25       		.byte	37
 1282 04e5 A0       		.byte	-96
 1283 04e6 27       		.byte	39
 1284 04e7 0C       		.byte	12
 1285 04e8 28       		.byte	40
 1286 04e9 04       		.byte	4
 1287 04ea 2B       		.byte	43
 1288 04eb C0       		.byte	-64
 1289 04ec 2D       		.byte	45
 1290 04ed 50       		.byte	80
 1291 04ee 2F       		.byte	47
 1292 04ef 0D       		.byte	13
 1293 04f0 30       		.byte	48
 1294 04f1 02       		.byte	2
 1295 04f2 31       		.byte	49
 1296 04f3 06       		.byte	6
 1297 04f4 32       		.byte	50
 1298 04f5 04       		.byte	4
 1299 04f6 33       		.byte	51
 1300 04f7 38       		.byte	56
 1301 04f8 34       		.byte	52
 1302 04f9 01       		.byte	1
 1303 04fa 35       		.byte	53
 1304 04fb 01       		.byte	1
 1305 04fc 37       		.byte	55
 1306 04fd C0       		.byte	-64
 1307 04fe 3E       		.byte	62
 1308 04ff 15       		.byte	21
 1309 0500 3F       		.byte	63
 1310 0501 01       		.byte	1
 1311 0502 40       		.byte	64
ARM GAS  C:\Users\ipfajard\AppData\Local\Temp\cc6bNsmz.s 			page 24


 1312 0503 56       		.byte	86
 1313 0504 41       		.byte	65
 1314 0505 02       		.byte	2
 1315 0506 42       		.byte	66
 1316 0507 04       		.byte	4
 1317 0508 44       		.byte	68
 1318 0509 01       		.byte	1
 1319 050a 45       		.byte	69
 1320 050b E0       		.byte	-32
 1321 050c 47       		.byte	71
 1322 050d 0C       		.byte	12
 1323 050e 48       		.byte	72
 1324 050f 12       		.byte	18
 1325 0510 49       		.byte	73
 1326 0511 FF       		.byte	-1
 1327 0512 4A       		.byte	74
 1328 0513 FF       		.byte	-1
 1329 0514 4B       		.byte	75
 1330 0515 FF       		.byte	-1
 1331 0516 4C       		.byte	76
 1332 0517 62       		.byte	98
 1333 0518 4D       		.byte	77
 1334 0519 A0       		.byte	-96
 1335 051a 4E       		.byte	78
 1336 051b F0       		.byte	-16
 1337 051c 4F       		.byte	79
 1338 051d 41       		.byte	65
 1339 051e 50       		.byte	80
 1340 051f 0C       		.byte	12
 1341 0520 54       		.byte	84
 1342 0521 01       		.byte	1
 1343 0522 58       		.byte	88
 1344 0523 04       		.byte	4
 1345 0524 59       		.byte	89
 1346 0525 04       		.byte	4
 1347 0526 5A       		.byte	90
 1348 0527 04       		.byte	4
 1349 0528 5B       		.byte	91
 1350 0529 04       		.byte	4
 1351 052a 5C       		.byte	92
 1352 052b 40       		.byte	64
 1353 052c 5D       		.byte	93
 1354 052d 44       		.byte	68
 1355 052e 5F       		.byte	95
 1356 052f 01       		.byte	1
 1357 0530 66       		.byte	102
 1358 0531 40       		.byte	64
 1359 0532 67       		.byte	103
 1360 0533 02       		.byte	2
 1361 0534 69       		.byte	105
 1362 0535 10       		.byte	16
 1363 0536 6A       		.byte	106
 1364 0537 30       		.byte	48
 1365 0538 6B       		.byte	107
 1366 0539 10       		.byte	16
 1367 053a 6D       		.byte	109
 1368 053b 10       		.byte	16
ARM GAS  C:\Users\ipfajard\AppData\Local\Temp\cc6bNsmz.s 			page 25


 1369 053c 6E       		.byte	110
 1370 053d 10       		.byte	16
 1371 053e 6F       		.byte	111
 1372 053f 12       		.byte	18
 1373 0540 84       		.byte	-124
 1374 0541 04       		.byte	4
 1375 0542 88       		.byte	-120
 1376 0543 06       		.byte	6
 1377 0544 8C       		.byte	-116
 1378 0545 06       		.byte	6
 1379 0546 93       		.byte	-109
 1380 0547 01       		.byte	1
 1381 0548 9A       		.byte	-102
 1382 0549 01       		.byte	1
 1383 054a A2       		.byte	-94
 1384 054b 01       		.byte	1
 1385 054c A6       		.byte	-90
 1386 054d 02       		.byte	2
 1387 054e B0       		.byte	-80
 1388 054f 01       		.byte	1
 1389 0550 B4       		.byte	-76
 1390 0551 06       		.byte	6
 1391 0552 B5       		.byte	-75
 1392 0553 01       		.byte	1
 1393 0554 B8       		.byte	-72
 1394 0555 20       		.byte	32
 1395 0556 BE       		.byte	-66
 1396 0557 10       		.byte	16
 1397 0558 D2       		.byte	-46
 1398 0559 80       		.byte	-128
 1399 055a D8       		.byte	-40
 1400 055b 04       		.byte	4
 1401 055c D9       		.byte	-39
 1402 055d 04       		.byte	4
 1403 055e DB       		.byte	-37
 1404 055f 04       		.byte	4
 1405 0560 DC       		.byte	-36
 1406 0561 22       		.byte	34
 1407 0562 DD       		.byte	-35
 1408 0563 20       		.byte	32
 1409 0564 DF       		.byte	-33
 1410 0565 01       		.byte	1
 1411 0566 00       		.byte	0
 1412 0567 44       		.byte	68
 1413 0568 01       		.byte	1
 1414 0569 20       		.byte	32
 1415 056a 03       		.byte	3
 1416 056b 08       		.byte	8
 1417 056c 04       		.byte	4
 1418 056d 44       		.byte	68
 1419 056e 05       		.byte	5
 1420 056f 20       		.byte	32
 1421 0570 09       		.byte	9
 1422 0571 20       		.byte	32
 1423 0572 0C       		.byte	12
 1424 0573 28       		.byte	40
 1425 0574 0D       		.byte	13
ARM GAS  C:\Users\ipfajard\AppData\Local\Temp\cc6bNsmz.s 			page 26


 1426 0575 08       		.byte	8
 1427 0576 0E       		.byte	14
 1428 0577 42       		.byte	66
 1429 0578 0F       		.byte	15
 1430 0579 82       		.byte	-126
 1431 057a 10       		.byte	16
 1432 057b A0       		.byte	-96
 1433 057c 15       		.byte	21
 1434 057d 01       		.byte	1
 1435 057e 17       		.byte	23
 1436 057f 14       		.byte	20
 1437 0580 18       		.byte	24
 1438 0581 80       		.byte	-128
 1439 0582 19       		.byte	25
 1440 0583 10       		.byte	16
 1441 0584 1E       		.byte	30
 1442 0585 A8       		.byte	-88
 1443 0586 21       		.byte	33
 1444 0587 20       		.byte	32
 1445 0588 24       		.byte	36
 1446 0589 21       		.byte	33
 1447 058a 26       		.byte	38
 1448 058b 20       		.byte	32
 1449 058c 27       		.byte	39
 1450 058d 60       		.byte	96
 1451 058e 2C       		.byte	44
 1452 058f 18       		.byte	24
 1453 0590 2D       		.byte	45
 1454 0591 80       		.byte	-128
 1455 0592 2F       		.byte	47
 1456 0593 10       		.byte	16
 1457 0594 31       		.byte	49
 1458 0595 01       		.byte	1
 1459 0596 34       		.byte	52
 1460 0597 80       		.byte	-128
 1461 0598 37       		.byte	55
 1462 0599 14       		.byte	20
 1463 059a 3D       		.byte	61
 1464 059b 10       		.byte	16
 1465 059c 3E       		.byte	62
 1466 059d 44       		.byte	68
 1467 059e 3F       		.byte	63
 1468 059f 01       		.byte	1
 1469 05a0 46       		.byte	70
 1470 05a1 40       		.byte	64
 1471 05a2 47       		.byte	71
 1472 05a3 50       		.byte	80
 1473 05a4 4C       		.byte	76
 1474 05a5 04       		.byte	4
 1475 05a6 4D       		.byte	77
 1476 05a7 02       		.byte	2
 1477 05a8 4F       		.byte	79
 1478 05a9 80       		.byte	-128
 1479 05aa 57       		.byte	87
 1480 05ab 04       		.byte	4
 1481 05ac 5C       		.byte	92
 1482 05ad 10       		.byte	16
ARM GAS  C:\Users\ipfajard\AppData\Local\Temp\cc6bNsmz.s 			page 27


 1483 05ae 5D       		.byte	93
 1484 05af 01       		.byte	1
 1485 05b0 5E       		.byte	94
 1486 05b1 88       		.byte	-120
 1487 05b2 71       		.byte	113
 1488 05b3 01       		.byte	1
 1489 05b4 83       		.byte	-125
 1490 05b5 21       		.byte	33
 1491 05b6 90       		.byte	-112
 1492 05b7 08       		.byte	8
 1493 05b8 91       		.byte	-111
 1494 05b9 10       		.byte	16
 1495 05ba 92       		.byte	-110
 1496 05bb 44       		.byte	68
 1497 05bc 94       		.byte	-108
 1498 05bd 21       		.byte	33
 1499 05be 98       		.byte	-104
 1500 05bf 80       		.byte	-128
 1501 05c0 9A       		.byte	-102
 1502 05c1 40       		.byte	64
 1503 05c2 9B       		.byte	-101
 1504 05c3 14       		.byte	20
 1505 05c4 9C       		.byte	-100
 1506 05c5 10       		.byte	16
 1507 05c6 9D       		.byte	-99
 1508 05c7 82       		.byte	-126
 1509 05c8 A0       		.byte	-96
 1510 05c9 80       		.byte	-128
 1511 05ca A1       		.byte	-95
 1512 05cb 08       		.byte	8
 1513 05cc A4       		.byte	-92
 1514 05cd 08       		.byte	8
 1515 05ce A5       		.byte	-91
 1516 05cf 20       		.byte	32
 1517 05d0 A6       		.byte	-90
 1518 05d1 30       		.byte	48
 1519 05d2 A7       		.byte	-89
 1520 05d3 04       		.byte	4
 1521 05d4 AF       		.byte	-81
 1522 05d5 04       		.byte	4
 1523 05d6 C0       		.byte	-64
 1524 05d7 E7       		.byte	-25
 1525 05d8 C2       		.byte	-62
 1526 05d9 F2       		.byte	-14
 1527 05da C4       		.byte	-60
 1528 05db 7C       		.byte	124
 1529 05dc CA       		.byte	-54
 1530 05dd 70       		.byte	112
 1531 05de CC       		.byte	-52
 1532 05df 71       		.byte	113
 1533 05e0 CE       		.byte	-50
 1534 05e1 F0       		.byte	-16
 1535 05e2 D0       		.byte	-48
 1536 05e3 B0       		.byte	-80
 1537 05e4 D2       		.byte	-46
 1538 05e5 30       		.byte	48
 1539 05e6 D6       		.byte	-42
ARM GAS  C:\Users\ipfajard\AppData\Local\Temp\cc6bNsmz.s 			page 28


 1540 05e7 F0       		.byte	-16
 1541 05e8 04       		.byte	4
 1542 05e9 E6       		.byte	-26
 1543 05ea 05       		.byte	5
 1544 05eb 0C       		.byte	12
 1545 05ec 06       		.byte	6
 1546 05ed 11       		.byte	17
 1547 05ee 07       		.byte	7
 1548 05ef 03       		.byte	3
 1549 05f0 0C       		.byte	12
 1550 05f1 60       		.byte	96
 1551 05f2 0D       		.byte	13
 1552 05f3 01       		.byte	1
 1553 05f4 0E       		.byte	14
 1554 05f5 8B       		.byte	-117
 1555 05f6 0F       		.byte	15
 1556 05f7 0E       		.byte	14
 1557 05f8 11       		.byte	17
 1558 05f9 10       		.byte	16
 1559 05fa 14       		.byte	20
 1560 05fb 80       		.byte	-128
 1561 05fc 15       		.byte	21
 1562 05fd 01       		.byte	1
 1563 05fe 16       		.byte	22
 1564 05ff 65       		.byte	101
 1565 0600 17       		.byte	23
 1566 0601 06       		.byte	6
 1567 0602 18       		.byte	24
 1568 0603 A0       		.byte	-96
 1569 0604 1B       		.byte	27
 1570 0605 03       		.byte	3
 1571 0606 1E       		.byte	30
 1572 0607 18       		.byte	24
 1573 0608 1F       		.byte	31
 1574 0609 08       		.byte	8
 1575 060a 20       		.byte	32
 1576 060b 80       		.byte	-128
 1577 060c 22       		.byte	34
 1578 060d 02       		.byte	2
 1579 060e 26       		.byte	38
 1580 060f 01       		.byte	1
 1581 0610 28       		.byte	40
 1582 0611 48       		.byte	72
 1583 0612 2A       		.byte	42
 1584 0613 86       		.byte	-122
 1585 0614 2F       		.byte	47
 1586 0615 0C       		.byte	12
 1587 0616 30       		.byte	48
 1588 0617 07       		.byte	7
 1589 0618 33       		.byte	51
 1590 0619 10       		.byte	16
 1591 061a 35       		.byte	53
 1592 061b 0F       		.byte	15
 1593 061c 36       		.byte	54
 1594 061d F8       		.byte	-8
 1595 061e 3A       		.byte	58
 1596 061f 02       		.byte	2
ARM GAS  C:\Users\ipfajard\AppData\Local\Temp\cc6bNsmz.s 			page 29


 1597 0620 3B       		.byte	59
 1598 0621 20       		.byte	32
 1599 0622 3F       		.byte	63
 1600 0623 04       		.byte	4
 1601 0624 40       		.byte	64
 1602 0625 06       		.byte	6
 1603 0626 45       		.byte	69
 1604 0627 40       		.byte	64
 1605 0628 49       		.byte	73
 1606 0629 FF       		.byte	-1
 1607 062a 4A       		.byte	74
 1608 062b 07       		.byte	7
 1609 062c 4B       		.byte	75
 1610 062d FF       		.byte	-1
 1611 062e 4C       		.byte	76
 1612 062f 40       		.byte	64
 1613 0630 4D       		.byte	77
 1614 0631 20       		.byte	32
 1615 0632 4E       		.byte	78
 1616 0633 F0       		.byte	-16
 1617 0634 4F       		.byte	79
 1618 0635 05       		.byte	5
 1619 0636 50       		.byte	80
 1620 0637 08       		.byte	8
 1621 0638 58       		.byte	88
 1622 0639 04       		.byte	4
 1623 063a 59       		.byte	89
 1624 063b 04       		.byte	4
 1625 063c 5A       		.byte	90
 1626 063d 04       		.byte	4
 1627 063e 5C       		.byte	92
 1628 063f 44       		.byte	68
 1629 0640 5D       		.byte	93
 1630 0641 04       		.byte	4
 1631 0642 5F       		.byte	95
 1632 0643 01       		.byte	1
 1633 0644 60       		.byte	96
 1634 0645 40       		.byte	64
 1635 0646 61       		.byte	97
 1636 0647 A8       		.byte	-88
 1637 0648 62       		.byte	98
 1638 0649 40       		.byte	64
 1639 064a 63       		.byte	99
 1640 064b 20       		.byte	32
 1641 064c 82       		.byte	-126
 1642 064d 20       		.byte	32
 1643 064e 84       		.byte	-124
 1644 064f 01       		.byte	1
 1645 0650 86       		.byte	-122
 1646 0651 02       		.byte	2
 1647 0652 87       		.byte	-121
 1648 0653 01       		.byte	1
 1649 0654 88       		.byte	-120
 1650 0655 28       		.byte	40
 1651 0656 8A       		.byte	-118
 1652 0657 10       		.byte	16
 1653 0658 8C       		.byte	-116
ARM GAS  C:\Users\ipfajard\AppData\Local\Temp\cc6bNsmz.s 			page 30


 1654 0659 0C       		.byte	12
 1655 065a 8D       		.byte	-115
 1656 065b 01       		.byte	1
 1657 065c 8E       		.byte	-114
 1658 065d 10       		.byte	16
 1659 065e 94       		.byte	-108
 1660 065f 0C       		.byte	12
 1661 0660 96       		.byte	-106
 1662 0661 30       		.byte	48
 1663 0662 98       		.byte	-104
 1664 0663 03       		.byte	3
 1665 0664 9C       		.byte	-100
 1666 0665 0C       		.byte	12
 1667 0666 9E       		.byte	-98
 1668 0667 10       		.byte	16
 1669 0668 A0       		.byte	-96
 1670 0669 02       		.byte	2
 1671 066a A2       		.byte	-94
 1672 066b 01       		.byte	1
 1673 066c A5       		.byte	-91
 1674 066d 02       		.byte	2
 1675 066e A6       		.byte	-90
 1676 066f 14       		.byte	20
 1677 0670 A8       		.byte	-88
 1678 0671 03       		.byte	3
 1679 0672 A9       		.byte	-87
 1680 0673 01       		.byte	1
 1681 0674 B2       		.byte	-78
 1682 0675 3C       		.byte	60
 1683 0676 B3       		.byte	-77
 1684 0677 03       		.byte	3
 1685 0678 B4       		.byte	-76
 1686 0679 03       		.byte	3
 1687 067a B9       		.byte	-71
 1688 067b 08       		.byte	8
 1689 067c BA       		.byte	-70
 1690 067d 08       		.byte	8
 1691 067e C0       		.byte	-64
 1692 067f 32       		.byte	50
 1693 0680 C1       		.byte	-63
 1694 0681 04       		.byte	4
 1695 0682 C5       		.byte	-59
 1696 0683 EB       		.byte	-21
 1697 0684 C7       		.byte	-57
 1698 0685 C0       		.byte	-64
 1699 0686 C8       		.byte	-56
 1700 0687 23       		.byte	35
 1701 0688 C9       		.byte	-55
 1702 0689 FF       		.byte	-1
 1703 068a CA       		.byte	-54
 1704 068b FF       		.byte	-1
 1705 068c CB       		.byte	-53
 1706 068d FF       		.byte	-1
 1707 068e CE       		.byte	-50
 1708 068f F0       		.byte	-16
 1709 0690 CF       		.byte	-49
 1710 0691 44       		.byte	68
ARM GAS  C:\Users\ipfajard\AppData\Local\Temp\cc6bNsmz.s 			page 31


 1711 0692 D0       		.byte	-48
 1712 0693 0C       		.byte	12
 1713 0694 D8       		.byte	-40
 1714 0695 04       		.byte	4
 1715 0696 D9       		.byte	-39
 1716 0697 04       		.byte	4
 1717 0698 DA       		.byte	-38
 1718 0699 04       		.byte	4
 1719 069a DC       		.byte	-36
 1720 069b 44       		.byte	68
 1721 069c DD       		.byte	-35
 1722 069d 04       		.byte	4
 1723 069e DF       		.byte	-33
 1724 069f 01       		.byte	1
 1725 06a0 E6       		.byte	-26
 1726 06a1 C0       		.byte	-64
 1727 06a2 EA       		.byte	-22
 1728 06a3 40       		.byte	64
 1729 06a4 EB       		.byte	-21
 1730 06a5 02       		.byte	2
 1731 06a6 00       		.byte	0
 1732 06a7 44       		.byte	68
 1733 06a8 04       		.byte	4
 1734 06a9 40       		.byte	64
 1735 06aa 06       		.byte	6
 1736 06ab 60       		.byte	96
 1737 06ac 07       		.byte	7
 1738 06ad 08       		.byte	8
 1739 06ae 09       		.byte	9
 1740 06af 08       		.byte	8
 1741 06b0 0A       		.byte	10
 1742 06b1 01       		.byte	1
 1743 06b2 0B       		.byte	11
 1744 06b3 04       		.byte	4
 1745 06b4 0D       		.byte	13
 1746 06b5 08       		.byte	8
 1747 06b6 0E       		.byte	14
 1748 06b7 04       		.byte	4
 1749 06b8 0F       		.byte	15
 1750 06b9 02       		.byte	2
 1751 06ba 10       		.byte	16
 1752 06bb A0       		.byte	-96
 1753 06bc 12       		.byte	18
 1754 06bd 08       		.byte	8
 1755 06be 15       		.byte	21
 1756 06bf 10       		.byte	16
 1757 06c0 16       		.byte	22
 1758 06c1 10       		.byte	16
 1759 06c2 17       		.byte	23
 1760 06c3 02       		.byte	2
 1761 06c4 18       		.byte	24
 1762 06c5 40       		.byte	64
 1763 06c6 1A       		.byte	26
 1764 06c7 03       		.byte	3
 1765 06c8 1D       		.byte	29
 1766 06c9 08       		.byte	8
 1767 06ca 1F       		.byte	31
ARM GAS  C:\Users\ipfajard\AppData\Local\Temp\cc6bNsmz.s 			page 32


 1768 06cb 18       		.byte	24
 1769 06cc 20       		.byte	32
 1770 06cd 04       		.byte	4
 1771 06ce 23       		.byte	35
 1772 06cf 28       		.byte	40
 1773 06d0 26       		.byte	38
 1774 06d1 08       		.byte	8
 1775 06d2 2A       		.byte	42
 1776 06d3 40       		.byte	64
 1777 06d4 2C       		.byte	44
 1778 06d5 20       		.byte	32
 1779 06d6 2F       		.byte	47
 1780 06d7 08       		.byte	8
 1781 06d8 30       		.byte	48
 1782 06d9 A0       		.byte	-96
 1783 06da 31       		.byte	49
 1784 06db 08       		.byte	8
 1785 06dc 32       		.byte	50
 1786 06dd 01       		.byte	1
 1787 06de 38       		.byte	56
 1788 06df 44       		.byte	68
 1789 06e0 3C       		.byte	60
 1790 06e1 44       		.byte	68
 1791 06e2 44       		.byte	68
 1792 06e3 80       		.byte	-128
 1793 06e4 45       		.byte	69
 1794 06e5 28       		.byte	40
 1795 06e6 48       		.byte	72
 1796 06e7 80       		.byte	-128
 1797 06e8 49       		.byte	73
 1798 06e9 10       		.byte	16
 1799 06ea 4D       		.byte	77
 1800 06eb 01       		.byte	1
 1801 06ec 4F       		.byte	79
 1802 06ed 04       		.byte	4
 1803 06ee 50       		.byte	80
 1804 06ef 20       		.byte	32
 1805 06f0 51       		.byte	81
 1806 06f1 20       		.byte	32
 1807 06f2 52       		.byte	82
 1808 06f3 10       		.byte	16
 1809 06f4 57       		.byte	87
 1810 06f5 01       		.byte	1
 1811 06f6 5C       		.byte	92
 1812 06f7 C0       		.byte	-64
 1813 06f8 86       		.byte	-122
 1814 06f9 48       		.byte	72
 1815 06fa 89       		.byte	-119
 1816 06fb 80       		.byte	-128
 1817 06fc 8A       		.byte	-118
 1818 06fd 20       		.byte	32
 1819 06fe 8B       		.byte	-117
 1820 06ff 12       		.byte	18
 1821 0700 8F       		.byte	-113
 1822 0701 20       		.byte	32
 1823 0702 91       		.byte	-111
 1824 0703 10       		.byte	16
ARM GAS  C:\Users\ipfajard\AppData\Local\Temp\cc6bNsmz.s 			page 33


 1825 0704 92       		.byte	-110
 1826 0705 04       		.byte	4
 1827 0706 94       		.byte	-108
 1828 0707 44       		.byte	68
 1829 0708 95       		.byte	-107
 1830 0709 01       		.byte	1
 1831 070a 97       		.byte	-105
 1832 070b 20       		.byte	32
 1833 070c 99       		.byte	-103
 1834 070d 10       		.byte	16
 1835 070e 9D       		.byte	-99
 1836 070f 80       		.byte	-128
 1837 0710 A4       		.byte	-92
 1838 0711 20       		.byte	32
 1839 0712 A7       		.byte	-89
 1840 0713 09       		.byte	9
 1841 0714 A8       		.byte	-88
 1842 0715 10       		.byte	16
 1843 0716 AA       		.byte	-86
 1844 0717 01       		.byte	1
 1845 0718 B4       		.byte	-76
 1846 0719 40       		.byte	64
 1847 071a C0       		.byte	-64
 1848 071b F5       		.byte	-11
 1849 071c C2       		.byte	-62
 1850 071d E7       		.byte	-25
 1851 071e C4       		.byte	-60
 1852 071f 7E       		.byte	126
 1853 0720 CA       		.byte	-54
 1854 0721 68       		.byte	104
 1855 0722 CC       		.byte	-52
 1856 0723 0F       		.byte	15
 1857 0724 CE       		.byte	-50
 1858 0725 5A       		.byte	90
 1859 0726 D0       		.byte	-48
 1860 0727 E0       		.byte	-32
 1861 0728 D2       		.byte	-46
 1862 0729 04       		.byte	4
 1863 072a 32       		.byte	50
 1864 072b 24       		.byte	36
 1865 072c 37       		.byte	55
 1866 072d 80       		.byte	-128
 1867 072e CC       		.byte	-52
 1868 072f 70       		.byte	112
 1869 0730 57       		.byte	87
 1870 0731 80       		.byte	-128
 1871 0732 86       		.byte	-122
 1872 0733 20       		.byte	32
 1873 0734 96       		.byte	-106
 1874 0735 08       		.byte	8
 1875 0736 9F       		.byte	-97
 1876 0737 80       		.byte	-128
 1877 0738 A6       		.byte	-90
 1878 0739 20       		.byte	32
 1879 073a D4       		.byte	-44
 1880 073b 40       		.byte	64
 1881 073c E6       		.byte	-26
ARM GAS  C:\Users\ipfajard\AppData\Local\Temp\cc6bNsmz.s 			page 34


 1882 073d 40       		.byte	64
 1883 073e 12       		.byte	18
 1884 073f 80       		.byte	-128
 1885 0740 96       		.byte	-106
 1886 0741 08       		.byte	8
 1887 0742 9F       		.byte	-97
 1888 0743 80       		.byte	-128
 1889 0744 AB       		.byte	-85
 1890 0745 80       		.byte	-128
 1891 0746 C4       		.byte	-60
 1892 0747 10       		.byte	16
 1893 0748 EE       		.byte	-18
 1894 0749 20       		.byte	32
 1895 074a 71       		.byte	113
 1896 074b 40       		.byte	64
 1897 074c 9F       		.byte	-97
 1898 074d 80       		.byte	-128
 1899 074e AE       		.byte	-82
 1900 074f 84       		.byte	-124
 1901 0750 DC       		.byte	-36
 1902 0751 20       		.byte	32
 1903 0752 9A       		.byte	-102
 1904 0753 01       		.byte	1
 1905 0754 B6       		.byte	-74
 1906 0755 01       		.byte	1
 1907 0756 EC       		.byte	-20
 1908 0757 02       		.byte	2
 1909 0758 98       		.byte	-104
 1910 0759 40       		.byte	64
 1911 075a 9A       		.byte	-102
 1912 075b 01       		.byte	1
 1913 075c B0       		.byte	-80
 1914 075d 40       		.byte	64
 1915 075e E8       		.byte	-24
 1916 075f 01       		.byte	1
 1917 0760 9F       		.byte	-97
 1918 0761 80       		.byte	-128
 1919 0762 AD       		.byte	-83
 1920 0763 40       		.byte	64
 1921 0764 EE       		.byte	-18
 1922 0765 10       		.byte	16
 1923 0766 87       		.byte	-121
 1924 0767 80       		.byte	-128
 1925 0768 9F       		.byte	-97
 1926 0769 80       		.byte	-128
 1927 076a E2       		.byte	-30
 1928 076b 40       		.byte	64
 1929 076c 5C       		.byte	92
 1930 076d 01       		.byte	1
 1931 076e 62       		.byte	98
 1932 076f 01       		.byte	1
 1933 0770 64       		.byte	100
 1934 0771 40       		.byte	64
 1935 0772 98       		.byte	-104
 1936 0773 40       		.byte	64
 1937 0774 9A       		.byte	-102
 1938 0775 01       		.byte	1
ARM GAS  C:\Users\ipfajard\AppData\Local\Temp\cc6bNsmz.s 			page 35


 1939 0776 D6       		.byte	-42
 1940 0777 01       		.byte	1
 1941 0778 D8       		.byte	-40
 1942 0779 03       		.byte	3
 1943 077a 11       		.byte	17
 1944 077b 01       		.byte	1
 1945 077c 79       		.byte	121
 1946 077d 80       		.byte	-128
 1947 077e 89       		.byte	-119
 1948 077f 01       		.byte	1
 1949 0780 8D       		.byte	-115
 1950 0781 40       		.byte	64
 1951 0782 B4       		.byte	-76
 1952 0783 01       		.byte	1
 1953 0784 C4       		.byte	-60
 1954 0785 08       		.byte	8
 1955 0786 DC       		.byte	-36
 1956 0787 01       		.byte	1
 1957 0788 E4       		.byte	-28
 1958 0789 08       		.byte	8
 1959 078a E6       		.byte	-26
 1960 078b 01       		.byte	1
 1961 078c EC       		.byte	-20
 1962 078d 08       		.byte	8
 1963 078e 00       		.byte	0
 1964 078f 1F       		.byte	31
 1965 0790 08       		.byte	8
 1966 0791 08       		.byte	8
 1967 0792 0C       		.byte	12
 1968 0793 15       		.byte	21
 1969 0794 0E       		.byte	14
 1970 0795 13       		.byte	19
 1971 0796 10       		.byte	16
 1972 0797 34       		.byte	52
 1973 0798 11       		.byte	17
 1974 0799 01       		.byte	1
 1975 079a 1A       		.byte	26
 1976 079b 20       		.byte	32
 1977 079c 1C       		.byte	28
 1978 079d 14       		.byte	20
 1979 079e 1D       		.byte	29
 1980 079f 01       		.byte	1
 1981 07a0 00       		.byte	0
 1982 07a1 2F       		.byte	47
 1983 07a2 00       		.byte	0
 1984 07a3 00       		.byte	0
 1985 07a4 00       		.byte	0
 1986 07a5 00       		.byte	0
 1987 07a6 01       		.byte	1
 1988 07a7 00       		.byte	0
 1989 07a8 30       		.byte	48
 1990 07a9 1C       		.byte	28
 1991 07aa 00       		.byte	0
 1992 07ab 02       		.byte	2
 1993 07ac 10       		.byte	16
 1994 07ad 08       		.byte	8
 1995 07ae 00       		.byte	0
ARM GAS  C:\Users\ipfajard\AppData\Local\Temp\cc6bNsmz.s 			page 36


 1996 07af 00       		.byte	0
 1997 07b0 20       		.byte	32
 1998 07b1 07       		.byte	7
 1999 07b2 00       		.byte	0
 2000 07b3 18       		.byte	24
 2001 07b4 00       		.byte	0
 2002 07b5 10       		.byte	16
 2003 07b6 01       		.byte	1
 2004 07b7 00       		.byte	0
 2005 07b8 30       		.byte	48
 2006 07b9 1F       		.byte	31
 2007 07ba 0C       		.byte	12
 2008 07bb 00       		.byte	0
 2009 07bc 38       		.byte	56
 2010 07bd 00       		.byte	0
 2011 07be 04       		.byte	4
 2012 07bf 04       		.byte	4
 2013 07c0 00       		.byte	0
 2014 07c1 00       		.byte	0
 2015 07c2 02       		.byte	2
 2016 07c3 00       		.byte	0
 2017 07c4 00       		.byte	0
 2018 07c5 00       		.byte	0
 2019 07c6 08       		.byte	8
 2020 07c7 03       		.byte	3
 2021 07c8 00       		.byte	0
 2022 07c9 18       		.byte	24
 2023 07ca 02       		.byte	2
 2024 07cb 00       		.byte	0
 2025 07cc 3C       		.byte	60
 2026 07cd 1C       		.byte	28
 2027 07ce 00       		.byte	0
 2028 07cf 01       		.byte	1
 2029 07d0 0C       		.byte	12
 2030 07d1 04       		.byte	4
 2031 07d2 30       		.byte	48
 2032 07d3 00       		.byte	0
 2033 07d4 04       		.byte	4
 2034 07d5 00       		.byte	0
 2035 07d6 01       		.byte	1
 2036 07d7 00       		.byte	0
 2037 07d8 02       		.byte	2
 2038 07d9 1F       		.byte	31
 2039 07da 38       		.byte	56
 2040 07db 00       		.byte	0
 2041 07dc 02       		.byte	2
 2042 07dd 00       		.byte	0
 2043 07de 00       		.byte	0
 2044 07df 28       		.byte	40
 2045 07e0 00       		.byte	0
 2046 07e1 00       		.byte	0
 2047 07e2 14       		.byte	20
 2048 07e3 00       		.byte	0
 2049 07e4 60       		.byte	96
 2050 07e5 03       		.byte	3
 2051 07e6 00       		.byte	0
 2052 07e7 00       		.byte	0
ARM GAS  C:\Users\ipfajard\AppData\Local\Temp\cc6bNsmz.s 			page 37


 2053 07e8 00       		.byte	0
 2054 07e9 D0       		.byte	-48
 2055 07ea 21       		.byte	33
 2056 07eb 00       		.byte	0
 2057 07ec 0E       		.byte	14
 2058 07ed FF       		.byte	-1
 2059 07ee FF       		.byte	-1
 2060 07ef FF       		.byte	-1
 2061 07f0 00       		.byte	0
 2062 07f1 AF       		.byte	-81
 2063 07f2 0F       		.byte	15
 2064 07f3 04       		.byte	4
 2065 07f4 18       		.byte	24
 2066 07f5 00       		.byte	0
 2067 07f6 80       		.byte	-128
 2068 07f7 00       		.byte	0
 2069 07f8 05       		.byte	5
 2070 07f9 00       		.byte	0
 2071 07fa 00       		.byte	0
 2072 07fb 00       		.byte	0
 2073 07fc 04       		.byte	4
 2074 07fd 04       		.byte	4
 2075 07fe 04       		.byte	4
 2076 07ff 04       		.byte	4
 2077 0800 44       		.byte	68
 2078 0801 00       		.byte	0
 2079 0802 00       		.byte	0
 2080 0803 01       		.byte	1
 2081 0804 40       		.byte	64
 2082 0805 00       		.byte	0
 2083 0806 C0       		.byte	-64
 2084 0807 00       		.byte	0
 2085 0808 40       		.byte	64
 2086 0809 40       		.byte	64
 2087 080a C0       		.byte	-64
 2088 080b 00       		.byte	0
 2089 080c C0       		.byte	-64
 2090 080d 00       		.byte	0
 2091 080e C0       		.byte	-64
 2092 080f 00       		.byte	0
 2093 0810 C0       		.byte	-64
 2094 0811 00       		.byte	0
 2095 0812 C0       		.byte	-64
 2096 0813 00       		.byte	0
 2097 0814 00       		.byte	0
 2098 0815 00       		.byte	0
 2099 0816 00       		.byte	0
 2100 0817 00       		.byte	0
 2101 0818 00       		.byte	0
 2102 0819 00       		.byte	0
 2103 081a 00       		.byte	0
 2104 081b 00       		.byte	0
 2105 081c 00       		.byte	0
 2106 081d 00       		.byte	0
 2107 081e 00       		.byte	0
 2108 081f 00       		.byte	0
 2109 0820 00       		.byte	0
ARM GAS  C:\Users\ipfajard\AppData\Local\Temp\cc6bNsmz.s 			page 38


 2110 0821 00       		.byte	0
 2111 0822 00       		.byte	0
 2112 0823 00       		.byte	0
 2113 0824 00       		.byte	0
 2114 0825 04       		.byte	4
 2115 0826 04       		.byte	4
 2116 0827 00       		.byte	0
 2117 0828 04       		.byte	4
 2118 0829 00       		.byte	0
 2119 082a 00       		.byte	0
 2120 082b 00       		.byte	0
 2121 082c 80       		.byte	-128
 2122 082d 00       		.byte	0
 2123 082e 40       		.byte	64
 2124 082f 80       		.byte	-128
 2125 0830 80       		.byte	-128
 2126 0831 00       		.byte	0
 2127 0832 80       		.byte	-128
 2128 0833 00       		.byte	0
 2129 0834 00       		.byte	0
 2130 0835 00       		.byte	0
 2131 0836 00       		.byte	0
 2132 0837 00       		.byte	0
 2133 0838 00       		.byte	0
 2134 0839 F3       		.byte	-13
 2135 083a F3       		.byte	-13
 2136 083b 00       		.byte	0
 2137 083c 70       		.byte	112
 2138 083d 00       		.byte	0
 2139 083e 00       		.byte	0
 2140 083f 00       		.byte	0
 2141 0840 00       		.byte	0
 2142 0841 FF       		.byte	-1
 2143 0842 FF       		.byte	-1
 2144 0843 00       		.byte	0
 2145 0844 00       		.byte	0
 2146 0845 00       		.byte	0
 2147 0846 00       		.byte	0
 2148 0847 00       		.byte	0
 2149 0848 01       		.byte	1
 2150 0849 00       		.byte	0
 2151 084a 14       		.byte	20
 2152 084b 01       		.byte	1
 2153              		.section	.cywolatch,"a",%progbits
 2154              		.align	2
 2155              		.type	cy_meta_wonvl, %object
 2156              		.size	cy_meta_wonvl, 4
 2157              	cy_meta_wonvl:
 2158 0000 BC       		.byte	-68
 2159 0001 90       		.byte	-112
 2160 0002 AC       		.byte	-84
 2161 0003 AF       		.byte	-81
 2162              		.section	.cycustnvl,"a",%progbits
 2163              		.align	2
 2164              		.type	cy_meta_custnvl, %object
 2165              		.size	cy_meta_custnvl, 4
 2166              	cy_meta_custnvl:
ARM GAS  C:\Users\ipfajard\AppData\Local\Temp\cc6bNsmz.s 			page 39


 2167 0000 00       		.byte	0
 2168 0001 00       		.byte	0
 2169 0002 40       		.byte	64
 2170 0003 05       		.byte	5
 2171              		.section	.cymeta,"a",%progbits
 2172              		.align	2
 2173              		.type	cy_metadata, %object
 2174              		.size	cy_metadata, 12
 2175              	cy_metadata:
 2176 0000 00       		.byte	0
 2177 0001 01       		.byte	1
 2178 0002 2E       		.byte	46
 2179 0003 16       		.byte	22
 2180 0004 10       		.byte	16
 2181 0005 69       		.byte	105
 2182 0006 00       		.byte	0
 2183 0007 01       		.byte	1
 2184 0008 00       		.byte	0
 2185 0009 00       		.byte	0
 2186 000a 00       		.byte	0
 2187 000b 00       		.byte	0
 2188              		.section	.cyflashprotect,"a",%progbits
 2189              		.align	2
 2190              		.type	cy_meta_flashprotect, %object
 2191              		.size	cy_meta_flashprotect, 256
 2192              	cy_meta_flashprotect:
 2193 0000 00000000 		.space	256
 2193      00000000 
 2193      00000000 
 2193      00000000 
 2193      00000000 
 2194              		.text
 2195              	.Letext0:
 2196              		.file 1 "c:\\program files (x86)\\cypress\\psoc creator\\4.1\\psoc creator\\import\\gnu\\arm\\5.4.
 2197              		.file 2 "c:\\program files (x86)\\cypress\\psoc creator\\4.1\\psoc creator\\import\\gnu\\arm\\5.4.
 2198              		.file 3 "Generated_Source\\PSoC5\\cymetadata.c"
 2199              		.section	.debug_info,"",%progbits
 2200              	.Ldebug_info0:
 2201 0000 35010000 		.4byte	0x135
 2202 0004 0400     		.2byte	0x4
 2203 0006 00000000 		.4byte	.Ldebug_abbrev0
 2204 000a 04       		.byte	0x4
 2205 000b 01       		.uleb128 0x1
 2206 000c 24000000 		.4byte	.LASF17
 2207 0010 0C       		.byte	0xc
 2208 0011 BE010000 		.4byte	.LASF18
 2209 0015 5F010000 		.4byte	.LASF19
 2210 0019 00000000 		.4byte	.Ldebug_line0
 2211 001d 02       		.uleb128 0x2
 2212 001e 01       		.byte	0x1
 2213 001f 06       		.byte	0x6
 2214 0020 B2010000 		.4byte	.LASF0
 2215 0024 03       		.uleb128 0x3
 2216 0025 00000000 		.4byte	.LASF9
 2217 0029 01       		.byte	0x1
 2218 002a 1D       		.byte	0x1d
 2219 002b 2F000000 		.4byte	0x2f
ARM GAS  C:\Users\ipfajard\AppData\Local\Temp\cc6bNsmz.s 			page 40


 2220 002f 02       		.uleb128 0x2
 2221 0030 01       		.byte	0x1
 2222 0031 08       		.byte	0x8
 2223 0032 16000000 		.4byte	.LASF1
 2224 0036 02       		.uleb128 0x2
 2225 0037 02       		.byte	0x2
 2226 0038 05       		.byte	0x5
 2227 0039 9F010000 		.4byte	.LASF2
 2228 003d 02       		.uleb128 0x2
 2229 003e 02       		.byte	0x2
 2230 003f 07       		.byte	0x7
 2231 0040 C4000000 		.4byte	.LASF3
 2232 0044 02       		.uleb128 0x2
 2233 0045 04       		.byte	0x4
 2234 0046 05       		.byte	0x5
 2235 0047 A9010000 		.4byte	.LASF4
 2236 004b 02       		.uleb128 0x2
 2237 004c 04       		.byte	0x4
 2238 004d 07       		.byte	0x7
 2239 004e B2000000 		.4byte	.LASF5
 2240 0052 02       		.uleb128 0x2
 2241 0053 08       		.byte	0x8
 2242 0054 05       		.byte	0x5
 2243 0055 51010000 		.4byte	.LASF6
 2244 0059 02       		.uleb128 0x2
 2245 005a 08       		.byte	0x8
 2246 005b 07       		.byte	0x7
 2247 005c 06010000 		.4byte	.LASF7
 2248 0060 04       		.uleb128 0x4
 2249 0061 04       		.byte	0x4
 2250 0062 05       		.byte	0x5
 2251 0063 696E7400 		.ascii	"int\000"
 2252 0067 02       		.uleb128 0x2
 2253 0068 04       		.byte	0x4
 2254 0069 07       		.byte	0x7
 2255 006a F9000000 		.4byte	.LASF8
 2256 006e 03       		.uleb128 0x3
 2257 006f 1D010000 		.4byte	.LASF10
 2258 0073 02       		.byte	0x2
 2259 0074 18       		.byte	0x18
 2260 0075 24000000 		.4byte	0x24
 2261 0079 05       		.uleb128 0x5
 2262 007a 91000000 		.4byte	0x91
 2263 007e 8A000000 		.4byte	0x8a
 2264 0082 06       		.uleb128 0x6
 2265 0083 8A000000 		.4byte	0x8a
 2266 0087 4B08     		.2byte	0x84b
 2267 0089 00       		.byte	0
 2268 008a 02       		.uleb128 0x2
 2269 008b 04       		.byte	0x4
 2270 008c 07       		.byte	0x7
 2271 008d 48010000 		.4byte	.LASF11
 2272 0091 07       		.uleb128 0x7
 2273 0092 6E000000 		.4byte	0x6e
 2274 0096 08       		.uleb128 0x8
 2275 0097 E7000000 		.4byte	.LASF12
 2276 009b 03       		.byte	0x3
ARM GAS  C:\Users\ipfajard\AppData\Local\Temp\cc6bNsmz.s 			page 41


 2277 009c 1F       		.byte	0x1f
 2278 009d A7000000 		.4byte	0xa7
 2279 00a1 05       		.uleb128 0x5
 2280 00a2 03       		.byte	0x3
 2281 00a3 00000000 		.4byte	cy_meta_configecc
 2282 00a7 07       		.uleb128 0x7
 2283 00a8 79000000 		.4byte	0x79
 2284 00ac 05       		.uleb128 0x5
 2285 00ad 91000000 		.4byte	0x91
 2286 00b1 BC000000 		.4byte	0xbc
 2287 00b5 09       		.uleb128 0x9
 2288 00b6 8A000000 		.4byte	0x8a
 2289 00ba 03       		.byte	0x3
 2290 00bb 00       		.byte	0
 2291 00bc 0A       		.uleb128 0xa
 2292 00bd D7000000 		.4byte	.LASF13
 2293 00c1 03       		.byte	0x3
 2294 00c2 3601     		.2byte	0x136
 2295 00c4 CE000000 		.4byte	0xce
 2296 00c8 05       		.uleb128 0x5
 2297 00c9 03       		.byte	0x3
 2298 00ca 00000000 		.4byte	cy_meta_custnvl
 2299 00ce 07       		.uleb128 0x7
 2300 00cf AC000000 		.4byte	0xac
 2301 00d3 0A       		.uleb128 0xa
 2302 00d4 3A010000 		.4byte	.LASF14
 2303 00d8 03       		.byte	0x3
 2304 00d9 4401     		.2byte	0x144
 2305 00db E5000000 		.4byte	0xe5
 2306 00df 05       		.uleb128 0x5
 2307 00e0 03       		.byte	0x3
 2308 00e1 00000000 		.4byte	cy_meta_wonvl
 2309 00e5 07       		.uleb128 0x7
 2310 00e6 AC000000 		.4byte	0xac
 2311 00ea 05       		.uleb128 0x5
 2312 00eb 91000000 		.4byte	0x91
 2313 00ef FA000000 		.4byte	0xfa
 2314 00f3 09       		.uleb128 0x9
 2315 00f4 8A000000 		.4byte	0x8a
 2316 00f8 FF       		.byte	0xff
 2317 00f9 00       		.byte	0
 2318 00fa 0A       		.uleb128 0xa
 2319 00fb 25010000 		.4byte	.LASF15
 2320 00ff 03       		.byte	0x3
 2321 0100 5201     		.2byte	0x152
 2322 0102 0C010000 		.4byte	0x10c
 2323 0106 05       		.uleb128 0x5
 2324 0107 03       		.byte	0x3
 2325 0108 00000000 		.4byte	cy_meta_flashprotect
 2326 010c 07       		.uleb128 0x7
 2327 010d EA000000 		.4byte	0xea
 2328 0111 05       		.uleb128 0x5
 2329 0112 91000000 		.4byte	0x91
 2330 0116 21010000 		.4byte	0x121
 2331 011a 09       		.uleb128 0x9
 2332 011b 8A000000 		.4byte	0x8a
 2333 011f 0B       		.byte	0xb
ARM GAS  C:\Users\ipfajard\AppData\Local\Temp\cc6bNsmz.s 			page 42


 2334 0120 00       		.byte	0
 2335 0121 0A       		.uleb128 0xa
 2336 0122 0A000000 		.4byte	.LASF16
 2337 0126 03       		.byte	0x3
 2338 0127 7F01     		.2byte	0x17f
 2339 0129 33010000 		.4byte	0x133
 2340 012d 05       		.uleb128 0x5
 2341 012e 03       		.byte	0x3
 2342 012f 00000000 		.4byte	cy_metadata
 2343 0133 07       		.uleb128 0x7
 2344 0134 11010000 		.4byte	0x111
 2345 0138 00       		.byte	0
 2346              		.section	.debug_abbrev,"",%progbits
 2347              	.Ldebug_abbrev0:
 2348 0000 01       		.uleb128 0x1
 2349 0001 11       		.uleb128 0x11
 2350 0002 01       		.byte	0x1
 2351 0003 25       		.uleb128 0x25
 2352 0004 0E       		.uleb128 0xe
 2353 0005 13       		.uleb128 0x13
 2354 0006 0B       		.uleb128 0xb
 2355 0007 03       		.uleb128 0x3
 2356 0008 0E       		.uleb128 0xe
 2357 0009 1B       		.uleb128 0x1b
 2358 000a 0E       		.uleb128 0xe
 2359 000b 10       		.uleb128 0x10
 2360 000c 17       		.uleb128 0x17
 2361 000d 00       		.byte	0
 2362 000e 00       		.byte	0
 2363 000f 02       		.uleb128 0x2
 2364 0010 24       		.uleb128 0x24
 2365 0011 00       		.byte	0
 2366 0012 0B       		.uleb128 0xb
 2367 0013 0B       		.uleb128 0xb
 2368 0014 3E       		.uleb128 0x3e
 2369 0015 0B       		.uleb128 0xb
 2370 0016 03       		.uleb128 0x3
 2371 0017 0E       		.uleb128 0xe
 2372 0018 00       		.byte	0
 2373 0019 00       		.byte	0
 2374 001a 03       		.uleb128 0x3
 2375 001b 16       		.uleb128 0x16
 2376 001c 00       		.byte	0
 2377 001d 03       		.uleb128 0x3
 2378 001e 0E       		.uleb128 0xe
 2379 001f 3A       		.uleb128 0x3a
 2380 0020 0B       		.uleb128 0xb
 2381 0021 3B       		.uleb128 0x3b
 2382 0022 0B       		.uleb128 0xb
 2383 0023 49       		.uleb128 0x49
 2384 0024 13       		.uleb128 0x13
 2385 0025 00       		.byte	0
 2386 0026 00       		.byte	0
 2387 0027 04       		.uleb128 0x4
 2388 0028 24       		.uleb128 0x24
 2389 0029 00       		.byte	0
 2390 002a 0B       		.uleb128 0xb
ARM GAS  C:\Users\ipfajard\AppData\Local\Temp\cc6bNsmz.s 			page 43


 2391 002b 0B       		.uleb128 0xb
 2392 002c 3E       		.uleb128 0x3e
 2393 002d 0B       		.uleb128 0xb
 2394 002e 03       		.uleb128 0x3
 2395 002f 08       		.uleb128 0x8
 2396 0030 00       		.byte	0
 2397 0031 00       		.byte	0
 2398 0032 05       		.uleb128 0x5
 2399 0033 01       		.uleb128 0x1
 2400 0034 01       		.byte	0x1
 2401 0035 49       		.uleb128 0x49
 2402 0036 13       		.uleb128 0x13
 2403 0037 01       		.uleb128 0x1
 2404 0038 13       		.uleb128 0x13
 2405 0039 00       		.byte	0
 2406 003a 00       		.byte	0
 2407 003b 06       		.uleb128 0x6
 2408 003c 21       		.uleb128 0x21
 2409 003d 00       		.byte	0
 2410 003e 49       		.uleb128 0x49
 2411 003f 13       		.uleb128 0x13
 2412 0040 2F       		.uleb128 0x2f
 2413 0041 05       		.uleb128 0x5
 2414 0042 00       		.byte	0
 2415 0043 00       		.byte	0
 2416 0044 07       		.uleb128 0x7
 2417 0045 26       		.uleb128 0x26
 2418 0046 00       		.byte	0
 2419 0047 49       		.uleb128 0x49
 2420 0048 13       		.uleb128 0x13
 2421 0049 00       		.byte	0
 2422 004a 00       		.byte	0
 2423 004b 08       		.uleb128 0x8
 2424 004c 34       		.uleb128 0x34
 2425 004d 00       		.byte	0
 2426 004e 03       		.uleb128 0x3
 2427 004f 0E       		.uleb128 0xe
 2428 0050 3A       		.uleb128 0x3a
 2429 0051 0B       		.uleb128 0xb
 2430 0052 3B       		.uleb128 0x3b
 2431 0053 0B       		.uleb128 0xb
 2432 0054 49       		.uleb128 0x49
 2433 0055 13       		.uleb128 0x13
 2434 0056 3F       		.uleb128 0x3f
 2435 0057 19       		.uleb128 0x19
 2436 0058 02       		.uleb128 0x2
 2437 0059 18       		.uleb128 0x18
 2438 005a 00       		.byte	0
 2439 005b 00       		.byte	0
 2440 005c 09       		.uleb128 0x9
 2441 005d 21       		.uleb128 0x21
 2442 005e 00       		.byte	0
 2443 005f 49       		.uleb128 0x49
 2444 0060 13       		.uleb128 0x13
 2445 0061 2F       		.uleb128 0x2f
 2446 0062 0B       		.uleb128 0xb
 2447 0063 00       		.byte	0
ARM GAS  C:\Users\ipfajard\AppData\Local\Temp\cc6bNsmz.s 			page 44


 2448 0064 00       		.byte	0
 2449 0065 0A       		.uleb128 0xa
 2450 0066 34       		.uleb128 0x34
 2451 0067 00       		.byte	0
 2452 0068 03       		.uleb128 0x3
 2453 0069 0E       		.uleb128 0xe
 2454 006a 3A       		.uleb128 0x3a
 2455 006b 0B       		.uleb128 0xb
 2456 006c 3B       		.uleb128 0x3b
 2457 006d 05       		.uleb128 0x5
 2458 006e 49       		.uleb128 0x49
 2459 006f 13       		.uleb128 0x13
 2460 0070 3F       		.uleb128 0x3f
 2461 0071 19       		.uleb128 0x19
 2462 0072 02       		.uleb128 0x2
 2463 0073 18       		.uleb128 0x18
 2464 0074 00       		.byte	0
 2465 0075 00       		.byte	0
 2466 0076 00       		.byte	0
 2467              		.section	.debug_aranges,"",%progbits
 2468 0000 14000000 		.4byte	0x14
 2469 0004 0200     		.2byte	0x2
 2470 0006 00000000 		.4byte	.Ldebug_info0
 2471 000a 04       		.byte	0x4
 2472 000b 00       		.byte	0
 2473 000c 0000     		.2byte	0
 2474 000e 0000     		.2byte	0
 2475 0010 00000000 		.4byte	0
 2476 0014 00000000 		.4byte	0
 2477              		.section	.debug_line,"",%progbits
 2478              	.Ldebug_line0:
 2479 0000 3D010000 		.section	.debug_str,"MS",%progbits,1
 2479      02003701 
 2479      00000201 
 2479      FB0E0D00 
 2479      01010101 
 2480              	.LASF9:
 2481 0000 5F5F7569 		.ascii	"__uint8_t\000"
 2481      6E74385F 
 2481      7400
 2482              	.LASF16:
 2483 000a 63795F6D 		.ascii	"cy_metadata\000"
 2483      65746164 
 2483      61746100 
 2484              	.LASF1:
 2485 0016 756E7369 		.ascii	"unsigned char\000"
 2485      676E6564 
 2485      20636861 
 2485      7200
 2486              	.LASF17:
 2487 0024 474E5520 		.ascii	"GNU C11 5.4.1 20160609 (release) [ARM/embedded-5-br"
 2487      43313120 
 2487      352E342E 
 2487      31203230 
 2487      31363036 
 2488 0057 616E6368 		.ascii	"anch revision 237715] -mcpu=cortex-m3 -mthumb -g -O"
 2488      20726576 
ARM GAS  C:\Users\ipfajard\AppData\Local\Temp\cc6bNsmz.s 			page 45


 2488      6973696F 
 2488      6E203233 
 2488      37373135 
 2489 008a 67202D66 		.ascii	"g -ffunction-sections -ffat-lto-objects\000"
 2489      66756E63 
 2489      74696F6E 
 2489      2D736563 
 2489      74696F6E 
 2490              	.LASF5:
 2491 00b2 6C6F6E67 		.ascii	"long unsigned int\000"
 2491      20756E73 
 2491      69676E65 
 2491      6420696E 
 2491      7400
 2492              	.LASF3:
 2493 00c4 73686F72 		.ascii	"short unsigned int\000"
 2493      7420756E 
 2493      7369676E 
 2493      65642069 
 2493      6E7400
 2494              	.LASF13:
 2495 00d7 63795F6D 		.ascii	"cy_meta_custnvl\000"
 2495      6574615F 
 2495      63757374 
 2495      6E766C00 
 2496              	.LASF12:
 2497 00e7 63795F6D 		.ascii	"cy_meta_configecc\000"
 2497      6574615F 
 2497      636F6E66 
 2497      69676563 
 2497      6300
 2498              	.LASF8:
 2499 00f9 756E7369 		.ascii	"unsigned int\000"
 2499      676E6564 
 2499      20696E74 
 2499      00
 2500              	.LASF7:
 2501 0106 6C6F6E67 		.ascii	"long long unsigned int\000"
 2501      206C6F6E 
 2501      6720756E 
 2501      7369676E 
 2501      65642069 
 2502              	.LASF10:
 2503 011d 75696E74 		.ascii	"uint8_t\000"
 2503      385F7400 
 2504              	.LASF15:
 2505 0125 63795F6D 		.ascii	"cy_meta_flashprotect\000"
 2505      6574615F 
 2505      666C6173 
 2505      6870726F 
 2505      74656374 
 2506              	.LASF14:
 2507 013a 63795F6D 		.ascii	"cy_meta_wonvl\000"
 2507      6574615F 
 2507      776F6E76 
 2507      6C00
 2508              	.LASF11:
ARM GAS  C:\Users\ipfajard\AppData\Local\Temp\cc6bNsmz.s 			page 46


 2509 0148 73697A65 		.ascii	"sizetype\000"
 2509      74797065 
 2509      00
 2510              	.LASF6:
 2511 0151 6C6F6E67 		.ascii	"long long int\000"
 2511      206C6F6E 
 2511      6720696E 
 2511      7400
 2512              	.LASF19:
 2513 015f 433A5C53 		.ascii	"C:\\SPB_Data\\Documents\\UACSCode\\UACS\\Spring2018"
 2513      50425F44 
 2513      6174615C 
 2513      446F6375 
 2513      6D656E74 
 2514 018d 5C554152 		.ascii	"\\UART_FSKTx.cydsn\000"
 2514      545F4653 
 2514      4B54782E 
 2514      63796473 
 2514      6E00
 2515              	.LASF2:
 2516 019f 73686F72 		.ascii	"short int\000"
 2516      7420696E 
 2516      7400
 2517              	.LASF4:
 2518 01a9 6C6F6E67 		.ascii	"long int\000"
 2518      20696E74 
 2518      00
 2519              	.LASF0:
 2520 01b2 7369676E 		.ascii	"signed char\000"
 2520      65642063 
 2520      68617200 
 2521              	.LASF18:
 2522 01be 47656E65 		.ascii	"Generated_Source\\PSoC5\\cymetadata.c\000"
 2522      72617465 
 2522      645F536F 
 2522      75726365 
 2522      5C50536F 
 2523              		.ident	"GCC: (GNU Tools for ARM Embedded Processors) 5.4.1 20160609 (release) [ARM/embedded-5-bran
