ARM GAS  C:\Users\ipfajard\AppData\Local\Temp\ccZ4ZBRN.s 			page 1


   1              		.syntax unified
   2              		.cpu cortex-m3
   3              		.fpu softvfp
   4              		.eabi_attribute 20, 1
   5              		.eabi_attribute 21, 1
   6              		.eabi_attribute 23, 3
   7              		.eabi_attribute 24, 1
   8              		.eabi_attribute 25, 1
   9              		.eabi_attribute 26, 1
  10              		.eabi_attribute 30, 1
  11              		.eabi_attribute 34, 1
  12              		.eabi_attribute 18, 4
  13              		.thumb
  14              		.syntax unified
  15              		.file	"cymetadata.c"
  16              		.text
  17              	.Ltext0:
  18              		.cfi_sections	.debug_frame
  19              		.global	cy_metadata
  20              		.global	cy_meta_flashprotect
  21              		.global	cy_meta_wonvl
  22              		.global	cy_meta_custnvl
  23              		.global	cy_meta_configecc
  24              		.section	.cyconfigecc,"a",%progbits
  25              		.align	2
  26              		.type	cy_meta_configecc, %object
  27              		.size	cy_meta_configecc, 988
  28              	cy_meta_configecc:
  29 0000 02       		.byte	2
  30 0001 4F       		.byte	79
  31 0002 00       		.byte	0
  32 0003 40       		.byte	64
  33 0004 02       		.byte	2
  34 0005 52       		.byte	82
  35 0006 00       		.byte	0
  36 0007 40       		.byte	64
  37 0008 02       		.byte	2
  38 0009 64       		.byte	100
  39 000a 00       		.byte	0
  40 000b 40       		.byte	64
  41 000c 01       		.byte	1
  42 000d 03       		.byte	3
  43 000e 01       		.byte	1
  44 000f 40       		.byte	64
  45 0010 35       		.byte	53
  46 0011 04       		.byte	4
  47 0012 01       		.byte	1
  48 0013 40       		.byte	64
  49 0014 1A       		.byte	26
  50 0015 05       		.byte	5
  51 0016 01       		.byte	1
  52 0017 40       		.byte	64
  53 0018 03       		.byte	3
  54 0019 07       		.byte	7
  55 001a 01       		.byte	1
  56 001b 40       		.byte	64
  57 001c 3C       		.byte	60
ARM GAS  C:\Users\ipfajard\AppData\Local\Temp\ccZ4ZBRN.s 			page 2


  58 001d 08       		.byte	8
  59 001e 01       		.byte	1
  60 001f 40       		.byte	64
  61 0020 1F       		.byte	31
  62 0021 09       		.byte	9
  63 0022 01       		.byte	1
  64 0023 40       		.byte	64
  65 0024 02       		.byte	2
  66 0025 0B       		.byte	11
  67 0026 01       		.byte	1
  68 0027 40       		.byte	64
  69 0028 01       		.byte	1
  70 0029 0D       		.byte	13
  71 002a 01       		.byte	1
  72 002b 40       		.byte	64
  73 002c 02       		.byte	2
  74 002d 15       		.byte	21
  75 002e 01       		.byte	1
  76 002f 40       		.byte	64
  77 0030 01       		.byte	1
  78 0031 17       		.byte	23
  79 0032 01       		.byte	1
  80 0033 40       		.byte	64
  81 0034 41       		.byte	65
  82 0035 18       		.byte	24
  83 0036 01       		.byte	1
  84 0037 40       		.byte	64
  85 0038 1B       		.byte	27
  86 0039 19       		.byte	25
  87 003a 01       		.byte	1
  88 003b 40       		.byte	64
  89 003c 3A       		.byte	58
  90 003d 1A       		.byte	26
  91 003e 01       		.byte	1
  92 003f 40       		.byte	64
  93 0040 20       		.byte	32
  94 0041 1B       		.byte	27
  95 0042 01       		.byte	1
  96 0043 40       		.byte	64
  97 0044 03       		.byte	3
  98 0045 40       		.byte	64
  99 0046 01       		.byte	1
 100 0047 40       		.byte	64
 101 0048 0A       		.byte	10
 102 0049 41       		.byte	65
 103 004a 01       		.byte	1
 104 004b 40       		.byte	64
 105 004c 0A       		.byte	10
 106 004d 42       		.byte	66
 107 004e 01       		.byte	1
 108 004f 40       		.byte	64
 109 0050 05       		.byte	5
 110 0051 43       		.byte	67
 111 0052 01       		.byte	1
 112 0053 40       		.byte	64
 113 0054 02       		.byte	2
 114 0055 44       		.byte	68
ARM GAS  C:\Users\ipfajard\AppData\Local\Temp\ccZ4ZBRN.s 			page 3


 115 0056 01       		.byte	1
 116 0057 40       		.byte	64
 117 0058 02       		.byte	2
 118 0059 45       		.byte	69
 119 005a 01       		.byte	1
 120 005b 40       		.byte	64
 121 005c 03       		.byte	3
 122 005d 48       		.byte	72
 123 005e 01       		.byte	1
 124 005f 40       		.byte	64
 125 0060 0C       		.byte	12
 126 0061 49       		.byte	73
 127 0062 01       		.byte	1
 128 0063 40       		.byte	64
 129 0064 08       		.byte	8
 130 0065 50       		.byte	80
 131 0066 01       		.byte	1
 132 0067 40       		.byte	64
 133 0068 01       		.byte	1
 134 0069 51       		.byte	81
 135 006a 01       		.byte	1
 136 006b 40       		.byte	64
 137 006c 01       		.byte	1
 138 006d 80       		.byte	-128
 139 006e 0A       		.byte	10
 140 006f 4B       		.byte	75
 141 0070 00       		.byte	0
 142 0071 42       		.byte	66
 143 0072 18       		.byte	24
 144 0073 44       		.byte	68
 145 0074 85       		.byte	-123
 146 0075 0D       		.byte	13
 147 0076 89       		.byte	-119
 148 0077 0D       		.byte	13
 149 0078 E6       		.byte	-26
 150 0079 02       		.byte	2
 151 007a 02       		.byte	2
 152 007b 01       		.byte	1
 153 007c 2E       		.byte	46
 154 007d 01       		.byte	1
 155 007e 30       		.byte	48
 156 007f 01       		.byte	1
 157 0080 40       		.byte	64
 158 0081 41       		.byte	65
 159 0082 49       		.byte	73
 160 0083 FF       		.byte	-1
 161 0084 4A       		.byte	74
 162 0085 FF       		.byte	-1
 163 0086 4B       		.byte	75
 164 0087 FF       		.byte	-1
 165 0088 4F       		.byte	79
 166 0089 01       		.byte	1
 167 008a 50       		.byte	80
 168 008b 18       		.byte	24
 169 008c 52       		.byte	82
 170 008d 80       		.byte	-128
 171 008e 58       		.byte	88
ARM GAS  C:\Users\ipfajard\AppData\Local\Temp\ccZ4ZBRN.s 			page 4


 172 008f 04       		.byte	4
 173 0090 5A       		.byte	90
 174 0091 04       		.byte	4
 175 0092 5B       		.byte	91
 176 0093 04       		.byte	4
 177 0094 5F       		.byte	95
 178 0095 01       		.byte	1
 179 0096 60       		.byte	96
 180 0097 40       		.byte	64
 181 0098 62       		.byte	98
 182 0099 40       		.byte	64
 183 009a 64       		.byte	100
 184 009b 40       		.byte	64
 185 009c 65       		.byte	101
 186 009d 40       		.byte	64
 187 009e 66       		.byte	102
 188 009f 80       		.byte	-128
 189 00a0 68       		.byte	104
 190 00a1 80       		.byte	-128
 191 00a2 6A       		.byte	106
 192 00a3 80       		.byte	-128
 193 00a4 6C       		.byte	108
 194 00a5 80       		.byte	-128
 195 00a6 6E       		.byte	110
 196 00a7 80       		.byte	-128
 197 00a8 A3       		.byte	-93
 198 00a9 01       		.byte	1
 199 00aa AF       		.byte	-81
 200 00ab 01       		.byte	1
 201 00ac B7       		.byte	-73
 202 00ad 01       		.byte	1
 203 00ae B9       		.byte	-71
 204 00af 20       		.byte	32
 205 00b0 BF       		.byte	-65
 206 00b1 50       		.byte	80
 207 00b2 C0       		.byte	-64
 208 00b3 54       		.byte	84
 209 00b4 C5       		.byte	-59
 210 00b5 EC       		.byte	-20
 211 00b6 C6       		.byte	-58
 212 00b7 02       		.byte	2
 213 00b8 C8       		.byte	-56
 214 00b9 07       		.byte	7
 215 00ba C9       		.byte	-55
 216 00bb FF       		.byte	-1
 217 00bc CA       		.byte	-54
 218 00bd FF       		.byte	-1
 219 00be CB       		.byte	-53
 220 00bf FF       		.byte	-1
 221 00c0 CD       		.byte	-51
 222 00c1 83       		.byte	-125
 223 00c2 CE       		.byte	-50
 224 00c3 03       		.byte	3
 225 00c4 CF       		.byte	-49
 226 00c5 01       		.byte	1
 227 00c6 D0       		.byte	-48
 228 00c7 18       		.byte	24
ARM GAS  C:\Users\ipfajard\AppData\Local\Temp\ccZ4ZBRN.s 			page 5


 229 00c8 D4       		.byte	-44
 230 00c9 01       		.byte	1
 231 00ca D9       		.byte	-39
 232 00cb 04       		.byte	4
 233 00cc DA       		.byte	-38
 234 00cd 04       		.byte	4
 235 00ce DB       		.byte	-37
 236 00cf 04       		.byte	4
 237 00d0 DF       		.byte	-33
 238 00d1 01       		.byte	1
 239 00d2 E0       		.byte	-32
 240 00d3 40       		.byte	64
 241 00d4 E2       		.byte	-30
 242 00d5 40       		.byte	64
 243 00d6 E4       		.byte	-28
 244 00d7 40       		.byte	64
 245 00d8 E5       		.byte	-27
 246 00d9 40       		.byte	64
 247 00da E6       		.byte	-26
 248 00db 80       		.byte	-128
 249 00dc E8       		.byte	-24
 250 00dd 80       		.byte	-128
 251 00de EA       		.byte	-22
 252 00df 80       		.byte	-128
 253 00e0 EC       		.byte	-20
 254 00e1 80       		.byte	-128
 255 00e2 EE       		.byte	-18
 256 00e3 80       		.byte	-128
 257 00e4 03       		.byte	3
 258 00e5 80       		.byte	-128
 259 00e6 10       		.byte	16
 260 00e7 02       		.byte	2
 261 00e8 1A       		.byte	26
 262 00e9 80       		.byte	-128
 263 00ea 26       		.byte	38
 264 00eb 60       		.byte	96
 265 00ec 2C       		.byte	44
 266 00ed 02       		.byte	2
 267 00ee 2F       		.byte	47
 268 00ef 80       		.byte	-128
 269 00f0 41       		.byte	65
 270 00f1 02       		.byte	2
 271 00f2 43       		.byte	67
 272 00f3 80       		.byte	-128
 273 00f4 46       		.byte	70
 274 00f5 40       		.byte	64
 275 00f6 4C       		.byte	76
 276 00f7 02       		.byte	2
 277 00f8 4D       		.byte	77
 278 00f9 01       		.byte	1
 279 00fa 4F       		.byte	79
 280 00fb 04       		.byte	4
 281 00fc 56       		.byte	86
 282 00fd 40       		.byte	64
 283 00fe 57       		.byte	87
 284 00ff 80       		.byte	-128
 285 0100 5D       		.byte	93
ARM GAS  C:\Users\ipfajard\AppData\Local\Temp\ccZ4ZBRN.s 			page 6


 286 0101 01       		.byte	1
 287 0102 5E       		.byte	94
 288 0103 80       		.byte	-128
 289 0104 5F       		.byte	95
 290 0105 04       		.byte	4
 291 0106 70       		.byte	112
 292 0107 02       		.byte	2
 293 0108 71       		.byte	113
 294 0109 02       		.byte	2
 295 010a C0       		.byte	-64
 296 010b 08       		.byte	8
 297 010c C4       		.byte	-60
 298 010d 01       		.byte	1
 299 010e CA       		.byte	-54
 300 010f 90       		.byte	-112
 301 0110 D0       		.byte	-48
 302 0111 89       		.byte	-119
 303 0112 D2       		.byte	-46
 304 0113 10       		.byte	16
 305 0114 D6       		.byte	-42
 306 0115 D0       		.byte	-48
 307 0116 EC       		.byte	-20
 308 0117 04       		.byte	4
 309 0118 AA       		.byte	-86
 310 0119 40       		.byte	64
 311 011a B2       		.byte	-78
 312 011b 20       		.byte	32
 313 011c EA       		.byte	-22
 314 011d 20       		.byte	32
 315 011e 40       		.byte	64
 316 011f 10       		.byte	16
 317 0120 41       		.byte	65
 318 0121 05       		.byte	5
 319 0122 49       		.byte	73
 320 0123 FF       		.byte	-1
 321 0124 4A       		.byte	74
 322 0125 FF       		.byte	-1
 323 0126 4B       		.byte	75
 324 0127 FF       		.byte	-1
 325 0128 4D       		.byte	77
 326 0129 A0       		.byte	-96
 327 012a 4F       		.byte	79
 328 012b 04       		.byte	4
 329 012c 50       		.byte	80
 330 012d 18       		.byte	24
 331 012e 56       		.byte	86
 332 012f 08       		.byte	8
 333 0130 5A       		.byte	90
 334 0131 08       		.byte	8
 335 0132 5B       		.byte	91
 336 0133 04       		.byte	4
 337 0134 5D       		.byte	93
 338 0135 99       		.byte	-103
 339 0136 5F       		.byte	95
 340 0137 01       		.byte	1
 341 0138 60       		.byte	96
 342 0139 40       		.byte	64
ARM GAS  C:\Users\ipfajard\AppData\Local\Temp\ccZ4ZBRN.s 			page 7


 343 013a 62       		.byte	98
 344 013b C0       		.byte	-64
 345 013c 64       		.byte	100
 346 013d 40       		.byte	64
 347 013e 65       		.byte	101
 348 013f 40       		.byte	64
 349 0140 66       		.byte	102
 350 0141 C0       		.byte	-64
 351 0142 68       		.byte	104
 352 0143 C0       		.byte	-64
 353 0144 6A       		.byte	106
 354 0145 C0       		.byte	-64
 355 0146 6C       		.byte	108
 356 0147 C0       		.byte	-64
 357 0148 6E       		.byte	110
 358 0149 C0       		.byte	-64
 359 014a 93       		.byte	-109
 360 014b 02       		.byte	2
 361 014c 97       		.byte	-105
 362 014d 01       		.byte	1
 363 014e 98       		.byte	-104
 364 014f 01       		.byte	1
 365 0150 9F       		.byte	-97
 366 0151 02       		.byte	2
 367 0152 AA       		.byte	-86
 368 0153 01       		.byte	1
 369 0154 B3       		.byte	-77
 370 0155 02       		.byte	2
 371 0156 B5       		.byte	-75
 372 0157 01       		.byte	1
 373 0158 B6       		.byte	-74
 374 0159 01       		.byte	1
 375 015a BF       		.byte	-65
 376 015b 04       		.byte	4
 377 015c C0       		.byte	-64
 378 015d 10       		.byte	16
 379 015e C1       		.byte	-63
 380 015f 05       		.byte	5
 381 0160 C5       		.byte	-59
 382 0161 D0       		.byte	-48
 383 0162 C7       		.byte	-57
 384 0163 21       		.byte	33
 385 0164 C8       		.byte	-56
 386 0165 32       		.byte	50
 387 0166 C9       		.byte	-55
 388 0167 FF       		.byte	-1
 389 0168 CA       		.byte	-54
 390 0169 FF       		.byte	-1
 391 016a CB       		.byte	-53
 392 016b FF       		.byte	-1
 393 016c CD       		.byte	-51
 394 016d AF       		.byte	-81
 395 016e CE       		.byte	-50
 396 016f 0F       		.byte	15
 397 0170 CF       		.byte	-49
 398 0171 04       		.byte	4
 399 0172 D0       		.byte	-48
ARM GAS  C:\Users\ipfajard\AppData\Local\Temp\ccZ4ZBRN.s 			page 8


 400 0173 18       		.byte	24
 401 0174 D4       		.byte	-44
 402 0175 05       		.byte	5
 403 0176 D8       		.byte	-40
 404 0177 0B       		.byte	11
 405 0178 D9       		.byte	-39
 406 0179 0B       		.byte	11
 407 017a DA       		.byte	-38
 408 017b 0B       		.byte	11
 409 017c DB       		.byte	-37
 410 017d 0B       		.byte	11
 411 017e DC       		.byte	-36
 412 017f 99       		.byte	-103
 413 0180 DD       		.byte	-35
 414 0181 99       		.byte	-103
 415 0182 DF       		.byte	-33
 416 0183 01       		.byte	1
 417 0184 E0       		.byte	-32
 418 0185 40       		.byte	64
 419 0186 E2       		.byte	-30
 420 0187 C0       		.byte	-64
 421 0188 E4       		.byte	-28
 422 0189 40       		.byte	64
 423 018a E5       		.byte	-27
 424 018b 40       		.byte	64
 425 018c E6       		.byte	-26
 426 018d C0       		.byte	-64
 427 018e E8       		.byte	-24
 428 018f C0       		.byte	-64
 429 0190 EA       		.byte	-22
 430 0191 C0       		.byte	-64
 431 0192 EC       		.byte	-20
 432 0193 C0       		.byte	-64
 433 0194 EE       		.byte	-18
 434 0195 C0       		.byte	-64
 435 0196 09       		.byte	9
 436 0197 20       		.byte	32
 437 0198 10       		.byte	16
 438 0199 08       		.byte	8
 439 019a 19       		.byte	25
 440 019b 80       		.byte	-128
 441 019c 21       		.byte	33
 442 019d 20       		.byte	32
 443 019e 22       		.byte	34
 444 019f 04       		.byte	4
 445 01a0 30       		.byte	48
 446 01a1 08       		.byte	8
 447 01a2 31       		.byte	49
 448 01a3 80       		.byte	-128
 449 01a4 32       		.byte	50
 450 01a5 02       		.byte	2
 451 01a6 41       		.byte	65
 452 01a7 80       		.byte	-128
 453 01a8 45       		.byte	69
 454 01a9 80       		.byte	-128
 455 01aa 49       		.byte	73
 456 01ab 01       		.byte	1
ARM GAS  C:\Users\ipfajard\AppData\Local\Temp\ccZ4ZBRN.s 			page 9


 457 01ac 4A       		.byte	74
 458 01ad 02       		.byte	2
 459 01ae 4E       		.byte	78
 460 01af 02       		.byte	2
 461 01b0 50       		.byte	80
 462 01b1 08       		.byte	8
 463 01b2 52       		.byte	82
 464 01b3 02       		.byte	2
 465 01b4 59       		.byte	89
 466 01b5 81       		.byte	-127
 467 01b6 5A       		.byte	90
 468 01b7 08       		.byte	8
 469 01b8 5D       		.byte	93
 470 01b9 40       		.byte	64
 471 01ba 64       		.byte	100
 472 01bb 01       		.byte	1
 473 01bc 67       		.byte	103
 474 01bd 02       		.byte	2
 475 01be 78       		.byte	120
 476 01bf 01       		.byte	1
 477 01c0 7F       		.byte	127
 478 01c1 01       		.byte	1
 479 01c2 91       		.byte	-111
 480 01c3 40       		.byte	64
 481 01c4 C2       		.byte	-62
 482 01c5 02       		.byte	2
 483 01c6 C4       		.byte	-60
 484 01c7 02       		.byte	2
 485 01c8 CC       		.byte	-52
 486 01c9 0B       		.byte	11
 487 01ca D0       		.byte	-48
 488 01cb 18       		.byte	24
 489 01cc D2       		.byte	-46
 490 01cd 18       		.byte	24
 491 01ce D6       		.byte	-42
 492 01cf 1B       		.byte	27
 493 01d0 D8       		.byte	-40
 494 01d1 10       		.byte	16
 495 01d2 DE       		.byte	-34
 496 01d3 11       		.byte	17
 497 01d4 91       		.byte	-111
 498 01d5 40       		.byte	64
 499 01d6 A9       		.byte	-87
 500 01d7 40       		.byte	64
 501 01d8 E6       		.byte	-26
 502 01d9 02       		.byte	2
 503 01da E2       		.byte	-30
 504 01db 10       		.byte	16
 505 01dc E6       		.byte	-26
 506 01dd 01       		.byte	1
 507 01de E2       		.byte	-30
 508 01df 80       		.byte	-128
 509 01e0 02       		.byte	2
 510 01e1 01       		.byte	1
 511 01e2 09       		.byte	9
 512 01e3 01       		.byte	1
 513 01e4 0B       		.byte	11
ARM GAS  C:\Users\ipfajard\AppData\Local\Temp\ccZ4ZBRN.s 			page 10


 514 01e5 02       		.byte	2
 515 01e6 25       		.byte	37
 516 01e7 02       		.byte	2
 517 01e8 27       		.byte	39
 518 01e9 01       		.byte	1
 519 01ea 31       		.byte	49
 520 01eb 03       		.byte	3
 521 01ec 36       		.byte	54
 522 01ed 01       		.byte	1
 523 01ee 3F       		.byte	63
 524 01ef 01       		.byte	1
 525 01f0 41       		.byte	65
 526 01f1 04       		.byte	4
 527 01f2 44       		.byte	68
 528 01f3 06       		.byte	6
 529 01f4 46       		.byte	70
 530 01f5 B0       		.byte	-80
 531 01f6 48       		.byte	72
 532 01f7 08       		.byte	8
 533 01f8 49       		.byte	73
 534 01f9 FF       		.byte	-1
 535 01fa 4A       		.byte	74
 536 01fb FF       		.byte	-1
 537 01fc 4B       		.byte	75
 538 01fd FF       		.byte	-1
 539 01fe 4C       		.byte	76
 540 01ff EF       		.byte	-17
 541 0200 4D       		.byte	77
 542 0201 55       		.byte	85
 543 0202 4E       		.byte	78
 544 0203 70       		.byte	112
 545 0204 4F       		.byte	79
 546 0205 48       		.byte	72
 547 0206 50       		.byte	80
 548 0207 1C       		.byte	28
 549 0208 52       		.byte	82
 550 0209 80       		.byte	-128
 551 020a 58       		.byte	88
 552 020b 08       		.byte	8
 553 020c 59       		.byte	89
 554 020d 04       		.byte	4
 555 020e 5A       		.byte	90
 556 020f 04       		.byte	4
 557 0210 5B       		.byte	91
 558 0211 08       		.byte	8
 559 0212 5C       		.byte	92
 560 0213 09       		.byte	9
 561 0214 5D       		.byte	93
 562 0215 91       		.byte	-111
 563 0216 5F       		.byte	95
 564 0217 01       		.byte	1
 565 0218 61       		.byte	97
 566 0219 08       		.byte	8
 567 021a 63       		.byte	99
 568 021b 08       		.byte	8
 569 021c 65       		.byte	101
 570 021d 08       		.byte	8
ARM GAS  C:\Users\ipfajard\AppData\Local\Temp\ccZ4ZBRN.s 			page 11


 571 021e 67       		.byte	103
 572 021f 08       		.byte	8
 573 0220 68       		.byte	104
 574 0221 50       		.byte	80
 575 0222 69       		.byte	105
 576 0223 0A       		.byte	10
 577 0224 6A       		.byte	106
 578 0225 40       		.byte	64
 579 0226 6B       		.byte	107
 580 0227 A8       		.byte	-88
 581 0228 6C       		.byte	108
 582 0229 C0       		.byte	-64
 583 022a 6E       		.byte	110
 584 022b 40       		.byte	64
 585 022c 6F       		.byte	111
 586 022d A8       		.byte	-88
 587 022e C1       		.byte	-63
 588 022f 05       		.byte	5
 589 0230 C4       		.byte	-60
 590 0231 03       		.byte	3
 591 0232 C9       		.byte	-55
 592 0233 FF       		.byte	-1
 593 0234 CA       		.byte	-54
 594 0235 FF       		.byte	-1
 595 0236 CB       		.byte	-53
 596 0237 FF       		.byte	-1
 597 0238 CC       		.byte	-52
 598 0239 EF       		.byte	-17
 599 023a CD       		.byte	-51
 600 023b 55       		.byte	85
 601 023c CE       		.byte	-50
 602 023d 72       		.byte	114
 603 023e CF       		.byte	-49
 604 023f 48       		.byte	72
 605 0240 D0       		.byte	-48
 606 0241 1C       		.byte	28
 607 0242 D2       		.byte	-46
 608 0243 01       		.byte	1
 609 0244 DA       		.byte	-38
 610 0245 04       		.byte	4
 611 0246 DB       		.byte	-37
 612 0247 04       		.byte	4
 613 0248 DD       		.byte	-35
 614 0249 11       		.byte	17
 615 024a DF       		.byte	-33
 616 024b 01       		.byte	1
 617 024c E1       		.byte	-31
 618 024d 08       		.byte	8
 619 024e E3       		.byte	-29
 620 024f 08       		.byte	8
 621 0250 E5       		.byte	-27
 622 0251 08       		.byte	8
 623 0252 E7       		.byte	-25
 624 0253 08       		.byte	8
 625 0254 E8       		.byte	-24
 626 0255 50       		.byte	80
 627 0256 E9       		.byte	-23
ARM GAS  C:\Users\ipfajard\AppData\Local\Temp\ccZ4ZBRN.s 			page 12


 628 0257 0A       		.byte	10
 629 0258 EA       		.byte	-22
 630 0259 40       		.byte	64
 631 025a EB       		.byte	-21
 632 025b A8       		.byte	-88
 633 025c EC       		.byte	-20
 634 025d C0       		.byte	-64
 635 025e EE       		.byte	-18
 636 025f 40       		.byte	64
 637 0260 EF       		.byte	-17
 638 0261 A8       		.byte	-88
 639 0262 06       		.byte	6
 640 0263 80       		.byte	-128
 641 0264 1D       		.byte	29
 642 0265 80       		.byte	-128
 643 0266 26       		.byte	38
 644 0267 01       		.byte	1
 645 0268 2F       		.byte	47
 646 0269 20       		.byte	32
 647 026a 3C       		.byte	60
 648 026b 10       		.byte	16
 649 026c 3F       		.byte	63
 650 026d 20       		.byte	32
 651 026e 40       		.byte	64
 652 026f 10       		.byte	16
 653 0270 47       		.byte	71
 654 0271 02       		.byte	2
 655 0272 48       		.byte	72
 656 0273 01       		.byte	1
 657 0274 4F       		.byte	79
 658 0275 20       		.byte	32
 659 0276 57       		.byte	87
 660 0277 20       		.byte	32
 661 0278 68       		.byte	104
 662 0279 01       		.byte	1
 663 027a 6B       		.byte	107
 664 027b 02       		.byte	2
 665 027c 76       		.byte	118
 666 027d 80       		.byte	-128
 667 027e 7F       		.byte	127
 668 027f 01       		.byte	1
 669 0280 8B       		.byte	-117
 670 0281 20       		.byte	32
 671 0282 93       		.byte	-109
 672 0283 02       		.byte	2
 673 0284 98       		.byte	-104
 674 0285 01       		.byte	1
 675 0286 A0       		.byte	-96
 676 0287 08       		.byte	8
 677 0288 A5       		.byte	-91
 678 0289 80       		.byte	-128
 679 028a C0       		.byte	-64
 680 028b 10       		.byte	16
 681 028c CA       		.byte	-54
 682 028d 40       		.byte	64
 683 028e CE       		.byte	-50
 684 028f 20       		.byte	32
ARM GAS  C:\Users\ipfajard\AppData\Local\Temp\ccZ4ZBRN.s 			page 13


 685 0290 D0       		.byte	-48
 686 0291 82       		.byte	-126
 687 0292 D2       		.byte	-46
 688 0293 28       		.byte	40
 689 0294 DE       		.byte	-34
 690 0295 10       		.byte	16
 691 0296 E2       		.byte	-30
 692 0297 80       		.byte	-128
 693 0298 1E       		.byte	30
 694 0299 01       		.byte	1
 695 029a 2A       		.byte	42
 696 029b 01       		.byte	1
 697 029c 34       		.byte	52
 698 029d 01       		.byte	1
 699 029e 41       		.byte	65
 700 029f 05       		.byte	5
 701 02a0 44       		.byte	68
 702 02a1 02       		.byte	2
 703 02a2 49       		.byte	73
 704 02a3 FF       		.byte	-1
 705 02a4 4A       		.byte	74
 706 02a5 FF       		.byte	-1
 707 02a6 4B       		.byte	75
 708 02a7 FF       		.byte	-1
 709 02a8 4C       		.byte	76
 710 02a9 EF       		.byte	-17
 711 02aa 4D       		.byte	77
 712 02ab 55       		.byte	85
 713 02ac 4E       		.byte	78
 714 02ad 72       		.byte	114
 715 02ae 4F       		.byte	79
 716 02af 48       		.byte	72
 717 02b0 50       		.byte	80
 718 02b1 1C       		.byte	28
 719 02b2 58       		.byte	88
 720 02b3 0B       		.byte	11
 721 02b4 5A       		.byte	90
 722 02b5 04       		.byte	4
 723 02b6 5C       		.byte	92
 724 02b7 09       		.byte	9
 725 02b8 5D       		.byte	93
 726 02b9 01       		.byte	1
 727 02ba 5F       		.byte	95
 728 02bb 01       		.byte	1
 729 02bc 61       		.byte	97
 730 02bd 08       		.byte	8
 731 02be 63       		.byte	99
 732 02bf 08       		.byte	8
 733 02c0 65       		.byte	101
 734 02c1 08       		.byte	8
 735 02c2 67       		.byte	103
 736 02c3 08       		.byte	8
 737 02c4 68       		.byte	104
 738 02c5 50       		.byte	80
 739 02c6 69       		.byte	105
 740 02c7 0A       		.byte	10
 741 02c8 6A       		.byte	106
ARM GAS  C:\Users\ipfajard\AppData\Local\Temp\ccZ4ZBRN.s 			page 14


 742 02c9 40       		.byte	64
 743 02ca 6B       		.byte	107
 744 02cb A8       		.byte	-88
 745 02cc 6C       		.byte	108
 746 02cd C0       		.byte	-64
 747 02ce 6E       		.byte	110
 748 02cf 40       		.byte	64
 749 02d0 6F       		.byte	111
 750 02d1 A8       		.byte	-88
 751 02d2 C1       		.byte	-63
 752 02d3 04       		.byte	4
 753 02d4 C4       		.byte	-60
 754 02d5 06       		.byte	6
 755 02d6 C5       		.byte	-59
 756 02d7 0D       		.byte	13
 757 02d8 C6       		.byte	-58
 758 02d9 0E       		.byte	14
 759 02da C7       		.byte	-57
 760 02db CF       		.byte	-49
 761 02dc C8       		.byte	-56
 762 02dd 35       		.byte	53
 763 02de C9       		.byte	-55
 764 02df FF       		.byte	-1
 765 02e0 CA       		.byte	-54
 766 02e1 FF       		.byte	-1
 767 02e2 CB       		.byte	-53
 768 02e3 FF       		.byte	-1
 769 02e4 CC       		.byte	-52
 770 02e5 EA       		.byte	-22
 771 02e6 CD       		.byte	-51
 772 02e7 55       		.byte	85
 773 02e8 CE       		.byte	-50
 774 02e9 F2       		.byte	-14
 775 02ea CF       		.byte	-49
 776 02eb 48       		.byte	72
 777 02ec D0       		.byte	-48
 778 02ed 1C       		.byte	28
 779 02ee DA       		.byte	-38
 780 02ef 04       		.byte	4
 781 02f0 DB       		.byte	-37
 782 02f1 04       		.byte	4
 783 02f2 DD       		.byte	-35
 784 02f3 11       		.byte	17
 785 02f4 DF       		.byte	-33
 786 02f5 01       		.byte	1
 787 02f6 E1       		.byte	-31
 788 02f7 08       		.byte	8
 789 02f8 E3       		.byte	-29
 790 02f9 08       		.byte	8
 791 02fa E5       		.byte	-27
 792 02fb 08       		.byte	8
 793 02fc E7       		.byte	-25
 794 02fd 08       		.byte	8
 795 02fe E8       		.byte	-24
 796 02ff 50       		.byte	80
 797 0300 E9       		.byte	-23
 798 0301 0A       		.byte	10
ARM GAS  C:\Users\ipfajard\AppData\Local\Temp\ccZ4ZBRN.s 			page 15


 799 0302 EA       		.byte	-22
 800 0303 40       		.byte	64
 801 0304 EB       		.byte	-21
 802 0305 A8       		.byte	-88
 803 0306 EC       		.byte	-20
 804 0307 C0       		.byte	-64
 805 0308 EE       		.byte	-18
 806 0309 40       		.byte	64
 807 030a EF       		.byte	-17
 808 030b A8       		.byte	-88
 809 030c 09       		.byte	9
 810 030d 80       		.byte	-128
 811 030e 10       		.byte	16
 812 030f 08       		.byte	8
 813 0310 1A       		.byte	26
 814 0311 04       		.byte	4
 815 0312 1B       		.byte	27
 816 0313 10       		.byte	16
 817 0314 42       		.byte	66
 818 0315 04       		.byte	4
 819 0316 47       		.byte	71
 820 0317 02       		.byte	2
 821 0318 48       		.byte	72
 822 0319 01       		.byte	1
 823 031a 4F       		.byte	79
 824 031b 24       		.byte	36
 825 031c 54       		.byte	84
 826 031d 02       		.byte	2
 827 031e 56       		.byte	86
 828 031f 48       		.byte	72
 829 0320 5E       		.byte	94
 830 0321 01       		.byte	1
 831 0322 66       		.byte	102
 832 0323 48       		.byte	72
 833 0324 67       		.byte	103
 834 0325 04       		.byte	4
 835 0326 78       		.byte	120
 836 0327 01       		.byte	1
 837 0328 82       		.byte	-126
 838 0329 01       		.byte	1
 839 032a 88       		.byte	-120
 840 032b 02       		.byte	2
 841 032c 8A       		.byte	-118
 842 032d 01       		.byte	1
 843 032e 8F       		.byte	-113
 844 032f 10       		.byte	16
 845 0330 98       		.byte	-104
 846 0331 01       		.byte	1
 847 0332 9B       		.byte	-101
 848 0333 02       		.byte	2
 849 0334 A0       		.byte	-96
 850 0335 09       		.byte	9
 851 0336 A1       		.byte	-95
 852 0337 80       		.byte	-128
 853 0338 A2       		.byte	-94
 854 0339 01       		.byte	1
 855 033a A7       		.byte	-89
ARM GAS  C:\Users\ipfajard\AppData\Local\Temp\ccZ4ZBRN.s 			page 16


 856 033b 10       		.byte	16
 857 033c C2       		.byte	-62
 858 033d 01       		.byte	1
 859 033e C4       		.byte	-60
 860 033f 02       		.byte	2
 861 0340 D0       		.byte	-48
 862 0341 84       		.byte	-124
 863 0342 D2       		.byte	-46
 864 0343 28       		.byte	40
 865 0344 D6       		.byte	-42
 866 0345 80       		.byte	-128
 867 0346 D8       		.byte	-40
 868 0347 70       		.byte	112
 869 0348 DE       		.byte	-34
 870 0349 01       		.byte	1
 871 034a E2       		.byte	-30
 872 034b 10       		.byte	16
 873 034c 33       		.byte	51
 874 034d 40       		.byte	64
 875 034e 36       		.byte	54
 876 034f 80       		.byte	-128
 877 0350 CC       		.byte	-52
 878 0351 30       		.byte	48
 879 0352 0F       		.byte	15
 880 0353 08       		.byte	8
 881 0354 55       		.byte	85
 882 0355 80       		.byte	-128
 883 0356 5C       		.byte	92
 884 0357 02       		.byte	2
 885 0358 84       		.byte	-124
 886 0359 02       		.byte	2
 887 035a 9F       		.byte	-97
 888 035b 40       		.byte	64
 889 035c A6       		.byte	-90
 890 035d 80       		.byte	-128
 891 035e C2       		.byte	-62
 892 035f 80       		.byte	-128
 893 0360 D4       		.byte	-44
 894 0361 40       		.byte	64
 895 0362 D6       		.byte	-42
 896 0363 80       		.byte	-128
 897 0364 E6       		.byte	-26
 898 0365 40       		.byte	64
 899 0366 12       		.byte	18
 900 0367 80       		.byte	-128
 901 0368 5B       		.byte	91
 902 0369 02       		.byte	2
 903 036a 98       		.byte	-104
 904 036b 02       		.byte	2
 905 036c 9F       		.byte	-97
 906 036d 40       		.byte	64
 907 036e A5       		.byte	-91
 908 036f 80       		.byte	-128
 909 0370 A6       		.byte	-90
 910 0371 80       		.byte	-128
 911 0372 AB       		.byte	-85
 912 0373 04       		.byte	4
ARM GAS  C:\Users\ipfajard\AppData\Local\Temp\ccZ4ZBRN.s 			page 17


 913 0374 C4       		.byte	-60
 914 0375 10       		.byte	16
 915 0376 D6       		.byte	-42
 916 0377 40       		.byte	64
 917 0378 EC       		.byte	-20
 918 0379 20       		.byte	32
 919 037a 98       		.byte	-104
 920 037b 02       		.byte	2
 921 037c A5       		.byte	-91
 922 037d 80       		.byte	-128
 923 037e AB       		.byte	-85
 924 037f 40       		.byte	64
 925 0380 B3       		.byte	-77
 926 0381 02       		.byte	2
 927 0382 EE       		.byte	-18
 928 0383 80       		.byte	-128
 929 0384 29       		.byte	41
 930 0385 20       		.byte	32
 931 0386 CA       		.byte	-54
 932 0387 08       		.byte	8
 933 0388 85       		.byte	-123
 934 0389 20       		.byte	32
 935 038a 99       		.byte	-103
 936 038b 20       		.byte	32
 937 038c 8A       		.byte	-118
 938 038d 80       		.byte	-128
 939 038e 98       		.byte	-104
 940 038f 02       		.byte	2
 941 0390 A5       		.byte	-91
 942 0391 80       		.byte	-128
 943 0392 52       		.byte	82
 944 0393 80       		.byte	-128
 945 0394 57       		.byte	87
 946 0395 10       		.byte	16
 947 0396 5C       		.byte	92
 948 0397 02       		.byte	2
 949 0398 61       		.byte	97
 950 0399 80       		.byte	-128
 951 039a 81       		.byte	-127
 952 039b 80       		.byte	-128
 953 039c 8F       		.byte	-113
 954 039d 10       		.byte	16
 955 039e 98       		.byte	-104
 956 039f 02       		.byte	2
 957 03a0 A2       		.byte	-94
 958 03a1 80       		.byte	-128
 959 03a2 A5       		.byte	-91
 960 03a3 80       		.byte	-128
 961 03a4 D4       		.byte	-44
 962 03a5 60       		.byte	96
 963 03a6 D6       		.byte	-42
 964 03a7 C0       		.byte	-64
 965 03a8 E6       		.byte	-26
 966 03a9 80       		.byte	-128
 967 03aa 00       		.byte	0
 968 03ab 01       		.byte	1
 969 03ac 01       		.byte	1
ARM GAS  C:\Users\ipfajard\AppData\Local\Temp\ccZ4ZBRN.s 			page 18


 970 03ad 01       		.byte	1
 971 03ae 0A       		.byte	10
 972 03af 01       		.byte	1
 973 03b0 0D       		.byte	13
 974 03b1 01       		.byte	1
 975 03b2 10       		.byte	16
 976 03b3 02       		.byte	2
 977 03b4 11       		.byte	17
 978 03b5 01       		.byte	1
 979 03b6 1C       		.byte	28
 980 03b7 02       		.byte	2
 981 03b8 1D       		.byte	29
 982 03b9 01       		.byte	1
 983 03ba 00       		.byte	0
 984 03bb 0B       		.byte	11
 985 03bc 80       		.byte	-128
 986 03bd 52       		.byte	82
 987 03be 52       		.byte	82
 988 03bf 00       		.byte	0
 989 03c0 42       		.byte	66
 990 03c1 00       		.byte	0
 991 03c2 01       		.byte	1
 992 03c3 00       		.byte	0
 993 03c4 00       		.byte	0
 994 03c5 0B       		.byte	11
 995 03c6 0B       		.byte	11
 996 03c7 00       		.byte	0
 997 03c8 00       		.byte	0
 998 03c9 00       		.byte	0
 999 03ca 00       		.byte	0
 1000 03cb 00       		.byte	0
 1001 03cc 00       		.byte	0
 1002 03cd 7F       		.byte	127
 1003 03ce 7F       		.byte	127
 1004 03cf 00       		.byte	0
 1005 03d0 00       		.byte	0
 1006 03d1 00       		.byte	0
 1007 03d2 00       		.byte	0
 1008 03d3 00       		.byte	0
 1009 03d4 00       		.byte	0
 1010 03d5 5C       		.byte	92
 1011 03d6 5C       		.byte	92
 1012 03d7 00       		.byte	0
 1013 03d8 5C       		.byte	92
 1014 03d9 00       		.byte	0
 1015 03da 00       		.byte	0
 1016 03db 00       		.byte	0
 1017              		.section	.cywolatch,"a",%progbits
 1018              		.align	2
 1019              		.type	cy_meta_wonvl, %object
 1020              		.size	cy_meta_wonvl, 4
 1021              	cy_meta_wonvl:
 1022 0000 BC       		.byte	-68
 1023 0001 90       		.byte	-112
 1024 0002 AC       		.byte	-84
 1025 0003 AF       		.byte	-81
 1026              		.section	.cycustnvl,"a",%progbits
ARM GAS  C:\Users\ipfajard\AppData\Local\Temp\ccZ4ZBRN.s 			page 19


 1027              		.align	2
 1028              		.type	cy_meta_custnvl, %object
 1029              		.size	cy_meta_custnvl, 4
 1030              	cy_meta_custnvl:
 1031 0000 00       		.byte	0
 1032 0001 00       		.byte	0
 1033 0002 40       		.byte	64
 1034 0003 05       		.byte	5
 1035              		.section	.cymeta,"a",%progbits
 1036              		.align	2
 1037              		.type	cy_metadata, %object
 1038              		.size	cy_metadata, 12
 1039              	cy_metadata:
 1040 0000 00       		.byte	0
 1041 0001 01       		.byte	1
 1042 0002 2E       		.byte	46
 1043 0003 16       		.byte	22
 1044 0004 10       		.byte	16
 1045 0005 69       		.byte	105
 1046 0006 00       		.byte	0
 1047 0007 01       		.byte	1
 1048 0008 00       		.byte	0
 1049 0009 00       		.byte	0
 1050 000a 00       		.byte	0
 1051 000b 00       		.byte	0
 1052              		.section	.cyflashprotect,"a",%progbits
 1053              		.align	2
 1054              		.type	cy_meta_flashprotect, %object
 1055              		.size	cy_meta_flashprotect, 256
 1056              	cy_meta_flashprotect:
 1057 0000 00000000 		.space	256
 1057      00000000 
 1057      00000000 
 1057      00000000 
 1057      00000000 
 1058              		.text
 1059              	.Letext0:
 1060              		.file 1 "c:\\program files (x86)\\cypress\\psoc creator\\4.1\\psoc creator\\import\\gnu\\arm\\5.4.
 1061              		.file 2 "c:\\program files (x86)\\cypress\\psoc creator\\4.1\\psoc creator\\import\\gnu\\arm\\5.4.
 1062              		.file 3 "Generated_Source\\PSoC5\\cymetadata.c"
 1063              		.section	.debug_info,"",%progbits
 1064              	.Ldebug_info0:
 1065 0000 31010000 		.4byte	0x131
 1066 0004 0400     		.2byte	0x4
 1067 0006 00000000 		.4byte	.Ldebug_abbrev0
 1068 000a 04       		.byte	0x4
 1069 000b 01       		.uleb128 0x1
 1070 000c 55000000 		.4byte	.LASF17
 1071 0010 0C       		.byte	0xc
 1072 0011 BD010000 		.4byte	.LASF18
 1073 0015 16000000 		.4byte	.LASF19
 1074 0019 00000000 		.4byte	.Ldebug_line0
 1075 001d 02       		.uleb128 0x2
 1076 001e 01       		.byte	0x1
 1077 001f 06       		.byte	0x6
 1078 0020 B1010000 		.4byte	.LASF0
 1079 0024 03       		.uleb128 0x3
ARM GAS  C:\Users\ipfajard\AppData\Local\Temp\ccZ4ZBRN.s 			page 20


 1080 0025 00000000 		.4byte	.LASF9
 1081 0029 01       		.byte	0x1
 1082 002a 1D       		.byte	0x1d
 1083 002b 2F000000 		.4byte	0x2f
 1084 002f 02       		.uleb128 0x2
 1085 0030 01       		.byte	0x1
 1086 0031 08       		.byte	0x8
 1087 0032 08010000 		.4byte	.LASF1
 1088 0036 02       		.uleb128 0x2
 1089 0037 02       		.byte	0x2
 1090 0038 05       		.byte	0x5
 1091 0039 9E010000 		.4byte	.LASF2
 1092 003d 02       		.uleb128 0x2
 1093 003e 02       		.byte	0x2
 1094 003f 07       		.byte	0x7
 1095 0040 F5000000 		.4byte	.LASF3
 1096 0044 02       		.uleb128 0x2
 1097 0045 04       		.byte	0x4
 1098 0046 05       		.byte	0x5
 1099 0047 A8010000 		.4byte	.LASF4
 1100 004b 02       		.uleb128 0x2
 1101 004c 04       		.byte	0x4
 1102 004d 07       		.byte	0x7
 1103 004e E3000000 		.4byte	.LASF5
 1104 0052 02       		.uleb128 0x2
 1105 0053 08       		.byte	0x8
 1106 0054 05       		.byte	0x5
 1107 0055 90010000 		.4byte	.LASF6
 1108 0059 02       		.uleb128 0x2
 1109 005a 08       		.byte	0x8
 1110 005b 07       		.byte	0x7
 1111 005c 45010000 		.4byte	.LASF7
 1112 0060 04       		.uleb128 0x4
 1113 0061 04       		.byte	0x4
 1114 0062 05       		.byte	0x5
 1115 0063 696E7400 		.ascii	"int\000"
 1116 0067 02       		.uleb128 0x2
 1117 0068 04       		.byte	0x4
 1118 0069 07       		.byte	0x7
 1119 006a 38010000 		.4byte	.LASF8
 1120 006e 03       		.uleb128 0x3
 1121 006f 5C010000 		.4byte	.LASF10
 1122 0073 02       		.byte	0x2
 1123 0074 18       		.byte	0x18
 1124 0075 24000000 		.4byte	0x24
 1125 0079 05       		.uleb128 0x5
 1126 007a 91000000 		.4byte	0x91
 1127 007e 8A000000 		.4byte	0x8a
 1128 0082 06       		.uleb128 0x6
 1129 0083 8A000000 		.4byte	0x8a
 1130 0087 DB03     		.2byte	0x3db
 1131 0089 00       		.byte	0
 1132 008a 02       		.uleb128 0x2
 1133 008b 04       		.byte	0x4
 1134 008c 07       		.byte	0x7
 1135 008d 87010000 		.4byte	.LASF11
 1136 0091 07       		.uleb128 0x7
ARM GAS  C:\Users\ipfajard\AppData\Local\Temp\ccZ4ZBRN.s 			page 21


 1137 0092 6E000000 		.4byte	0x6e
 1138 0096 08       		.uleb128 0x8
 1139 0097 26010000 		.4byte	.LASF12
 1140 009b 03       		.byte	0x3
 1141 009c 1F       		.byte	0x1f
 1142 009d A7000000 		.4byte	0xa7
 1143 00a1 05       		.uleb128 0x5
 1144 00a2 03       		.byte	0x3
 1145 00a3 00000000 		.4byte	cy_meta_configecc
 1146 00a7 07       		.uleb128 0x7
 1147 00a8 79000000 		.4byte	0x79
 1148 00ac 05       		.uleb128 0x5
 1149 00ad 91000000 		.4byte	0x91
 1150 00b1 BC000000 		.4byte	0xbc
 1151 00b5 09       		.uleb128 0x9
 1152 00b6 8A000000 		.4byte	0x8a
 1153 00ba 03       		.byte	0x3
 1154 00bb 00       		.byte	0
 1155 00bc 08       		.uleb128 0x8
 1156 00bd 16010000 		.4byte	.LASF13
 1157 00c1 03       		.byte	0x3
 1158 00c2 A8       		.byte	0xa8
 1159 00c3 CD000000 		.4byte	0xcd
 1160 00c7 05       		.uleb128 0x5
 1161 00c8 03       		.byte	0x3
 1162 00c9 00000000 		.4byte	cy_meta_custnvl
 1163 00cd 07       		.uleb128 0x7
 1164 00ce AC000000 		.4byte	0xac
 1165 00d2 08       		.uleb128 0x8
 1166 00d3 79010000 		.4byte	.LASF14
 1167 00d7 03       		.byte	0x3
 1168 00d8 B6       		.byte	0xb6
 1169 00d9 E3000000 		.4byte	0xe3
 1170 00dd 05       		.uleb128 0x5
 1171 00de 03       		.byte	0x3
 1172 00df 00000000 		.4byte	cy_meta_wonvl
 1173 00e3 07       		.uleb128 0x7
 1174 00e4 AC000000 		.4byte	0xac
 1175 00e8 05       		.uleb128 0x5
 1176 00e9 91000000 		.4byte	0x91
 1177 00ed F8000000 		.4byte	0xf8
 1178 00f1 09       		.uleb128 0x9
 1179 00f2 8A000000 		.4byte	0x8a
 1180 00f6 FF       		.byte	0xff
 1181 00f7 00       		.byte	0
 1182 00f8 08       		.uleb128 0x8
 1183 00f9 64010000 		.4byte	.LASF15
 1184 00fd 03       		.byte	0x3
 1185 00fe C4       		.byte	0xc4
 1186 00ff 09010000 		.4byte	0x109
 1187 0103 05       		.uleb128 0x5
 1188 0104 03       		.byte	0x3
 1189 0105 00000000 		.4byte	cy_meta_flashprotect
 1190 0109 07       		.uleb128 0x7
 1191 010a E8000000 		.4byte	0xe8
 1192 010e 05       		.uleb128 0x5
 1193 010f 91000000 		.4byte	0x91
ARM GAS  C:\Users\ipfajard\AppData\Local\Temp\ccZ4ZBRN.s 			page 22


 1194 0113 1E010000 		.4byte	0x11e
 1195 0117 09       		.uleb128 0x9
 1196 0118 8A000000 		.4byte	0x8a
 1197 011c 0B       		.byte	0xb
 1198 011d 00       		.byte	0
 1199 011e 08       		.uleb128 0x8
 1200 011f 0A000000 		.4byte	.LASF16
 1201 0123 03       		.byte	0x3
 1202 0124 F1       		.byte	0xf1
 1203 0125 2F010000 		.4byte	0x12f
 1204 0129 05       		.uleb128 0x5
 1205 012a 03       		.byte	0x3
 1206 012b 00000000 		.4byte	cy_metadata
 1207 012f 07       		.uleb128 0x7
 1208 0130 0E010000 		.4byte	0x10e
 1209 0134 00       		.byte	0
 1210              		.section	.debug_abbrev,"",%progbits
 1211              	.Ldebug_abbrev0:
 1212 0000 01       		.uleb128 0x1
 1213 0001 11       		.uleb128 0x11
 1214 0002 01       		.byte	0x1
 1215 0003 25       		.uleb128 0x25
 1216 0004 0E       		.uleb128 0xe
 1217 0005 13       		.uleb128 0x13
 1218 0006 0B       		.uleb128 0xb
 1219 0007 03       		.uleb128 0x3
 1220 0008 0E       		.uleb128 0xe
 1221 0009 1B       		.uleb128 0x1b
 1222 000a 0E       		.uleb128 0xe
 1223 000b 10       		.uleb128 0x10
 1224 000c 17       		.uleb128 0x17
 1225 000d 00       		.byte	0
 1226 000e 00       		.byte	0
 1227 000f 02       		.uleb128 0x2
 1228 0010 24       		.uleb128 0x24
 1229 0011 00       		.byte	0
 1230 0012 0B       		.uleb128 0xb
 1231 0013 0B       		.uleb128 0xb
 1232 0014 3E       		.uleb128 0x3e
 1233 0015 0B       		.uleb128 0xb
 1234 0016 03       		.uleb128 0x3
 1235 0017 0E       		.uleb128 0xe
 1236 0018 00       		.byte	0
 1237 0019 00       		.byte	0
 1238 001a 03       		.uleb128 0x3
 1239 001b 16       		.uleb128 0x16
 1240 001c 00       		.byte	0
 1241 001d 03       		.uleb128 0x3
 1242 001e 0E       		.uleb128 0xe
 1243 001f 3A       		.uleb128 0x3a
 1244 0020 0B       		.uleb128 0xb
 1245 0021 3B       		.uleb128 0x3b
 1246 0022 0B       		.uleb128 0xb
 1247 0023 49       		.uleb128 0x49
 1248 0024 13       		.uleb128 0x13
 1249 0025 00       		.byte	0
 1250 0026 00       		.byte	0
ARM GAS  C:\Users\ipfajard\AppData\Local\Temp\ccZ4ZBRN.s 			page 23


 1251 0027 04       		.uleb128 0x4
 1252 0028 24       		.uleb128 0x24
 1253 0029 00       		.byte	0
 1254 002a 0B       		.uleb128 0xb
 1255 002b 0B       		.uleb128 0xb
 1256 002c 3E       		.uleb128 0x3e
 1257 002d 0B       		.uleb128 0xb
 1258 002e 03       		.uleb128 0x3
 1259 002f 08       		.uleb128 0x8
 1260 0030 00       		.byte	0
 1261 0031 00       		.byte	0
 1262 0032 05       		.uleb128 0x5
 1263 0033 01       		.uleb128 0x1
 1264 0034 01       		.byte	0x1
 1265 0035 49       		.uleb128 0x49
 1266 0036 13       		.uleb128 0x13
 1267 0037 01       		.uleb128 0x1
 1268 0038 13       		.uleb128 0x13
 1269 0039 00       		.byte	0
 1270 003a 00       		.byte	0
 1271 003b 06       		.uleb128 0x6
 1272 003c 21       		.uleb128 0x21
 1273 003d 00       		.byte	0
 1274 003e 49       		.uleb128 0x49
 1275 003f 13       		.uleb128 0x13
 1276 0040 2F       		.uleb128 0x2f
 1277 0041 05       		.uleb128 0x5
 1278 0042 00       		.byte	0
 1279 0043 00       		.byte	0
 1280 0044 07       		.uleb128 0x7
 1281 0045 26       		.uleb128 0x26
 1282 0046 00       		.byte	0
 1283 0047 49       		.uleb128 0x49
 1284 0048 13       		.uleb128 0x13
 1285 0049 00       		.byte	0
 1286 004a 00       		.byte	0
 1287 004b 08       		.uleb128 0x8
 1288 004c 34       		.uleb128 0x34
 1289 004d 00       		.byte	0
 1290 004e 03       		.uleb128 0x3
 1291 004f 0E       		.uleb128 0xe
 1292 0050 3A       		.uleb128 0x3a
 1293 0051 0B       		.uleb128 0xb
 1294 0052 3B       		.uleb128 0x3b
 1295 0053 0B       		.uleb128 0xb
 1296 0054 49       		.uleb128 0x49
 1297 0055 13       		.uleb128 0x13
 1298 0056 3F       		.uleb128 0x3f
 1299 0057 19       		.uleb128 0x19
 1300 0058 02       		.uleb128 0x2
 1301 0059 18       		.uleb128 0x18
 1302 005a 00       		.byte	0
 1303 005b 00       		.byte	0
 1304 005c 09       		.uleb128 0x9
 1305 005d 21       		.uleb128 0x21
 1306 005e 00       		.byte	0
 1307 005f 49       		.uleb128 0x49
ARM GAS  C:\Users\ipfajard\AppData\Local\Temp\ccZ4ZBRN.s 			page 24


 1308 0060 13       		.uleb128 0x13
 1309 0061 2F       		.uleb128 0x2f
 1310 0062 0B       		.uleb128 0xb
 1311 0063 00       		.byte	0
 1312 0064 00       		.byte	0
 1313 0065 00       		.byte	0
 1314              		.section	.debug_aranges,"",%progbits
 1315 0000 14000000 		.4byte	0x14
 1316 0004 0200     		.2byte	0x2
 1317 0006 00000000 		.4byte	.Ldebug_info0
 1318 000a 04       		.byte	0x4
 1319 000b 00       		.byte	0
 1320 000c 0000     		.2byte	0
 1321 000e 0000     		.2byte	0
 1322 0010 00000000 		.4byte	0
 1323 0014 00000000 		.4byte	0
 1324              		.section	.debug_line,"",%progbits
 1325              	.Ldebug_line0:
 1326 0000 3D010000 		.section	.debug_str,"MS",%progbits,1
 1326      02003701 
 1326      00000201 
 1326      FB0E0D00 
 1326      01010101 
 1327              	.LASF9:
 1328 0000 5F5F7569 		.ascii	"__uint8_t\000"
 1328      6E74385F 
 1328      7400
 1329              	.LASF16:
 1330 000a 63795F6D 		.ascii	"cy_metadata\000"
 1330      65746164 
 1330      61746100 
 1331              	.LASF19:
 1332 0016 433A5C53 		.ascii	"C:\\SPB_Data\\Documents\\UACSCode\\UACS\\Spring2018"
 1332      50425F44 
 1332      6174615C 
 1332      446F6375 
 1332      6D656E74 
 1333 0044 5C486967 		.ascii	"\\HighFSKRx.cydsn\000"
 1333      6846534B 
 1333      52782E63 
 1333      7964736E 
 1333      00
 1334              	.LASF17:
 1335 0055 474E5520 		.ascii	"GNU C11 5.4.1 20160609 (release) [ARM/embedded-5-br"
 1335      43313120 
 1335      352E342E 
 1335      31203230 
 1335      31363036 
 1336 0088 616E6368 		.ascii	"anch revision 237715] -mcpu=cortex-m3 -mthumb -g -O"
 1336      20726576 
 1336      6973696F 
 1336      6E203233 
 1336      37373135 
 1337 00bb 67202D66 		.ascii	"g -ffunction-sections -ffat-lto-objects\000"
 1337      66756E63 
 1337      74696F6E 
 1337      2D736563 
ARM GAS  C:\Users\ipfajard\AppData\Local\Temp\ccZ4ZBRN.s 			page 25


 1337      74696F6E 
 1338              	.LASF5:
 1339 00e3 6C6F6E67 		.ascii	"long unsigned int\000"
 1339      20756E73 
 1339      69676E65 
 1339      6420696E 
 1339      7400
 1340              	.LASF3:
 1341 00f5 73686F72 		.ascii	"short unsigned int\000"
 1341      7420756E 
 1341      7369676E 
 1341      65642069 
 1341      6E7400
 1342              	.LASF1:
 1343 0108 756E7369 		.ascii	"unsigned char\000"
 1343      676E6564 
 1343      20636861 
 1343      7200
 1344              	.LASF13:
 1345 0116 63795F6D 		.ascii	"cy_meta_custnvl\000"
 1345      6574615F 
 1345      63757374 
 1345      6E766C00 
 1346              	.LASF12:
 1347 0126 63795F6D 		.ascii	"cy_meta_configecc\000"
 1347      6574615F 
 1347      636F6E66 
 1347      69676563 
 1347      6300
 1348              	.LASF8:
 1349 0138 756E7369 		.ascii	"unsigned int\000"
 1349      676E6564 
 1349      20696E74 
 1349      00
 1350              	.LASF7:
 1351 0145 6C6F6E67 		.ascii	"long long unsigned int\000"
 1351      206C6F6E 
 1351      6720756E 
 1351      7369676E 
 1351      65642069 
 1352              	.LASF10:
 1353 015c 75696E74 		.ascii	"uint8_t\000"
 1353      385F7400 
 1354              	.LASF15:
 1355 0164 63795F6D 		.ascii	"cy_meta_flashprotect\000"
 1355      6574615F 
 1355      666C6173 
 1355      6870726F 
 1355      74656374 
 1356              	.LASF14:
 1357 0179 63795F6D 		.ascii	"cy_meta_wonvl\000"
 1357      6574615F 
 1357      776F6E76 
 1357      6C00
 1358              	.LASF11:
 1359 0187 73697A65 		.ascii	"sizetype\000"
 1359      74797065 
ARM GAS  C:\Users\ipfajard\AppData\Local\Temp\ccZ4ZBRN.s 			page 26


 1359      00
 1360              	.LASF6:
 1361 0190 6C6F6E67 		.ascii	"long long int\000"
 1361      206C6F6E 
 1361      6720696E 
 1361      7400
 1362              	.LASF2:
 1363 019e 73686F72 		.ascii	"short int\000"
 1363      7420696E 
 1363      7400
 1364              	.LASF4:
 1365 01a8 6C6F6E67 		.ascii	"long int\000"
 1365      20696E74 
 1365      00
 1366              	.LASF0:
 1367 01b1 7369676E 		.ascii	"signed char\000"
 1367      65642063 
 1367      68617200 
 1368              	.LASF18:
 1369 01bd 47656E65 		.ascii	"Generated_Source\\PSoC5\\cymetadata.c\000"
 1369      72617465 
 1369      645F536F 
 1369      75726365 
 1369      5C50536F 
 1370              		.ident	"GCC: (GNU Tools for ARM Embedded Processors) 5.4.1 20160609 (release) [ARM/embedded-5-bran
