ARM GAS  C:\Users\sdysart\AppData\Local\Temp\ccLa3khK.s 			page 1


   1              		.syntax unified
   2              		.cpu cortex-m3
   3              		.fpu softvfp
   4              		.eabi_attribute 20, 1
   5              		.eabi_attribute 21, 1
   6              		.eabi_attribute 23, 3
   7              		.eabi_attribute 24, 1
   8              		.eabi_attribute 25, 1
   9              		.eabi_attribute 26, 1
  10              		.eabi_attribute 30, 1
  11              		.eabi_attribute 34, 1
  12              		.eabi_attribute 18, 4
  13              		.thumb
  14              		.syntax unified
  15              		.file	"cymetadata.c"
  16              		.text
  17              	.Ltext0:
  18              		.cfi_sections	.debug_frame
  19              		.global	cy_metadata
  20              		.global	cy_meta_flashprotect
  21              		.global	cy_meta_wonvl
  22              		.global	cy_meta_custnvl
  23              		.global	cy_meta_configecc
  24              		.section	.cyconfigecc,"a",%progbits
  25              		.align	2
  26              		.type	cy_meta_configecc, %object
  27              		.size	cy_meta_configecc, 400
  28              	cy_meta_configecc:
  29 0000 01       		.byte	1
  30 0001 52       		.byte	82
  31 0002 00       		.byte	0
  32 0003 40       		.byte	64
  33 0004 01       		.byte	1
  34 0005 64       		.byte	100
  35 0006 00       		.byte	0
  36 0007 40       		.byte	64
  37 0008 01       		.byte	1
  38 0009 65       		.byte	101
  39 000a 00       		.byte	0
  40 000b 40       		.byte	64
  41 000c 01       		.byte	1
  42 000d 07       		.byte	7
  43 000e 01       		.byte	1
  44 000f 40       		.byte	64
  45 0010 01       		.byte	1
  46 0011 09       		.byte	9
  47 0012 01       		.byte	1
  48 0013 40       		.byte	64
  49 0014 36       		.byte	54
  50 0015 0A       		.byte	10
  51 0016 01       		.byte	1
  52 0017 40       		.byte	64
  53 0018 17       		.byte	23
  54 0019 0B       		.byte	11
  55 001a 01       		.byte	1
  56 001b 40       		.byte	64
  57 001c 27       		.byte	39
ARM GAS  C:\Users\sdysart\AppData\Local\Temp\ccLa3khK.s 			page 2


  58 001d 18       		.byte	24
  59 001e 01       		.byte	1
  60 001f 40       		.byte	64
  61 0020 17       		.byte	23
  62 0021 19       		.byte	25
  63 0022 01       		.byte	1
  64 0023 40       		.byte	64
  65 0024 01       		.byte	1
  66 0025 1B       		.byte	27
  67 0026 01       		.byte	1
  68 0027 40       		.byte	64
  69 0028 02       		.byte	2
  70 0029 40       		.byte	64
  71 002a 01       		.byte	1
  72 002b 40       		.byte	64
  73 002c 01       		.byte	1
  74 002d 41       		.byte	65
  75 002e 01       		.byte	1
  76 002f 40       		.byte	64
  77 0030 01       		.byte	1
  78 0031 42       		.byte	66
  79 0032 01       		.byte	1
  80 0033 40       		.byte	64
  81 0034 02       		.byte	2
  82 0035 43       		.byte	67
  83 0036 01       		.byte	1
  84 0037 40       		.byte	64
  85 0038 02       		.byte	2
  86 0039 4C       		.byte	76
  87 003a 01       		.byte	1
  88 003b 40       		.byte	64
  89 003c 02       		.byte	2
  90 003d 4D       		.byte	77
  91 003e 01       		.byte	1
  92 003f 40       		.byte	64
  93 0040 04       		.byte	4
  94 0041 50       		.byte	80
  95 0042 01       		.byte	1
  96 0043 40       		.byte	64
  97 0044 01       		.byte	1
  98 0045 51       		.byte	81
  99 0046 01       		.byte	1
 100 0047 40       		.byte	64
 101 0048 08       		.byte	8
 102 0049 04       		.byte	4
 103 004a 8B       		.byte	-117
 104 004b 0D       		.byte	13
 105 004c 88       		.byte	-120
 106 004d 0D       		.byte	13
 107 004e EE       		.byte	-18
 108 004f 08       		.byte	8
 109 0050 AF       		.byte	-81
 110 0051 01       		.byte	1
 111 0052 02       		.byte	2
 112 0053 01       		.byte	1
 113 0054 1E       		.byte	30
 114 0055 01       		.byte	1
ARM GAS  C:\Users\sdysart\AppData\Local\Temp\ccLa3khK.s 			page 3


 115 0056 30       		.byte	48
 116 0057 01       		.byte	1
 117 0058 40       		.byte	64
 118 0059 51       		.byte	81
 119 005a 49       		.byte	73
 120 005b FF       		.byte	-1
 121 005c 4A       		.byte	74
 122 005d FF       		.byte	-1
 123 005e 4B       		.byte	75
 124 005f FF       		.byte	-1
 125 0060 4F       		.byte	79
 126 0061 01       		.byte	1
 127 0062 50       		.byte	80
 128 0063 18       		.byte	24
 129 0064 58       		.byte	88
 130 0065 04       		.byte	4
 131 0066 5A       		.byte	90
 132 0067 04       		.byte	4
 133 0068 5C       		.byte	92
 134 0069 01       		.byte	1
 135 006a 5D       		.byte	93
 136 006b 01       		.byte	1
 137 006c 5F       		.byte	95
 138 006d 01       		.byte	1
 139 006e 60       		.byte	96
 140 006f 40       		.byte	64
 141 0070 62       		.byte	98
 142 0071 40       		.byte	64
 143 0072 64       		.byte	100
 144 0073 40       		.byte	64
 145 0074 65       		.byte	101
 146 0075 40       		.byte	64
 147 0076 66       		.byte	102
 148 0077 80       		.byte	-128
 149 0078 68       		.byte	104
 150 0079 80       		.byte	-128
 151 007a 6A       		.byte	106
 152 007b 80       		.byte	-128
 153 007c 6C       		.byte	108
 154 007d 80       		.byte	-128
 155 007e 6E       		.byte	110
 156 007f 80       		.byte	-128
 157 0080 9E       		.byte	-98
 158 0081 01       		.byte	1
 159 0082 AE       		.byte	-82
 160 0083 01       		.byte	1
 161 0084 B0       		.byte	-80
 162 0085 01       		.byte	1
 163 0086 BE       		.byte	-66
 164 0087 01       		.byte	1
 165 0088 C0       		.byte	-64
 166 0089 41       		.byte	65
 167 008a C5       		.byte	-59
 168 008b EC       		.byte	-20
 169 008c C6       		.byte	-58
 170 008d 02       		.byte	2
 171 008e C8       		.byte	-56
ARM GAS  C:\Users\sdysart\AppData\Local\Temp\ccLa3khK.s 			page 4


 172 008f 07       		.byte	7
 173 0090 C9       		.byte	-55
 174 0091 FF       		.byte	-1
 175 0092 CA       		.byte	-54
 176 0093 FF       		.byte	-1
 177 0094 CB       		.byte	-53
 178 0095 FF       		.byte	-1
 179 0096 CD       		.byte	-51
 180 0097 83       		.byte	-125
 181 0098 CE       		.byte	-50
 182 0099 03       		.byte	3
 183 009a CF       		.byte	-49
 184 009b 01       		.byte	1
 185 009c D0       		.byte	-48
 186 009d 18       		.byte	24
 187 009e D2       		.byte	-46
 188 009f 80       		.byte	-128
 189 00a0 D4       		.byte	-44
 190 00a1 01       		.byte	1
 191 00a2 D8       		.byte	-40
 192 00a3 04       		.byte	4
 193 00a4 DA       		.byte	-38
 194 00a5 04       		.byte	4
 195 00a6 DB       		.byte	-37
 196 00a7 04       		.byte	4
 197 00a8 DD       		.byte	-35
 198 00a9 11       		.byte	17
 199 00aa DF       		.byte	-33
 200 00ab 01       		.byte	1
 201 00ac E0       		.byte	-32
 202 00ad 40       		.byte	64
 203 00ae E2       		.byte	-30
 204 00af 40       		.byte	64
 205 00b0 E4       		.byte	-28
 206 00b1 40       		.byte	64
 207 00b2 E5       		.byte	-27
 208 00b3 40       		.byte	64
 209 00b4 E6       		.byte	-26
 210 00b5 80       		.byte	-128
 211 00b6 E8       		.byte	-24
 212 00b7 80       		.byte	-128
 213 00b8 EA       		.byte	-22
 214 00b9 80       		.byte	-128
 215 00ba EC       		.byte	-20
 216 00bb 80       		.byte	-128
 217 00bc EE       		.byte	-18
 218 00bd 80       		.byte	-128
 219 00be 00       		.byte	0
 220 00bf 02       		.byte	2
 221 00c0 09       		.byte	9
 222 00c1 80       		.byte	-128
 223 00c2 0D       		.byte	13
 224 00c3 80       		.byte	-128
 225 00c4 17       		.byte	23
 226 00c5 40       		.byte	64
 227 00c6 1B       		.byte	27
 228 00c7 01       		.byte	1
ARM GAS  C:\Users\sdysart\AppData\Local\Temp\ccLa3khK.s 			page 5


 229 00c8 1E       		.byte	30
 230 00c9 80       		.byte	-128
 231 00ca 41       		.byte	65
 232 00cb 80       		.byte	-128
 233 00cc 45       		.byte	69
 234 00cd 80       		.byte	-128
 235 00ce 46       		.byte	70
 236 00cf 40       		.byte	64
 237 00d0 48       		.byte	72
 238 00d1 01       		.byte	1
 239 00d2 4D       		.byte	77
 240 00d3 05       		.byte	5
 241 00d4 55       		.byte	85
 242 00d5 80       		.byte	-128
 243 00d6 5D       		.byte	93
 244 00d7 05       		.byte	5
 245 00d8 5E       		.byte	94
 246 00d9 80       		.byte	-128
 247 00da 74       		.byte	116
 248 00db 01       		.byte	1
 249 00dc 76       		.byte	118
 250 00dd 40       		.byte	64
 251 00de 77       		.byte	119
 252 00df 40       		.byte	64
 253 00e0 C0       		.byte	-64
 254 00e1 08       		.byte	8
 255 00e2 C2       		.byte	-62
 256 00e3 81       		.byte	-127
 257 00e4 C4       		.byte	-60
 258 00e5 80       		.byte	-128
 259 00e6 D0       		.byte	-48
 260 00e7 98       		.byte	-104
 261 00e8 D2       		.byte	-46
 262 00e9 08       		.byte	8
 263 00ea D6       		.byte	-42
 264 00eb D0       		.byte	-48
 265 00ec 0F       		.byte	15
 266 00ed 01       		.byte	1
 267 00ee 14       		.byte	20
 268 00ef 01       		.byte	1
 269 00f0 1A       		.byte	26
 270 00f1 07       		.byte	7
 271 00f2 1E       		.byte	30
 272 00f3 04       		.byte	4
 273 00f4 23       		.byte	35
 274 00f5 01       		.byte	1
 275 00f6 2E       		.byte	46
 276 00f7 08       		.byte	8
 277 00f8 30       		.byte	48
 278 00f9 01       		.byte	1
 279 00fa 32       		.byte	50
 280 00fb 02       		.byte	2
 281 00fc 34       		.byte	52
 282 00fd 04       		.byte	4
 283 00fe 35       		.byte	53
 284 00ff 01       		.byte	1
 285 0100 36       		.byte	54
ARM GAS  C:\Users\sdysart\AppData\Local\Temp\ccLa3khK.s 			page 6


 286 0101 08       		.byte	8
 287 0102 3F       		.byte	63
 288 0103 10       		.byte	16
 289 0104 40       		.byte	64
 290 0105 10       		.byte	16
 291 0106 41       		.byte	65
 292 0107 05       		.byte	5
 293 0108 45       		.byte	69
 294 0109 D1       		.byte	-47
 295 010a 46       		.byte	70
 296 010b 02       		.byte	2
 297 010c 48       		.byte	72
 298 010d 07       		.byte	7
 299 010e 49       		.byte	73
 300 010f FF       		.byte	-1
 301 0110 4A       		.byte	74
 302 0111 FF       		.byte	-1
 303 0112 4B       		.byte	75
 304 0113 FF       		.byte	-1
 305 0114 4D       		.byte	77
 306 0115 A0       		.byte	-96
 307 0116 4F       		.byte	79
 308 0117 04       		.byte	4
 309 0118 50       		.byte	80
 310 0119 18       		.byte	24
 311 011a 52       		.byte	82
 312 011b 80       		.byte	-128
 313 011c 54       		.byte	84
 314 011d 05       		.byte	5
 315 011e 58       		.byte	88
 316 011f 04       		.byte	4
 317 0120 59       		.byte	89
 318 0121 04       		.byte	4
 319 0122 5A       		.byte	90
 320 0123 04       		.byte	4
 321 0124 5B       		.byte	91
 322 0125 04       		.byte	4
 323 0126 5F       		.byte	95
 324 0127 01       		.byte	1
 325 0128 60       		.byte	96
 326 0129 40       		.byte	64
 327 012a 62       		.byte	98
 328 012b C0       		.byte	-64
 329 012c 64       		.byte	100
 330 012d 40       		.byte	64
 331 012e 65       		.byte	101
 332 012f 40       		.byte	64
 333 0130 66       		.byte	102
 334 0131 C0       		.byte	-64
 335 0132 68       		.byte	104
 336 0133 C0       		.byte	-64
 337 0134 6A       		.byte	106
 338 0135 C0       		.byte	-64
 339 0136 6C       		.byte	108
 340 0137 C0       		.byte	-64
 341 0138 6E       		.byte	110
 342 0139 C0       		.byte	-64
ARM GAS  C:\Users\sdysart\AppData\Local\Temp\ccLa3khK.s 			page 7


 343 013a 0D       		.byte	13
 344 013b 80       		.byte	-128
 345 013c 0E       		.byte	14
 346 013d 20       		.byte	32
 347 013e 0F       		.byte	15
 348 013f 08       		.byte	8
 349 0140 17       		.byte	23
 350 0141 80       		.byte	-128
 351 0142 1D       		.byte	29
 352 0143 80       		.byte	-128
 353 0144 1E       		.byte	30
 354 0145 64       		.byte	100
 355 0146 1F       		.byte	31
 356 0147 80       		.byte	-128
 357 0148 27       		.byte	39
 358 0149 08       		.byte	8
 359 014a 2F       		.byte	47
 360 014b 80       		.byte	-128
 361 014c 3F       		.byte	63
 362 014d 80       		.byte	-128
 363 014e 45       		.byte	69
 364 014f 80       		.byte	-128
 365 0150 4F       		.byte	79
 366 0151 89       		.byte	-119
 367 0152 57       		.byte	87
 368 0153 40       		.byte	64
 369 0154 5E       		.byte	94
 370 0155 40       		.byte	64
 371 0156 5F       		.byte	95
 372 0157 09       		.byte	9
 373 0158 77       		.byte	119
 374 0159 80       		.byte	-128
 375 015a C2       		.byte	-62
 376 015b E0       		.byte	-32
 377 015c C4       		.byte	-60
 378 015d 80       		.byte	-128
 379 015e CA       		.byte	-54
 380 015f 80       		.byte	-128
 381 0160 CE       		.byte	-50
 382 0161 10       		.byte	16
 383 0162 D0       		.byte	-48
 384 0163 10       		.byte	16
 385 0164 D2       		.byte	-46
 386 0165 10       		.byte	16
 387 0166 D6       		.byte	-42
 388 0167 D0       		.byte	-48
 389 0168 B2       		.byte	-78
 390 0169 04       		.byte	4
 391 016a 33       		.byte	51
 392 016b 20       		.byte	32
 393 016c CC       		.byte	-52
 394 016d 10       		.byte	16
 395 016e A7       		.byte	-89
 396 016f 20       		.byte	32
 397 0170 A7       		.byte	-89
 398 0171 20       		.byte	32
 399 0172 AF       		.byte	-81
ARM GAS  C:\Users\sdysart\AppData\Local\Temp\ccLa3khK.s 			page 8


 400 0173 20       		.byte	32
 401 0174 EE       		.byte	-18
 402 0175 10       		.byte	16
 403 0176 54       		.byte	84
 404 0177 20       		.byte	32
 405 0178 D4       		.byte	-44
 406 0179 02       		.byte	2
 407 017a B0       		.byte	-80
 408 017b 20       		.byte	32
 409 017c EC       		.byte	-20
 410 017d 04       		.byte	4
 411 017e 00       		.byte	0
 412 017f 02       		.byte	2
 413 0180 0C       		.byte	12
 414 0181 02       		.byte	2
 415 0182 10       		.byte	16
 416 0183 01       		.byte	1
 417 0184 1C       		.byte	28
 418 0185 01       		.byte	1
 419 0186 00       		.byte	0
 420 0187 03       		.byte	3
 421 0188 00       		.byte	0
 422 0189 0F       		.byte	15
 423 018a 0F       		.byte	15
 424 018b 00       		.byte	0
 425 018c 04       		.byte	4
 426 018d 00       		.byte	0
 427 018e 00       		.byte	0
 428 018f 00       		.byte	0
 429              		.section	.cywolatch,"a",%progbits
 430              		.align	2
 431              		.type	cy_meta_wonvl, %object
 432              		.size	cy_meta_wonvl, 4
 433              	cy_meta_wonvl:
 434 0000 BC       		.byte	-68
 435 0001 90       		.byte	-112
 436 0002 AC       		.byte	-84
 437 0003 AF       		.byte	-81
 438              		.section	.cycustnvl,"a",%progbits
 439              		.align	2
 440              		.type	cy_meta_custnvl, %object
 441              		.size	cy_meta_custnvl, 4
 442              	cy_meta_custnvl:
 443 0000 00       		.byte	0
 444 0001 00       		.byte	0
 445 0002 40       		.byte	64
 446 0003 05       		.byte	5
 447              		.section	.cymeta,"a",%progbits
 448              		.align	2
 449              		.type	cy_metadata, %object
 450              		.size	cy_metadata, 12
 451              	cy_metadata:
 452 0000 00       		.byte	0
 453 0001 01       		.byte	1
 454 0002 2E       		.byte	46
 455 0003 16       		.byte	22
 456 0004 10       		.byte	16
ARM GAS  C:\Users\sdysart\AppData\Local\Temp\ccLa3khK.s 			page 9


 457 0005 69       		.byte	105
 458 0006 00       		.byte	0
 459 0007 01       		.byte	1
 460 0008 00       		.byte	0
 461 0009 00       		.byte	0
 462 000a 00       		.byte	0
 463 000b 00       		.byte	0
 464              		.section	.cyflashprotect,"a",%progbits
 465              		.align	2
 466              		.type	cy_meta_flashprotect, %object
 467              		.size	cy_meta_flashprotect, 256
 468              	cy_meta_flashprotect:
 469 0000 00000000 		.space	256
 469      00000000 
 469      00000000 
 469      00000000 
 469      00000000 
 470              		.text
 471              	.Letext0:
 472              		.file 1 "c:\\program files (x86)\\cypress\\psoc creator\\4.1\\psoc creator\\import\\gnu\\arm\\5.4.
 473              		.file 2 "c:\\program files (x86)\\cypress\\psoc creator\\4.1\\psoc creator\\import\\gnu\\arm\\5.4.
 474              		.file 3 "Generated_Source\\PSoC5\\cymetadata.c"
 475              		.section	.debug_info,"",%progbits
 476              	.Ldebug_info0:
 477 0000 31010000 		.4byte	0x131
 478 0004 0400     		.2byte	0x4
 479 0006 00000000 		.4byte	.Ldebug_abbrev0
 480 000a 04       		.byte	0x4
 481 000b 01       		.uleb128 0x1
 482 000c 5E000000 		.4byte	.LASF17
 483 0010 0C       		.byte	0xc
 484 0011 B8010000 		.4byte	.LASF18
 485 0015 0A000000 		.4byte	.LASF19
 486 0019 00000000 		.4byte	.Ldebug_line0
 487 001d 02       		.uleb128 0x2
 488 001e 01       		.byte	0x1
 489 001f 06       		.byte	0x6
 490 0020 AC010000 		.4byte	.LASF0
 491 0024 03       		.uleb128 0x3
 492 0025 00000000 		.4byte	.LASF9
 493 0029 01       		.byte	0x1
 494 002a 1D       		.byte	0x1d
 495 002b 2F000000 		.4byte	0x2f
 496 002f 02       		.uleb128 0x2
 497 0030 01       		.byte	0x1
 498 0031 08       		.byte	0x8
 499 0032 50000000 		.4byte	.LASF1
 500 0036 02       		.uleb128 0x2
 501 0037 02       		.byte	0x2
 502 0038 05       		.byte	0x5
 503 0039 99010000 		.4byte	.LASF2
 504 003d 02       		.uleb128 0x2
 505 003e 02       		.byte	0x2
 506 003f 07       		.byte	0x7
 507 0040 FE000000 		.4byte	.LASF3
 508 0044 02       		.uleb128 0x2
 509 0045 04       		.byte	0x4
ARM GAS  C:\Users\sdysart\AppData\Local\Temp\ccLa3khK.s 			page 10


 510 0046 05       		.byte	0x5
 511 0047 A3010000 		.4byte	.LASF4
 512 004b 02       		.uleb128 0x2
 513 004c 04       		.byte	0x4
 514 004d 07       		.byte	0x7
 515 004e EC000000 		.4byte	.LASF5
 516 0052 02       		.uleb128 0x2
 517 0053 08       		.byte	0x8
 518 0054 05       		.byte	0x5
 519 0055 8B010000 		.4byte	.LASF6
 520 0059 02       		.uleb128 0x2
 521 005a 08       		.byte	0x8
 522 005b 07       		.byte	0x7
 523 005c 40010000 		.4byte	.LASF7
 524 0060 04       		.uleb128 0x4
 525 0061 04       		.byte	0x4
 526 0062 05       		.byte	0x5
 527 0063 696E7400 		.ascii	"int\000"
 528 0067 02       		.uleb128 0x2
 529 0068 04       		.byte	0x4
 530 0069 07       		.byte	0x7
 531 006a 33010000 		.4byte	.LASF8
 532 006e 03       		.uleb128 0x3
 533 006f 57010000 		.4byte	.LASF10
 534 0073 02       		.byte	0x2
 535 0074 18       		.byte	0x18
 536 0075 24000000 		.4byte	0x24
 537 0079 05       		.uleb128 0x5
 538 007a 91000000 		.4byte	0x91
 539 007e 8A000000 		.4byte	0x8a
 540 0082 06       		.uleb128 0x6
 541 0083 8A000000 		.4byte	0x8a
 542 0087 8F01     		.2byte	0x18f
 543 0089 00       		.byte	0
 544 008a 02       		.uleb128 0x2
 545 008b 04       		.byte	0x4
 546 008c 07       		.byte	0x7
 547 008d 82010000 		.4byte	.LASF11
 548 0091 07       		.uleb128 0x7
 549 0092 6E000000 		.4byte	0x6e
 550 0096 08       		.uleb128 0x8
 551 0097 21010000 		.4byte	.LASF12
 552 009b 03       		.byte	0x3
 553 009c 1F       		.byte	0x1f
 554 009d A7000000 		.4byte	0xa7
 555 00a1 05       		.uleb128 0x5
 556 00a2 03       		.byte	0x3
 557 00a3 00000000 		.4byte	cy_meta_configecc
 558 00a7 07       		.uleb128 0x7
 559 00a8 79000000 		.4byte	0x79
 560 00ac 05       		.uleb128 0x5
 561 00ad 91000000 		.4byte	0x91
 562 00b1 BC000000 		.4byte	0xbc
 563 00b5 09       		.uleb128 0x9
 564 00b6 8A000000 		.4byte	0x8a
 565 00ba 03       		.byte	0x3
 566 00bb 00       		.byte	0
ARM GAS  C:\Users\sdysart\AppData\Local\Temp\ccLa3khK.s 			page 11


 567 00bc 08       		.uleb128 0x8
 568 00bd 11010000 		.4byte	.LASF13
 569 00c1 03       		.byte	0x3
 570 00c2 5E       		.byte	0x5e
 571 00c3 CD000000 		.4byte	0xcd
 572 00c7 05       		.uleb128 0x5
 573 00c8 03       		.byte	0x3
 574 00c9 00000000 		.4byte	cy_meta_custnvl
 575 00cd 07       		.uleb128 0x7
 576 00ce AC000000 		.4byte	0xac
 577 00d2 08       		.uleb128 0x8
 578 00d3 74010000 		.4byte	.LASF14
 579 00d7 03       		.byte	0x3
 580 00d8 6C       		.byte	0x6c
 581 00d9 E3000000 		.4byte	0xe3
 582 00dd 05       		.uleb128 0x5
 583 00de 03       		.byte	0x3
 584 00df 00000000 		.4byte	cy_meta_wonvl
 585 00e3 07       		.uleb128 0x7
 586 00e4 AC000000 		.4byte	0xac
 587 00e8 05       		.uleb128 0x5
 588 00e9 91000000 		.4byte	0x91
 589 00ed F8000000 		.4byte	0xf8
 590 00f1 09       		.uleb128 0x9
 591 00f2 8A000000 		.4byte	0x8a
 592 00f6 FF       		.byte	0xff
 593 00f7 00       		.byte	0
 594 00f8 08       		.uleb128 0x8
 595 00f9 5F010000 		.4byte	.LASF15
 596 00fd 03       		.byte	0x3
 597 00fe 7A       		.byte	0x7a
 598 00ff 09010000 		.4byte	0x109
 599 0103 05       		.uleb128 0x5
 600 0104 03       		.byte	0x3
 601 0105 00000000 		.4byte	cy_meta_flashprotect
 602 0109 07       		.uleb128 0x7
 603 010a E8000000 		.4byte	0xe8
 604 010e 05       		.uleb128 0x5
 605 010f 91000000 		.4byte	0x91
 606 0113 1E010000 		.4byte	0x11e
 607 0117 09       		.uleb128 0x9
 608 0118 8A000000 		.4byte	0x8a
 609 011c 0B       		.byte	0xb
 610 011d 00       		.byte	0
 611 011e 08       		.uleb128 0x8
 612 011f 44000000 		.4byte	.LASF16
 613 0123 03       		.byte	0x3
 614 0124 A7       		.byte	0xa7
 615 0125 2F010000 		.4byte	0x12f
 616 0129 05       		.uleb128 0x5
 617 012a 03       		.byte	0x3
 618 012b 00000000 		.4byte	cy_metadata
 619 012f 07       		.uleb128 0x7
 620 0130 0E010000 		.4byte	0x10e
 621 0134 00       		.byte	0
 622              		.section	.debug_abbrev,"",%progbits
 623              	.Ldebug_abbrev0:
ARM GAS  C:\Users\sdysart\AppData\Local\Temp\ccLa3khK.s 			page 12


 624 0000 01       		.uleb128 0x1
 625 0001 11       		.uleb128 0x11
 626 0002 01       		.byte	0x1
 627 0003 25       		.uleb128 0x25
 628 0004 0E       		.uleb128 0xe
 629 0005 13       		.uleb128 0x13
 630 0006 0B       		.uleb128 0xb
 631 0007 03       		.uleb128 0x3
 632 0008 0E       		.uleb128 0xe
 633 0009 1B       		.uleb128 0x1b
 634 000a 0E       		.uleb128 0xe
 635 000b 10       		.uleb128 0x10
 636 000c 17       		.uleb128 0x17
 637 000d 00       		.byte	0
 638 000e 00       		.byte	0
 639 000f 02       		.uleb128 0x2
 640 0010 24       		.uleb128 0x24
 641 0011 00       		.byte	0
 642 0012 0B       		.uleb128 0xb
 643 0013 0B       		.uleb128 0xb
 644 0014 3E       		.uleb128 0x3e
 645 0015 0B       		.uleb128 0xb
 646 0016 03       		.uleb128 0x3
 647 0017 0E       		.uleb128 0xe
 648 0018 00       		.byte	0
 649 0019 00       		.byte	0
 650 001a 03       		.uleb128 0x3
 651 001b 16       		.uleb128 0x16
 652 001c 00       		.byte	0
 653 001d 03       		.uleb128 0x3
 654 001e 0E       		.uleb128 0xe
 655 001f 3A       		.uleb128 0x3a
 656 0020 0B       		.uleb128 0xb
 657 0021 3B       		.uleb128 0x3b
 658 0022 0B       		.uleb128 0xb
 659 0023 49       		.uleb128 0x49
 660 0024 13       		.uleb128 0x13
 661 0025 00       		.byte	0
 662 0026 00       		.byte	0
 663 0027 04       		.uleb128 0x4
 664 0028 24       		.uleb128 0x24
 665 0029 00       		.byte	0
 666 002a 0B       		.uleb128 0xb
 667 002b 0B       		.uleb128 0xb
 668 002c 3E       		.uleb128 0x3e
 669 002d 0B       		.uleb128 0xb
 670 002e 03       		.uleb128 0x3
 671 002f 08       		.uleb128 0x8
 672 0030 00       		.byte	0
 673 0031 00       		.byte	0
 674 0032 05       		.uleb128 0x5
 675 0033 01       		.uleb128 0x1
 676 0034 01       		.byte	0x1
 677 0035 49       		.uleb128 0x49
 678 0036 13       		.uleb128 0x13
 679 0037 01       		.uleb128 0x1
 680 0038 13       		.uleb128 0x13
ARM GAS  C:\Users\sdysart\AppData\Local\Temp\ccLa3khK.s 			page 13


 681 0039 00       		.byte	0
 682 003a 00       		.byte	0
 683 003b 06       		.uleb128 0x6
 684 003c 21       		.uleb128 0x21
 685 003d 00       		.byte	0
 686 003e 49       		.uleb128 0x49
 687 003f 13       		.uleb128 0x13
 688 0040 2F       		.uleb128 0x2f
 689 0041 05       		.uleb128 0x5
 690 0042 00       		.byte	0
 691 0043 00       		.byte	0
 692 0044 07       		.uleb128 0x7
 693 0045 26       		.uleb128 0x26
 694 0046 00       		.byte	0
 695 0047 49       		.uleb128 0x49
 696 0048 13       		.uleb128 0x13
 697 0049 00       		.byte	0
 698 004a 00       		.byte	0
 699 004b 08       		.uleb128 0x8
 700 004c 34       		.uleb128 0x34
 701 004d 00       		.byte	0
 702 004e 03       		.uleb128 0x3
 703 004f 0E       		.uleb128 0xe
 704 0050 3A       		.uleb128 0x3a
 705 0051 0B       		.uleb128 0xb
 706 0052 3B       		.uleb128 0x3b
 707 0053 0B       		.uleb128 0xb
 708 0054 49       		.uleb128 0x49
 709 0055 13       		.uleb128 0x13
 710 0056 3F       		.uleb128 0x3f
 711 0057 19       		.uleb128 0x19
 712 0058 02       		.uleb128 0x2
 713 0059 18       		.uleb128 0x18
 714 005a 00       		.byte	0
 715 005b 00       		.byte	0
 716 005c 09       		.uleb128 0x9
 717 005d 21       		.uleb128 0x21
 718 005e 00       		.byte	0
 719 005f 49       		.uleb128 0x49
 720 0060 13       		.uleb128 0x13
 721 0061 2F       		.uleb128 0x2f
 722 0062 0B       		.uleb128 0xb
 723 0063 00       		.byte	0
 724 0064 00       		.byte	0
 725 0065 00       		.byte	0
 726              		.section	.debug_aranges,"",%progbits
 727 0000 14000000 		.4byte	0x14
 728 0004 0200     		.2byte	0x2
 729 0006 00000000 		.4byte	.Ldebug_info0
 730 000a 04       		.byte	0x4
 731 000b 00       		.byte	0
 732 000c 0000     		.2byte	0
 733 000e 0000     		.2byte	0
 734 0010 00000000 		.4byte	0
 735 0014 00000000 		.4byte	0
 736              		.section	.debug_line,"",%progbits
 737              	.Ldebug_line0:
ARM GAS  C:\Users\sdysart\AppData\Local\Temp\ccLa3khK.s 			page 14


 738 0000 3D010000 		.section	.debug_str,"MS",%progbits,1
 738      02003701 
 738      00000201 
 738      FB0E0D00 
 738      01010101 
 739              	.LASF9:
 740 0000 5F5F7569 		.ascii	"__uint8_t\000"
 740      6E74385F 
 740      7400
 741              	.LASF19:
 742 000a 433A5C55 		.ascii	"C:\\Users\\sdysart\\Documents\\UACS\\UACS\\FSK\\Ste"
 742      73657273 
 742      5C736479 
 742      73617274 
 742      5C446F63 
 743 0036 70684653 		.ascii	"phFSKTx.cydsn\000"
 743      4B54782E 
 743      63796473 
 743      6E00
 744              	.LASF16:
 745 0044 63795F6D 		.ascii	"cy_metadata\000"
 745      65746164 
 745      61746100 
 746              	.LASF1:
 747 0050 756E7369 		.ascii	"unsigned char\000"
 747      676E6564 
 747      20636861 
 747      7200
 748              	.LASF17:
 749 005e 474E5520 		.ascii	"GNU C11 5.4.1 20160609 (release) [ARM/embedded-5-br"
 749      43313120 
 749      352E342E 
 749      31203230 
 749      31363036 
 750 0091 616E6368 		.ascii	"anch revision 237715] -mcpu=cortex-m3 -mthumb -g -O"
 750      20726576 
 750      6973696F 
 750      6E203233 
 750      37373135 
 751 00c4 67202D66 		.ascii	"g -ffunction-sections -ffat-lto-objects\000"
 751      66756E63 
 751      74696F6E 
 751      2D736563 
 751      74696F6E 
 752              	.LASF5:
 753 00ec 6C6F6E67 		.ascii	"long unsigned int\000"
 753      20756E73 
 753      69676E65 
 753      6420696E 
 753      7400
 754              	.LASF3:
 755 00fe 73686F72 		.ascii	"short unsigned int\000"
 755      7420756E 
 755      7369676E 
 755      65642069 
 755      6E7400
 756              	.LASF13:
ARM GAS  C:\Users\sdysart\AppData\Local\Temp\ccLa3khK.s 			page 15


 757 0111 63795F6D 		.ascii	"cy_meta_custnvl\000"
 757      6574615F 
 757      63757374 
 757      6E766C00 
 758              	.LASF12:
 759 0121 63795F6D 		.ascii	"cy_meta_configecc\000"
 759      6574615F 
 759      636F6E66 
 759      69676563 
 759      6300
 760              	.LASF8:
 761 0133 756E7369 		.ascii	"unsigned int\000"
 761      676E6564 
 761      20696E74 
 761      00
 762              	.LASF7:
 763 0140 6C6F6E67 		.ascii	"long long unsigned int\000"
 763      206C6F6E 
 763      6720756E 
 763      7369676E 
 763      65642069 
 764              	.LASF10:
 765 0157 75696E74 		.ascii	"uint8_t\000"
 765      385F7400 
 766              	.LASF15:
 767 015f 63795F6D 		.ascii	"cy_meta_flashprotect\000"
 767      6574615F 
 767      666C6173 
 767      6870726F 
 767      74656374 
 768              	.LASF14:
 769 0174 63795F6D 		.ascii	"cy_meta_wonvl\000"
 769      6574615F 
 769      776F6E76 
 769      6C00
 770              	.LASF11:
 771 0182 73697A65 		.ascii	"sizetype\000"
 771      74797065 
 771      00
 772              	.LASF6:
 773 018b 6C6F6E67 		.ascii	"long long int\000"
 773      206C6F6E 
 773      6720696E 
 773      7400
 774              	.LASF2:
 775 0199 73686F72 		.ascii	"short int\000"
 775      7420696E 
 775      7400
 776              	.LASF4:
 777 01a3 6C6F6E67 		.ascii	"long int\000"
 777      20696E74 
 777      00
 778              	.LASF0:
 779 01ac 7369676E 		.ascii	"signed char\000"
 779      65642063 
 779      68617200 
 780              	.LASF18:
ARM GAS  C:\Users\sdysart\AppData\Local\Temp\ccLa3khK.s 			page 16


 781 01b8 47656E65 		.ascii	"Generated_Source\\PSoC5\\cymetadata.c\000"
 781      72617465 
 781      645F536F 
 781      75726365 
 781      5C50536F 
 782              		.ident	"GCC: (GNU Tools for ARM Embedded Processors) 5.4.1 20160609 (release) [ARM/embedded-5-bran
