--------------- Rebuild Started: 03/09/2018 00:00:41 Project: LowFTx, Configuration: ARM GCC 5.4-2016-q2-update Debug ---------------
Deleting file ".\CortexM3\ARM_GCC_541\Debug\main.o"
Deleting file ".\CortexM3\ARM_GCC_541\Debug\cyfitter_cfg.o"
Deleting file ".\CortexM3\ARM_GCC_541\Debug\cymetadata.o"
Deleting file ".\CortexM3\ARM_GCC_541\Debug\LowFPwm.o"
Deleting file ".\CortexM3\ARM_GCC_541\Debug\LowFPwm_PM.o"
Deleting file ".\CortexM3\ARM_GCC_541\Debug\LowFHigh.o"
Deleting file ".\CortexM3\ARM_GCC_541\Debug\LowFLow.o"
Deleting file ".\CortexM3\ARM_GCC_541\Debug\MuxSelect.o"
Deleting file ".\CortexM3\ARM_GCC_541\Debug\Cm3Start.o"
Deleting file ".\CortexM3\ARM_GCC_541\Debug\CyBootAsmGnu.o"
Deleting file ".\CortexM3\ARM_GCC_541\Debug\CyDmac.o"
Deleting file ".\CortexM3\ARM_GCC_541\Debug\CyFlash.o"
Deleting file ".\CortexM3\ARM_GCC_541\Debug\CyLib.o"
Deleting file ".\CortexM3\ARM_GCC_541\Debug\cyPm.o"
Deleting file ".\CortexM3\ARM_GCC_541\Debug\CySpc.o"
Deleting file ".\CortexM3\ARM_GCC_541\Debug\cyutils.o"
Deleting file ".\CortexM3\ARM_GCC_541\Debug\FSK_Out.o"
Deleting file ".\CortexM3\ARM_GCC_541\Debug\LowFTx.hex"
Deleting file ".\CortexM3\ARM_GCC_541\Debug\LowFTx.elf"
Deleting file ".\CortexM3\ARM_GCC_541\Debug\LowFTx.map"
Deleting file ".\LowFTx.rpt"
Deleting file ".\LowFTx_timing.html"
Deleting file ".\CortexM3\ARM_GCC_541\Debug\.deps\SOURCE_C__ARM_GCC_GENERIC.P"
Deleting file ".\CortexM3\ARM_GCC_541\Debug\.deps\SOURCE_ASM__ARM_GCC_GENERIC.P"
cydsfit.exe -.appdatapath "C:\Users\ipfajard\AppData\Local\Cypress Semiconductor\PSoC Creator\4.1" -.fdsnotice -.fdswarpdepfile=warp_dependencies.txt -.fdselabdepfile=elab_dependencies.txt -.fdsbldfile=generated_files.txt -.fdsreffile=referenced_files.txt -p "C:\Users\ipfajard\Documents\PSoC Creator\FSK\LowFTx.cydsn\LowFTx.cyprj" -d CY8C5888LTI-LP097 -s "C:\Users\ipfajard\Documents\PSoC Creator\FSK\LowFTx.cydsn\Generated_Source\PSoC5" -- -yv2 -q10 -ygs -o2 -v3 -.fftcfgtype=LE
Elaborating Design...
ADD: sdb.M0025: error: No input on Instance "FSK", terminal "int_signal".
 * C:\Users\ipfajard\Documents\PSoC Creator\FSK\LowFTx.cydsn\TopDesign\TopDesign.cysch (Signal: Net_141)
 * C:\Users\ipfajard\Documents\PSoC Creator\FSK\LowFTx.cydsn\TopDesign\TopDesign.cysch (Shape_53.1)
ADD: sdb.M0050: error: Terminal "int_signal" requires connection when it is visible.
 * C:\Users\ipfajard\Documents\PSoC Creator\FSK\LowFTx.cydsn\TopDesign\TopDesign.cysch (Signal: Net_141)
 * C:\Users\ipfajard\Documents\PSoC Creator\FSK\LowFTx.cydsn\TopDesign\TopDesign.cysch (Shape_53.1)
Error: fit.M0050: The fitter aborted due to errors, please address all errors and rebuild. (App=cydsfit)
--------------- Rebuild Failed: 03/09/2018 00:00:44 ---------------
