--------------- Rebuild Started: 05/26/2018 23:48:25 Project: HighFSKRx, Configuration: ARM GCC 5.4-2016-q2-update Debug ---------------
Deleting file ".\CortexM3\ARM_GCC_541\Debug\main.o"
Deleting file ".\CortexM3\ARM_GCC_541\Debug\cyfitter_cfg.o"
Deleting file ".\CortexM3\ARM_GCC_541\Debug\cymetadata.o"
Deleting file ".\CortexM3\ARM_GCC_541\Debug\LPF_In.o"
Deleting file ".\CortexM3\ARM_GCC_541\Debug\Out_Comp.o"
Deleting file ".\CortexM3\ARM_GCC_541\Debug\Out_Comp_PM.o"
Deleting file ".\CortexM3\ARM_GCC_541\Debug\Demod_Out.o"
Deleting file ".\CortexM3\ARM_GCC_541\Debug\Count_Out.o"
Deleting file ".\CortexM3\ARM_GCC_541\Debug\Shift_Reg.o"
Deleting file ".\CortexM3\ARM_GCC_541\Debug\Shift_Reg_PM.o"
Deleting file ".\CortexM3\ARM_GCC_541\Debug\shift_clk.o"
Deleting file ".\CortexM3\ARM_GCC_541\Debug\PWM_Recon.o"
Deleting file ".\CortexM3\ARM_GCC_541\Debug\PWM_Recon_PM.o"
Deleting file ".\CortexM3\ARM_GCC_541\Debug\LCD_Char.o"
Deleting file ".\CortexM3\ARM_GCC_541\Debug\LCD_Char_PM.o"
Deleting file ".\CortexM3\ARM_GCC_541\Debug\Timer_ISR.o"
Deleting file ".\CortexM3\ARM_GCC_541\Debug\Bit_Timer_Clk.o"
Deleting file ".\CortexM3\ARM_GCC_541\Debug\Bit_Timer.o"
Deleting file ".\CortexM3\ARM_GCC_541\Debug\Bit_Timer_PM.o"
Deleting file ".\CortexM3\ARM_GCC_541\Debug\XOR_Out_LPF.o"
Deleting file ".\CortexM3\ARM_GCC_541\Debug\BPF_In.o"
Deleting file ".\CortexM3\ARM_GCC_541\Debug\Recon_Out.o"
Deleting file ".\CortexM3\ARM_GCC_541\Debug\Shift_Out.o"
Deleting file ".\CortexM3\ARM_GCC_541\Debug\LCD_Char_LCDPort.o"
Deleting file ".\CortexM3\ARM_GCC_541\Debug\Cm3Start.o"
Deleting file ".\CortexM3\ARM_GCC_541\Debug\CyBootAsmGnu.o"
Deleting file ".\CortexM3\ARM_GCC_541\Debug\CyDmac.o"
Deleting file ".\CortexM3\ARM_GCC_541\Debug\CyFlash.o"
Deleting file ".\CortexM3\ARM_GCC_541\Debug\CyLib.o"
Deleting file ".\CortexM3\ARM_GCC_541\Debug\cyPm.o"
Deleting file ".\CortexM3\ARM_GCC_541\Debug\CySpc.o"
Deleting file ".\CortexM3\ARM_GCC_541\Debug\cyutils.o"
Deleting file ".\CortexM3\ARM_GCC_541\Debug\XOR_Out.o"
Deleting file ".\CortexM3\ARM_GCC_541\Debug\Demod_Out_Test.o"
Deleting file ".\CortexM3\ARM_GCC_541\Debug\checkWatchDogTimer.o"
Deleting file ".\CortexM3\ARM_GCC_541\Debug\checkWatchDogTimer_PM.o"
Deleting file ".\CortexM3\ARM_GCC_541\Debug\watchDogCheck.o"
Deleting file ".\CortexM3\ARM_GCC_541\Debug\Parity.o"
Deleting file ".\CortexM3\ARM_GCC_541\Debug\Pin_1.o"
Deleting file ".\CortexM3\ARM_GCC_541\Debug\HighFSKRx.hex"
Deleting file ".\CortexM3\ARM_GCC_541\Debug\HighFSKRx.elf"
Deleting file ".\CortexM3\ARM_GCC_541\Debug\HighFSKRx.map"
Deleting file ".\HighFSKRx.cycdx"
Deleting file ".\HighFSKRx.svd"
Deleting file ".\HighFSKRx.rpt"
Deleting file ".\HighFSKRx_timing.html"
Deleting file ".\CortexM3\ARM_GCC_541\Debug\.deps\SOURCE_C__ARM_GCC_GENERIC.P"
Deleting file ".\CortexM3\ARM_GCC_541\Debug\.deps\SOURCE_ASM__ARM_GCC_GENERIC.P"
cydsfit.exe -.appdatapath "C:\Users\sdysart\AppData\Local\Cypress Semiconductor\PSoC Creator\4.1" -.fdsnotice -.fdswarpdepfile=warp_dependencies.txt -.fdselabdepfile=elab_dependencies.txt -.fdsbldfile=generated_files.txt -.fdsreffile=referenced_files.txt -p C:\Users\sdysart\Documents\UACS\UACS\HighFreqFSK\HighFSKRx.cydsn\HighFSKRx.cyprj -d CY8C5888LTI-LP097 -s C:\Users\sdysart\Documents\UACS\UACS\HighFreqFSK\HighFSKRx.cydsn\Generated_Source\PSoC5 -- -yv2 -q10 -ygs -o2 -v3 -.fftcfgtype=LE
Elaborating Design...
HDL Generation...
Synthesis...
Tech Mapping...
ADD: pft.M0040: information: The following 1 pin(s) will be assigned a location by the fitter: Pin_1(0)
Analog Placement...
Log: apr.M0058: The analog placement iterative improvement is 41% done. (App=cydsfit)
Log: apr.M0058: The analog placement iterative improvement is 59% done. (App=cydsfit)
Log: apr.M0058: The analog placement iterative improvement is 92% done. (App=cydsfit)
Analog Routing...
Analog Code Generation...
Digital Placement...
Digital Routing...
Bitstream Generation...
Bitstream Verification...
Static timing analysis...
API Generation...
Dependency Generation...
Cleanup...
arm-none-eabi-gcc.exe -mcpu=cortex-m3 -mthumb -I. -IGenerated_Source\PSoC5 -Wa,-alh=.\CortexM3\ARM_GCC_541\Debug/main.lst -g -D DEBUG -D CY_CORE_ID=0 -Wall -ffunction-sections -ffat-lto-objects -Og -c main.c -o .\CortexM3\ARM_GCC_541\Debug\main.o
main.c: In function 'CheckParity':
main.c:233:5: warning: type of 'crabs' defaults to 'int' [-Wimplicit-int]
 int CheckParity(crabs)
     ^
arm-none-eabi-gcc.exe -mcpu=cortex-m3 -mthumb -I. -IGenerated_Source\PSoC5 -Wa,-alh=.\CortexM3\ARM_GCC_541\Debug/cyfitter_cfg.lst -g -D DEBUG -D CY_CORE_ID=0 -Wall -ffunction-sections -ffat-lto-objects -Og -c Generated_Source\PSoC5\cyfitter_cfg.c -o .\CortexM3\ARM_GCC_541\Debug\cyfitter_cfg.o
arm-none-eabi-gcc.exe -mcpu=cortex-m3 -mthumb -I. -IGenerated_Source\PSoC5 -Wa,-alh=.\CortexM3\ARM_GCC_541\Debug/cymetadata.lst -g -D DEBUG -D CY_CORE_ID=0 -Wall -ffunction-sections -ffat-lto-objects -Og -c Generated_Source\PSoC5\cymetadata.c -o .\CortexM3\ARM_GCC_541\Debug\cymetadata.o
arm-none-eabi-gcc.exe -mcpu=cortex-m3 -mthumb -I. -IGenerated_Source\PSoC5 -Wa,-alh=.\CortexM3\ARM_GCC_541\Debug/LPF_In.lst -g -D DEBUG -D CY_CORE_ID=0 -Wall -ffunction-sections -ffat-lto-objects -Og -c Generated_Source\PSoC5\LPF_In.c -o .\CortexM3\ARM_GCC_541\Debug\LPF_In.o
arm-none-eabi-gcc.exe -mcpu=cortex-m3 -mthumb -I. -IGenerated_Source\PSoC5 -Wa,-alh=.\CortexM3\ARM_GCC_541\Debug/Out_Comp.lst -g -D DEBUG -D CY_CORE_ID=0 -Wall -ffunction-sections -ffat-lto-objects -Og -c Generated_Source\PSoC5\Out_Comp.c -o .\CortexM3\ARM_GCC_541\Debug\Out_Comp.o
arm-none-eabi-gcc.exe -mcpu=cortex-m3 -mthumb -I. -IGenerated_Source\PSoC5 -Wa,-alh=.\CortexM3\ARM_GCC_541\Debug/Out_Comp_PM.lst -g -D DEBUG -D CY_CORE_ID=0 -Wall -ffunction-sections -ffat-lto-objects -Og -c Generated_Source\PSoC5\Out_Comp_PM.c -o .\CortexM3\ARM_GCC_541\Debug\Out_Comp_PM.o
arm-none-eabi-gcc.exe -mcpu=cortex-m3 -mthumb -I. -IGenerated_Source\PSoC5 -Wa,-alh=.\CortexM3\ARM_GCC_541\Debug/Demod_Out.lst -g -D DEBUG -D CY_CORE_ID=0 -Wall -ffunction-sections -ffat-lto-objects -Og -c Generated_Source\PSoC5\Demod_Out.c -o .\CortexM3\ARM_GCC_541\Debug\Demod_Out.o
arm-none-eabi-gcc.exe -mcpu=cortex-m3 -mthumb -I. -IGenerated_Source\PSoC5 -Wa,-alh=.\CortexM3\ARM_GCC_541\Debug/Count_Out.lst -g -D DEBUG -D CY_CORE_ID=0 -Wall -ffunction-sections -ffat-lto-objects -Og -c Generated_Source\PSoC5\Count_Out.c -o .\CortexM3\ARM_GCC_541\Debug\Count_Out.o
arm-none-eabi-gcc.exe -mcpu=cortex-m3 -mthumb -I. -IGenerated_Source\PSoC5 -Wa,-alh=.\CortexM3\ARM_GCC_541\Debug/Shift_Reg.lst -g -D DEBUG -D CY_CORE_ID=0 -Wall -ffunction-sections -ffat-lto-objects -Og -c Generated_Source\PSoC5\Shift_Reg.c -o .\CortexM3\ARM_GCC_541\Debug\Shift_Reg.o
arm-none-eabi-gcc.exe -mcpu=cortex-m3 -mthumb -I. -IGenerated_Source\PSoC5 -Wa,-alh=.\CortexM3\ARM_GCC_541\Debug/Shift_Reg_PM.lst -g -D DEBUG -D CY_CORE_ID=0 -Wall -ffunction-sections -ffat-lto-objects -Og -c Generated_Source\PSoC5\Shift_Reg_PM.c -o .\CortexM3\ARM_GCC_541\Debug\Shift_Reg_PM.o
arm-none-eabi-gcc.exe -mcpu=cortex-m3 -mthumb -I. -IGenerated_Source\PSoC5 -Wa,-alh=.\CortexM3\ARM_GCC_541\Debug/shift_clk.lst -g -D DEBUG -D CY_CORE_ID=0 -Wall -ffunction-sections -ffat-lto-objects -Og -c Generated_Source\PSoC5\shift_clk.c -o .\CortexM3\ARM_GCC_541\Debug\shift_clk.o
arm-none-eabi-gcc.exe -mcpu=cortex-m3 -mthumb -I. -IGenerated_Source\PSoC5 -Wa,-alh=.\CortexM3\ARM_GCC_541\Debug/PWM_Recon.lst -g -D DEBUG -D CY_CORE_ID=0 -Wall -ffunction-sections -ffat-lto-objects -Og -c Generated_Source\PSoC5\PWM_Recon.c -o .\CortexM3\ARM_GCC_541\Debug\PWM_Recon.o
arm-none-eabi-gcc.exe -mcpu=cortex-m3 -mthumb -I. -IGenerated_Source\PSoC5 -Wa,-alh=.\CortexM3\ARM_GCC_541\Debug/PWM_Recon_PM.lst -g -D DEBUG -D CY_CORE_ID=0 -Wall -ffunction-sections -ffat-lto-objects -Og -c Generated_Source\PSoC5\PWM_Recon_PM.c -o .\CortexM3\ARM_GCC_541\Debug\PWM_Recon_PM.o
arm-none-eabi-gcc.exe -mcpu=cortex-m3 -mthumb -I. -IGenerated_Source\PSoC5 -Wa,-alh=.\CortexM3\ARM_GCC_541\Debug/LCD_Char.lst -g -D DEBUG -D CY_CORE_ID=0 -Wall -ffunction-sections -ffat-lto-objects -Og -c Generated_Source\PSoC5\LCD_Char.c -o .\CortexM3\ARM_GCC_541\Debug\LCD_Char.o
arm-none-eabi-gcc.exe -mcpu=cortex-m3 -mthumb -I. -IGenerated_Source\PSoC5 -Wa,-alh=.\CortexM3\ARM_GCC_541\Debug/LCD_Char_PM.lst -g -D DEBUG -D CY_CORE_ID=0 -Wall -ffunction-sections -ffat-lto-objects -Og -c Generated_Source\PSoC5\LCD_Char_PM.c -o .\CortexM3\ARM_GCC_541\Debug\LCD_Char_PM.o
arm-none-eabi-gcc.exe -mcpu=cortex-m3 -mthumb -I. -IGenerated_Source\PSoC5 -Wa,-alh=.\CortexM3\ARM_GCC_541\Debug/Timer_ISR.lst -g -D DEBUG -D CY_CORE_ID=0 -Wall -ffunction-sections -ffat-lto-objects -Og -c Generated_Source\PSoC5\Timer_ISR.c -o .\CortexM3\ARM_GCC_541\Debug\Timer_ISR.o
arm-none-eabi-gcc.exe -mcpu=cortex-m3 -mthumb -I. -IGenerated_Source\PSoC5 -Wa,-alh=.\CortexM3\ARM_GCC_541\Debug/Bit_Timer_Clk.lst -g -D DEBUG -D CY_CORE_ID=0 -Wall -ffunction-sections -ffat-lto-objects -Og -c Generated_Source\PSoC5\Bit_Timer_Clk.c -o .\CortexM3\ARM_GCC_541\Debug\Bit_Timer_Clk.o
arm-none-eabi-gcc.exe -mcpu=cortex-m3 -mthumb -I. -IGenerated_Source\PSoC5 -Wa,-alh=.\CortexM3\ARM_GCC_541\Debug/Bit_Timer.lst -g -D DEBUG -D CY_CORE_ID=0 -Wall -ffunction-sections -ffat-lto-objects -Og -c Generated_Source\PSoC5\Bit_Timer.c -o .\CortexM3\ARM_GCC_541\Debug\Bit_Timer.o
arm-none-eabi-gcc.exe -mcpu=cortex-m3 -mthumb -I. -IGenerated_Source\PSoC5 -Wa,-alh=.\CortexM3\ARM_GCC_541\Debug/Bit_Timer_PM.lst -g -D DEBUG -D CY_CORE_ID=0 -Wall -ffunction-sections -ffat-lto-objects -Og -c Generated_Source\PSoC5\Bit_Timer_PM.c -o .\CortexM3\ARM_GCC_541\Debug\Bit_Timer_PM.o
arm-none-eabi-gcc.exe -mcpu=cortex-m3 -mthumb -I. -IGenerated_Source\PSoC5 -Wa,-alh=.\CortexM3\ARM_GCC_541\Debug/XOR_Out_LPF.lst -g -D DEBUG -D CY_CORE_ID=0 -Wall -ffunction-sections -ffat-lto-objects -Og -c Generated_Source\PSoC5\XOR_Out_LPF.c -o .\CortexM3\ARM_GCC_541\Debug\XOR_Out_LPF.o
arm-none-eabi-gcc.exe -mcpu=cortex-m3 -mthumb -I. -IGenerated_Source\PSoC5 -Wa,-alh=.\CortexM3\ARM_GCC_541\Debug/BPF_In.lst -g -D DEBUG -D CY_CORE_ID=0 -Wall -ffunction-sections -ffat-lto-objects -Og -c Generated_Source\PSoC5\BPF_In.c -o .\CortexM3\ARM_GCC_541\Debug\BPF_In.o
arm-none-eabi-gcc.exe -mcpu=cortex-m3 -mthumb -I. -IGenerated_Source\PSoC5 -Wa,-alh=.\CortexM3\ARM_GCC_541\Debug/Recon_Out.lst -g -D DEBUG -D CY_CORE_ID=0 -Wall -ffunction-sections -ffat-lto-objects -Og -c Generated_Source\PSoC5\Recon_Out.c -o .\CortexM3\ARM_GCC_541\Debug\Recon_Out.o
arm-none-eabi-gcc.exe -mcpu=cortex-m3 -mthumb -I. -IGenerated_Source\PSoC5 -Wa,-alh=.\CortexM3\ARM_GCC_541\Debug/Shift_Out.lst -g -D DEBUG -D CY_CORE_ID=0 -Wall -ffunction-sections -ffat-lto-objects -Og -c Generated_Source\PSoC5\Shift_Out.c -o .\CortexM3\ARM_GCC_541\Debug\Shift_Out.o
arm-none-eabi-gcc.exe -mcpu=cortex-m3 -mthumb -I. -IGenerated_Source\PSoC5 -Wa,-alh=.\CortexM3\ARM_GCC_541\Debug/LCD_Char_LCDPort.lst -g -D DEBUG -D CY_CORE_ID=0 -Wall -ffunction-sections -ffat-lto-objects -Og -c Generated_Source\PSoC5\LCD_Char_LCDPort.c -o .\CortexM3\ARM_GCC_541\Debug\LCD_Char_LCDPort.o
arm-none-eabi-gcc.exe -mcpu=cortex-m3 -mthumb -I. -IGenerated_Source\PSoC5 -Wa,-alh=.\CortexM3\ARM_GCC_541\Debug/Cm3Start.lst -g -D DEBUG -D CY_CORE_ID=0 -Wall -ffunction-sections -ffat-lto-objects -Og -c Generated_Source\PSoC5\Cm3Start.c -o .\CortexM3\ARM_GCC_541\Debug\Cm3Start.o
arm-none-eabi-gcc.exe -mcpu=cortex-m3 -mthumb -I. -IGenerated_Source\PSoC5 -Wa,-alh=.\CortexM3\ARM_GCC_541\Debug/CyDmac.lst -g -D DEBUG -D CY_CORE_ID=0 -Wall -ffunction-sections -ffat-lto-objects -Og -c Generated_Source\PSoC5\CyDmac.c -o .\CortexM3\ARM_GCC_541\Debug\CyDmac.o
arm-none-eabi-gcc.exe -mcpu=cortex-m3 -mthumb -I. -IGenerated_Source\PSoC5 -Wa,-alh=.\CortexM3\ARM_GCC_541\Debug/CyFlash.lst -g -D DEBUG -D CY_CORE_ID=0 -Wall -ffunction-sections -ffat-lto-objects -Og -c Generated_Source\PSoC5\CyFlash.c -o .\CortexM3\ARM_GCC_541\Debug\CyFlash.o
arm-none-eabi-gcc.exe -mcpu=cortex-m3 -mthumb -I. -IGenerated_Source\PSoC5 -Wa,-alh=.\CortexM3\ARM_GCC_541\Debug/CyLib.lst -g -D DEBUG -D CY_CORE_ID=0 -Wall -ffunction-sections -ffat-lto-objects -Og -c Generated_Source\PSoC5\CyLib.c -o .\CortexM3\ARM_GCC_541\Debug\CyLib.o
arm-none-eabi-gcc.exe -mcpu=cortex-m3 -mthumb -I. -IGenerated_Source\PSoC5 -Wa,-alh=.\CortexM3\ARM_GCC_541\Debug/cyPm.lst -g -D DEBUG -D CY_CORE_ID=0 -Wall -ffunction-sections -ffat-lto-objects -Og -c Generated_Source\PSoC5\cyPm.c -o .\CortexM3\ARM_GCC_541\Debug\cyPm.o
arm-none-eabi-gcc.exe -mcpu=cortex-m3 -mthumb -I. -IGenerated_Source\PSoC5 -Wa,-alh=.\CortexM3\ARM_GCC_541\Debug/CySpc.lst -g -D DEBUG -D CY_CORE_ID=0 -Wall -ffunction-sections -ffat-lto-objects -Og -c Generated_Source\PSoC5\CySpc.c -o .\CortexM3\ARM_GCC_541\Debug\CySpc.o
arm-none-eabi-gcc.exe -mcpu=cortex-m3 -mthumb -I. -IGenerated_Source\PSoC5 -Wa,-alh=.\CortexM3\ARM_GCC_541\Debug/cyutils.lst -g -D DEBUG -D CY_CORE_ID=0 -Wall -ffunction-sections -ffat-lto-objects -Og -c Generated_Source\PSoC5\cyutils.c -o .\CortexM3\ARM_GCC_541\Debug\cyutils.o
arm-none-eabi-gcc.exe -mcpu=cortex-m3 -mthumb -I. -IGenerated_Source\PSoC5 -Wa,-alh=.\CortexM3\ARM_GCC_541\Debug/XOR_Out.lst -g -D DEBUG -D CY_CORE_ID=0 -Wall -ffunction-sections -ffat-lto-objects -Og -c Generated_Source\PSoC5\XOR_Out.c -o .\CortexM3\ARM_GCC_541\Debug\XOR_Out.o
arm-none-eabi-gcc.exe -mcpu=cortex-m3 -mthumb -I. -IGenerated_Source\PSoC5 -Wa,-alh=.\CortexM3\ARM_GCC_541\Debug/Demod_Out_Test.lst -g -D DEBUG -D CY_CORE_ID=0 -Wall -ffunction-sections -ffat-lto-objects -Og -c Generated_Source\PSoC5\Demod_Out_Test.c -o .\CortexM3\ARM_GCC_541\Debug\Demod_Out_Test.o
arm-none-eabi-gcc.exe -mcpu=cortex-m3 -mthumb -I. -IGenerated_Source\PSoC5 -Wa,-alh=.\CortexM3\ARM_GCC_541\Debug/checkWatchDogTimer.lst -g -D DEBUG -D CY_CORE_ID=0 -Wall -ffunction-sections -ffat-lto-objects -Og -c Generated_Source\PSoC5\checkWatchDogTimer.c -o .\CortexM3\ARM_GCC_541\Debug\checkWatchDogTimer.o
arm-none-eabi-gcc.exe -mcpu=cortex-m3 -mthumb -I. -IGenerated_Source\PSoC5 -Wa,-alh=.\CortexM3\ARM_GCC_541\Debug/checkWatchDogTimer_PM.lst -g -D DEBUG -D CY_CORE_ID=0 -Wall -ffunction-sections -ffat-lto-objects -Og -c Generated_Source\PSoC5\checkWatchDogTimer_PM.c -o .\CortexM3\ARM_GCC_541\Debug\checkWatchDogTimer_PM.o
arm-none-eabi-gcc.exe -mcpu=cortex-m3 -mthumb -I. -IGenerated_Source\PSoC5 -Wa,-alh=.\CortexM3\ARM_GCC_541\Debug/watchDogCheck.lst -g -D DEBUG -D CY_CORE_ID=0 -Wall -ffunction-sections -ffat-lto-objects -Og -c Generated_Source\PSoC5\watchDogCheck.c -o .\CortexM3\ARM_GCC_541\Debug\watchDogCheck.o
arm-none-eabi-gcc.exe -mcpu=cortex-m3 -mthumb -I. -IGenerated_Source\PSoC5 -Wa,-alh=.\CortexM3\ARM_GCC_541\Debug/Parity.lst -g -D DEBUG -D CY_CORE_ID=0 -Wall -ffunction-sections -ffat-lto-objects -Og -c Generated_Source\PSoC5\Parity.c -o .\CortexM3\ARM_GCC_541\Debug\Parity.o
arm-none-eabi-gcc.exe -mcpu=cortex-m3 -mthumb -I. -IGenerated_Source\PSoC5 -Wa,-alh=.\CortexM3\ARM_GCC_541\Debug/Pin_1.lst -g -D DEBUG -D CY_CORE_ID=0 -Wall -ffunction-sections -ffat-lto-objects -Og -c Generated_Source\PSoC5\Pin_1.c -o .\CortexM3\ARM_GCC_541\Debug\Pin_1.o
arm-none-eabi-as.exe -mcpu=cortex-m3 -mthumb -I. -IGenerated_Source\PSoC5 -alh=.\CortexM3\ARM_GCC_541\Debug/CyBootAsmGnu.lst -g -W -o .\CortexM3\ARM_GCC_541\Debug\CyBootAsmGnu.o Generated_Source\PSoC5\CyBootAsmGnu.s
arm-none-eabi-ar.exe -rs .\CortexM3\ARM_GCC_541\Debug\HighFSKRx.a .\CortexM3\ARM_GCC_541\Debug\LPF_In.o .\CortexM3\ARM_GCC_541\Debug\Out_Comp.o .\CortexM3\ARM_GCC_541\Debug\Out_Comp_PM.o .\CortexM3\ARM_GCC_541\Debug\Demod_Out.o .\CortexM3\ARM_GCC_541\Debug\Count_Out.o .\CortexM3\ARM_GCC_541\Debug\Shift_Reg.o .\CortexM3\ARM_GCC_541\Debug\Shift_Reg_PM.o .\CortexM3\ARM_GCC_541\Debug\shift_clk.o .\CortexM3\ARM_GCC_541\Debug\PWM_Recon.o .\CortexM3\ARM_GCC_541\Debug\PWM_Recon_PM.o .\CortexM3\ARM_GCC_541\Debug\LCD_Char.o .\CortexM3\ARM_GCC_541\Debug\LCD_Char_PM.o .\CortexM3\ARM_GCC_541\Debug\Timer_ISR.o .\CortexM3\ARM_GCC_541\Debug\Bit_Timer_Clk.o .\CortexM3\ARM_GCC_541\Debug\Bit_Timer.o .\CortexM3\ARM_GCC_541\Debug\Bit_Timer_PM.o .\CortexM3\ARM_GCC_541\Debug\XOR_Out_LPF.o .\CortexM3\ARM_GCC_541\Debug\BPF_In.o .\CortexM3\ARM_GCC_541\Debug\Recon_Out.o .\CortexM3\ARM_GCC_541\Debug\Shift_Out.o .\CortexM3\ARM_GCC_541\Debug\LCD_Char_LCDPort.o .\CortexM3\ARM_GCC_541\Debug\CyDmac.o .\CortexM3\ARM_GCC_541\Debug\CyFlash.o .\CortexM3\ARM_GCC_541\Debug\CyLib.o .\CortexM3\ARM_GCC_541\Debug\cyPm.o .\CortexM3\ARM_GCC_541\Debug\CySpc.o .\CortexM3\ARM_GCC_541\Debug\cyutils.o .\CortexM3\ARM_GCC_541\Debug\XOR_Out.o .\CortexM3\ARM_GCC_541\Debug\Demod_Out_Test.o .\CortexM3\ARM_GCC_541\Debug\checkWatchDogTimer.o .\CortexM3\ARM_GCC_541\Debug\checkWatchDogTimer_PM.o .\CortexM3\ARM_GCC_541\Debug\watchDogCheck.o .\CortexM3\ARM_GCC_541\Debug\Parity.o .\CortexM3\ARM_GCC_541\Debug\Pin_1.o .\CortexM3\ARM_GCC_541\Debug\CyBootAsmGnu.o
arm-none-eabi-ar.exe: creating .\CortexM3\ARM_GCC_541\Debug\HighFSKRx.a
arm-none-eabi-gcc.exe -Wl,--start-group -o C:\Users\sdysart\Documents\UACS\UACS\HighFreqFSK\HighFSKRx.cydsn\CortexM3\ARM_GCC_541\Debug\HighFSKRx.elf .\CortexM3\ARM_GCC_541\Debug\main.o .\CortexM3\ARM_GCC_541\Debug\cyfitter_cfg.o .\CortexM3\ARM_GCC_541\Debug\cymetadata.o .\CortexM3\ARM_GCC_541\Debug\Cm3Start.o .\CortexM3\ARM_GCC_541\Debug\HighFSKRx.a "C:\Program Files (x86)\Cypress\PSoC Creator\4.1\PSoC Creator\psoc\content\cycomponentlibrary\CyComponentLibrary.cylib\CortexM3\ARM_GCC_541\Debug\CyComponentLibrary.a" -mcpu=cortex-m3 -mthumb -L Generated_Source\PSoC5 -Wl,-Map,.\CortexM3\ARM_GCC_541\Debug/HighFSKRx.map -T Generated_Source\PSoC5\cm3gcc.ld -specs=nano.specs -Wl,--gc-sections -g -ffunction-sections -Og -ffat-lto-objects -Wl,--end-group
cyelftool.exe -C C:\Users\sdysart\Documents\UACS\UACS\HighFreqFSK\HighFSKRx.cydsn\CortexM3\ARM_GCC_541\Debug\HighFSKRx.elf --flash_row_size 256 --flash_size 262144 --flash_offset 0x00000000
cyelftool.exe -S C:\Users\sdysart\Documents\UACS\UACS\HighFreqFSK\HighFSKRx.cydsn\CortexM3\ARM_GCC_541\Debug\HighFSKRx.elf
Flash used: 6232 of 262144 bytes (2.4%).
SRAM used: 2593 of 65536 bytes (4.0%). Stack: 2048 bytes. Heap: 128 bytes.
--------------- Rebuild Succeeded: 05/26/2018 23:48:44 ---------------
