ARM GAS  C:\Users\sdysart\AppData\Local\Temp\ccAIrDqY.s 			page 1


   1              		.syntax unified
   2              		.cpu cortex-m3
   3              		.fpu softvfp
   4              		.eabi_attribute 20, 1
   5              		.eabi_attribute 21, 1
   6              		.eabi_attribute 23, 3
   7              		.eabi_attribute 24, 1
   8              		.eabi_attribute 25, 1
   9              		.eabi_attribute 26, 1
  10              		.eabi_attribute 30, 1
  11              		.eabi_attribute 34, 1
  12              		.eabi_attribute 18, 4
  13              		.thumb
  14              		.syntax unified
  15              		.file	"cymetadata.c"
  16              		.text
  17              	.Ltext0:
  18              		.cfi_sections	.debug_frame
  19              		.global	cy_metadata
  20              		.global	cy_meta_flashprotect
  21              		.global	cy_meta_wonvl
  22              		.global	cy_meta_custnvl
  23              		.global	cy_meta_configecc
  24              		.section	.cyconfigecc,"a",%progbits
  25              		.align	2
  26              		.type	cy_meta_configecc, %object
  27              		.size	cy_meta_configecc, 792
  28              	cy_meta_configecc:
  29 0000 02       		.byte	2
  30 0001 52       		.byte	82
  31 0002 00       		.byte	0
  32 0003 40       		.byte	64
  33 0004 03       		.byte	3
  34 0005 65       		.byte	101
  35 0006 00       		.byte	0
  36 0007 40       		.byte	64
  37 0008 01       		.byte	1
  38 0009 17       		.byte	23
  39 000a 01       		.byte	1
  40 000b 40       		.byte	64
  41 000c 13       		.byte	19
  42 000d 18       		.byte	24
  43 000e 01       		.byte	1
  44 000f 40       		.byte	64
  45 0010 41       		.byte	65
  46 0011 19       		.byte	25
  47 0012 01       		.byte	1
  48 0013 40       		.byte	64
  49 0014 64       		.byte	100
  50 0015 1A       		.byte	26
  51 0016 01       		.byte	1
  52 0017 40       		.byte	64
  53 0018 49       		.byte	73
  54 0019 1B       		.byte	27
  55 001a 01       		.byte	1
  56 001b 40       		.byte	64
  57 001c 02       		.byte	2
ARM GAS  C:\Users\sdysart\AppData\Local\Temp\ccAIrDqY.s 			page 2


  58 001d 40       		.byte	64
  59 001e 01       		.byte	1
  60 001f 40       		.byte	64
  61 0020 01       		.byte	1
  62 0021 41       		.byte	65
  63 0022 01       		.byte	1
  64 0023 40       		.byte	64
  65 0024 01       		.byte	1
  66 0025 42       		.byte	66
  67 0026 01       		.byte	1
  68 0027 40       		.byte	64
  69 0028 01       		.byte	1
  70 0029 43       		.byte	67
  71 002a 01       		.byte	1
  72 002b 40       		.byte	64
  73 002c 03       		.byte	3
  74 002d 48       		.byte	72
  75 002e 01       		.byte	1
  76 002f 40       		.byte	64
  77 0030 01       		.byte	1
  78 0031 4C       		.byte	76
  79 0032 01       		.byte	1
  80 0033 40       		.byte	64
  81 0034 07       		.byte	7
  82 0035 4D       		.byte	77
  83 0036 01       		.byte	1
  84 0037 40       		.byte	64
  85 0038 04       		.byte	4
  86 0039 50       		.byte	80
  87 003a 01       		.byte	1
  88 003b 40       		.byte	64
  89 003c 01       		.byte	1
  90 003d 51       		.byte	81
  91 003e 01       		.byte	1
  92 003f 40       		.byte	64
  93 0040 61       		.byte	97
  94 0041 80       		.byte	-128
  95 0042 64       		.byte	100
  96 0043 40       		.byte	64
  97 0044 88       		.byte	-120
  98 0045 72       		.byte	114
  99 0046 89       		.byte	-119
 100 0047 38       		.byte	56
 101 0048 8B       		.byte	-117
 102 0049 0F       		.byte	15
 103 004a E6       		.byte	-26
 104 004b 01       		.byte	1
 105 004c 82       		.byte	-126
 106 004d 04       		.byte	4
 107 004e 86       		.byte	-122
 108 004f 04       		.byte	4
 109 0050 88       		.byte	-120
 110 0051 02       		.byte	2
 111 0052 89       		.byte	-119
 112 0053 01       		.byte	1
 113 0054 9A       		.byte	-102
 114 0055 01       		.byte	1
ARM GAS  C:\Users\sdysart\AppData\Local\Temp\ccAIrDqY.s 			page 3


 115 0056 A6       		.byte	-90
 116 0057 01       		.byte	1
 117 0058 B2       		.byte	-78
 118 0059 01       		.byte	1
 119 005a B4       		.byte	-76
 120 005b 04       		.byte	4
 121 005c B5       		.byte	-75
 122 005d 01       		.byte	1
 123 005e B6       		.byte	-74
 124 005f 02       		.byte	2
 125 0060 BA       		.byte	-70
 126 0061 02       		.byte	2
 127 0062 BE       		.byte	-66
 128 0063 54       		.byte	84
 129 0064 BF       		.byte	-65
 130 0065 10       		.byte	16
 131 0066 D4       		.byte	-44
 132 0067 18       		.byte	24
 133 0068 D6       		.byte	-42
 134 0069 04       		.byte	4
 135 006a D8       		.byte	-40
 136 006b 04       		.byte	4
 137 006c D9       		.byte	-39
 138 006d 04       		.byte	4
 139 006e DB       		.byte	-37
 140 006f 04       		.byte	4
 141 0070 DF       		.byte	-33
 142 0071 01       		.byte	1
 143 0072 00       		.byte	0
 144 0073 02       		.byte	2
 145 0074 01       		.byte	1
 146 0075 20       		.byte	32
 147 0076 03       		.byte	3
 148 0077 20       		.byte	32
 149 0078 05       		.byte	5
 150 0079 01       		.byte	1
 151 007a 06       		.byte	6
 152 007b 06       		.byte	6
 153 007c 07       		.byte	7
 154 007d 10       		.byte	16
 155 007e 09       		.byte	9
 156 007f 20       		.byte	32
 157 0080 0C       		.byte	12
 158 0081 81       		.byte	-127
 159 0082 0E       		.byte	14
 160 0083 28       		.byte	40
 161 0084 0F       		.byte	15
 162 0085 02       		.byte	2
 163 0086 10       		.byte	16
 164 0087 20       		.byte	32
 165 0088 16       		.byte	22
 166 0089 40       		.byte	64
 167 008a 17       		.byte	23
 168 008b 24       		.byte	36
 169 008c 19       		.byte	25
 170 008d 1A       		.byte	26
 171 008e 1A       		.byte	26
ARM GAS  C:\Users\sdysart\AppData\Local\Temp\ccAIrDqY.s 			page 4


 172 008f 01       		.byte	1
 173 0090 1B       		.byte	27
 174 0091 02       		.byte	2
 175 0092 1C       		.byte	28
 176 0093 06       		.byte	6
 177 0094 1D       		.byte	29
 178 0095 09       		.byte	9
 179 0096 1E       		.byte	30
 180 0097 60       		.byte	96
 181 0098 23       		.byte	35
 182 0099 04       		.byte	4
 183 009a 24       		.byte	36
 184 009b 08       		.byte	8
 185 009c 25       		.byte	37
 186 009d 20       		.byte	32
 187 009e 27       		.byte	39
 188 009f 11       		.byte	17
 189 00a0 2A       		.byte	42
 190 00a1 40       		.byte	64
 191 00a2 2B       		.byte	43
 192 00a3 02       		.byte	2
 193 00a4 2C       		.byte	44
 194 00a5 01       		.byte	1
 195 00a6 2D       		.byte	45
 196 00a7 04       		.byte	4
 197 00a8 2E       		.byte	46
 198 00a9 02       		.byte	2
 199 00aa 2F       		.byte	47
 200 00ab 08       		.byte	8
 201 00ac 35       		.byte	53
 202 00ad 02       		.byte	2
 203 00ae 36       		.byte	54
 204 00af 04       		.byte	4
 205 00b0 37       		.byte	55
 206 00b1 90       		.byte	-112
 207 00b2 39       		.byte	57
 208 00b3 04       		.byte	4
 209 00b4 3A       		.byte	58
 210 00b5 14       		.byte	20
 211 00b6 3E       		.byte	62
 212 00b7 68       		.byte	104
 213 00b8 3F       		.byte	63
 214 00b9 02       		.byte	2
 215 00ba 45       		.byte	69
 216 00bb 18       		.byte	24
 217 00bc 46       		.byte	70
 218 00bd 44       		.byte	68
 219 00be 47       		.byte	71
 220 00bf 40       		.byte	64
 221 00c0 4C       		.byte	76
 222 00c1 24       		.byte	36
 223 00c2 57       		.byte	87
 224 00c3 20       		.byte	32
 225 00c4 5B       		.byte	91
 226 00c5 01       		.byte	1
 227 00c6 5C       		.byte	92
 228 00c7 04       		.byte	4
ARM GAS  C:\Users\sdysart\AppData\Local\Temp\ccAIrDqY.s 			page 5


 229 00c8 60       		.byte	96
 230 00c9 80       		.byte	-128
 231 00ca 61       		.byte	97
 232 00cb 50       		.byte	80
 233 00cc 6D       		.byte	109
 234 00cd 80       		.byte	-128
 235 00ce 6E       		.byte	110
 236 00cf 14       		.byte	20
 237 00d0 74       		.byte	116
 238 00d1 80       		.byte	-128
 239 00d2 76       		.byte	118
 240 00d3 28       		.byte	40
 241 00d4 77       		.byte	119
 242 00d5 24       		.byte	36
 243 00d6 80       		.byte	-128
 244 00d7 80       		.byte	-128
 245 00d8 86       		.byte	-122
 246 00d9 01       		.byte	1
 247 00da 89       		.byte	-119
 248 00db 08       		.byte	8
 249 00dc 8B       		.byte	-117
 250 00dd 80       		.byte	-128
 251 00de C0       		.byte	-64
 252 00df FE       		.byte	-2
 253 00e0 C2       		.byte	-62
 254 00e1 F2       		.byte	-14
 255 00e2 C4       		.byte	-60
 256 00e3 74       		.byte	116
 257 00e4 CA       		.byte	-54
 258 00e5 F0       		.byte	-16
 259 00e6 CC       		.byte	-52
 260 00e7 F0       		.byte	-16
 261 00e8 CE       		.byte	-50
 262 00e9 F4       		.byte	-12
 263 00ea D0       		.byte	-48
 264 00eb F0       		.byte	-16
 265 00ec D2       		.byte	-46
 266 00ed 20       		.byte	32
 267 00ee D6       		.byte	-42
 268 00ef 41       		.byte	65
 269 00f0 D8       		.byte	-40
 270 00f1 0D       		.byte	13
 271 00f2 E0       		.byte	-32
 272 00f3 08       		.byte	8
 273 00f4 04       		.byte	4
 274 00f5 10       		.byte	16
 275 00f6 05       		.byte	5
 276 00f7 80       		.byte	-128
 277 00f8 06       		.byte	6
 278 00f9 AC       		.byte	-84
 279 00fa 07       		.byte	7
 280 00fb 13       		.byte	19
 281 00fc 0A       		.byte	10
 282 00fd 03       		.byte	3
 283 00fe 0C       		.byte	12
 284 00ff 0C       		.byte	12
 285 0100 0E       		.byte	14
ARM GAS  C:\Users\sdysart\AppData\Local\Temp\ccAIrDqY.s 			page 6


 286 0101 71       		.byte	113
 287 0102 0F       		.byte	15
 288 0103 0C       		.byte	12
 289 0104 14       		.byte	20
 290 0105 14       		.byte	20
 291 0106 15       		.byte	21
 292 0107 2C       		.byte	44
 293 0108 17       		.byte	23
 294 0109 43       		.byte	67
 295 010a 19       		.byte	25
 296 010b 71       		.byte	113
 297 010c 1B       		.byte	27
 298 010d 06       		.byte	6
 299 010e 1C       		.byte	28
 300 010f 09       		.byte	9
 301 0110 1E       		.byte	30
 302 0111 D0       		.byte	-48
 303 0112 1F       		.byte	31
 304 0113 08       		.byte	8
 305 0114 20       		.byte	32
 306 0115 10       		.byte	16
 307 0116 21       		.byte	33
 308 0117 71       		.byte	113
 309 0118 22       		.byte	34
 310 0119 40       		.byte	64
 311 011a 23       		.byte	35
 312 011b 0E       		.byte	14
 313 011c 26       		.byte	38
 314 011d 20       		.byte	32
 315 011e 28       		.byte	40
 316 011f DC       		.byte	-36
 317 0120 2A       		.byte	42
 318 0121 22       		.byte	34
 319 0122 30       		.byte	48
 320 0123 E0       		.byte	-32
 321 0124 31       		.byte	49
 322 0125 C0       		.byte	-64
 323 0126 33       		.byte	51
 324 0127 0F       		.byte	15
 325 0128 34       		.byte	52
 326 0129 1F       		.byte	31
 327 012a 35       		.byte	53
 328 012b 30       		.byte	48
 329 012c 39       		.byte	57
 330 012d 22       		.byte	34
 331 012e 3A       		.byte	58
 332 012f 02       		.byte	2
 333 0130 3B       		.byte	59
 334 0131 08       		.byte	8
 335 0132 3F       		.byte	63
 336 0133 10       		.byte	16
 337 0134 40       		.byte	64
 338 0135 02       		.byte	2
 339 0136 45       		.byte	69
 340 0137 40       		.byte	64
 341 0138 49       		.byte	73
 342 0139 FF       		.byte	-1
ARM GAS  C:\Users\sdysart\AppData\Local\Temp\ccAIrDqY.s 			page 7


 343 013a 4A       		.byte	74
 344 013b 07       		.byte	7
 345 013c 4B       		.byte	75
 346 013d FF       		.byte	-1
 347 013e 4C       		.byte	76
 348 013f 40       		.byte	64
 349 0140 4D       		.byte	77
 350 0141 20       		.byte	32
 351 0142 4E       		.byte	78
 352 0143 F0       		.byte	-16
 353 0144 4F       		.byte	79
 354 0145 05       		.byte	5
 355 0146 50       		.byte	80
 356 0147 08       		.byte	8
 357 0148 58       		.byte	88
 358 0149 04       		.byte	4
 359 014a 59       		.byte	89
 360 014b 04       		.byte	4
 361 014c 5A       		.byte	90
 362 014d 04       		.byte	4
 363 014e 5F       		.byte	95
 364 014f 01       		.byte	1
 365 0150 60       		.byte	96
 366 0151 40       		.byte	64
 367 0152 61       		.byte	97
 368 0153 A8       		.byte	-88
 369 0154 62       		.byte	98
 370 0155 40       		.byte	64
 371 0156 63       		.byte	99
 372 0157 20       		.byte	32
 373 0158 80       		.byte	-128
 374 0159 13       		.byte	19
 375 015a 81       		.byte	-127
 376 015b 48       		.byte	72
 377 015c 82       		.byte	-126
 378 015d 04       		.byte	4
 379 015e 83       		.byte	-125
 380 015f 34       		.byte	52
 381 0160 85       		.byte	-123
 382 0161 F9       		.byte	-7
 383 0162 88       		.byte	-120
 384 0163 13       		.byte	19
 385 0164 89       		.byte	-119
 386 0165 F9       		.byte	-7
 387 0166 8A       		.byte	-118
 388 0167 0C       		.byte	12
 389 0168 8D       		.byte	-115
 390 0169 01       		.byte	1
 391 016a 8E       		.byte	-114
 392 016b 08       		.byte	8
 393 016c 90       		.byte	-112
 394 016d 03       		.byte	3
 395 016e 91       		.byte	-111
 396 016f 90       		.byte	-112
 397 0170 92       		.byte	-110
 398 0171 14       		.byte	20
 399 0172 93       		.byte	-109
ARM GAS  C:\Users\sdysart\AppData\Local\Temp\ccAIrDqY.s 			page 8


 400 0173 2C       		.byte	44
 401 0174 94       		.byte	-108
 402 0175 0A       		.byte	10
 403 0176 95       		.byte	-107
 404 0177 20       		.byte	32
 405 0178 96       		.byte	-106
 406 0179 14       		.byte	20
 407 017a 97       		.byte	-105
 408 017b C2       		.byte	-62
 409 017c AA       		.byte	-86
 410 017d 15       		.byte	21
 411 017e AE       		.byte	-82
 412 017f 20       		.byte	32
 413 0180 B0       		.byte	-80
 414 0181 10       		.byte	16
 415 0182 B1       		.byte	-79
 416 0183 06       		.byte	6
 417 0184 B2       		.byte	-78
 418 0185 20       		.byte	32
 419 0186 B3       		.byte	-77
 420 0187 E0       		.byte	-32
 421 0188 B4       		.byte	-76
 422 0189 0F       		.byte	15
 423 018a B5       		.byte	-75
 424 018b 01       		.byte	1
 425 018c B7       		.byte	-73
 426 018d 18       		.byte	24
 427 018e BA       		.byte	-70
 428 018f 20       		.byte	32
 429 0190 BE       		.byte	-66
 430 0191 01       		.byte	1
 431 0192 BF       		.byte	-65
 432 0193 01       		.byte	1
 433 0194 C0       		.byte	-64
 434 0195 26       		.byte	38
 435 0196 C1       		.byte	-63
 436 0197 01       		.byte	1
 437 0198 C5       		.byte	-59
 438 0199 0B       		.byte	11
 439 019a C6       		.byte	-58
 440 019b EC       		.byte	-20
 441 019c C8       		.byte	-56
 442 019d 0D       		.byte	13
 443 019e C9       		.byte	-55
 444 019f FF       		.byte	-1
 445 01a0 CA       		.byte	-54
 446 01a1 FF       		.byte	-1
 447 01a2 CB       		.byte	-53
 448 01a3 FF       		.byte	-1
 449 01a4 CE       		.byte	-50
 450 01a5 F0       		.byte	-16
 451 01a6 CF       		.byte	-49
 452 01a7 44       		.byte	68
 453 01a8 D0       		.byte	-48
 454 01a9 0C       		.byte	12
 455 01aa D4       		.byte	-44
 456 01ab 01       		.byte	1
ARM GAS  C:\Users\sdysart\AppData\Local\Temp\ccAIrDqY.s 			page 9


 457 01ac D8       		.byte	-40
 458 01ad 04       		.byte	4
 459 01ae D9       		.byte	-39
 460 01af 04       		.byte	4
 461 01b0 DA       		.byte	-38
 462 01b1 04       		.byte	4
 463 01b2 DB       		.byte	-37
 464 01b3 04       		.byte	4
 465 01b4 DF       		.byte	-33
 466 01b5 01       		.byte	1
 467 01b6 E6       		.byte	-26
 468 01b7 C0       		.byte	-64
 469 01b8 EA       		.byte	-22
 470 01b9 40       		.byte	64
 471 01ba EB       		.byte	-21
 472 01bb 02       		.byte	2
 473 01bc 01       		.byte	1
 474 01bd 20       		.byte	32
 475 01be 02       		.byte	2
 476 01bf 01       		.byte	1
 477 01c0 03       		.byte	3
 478 01c1 10       		.byte	16
 479 01c2 04       		.byte	4
 480 01c3 40       		.byte	64
 481 01c4 05       		.byte	5
 482 01c5 11       		.byte	17
 483 01c6 0A       		.byte	10
 484 01c7 22       		.byte	34
 485 01c8 0D       		.byte	13
 486 01c9 08       		.byte	8
 487 01ca 0F       		.byte	15
 488 01cb 80       		.byte	-128
 489 01cc 10       		.byte	16
 490 01cd 80       		.byte	-128
 491 01ce 11       		.byte	17
 492 01cf 04       		.byte	4
 493 01d0 13       		.byte	19
 494 01d1 20       		.byte	32
 495 01d2 16       		.byte	22
 496 01d3 06       		.byte	6
 497 01d4 19       		.byte	25
 498 01d5 21       		.byte	33
 499 01d6 1D       		.byte	29
 500 01d7 10       		.byte	16
 501 01d8 1E       		.byte	30
 502 01d9 40       		.byte	64
 503 01da 1F       		.byte	31
 504 01db 08       		.byte	8
 505 01dc 20       		.byte	32
 506 01dd 44       		.byte	68
 507 01de 21       		.byte	33
 508 01df 08       		.byte	8
 509 01e0 22       		.byte	34
 510 01e1 01       		.byte	1
 511 01e2 23       		.byte	35
 512 01e3 20       		.byte	32
 513 01e4 25       		.byte	37
ARM GAS  C:\Users\sdysart\AppData\Local\Temp\ccAIrDqY.s 			page 10


 514 01e5 10       		.byte	16
 515 01e6 26       		.byte	38
 516 01e7 04       		.byte	4
 517 01e8 27       		.byte	39
 518 01e9 41       		.byte	65
 519 01ea 29       		.byte	41
 520 01eb 01       		.byte	1
 521 01ec 2A       		.byte	42
 522 01ed 01       		.byte	1
 523 01ee 30       		.byte	48
 524 01ef 80       		.byte	-128
 525 01f0 31       		.byte	49
 526 01f1 18       		.byte	24
 527 01f2 33       		.byte	51
 528 01f3 10       		.byte	16
 529 01f4 34       		.byte	52
 530 01f5 01       		.byte	1
 531 01f6 36       		.byte	54
 532 01f7 04       		.byte	4
 533 01f8 37       		.byte	55
 534 01f9 01       		.byte	1
 535 01fa 38       		.byte	56
 536 01fb 48       		.byte	72
 537 01fc 39       		.byte	57
 538 01fd 04       		.byte	4
 539 01fe 3D       		.byte	61
 540 01ff 80       		.byte	-128
 541 0200 3E       		.byte	62
 542 0201 16       		.byte	22
 543 0202 40       		.byte	64
 544 0203 04       		.byte	4
 545 0204 46       		.byte	70
 546 0205 01       		.byte	1
 547 0206 47       		.byte	71
 548 0207 10       		.byte	16
 549 0208 48       		.byte	72
 550 0209 80       		.byte	-128
 551 020a 4C       		.byte	76
 552 020b 04       		.byte	4
 553 020c 4E       		.byte	78
 554 020d 10       		.byte	16
 555 020e 50       		.byte	80
 556 020f 04       		.byte	4
 557 0210 52       		.byte	82
 558 0211 04       		.byte	4
 559 0212 56       		.byte	86
 560 0213 50       		.byte	80
 561 0214 57       		.byte	87
 562 0215 60       		.byte	96
 563 0216 5D       		.byte	93
 564 0217 02       		.byte	2
 565 0218 5E       		.byte	94
 566 0219 40       		.byte	64
 567 021a 5F       		.byte	95
 568 021b 14       		.byte	20
 569 021c 81       		.byte	-127
 570 021d 02       		.byte	2
ARM GAS  C:\Users\sdysart\AppData\Local\Temp\ccAIrDqY.s 			page 11


 571 021e 83       		.byte	-125
 572 021f 20       		.byte	32
 573 0220 86       		.byte	-122
 574 0221 40       		.byte	64
 575 0222 87       		.byte	-121
 576 0223 10       		.byte	16
 577 0224 8A       		.byte	-118
 578 0225 02       		.byte	2
 579 0226 92       		.byte	-110
 580 0227 14       		.byte	20
 581 0228 93       		.byte	-109
 582 0229 04       		.byte	4
 583 022a 9C       		.byte	-100
 584 022b 01       		.byte	1
 585 022c 9D       		.byte	-99
 586 022d 20       		.byte	32
 587 022e 9E       		.byte	-98
 588 022f 12       		.byte	18
 589 0230 9F       		.byte	-97
 590 0231 40       		.byte	64
 591 0232 A1       		.byte	-95
 592 0233 40       		.byte	64
 593 0234 A5       		.byte	-91
 594 0235 10       		.byte	16
 595 0236 A6       		.byte	-90
 596 0237 04       		.byte	4
 597 0238 A7       		.byte	-89
 598 0239 08       		.byte	8
 599 023a B1       		.byte	-79
 600 023b 48       		.byte	72
 601 023c C0       		.byte	-64
 602 023d D7       		.byte	-41
 603 023e C2       		.byte	-62
 604 023f 35       		.byte	53
 605 0240 C4       		.byte	-60
 606 0241 CE       		.byte	-50
 607 0242 CA       		.byte	-54
 608 0243 01       		.byte	1
 609 0244 CC       		.byte	-52
 610 0245 CE       		.byte	-50
 611 0246 CE       		.byte	-50
 612 0247 FA       		.byte	-6
 613 0248 D0       		.byte	-48
 614 0249 34       		.byte	52
 615 024a D2       		.byte	-46
 616 024b 20       		.byte	32
 617 024c D6       		.byte	-42
 618 024d F0       		.byte	-16
 619 024e 32       		.byte	50
 620 024f 40       		.byte	64
 621 0250 CC       		.byte	-52
 622 0251 10       		.byte	16
 623 0252 96       		.byte	-106
 624 0253 80       		.byte	-128
 625 0254 96       		.byte	-106
 626 0255 80       		.byte	-128
 627 0256 96       		.byte	-106
ARM GAS  C:\Users\sdysart\AppData\Local\Temp\ccAIrDqY.s 			page 12


 628 0257 80       		.byte	-128
 629 0258 82       		.byte	-126
 630 0259 40       		.byte	64
 631 025a 96       		.byte	-106
 632 025b 80       		.byte	-128
 633 025c E6       		.byte	-26
 634 025d 80       		.byte	-128
 635 025e 87       		.byte	-121
 636 025f 10       		.byte	16
 637 0260 10       		.byte	16
 638 0261 40       		.byte	64
 639 0262 73       		.byte	115
 640 0263 10       		.byte	16
 641 0264 88       		.byte	-120
 642 0265 40       		.byte	64
 643 0266 93       		.byte	-109
 644 0267 10       		.byte	16
 645 0268 C4       		.byte	-60
 646 0269 08       		.byte	8
 647 026a DC       		.byte	-36
 648 026b 01       		.byte	1
 649 026c E2       		.byte	-30
 650 026d 01       		.byte	1
 651 026e 10       		.byte	16
 652 026f 01       		.byte	1
 653 0270 11       		.byte	17
 654 0271 01       		.byte	1
 655 0272 1C       		.byte	28
 656 0273 01       		.byte	1
 657 0274 1D       		.byte	29
 658 0275 01       		.byte	1
 659 0276 00       		.byte	0
 660 0277 03       		.byte	3
 661 0278 1F       		.byte	31
 662 0279 10       		.byte	16
 663 027a 60       		.byte	96
 664 027b 00       		.byte	0
 665 027c 1C       		.byte	28
 666 027d 08       		.byte	8
 667 027e 63       		.byte	99
 668 027f 00       		.byte	0
 669 0280 00       		.byte	0
 670 0281 18       		.byte	24
 671 0282 23       		.byte	35
 672 0283 00       		.byte	0
 673 0284 01       		.byte	1
 674 0285 1C       		.byte	28
 675 0286 00       		.byte	0
 676 0287 E1       		.byte	-31
 677 0288 02       		.byte	2
 678 0289 FF       		.byte	-1
 679 028a 00       		.byte	0
 680 028b 00       		.byte	0
 681 028c 73       		.byte	115
 682 028d C0       		.byte	-64
 683 028e 0C       		.byte	12
 684 028f 00       		.byte	0
ARM GAS  C:\Users\sdysart\AppData\Local\Temp\ccAIrDqY.s 			page 13


 685 0290 03       		.byte	3
 686 0291 3C       		.byte	60
 687 0292 00       		.byte	0
 688 0293 C2       		.byte	-62
 689 0294 08       		.byte	8
 690 0295 E7       		.byte	-25
 691 0296 00       		.byte	0
 692 0297 18       		.byte	24
 693 0298 7F       		.byte	127
 694 0299 44       		.byte	68
 695 029a 00       		.byte	0
 696 029b 00       		.byte	0
 697 029c 04       		.byte	4
 698 029d 00       		.byte	0
 699 029e 00       		.byte	0
 700 029f E3       		.byte	-29
 701 02a0 0C       		.byte	12
 702 02a1 00       		.byte	0
 703 02a2 00       		.byte	0
 704 02a3 04       		.byte	4
 705 02a4 00       		.byte	0
 706 02a5 80       		.byte	-128
 707 02a6 00       		.byte	0
 708 02a7 00       		.byte	0
 709 02a8 2C       		.byte	44
 710 02a9 00       		.byte	0
 711 02aa 0F       		.byte	15
 712 02ab 1F       		.byte	31
 713 02ac 10       		.byte	16
 714 02ad 38       		.byte	56
 715 02ae 40       		.byte	64
 716 02af C0       		.byte	-64
 717 02b0 80       		.byte	-128
 718 02b1 00       		.byte	0
 719 02b2 0A       		.byte	10
 720 02b3 08       		.byte	8
 721 02b4 00       		.byte	0
 722 02b5 00       		.byte	0
 723 02b6 10       		.byte	16
 724 02b7 00       		.byte	0
 725 02b8 32       		.byte	50
 726 02b9 04       		.byte	4
 727 02ba 06       		.byte	6
 728 02bb 00       		.byte	0
 729 02bc 01       		.byte	1
 730 02bd 0C       		.byte	12
 731 02be E0       		.byte	-32
 732 02bf 00       		.byte	0
 733 02c0 09       		.byte	9
 734 02c1 FF       		.byte	-1
 735 02c2 FF       		.byte	-1
 736 02c3 FF       		.byte	-1
 737 02c4 62       		.byte	98
 738 02c5 A0       		.byte	-96
 739 02c6 F0       		.byte	-16
 740 02c7 41       		.byte	65
 741 02c8 0C       		.byte	12
ARM GAS  C:\Users\sdysart\AppData\Local\Temp\ccAIrDqY.s 			page 14


 742 02c9 00       		.byte	0
 743 02ca 00       		.byte	0
 744 02cb 00       		.byte	0
 745 02cc 00       		.byte	0
 746 02cd 00       		.byte	0
 747 02ce 02       		.byte	2
 748 02cf 12       		.byte	18
 749 02d0 04       		.byte	4
 750 02d1 04       		.byte	4
 751 02d2 04       		.byte	4
 752 02d3 04       		.byte	4
 753 02d4 00       		.byte	0
 754 02d5 00       		.byte	0
 755 02d6 00       		.byte	0
 756 02d7 01       		.byte	1
 757 02d8 00       		.byte	0
 758 02d9 00       		.byte	0
 759 02da 00       		.byte	0
 760 02db 00       		.byte	0
 761 02dc 00       		.byte	0
 762 02dd 00       		.byte	0
 763 02de 40       		.byte	64
 764 02df 02       		.byte	2
 765 02e0 00       		.byte	0
 766 02e1 10       		.byte	16
 767 02e2 30       		.byte	48
 768 02e3 10       		.byte	16
 769 02e4 00       		.byte	0
 770 02e5 10       		.byte	16
 771 02e6 10       		.byte	16
 772 02e7 12       		.byte	18
 773 02e8 00       		.byte	0
 774 02e9 00       		.byte	0
 775 02ea 00       		.byte	0
 776 02eb 00       		.byte	0
 777 02ec 00       		.byte	0
 778 02ed 00       		.byte	0
 779 02ee 00       		.byte	0
 780 02ef 00       		.byte	0
 781 02f0 00       		.byte	0
 782 02f1 00       		.byte	0
 783 02f2 00       		.byte	0
 784 02f3 00       		.byte	0
 785 02f4 00       		.byte	0
 786 02f5 00       		.byte	0
 787 02f6 00       		.byte	0
 788 02f7 00       		.byte	0
 789 02f8 80       		.byte	-128
 790 02f9 00       		.byte	0
 791 02fa 40       		.byte	64
 792 02fb 80       		.byte	-128
 793 02fc 80       		.byte	-128
 794 02fd 00       		.byte	0
 795 02fe 80       		.byte	-128
 796 02ff 00       		.byte	0
 797 0300 00       		.byte	0
 798 0301 00       		.byte	0
ARM GAS  C:\Users\sdysart\AppData\Local\Temp\ccAIrDqY.s 			page 15


 799 0302 00       		.byte	0
 800 0303 00       		.byte	0
 801 0304 00       		.byte	0
 802 0305 03       		.byte	3
 803 0306 03       		.byte	3
 804 0307 00       		.byte	0
 805 0308 00       		.byte	0
 806 0309 00       		.byte	0
 807 030a 00       		.byte	0
 808 030b 00       		.byte	0
 809 030c 00       		.byte	0
 810 030d 7F       		.byte	127
 811 030e 7F       		.byte	127
 812 030f 00       		.byte	0
 813 0310 00       		.byte	0
 814 0311 00       		.byte	0
 815 0312 00       		.byte	0
 816 0313 00       		.byte	0
 817 0314 01       		.byte	1
 818 0315 00       		.byte	0
 819 0316 14       		.byte	20
 820 0317 01       		.byte	1
 821              		.section	.cywolatch,"a",%progbits
 822              		.align	2
 823              		.type	cy_meta_wonvl, %object
 824              		.size	cy_meta_wonvl, 4
 825              	cy_meta_wonvl:
 826 0000 BC       		.byte	-68
 827 0001 90       		.byte	-112
 828 0002 AC       		.byte	-84
 829 0003 AF       		.byte	-81
 830              		.section	.cycustnvl,"a",%progbits
 831              		.align	2
 832              		.type	cy_meta_custnvl, %object
 833              		.size	cy_meta_custnvl, 4
 834              	cy_meta_custnvl:
 835 0000 00       		.byte	0
 836 0001 00       		.byte	0
 837 0002 40       		.byte	64
 838 0003 05       		.byte	5
 839              		.section	.cymeta,"a",%progbits
 840              		.align	2
 841              		.type	cy_metadata, %object
 842              		.size	cy_metadata, 12
 843              	cy_metadata:
 844 0000 00       		.byte	0
 845 0001 01       		.byte	1
 846 0002 2E       		.byte	46
 847 0003 16       		.byte	22
 848 0004 10       		.byte	16
 849 0005 69       		.byte	105
 850 0006 00       		.byte	0
 851 0007 01       		.byte	1
 852 0008 00       		.byte	0
 853 0009 00       		.byte	0
 854 000a 00       		.byte	0
 855 000b 00       		.byte	0
ARM GAS  C:\Users\sdysart\AppData\Local\Temp\ccAIrDqY.s 			page 16


 856              		.section	.cyflashprotect,"a",%progbits
 857              		.align	2
 858              		.type	cy_meta_flashprotect, %object
 859              		.size	cy_meta_flashprotect, 256
 860              	cy_meta_flashprotect:
 861 0000 00000000 		.space	256
 861      00000000 
 861      00000000 
 861      00000000 
 861      00000000 
 862              		.text
 863              	.Letext0:
 864              		.file 1 "c:\\program files (x86)\\cypress\\psoc creator\\4.1\\psoc creator\\import\\gnu\\arm\\5.4.
 865              		.file 2 "c:\\program files (x86)\\cypress\\psoc creator\\4.1\\psoc creator\\import\\gnu\\arm\\5.4.
 866              		.file 3 "Generated_Source\\PSoC5\\cymetadata.c"
 867              		.section	.debug_info,"",%progbits
 868              	.Ldebug_info0:
 869 0000 31010000 		.4byte	0x131
 870 0004 0400     		.2byte	0x4
 871 0006 00000000 		.4byte	.Ldebug_abbrev0
 872 000a 04       		.byte	0x4
 873 000b 01       		.uleb128 0x1
 874 000c 24000000 		.4byte	.LASF17
 875 0010 0C       		.byte	0xc
 876 0011 C6010000 		.4byte	.LASF18
 877 0015 E7000000 		.4byte	.LASF19
 878 0019 00000000 		.4byte	.Ldebug_line0
 879 001d 02       		.uleb128 0x2
 880 001e 01       		.byte	0x1
 881 001f 06       		.byte	0x6
 882 0020 BA010000 		.4byte	.LASF0
 883 0024 03       		.uleb128 0x3
 884 0025 00000000 		.4byte	.LASF9
 885 0029 01       		.byte	0x1
 886 002a 1D       		.byte	0x1d
 887 002b 2F000000 		.4byte	0x2f
 888 002f 02       		.uleb128 0x2
 889 0030 01       		.byte	0x1
 890 0031 08       		.byte	0x8
 891 0032 16000000 		.4byte	.LASF1
 892 0036 02       		.uleb128 0x2
 893 0037 02       		.byte	0x2
 894 0038 05       		.byte	0x5
 895 0039 A7010000 		.4byte	.LASF2
 896 003d 02       		.uleb128 0x2
 897 003e 02       		.byte	0x2
 898 003f 07       		.byte	0x7
 899 0040 C4000000 		.4byte	.LASF3
 900 0044 02       		.uleb128 0x2
 901 0045 04       		.byte	0x4
 902 0046 05       		.byte	0x5
 903 0047 B1010000 		.4byte	.LASF4
 904 004b 02       		.uleb128 0x2
 905 004c 04       		.byte	0x4
 906 004d 07       		.byte	0x7
 907 004e B2000000 		.4byte	.LASF5
 908 0052 02       		.uleb128 0x2
ARM GAS  C:\Users\sdysart\AppData\Local\Temp\ccAIrDqY.s 			page 17


 909 0053 08       		.byte	0x8
 910 0054 05       		.byte	0x5
 911 0055 99010000 		.4byte	.LASF6
 912 0059 02       		.uleb128 0x2
 913 005a 08       		.byte	0x8
 914 005b 07       		.byte	0x7
 915 005c 4E010000 		.4byte	.LASF7
 916 0060 04       		.uleb128 0x4
 917 0061 04       		.byte	0x4
 918 0062 05       		.byte	0x5
 919 0063 696E7400 		.ascii	"int\000"
 920 0067 02       		.uleb128 0x2
 921 0068 04       		.byte	0x4
 922 0069 07       		.byte	0x7
 923 006a 41010000 		.4byte	.LASF8
 924 006e 03       		.uleb128 0x3
 925 006f 65010000 		.4byte	.LASF10
 926 0073 02       		.byte	0x2
 927 0074 18       		.byte	0x18
 928 0075 24000000 		.4byte	0x24
 929 0079 05       		.uleb128 0x5
 930 007a 91000000 		.4byte	0x91
 931 007e 8A000000 		.4byte	0x8a
 932 0082 06       		.uleb128 0x6
 933 0083 8A000000 		.4byte	0x8a
 934 0087 1703     		.2byte	0x317
 935 0089 00       		.byte	0
 936 008a 02       		.uleb128 0x2
 937 008b 04       		.byte	0x4
 938 008c 07       		.byte	0x7
 939 008d 90010000 		.4byte	.LASF11
 940 0091 07       		.uleb128 0x7
 941 0092 6E000000 		.4byte	0x6e
 942 0096 08       		.uleb128 0x8
 943 0097 2F010000 		.4byte	.LASF12
 944 009b 03       		.byte	0x3
 945 009c 1F       		.byte	0x1f
 946 009d A7000000 		.4byte	0xa7
 947 00a1 05       		.uleb128 0x5
 948 00a2 03       		.byte	0x3
 949 00a3 00000000 		.4byte	cy_meta_configecc
 950 00a7 07       		.uleb128 0x7
 951 00a8 79000000 		.4byte	0x79
 952 00ac 05       		.uleb128 0x5
 953 00ad 91000000 		.4byte	0x91
 954 00b1 BC000000 		.4byte	0xbc
 955 00b5 09       		.uleb128 0x9
 956 00b6 8A000000 		.4byte	0x8a
 957 00ba 03       		.byte	0x3
 958 00bb 00       		.byte	0
 959 00bc 08       		.uleb128 0x8
 960 00bd D7000000 		.4byte	.LASF13
 961 00c1 03       		.byte	0x3
 962 00c2 8F       		.byte	0x8f
 963 00c3 CD000000 		.4byte	0xcd
 964 00c7 05       		.uleb128 0x5
 965 00c8 03       		.byte	0x3
ARM GAS  C:\Users\sdysart\AppData\Local\Temp\ccAIrDqY.s 			page 18


 966 00c9 00000000 		.4byte	cy_meta_custnvl
 967 00cd 07       		.uleb128 0x7
 968 00ce AC000000 		.4byte	0xac
 969 00d2 08       		.uleb128 0x8
 970 00d3 82010000 		.4byte	.LASF14
 971 00d7 03       		.byte	0x3
 972 00d8 9D       		.byte	0x9d
 973 00d9 E3000000 		.4byte	0xe3
 974 00dd 05       		.uleb128 0x5
 975 00de 03       		.byte	0x3
 976 00df 00000000 		.4byte	cy_meta_wonvl
 977 00e3 07       		.uleb128 0x7
 978 00e4 AC000000 		.4byte	0xac
 979 00e8 05       		.uleb128 0x5
 980 00e9 91000000 		.4byte	0x91
 981 00ed F8000000 		.4byte	0xf8
 982 00f1 09       		.uleb128 0x9
 983 00f2 8A000000 		.4byte	0x8a
 984 00f6 FF       		.byte	0xff
 985 00f7 00       		.byte	0
 986 00f8 08       		.uleb128 0x8
 987 00f9 6D010000 		.4byte	.LASF15
 988 00fd 03       		.byte	0x3
 989 00fe AB       		.byte	0xab
 990 00ff 09010000 		.4byte	0x109
 991 0103 05       		.uleb128 0x5
 992 0104 03       		.byte	0x3
 993 0105 00000000 		.4byte	cy_meta_flashprotect
 994 0109 07       		.uleb128 0x7
 995 010a E8000000 		.4byte	0xe8
 996 010e 05       		.uleb128 0x5
 997 010f 91000000 		.4byte	0x91
 998 0113 1E010000 		.4byte	0x11e
 999 0117 09       		.uleb128 0x9
 1000 0118 8A000000 		.4byte	0x8a
 1001 011c 0B       		.byte	0xb
 1002 011d 00       		.byte	0
 1003 011e 08       		.uleb128 0x8
 1004 011f 0A000000 		.4byte	.LASF16
 1005 0123 03       		.byte	0x3
 1006 0124 D8       		.byte	0xd8
 1007 0125 2F010000 		.4byte	0x12f
 1008 0129 05       		.uleb128 0x5
 1009 012a 03       		.byte	0x3
 1010 012b 00000000 		.4byte	cy_metadata
 1011 012f 07       		.uleb128 0x7
 1012 0130 0E010000 		.4byte	0x10e
 1013 0134 00       		.byte	0
 1014              		.section	.debug_abbrev,"",%progbits
 1015              	.Ldebug_abbrev0:
 1016 0000 01       		.uleb128 0x1
 1017 0001 11       		.uleb128 0x11
 1018 0002 01       		.byte	0x1
 1019 0003 25       		.uleb128 0x25
 1020 0004 0E       		.uleb128 0xe
 1021 0005 13       		.uleb128 0x13
 1022 0006 0B       		.uleb128 0xb
ARM GAS  C:\Users\sdysart\AppData\Local\Temp\ccAIrDqY.s 			page 19


 1023 0007 03       		.uleb128 0x3
 1024 0008 0E       		.uleb128 0xe
 1025 0009 1B       		.uleb128 0x1b
 1026 000a 0E       		.uleb128 0xe
 1027 000b 10       		.uleb128 0x10
 1028 000c 17       		.uleb128 0x17
 1029 000d 00       		.byte	0
 1030 000e 00       		.byte	0
 1031 000f 02       		.uleb128 0x2
 1032 0010 24       		.uleb128 0x24
 1033 0011 00       		.byte	0
 1034 0012 0B       		.uleb128 0xb
 1035 0013 0B       		.uleb128 0xb
 1036 0014 3E       		.uleb128 0x3e
 1037 0015 0B       		.uleb128 0xb
 1038 0016 03       		.uleb128 0x3
 1039 0017 0E       		.uleb128 0xe
 1040 0018 00       		.byte	0
 1041 0019 00       		.byte	0
 1042 001a 03       		.uleb128 0x3
 1043 001b 16       		.uleb128 0x16
 1044 001c 00       		.byte	0
 1045 001d 03       		.uleb128 0x3
 1046 001e 0E       		.uleb128 0xe
 1047 001f 3A       		.uleb128 0x3a
 1048 0020 0B       		.uleb128 0xb
 1049 0021 3B       		.uleb128 0x3b
 1050 0022 0B       		.uleb128 0xb
 1051 0023 49       		.uleb128 0x49
 1052 0024 13       		.uleb128 0x13
 1053 0025 00       		.byte	0
 1054 0026 00       		.byte	0
 1055 0027 04       		.uleb128 0x4
 1056 0028 24       		.uleb128 0x24
 1057 0029 00       		.byte	0
 1058 002a 0B       		.uleb128 0xb
 1059 002b 0B       		.uleb128 0xb
 1060 002c 3E       		.uleb128 0x3e
 1061 002d 0B       		.uleb128 0xb
 1062 002e 03       		.uleb128 0x3
 1063 002f 08       		.uleb128 0x8
 1064 0030 00       		.byte	0
 1065 0031 00       		.byte	0
 1066 0032 05       		.uleb128 0x5
 1067 0033 01       		.uleb128 0x1
 1068 0034 01       		.byte	0x1
 1069 0035 49       		.uleb128 0x49
 1070 0036 13       		.uleb128 0x13
 1071 0037 01       		.uleb128 0x1
 1072 0038 13       		.uleb128 0x13
 1073 0039 00       		.byte	0
 1074 003a 00       		.byte	0
 1075 003b 06       		.uleb128 0x6
 1076 003c 21       		.uleb128 0x21
 1077 003d 00       		.byte	0
 1078 003e 49       		.uleb128 0x49
 1079 003f 13       		.uleb128 0x13
ARM GAS  C:\Users\sdysart\AppData\Local\Temp\ccAIrDqY.s 			page 20


 1080 0040 2F       		.uleb128 0x2f
 1081 0041 05       		.uleb128 0x5
 1082 0042 00       		.byte	0
 1083 0043 00       		.byte	0
 1084 0044 07       		.uleb128 0x7
 1085 0045 26       		.uleb128 0x26
 1086 0046 00       		.byte	0
 1087 0047 49       		.uleb128 0x49
 1088 0048 13       		.uleb128 0x13
 1089 0049 00       		.byte	0
 1090 004a 00       		.byte	0
 1091 004b 08       		.uleb128 0x8
 1092 004c 34       		.uleb128 0x34
 1093 004d 00       		.byte	0
 1094 004e 03       		.uleb128 0x3
 1095 004f 0E       		.uleb128 0xe
 1096 0050 3A       		.uleb128 0x3a
 1097 0051 0B       		.uleb128 0xb
 1098 0052 3B       		.uleb128 0x3b
 1099 0053 0B       		.uleb128 0xb
 1100 0054 49       		.uleb128 0x49
 1101 0055 13       		.uleb128 0x13
 1102 0056 3F       		.uleb128 0x3f
 1103 0057 19       		.uleb128 0x19
 1104 0058 02       		.uleb128 0x2
 1105 0059 18       		.uleb128 0x18
 1106 005a 00       		.byte	0
 1107 005b 00       		.byte	0
 1108 005c 09       		.uleb128 0x9
 1109 005d 21       		.uleb128 0x21
 1110 005e 00       		.byte	0
 1111 005f 49       		.uleb128 0x49
 1112 0060 13       		.uleb128 0x13
 1113 0061 2F       		.uleb128 0x2f
 1114 0062 0B       		.uleb128 0xb
 1115 0063 00       		.byte	0
 1116 0064 00       		.byte	0
 1117 0065 00       		.byte	0
 1118              		.section	.debug_aranges,"",%progbits
 1119 0000 14000000 		.4byte	0x14
 1120 0004 0200     		.2byte	0x2
 1121 0006 00000000 		.4byte	.Ldebug_info0
 1122 000a 04       		.byte	0x4
 1123 000b 00       		.byte	0
 1124 000c 0000     		.2byte	0
 1125 000e 0000     		.2byte	0
 1126 0010 00000000 		.4byte	0
 1127 0014 00000000 		.4byte	0
 1128              		.section	.debug_line,"",%progbits
 1129              	.Ldebug_line0:
 1130 0000 3D010000 		.section	.debug_str,"MS",%progbits,1
 1130      02003701 
 1130      00000201 
 1130      FB0E0D00 
 1130      01010101 
 1131              	.LASF9:
 1132 0000 5F5F7569 		.ascii	"__uint8_t\000"
ARM GAS  C:\Users\sdysart\AppData\Local\Temp\ccAIrDqY.s 			page 21


 1132      6E74385F 
 1132      7400
 1133              	.LASF16:
 1134 000a 63795F6D 		.ascii	"cy_metadata\000"
 1134      65746164 
 1134      61746100 
 1135              	.LASF1:
 1136 0016 756E7369 		.ascii	"unsigned char\000"
 1136      676E6564 
 1136      20636861 
 1136      7200
 1137              	.LASF17:
 1138 0024 474E5520 		.ascii	"GNU C11 5.4.1 20160609 (release) [ARM/embedded-5-br"
 1138      43313120 
 1138      352E342E 
 1138      31203230 
 1138      31363036 
 1139 0057 616E6368 		.ascii	"anch revision 237715] -mcpu=cortex-m3 -mthumb -g -O"
 1139      20726576 
 1139      6973696F 
 1139      6E203233 
 1139      37373135 
 1140 008a 67202D66 		.ascii	"g -ffunction-sections -ffat-lto-objects\000"
 1140      66756E63 
 1140      74696F6E 
 1140      2D736563 
 1140      74696F6E 
 1141              	.LASF5:
 1142 00b2 6C6F6E67 		.ascii	"long unsigned int\000"
 1142      20756E73 
 1142      69676E65 
 1142      6420696E 
 1142      7400
 1143              	.LASF3:
 1144 00c4 73686F72 		.ascii	"short unsigned int\000"
 1144      7420756E 
 1144      7369676E 
 1144      65642069 
 1144      6E7400
 1145              	.LASF13:
 1146 00d7 63795F6D 		.ascii	"cy_meta_custnvl\000"
 1146      6574615F 
 1146      63757374 
 1146      6E766C00 
 1147              	.LASF19:
 1148 00e7 433A5C55 		.ascii	"C:\\Users\\sdysart\\Documents\\UACS\\UACS\\HighFreq"
 1148      73657273 
 1148      5C736479 
 1148      73617274 
 1148      5C446F63 
 1149 0114 46534B5C 		.ascii	"FSK\\UART_Full_Duplex.cydsn\000"
 1149      55415254 
 1149      5F46756C 
 1149      6C5F4475 
 1149      706C6578 
 1150              	.LASF12:
 1151 012f 63795F6D 		.ascii	"cy_meta_configecc\000"
ARM GAS  C:\Users\sdysart\AppData\Local\Temp\ccAIrDqY.s 			page 22


 1151      6574615F 
 1151      636F6E66 
 1151      69676563 
 1151      6300
 1152              	.LASF8:
 1153 0141 756E7369 		.ascii	"unsigned int\000"
 1153      676E6564 
 1153      20696E74 
 1153      00
 1154              	.LASF7:
 1155 014e 6C6F6E67 		.ascii	"long long unsigned int\000"
 1155      206C6F6E 
 1155      6720756E 
 1155      7369676E 
 1155      65642069 
 1156              	.LASF10:
 1157 0165 75696E74 		.ascii	"uint8_t\000"
 1157      385F7400 
 1158              	.LASF15:
 1159 016d 63795F6D 		.ascii	"cy_meta_flashprotect\000"
 1159      6574615F 
 1159      666C6173 
 1159      6870726F 
 1159      74656374 
 1160              	.LASF14:
 1161 0182 63795F6D 		.ascii	"cy_meta_wonvl\000"
 1161      6574615F 
 1161      776F6E76 
 1161      6C00
 1162              	.LASF11:
 1163 0190 73697A65 		.ascii	"sizetype\000"
 1163      74797065 
 1163      00
 1164              	.LASF6:
 1165 0199 6C6F6E67 		.ascii	"long long int\000"
 1165      206C6F6E 
 1165      6720696E 
 1165      7400
 1166              	.LASF2:
 1167 01a7 73686F72 		.ascii	"short int\000"
 1167      7420696E 
 1167      7400
 1168              	.LASF4:
 1169 01b1 6C6F6E67 		.ascii	"long int\000"
 1169      20696E74 
 1169      00
 1170              	.LASF0:
 1171 01ba 7369676E 		.ascii	"signed char\000"
 1171      65642063 
 1171      68617200 
 1172              	.LASF18:
 1173 01c6 47656E65 		.ascii	"Generated_Source\\PSoC5\\cymetadata.c\000"
 1173      72617465 
 1173      645F536F 
 1173      75726365 
 1173      5C50536F 
 1174              		.ident	"GCC: (GNU Tools for ARM Embedded Processors) 5.4.1 20160609 (release) [ARM/embedded-5-bran
ARM GAS  C:\Users\sdysart\AppData\Local\Temp\ccAIrDqY.s 			page 23


