ARM GAS  C:\Users\sdysart\AppData\Local\Temp\ccn1Numh.s 			page 1


   1              		.syntax unified
   2              		.cpu cortex-m3
   3              		.fpu softvfp
   4              		.eabi_attribute 20, 1
   5              		.eabi_attribute 21, 1
   6              		.eabi_attribute 23, 3
   7              		.eabi_attribute 24, 1
   8              		.eabi_attribute 25, 1
   9              		.eabi_attribute 26, 1
  10              		.eabi_attribute 30, 1
  11              		.eabi_attribute 34, 1
  12              		.eabi_attribute 18, 4
  13              		.thumb
  14              		.syntax unified
  15              		.file	"main.c"
  16              		.text
  17              	.Ltext0:
  18              		.cfi_sections	.debug_frame
  19              		.syntax unified
  20              		.global _printf_float
  21              		.thumb
  22              		.syntax unified
  23              		.section	.text.RxIsr,"ax",%progbits
  24              		.align	2
  25              		.global	RxIsr
  26              		.thumb
  27              		.thumb_func
  28              		.type	RxIsr, %function
  29              	RxIsr:
  30              	.LFB64:
  31              		.file 1 "main.c"
   1:main.c        **** /*****************************************************************************
   2:main.c        **** * File Name: main.c
   3:main.c        **** *
   4:main.c        **** * Version: 1.10
   5:main.c        **** *
   6:main.c        **** * Description: 
   7:main.c        **** *  This code example project demonstrates how to communicate between 
   8:main.c        **** *  the PC and UART component in Full duplex mode. The UART has receiver(RX) and 
   9:main.c        **** *  transmitter(TX) part. The data received by RX is looped back to the TX.
  10:main.c        **** *
  11:main.c        **** * Related Document: 
  12:main.c        **** * CE210741_UART_Full_Duplex_and_printf_Support_with_PSoC_3_4_5LP.pdf
  13:main.c        **** *
  14:main.c        **** * Hardware Dependency: See 
  15:main.c        **** * CE210741_UART_Full_Duplex_and_printf_Support_with_PSoC_3_4_5LP.pdf
  16:main.c        **** *
  17:main.c        **** *******************************************************************************
  18:main.c        **** * Copyright (2017), Cypress Semiconductor Corporation. All rights reserved.
  19:main.c        **** *******************************************************************************
  20:main.c        **** * This software, including source code, documentation and related materials
  21:main.c        **** * (“Software”), is owned by Cypress Semiconductor Corporation or one of its
  22:main.c        **** * subsidiaries (“Cypress”) and is protected by and subject to worldwide patent
  23:main.c        **** * protection (United States and foreign), United States copyright laws and
  24:main.c        **** * international treaty provisions. Therefore, you may use this Software only
  25:main.c        **** * as provided in the license agreement accompanying the software package from
  26:main.c        **** * which you obtained this Software (“EULA”).
ARM GAS  C:\Users\sdysart\AppData\Local\Temp\ccn1Numh.s 			page 2


  27:main.c        **** *
  28:main.c        **** * If no EULA applies, Cypress hereby grants you a personal, non-exclusive,
  29:main.c        **** * non-transferable license to copy, modify, and compile the Software source
  30:main.c        **** * code solely for use in connection with Cypress’s integrated circuit products.
  31:main.c        **** * Any reproduction, modification, translation, compilation, or representation
  32:main.c        **** * of this Software except as specified above is prohibited without the express
  33:main.c        **** * written permission of Cypress.
  34:main.c        **** *
  35:main.c        **** * Disclaimer: THIS SOFTWARE IS PROVIDED AS-IS, WITH NO WARRANTY OF ANY KIND, 
  36:main.c        **** * EXPRESS OR IMPLIED, INCLUDING, BUT NOT LIMITED TO, NONINFRINGEMENT, IMPLIED 
  37:main.c        **** * WARRANTIES OF MERCHANTABILITY AND FITNESS FOR A PARTICULAR PURPOSE. Cypress 
  38:main.c        **** * reserves the right to make changes to the Software without notice. Cypress 
  39:main.c        **** * does not assume any liability arising out of the application or use of the 
  40:main.c        **** * Software or any product or circuit described in the Software. Cypress does 
  41:main.c        **** * not authorize its products for use in any products where a malfunction or 
  42:main.c        **** * failure of the Cypress product may reasonably be expected to result in 
  43:main.c        **** * significant property damage, injury or death (“High Risk Product”). By 
  44:main.c        **** * including Cypress’s product in a High Risk Product, the manufacturer of such 
  45:main.c        **** * system or application assumes all risk of such use and in doing so agrees to 
  46:main.c        **** * indemnify Cypress against all liability. 
  47:main.c        **** *******************************************************************************/
  48:main.c        **** 
  49:main.c        **** #include <project.h>
  50:main.c        **** #include <stdio.h>
  51:main.c        **** #include "common.h"
  52:main.c        **** #include "stdlib.h"
  53:main.c        **** 
  54:main.c        **** #define LINE_STR_LENGTH     (20u)
  55:main.c        **** 
  56:main.c        **** 
  57:main.c        **** /* Add an explicit reference to the floating point printf library to allow
  58:main.c        **** the usage of floating point conversion specifier */
  59:main.c        **** #if defined (__GNUC__)
  60:main.c        ****     asm (".global _printf_float");
  61:main.c        **** #endif
  62:main.c        **** 
  63:main.c        **** uint8 errorStatus = 0u;
  64:main.c        **** char8 data[LINE_STR_LENGTH];
  65:main.c        **** 
  66:main.c        **** 
  67:main.c        **** /*******************************************************************************
  68:main.c        **** * Function Name: RxIsr
  69:main.c        **** ********************************************************************************
  70:main.c        **** *
  71:main.c        **** * Summary:
  72:main.c        **** *  Interrupt Service Routine for RX portion of the UART
  73:main.c        **** *
  74:main.c        **** * Parameters:
  75:main.c        **** *  None.
  76:main.c        **** *
  77:main.c        **** * Return:
  78:main.c        **** *  None.
  79:main.c        **** *
  80:main.c        **** *******************************************************************************/
  81:main.c        **** CY_ISR(RxIsr)
  82:main.c        **** {
  32              		.loc 1 82 0
ARM GAS  C:\Users\sdysart\AppData\Local\Temp\ccn1Numh.s 			page 3


  33              		.cfi_startproc
  34              		@ args = 0, pretend = 0, frame = 0
  35              		@ frame_needed = 0, uses_anonymous_args = 0
  36 0000 70B5     		push	{r4, r5, r6, lr}
  37              		.cfi_def_cfa_offset 16
  38              		.cfi_offset 4, -16
  39              		.cfi_offset 5, -12
  40              		.cfi_offset 6, -8
  41              		.cfi_offset 14, -4
  42              	.L4:
  83:main.c        ****     uint8 rxStatus;         
  84:main.c        ****     uint8 rxData;           
  85:main.c        ****     
  86:main.c        ****     do
  87:main.c        ****     {
  88:main.c        ****         /* Read receiver status register */
  89:main.c        ****         rxStatus = UART_RXSTATUS_REG;
  43              		.loc 1 89 0
  44 0002 184B     		ldr	r3, .L6
  45 0004 1B78     		ldrb	r3, [r3]	@ zero_extendqisi2
  46 0006 DBB2     		uxtb	r3, r3
  47              	.LVL0:
  90:main.c        **** 
  91:main.c        ****         if((rxStatus & (UART_RX_STS_BREAK      | UART_RX_STS_PAR_ERROR |
  48              		.loc 1 91 0
  49 0008 13F01E0F 		tst	r3, #30
  50 000c 05D0     		beq	.L2
  92:main.c        ****                         UART_RX_STS_STOP_ERROR | UART_RX_STS_OVERRUN)) != 0u)
  93:main.c        ****         {
  94:main.c        ****             /* ERROR handling. */
  95:main.c        ****             errorStatus |= rxStatus & ( UART_RX_STS_BREAK      | UART_RX_STS_PAR_ERROR | 
  51              		.loc 1 95 0
  52 000e 1648     		ldr	r0, .L6+4
  53 0010 03F01E02 		and	r2, r3, #30
  54 0014 0178     		ldrb	r1, [r0]	@ zero_extendqisi2
  55 0016 0A43     		orrs	r2, r2, r1
  56 0018 0270     		strb	r2, [r0]
  57              	.L2:
  58 001a 03F02003 		and	r3, r3, #32
  59              	.LVL1:
  96:main.c        ****                                         UART_RX_STS_STOP_ERROR | UART_RX_STS_OVERRUN);
  97:main.c        ****         }
  98:main.c        ****         
  99:main.c        ****         if((rxStatus & UART_RX_STS_FIFO_NOTEMPTY) != 0u)
  60              		.loc 1 99 0
  61 001e 03F0FF04 		and	r4, r3, #255
  62 0022 DBB1     		cbz	r3, .L3
 100:main.c        ****         {
 101:main.c        ****             /* Read data from the RX data register */
 102:main.c        ****             rxData = UART_RXDATA_REG;
  63              		.loc 1 102 0
  64 0024 114B     		ldr	r3, .L6+8
  65 0026 1A78     		ldrb	r2, [r3]	@ zero_extendqisi2
  66 0028 D5B2     		uxtb	r5, r2
  67              	.LVL2:
 103:main.c        ****             if(errorStatus == 0u)
  68              		.loc 1 103 0
ARM GAS  C:\Users\sdysart\AppData\Local\Temp\ccn1Numh.s 			page 4


  69 002a 0F4B     		ldr	r3, .L6+4
  70 002c 1B78     		ldrb	r3, [r3]	@ zero_extendqisi2
  71 002e ABB9     		cbnz	r3, .L3
 104:main.c        ****             {
 105:main.c        ****                 /* Send data backward */
 106:main.c        ****                 UART_TXDATA_REG = rxData;
  72              		.loc 1 106 0
  73 0030 0F4B     		ldr	r3, .L6+12
  74 0032 1D70     		strb	r5, [r3]
 107:main.c        ****                 /* Clear LCD line. */
 108:main.c        ****                 LCD_Position(0u, 0u);
  75              		.loc 1 108 0
  76 0034 0021     		movs	r1, #0
  77 0036 0846     		mov	r0, r1
  78 0038 FFF7FEFF 		bl	LCD_Position
  79              	.LVL3:
 109:main.c        ****                 sprintf(data,"Crabs: %d", rxData);
  80              		.loc 1 109 0
  81 003c 0D4E     		ldr	r6, .L6+16
  82 003e 2A46     		mov	r2, r5
  83 0040 0D49     		ldr	r1, .L6+20
  84 0042 3046     		mov	r0, r6
  85 0044 FFF7FEFF 		bl	sprintf
  86              	.LVL4:
 110:main.c        ****                 LCD_PrintString("             ");
  87              		.loc 1 110 0
  88 0048 0C48     		ldr	r0, .L6+24
  89 004a FFF7FEFF 		bl	LCD_PrintString
  90              	.LVL5:
 111:main.c        **** 
 112:main.c        ****                 /* Output string on LCD. */
 113:main.c        ****                 LCD_Position(0u, 0u);
  91              		.loc 1 113 0
  92 004e 0021     		movs	r1, #0
  93 0050 0846     		mov	r0, r1
  94 0052 FFF7FEFF 		bl	LCD_Position
  95              	.LVL6:
 114:main.c        ****                 LCD_PrintString(data);
  96              		.loc 1 114 0
  97 0056 3046     		mov	r0, r6
  98 0058 FFF7FEFF 		bl	LCD_PrintString
  99              	.LVL7:
 100              	.L3:
 115:main.c        ****             }
 116:main.c        ****         }
 117:main.c        ****     }while((rxStatus & UART_RX_STS_FIFO_NOTEMPTY) != 0u);
 101              		.loc 1 117 0
 102 005c 002C     		cmp	r4, #0
 103 005e D0D1     		bne	.L4
 118:main.c        **** 
 119:main.c        **** }
 104              		.loc 1 119 0
 105 0060 70BD     		pop	{r4, r5, r6, pc}
 106              	.L7:
 107 0062 00BF     		.align	2
 108              	.L6:
 109 0064 69650040 		.word	1073767785
ARM GAS  C:\Users\sdysart\AppData\Local\Temp\ccn1Numh.s 			page 5


 110 0068 00000000 		.word	.LANCHOR0
 111 006c 48650040 		.word	1073767752
 112 0070 4B650040 		.word	1073767755
 113 0074 00000000 		.word	data
 114 0078 00000000 		.word	.LC0
 115 007c 0C000000 		.word	.LC1
 116              		.cfi_endproc
 117              	.LFE64:
 118              		.size	RxIsr, .-RxIsr
 119              		.section	.text.main,"ax",%progbits
 120              		.align	2
 121              		.global	main
 122              		.thumb
 123              		.thumb_func
 124              		.type	main, %function
 125              	main:
 126              	.LFB65:
 120:main.c        ****     
 121:main.c        **** 
 122:main.c        **** /*******************************************************************************
 123:main.c        **** * Function Name: main()
 124:main.c        **** ********************************************************************************
 125:main.c        **** * Summary:
 126:main.c        **** *  Main function for the project.
 127:main.c        **** *
 128:main.c        **** * Theory:
 129:main.c        **** *  The function starts UART and interrupt components.
 130:main.c        **** *
 131:main.c        **** *******************************************************************************/
 132:main.c        **** int main()
 133:main.c        **** {
 127              		.loc 1 133 0
 128              		.cfi_startproc
 129              		@ args = 0, pretend = 0, frame = 0
 130              		@ frame_needed = 0, uses_anonymous_args = 0
 131 0000 08B5     		push	{r3, lr}
 132              		.cfi_def_cfa_offset 8
 133              		.cfi_offset 3, -8
 134              		.cfi_offset 14, -4
 135              	.LVL8:
 134:main.c        ****     uint8 button = 0u;
 135:main.c        ****     uint8 buttonPre = 0u;
 136:main.c        ****     
 137:main.c        **** 
 138:main.c        ****     UART_Start();           /* Start communication component */
 136              		.loc 1 138 0
 137 0002 FFF7FEFF 		bl	UART_Start
 138              	.LVL9:
 139:main.c        ****     UART_PutString("UART Full Duplex and printf() support Code Example Project \r\n");
 139              		.loc 1 139 0
 140 0006 0F48     		ldr	r0, .L12
 141 0008 FFF7FEFF 		bl	UART_PutString
 142              	.LVL10:
 140:main.c        **** 
 141:main.c        **** #if(INTERRUPT_CODE_ENABLED == ENABLED)
 142:main.c        ****     isr_rx_StartEx(RxIsr);
 143              		.loc 1 142 0
ARM GAS  C:\Users\sdysart\AppData\Local\Temp\ccn1Numh.s 			page 6


 144 000c 0E48     		ldr	r0, .L12+4
 145 000e FFF7FEFF 		bl	isr_rx_StartEx
 146              	.LVL11:
 143:main.c        **** #endif /* INTERRUPT_CODE_ENABLED == ENABLED */
 144:main.c        ****     
 145:main.c        ****     CyGlobalIntEnable;      /* Enable global interrupts. */
 147              		.loc 1 145 0
 148              		.syntax unified
 149              	@ 145 "main.c" 1
 150 0012 62B6     		CPSIE   i
 151              	@ 0 "" 2
 146:main.c        ****     /*Block initializations*/
 147:main.c        ****     LCD_Start();
 152              		.loc 1 147 0
 153              		.thumb
 154              		.syntax unified
 155 0014 FFF7FEFF 		bl	LCD_Start
 156              	.LVL12:
 148:main.c        ****     
 149:main.c        ****     /* Clear LCD line. */
 150:main.c        ****     LCD_Position(0u, 0u);
 157              		.loc 1 150 0
 158 0018 0021     		movs	r1, #0
 159 001a 0846     		mov	r0, r1
 160 001c FFF7FEFF 		bl	LCD_Position
 161              	.LVL13:
 151:main.c        ****     LCD_PrintString("                    ");
 162              		.loc 1 151 0
 163 0020 0A48     		ldr	r0, .L12+8
 164 0022 FFF7FEFF 		bl	LCD_PrintString
 165              	.LVL14:
 152:main.c        **** 
 153:main.c        ****     /* Output string on LCD. */
 154:main.c        ****     LCD_Position(0u, 0u);
 166              		.loc 1 154 0
 167 0026 0021     		movs	r1, #0
 168 0028 0846     		mov	r0, r1
 169 002a FFF7FEFF 		bl	LCD_Position
 170              	.LVL15:
 155:main.c        ****     LCD_PrintString("Hello");
 171              		.loc 1 155 0
 172 002e 0848     		ldr	r0, .L12+12
 173 0030 FFF7FEFF 		bl	LCD_PrintString
 174              	.LVL16:
 175              	.L9:
 156:main.c        **** 
 157:main.c        ****     
 158:main.c        **** 
 159:main.c        ****     for(;;)
 160:main.c        ****     {
 161:main.c        ****         if(errorStatus != 0u)
 176              		.loc 1 161 0
 177 0034 074B     		ldr	r3, .L12+16
 178 0036 1B78     		ldrb	r3, [r3]	@ zero_extendqisi2
 179 0038 002B     		cmp	r3, #0
 180 003a FBD0     		beq	.L9
 162:main.c        ****         {
ARM GAS  C:\Users\sdysart\AppData\Local\Temp\ccn1Numh.s 			page 7


 163:main.c        ****             /* Clear error status */
 164:main.c        ****             errorStatus = 0u;
 181              		.loc 1 164 0
 182 003c 0022     		movs	r2, #0
 183 003e 054B     		ldr	r3, .L12+16
 184 0040 1A70     		strb	r2, [r3]
 185 0042 F7E7     		b	.L9
 186              	.L13:
 187              		.align	2
 188              	.L12:
 189 0044 1C000000 		.word	.LC2
 190 0048 00000000 		.word	RxIsr
 191 004c 5C000000 		.word	.LC3
 192 0050 74000000 		.word	.LC4
 193 0054 00000000 		.word	.LANCHOR0
 194              		.cfi_endproc
 195              	.LFE65:
 196              		.size	main, .-main
 197              		.comm	data,20,4
 198              		.global	errorStatus
 199              		.section	.rodata.str1.4,"aMS",%progbits,1
 200              		.align	2
 201              	.LC0:
 202 0000 43726162 		.ascii	"Crabs: %d\000"
 202      733A2025 
 202      6400
 203 000a 0000     		.space	2
 204              	.LC1:
 205 000c 20202020 		.ascii	"             \000"
 205      20202020 
 205      20202020 
 205      2000
 206 001a 0000     		.space	2
 207              	.LC2:
 208 001c 55415254 		.ascii	"UART Full Duplex and printf() support Code Example "
 208      2046756C 
 208      6C204475 
 208      706C6578 
 208      20616E64 
 209 004f 50726F6A 		.ascii	"Project \015\012\000"
 209      65637420 
 209      0D0A00
 210 005a 0000     		.space	2
 211              	.LC3:
 212 005c 20202020 		.ascii	"                    \000"
 212      20202020 
 212      20202020 
 212      20202020 
 212      20202020 
 213 0071 000000   		.space	3
 214              	.LC4:
 215 0074 48656C6C 		.ascii	"Hello\000"
 215      6F00
 216              		.bss
 217              		.set	.LANCHOR0,. + 0
 218              		.type	errorStatus, %object
 219              		.size	errorStatus, 1
ARM GAS  C:\Users\sdysart\AppData\Local\Temp\ccn1Numh.s 			page 8


 220              	errorStatus:
 221 0000 00       		.space	1
 222              		.text
 223              	.Letext0:
 224              		.file 2 "c:\\program files (x86)\\cypress\\psoc creator\\4.1\\psoc creator\\import\\gnu\\arm\\5.4.
 225              		.file 3 "c:\\program files (x86)\\cypress\\psoc creator\\4.1\\psoc creator\\import\\gnu\\arm\\5.4.
 226              		.file 4 "Generated_Source\\PSoC5/cytypes.h"
 227              		.file 5 "Generated_Source\\PSoC5/core_cm3.h"
 228              		.file 6 "Generated_Source\\PSoC5/LCD.h"
 229              		.file 7 "c:\\program files (x86)\\cypress\\psoc creator\\4.1\\psoc creator\\import\\gnu\\arm\\5.4.
 230              		.file 8 "Generated_Source\\PSoC5/UART.h"
 231              		.file 9 "Generated_Source\\PSoC5/isr_rx.h"
 232              		.section	.debug_info,"",%progbits
 233              	.Ldebug_info0:
 234 0000 D4020000 		.4byte	0x2d4
 235 0004 0400     		.2byte	0x4
 236 0006 00000000 		.4byte	.Ldebug_abbrev0
 237 000a 04       		.byte	0x4
 238 000b 01       		.uleb128 0x1
 239 000c 33000000 		.4byte	.LASF33
 240 0010 0C       		.byte	0xc
 241 0011 E5010000 		.4byte	.LASF34
 242 0015 78010000 		.4byte	.LASF35
 243 0019 00000000 		.4byte	.Ldebug_ranges0+0
 244 001d 00000000 		.4byte	0
 245 0021 00000000 		.4byte	.Ldebug_line0
 246 0025 02       		.uleb128 0x2
 247 0026 01       		.byte	0x1
 248 0027 06       		.byte	0x6
 249 0028 1D020000 		.4byte	.LASF0
 250 002c 02       		.uleb128 0x2
 251 002d 01       		.byte	0x1
 252 002e 08       		.byte	0x8
 253 002f 25000000 		.4byte	.LASF1
 254 0033 02       		.uleb128 0x2
 255 0034 02       		.byte	0x2
 256 0035 05       		.byte	0x5
 257 0036 F1010000 		.4byte	.LASF2
 258 003a 02       		.uleb128 0x2
 259 003b 02       		.byte	0x2
 260 003c 07       		.byte	0x7
 261 003d D8000000 		.4byte	.LASF3
 262 0041 03       		.uleb128 0x3
 263 0042 0A000000 		.4byte	.LASF9
 264 0046 02       		.byte	0x2
 265 0047 3F       		.byte	0x3f
 266 0048 4C000000 		.4byte	0x4c
 267 004c 02       		.uleb128 0x2
 268 004d 04       		.byte	0x4
 269 004e 05       		.byte	0x5
 270 004f 01020000 		.4byte	.LASF4
 271 0053 02       		.uleb128 0x2
 272 0054 04       		.byte	0x4
 273 0055 07       		.byte	0x7
 274 0056 C6000000 		.4byte	.LASF5
 275 005a 02       		.uleb128 0x2
 276 005b 08       		.byte	0x8
ARM GAS  C:\Users\sdysart\AppData\Local\Temp\ccn1Numh.s 			page 9


 277 005c 05       		.byte	0x5
 278 005d D7010000 		.4byte	.LASF6
 279 0061 02       		.uleb128 0x2
 280 0062 08       		.byte	0x8
 281 0063 07       		.byte	0x7
 282 0064 57010000 		.4byte	.LASF7
 283 0068 04       		.uleb128 0x4
 284 0069 04       		.byte	0x4
 285 006a 05       		.byte	0x5
 286 006b 696E7400 		.ascii	"int\000"
 287 006f 02       		.uleb128 0x2
 288 0070 04       		.byte	0x4
 289 0071 07       		.byte	0x7
 290 0072 4A010000 		.4byte	.LASF8
 291 0076 03       		.uleb128 0x3
 292 0077 C0010000 		.4byte	.LASF10
 293 007b 03       		.byte	0x3
 294 007c 2C       		.byte	0x2c
 295 007d 41000000 		.4byte	0x41
 296 0081 05       		.uleb128 0x5
 297 0082 FB010000 		.4byte	.LASF11
 298 0086 04       		.byte	0x4
 299 0087 9201     		.2byte	0x192
 300 0089 2C000000 		.4byte	0x2c
 301 008d 02       		.uleb128 0x2
 302 008e 04       		.byte	0x4
 303 008f 04       		.byte	0x4
 304 0090 1A000000 		.4byte	.LASF12
 305 0094 02       		.uleb128 0x2
 306 0095 08       		.byte	0x8
 307 0096 04       		.byte	0x4
 308 0097 FD000000 		.4byte	.LASF13
 309 009b 05       		.uleb128 0x5
 310 009c D1010000 		.4byte	.LASF14
 311 00a0 04       		.byte	0x4
 312 00a1 A301     		.2byte	0x1a3
 313 00a3 A7000000 		.4byte	0xa7
 314 00a7 02       		.uleb128 0x2
 315 00a8 01       		.byte	0x1
 316 00a9 08       		.byte	0x8
 317 00aa EC010000 		.4byte	.LASF15
 318 00ae 05       		.uleb128 0x5
 319 00af C1000000 		.4byte	.LASF16
 320 00b3 04       		.byte	0x4
 321 00b4 3C02     		.2byte	0x23c
 322 00b6 BA000000 		.4byte	0xba
 323 00ba 06       		.uleb128 0x6
 324 00bb 81000000 		.4byte	0x81
 325 00bf 02       		.uleb128 0x2
 326 00c0 08       		.byte	0x8
 327 00c1 04       		.byte	0x4
 328 00c2 11020000 		.4byte	.LASF17
 329 00c6 02       		.uleb128 0x2
 330 00c7 04       		.byte	0x4
 331 00c8 07       		.byte	0x7
 332 00c9 C8010000 		.4byte	.LASF18
 333 00cd 07       		.uleb128 0x7
ARM GAS  C:\Users\sdysart\AppData\Local\Temp\ccn1Numh.s 			page 10


 334 00ce 14000000 		.4byte	.LASF36
 335 00d2 01       		.byte	0x1
 336 00d3 51       		.byte	0x51
 337 00d4 00000000 		.4byte	.LFB64
 338 00d8 80000000 		.4byte	.LFE64-.LFB64
 339 00dc 01       		.uleb128 0x1
 340 00dd 9C       		.byte	0x9c
 341 00de 7B010000 		.4byte	0x17b
 342 00e2 08       		.uleb128 0x8
 343 00e3 04010000 		.4byte	.LASF19
 344 00e7 01       		.byte	0x1
 345 00e8 53       		.byte	0x53
 346 00e9 81000000 		.4byte	0x81
 347 00ed 00000000 		.4byte	.LLST0
 348 00f1 08       		.uleb128 0x8
 349 00f2 F6000000 		.4byte	.LASF20
 350 00f6 01       		.byte	0x1
 351 00f7 54       		.byte	0x54
 352 00f8 81000000 		.4byte	0x81
 353 00fc 13000000 		.4byte	.LLST1
 354 0100 09       		.uleb128 0x9
 355 0101 3C000000 		.4byte	.LVL3
 356 0105 8A020000 		.4byte	0x28a
 357 0109 18010000 		.4byte	0x118
 358 010d 0A       		.uleb128 0xa
 359 010e 01       		.uleb128 0x1
 360 010f 50       		.byte	0x50
 361 0110 01       		.uleb128 0x1
 362 0111 30       		.byte	0x30
 363 0112 0A       		.uleb128 0xa
 364 0113 01       		.uleb128 0x1
 365 0114 51       		.byte	0x51
 366 0115 01       		.uleb128 0x1
 367 0116 30       		.byte	0x30
 368 0117 00       		.byte	0
 369 0118 09       		.uleb128 0x9
 370 0119 48000000 		.4byte	.LVL4
 371 011d 95020000 		.4byte	0x295
 372 0121 3B010000 		.4byte	0x13b
 373 0125 0A       		.uleb128 0xa
 374 0126 01       		.uleb128 0x1
 375 0127 50       		.byte	0x50
 376 0128 02       		.uleb128 0x2
 377 0129 76       		.byte	0x76
 378 012a 00       		.sleb128 0
 379 012b 0A       		.uleb128 0xa
 380 012c 01       		.uleb128 0x1
 381 012d 51       		.byte	0x51
 382 012e 05       		.uleb128 0x5
 383 012f 03       		.byte	0x3
 384 0130 00000000 		.4byte	.LC0
 385 0134 0A       		.uleb128 0xa
 386 0135 01       		.uleb128 0x1
 387 0136 52       		.byte	0x52
 388 0137 02       		.uleb128 0x2
 389 0138 75       		.byte	0x75
 390 0139 00       		.sleb128 0
ARM GAS  C:\Users\sdysart\AppData\Local\Temp\ccn1Numh.s 			page 11


 391 013a 00       		.byte	0
 392 013b 09       		.uleb128 0x9
 393 013c 4E000000 		.4byte	.LVL5
 394 0140 A0020000 		.4byte	0x2a0
 395 0144 52010000 		.4byte	0x152
 396 0148 0A       		.uleb128 0xa
 397 0149 01       		.uleb128 0x1
 398 014a 50       		.byte	0x50
 399 014b 05       		.uleb128 0x5
 400 014c 03       		.byte	0x3
 401 014d 0C000000 		.4byte	.LC1
 402 0151 00       		.byte	0
 403 0152 09       		.uleb128 0x9
 404 0153 56000000 		.4byte	.LVL6
 405 0157 8A020000 		.4byte	0x28a
 406 015b 6A010000 		.4byte	0x16a
 407 015f 0A       		.uleb128 0xa
 408 0160 01       		.uleb128 0x1
 409 0161 50       		.byte	0x50
 410 0162 01       		.uleb128 0x1
 411 0163 30       		.byte	0x30
 412 0164 0A       		.uleb128 0xa
 413 0165 01       		.uleb128 0x1
 414 0166 51       		.byte	0x51
 415 0167 01       		.uleb128 0x1
 416 0168 30       		.byte	0x30
 417 0169 00       		.byte	0
 418 016a 0B       		.uleb128 0xb
 419 016b 5C000000 		.4byte	.LVL7
 420 016f A0020000 		.4byte	0x2a0
 421 0173 0A       		.uleb128 0xa
 422 0174 01       		.uleb128 0x1
 423 0175 50       		.byte	0x50
 424 0176 02       		.uleb128 0x2
 425 0177 76       		.byte	0x76
 426 0178 00       		.sleb128 0
 427 0179 00       		.byte	0
 428 017a 00       		.byte	0
 429 017b 0C       		.uleb128 0xc
 430 017c 36010000 		.4byte	.LASF37
 431 0180 01       		.byte	0x1
 432 0181 84       		.byte	0x84
 433 0182 68000000 		.4byte	0x68
 434 0186 00000000 		.4byte	.LFB65
 435 018a 58000000 		.4byte	.LFE65-.LFB65
 436 018e 01       		.uleb128 0x1
 437 018f 9C       		.byte	0x9c
 438 0190 47020000 		.4byte	0x247
 439 0194 0D       		.uleb128 0xd
 440 0195 0A020000 		.4byte	.LASF21
 441 0199 01       		.byte	0x1
 442 019a 86       		.byte	0x86
 443 019b 81000000 		.4byte	0x81
 444 019f 00       		.byte	0
 445 01a0 0D       		.uleb128 0xd
 446 01a1 6E010000 		.4byte	.LASF22
 447 01a5 01       		.byte	0x1
ARM GAS  C:\Users\sdysart\AppData\Local\Temp\ccn1Numh.s 			page 12


 448 01a6 87       		.byte	0x87
 449 01a7 81000000 		.4byte	0x81
 450 01ab 00       		.byte	0
 451 01ac 0E       		.uleb128 0xe
 452 01ad 06000000 		.4byte	.LVL9
 453 01b1 AB020000 		.4byte	0x2ab
 454 01b5 09       		.uleb128 0x9
 455 01b6 0C000000 		.4byte	.LVL10
 456 01ba B6020000 		.4byte	0x2b6
 457 01be CC010000 		.4byte	0x1cc
 458 01c2 0A       		.uleb128 0xa
 459 01c3 01       		.uleb128 0x1
 460 01c4 50       		.byte	0x50
 461 01c5 05       		.uleb128 0x5
 462 01c6 03       		.byte	0x3
 463 01c7 1C000000 		.4byte	.LC2
 464 01cb 00       		.byte	0
 465 01cc 09       		.uleb128 0x9
 466 01cd 12000000 		.4byte	.LVL11
 467 01d1 C1020000 		.4byte	0x2c1
 468 01d5 E3010000 		.4byte	0x1e3
 469 01d9 0A       		.uleb128 0xa
 470 01da 01       		.uleb128 0x1
 471 01db 50       		.byte	0x50
 472 01dc 05       		.uleb128 0x5
 473 01dd 03       		.byte	0x3
 474 01de 00000000 		.4byte	RxIsr
 475 01e2 00       		.byte	0
 476 01e3 0E       		.uleb128 0xe
 477 01e4 18000000 		.4byte	.LVL12
 478 01e8 CC020000 		.4byte	0x2cc
 479 01ec 09       		.uleb128 0x9
 480 01ed 20000000 		.4byte	.LVL13
 481 01f1 8A020000 		.4byte	0x28a
 482 01f5 04020000 		.4byte	0x204
 483 01f9 0A       		.uleb128 0xa
 484 01fa 01       		.uleb128 0x1
 485 01fb 50       		.byte	0x50
 486 01fc 01       		.uleb128 0x1
 487 01fd 30       		.byte	0x30
 488 01fe 0A       		.uleb128 0xa
 489 01ff 01       		.uleb128 0x1
 490 0200 51       		.byte	0x51
 491 0201 01       		.uleb128 0x1
 492 0202 30       		.byte	0x30
 493 0203 00       		.byte	0
 494 0204 09       		.uleb128 0x9
 495 0205 26000000 		.4byte	.LVL14
 496 0209 A0020000 		.4byte	0x2a0
 497 020d 1B020000 		.4byte	0x21b
 498 0211 0A       		.uleb128 0xa
 499 0212 01       		.uleb128 0x1
 500 0213 50       		.byte	0x50
 501 0214 05       		.uleb128 0x5
 502 0215 03       		.byte	0x3
 503 0216 5C000000 		.4byte	.LC3
 504 021a 00       		.byte	0
ARM GAS  C:\Users\sdysart\AppData\Local\Temp\ccn1Numh.s 			page 13


 505 021b 09       		.uleb128 0x9
 506 021c 2E000000 		.4byte	.LVL15
 507 0220 8A020000 		.4byte	0x28a
 508 0224 33020000 		.4byte	0x233
 509 0228 0A       		.uleb128 0xa
 510 0229 01       		.uleb128 0x1
 511 022a 50       		.byte	0x50
 512 022b 01       		.uleb128 0x1
 513 022c 30       		.byte	0x30
 514 022d 0A       		.uleb128 0xa
 515 022e 01       		.uleb128 0x1
 516 022f 51       		.byte	0x51
 517 0230 01       		.uleb128 0x1
 518 0231 30       		.byte	0x30
 519 0232 00       		.byte	0
 520 0233 0B       		.uleb128 0xb
 521 0234 34000000 		.4byte	.LVL16
 522 0238 A0020000 		.4byte	0x2a0
 523 023c 0A       		.uleb128 0xa
 524 023d 01       		.uleb128 0x1
 525 023e 50       		.byte	0x50
 526 023f 05       		.uleb128 0x5
 527 0240 03       		.byte	0x3
 528 0241 74000000 		.4byte	.LC4
 529 0245 00       		.byte	0
 530 0246 00       		.byte	0
 531 0247 0F       		.uleb128 0xf
 532 0248 29010000 		.4byte	.LASF23
 533 024c 05       		.byte	0x5
 534 024d 1207     		.2byte	0x712
 535 024f 53020000 		.4byte	0x253
 536 0253 06       		.uleb128 0x6
 537 0254 76000000 		.4byte	0x76
 538 0258 10       		.uleb128 0x10
 539 0259 1D010000 		.4byte	.LASF24
 540 025d 01       		.byte	0x1
 541 025e 3F       		.byte	0x3f
 542 025f 81000000 		.4byte	0x81
 543 0263 05       		.uleb128 0x5
 544 0264 03       		.byte	0x3
 545 0265 00000000 		.4byte	errorStatus
 546 0269 11       		.uleb128 0x11
 547 026a 9B000000 		.4byte	0x9b
 548 026e 79020000 		.4byte	0x279
 549 0272 12       		.uleb128 0x12
 550 0273 C6000000 		.4byte	0xc6
 551 0277 13       		.byte	0x13
 552 0278 00       		.byte	0
 553 0279 10       		.uleb128 0x10
 554 027a 20000000 		.4byte	.LASF25
 555 027e 01       		.byte	0x1
 556 027f 40       		.byte	0x40
 557 0280 69020000 		.4byte	0x269
 558 0284 05       		.uleb128 0x5
 559 0285 03       		.byte	0x3
 560 0286 00000000 		.4byte	data
 561 028a 13       		.uleb128 0x13
ARM GAS  C:\Users\sdysart\AppData\Local\Temp\ccn1Numh.s 			page 14


 562 028b 38020000 		.4byte	.LASF26
 563 028f 38020000 		.4byte	.LASF26
 564 0293 06       		.byte	0x6
 565 0294 3D       		.byte	0x3d
 566 0295 13       		.uleb128 0x13
 567 0296 45020000 		.4byte	.LASF27
 568 029a 45020000 		.4byte	.LASF27
 569 029e 07       		.byte	0x7
 570 029f E7       		.byte	0xe7
 571 02a0 13       		.uleb128 0x13
 572 02a1 0D010000 		.4byte	.LASF28
 573 02a5 0D010000 		.4byte	.LASF28
 574 02a9 06       		.byte	0x6
 575 02aa 3C       		.byte	0x3c
 576 02ab 13       		.uleb128 0x13
 577 02ac EB000000 		.4byte	.LASF29
 578 02b0 EB000000 		.4byte	.LASF29
 579 02b4 08       		.byte	0x8
 580 02b5 54       		.byte	0x54
 581 02b6 13       		.uleb128 0x13
 582 02b7 29020000 		.4byte	.LASF30
 583 02bb 29020000 		.4byte	.LASF30
 584 02bf 08       		.byte	0x8
 585 02c0 8B       		.byte	0x8b
 586 02c1 13       		.uleb128 0x13
 587 02c2 3B010000 		.4byte	.LASF31
 588 02c6 3B010000 		.4byte	.LASF31
 589 02ca 09       		.byte	0x9
 590 02cb 18       		.byte	0x18
 591 02cc 13       		.uleb128 0x13
 592 02cd 00000000 		.4byte	.LASF32
 593 02d1 00000000 		.4byte	.LASF32
 594 02d5 06       		.byte	0x6
 595 02d6 38       		.byte	0x38
 596 02d7 00       		.byte	0
 597              		.section	.debug_abbrev,"",%progbits
 598              	.Ldebug_abbrev0:
 599 0000 01       		.uleb128 0x1
 600 0001 11       		.uleb128 0x11
 601 0002 01       		.byte	0x1
 602 0003 25       		.uleb128 0x25
 603 0004 0E       		.uleb128 0xe
 604 0005 13       		.uleb128 0x13
 605 0006 0B       		.uleb128 0xb
 606 0007 03       		.uleb128 0x3
 607 0008 0E       		.uleb128 0xe
 608 0009 1B       		.uleb128 0x1b
 609 000a 0E       		.uleb128 0xe
 610 000b 55       		.uleb128 0x55
 611 000c 17       		.uleb128 0x17
 612 000d 11       		.uleb128 0x11
 613 000e 01       		.uleb128 0x1
 614 000f 10       		.uleb128 0x10
 615 0010 17       		.uleb128 0x17
 616 0011 00       		.byte	0
 617 0012 00       		.byte	0
 618 0013 02       		.uleb128 0x2
ARM GAS  C:\Users\sdysart\AppData\Local\Temp\ccn1Numh.s 			page 15


 619 0014 24       		.uleb128 0x24
 620 0015 00       		.byte	0
 621 0016 0B       		.uleb128 0xb
 622 0017 0B       		.uleb128 0xb
 623 0018 3E       		.uleb128 0x3e
 624 0019 0B       		.uleb128 0xb
 625 001a 03       		.uleb128 0x3
 626 001b 0E       		.uleb128 0xe
 627 001c 00       		.byte	0
 628 001d 00       		.byte	0
 629 001e 03       		.uleb128 0x3
 630 001f 16       		.uleb128 0x16
 631 0020 00       		.byte	0
 632 0021 03       		.uleb128 0x3
 633 0022 0E       		.uleb128 0xe
 634 0023 3A       		.uleb128 0x3a
 635 0024 0B       		.uleb128 0xb
 636 0025 3B       		.uleb128 0x3b
 637 0026 0B       		.uleb128 0xb
 638 0027 49       		.uleb128 0x49
 639 0028 13       		.uleb128 0x13
 640 0029 00       		.byte	0
 641 002a 00       		.byte	0
 642 002b 04       		.uleb128 0x4
 643 002c 24       		.uleb128 0x24
 644 002d 00       		.byte	0
 645 002e 0B       		.uleb128 0xb
 646 002f 0B       		.uleb128 0xb
 647 0030 3E       		.uleb128 0x3e
 648 0031 0B       		.uleb128 0xb
 649 0032 03       		.uleb128 0x3
 650 0033 08       		.uleb128 0x8
 651 0034 00       		.byte	0
 652 0035 00       		.byte	0
 653 0036 05       		.uleb128 0x5
 654 0037 16       		.uleb128 0x16
 655 0038 00       		.byte	0
 656 0039 03       		.uleb128 0x3
 657 003a 0E       		.uleb128 0xe
 658 003b 3A       		.uleb128 0x3a
 659 003c 0B       		.uleb128 0xb
 660 003d 3B       		.uleb128 0x3b
 661 003e 05       		.uleb128 0x5
 662 003f 49       		.uleb128 0x49
 663 0040 13       		.uleb128 0x13
 664 0041 00       		.byte	0
 665 0042 00       		.byte	0
 666 0043 06       		.uleb128 0x6
 667 0044 35       		.uleb128 0x35
 668 0045 00       		.byte	0
 669 0046 49       		.uleb128 0x49
 670 0047 13       		.uleb128 0x13
 671 0048 00       		.byte	0
 672 0049 00       		.byte	0
 673 004a 07       		.uleb128 0x7
 674 004b 2E       		.uleb128 0x2e
 675 004c 01       		.byte	0x1
ARM GAS  C:\Users\sdysart\AppData\Local\Temp\ccn1Numh.s 			page 16


 676 004d 3F       		.uleb128 0x3f
 677 004e 19       		.uleb128 0x19
 678 004f 03       		.uleb128 0x3
 679 0050 0E       		.uleb128 0xe
 680 0051 3A       		.uleb128 0x3a
 681 0052 0B       		.uleb128 0xb
 682 0053 3B       		.uleb128 0x3b
 683 0054 0B       		.uleb128 0xb
 684 0055 27       		.uleb128 0x27
 685 0056 19       		.uleb128 0x19
 686 0057 11       		.uleb128 0x11
 687 0058 01       		.uleb128 0x1
 688 0059 12       		.uleb128 0x12
 689 005a 06       		.uleb128 0x6
 690 005b 40       		.uleb128 0x40
 691 005c 18       		.uleb128 0x18
 692 005d 9742     		.uleb128 0x2117
 693 005f 19       		.uleb128 0x19
 694 0060 01       		.uleb128 0x1
 695 0061 13       		.uleb128 0x13
 696 0062 00       		.byte	0
 697 0063 00       		.byte	0
 698 0064 08       		.uleb128 0x8
 699 0065 34       		.uleb128 0x34
 700 0066 00       		.byte	0
 701 0067 03       		.uleb128 0x3
 702 0068 0E       		.uleb128 0xe
 703 0069 3A       		.uleb128 0x3a
 704 006a 0B       		.uleb128 0xb
 705 006b 3B       		.uleb128 0x3b
 706 006c 0B       		.uleb128 0xb
 707 006d 49       		.uleb128 0x49
 708 006e 13       		.uleb128 0x13
 709 006f 02       		.uleb128 0x2
 710 0070 17       		.uleb128 0x17
 711 0071 00       		.byte	0
 712 0072 00       		.byte	0
 713 0073 09       		.uleb128 0x9
 714 0074 898201   		.uleb128 0x4109
 715 0077 01       		.byte	0x1
 716 0078 11       		.uleb128 0x11
 717 0079 01       		.uleb128 0x1
 718 007a 31       		.uleb128 0x31
 719 007b 13       		.uleb128 0x13
 720 007c 01       		.uleb128 0x1
 721 007d 13       		.uleb128 0x13
 722 007e 00       		.byte	0
 723 007f 00       		.byte	0
 724 0080 0A       		.uleb128 0xa
 725 0081 8A8201   		.uleb128 0x410a
 726 0084 00       		.byte	0
 727 0085 02       		.uleb128 0x2
 728 0086 18       		.uleb128 0x18
 729 0087 9142     		.uleb128 0x2111
 730 0089 18       		.uleb128 0x18
 731 008a 00       		.byte	0
 732 008b 00       		.byte	0
ARM GAS  C:\Users\sdysart\AppData\Local\Temp\ccn1Numh.s 			page 17


 733 008c 0B       		.uleb128 0xb
 734 008d 898201   		.uleb128 0x4109
 735 0090 01       		.byte	0x1
 736 0091 11       		.uleb128 0x11
 737 0092 01       		.uleb128 0x1
 738 0093 31       		.uleb128 0x31
 739 0094 13       		.uleb128 0x13
 740 0095 00       		.byte	0
 741 0096 00       		.byte	0
 742 0097 0C       		.uleb128 0xc
 743 0098 2E       		.uleb128 0x2e
 744 0099 01       		.byte	0x1
 745 009a 3F       		.uleb128 0x3f
 746 009b 19       		.uleb128 0x19
 747 009c 03       		.uleb128 0x3
 748 009d 0E       		.uleb128 0xe
 749 009e 3A       		.uleb128 0x3a
 750 009f 0B       		.uleb128 0xb
 751 00a0 3B       		.uleb128 0x3b
 752 00a1 0B       		.uleb128 0xb
 753 00a2 49       		.uleb128 0x49
 754 00a3 13       		.uleb128 0x13
 755 00a4 8701     		.uleb128 0x87
 756 00a6 19       		.uleb128 0x19
 757 00a7 11       		.uleb128 0x11
 758 00a8 01       		.uleb128 0x1
 759 00a9 12       		.uleb128 0x12
 760 00aa 06       		.uleb128 0x6
 761 00ab 40       		.uleb128 0x40
 762 00ac 18       		.uleb128 0x18
 763 00ad 9742     		.uleb128 0x2117
 764 00af 19       		.uleb128 0x19
 765 00b0 01       		.uleb128 0x1
 766 00b1 13       		.uleb128 0x13
 767 00b2 00       		.byte	0
 768 00b3 00       		.byte	0
 769 00b4 0D       		.uleb128 0xd
 770 00b5 34       		.uleb128 0x34
 771 00b6 00       		.byte	0
 772 00b7 03       		.uleb128 0x3
 773 00b8 0E       		.uleb128 0xe
 774 00b9 3A       		.uleb128 0x3a
 775 00ba 0B       		.uleb128 0xb
 776 00bb 3B       		.uleb128 0x3b
 777 00bc 0B       		.uleb128 0xb
 778 00bd 49       		.uleb128 0x49
 779 00be 13       		.uleb128 0x13
 780 00bf 1C       		.uleb128 0x1c
 781 00c0 0B       		.uleb128 0xb
 782 00c1 00       		.byte	0
 783 00c2 00       		.byte	0
 784 00c3 0E       		.uleb128 0xe
 785 00c4 898201   		.uleb128 0x4109
 786 00c7 00       		.byte	0
 787 00c8 11       		.uleb128 0x11
 788 00c9 01       		.uleb128 0x1
 789 00ca 31       		.uleb128 0x31
ARM GAS  C:\Users\sdysart\AppData\Local\Temp\ccn1Numh.s 			page 18


 790 00cb 13       		.uleb128 0x13
 791 00cc 00       		.byte	0
 792 00cd 00       		.byte	0
 793 00ce 0F       		.uleb128 0xf
 794 00cf 34       		.uleb128 0x34
 795 00d0 00       		.byte	0
 796 00d1 03       		.uleb128 0x3
 797 00d2 0E       		.uleb128 0xe
 798 00d3 3A       		.uleb128 0x3a
 799 00d4 0B       		.uleb128 0xb
 800 00d5 3B       		.uleb128 0x3b
 801 00d6 05       		.uleb128 0x5
 802 00d7 49       		.uleb128 0x49
 803 00d8 13       		.uleb128 0x13
 804 00d9 3F       		.uleb128 0x3f
 805 00da 19       		.uleb128 0x19
 806 00db 3C       		.uleb128 0x3c
 807 00dc 19       		.uleb128 0x19
 808 00dd 00       		.byte	0
 809 00de 00       		.byte	0
 810 00df 10       		.uleb128 0x10
 811 00e0 34       		.uleb128 0x34
 812 00e1 00       		.byte	0
 813 00e2 03       		.uleb128 0x3
 814 00e3 0E       		.uleb128 0xe
 815 00e4 3A       		.uleb128 0x3a
 816 00e5 0B       		.uleb128 0xb
 817 00e6 3B       		.uleb128 0x3b
 818 00e7 0B       		.uleb128 0xb
 819 00e8 49       		.uleb128 0x49
 820 00e9 13       		.uleb128 0x13
 821 00ea 3F       		.uleb128 0x3f
 822 00eb 19       		.uleb128 0x19
 823 00ec 02       		.uleb128 0x2
 824 00ed 18       		.uleb128 0x18
 825 00ee 00       		.byte	0
 826 00ef 00       		.byte	0
 827 00f0 11       		.uleb128 0x11
 828 00f1 01       		.uleb128 0x1
 829 00f2 01       		.byte	0x1
 830 00f3 49       		.uleb128 0x49
 831 00f4 13       		.uleb128 0x13
 832 00f5 01       		.uleb128 0x1
 833 00f6 13       		.uleb128 0x13
 834 00f7 00       		.byte	0
 835 00f8 00       		.byte	0
 836 00f9 12       		.uleb128 0x12
 837 00fa 21       		.uleb128 0x21
 838 00fb 00       		.byte	0
 839 00fc 49       		.uleb128 0x49
 840 00fd 13       		.uleb128 0x13
 841 00fe 2F       		.uleb128 0x2f
 842 00ff 0B       		.uleb128 0xb
 843 0100 00       		.byte	0
 844 0101 00       		.byte	0
 845 0102 13       		.uleb128 0x13
 846 0103 2E       		.uleb128 0x2e
ARM GAS  C:\Users\sdysart\AppData\Local\Temp\ccn1Numh.s 			page 19


 847 0104 00       		.byte	0
 848 0105 3F       		.uleb128 0x3f
 849 0106 19       		.uleb128 0x19
 850 0107 3C       		.uleb128 0x3c
 851 0108 19       		.uleb128 0x19
 852 0109 6E       		.uleb128 0x6e
 853 010a 0E       		.uleb128 0xe
 854 010b 03       		.uleb128 0x3
 855 010c 0E       		.uleb128 0xe
 856 010d 3A       		.uleb128 0x3a
 857 010e 0B       		.uleb128 0xb
 858 010f 3B       		.uleb128 0x3b
 859 0110 0B       		.uleb128 0xb
 860 0111 00       		.byte	0
 861 0112 00       		.byte	0
 862 0113 00       		.byte	0
 863              		.section	.debug_loc,"",%progbits
 864              	.Ldebug_loc0:
 865              	.LLST0:
 866 0000 08000000 		.4byte	.LVL0
 867 0004 1E000000 		.4byte	.LVL1
 868 0008 0100     		.2byte	0x1
 869 000a 53       		.byte	0x53
 870 000b 00000000 		.4byte	0
 871 000f 00000000 		.4byte	0
 872              	.LLST1:
 873 0013 2A000000 		.4byte	.LVL2
 874 0017 5C000000 		.4byte	.LVL7
 875 001b 0100     		.2byte	0x1
 876 001d 55       		.byte	0x55
 877 001e 00000000 		.4byte	0
 878 0022 00000000 		.4byte	0
 879              		.section	.debug_aranges,"",%progbits
 880 0000 24000000 		.4byte	0x24
 881 0004 0200     		.2byte	0x2
 882 0006 00000000 		.4byte	.Ldebug_info0
 883 000a 04       		.byte	0x4
 884 000b 00       		.byte	0
 885 000c 0000     		.2byte	0
 886 000e 0000     		.2byte	0
 887 0010 00000000 		.4byte	.LFB64
 888 0014 80000000 		.4byte	.LFE64-.LFB64
 889 0018 00000000 		.4byte	.LFB65
 890 001c 58000000 		.4byte	.LFE65-.LFB65
 891 0020 00000000 		.4byte	0
 892 0024 00000000 		.4byte	0
 893              		.section	.debug_ranges,"",%progbits
 894              	.Ldebug_ranges0:
 895 0000 00000000 		.4byte	.LFB64
 896 0004 80000000 		.4byte	.LFE64
 897 0008 00000000 		.4byte	.LFB65
 898 000c 58000000 		.4byte	.LFE65
 899 0010 00000000 		.4byte	0
 900 0014 00000000 		.4byte	0
 901              		.section	.debug_line,"",%progbits
 902              	.Ldebug_line0:
 903 0000 1D020000 		.section	.debug_str,"MS",%progbits,1
ARM GAS  C:\Users\sdysart\AppData\Local\Temp\ccn1Numh.s 			page 20


 903      0200DE01 
 903      00000201 
 903      FB0E0D00 
 903      01010101 
 904              	.LASF32:
 905 0000 4C43445F 		.ascii	"LCD_Start\000"
 905      53746172 
 905      7400
 906              	.LASF9:
 907 000a 5F5F696E 		.ascii	"__int32_t\000"
 907      7433325F 
 907      7400
 908              	.LASF36:
 909 0014 52784973 		.ascii	"RxIsr\000"
 909      7200
 910              	.LASF12:
 911 001a 666C6F61 		.ascii	"float\000"
 911      7400
 912              	.LASF25:
 913 0020 64617461 		.ascii	"data\000"
 913      00
 914              	.LASF1:
 915 0025 756E7369 		.ascii	"unsigned char\000"
 915      676E6564 
 915      20636861 
 915      7200
 916              	.LASF33:
 917 0033 474E5520 		.ascii	"GNU C11 5.4.1 20160609 (release) [ARM/embedded-5-br"
 917      43313120 
 917      352E342E 
 917      31203230 
 917      31363036 
 918 0066 616E6368 		.ascii	"anch revision 237715] -mcpu=cortex-m3 -mthumb -g -O"
 918      20726576 
 918      6973696F 
 918      6E203233 
 918      37373135 
 919 0099 67202D66 		.ascii	"g -ffunction-sections -ffat-lto-objects\000"
 919      66756E63 
 919      74696F6E 
 919      2D736563 
 919      74696F6E 
 920              	.LASF16:
 921 00c1 72656738 		.ascii	"reg8\000"
 921      00
 922              	.LASF5:
 923 00c6 6C6F6E67 		.ascii	"long unsigned int\000"
 923      20756E73 
 923      69676E65 
 923      6420696E 
 923      7400
 924              	.LASF3:
 925 00d8 73686F72 		.ascii	"short unsigned int\000"
 925      7420756E 
 925      7369676E 
 925      65642069 
 925      6E7400
ARM GAS  C:\Users\sdysart\AppData\Local\Temp\ccn1Numh.s 			page 21


 926              	.LASF29:
 927 00eb 55415254 		.ascii	"UART_Start\000"
 927      5F537461 
 927      727400
 928              	.LASF20:
 929 00f6 72784461 		.ascii	"rxData\000"
 929      746100
 930              	.LASF13:
 931 00fd 646F7562 		.ascii	"double\000"
 931      6C6500
 932              	.LASF19:
 933 0104 72785374 		.ascii	"rxStatus\000"
 933      61747573 
 933      00
 934              	.LASF28:
 935 010d 4C43445F 		.ascii	"LCD_PrintString\000"
 935      5072696E 
 935      74537472 
 935      696E6700 
 936              	.LASF24:
 937 011d 6572726F 		.ascii	"errorStatus\000"
 937      72537461 
 937      74757300 
 938              	.LASF23:
 939 0129 49544D5F 		.ascii	"ITM_RxBuffer\000"
 939      52784275 
 939      66666572 
 939      00
 940              	.LASF37:
 941 0136 6D61696E 		.ascii	"main\000"
 941      00
 942              	.LASF31:
 943 013b 6973725F 		.ascii	"isr_rx_StartEx\000"
 943      72785F53 
 943      74617274 
 943      457800
 944              	.LASF8:
 945 014a 756E7369 		.ascii	"unsigned int\000"
 945      676E6564 
 945      20696E74 
 945      00
 946              	.LASF7:
 947 0157 6C6F6E67 		.ascii	"long long unsigned int\000"
 947      206C6F6E 
 947      6720756E 
 947      7369676E 
 947      65642069 
 948              	.LASF22:
 949 016e 62757474 		.ascii	"buttonPre\000"
 949      6F6E5072 
 949      6500
 950              	.LASF35:
 951 0178 433A5C55 		.ascii	"C:\\Users\\sdysart\\Documents\\UACS\\UACS\\HighFreq"
 951      73657273 
 951      5C736479 
 951      73617274 
 951      5C446F63 
ARM GAS  C:\Users\sdysart\AppData\Local\Temp\ccn1Numh.s 			page 22


 952 01a5 46534B5C 		.ascii	"FSK\\UART_Full_Duplex.cydsn\000"
 952      55415254 
 952      5F46756C 
 952      6C5F4475 
 952      706C6578 
 953              	.LASF10:
 954 01c0 696E7433 		.ascii	"int32_t\000"
 954      325F7400 
 955              	.LASF18:
 956 01c8 73697A65 		.ascii	"sizetype\000"
 956      74797065 
 956      00
 957              	.LASF14:
 958 01d1 63686172 		.ascii	"char8\000"
 958      3800
 959              	.LASF6:
 960 01d7 6C6F6E67 		.ascii	"long long int\000"
 960      206C6F6E 
 960      6720696E 
 960      7400
 961              	.LASF34:
 962 01e5 6D61696E 		.ascii	"main.c\000"
 962      2E6300
 963              	.LASF15:
 964 01ec 63686172 		.ascii	"char\000"
 964      00
 965              	.LASF2:
 966 01f1 73686F72 		.ascii	"short int\000"
 966      7420696E 
 966      7400
 967              	.LASF11:
 968 01fb 75696E74 		.ascii	"uint8\000"
 968      3800
 969              	.LASF4:
 970 0201 6C6F6E67 		.ascii	"long int\000"
 970      20696E74 
 970      00
 971              	.LASF21:
 972 020a 62757474 		.ascii	"button\000"
 972      6F6E00
 973              	.LASF17:
 974 0211 6C6F6E67 		.ascii	"long double\000"
 974      20646F75 
 974      626C6500 
 975              	.LASF0:
 976 021d 7369676E 		.ascii	"signed char\000"
 976      65642063 
 976      68617200 
 977              	.LASF30:
 978 0229 55415254 		.ascii	"UART_PutString\000"
 978      5F507574 
 978      53747269 
 978      6E6700
 979              	.LASF26:
 980 0238 4C43445F 		.ascii	"LCD_Position\000"
 980      506F7369 
 980      74696F6E 
ARM GAS  C:\Users\sdysart\AppData\Local\Temp\ccn1Numh.s 			page 23


 980      00
 981              	.LASF27:
 982 0245 73707269 		.ascii	"sprintf\000"
 982      6E746600 
 983              		.ident	"GCC: (GNU Tools for ARM Embedded Processors) 5.4.1 20160609 (release) [ARM/embedded-5-bran
