ARM GAS  C:\Users\sdysart\AppData\Local\Temp\cceWgD5S.s 			page 1


   1              		.syntax unified
   2              		.cpu cortex-m3
   3              		.fpu softvfp
   4              		.eabi_attribute 20, 1
   5              		.eabi_attribute 21, 1
   6              		.eabi_attribute 23, 3
   7              		.eabi_attribute 24, 1
   8              		.eabi_attribute 25, 1
   9              		.eabi_attribute 26, 1
  10              		.eabi_attribute 30, 1
  11              		.eabi_attribute 34, 1
  12              		.eabi_attribute 18, 4
  13              		.thumb
  14              		.syntax unified
  15              		.file	"cymetadata.c"
  16              		.text
  17              	.Ltext0:
  18              		.cfi_sections	.debug_frame
  19              		.global	cy_metadata
  20              		.global	cy_meta_flashprotect
  21              		.global	cy_meta_wonvl
  22              		.global	cy_meta_custnvl
  23              		.global	cy_meta_configecc
  24              		.section	.cyconfigecc,"a",%progbits
  25              		.align	2
  26              		.type	cy_meta_configecc, %object
  27              		.size	cy_meta_configecc, 516
  28              	cy_meta_configecc:
  29 0000 02       		.byte	2
  30 0001 52       		.byte	82
  31 0002 00       		.byte	0
  32 0003 40       		.byte	64
  33 0004 02       		.byte	2
  34 0005 64       		.byte	100
  35 0006 00       		.byte	0
  36 0007 40       		.byte	64
  37 0008 02       		.byte	2
  38 0009 01       		.byte	1
  39 000a 01       		.byte	1
  40 000b 40       		.byte	64
  41 000c 49       		.byte	73
  42 000d 02       		.byte	2
  43 000e 01       		.byte	1
  44 000f 40       		.byte	64
  45 0010 25       		.byte	37
  46 0011 03       		.byte	3
  47 0012 01       		.byte	1
  48 0013 40       		.byte	64
  49 0014 3E       		.byte	62
  50 0015 04       		.byte	4
  51 0016 01       		.byte	1
  52 0017 40       		.byte	64
  53 0018 1F       		.byte	31
  54 0019 05       		.byte	5
  55 001a 01       		.byte	1
  56 001b 40       		.byte	64
  57 001c 04       		.byte	4
ARM GAS  C:\Users\sdysart\AppData\Local\Temp\cceWgD5S.s 			page 2


  58 001d 40       		.byte	64
  59 001e 01       		.byte	1
  60 001f 40       		.byte	64
  61 0020 08       		.byte	8
  62 0021 41       		.byte	65
  63 0022 01       		.byte	1
  64 0023 40       		.byte	64
  65 0024 01       		.byte	1
  66 0025 42       		.byte	66
  67 0026 01       		.byte	1
  68 0027 40       		.byte	64
  69 0028 03       		.byte	3
  70 0029 50       		.byte	80
  71 002a 01       		.byte	1
  72 002b 40       		.byte	64
  73 002c 01       		.byte	1
  74 002d 51       		.byte	81
  75 002e 01       		.byte	1
  76 002f 40       		.byte	64
  77 0030 00       		.byte	0
  78 0031 02       		.byte	2
  79 0032 01       		.byte	1
  80 0033 02       		.byte	2
  81 0034 83       		.byte	-125
  82 0035 0D       		.byte	13
  83 0036 85       		.byte	-123
  84 0037 0D       		.byte	13
  85 0038 8A       		.byte	-118
  86 0039 04       		.byte	4
  87 003a E6       		.byte	-26
  88 003b 20       		.byte	32
  89 003c 02       		.byte	2
  90 003d 01       		.byte	1
  91 003e 0E       		.byte	14
  92 003f 02       		.byte	2
  93 0040 12       		.byte	18
  94 0041 06       		.byte	6
  95 0042 13       		.byte	19
  96 0043 01       		.byte	1
  97 0044 1B       		.byte	27
  98 0045 04       		.byte	4
  99 0046 1F       		.byte	31
 100 0047 02       		.byte	2
 101 0048 2B       		.byte	43
 102 0049 04       		.byte	4
 103 004a 2D       		.byte	45
 104 004b 02       		.byte	2
 105 004c 2E       		.byte	46
 106 004d 04       		.byte	4
 107 004e 2F       		.byte	47
 108 004f 01       		.byte	1
 109 0050 30       		.byte	48
 110 0051 01       		.byte	1
 111 0052 31       		.byte	49
 112 0053 04       		.byte	4
 113 0054 32       		.byte	50
 114 0055 02       		.byte	2
ARM GAS  C:\Users\sdysart\AppData\Local\Temp\cceWgD5S.s 			page 3


 115 0056 33       		.byte	51
 116 0057 03       		.byte	3
 117 0058 34       		.byte	52
 118 0059 02       		.byte	2
 119 005a 36       		.byte	54
 120 005b 04       		.byte	4
 121 005c 3E       		.byte	62
 122 005d 04       		.byte	4
 123 005e 3F       		.byte	63
 124 005f 04       		.byte	4
 125 0060 40       		.byte	64
 126 0061 40       		.byte	64
 127 0062 41       		.byte	65
 128 0063 05       		.byte	5
 129 0064 49       		.byte	73
 130 0065 FF       		.byte	-1
 131 0066 4A       		.byte	74
 132 0067 FF       		.byte	-1
 133 0068 4B       		.byte	75
 134 0069 FF       		.byte	-1
 135 006a 4D       		.byte	77
 136 006b A0       		.byte	-96
 137 006c 4F       		.byte	79
 138 006d 04       		.byte	4
 139 006e 50       		.byte	80
 140 006f 18       		.byte	24
 141 0070 52       		.byte	82
 142 0071 80       		.byte	-128
 143 0072 58       		.byte	88
 144 0073 04       		.byte	4
 145 0074 59       		.byte	89
 146 0075 04       		.byte	4
 147 0076 5A       		.byte	90
 148 0077 04       		.byte	4
 149 0078 5B       		.byte	91
 150 0079 04       		.byte	4
 151 007a 5C       		.byte	92
 152 007b 10       		.byte	16
 153 007c 5F       		.byte	95
 154 007d 01       		.byte	1
 155 007e 60       		.byte	96
 156 007f 40       		.byte	64
 157 0080 62       		.byte	98
 158 0081 C0       		.byte	-64
 159 0082 64       		.byte	100
 160 0083 40       		.byte	64
 161 0084 65       		.byte	101
 162 0085 40       		.byte	64
 163 0086 66       		.byte	102
 164 0087 C0       		.byte	-64
 165 0088 68       		.byte	104
 166 0089 C0       		.byte	-64
 167 008a 6A       		.byte	106
 168 008b C0       		.byte	-64
 169 008c 6C       		.byte	108
 170 008d C0       		.byte	-64
 171 008e 6E       		.byte	110
ARM GAS  C:\Users\sdysart\AppData\Local\Temp\cceWgD5S.s 			page 4


 172 008f C0       		.byte	-64
 173 0090 8C       		.byte	-116
 174 0091 02       		.byte	2
 175 0092 A2       		.byte	-94
 176 0093 03       		.byte	3
 177 0094 B0       		.byte	-80
 178 0095 01       		.byte	1
 179 0096 B6       		.byte	-74
 180 0097 02       		.byte	2
 181 0098 C0       		.byte	-64
 182 0099 40       		.byte	64
 183 009a C1       		.byte	-63
 184 009b 05       		.byte	5
 185 009c C5       		.byte	-59
 186 009d D0       		.byte	-48
 187 009e C6       		.byte	-58
 188 009f 01       		.byte	1
 189 00a0 C7       		.byte	-57
 190 00a1 20       		.byte	32
 191 00a2 C8       		.byte	-56
 192 00a3 26       		.byte	38
 193 00a4 C9       		.byte	-55
 194 00a5 FF       		.byte	-1
 195 00a6 CA       		.byte	-54
 196 00a7 FF       		.byte	-1
 197 00a8 CB       		.byte	-53
 198 00a9 FF       		.byte	-1
 199 00aa CD       		.byte	-51
 200 00ab AF       		.byte	-81
 201 00ac CE       		.byte	-50
 202 00ad 0F       		.byte	15
 203 00ae CF       		.byte	-49
 204 00af 04       		.byte	4
 205 00b0 D0       		.byte	-48
 206 00b1 18       		.byte	24
 207 00b2 D4       		.byte	-44
 208 00b3 05       		.byte	5
 209 00b4 D8       		.byte	-40
 210 00b5 04       		.byte	4
 211 00b6 DA       		.byte	-38
 212 00b7 04       		.byte	4
 213 00b8 DB       		.byte	-37
 214 00b9 04       		.byte	4
 215 00ba DF       		.byte	-33
 216 00bb 01       		.byte	1
 217 00bc E0       		.byte	-32
 218 00bd 40       		.byte	64
 219 00be E2       		.byte	-30
 220 00bf C0       		.byte	-64
 221 00c0 E4       		.byte	-28
 222 00c1 40       		.byte	64
 223 00c2 E5       		.byte	-27
 224 00c3 40       		.byte	64
 225 00c4 E6       		.byte	-26
 226 00c5 C0       		.byte	-64
 227 00c6 E8       		.byte	-24
 228 00c7 C0       		.byte	-64
ARM GAS  C:\Users\sdysart\AppData\Local\Temp\cceWgD5S.s 			page 5


 229 00c8 EA       		.byte	-22
 230 00c9 C0       		.byte	-64
 231 00ca EC       		.byte	-20
 232 00cb C0       		.byte	-64
 233 00cc EE       		.byte	-18
 234 00cd C0       		.byte	-64
 235 00ce 00       		.byte	0
 236 00cf 40       		.byte	64
 237 00d0 06       		.byte	6
 238 00d1 01       		.byte	1
 239 00d2 07       		.byte	7
 240 00d3 40       		.byte	64
 241 00d4 0D       		.byte	13
 242 00d5 02       		.byte	2
 243 00d6 10       		.byte	16
 244 00d7 80       		.byte	-128
 245 00d8 15       		.byte	21
 246 00d9 80       		.byte	-128
 247 00da 18       		.byte	24
 248 00db 40       		.byte	64
 249 00dc 19       		.byte	25
 250 00dd 40       		.byte	64
 251 00de 1D       		.byte	29
 252 00df 06       		.byte	6
 253 00e0 1E       		.byte	30
 254 00e1 06       		.byte	6
 255 00e2 27       		.byte	39
 256 00e3 A0       		.byte	-96
 257 00e4 2E       		.byte	46
 258 00e5 80       		.byte	-128
 259 00e6 2F       		.byte	47
 260 00e7 08       		.byte	8
 261 00e8 36       		.byte	54
 262 00e9 11       		.byte	17
 263 00ea 37       		.byte	55
 264 00eb 80       		.byte	-128
 265 00ec 41       		.byte	65
 266 00ed 02       		.byte	2
 267 00ee 45       		.byte	69
 268 00ef 02       		.byte	2
 269 00f0 49       		.byte	73
 270 00f1 01       		.byte	1
 271 00f2 4A       		.byte	74
 272 00f3 02       		.byte	2
 273 00f4 4E       		.byte	78
 274 00f5 02       		.byte	2
 275 00f6 50       		.byte	80
 276 00f7 80       		.byte	-128
 277 00f8 51       		.byte	81
 278 00f9 40       		.byte	64
 279 00fa 52       		.byte	82
 280 00fb 03       		.byte	3
 281 00fc 59       		.byte	89
 282 00fd 45       		.byte	69
 283 00fe 77       		.byte	119
 284 00ff 40       		.byte	64
 285 0100 83       		.byte	-125
ARM GAS  C:\Users\sdysart\AppData\Local\Temp\cceWgD5S.s 			page 6


 286 0101 20       		.byte	32
 287 0102 8F       		.byte	-113
 288 0103 02       		.byte	2
 289 0104 96       		.byte	-106
 290 0105 04       		.byte	4
 291 0106 C0       		.byte	-64
 292 0107 91       		.byte	-111
 293 0108 C2       		.byte	-62
 294 0109 10       		.byte	16
 295 010a C4       		.byte	-60
 296 010b 88       		.byte	-120
 297 010c CA       		.byte	-54
 298 010d 30       		.byte	48
 299 010e CC       		.byte	-52
 300 010f B0       		.byte	-80
 301 0110 D0       		.byte	-48
 302 0111 81       		.byte	-127
 303 0112 D2       		.byte	-46
 304 0113 18       		.byte	24
 305 0114 D6       		.byte	-42
 306 0115 0B       		.byte	11
 307 0116 E6       		.byte	-26
 308 0117 40       		.byte	64
 309 0118 40       		.byte	64
 310 0119 30       		.byte	48
 311 011a 41       		.byte	65
 312 011b 02       		.byte	2
 313 011c 49       		.byte	73
 314 011d FF       		.byte	-1
 315 011e 4A       		.byte	74
 316 011f FF       		.byte	-1
 317 0120 4B       		.byte	75
 318 0121 FF       		.byte	-1
 319 0122 4D       		.byte	77
 320 0123 A0       		.byte	-96
 321 0124 4F       		.byte	79
 322 0125 04       		.byte	4
 323 0126 50       		.byte	80
 324 0127 18       		.byte	24
 325 0128 5A       		.byte	90
 326 0129 04       		.byte	4
 327 012a 5D       		.byte	93
 328 012b 01       		.byte	1
 329 012c 5F       		.byte	95
 330 012d 01       		.byte	1
 331 012e 60       		.byte	96
 332 012f 40       		.byte	64
 333 0130 62       		.byte	98
 334 0131 C0       		.byte	-64
 335 0132 64       		.byte	100
 336 0133 40       		.byte	64
 337 0134 65       		.byte	101
 338 0135 40       		.byte	64
 339 0136 66       		.byte	102
 340 0137 C0       		.byte	-64
 341 0138 68       		.byte	104
 342 0139 C0       		.byte	-64
ARM GAS  C:\Users\sdysart\AppData\Local\Temp\cceWgD5S.s 			page 7


 343 013a 6A       		.byte	106
 344 013b C0       		.byte	-64
 345 013c 6C       		.byte	108
 346 013d C0       		.byte	-64
 347 013e 6E       		.byte	110
 348 013f C0       		.byte	-64
 349 0140 8A       		.byte	-118
 350 0141 02       		.byte	2
 351 0142 99       		.byte	-103
 352 0143 02       		.byte	2
 353 0144 9A       		.byte	-102
 354 0145 02       		.byte	2
 355 0146 AB       		.byte	-85
 356 0147 03       		.byte	3
 357 0148 AE       		.byte	-82
 358 0149 01       		.byte	1
 359 014a B0       		.byte	-80
 360 014b 02       		.byte	2
 361 014c B2       		.byte	-78
 362 014d 01       		.byte	1
 363 014e B3       		.byte	-77
 364 014f 01       		.byte	1
 365 0150 B4       		.byte	-76
 366 0151 02       		.byte	2
 367 0152 B7       		.byte	-73
 368 0153 02       		.byte	2
 369 0154 BE       		.byte	-66
 370 0155 10       		.byte	16
 371 0156 C0       		.byte	-64
 372 0157 30       		.byte	48
 373 0158 C1       		.byte	-63
 374 0159 02       		.byte	2
 375 015a C5       		.byte	-59
 376 015b D0       		.byte	-48
 377 015c C6       		.byte	-58
 378 015d 20       		.byte	32
 379 015e C7       		.byte	-57
 380 015f 01       		.byte	1
 381 0160 C8       		.byte	-56
 382 0161 1A       		.byte	26
 383 0162 C9       		.byte	-55
 384 0163 FF       		.byte	-1
 385 0164 CA       		.byte	-54
 386 0165 FF       		.byte	-1
 387 0166 CB       		.byte	-53
 388 0167 FF       		.byte	-1
 389 0168 CD       		.byte	-51
 390 0169 AF       		.byte	-81
 391 016a CE       		.byte	-50
 392 016b 0F       		.byte	15
 393 016c CF       		.byte	-49
 394 016d 04       		.byte	4
 395 016e D0       		.byte	-48
 396 016f 18       		.byte	24
 397 0170 D2       		.byte	-46
 398 0171 80       		.byte	-128
 399 0172 D4       		.byte	-44
ARM GAS  C:\Users\sdysart\AppData\Local\Temp\cceWgD5S.s 			page 8


 400 0173 05       		.byte	5
 401 0174 D8       		.byte	-40
 402 0175 04       		.byte	4
 403 0176 D9       		.byte	-39
 404 0177 04       		.byte	4
 405 0178 DA       		.byte	-38
 406 0179 04       		.byte	4
 407 017a DB       		.byte	-37
 408 017b 04       		.byte	4
 409 017c DC       		.byte	-36
 410 017d 11       		.byte	17
 411 017e DD       		.byte	-35
 412 017f 11       		.byte	17
 413 0180 DF       		.byte	-33
 414 0181 01       		.byte	1
 415 0182 E0       		.byte	-32
 416 0183 40       		.byte	64
 417 0184 E2       		.byte	-30
 418 0185 C0       		.byte	-64
 419 0186 E4       		.byte	-28
 420 0187 40       		.byte	64
 421 0188 E5       		.byte	-27
 422 0189 40       		.byte	64
 423 018a E6       		.byte	-26
 424 018b C0       		.byte	-64
 425 018c E8       		.byte	-24
 426 018d C0       		.byte	-64
 427 018e EA       		.byte	-22
 428 018f C0       		.byte	-64
 429 0190 EC       		.byte	-20
 430 0191 C0       		.byte	-64
 431 0192 EE       		.byte	-18
 432 0193 C0       		.byte	-64
 433 0194 04       		.byte	4
 434 0195 10       		.byte	16
 435 0196 0D       		.byte	13
 436 0197 20       		.byte	32
 437 0198 17       		.byte	23
 438 0199 40       		.byte	64
 439 019a 1C       		.byte	28
 440 019b 10       		.byte	16
 441 019c 1D       		.byte	29
 442 019d 08       		.byte	8
 443 019e 1E       		.byte	30
 444 019f 28       		.byte	40
 445 01a0 1F       		.byte	31
 446 01a1 02       		.byte	2
 447 01a2 26       		.byte	38
 448 01a3 40       		.byte	64
 449 01a4 27       		.byte	39
 450 01a5 20       		.byte	32
 451 01a6 2F       		.byte	47
 452 01a7 08       		.byte	8
 453 01a8 37       		.byte	55
 454 01a9 20       		.byte	32
 455 01aa 40       		.byte	64
 456 01ab 10       		.byte	16
ARM GAS  C:\Users\sdysart\AppData\Local\Temp\cceWgD5S.s 			page 9


 457 01ac 41       		.byte	65
 458 01ad 20       		.byte	32
 459 01ae 45       		.byte	69
 460 01af 28       		.byte	40
 461 01b0 4F       		.byte	79
 462 01b1 01       		.byte	1
 463 01b2 55       		.byte	85
 464 01b3 20       		.byte	32
 465 01b4 57       		.byte	87
 466 01b5 08       		.byte	8
 467 01b6 5E       		.byte	94
 468 01b7 88       		.byte	-120
 469 01b8 5F       		.byte	95
 470 01b9 01       		.byte	1
 471 01ba 77       		.byte	119
 472 01bb 40       		.byte	64
 473 01bc A6       		.byte	-90
 474 01bd 10       		.byte	16
 475 01be A7       		.byte	-89
 476 01bf 0A       		.byte	10
 477 01c0 B2       		.byte	-78
 478 01c1 80       		.byte	-128
 479 01c2 C0       		.byte	-64
 480 01c3 40       		.byte	64
 481 01c4 C2       		.byte	-62
 482 01c5 40       		.byte	64
 483 01c6 C4       		.byte	-60
 484 01c7 80       		.byte	-128
 485 01c8 CA       		.byte	-54
 486 01c9 20       		.byte	32
 487 01ca CC       		.byte	-52
 488 01cb 20       		.byte	32
 489 01cc D0       		.byte	-48
 490 01cd 66       		.byte	102
 491 01ce D6       		.byte	-42
 492 01cf D0       		.byte	-48
 493 01d0 EC       		.byte	-20
 494 01d1 20       		.byte	32
 495 01d2 30       		.byte	48
 496 01d3 20       		.byte	32
 497 01d4 35       		.byte	53
 498 01d5 80       		.byte	-128
 499 01d6 88       		.byte	-120
 500 01d7 20       		.byte	32
 501 01d8 CC       		.byte	-52
 502 01d9 30       		.byte	48
 503 01da 02       		.byte	2
 504 01db 10       		.byte	16
 505 01dc 5F       		.byte	95
 506 01dd 80       		.byte	-128
 507 01de 83       		.byte	-125
 508 01df 80       		.byte	-128
 509 01e0 8D       		.byte	-115
 510 01e1 80       		.byte	-128
 511 01e2 9D       		.byte	-99
 512 01e3 80       		.byte	-128
 513 01e4 C0       		.byte	-64
ARM GAS  C:\Users\sdysart\AppData\Local\Temp\cceWgD5S.s 			page 10


 514 01e5 10       		.byte	16
 515 01e6 D6       		.byte	-42
 516 01e7 20       		.byte	32
 517 01e8 E2       		.byte	-30
 518 01e9 80       		.byte	-128
 519 01ea B2       		.byte	-78
 520 01eb 10       		.byte	16
 521 01ec 00       		.byte	0
 522 01ed 03       		.byte	3
 523 01ee 08       		.byte	8
 524 01ef 03       		.byte	3
 525 01f0 0A       		.byte	10
 526 01f1 02       		.byte	2
 527 01f2 00       		.byte	0
 528 01f3 0F       		.byte	15
 529 01f4 01       		.byte	1
 530 01f5 06       		.byte	6
 531 01f6 06       		.byte	6
 532 01f7 00       		.byte	0
 533 01f8 02       		.byte	2
 534 01f9 00       		.byte	0
 535 01fa 00       		.byte	0
 536 01fb 00       		.byte	0
 537 01fc 00       		.byte	0
 538 01fd 0B       		.byte	11
 539 01fe 0B       		.byte	11
 540 01ff 00       		.byte	0
 541 0200 00       		.byte	0
 542 0201 00       		.byte	0
 543 0202 00       		.byte	0
 544 0203 00       		.byte	0
 545              		.section	.cywolatch,"a",%progbits
 546              		.align	2
 547              		.type	cy_meta_wonvl, %object
 548              		.size	cy_meta_wonvl, 4
 549              	cy_meta_wonvl:
 550 0000 BC       		.byte	-68
 551 0001 90       		.byte	-112
 552 0002 AC       		.byte	-84
 553 0003 AF       		.byte	-81
 554              		.section	.cycustnvl,"a",%progbits
 555              		.align	2
 556              		.type	cy_meta_custnvl, %object
 557              		.size	cy_meta_custnvl, 4
 558              	cy_meta_custnvl:
 559 0000 00       		.byte	0
 560 0001 00       		.byte	0
 561 0002 40       		.byte	64
 562 0003 05       		.byte	5
 563              		.section	.cymeta,"a",%progbits
 564              		.align	2
 565              		.type	cy_metadata, %object
 566              		.size	cy_metadata, 12
 567              	cy_metadata:
 568 0000 00       		.byte	0
 569 0001 01       		.byte	1
 570 0002 2E       		.byte	46
ARM GAS  C:\Users\sdysart\AppData\Local\Temp\cceWgD5S.s 			page 11


 571 0003 16       		.byte	22
 572 0004 10       		.byte	16
 573 0005 69       		.byte	105
 574 0006 00       		.byte	0
 575 0007 01       		.byte	1
 576 0008 00       		.byte	0
 577 0009 00       		.byte	0
 578 000a 00       		.byte	0
 579 000b 00       		.byte	0
 580              		.section	.cyflashprotect,"a",%progbits
 581              		.align	2
 582              		.type	cy_meta_flashprotect, %object
 583              		.size	cy_meta_flashprotect, 256
 584              	cy_meta_flashprotect:
 585 0000 00000000 		.space	256
 585      00000000 
 585      00000000 
 585      00000000 
 585      00000000 
 586              		.text
 587              	.Letext0:
 588              		.file 1 "c:\\program files (x86)\\cypress\\psoc creator\\4.1\\psoc creator\\import\\gnu\\arm\\5.4.
 589              		.file 2 "c:\\program files (x86)\\cypress\\psoc creator\\4.1\\psoc creator\\import\\gnu\\arm\\5.4.
 590              		.file 3 "Generated_Source\\PSoC5\\cymetadata.c"
 591              		.section	.debug_info,"",%progbits
 592              	.Ldebug_info0:
 593 0000 31010000 		.4byte	0x131
 594 0004 0400     		.2byte	0x4
 595 0006 00000000 		.4byte	.Ldebug_abbrev0
 596 000a 04       		.byte	0x4
 597 000b 01       		.uleb128 0x1
 598 000c 30000000 		.4byte	.LASF17
 599 0010 0C       		.byte	0xc
 600 0011 B5010000 		.4byte	.LASF18
 601 0015 7E010000 		.4byte	.LASF19
 602 0019 00000000 		.4byte	.Ldebug_line0
 603 001d 02       		.uleb128 0x2
 604 001e 01       		.byte	0x1
 605 001f 06       		.byte	0x6
 606 0020 16000000 		.4byte	.LASF0
 607 0024 03       		.uleb128 0x3
 608 0025 00000000 		.4byte	.LASF9
 609 0029 01       		.byte	0x1
 610 002a 1D       		.byte	0x1d
 611 002b 2F000000 		.4byte	0x2f
 612 002f 02       		.uleb128 0x2
 613 0030 01       		.byte	0x1
 614 0031 08       		.byte	0x8
 615 0032 22000000 		.4byte	.LASF1
 616 0036 02       		.uleb128 0x2
 617 0037 02       		.byte	0x2
 618 0038 05       		.byte	0x5
 619 0039 6B010000 		.4byte	.LASF2
 620 003d 02       		.uleb128 0x2
 621 003e 02       		.byte	0x2
 622 003f 07       		.byte	0x7
 623 0040 D0000000 		.4byte	.LASF3
ARM GAS  C:\Users\sdysart\AppData\Local\Temp\cceWgD5S.s 			page 12


 624 0044 02       		.uleb128 0x2
 625 0045 04       		.byte	0x4
 626 0046 05       		.byte	0x5
 627 0047 75010000 		.4byte	.LASF4
 628 004b 02       		.uleb128 0x2
 629 004c 04       		.byte	0x4
 630 004d 07       		.byte	0x7
 631 004e BE000000 		.4byte	.LASF5
 632 0052 02       		.uleb128 0x2
 633 0053 08       		.byte	0x8
 634 0054 05       		.byte	0x5
 635 0055 5D010000 		.4byte	.LASF6
 636 0059 02       		.uleb128 0x2
 637 005a 08       		.byte	0x8
 638 005b 07       		.byte	0x7
 639 005c 12010000 		.4byte	.LASF7
 640 0060 04       		.uleb128 0x4
 641 0061 04       		.byte	0x4
 642 0062 05       		.byte	0x5
 643 0063 696E7400 		.ascii	"int\000"
 644 0067 02       		.uleb128 0x2
 645 0068 04       		.byte	0x4
 646 0069 07       		.byte	0x7
 647 006a 05010000 		.4byte	.LASF8
 648 006e 03       		.uleb128 0x3
 649 006f 29010000 		.4byte	.LASF10
 650 0073 02       		.byte	0x2
 651 0074 18       		.byte	0x18
 652 0075 24000000 		.4byte	0x24
 653 0079 05       		.uleb128 0x5
 654 007a 91000000 		.4byte	0x91
 655 007e 8A000000 		.4byte	0x8a
 656 0082 06       		.uleb128 0x6
 657 0083 8A000000 		.4byte	0x8a
 658 0087 0302     		.2byte	0x203
 659 0089 00       		.byte	0
 660 008a 02       		.uleb128 0x2
 661 008b 04       		.byte	0x4
 662 008c 07       		.byte	0x7
 663 008d 54010000 		.4byte	.LASF11
 664 0091 07       		.uleb128 0x7
 665 0092 6E000000 		.4byte	0x6e
 666 0096 08       		.uleb128 0x8
 667 0097 F3000000 		.4byte	.LASF12
 668 009b 03       		.byte	0x3
 669 009c 1F       		.byte	0x1f
 670 009d A7000000 		.4byte	0xa7
 671 00a1 05       		.uleb128 0x5
 672 00a2 03       		.byte	0x3
 673 00a3 00000000 		.4byte	cy_meta_configecc
 674 00a7 07       		.uleb128 0x7
 675 00a8 79000000 		.4byte	0x79
 676 00ac 05       		.uleb128 0x5
 677 00ad 91000000 		.4byte	0x91
 678 00b1 BC000000 		.4byte	0xbc
 679 00b5 09       		.uleb128 0x9
 680 00b6 8A000000 		.4byte	0x8a
ARM GAS  C:\Users\sdysart\AppData\Local\Temp\cceWgD5S.s 			page 13


 681 00ba 03       		.byte	0x3
 682 00bb 00       		.byte	0
 683 00bc 08       		.uleb128 0x8
 684 00bd E3000000 		.4byte	.LASF13
 685 00c1 03       		.byte	0x3
 686 00c2 6D       		.byte	0x6d
 687 00c3 CD000000 		.4byte	0xcd
 688 00c7 05       		.uleb128 0x5
 689 00c8 03       		.byte	0x3
 690 00c9 00000000 		.4byte	cy_meta_custnvl
 691 00cd 07       		.uleb128 0x7
 692 00ce AC000000 		.4byte	0xac
 693 00d2 08       		.uleb128 0x8
 694 00d3 46010000 		.4byte	.LASF14
 695 00d7 03       		.byte	0x3
 696 00d8 7B       		.byte	0x7b
 697 00d9 E3000000 		.4byte	0xe3
 698 00dd 05       		.uleb128 0x5
 699 00de 03       		.byte	0x3
 700 00df 00000000 		.4byte	cy_meta_wonvl
 701 00e3 07       		.uleb128 0x7
 702 00e4 AC000000 		.4byte	0xac
 703 00e8 05       		.uleb128 0x5
 704 00e9 91000000 		.4byte	0x91
 705 00ed F8000000 		.4byte	0xf8
 706 00f1 09       		.uleb128 0x9
 707 00f2 8A000000 		.4byte	0x8a
 708 00f6 FF       		.byte	0xff
 709 00f7 00       		.byte	0
 710 00f8 08       		.uleb128 0x8
 711 00f9 31010000 		.4byte	.LASF15
 712 00fd 03       		.byte	0x3
 713 00fe 89       		.byte	0x89
 714 00ff 09010000 		.4byte	0x109
 715 0103 05       		.uleb128 0x5
 716 0104 03       		.byte	0x3
 717 0105 00000000 		.4byte	cy_meta_flashprotect
 718 0109 07       		.uleb128 0x7
 719 010a E8000000 		.4byte	0xe8
 720 010e 05       		.uleb128 0x5
 721 010f 91000000 		.4byte	0x91
 722 0113 1E010000 		.4byte	0x11e
 723 0117 09       		.uleb128 0x9
 724 0118 8A000000 		.4byte	0x8a
 725 011c 0B       		.byte	0xb
 726 011d 00       		.byte	0
 727 011e 08       		.uleb128 0x8
 728 011f 0A000000 		.4byte	.LASF16
 729 0123 03       		.byte	0x3
 730 0124 B6       		.byte	0xb6
 731 0125 2F010000 		.4byte	0x12f
 732 0129 05       		.uleb128 0x5
 733 012a 03       		.byte	0x3
 734 012b 00000000 		.4byte	cy_metadata
 735 012f 07       		.uleb128 0x7
 736 0130 0E010000 		.4byte	0x10e
 737 0134 00       		.byte	0
ARM GAS  C:\Users\sdysart\AppData\Local\Temp\cceWgD5S.s 			page 14


 738              		.section	.debug_abbrev,"",%progbits
 739              	.Ldebug_abbrev0:
 740 0000 01       		.uleb128 0x1
 741 0001 11       		.uleb128 0x11
 742 0002 01       		.byte	0x1
 743 0003 25       		.uleb128 0x25
 744 0004 0E       		.uleb128 0xe
 745 0005 13       		.uleb128 0x13
 746 0006 0B       		.uleb128 0xb
 747 0007 03       		.uleb128 0x3
 748 0008 0E       		.uleb128 0xe
 749 0009 1B       		.uleb128 0x1b
 750 000a 0E       		.uleb128 0xe
 751 000b 10       		.uleb128 0x10
 752 000c 17       		.uleb128 0x17
 753 000d 00       		.byte	0
 754 000e 00       		.byte	0
 755 000f 02       		.uleb128 0x2
 756 0010 24       		.uleb128 0x24
 757 0011 00       		.byte	0
 758 0012 0B       		.uleb128 0xb
 759 0013 0B       		.uleb128 0xb
 760 0014 3E       		.uleb128 0x3e
 761 0015 0B       		.uleb128 0xb
 762 0016 03       		.uleb128 0x3
 763 0017 0E       		.uleb128 0xe
 764 0018 00       		.byte	0
 765 0019 00       		.byte	0
 766 001a 03       		.uleb128 0x3
 767 001b 16       		.uleb128 0x16
 768 001c 00       		.byte	0
 769 001d 03       		.uleb128 0x3
 770 001e 0E       		.uleb128 0xe
 771 001f 3A       		.uleb128 0x3a
 772 0020 0B       		.uleb128 0xb
 773 0021 3B       		.uleb128 0x3b
 774 0022 0B       		.uleb128 0xb
 775 0023 49       		.uleb128 0x49
 776 0024 13       		.uleb128 0x13
 777 0025 00       		.byte	0
 778 0026 00       		.byte	0
 779 0027 04       		.uleb128 0x4
 780 0028 24       		.uleb128 0x24
 781 0029 00       		.byte	0
 782 002a 0B       		.uleb128 0xb
 783 002b 0B       		.uleb128 0xb
 784 002c 3E       		.uleb128 0x3e
 785 002d 0B       		.uleb128 0xb
 786 002e 03       		.uleb128 0x3
 787 002f 08       		.uleb128 0x8
 788 0030 00       		.byte	0
 789 0031 00       		.byte	0
 790 0032 05       		.uleb128 0x5
 791 0033 01       		.uleb128 0x1
 792 0034 01       		.byte	0x1
 793 0035 49       		.uleb128 0x49
 794 0036 13       		.uleb128 0x13
ARM GAS  C:\Users\sdysart\AppData\Local\Temp\cceWgD5S.s 			page 15


 795 0037 01       		.uleb128 0x1
 796 0038 13       		.uleb128 0x13
 797 0039 00       		.byte	0
 798 003a 00       		.byte	0
 799 003b 06       		.uleb128 0x6
 800 003c 21       		.uleb128 0x21
 801 003d 00       		.byte	0
 802 003e 49       		.uleb128 0x49
 803 003f 13       		.uleb128 0x13
 804 0040 2F       		.uleb128 0x2f
 805 0041 05       		.uleb128 0x5
 806 0042 00       		.byte	0
 807 0043 00       		.byte	0
 808 0044 07       		.uleb128 0x7
 809 0045 26       		.uleb128 0x26
 810 0046 00       		.byte	0
 811 0047 49       		.uleb128 0x49
 812 0048 13       		.uleb128 0x13
 813 0049 00       		.byte	0
 814 004a 00       		.byte	0
 815 004b 08       		.uleb128 0x8
 816 004c 34       		.uleb128 0x34
 817 004d 00       		.byte	0
 818 004e 03       		.uleb128 0x3
 819 004f 0E       		.uleb128 0xe
 820 0050 3A       		.uleb128 0x3a
 821 0051 0B       		.uleb128 0xb
 822 0052 3B       		.uleb128 0x3b
 823 0053 0B       		.uleb128 0xb
 824 0054 49       		.uleb128 0x49
 825 0055 13       		.uleb128 0x13
 826 0056 3F       		.uleb128 0x3f
 827 0057 19       		.uleb128 0x19
 828 0058 02       		.uleb128 0x2
 829 0059 18       		.uleb128 0x18
 830 005a 00       		.byte	0
 831 005b 00       		.byte	0
 832 005c 09       		.uleb128 0x9
 833 005d 21       		.uleb128 0x21
 834 005e 00       		.byte	0
 835 005f 49       		.uleb128 0x49
 836 0060 13       		.uleb128 0x13
 837 0061 2F       		.uleb128 0x2f
 838 0062 0B       		.uleb128 0xb
 839 0063 00       		.byte	0
 840 0064 00       		.byte	0
 841 0065 00       		.byte	0
 842              		.section	.debug_aranges,"",%progbits
 843 0000 14000000 		.4byte	0x14
 844 0004 0200     		.2byte	0x2
 845 0006 00000000 		.4byte	.Ldebug_info0
 846 000a 04       		.byte	0x4
 847 000b 00       		.byte	0
 848 000c 0000     		.2byte	0
 849 000e 0000     		.2byte	0
 850 0010 00000000 		.4byte	0
 851 0014 00000000 		.4byte	0
ARM GAS  C:\Users\sdysart\AppData\Local\Temp\cceWgD5S.s 			page 16


 852              		.section	.debug_line,"",%progbits
 853              	.Ldebug_line0:
 854 0000 3D010000 		.section	.debug_str,"MS",%progbits,1
 854      02003701 
 854      00000201 
 854      FB0E0D00 
 854      01010101 
 855              	.LASF9:
 856 0000 5F5F7569 		.ascii	"__uint8_t\000"
 856      6E74385F 
 856      7400
 857              	.LASF16:
 858 000a 63795F6D 		.ascii	"cy_metadata\000"
 858      65746164 
 858      61746100 
 859              	.LASF0:
 860 0016 7369676E 		.ascii	"signed char\000"
 860      65642063 
 860      68617200 
 861              	.LASF1:
 862 0022 756E7369 		.ascii	"unsigned char\000"
 862      676E6564 
 862      20636861 
 862      7200
 863              	.LASF17:
 864 0030 474E5520 		.ascii	"GNU C11 5.4.1 20160609 (release) [ARM/embedded-5-br"
 864      43313120 
 864      352E342E 
 864      31203230 
 864      31363036 
 865 0063 616E6368 		.ascii	"anch revision 237715] -mcpu=cortex-m3 -mthumb -g -O"
 865      20726576 
 865      6973696F 
 865      6E203233 
 865      37373135 
 866 0096 67202D66 		.ascii	"g -ffunction-sections -ffat-lto-objects\000"
 866      66756E63 
 866      74696F6E 
 866      2D736563 
 866      74696F6E 
 867              	.LASF5:
 868 00be 6C6F6E67 		.ascii	"long unsigned int\000"
 868      20756E73 
 868      69676E65 
 868      6420696E 
 868      7400
 869              	.LASF3:
 870 00d0 73686F72 		.ascii	"short unsigned int\000"
 870      7420756E 
 870      7369676E 
 870      65642069 
 870      6E7400
 871              	.LASF13:
 872 00e3 63795F6D 		.ascii	"cy_meta_custnvl\000"
 872      6574615F 
 872      63757374 
 872      6E766C00 
ARM GAS  C:\Users\sdysart\AppData\Local\Temp\cceWgD5S.s 			page 17


 873              	.LASF12:
 874 00f3 63795F6D 		.ascii	"cy_meta_configecc\000"
 874      6574615F 
 874      636F6E66 
 874      69676563 
 874      6300
 875              	.LASF8:
 876 0105 756E7369 		.ascii	"unsigned int\000"
 876      676E6564 
 876      20696E74 
 876      00
 877              	.LASF7:
 878 0112 6C6F6E67 		.ascii	"long long unsigned int\000"
 878      206C6F6E 
 878      6720756E 
 878      7369676E 
 878      65642069 
 879              	.LASF10:
 880 0129 75696E74 		.ascii	"uint8_t\000"
 880      385F7400 
 881              	.LASF15:
 882 0131 63795F6D 		.ascii	"cy_meta_flashprotect\000"
 882      6574615F 
 882      666C6173 
 882      6870726F 
 882      74656374 
 883              	.LASF14:
 884 0146 63795F6D 		.ascii	"cy_meta_wonvl\000"
 884      6574615F 
 884      776F6E76 
 884      6C00
 885              	.LASF11:
 886 0154 73697A65 		.ascii	"sizetype\000"
 886      74797065 
 886      00
 887              	.LASF6:
 888 015d 6C6F6E67 		.ascii	"long long int\000"
 888      206C6F6E 
 888      6720696E 
 888      7400
 889              	.LASF2:
 890 016b 73686F72 		.ascii	"short int\000"
 890      7420696E 
 890      7400
 891              	.LASF4:
 892 0175 6C6F6E67 		.ascii	"long int\000"
 892      20696E74 
 892      00
 893              	.LASF19:
 894 017e 433A5C55 		.ascii	"C:\\Users\\sdysart\\Documents\\UACS\\UACS\\FSK\\Hig"
 894      73657273 
 894      5C736479 
 894      73617274 
 894      5C446F63 
 895 01aa 68465478 		.ascii	"hFTx.cydsn\000"
 895      2E637964 
 895      736E00
ARM GAS  C:\Users\sdysart\AppData\Local\Temp\cceWgD5S.s 			page 18


 896              	.LASF18:
 897 01b5 47656E65 		.ascii	"Generated_Source\\PSoC5\\cymetadata.c\000"
 897      72617465 
 897      645F536F 
 897      75726365 
 897      5C50536F 
 898              		.ident	"GCC: (GNU Tools for ARM Embedded Processors) 5.4.1 20160609 (release) [ARM/embedded-5-bran
