--------------- Clean Started: 05/19/2018 22:22:44 Project: HighFSKTx, Configuration: ARM GCC 5.4-2016-q2-update Debug ---------------
Deleting file ".\CortexM3\ARM_GCC_541\Debug\main.o"
Deleting file ".\CortexM3\ARM_GCC_541\Debug\cyfitter_cfg.o"
Deleting file ".\CortexM3\ARM_GCC_541\Debug\cymetadata.o"
Deleting file ".\CortexM3\ARM_GCC_541\Debug\PWM_Modulator.o"
Deleting file ".\CortexM3\ARM_GCC_541\Debug\PWM_Modulator_PM.o"
Deleting file ".\CortexM3\ARM_GCC_541\Debug\PWM_Clock.o"
Deleting file ".\CortexM3\ARM_GCC_541\Debug\PWM_Out.o"
Deleting file ".\CortexM3\ARM_GCC_541\Debug\timer_clock.o"
Deleting file ".\CortexM3\ARM_GCC_541\Debug\PWM_Switch_Timer.o"
Deleting file ".\CortexM3\ARM_GCC_541\Debug\PWM_Switch_Timer_PM.o"
Deleting file ".\CortexM3\ARM_GCC_541\Debug\isr_halfsec.o"
Deleting file ".\CortexM3\ARM_GCC_541\Debug\PWM_1.o"
Deleting file ".\CortexM3\ARM_GCC_541\Debug\PWM_1_PM.o"
Deleting file ".\CortexM3\ARM_GCC_541\Debug\PWM_2.o"
Deleting file ".\CortexM3\ARM_GCC_541\Debug\PWM_2_PM.o"
Deleting file ".\CortexM3\ARM_GCC_541\Debug\Clock_1.o"
Deleting file ".\CortexM3\ARM_GCC_541\Debug\Clock_2.o"
Deleting file ".\CortexM3\ARM_GCC_541\Debug\pin_12kHz.o"
Deleting file ".\CortexM3\ARM_GCC_541\Debug\pin_43kHz.o"
Deleting file ".\CortexM3\ARM_GCC_541\Debug\PWM_3.o"
Deleting file ".\CortexM3\ARM_GCC_541\Debug\PWM_3_PM.o"
Deleting file ".\CortexM3\ARM_GCC_541\Debug\pin_36kHz.o"
Deleting file ".\CortexM3\ARM_GCC_541\Debug\Clock_3.o"
Deleting file ".\CortexM3\ARM_GCC_541\Debug\HighVoltage.o"
Deleting file ".\CortexM3\ARM_GCC_541\Debug\Cm3Start.o"
Deleting file ".\CortexM3\ARM_GCC_541\Debug\CyBootAsmGnu.o"
Deleting file ".\CortexM3\ARM_GCC_541\Debug\CyDmac.o"
Deleting file ".\CortexM3\ARM_GCC_541\Debug\CyFlash.o"
Deleting file ".\CortexM3\ARM_GCC_541\Debug\CyLib.o"
Deleting file ".\CortexM3\ARM_GCC_541\Debug\cyPm.o"
Deleting file ".\CortexM3\ARM_GCC_541\Debug\CySpc.o"
Deleting file ".\CortexM3\ARM_GCC_541\Debug\cyutils.o"
Deleting file ".\CortexM3\ARM_GCC_541\Debug\HighFSKTx.hex"
Deleting file ".\CortexM3\ARM_GCC_541\Debug\HighFSKTx.elf"
Deleting file ".\CortexM3\ARM_GCC_541\Debug\HighFSKTx.map"
Deleting file ".\HighFSKTx.cycdx"
Deleting file ".\HighFSKTx.svd"
Deleting file ".\HighFSKTx.rpt"
Deleting file ".\HighFSKTx_timing.html"
Deleting file ".\CortexM3\ARM_GCC_541\Debug\.deps\SOURCE_C__ARM_GCC_GENERIC.P"
Deleting file ".\CortexM3\ARM_GCC_541\Debug\.deps\SOURCE_ASM__ARM_GCC_GENERIC.P"
--------------- Clean Succeeded: 05/19/2018 22:22:44 ---------------
