ARM GAS  C:\Users\User\AppData\Local\Temp\ccCb33vH.s 			page 1


   1              		.cpu cortex-m0
   2              		.fpu softvfp
   3              		.eabi_attribute 20, 1
   4              		.eabi_attribute 21, 1
   5              		.eabi_attribute 23, 3
   6              		.eabi_attribute 24, 1
   7              		.eabi_attribute 25, 1
   8              		.eabi_attribute 26, 1
   9              		.eabi_attribute 30, 4
  10              		.eabi_attribute 34, 0
  11              		.eabi_attribute 18, 4
  12              		.code	16
  13              		.file	"Audio_Buf_N.c"
  14              		.text
  15              	.Ltext0:
  16              		.cfi_sections	.debug_frame
  17              		.section	.text.Audio_Buf_N_Init,"ax",%progbits
  18              		.align	1
  19              		.global	Audio_Buf_N_Init
  20              		.code	16
  21              		.thumb_func
  22              		.type	Audio_Buf_N_Init, %function
  23              	Audio_Buf_N_Init:
  24              	.LFB0:
  25              		.file 1 ".\\Generated_Source\\PSoC4\\Audio_Buf_N.c"
   1:.\Generated_Source\PSoC4/Audio_Buf_N.c **** /*******************************************************************************
   2:.\Generated_Source\PSoC4/Audio_Buf_N.c **** * File Name: Audio_Buf_N.c
   3:.\Generated_Source\PSoC4/Audio_Buf_N.c **** * Version 1.20
   4:.\Generated_Source\PSoC4/Audio_Buf_N.c **** *
   5:.\Generated_Source\PSoC4/Audio_Buf_N.c **** * Description:
   6:.\Generated_Source\PSoC4/Audio_Buf_N.c **** *  This file provides the source code to the API for the Opamp (Analog Buffer)
   7:.\Generated_Source\PSoC4/Audio_Buf_N.c **** *  Component.
   8:.\Generated_Source\PSoC4/Audio_Buf_N.c **** *
   9:.\Generated_Source\PSoC4/Audio_Buf_N.c **** *
  10:.\Generated_Source\PSoC4/Audio_Buf_N.c **** ********************************************************************************
  11:.\Generated_Source\PSoC4/Audio_Buf_N.c **** * Copyright 2013-2015, Cypress Semiconductor Corporation.  All rights reserved.
  12:.\Generated_Source\PSoC4/Audio_Buf_N.c **** * You may use this file only in accordance with the license, terms, conditions,
  13:.\Generated_Source\PSoC4/Audio_Buf_N.c **** * disclaimers, and limitations in the end user license agreement accompanying
  14:.\Generated_Source\PSoC4/Audio_Buf_N.c **** * the software package with which this file was provided.
  15:.\Generated_Source\PSoC4/Audio_Buf_N.c **** *******************************************************************************/
  16:.\Generated_Source\PSoC4/Audio_Buf_N.c **** 
  17:.\Generated_Source\PSoC4/Audio_Buf_N.c **** #include "Audio_Buf_N.h"
  18:.\Generated_Source\PSoC4/Audio_Buf_N.c **** 
  19:.\Generated_Source\PSoC4/Audio_Buf_N.c **** uint8 Audio_Buf_N_initVar = 0u; /* Defines if component was initialized */
  20:.\Generated_Source\PSoC4/Audio_Buf_N.c **** static uint32 Audio_Buf_N_internalPower = 0u; /* Defines component Power value */
  21:.\Generated_Source\PSoC4/Audio_Buf_N.c **** 
  22:.\Generated_Source\PSoC4/Audio_Buf_N.c **** 
  23:.\Generated_Source\PSoC4/Audio_Buf_N.c **** /*******************************************************************************
  24:.\Generated_Source\PSoC4/Audio_Buf_N.c **** * Function Name: Audio_Buf_N_Init
  25:.\Generated_Source\PSoC4/Audio_Buf_N.c **** ********************************************************************************
  26:.\Generated_Source\PSoC4/Audio_Buf_N.c **** *
  27:.\Generated_Source\PSoC4/Audio_Buf_N.c **** * Summary:
  28:.\Generated_Source\PSoC4/Audio_Buf_N.c **** *  Initializes or restores the component according to the customizer Configure 
  29:.\Generated_Source\PSoC4/Audio_Buf_N.c **** *  dialog settings. It is not necessary to call Init() because the Start() API 
  30:.\Generated_Source\PSoC4/Audio_Buf_N.c **** *  calls this function and is the preferred method to begin the component operation.
  31:.\Generated_Source\PSoC4/Audio_Buf_N.c **** *
  32:.\Generated_Source\PSoC4/Audio_Buf_N.c **** * Parameters:
ARM GAS  C:\Users\User\AppData\Local\Temp\ccCb33vH.s 			page 2


  33:.\Generated_Source\PSoC4/Audio_Buf_N.c **** *  None
  34:.\Generated_Source\PSoC4/Audio_Buf_N.c **** *
  35:.\Generated_Source\PSoC4/Audio_Buf_N.c **** * Return:
  36:.\Generated_Source\PSoC4/Audio_Buf_N.c **** *  None
  37:.\Generated_Source\PSoC4/Audio_Buf_N.c **** *
  38:.\Generated_Source\PSoC4/Audio_Buf_N.c **** *******************************************************************************/
  39:.\Generated_Source\PSoC4/Audio_Buf_N.c **** void Audio_Buf_N_Init(void)
  40:.\Generated_Source\PSoC4/Audio_Buf_N.c **** {
  26              		.loc 1 40 0
  27              		.cfi_startproc
  41:.\Generated_Source\PSoC4/Audio_Buf_N.c ****     Audio_Buf_N_internalPower = Audio_Buf_N_POWER;
  28              		.loc 1 41 0
  29 0000 0322     		mov	r2, #3
  30 0002 064B     		ldr	r3, .L2
  42:.\Generated_Source\PSoC4/Audio_Buf_N.c ****     Audio_Buf_N_CTB_CTRL_REG = Audio_Buf_N_DEFAULT_CTB_CTRL;
  43:.\Generated_Source\PSoC4/Audio_Buf_N.c ****     Audio_Buf_N_OA_RES_CTRL_REG = Audio_Buf_N_DEFAULT_OA_RES_CTRL;
  44:.\Generated_Source\PSoC4/Audio_Buf_N.c ****     Audio_Buf_N_OA_COMP_TRIM_REG = Audio_Buf_N_DEFAULT_OA_COMP_TRIM_REG;
  45:.\Generated_Source\PSoC4/Audio_Buf_N.c **** }
  31              		.loc 1 45 0
  32              		@ sp needed
  41:.\Generated_Source\PSoC4/Audio_Buf_N.c ****     Audio_Buf_N_internalPower = Audio_Buf_N_POWER;
  33              		.loc 1 41 0
  34 0004 1A60     		str	r2, [r3]
  42:.\Generated_Source\PSoC4/Audio_Buf_N.c ****     Audio_Buf_N_CTB_CTRL_REG = Audio_Buf_N_DEFAULT_CTB_CTRL;
  35              		.loc 1 42 0
  36 0006 8022     		mov	r2, #128
  37 0008 054B     		ldr	r3, .L2+4
  38 000a 1206     		lsl	r2, r2, #24
  39 000c 1A60     		str	r2, [r3]
  43:.\Generated_Source\PSoC4/Audio_Buf_N.c ****     Audio_Buf_N_OA_COMP_TRIM_REG = Audio_Buf_N_DEFAULT_OA_COMP_TRIM_REG;
  40              		.loc 1 43 0
  41 000e 0022     		mov	r2, #0
  42 0010 044B     		ldr	r3, .L2+8
  43 0012 1A60     		str	r2, [r3]
  44:.\Generated_Source\PSoC4/Audio_Buf_N.c **** }
  44              		.loc 1 44 0
  45 0014 044B     		ldr	r3, .L2+12
  46 0016 0132     		add	r2, r2, #1
  47 0018 1A60     		str	r2, [r3]
  48              		.loc 1 45 0
  49 001a 7047     		bx	lr
  50              	.L3:
  51              		.align	2
  52              	.L2:
  53 001c 00000000 		.word	.LANCHOR0
  54 0020 00001040 		.word	1074790400
  55 0024 08001040 		.word	1074790408
  56 0028 140F1040 		.word	1074794260
  57              		.cfi_endproc
  58              	.LFE0:
  59              		.size	Audio_Buf_N_Init, .-Audio_Buf_N_Init
  60              		.section	.text.Audio_Buf_N_Enable,"ax",%progbits
  61              		.align	1
  62              		.global	Audio_Buf_N_Enable
  63              		.code	16
  64              		.thumb_func
  65              		.type	Audio_Buf_N_Enable, %function
ARM GAS  C:\Users\User\AppData\Local\Temp\ccCb33vH.s 			page 3


  66              	Audio_Buf_N_Enable:
  67              	.LFB1:
  46:.\Generated_Source\PSoC4/Audio_Buf_N.c **** 
  47:.\Generated_Source\PSoC4/Audio_Buf_N.c **** 
  48:.\Generated_Source\PSoC4/Audio_Buf_N.c **** /*******************************************************************************
  49:.\Generated_Source\PSoC4/Audio_Buf_N.c **** * Function Name: Audio_Buf_N_Enable
  50:.\Generated_Source\PSoC4/Audio_Buf_N.c **** ********************************************************************************
  51:.\Generated_Source\PSoC4/Audio_Buf_N.c **** *
  52:.\Generated_Source\PSoC4/Audio_Buf_N.c **** * Summary:
  53:.\Generated_Source\PSoC4/Audio_Buf_N.c **** *  Activates the hardware and begins the component operation. It is not necessary to 
  54:.\Generated_Source\PSoC4/Audio_Buf_N.c **** *  call Enable() because the Start() API calls this function, which is the 
  55:.\Generated_Source\PSoC4/Audio_Buf_N.c **** *  preferred method to begin the component operation.
  56:.\Generated_Source\PSoC4/Audio_Buf_N.c **** *
  57:.\Generated_Source\PSoC4/Audio_Buf_N.c **** * Parameters:
  58:.\Generated_Source\PSoC4/Audio_Buf_N.c **** *  None
  59:.\Generated_Source\PSoC4/Audio_Buf_N.c **** *
  60:.\Generated_Source\PSoC4/Audio_Buf_N.c **** * Return:
  61:.\Generated_Source\PSoC4/Audio_Buf_N.c **** *  None
  62:.\Generated_Source\PSoC4/Audio_Buf_N.c **** *
  63:.\Generated_Source\PSoC4/Audio_Buf_N.c **** *******************************************************************************/
  64:.\Generated_Source\PSoC4/Audio_Buf_N.c **** void Audio_Buf_N_Enable(void)
  65:.\Generated_Source\PSoC4/Audio_Buf_N.c **** {
  68              		.loc 1 65 0
  69              		.cfi_startproc
  66:.\Generated_Source\PSoC4/Audio_Buf_N.c ****     Audio_Buf_N_OA_RES_CTRL_REG |= Audio_Buf_N_internalPower | \
  70              		.loc 1 66 0
  71 0000 044A     		ldr	r2, .L5
  72 0002 054B     		ldr	r3, .L5+4
  73 0004 1168     		ldr	r1, [r2]
  74 0006 1B68     		ldr	r3, [r3]
  67:.\Generated_Source\PSoC4/Audio_Buf_N.c ****                                         Audio_Buf_N_OA_PUMP_EN;
  68:.\Generated_Source\PSoC4/Audio_Buf_N.c **** }
  75              		.loc 1 68 0
  76              		@ sp needed
  66:.\Generated_Source\PSoC4/Audio_Buf_N.c ****     Audio_Buf_N_OA_RES_CTRL_REG |= Audio_Buf_N_internalPower | \
  77              		.loc 1 66 0
  78 0008 0B43     		orr	r3, r1
  79 000a 8021     		mov	r1, #128
  80 000c 0901     		lsl	r1, r1, #4
  81 000e 0B43     		orr	r3, r1
  82 0010 1360     		str	r3, [r2]
  83              		.loc 1 68 0
  84 0012 7047     		bx	lr
  85              	.L6:
  86              		.align	2
  87              	.L5:
  88 0014 08001040 		.word	1074790408
  89 0018 00000000 		.word	.LANCHOR0
  90              		.cfi_endproc
  91              	.LFE1:
  92              		.size	Audio_Buf_N_Enable, .-Audio_Buf_N_Enable
  93              		.section	.text.Audio_Buf_N_Start,"ax",%progbits
  94              		.align	1
  95              		.global	Audio_Buf_N_Start
  96              		.code	16
  97              		.thumb_func
  98              		.type	Audio_Buf_N_Start, %function
ARM GAS  C:\Users\User\AppData\Local\Temp\ccCb33vH.s 			page 4


  99              	Audio_Buf_N_Start:
 100              	.LFB2:
  69:.\Generated_Source\PSoC4/Audio_Buf_N.c **** 
  70:.\Generated_Source\PSoC4/Audio_Buf_N.c **** 
  71:.\Generated_Source\PSoC4/Audio_Buf_N.c **** /*******************************************************************************
  72:.\Generated_Source\PSoC4/Audio_Buf_N.c **** * Function Name: Audio_Buf_N_Start
  73:.\Generated_Source\PSoC4/Audio_Buf_N.c **** ********************************************************************************
  74:.\Generated_Source\PSoC4/Audio_Buf_N.c **** *
  75:.\Generated_Source\PSoC4/Audio_Buf_N.c **** * Summary:
  76:.\Generated_Source\PSoC4/Audio_Buf_N.c **** *  Performs all of the required initialization for the component and enables power 
  77:.\Generated_Source\PSoC4/Audio_Buf_N.c **** *  to the block. The first time the routine is executed, the Power level, Mode, 
  78:.\Generated_Source\PSoC4/Audio_Buf_N.c **** *  and Output mode are set. When called to restart the Opamp following a Stop() call, 
  79:.\Generated_Source\PSoC4/Audio_Buf_N.c **** *  the current component parameter settings are retained.
  80:.\Generated_Source\PSoC4/Audio_Buf_N.c **** *
  81:.\Generated_Source\PSoC4/Audio_Buf_N.c **** * Parameters:
  82:.\Generated_Source\PSoC4/Audio_Buf_N.c **** *  None
  83:.\Generated_Source\PSoC4/Audio_Buf_N.c **** *
  84:.\Generated_Source\PSoC4/Audio_Buf_N.c **** * Return:
  85:.\Generated_Source\PSoC4/Audio_Buf_N.c **** *  None
  86:.\Generated_Source\PSoC4/Audio_Buf_N.c **** *
  87:.\Generated_Source\PSoC4/Audio_Buf_N.c **** * Global variables:
  88:.\Generated_Source\PSoC4/Audio_Buf_N.c **** *  Audio_Buf_N_initVar: Used to check the initial configuration, modified
  89:.\Generated_Source\PSoC4/Audio_Buf_N.c **** *  when this function is called for the first time.
  90:.\Generated_Source\PSoC4/Audio_Buf_N.c **** *
  91:.\Generated_Source\PSoC4/Audio_Buf_N.c **** *******************************************************************************/
  92:.\Generated_Source\PSoC4/Audio_Buf_N.c **** void Audio_Buf_N_Start(void)
  93:.\Generated_Source\PSoC4/Audio_Buf_N.c **** {
 101              		.loc 1 93 0
 102              		.cfi_startproc
 103 0000 10B5     		push	{r4, lr}
 104              		.cfi_def_cfa_offset 8
 105              		.cfi_offset 4, -8
 106              		.cfi_offset 14, -4
  94:.\Generated_Source\PSoC4/Audio_Buf_N.c ****     if( 0u == Audio_Buf_N_initVar)
 107              		.loc 1 94 0
 108 0002 054C     		ldr	r4, .L10
 109 0004 2379     		ldrb	r3, [r4, #4]
 110 0006 002B     		cmp	r3, #0
 111 0008 03D1     		bne	.L8
  95:.\Generated_Source\PSoC4/Audio_Buf_N.c ****     {
  96:.\Generated_Source\PSoC4/Audio_Buf_N.c ****         Audio_Buf_N_Init();
 112              		.loc 1 96 0
 113 000a FFF7FEFF 		bl	Audio_Buf_N_Init
 114              	.LVL0:
  97:.\Generated_Source\PSoC4/Audio_Buf_N.c ****         Audio_Buf_N_initVar = 1u;
 115              		.loc 1 97 0
 116 000e 0123     		mov	r3, #1
 117 0010 2371     		strb	r3, [r4, #4]
 118              	.L8:
  98:.\Generated_Source\PSoC4/Audio_Buf_N.c ****     }
  99:.\Generated_Source\PSoC4/Audio_Buf_N.c ****     Audio_Buf_N_Enable();
 119              		.loc 1 99 0
 120 0012 FFF7FEFF 		bl	Audio_Buf_N_Enable
 121              	.LVL1:
 100:.\Generated_Source\PSoC4/Audio_Buf_N.c **** }
 122              		.loc 1 100 0
 123              		@ sp needed
ARM GAS  C:\Users\User\AppData\Local\Temp\ccCb33vH.s 			page 5


 124 0016 10BD     		pop	{r4, pc}
 125              	.L11:
 126              		.align	2
 127              	.L10:
 128 0018 00000000 		.word	.LANCHOR0
 129              		.cfi_endproc
 130              	.LFE2:
 131              		.size	Audio_Buf_N_Start, .-Audio_Buf_N_Start
 132              		.section	.text.Audio_Buf_N_Stop,"ax",%progbits
 133              		.align	1
 134              		.global	Audio_Buf_N_Stop
 135              		.code	16
 136              		.thumb_func
 137              		.type	Audio_Buf_N_Stop, %function
 138              	Audio_Buf_N_Stop:
 139              	.LFB3:
 101:.\Generated_Source\PSoC4/Audio_Buf_N.c **** 
 102:.\Generated_Source\PSoC4/Audio_Buf_N.c **** 
 103:.\Generated_Source\PSoC4/Audio_Buf_N.c **** /*******************************************************************************
 104:.\Generated_Source\PSoC4/Audio_Buf_N.c **** * Function Name: Audio_Buf_N_Stop
 105:.\Generated_Source\PSoC4/Audio_Buf_N.c **** ********************************************************************************
 106:.\Generated_Source\PSoC4/Audio_Buf_N.c **** *
 107:.\Generated_Source\PSoC4/Audio_Buf_N.c **** * Summary:
 108:.\Generated_Source\PSoC4/Audio_Buf_N.c **** *  Turn off the Opamp block.
 109:.\Generated_Source\PSoC4/Audio_Buf_N.c **** *
 110:.\Generated_Source\PSoC4/Audio_Buf_N.c **** * Parameters:
 111:.\Generated_Source\PSoC4/Audio_Buf_N.c **** *  None
 112:.\Generated_Source\PSoC4/Audio_Buf_N.c **** *
 113:.\Generated_Source\PSoC4/Audio_Buf_N.c **** * Return:
 114:.\Generated_Source\PSoC4/Audio_Buf_N.c **** *  None
 115:.\Generated_Source\PSoC4/Audio_Buf_N.c **** *
 116:.\Generated_Source\PSoC4/Audio_Buf_N.c **** *******************************************************************************/
 117:.\Generated_Source\PSoC4/Audio_Buf_N.c **** void Audio_Buf_N_Stop(void)
 118:.\Generated_Source\PSoC4/Audio_Buf_N.c **** {
 140              		.loc 1 118 0
 141              		.cfi_startproc
 119:.\Generated_Source\PSoC4/Audio_Buf_N.c ****     Audio_Buf_N_OA_RES_CTRL_REG &= ((uint32)~(Audio_Buf_N_OA_PWR_MODE_MASK | \
 142              		.loc 1 119 0
 143 0000 024A     		ldr	r2, .L13
 144 0002 034B     		ldr	r3, .L13+4
 145 0004 1168     		ldr	r1, [r2]
 120:.\Generated_Source\PSoC4/Audio_Buf_N.c ****                                                    Audio_Buf_N_OA_PUMP_EN));
 121:.\Generated_Source\PSoC4/Audio_Buf_N.c **** }
 146              		.loc 1 121 0
 147              		@ sp needed
 119:.\Generated_Source\PSoC4/Audio_Buf_N.c ****     Audio_Buf_N_OA_RES_CTRL_REG &= ((uint32)~(Audio_Buf_N_OA_PWR_MODE_MASK | \
 148              		.loc 1 119 0
 149 0006 0B40     		and	r3, r1
 150 0008 1360     		str	r3, [r2]
 151              		.loc 1 121 0
 152 000a 7047     		bx	lr
 153              	.L14:
 154              		.align	2
 155              	.L13:
 156 000c 08001040 		.word	1074790408
 157 0010 FCF7FFFF 		.word	-2052
 158              		.cfi_endproc
ARM GAS  C:\Users\User\AppData\Local\Temp\ccCb33vH.s 			page 6


 159              	.LFE3:
 160              		.size	Audio_Buf_N_Stop, .-Audio_Buf_N_Stop
 161              		.section	.text.Audio_Buf_N_SetPower,"ax",%progbits
 162              		.align	1
 163              		.global	Audio_Buf_N_SetPower
 164              		.code	16
 165              		.thumb_func
 166              		.type	Audio_Buf_N_SetPower, %function
 167              	Audio_Buf_N_SetPower:
 168              	.LFB4:
 122:.\Generated_Source\PSoC4/Audio_Buf_N.c **** 
 123:.\Generated_Source\PSoC4/Audio_Buf_N.c **** 
 124:.\Generated_Source\PSoC4/Audio_Buf_N.c **** /*******************************************************************************
 125:.\Generated_Source\PSoC4/Audio_Buf_N.c **** * Function Name: Audio_Buf_N_SetPower
 126:.\Generated_Source\PSoC4/Audio_Buf_N.c **** ********************************************************************************
 127:.\Generated_Source\PSoC4/Audio_Buf_N.c **** *
 128:.\Generated_Source\PSoC4/Audio_Buf_N.c **** * Summary:
 129:.\Generated_Source\PSoC4/Audio_Buf_N.c **** *  Sets the Opamp to one of the three power levels.
 130:.\Generated_Source\PSoC4/Audio_Buf_N.c **** *
 131:.\Generated_Source\PSoC4/Audio_Buf_N.c **** * Parameters:
 132:.\Generated_Source\PSoC4/Audio_Buf_N.c **** *  power: power levels.
 133:.\Generated_Source\PSoC4/Audio_Buf_N.c **** *   Audio_Buf_N_LOW_POWER - Lowest active power
 134:.\Generated_Source\PSoC4/Audio_Buf_N.c **** *   Audio_Buf_N_MED_POWER - Medium power
 135:.\Generated_Source\PSoC4/Audio_Buf_N.c **** *   Audio_Buf_N_HIGH_POWER - Highest active power
 136:.\Generated_Source\PSoC4/Audio_Buf_N.c **** *
 137:.\Generated_Source\PSoC4/Audio_Buf_N.c **** * Return:
 138:.\Generated_Source\PSoC4/Audio_Buf_N.c **** *  None
 139:.\Generated_Source\PSoC4/Audio_Buf_N.c **** *
 140:.\Generated_Source\PSoC4/Audio_Buf_N.c **** **********************************************************************************/
 141:.\Generated_Source\PSoC4/Audio_Buf_N.c **** void Audio_Buf_N_SetPower(uint32 power)
 142:.\Generated_Source\PSoC4/Audio_Buf_N.c **** {
 169              		.loc 1 142 0
 170              		.cfi_startproc
 171              	.LVL2:
 143:.\Generated_Source\PSoC4/Audio_Buf_N.c ****     uint32 tmp;
 144:.\Generated_Source\PSoC4/Audio_Buf_N.c ****     
 145:.\Generated_Source\PSoC4/Audio_Buf_N.c ****     Audio_Buf_N_internalPower = Audio_Buf_N_GET_OA_PWR_MODE(power);
 172              		.loc 1 145 0
 173 0000 0321     		mov	r1, #3
 174 0002 044B     		ldr	r3, .L16
 175 0004 0840     		and	r0, r1
 176              	.LVL3:
 146:.\Generated_Source\PSoC4/Audio_Buf_N.c ****     tmp = Audio_Buf_N_OA_RES_CTRL_REG & \
 177              		.loc 1 146 0
 178 0006 044A     		ldr	r2, .L16+4
 145:.\Generated_Source\PSoC4/Audio_Buf_N.c ****     tmp = Audio_Buf_N_OA_RES_CTRL_REG & \
 179              		.loc 1 145 0
 180 0008 1860     		str	r0, [r3]
 181              		.loc 1 146 0
 182 000a 1368     		ldr	r3, [r2]
 183              	.LVL4:
 147:.\Generated_Source\PSoC4/Audio_Buf_N.c ****            (uint32)~Audio_Buf_N_OA_PWR_MODE_MASK;
 148:.\Generated_Source\PSoC4/Audio_Buf_N.c ****     Audio_Buf_N_OA_RES_CTRL_REG = tmp | Audio_Buf_N_internalPower;
 149:.\Generated_Source\PSoC4/Audio_Buf_N.c **** }
 184              		.loc 1 149 0
 185              		@ sp needed
 146:.\Generated_Source\PSoC4/Audio_Buf_N.c ****            (uint32)~Audio_Buf_N_OA_PWR_MODE_MASK;
ARM GAS  C:\Users\User\AppData\Local\Temp\ccCb33vH.s 			page 7


 186              		.loc 1 146 0
 187 000c 8B43     		bic	r3, r1
 188              	.LVL5:
 148:.\Generated_Source\PSoC4/Audio_Buf_N.c **** }
 189              		.loc 1 148 0
 190 000e 1843     		orr	r0, r3
 191 0010 1060     		str	r0, [r2]
 192              		.loc 1 149 0
 193 0012 7047     		bx	lr
 194              	.L17:
 195              		.align	2
 196              	.L16:
 197 0014 00000000 		.word	.LANCHOR0
 198 0018 08001040 		.word	1074790408
 199              		.cfi_endproc
 200              	.LFE4:
 201              		.size	Audio_Buf_N_SetPower, .-Audio_Buf_N_SetPower
 202              		.section	.text.Audio_Buf_N_PumpControl,"ax",%progbits
 203              		.align	1
 204              		.global	Audio_Buf_N_PumpControl
 205              		.code	16
 206              		.thumb_func
 207              		.type	Audio_Buf_N_PumpControl, %function
 208              	Audio_Buf_N_PumpControl:
 209              	.LFB5:
 150:.\Generated_Source\PSoC4/Audio_Buf_N.c **** 
 151:.\Generated_Source\PSoC4/Audio_Buf_N.c **** 
 152:.\Generated_Source\PSoC4/Audio_Buf_N.c **** /*******************************************************************************
 153:.\Generated_Source\PSoC4/Audio_Buf_N.c **** * Function Name: Audio_Buf_N_PumpControl
 154:.\Generated_Source\PSoC4/Audio_Buf_N.c **** ********************************************************************************
 155:.\Generated_Source\PSoC4/Audio_Buf_N.c **** *
 156:.\Generated_Source\PSoC4/Audio_Buf_N.c **** * Summary:
 157:.\Generated_Source\PSoC4/Audio_Buf_N.c **** *  Allows the user to turn the Opamp's boost pump on or off. By Default the Start() 
 158:.\Generated_Source\PSoC4/Audio_Buf_N.c **** *  function turns on the pump. Use this API to turn it off. The boost must be 
 159:.\Generated_Source\PSoC4/Audio_Buf_N.c **** *  turned on when the supply is less than 2.7 volts and off if the supply is more 
 160:.\Generated_Source\PSoC4/Audio_Buf_N.c **** *  than 4 volts.
 161:.\Generated_Source\PSoC4/Audio_Buf_N.c **** *
 162:.\Generated_Source\PSoC4/Audio_Buf_N.c **** * Parameters:
 163:.\Generated_Source\PSoC4/Audio_Buf_N.c **** *  onOff: Control the pump.
 164:.\Generated_Source\PSoC4/Audio_Buf_N.c **** *   Audio_Buf_N_PUMP_OFF - Turn off the pump
 165:.\Generated_Source\PSoC4/Audio_Buf_N.c **** *   Audio_Buf_N_PUMP_ON - Turn on the pump
 166:.\Generated_Source\PSoC4/Audio_Buf_N.c **** *
 167:.\Generated_Source\PSoC4/Audio_Buf_N.c **** * Return:
 168:.\Generated_Source\PSoC4/Audio_Buf_N.c **** *  None
 169:.\Generated_Source\PSoC4/Audio_Buf_N.c **** *
 170:.\Generated_Source\PSoC4/Audio_Buf_N.c **** **********************************************************************************/
 171:.\Generated_Source\PSoC4/Audio_Buf_N.c **** void Audio_Buf_N_PumpControl(uint32 onOff)
 172:.\Generated_Source\PSoC4/Audio_Buf_N.c **** {
 210              		.loc 1 172 0
 211              		.cfi_startproc
 212              	.LVL6:
 213 0000 064B     		ldr	r3, .L22
 173:.\Generated_Source\PSoC4/Audio_Buf_N.c ****     
 174:.\Generated_Source\PSoC4/Audio_Buf_N.c ****     if(0u != onOff)
 214              		.loc 1 174 0
 215 0002 0028     		cmp	r0, #0
 216 0004 04D0     		beq	.L19
ARM GAS  C:\Users\User\AppData\Local\Temp\ccCb33vH.s 			page 8


 175:.\Generated_Source\PSoC4/Audio_Buf_N.c ****     {
 176:.\Generated_Source\PSoC4/Audio_Buf_N.c ****         Audio_Buf_N_OA_RES_CTRL |= Audio_Buf_N_OA_PUMP_EN;    
 217              		.loc 1 176 0
 218 0006 8021     		mov	r1, #128
 219 0008 1A68     		ldr	r2, [r3]
 220 000a 0901     		lsl	r1, r1, #4
 221 000c 0A43     		orr	r2, r1
 222 000e 02E0     		b	.L21
 223              	.L19:
 177:.\Generated_Source\PSoC4/Audio_Buf_N.c ****     }
 178:.\Generated_Source\PSoC4/Audio_Buf_N.c ****     else
 179:.\Generated_Source\PSoC4/Audio_Buf_N.c ****     {
 180:.\Generated_Source\PSoC4/Audio_Buf_N.c ****         Audio_Buf_N_OA_RES_CTRL &= (uint32)~Audio_Buf_N_OA_PUMP_EN;
 224              		.loc 1 180 0
 225 0010 1968     		ldr	r1, [r3]
 226 0012 034A     		ldr	r2, .L22+4
 227 0014 0A40     		and	r2, r1
 228              	.L21:
 229 0016 1A60     		str	r2, [r3]
 181:.\Generated_Source\PSoC4/Audio_Buf_N.c ****     }
 182:.\Generated_Source\PSoC4/Audio_Buf_N.c **** }
 230              		.loc 1 182 0
 231              		@ sp needed
 232 0018 7047     		bx	lr
 233              	.L23:
 234 001a C046     		.align	2
 235              	.L22:
 236 001c 08001040 		.word	1074790408
 237 0020 FFF7FFFF 		.word	-2049
 238              		.cfi_endproc
 239              	.LFE5:
 240              		.size	Audio_Buf_N_PumpControl, .-Audio_Buf_N_PumpControl
 241              		.global	Audio_Buf_N_initVar
 242              		.bss
 243              		.align	2
 244              		.set	.LANCHOR0,. + 0
 245              		.type	Audio_Buf_N_internalPower, %object
 246              		.size	Audio_Buf_N_internalPower, 4
 247              	Audio_Buf_N_internalPower:
 248 0000 00000000 		.space	4
 249              		.type	Audio_Buf_N_initVar, %object
 250              		.size	Audio_Buf_N_initVar, 1
 251              	Audio_Buf_N_initVar:
 252 0004 00       		.space	1
 253 0005 000000   		.text
 254              	.Letext0:
 255              		.file 2 ".\\Generated_Source\\PSoC4\\cytypes.h"
 256              		.section	.debug_info,"",%progbits
 257              	.Ldebug_info0:
 258 0000 7A010000 		.4byte	0x17a
 259 0004 0400     		.2byte	0x4
 260 0006 00000000 		.4byte	.Ldebug_abbrev0
 261 000a 04       		.byte	0x4
 262 000b 01       		.uleb128 0x1
 263 000c 1A000000 		.4byte	.LASF24
 264 0010 01       		.byte	0x1
 265 0011 D4000000 		.4byte	.LASF25
ARM GAS  C:\Users\User\AppData\Local\Temp\ccCb33vH.s 			page 9


 266 0015 B0010000 		.4byte	.LASF26
 267 0019 00000000 		.4byte	.Ldebug_ranges0+0
 268 001d 00000000 		.4byte	0
 269 0021 00000000 		.4byte	.Ldebug_line0
 270 0025 02       		.uleb128 0x2
 271 0026 01       		.byte	0x1
 272 0027 06       		.byte	0x6
 273 0028 33020000 		.4byte	.LASF0
 274 002c 02       		.uleb128 0x2
 275 002d 01       		.byte	0x1
 276 002e 08       		.byte	0x8
 277 002f C6000000 		.4byte	.LASF1
 278 0033 02       		.uleb128 0x2
 279 0034 02       		.byte	0x2
 280 0035 05       		.byte	0x5
 281 0036 09020000 		.4byte	.LASF2
 282 003a 02       		.uleb128 0x2
 283 003b 02       		.byte	0x2
 284 003c 07       		.byte	0x7
 285 003d 0D010000 		.4byte	.LASF3
 286 0041 02       		.uleb128 0x2
 287 0042 04       		.byte	0x4
 288 0043 05       		.byte	0x5
 289 0044 19020000 		.4byte	.LASF4
 290 0048 02       		.uleb128 0x2
 291 0049 04       		.byte	0x4
 292 004a 07       		.byte	0x7
 293 004b FB000000 		.4byte	.LASF5
 294 004f 02       		.uleb128 0x2
 295 0050 08       		.byte	0x8
 296 0051 05       		.byte	0x5
 297 0052 E3010000 		.4byte	.LASF6
 298 0056 02       		.uleb128 0x2
 299 0057 08       		.byte	0x8
 300 0058 07       		.byte	0x7
 301 0059 6A010000 		.4byte	.LASF7
 302 005d 03       		.uleb128 0x3
 303 005e 04       		.byte	0x4
 304 005f 05       		.byte	0x5
 305 0060 696E7400 		.ascii	"int\000"
 306 0064 02       		.uleb128 0x2
 307 0065 04       		.byte	0x4
 308 0066 07       		.byte	0x7
 309 0067 5D010000 		.4byte	.LASF8
 310 006b 04       		.uleb128 0x4
 311 006c 13020000 		.4byte	.LASF9
 312 0070 02       		.byte	0x2
 313 0071 3801     		.2byte	0x138
 314 0073 2C000000 		.4byte	0x2c
 315 0077 04       		.uleb128 0x4
 316 0078 45010000 		.4byte	.LASF10
 317 007c 02       		.byte	0x2
 318 007d 3A01     		.2byte	0x13a
 319 007f 48000000 		.4byte	0x48
 320 0083 02       		.uleb128 0x2
 321 0084 04       		.byte	0x4
 322 0085 04       		.byte	0x4
ARM GAS  C:\Users\User\AppData\Local\Temp\ccCb33vH.s 			page 10


 323 0086 C0000000 		.4byte	.LASF11
 324 008a 02       		.uleb128 0x2
 325 008b 08       		.byte	0x8
 326 008c 04       		.byte	0x4
 327 008d 38010000 		.4byte	.LASF12
 328 0091 02       		.uleb128 0x2
 329 0092 01       		.byte	0x1
 330 0093 08       		.byte	0x8
 331 0094 F1010000 		.4byte	.LASF13
 332 0098 04       		.uleb128 0x4
 333 0099 14000000 		.4byte	.LASF14
 334 009d 02       		.byte	0x2
 335 009e E401     		.2byte	0x1e4
 336 00a0 A4000000 		.4byte	0xa4
 337 00a4 05       		.uleb128 0x5
 338 00a5 77000000 		.4byte	0x77
 339 00a9 06       		.uleb128 0x6
 340 00aa 4C010000 		.4byte	.LASF15
 341 00ae 01       		.byte	0x1
 342 00af 27       		.byte	0x27
 343 00b0 00000000 		.4byte	.LFB0
 344 00b4 2C000000 		.4byte	.LFE0-.LFB0
 345 00b8 01       		.uleb128 0x1
 346 00b9 9C       		.byte	0x9c
 347 00ba 06       		.uleb128 0x6
 348 00bb F6010000 		.4byte	.LASF16
 349 00bf 01       		.byte	0x1
 350 00c0 40       		.byte	0x40
 351 00c1 00000000 		.4byte	.LFB1
 352 00c5 1C000000 		.4byte	.LFE1-.LFB1
 353 00c9 01       		.uleb128 0x1
 354 00ca 9C       		.byte	0x9c
 355 00cb 07       		.uleb128 0x7
 356 00cc A8000000 		.4byte	.LASF18
 357 00d0 01       		.byte	0x1
 358 00d1 5C       		.byte	0x5c
 359 00d2 00000000 		.4byte	.LFB2
 360 00d6 1C000000 		.4byte	.LFE2-.LFB2
 361 00da 01       		.uleb128 0x1
 362 00db 9C       		.byte	0x9c
 363 00dc F3000000 		.4byte	0xf3
 364 00e0 08       		.uleb128 0x8
 365 00e1 0E000000 		.4byte	.LVL0
 366 00e5 A9000000 		.4byte	0xa9
 367 00e9 08       		.uleb128 0x8
 368 00ea 16000000 		.4byte	.LVL1
 369 00ee BA000000 		.4byte	0xba
 370 00f2 00       		.byte	0
 371 00f3 06       		.uleb128 0x6
 372 00f4 22020000 		.4byte	.LASF17
 373 00f8 01       		.byte	0x1
 374 00f9 75       		.byte	0x75
 375 00fa 00000000 		.4byte	.LFB3
 376 00fe 14000000 		.4byte	.LFE3-.LFB3
 377 0102 01       		.uleb128 0x1
 378 0103 9C       		.byte	0x9c
 379 0104 07       		.uleb128 0x7
ARM GAS  C:\Users\User\AppData\Local\Temp\ccCb33vH.s 			page 11


 380 0105 81010000 		.4byte	.LASF19
 381 0109 01       		.byte	0x1
 382 010a 8D       		.byte	0x8d
 383 010b 00000000 		.4byte	.LFB4
 384 010f 1C000000 		.4byte	.LFE4-.LFB4
 385 0113 01       		.uleb128 0x1
 386 0114 9C       		.byte	0x9c
 387 0115 38010000 		.4byte	0x138
 388 0119 09       		.uleb128 0x9
 389 011a BA000000 		.4byte	.LASF21
 390 011e 01       		.byte	0x1
 391 011f 8D       		.byte	0x8d
 392 0120 77000000 		.4byte	0x77
 393 0124 00000000 		.4byte	.LLST0
 394 0128 0A       		.uleb128 0xa
 395 0129 746D7000 		.ascii	"tmp\000"
 396 012d 01       		.byte	0x1
 397 012e 8F       		.byte	0x8f
 398 012f 77000000 		.4byte	0x77
 399 0133 21000000 		.4byte	.LLST1
 400 0137 00       		.byte	0
 401 0138 07       		.uleb128 0x7
 402 0139 20010000 		.4byte	.LASF20
 403 013d 01       		.byte	0x1
 404 013e AB       		.byte	0xab
 405 013f 00000000 		.4byte	.LFB5
 406 0143 24000000 		.4byte	.LFE5-.LFB5
 407 0147 01       		.uleb128 0x1
 408 0148 9C       		.byte	0x9c
 409 0149 5B010000 		.4byte	0x15b
 410 014d 0B       		.uleb128 0xb
 411 014e 3F010000 		.4byte	.LASF22
 412 0152 01       		.byte	0x1
 413 0153 AB       		.byte	0xab
 414 0154 77000000 		.4byte	0x77
 415 0158 01       		.uleb128 0x1
 416 0159 50       		.byte	0x50
 417 015a 00       		.byte	0
 418 015b 0C       		.uleb128 0xc
 419 015c 96010000 		.4byte	.LASF23
 420 0160 01       		.byte	0x1
 421 0161 14       		.byte	0x14
 422 0162 77000000 		.4byte	0x77
 423 0166 05       		.uleb128 0x5
 424 0167 03       		.byte	0x3
 425 0168 00000000 		.4byte	Audio_Buf_N_internalPower
 426 016c 0D       		.uleb128 0xd
 427 016d 00000000 		.4byte	.LASF27
 428 0171 01       		.byte	0x1
 429 0172 13       		.byte	0x13
 430 0173 6B000000 		.4byte	0x6b
 431 0177 05       		.uleb128 0x5
 432 0178 03       		.byte	0x3
 433 0179 00000000 		.4byte	Audio_Buf_N_initVar
 434 017d 00       		.byte	0
 435              		.section	.debug_abbrev,"",%progbits
 436              	.Ldebug_abbrev0:
ARM GAS  C:\Users\User\AppData\Local\Temp\ccCb33vH.s 			page 12


 437 0000 01       		.uleb128 0x1
 438 0001 11       		.uleb128 0x11
 439 0002 01       		.byte	0x1
 440 0003 25       		.uleb128 0x25
 441 0004 0E       		.uleb128 0xe
 442 0005 13       		.uleb128 0x13
 443 0006 0B       		.uleb128 0xb
 444 0007 03       		.uleb128 0x3
 445 0008 0E       		.uleb128 0xe
 446 0009 1B       		.uleb128 0x1b
 447 000a 0E       		.uleb128 0xe
 448 000b 55       		.uleb128 0x55
 449 000c 17       		.uleb128 0x17
 450 000d 11       		.uleb128 0x11
 451 000e 01       		.uleb128 0x1
 452 000f 10       		.uleb128 0x10
 453 0010 17       		.uleb128 0x17
 454 0011 00       		.byte	0
 455 0012 00       		.byte	0
 456 0013 02       		.uleb128 0x2
 457 0014 24       		.uleb128 0x24
 458 0015 00       		.byte	0
 459 0016 0B       		.uleb128 0xb
 460 0017 0B       		.uleb128 0xb
 461 0018 3E       		.uleb128 0x3e
 462 0019 0B       		.uleb128 0xb
 463 001a 03       		.uleb128 0x3
 464 001b 0E       		.uleb128 0xe
 465 001c 00       		.byte	0
 466 001d 00       		.byte	0
 467 001e 03       		.uleb128 0x3
 468 001f 24       		.uleb128 0x24
 469 0020 00       		.byte	0
 470 0021 0B       		.uleb128 0xb
 471 0022 0B       		.uleb128 0xb
 472 0023 3E       		.uleb128 0x3e
 473 0024 0B       		.uleb128 0xb
 474 0025 03       		.uleb128 0x3
 475 0026 08       		.uleb128 0x8
 476 0027 00       		.byte	0
 477 0028 00       		.byte	0
 478 0029 04       		.uleb128 0x4
 479 002a 16       		.uleb128 0x16
 480 002b 00       		.byte	0
 481 002c 03       		.uleb128 0x3
 482 002d 0E       		.uleb128 0xe
 483 002e 3A       		.uleb128 0x3a
 484 002f 0B       		.uleb128 0xb
 485 0030 3B       		.uleb128 0x3b
 486 0031 05       		.uleb128 0x5
 487 0032 49       		.uleb128 0x49
 488 0033 13       		.uleb128 0x13
 489 0034 00       		.byte	0
 490 0035 00       		.byte	0
 491 0036 05       		.uleb128 0x5
 492 0037 35       		.uleb128 0x35
 493 0038 00       		.byte	0
ARM GAS  C:\Users\User\AppData\Local\Temp\ccCb33vH.s 			page 13


 494 0039 49       		.uleb128 0x49
 495 003a 13       		.uleb128 0x13
 496 003b 00       		.byte	0
 497 003c 00       		.byte	0
 498 003d 06       		.uleb128 0x6
 499 003e 2E       		.uleb128 0x2e
 500 003f 00       		.byte	0
 501 0040 3F       		.uleb128 0x3f
 502 0041 19       		.uleb128 0x19
 503 0042 03       		.uleb128 0x3
 504 0043 0E       		.uleb128 0xe
 505 0044 3A       		.uleb128 0x3a
 506 0045 0B       		.uleb128 0xb
 507 0046 3B       		.uleb128 0x3b
 508 0047 0B       		.uleb128 0xb
 509 0048 27       		.uleb128 0x27
 510 0049 19       		.uleb128 0x19
 511 004a 11       		.uleb128 0x11
 512 004b 01       		.uleb128 0x1
 513 004c 12       		.uleb128 0x12
 514 004d 06       		.uleb128 0x6
 515 004e 40       		.uleb128 0x40
 516 004f 18       		.uleb128 0x18
 517 0050 9742     		.uleb128 0x2117
 518 0052 19       		.uleb128 0x19
 519 0053 00       		.byte	0
 520 0054 00       		.byte	0
 521 0055 07       		.uleb128 0x7
 522 0056 2E       		.uleb128 0x2e
 523 0057 01       		.byte	0x1
 524 0058 3F       		.uleb128 0x3f
 525 0059 19       		.uleb128 0x19
 526 005a 03       		.uleb128 0x3
 527 005b 0E       		.uleb128 0xe
 528 005c 3A       		.uleb128 0x3a
 529 005d 0B       		.uleb128 0xb
 530 005e 3B       		.uleb128 0x3b
 531 005f 0B       		.uleb128 0xb
 532 0060 27       		.uleb128 0x27
 533 0061 19       		.uleb128 0x19
 534 0062 11       		.uleb128 0x11
 535 0063 01       		.uleb128 0x1
 536 0064 12       		.uleb128 0x12
 537 0065 06       		.uleb128 0x6
 538 0066 40       		.uleb128 0x40
 539 0067 18       		.uleb128 0x18
 540 0068 9742     		.uleb128 0x2117
 541 006a 19       		.uleb128 0x19
 542 006b 01       		.uleb128 0x1
 543 006c 13       		.uleb128 0x13
 544 006d 00       		.byte	0
 545 006e 00       		.byte	0
 546 006f 08       		.uleb128 0x8
 547 0070 898201   		.uleb128 0x4109
 548 0073 00       		.byte	0
 549 0074 11       		.uleb128 0x11
 550 0075 01       		.uleb128 0x1
ARM GAS  C:\Users\User\AppData\Local\Temp\ccCb33vH.s 			page 14


 551 0076 31       		.uleb128 0x31
 552 0077 13       		.uleb128 0x13
 553 0078 00       		.byte	0
 554 0079 00       		.byte	0
 555 007a 09       		.uleb128 0x9
 556 007b 05       		.uleb128 0x5
 557 007c 00       		.byte	0
 558 007d 03       		.uleb128 0x3
 559 007e 0E       		.uleb128 0xe
 560 007f 3A       		.uleb128 0x3a
 561 0080 0B       		.uleb128 0xb
 562 0081 3B       		.uleb128 0x3b
 563 0082 0B       		.uleb128 0xb
 564 0083 49       		.uleb128 0x49
 565 0084 13       		.uleb128 0x13
 566 0085 02       		.uleb128 0x2
 567 0086 17       		.uleb128 0x17
 568 0087 00       		.byte	0
 569 0088 00       		.byte	0
 570 0089 0A       		.uleb128 0xa
 571 008a 34       		.uleb128 0x34
 572 008b 00       		.byte	0
 573 008c 03       		.uleb128 0x3
 574 008d 08       		.uleb128 0x8
 575 008e 3A       		.uleb128 0x3a
 576 008f 0B       		.uleb128 0xb
 577 0090 3B       		.uleb128 0x3b
 578 0091 0B       		.uleb128 0xb
 579 0092 49       		.uleb128 0x49
 580 0093 13       		.uleb128 0x13
 581 0094 02       		.uleb128 0x2
 582 0095 17       		.uleb128 0x17
 583 0096 00       		.byte	0
 584 0097 00       		.byte	0
 585 0098 0B       		.uleb128 0xb
 586 0099 05       		.uleb128 0x5
 587 009a 00       		.byte	0
 588 009b 03       		.uleb128 0x3
 589 009c 0E       		.uleb128 0xe
 590 009d 3A       		.uleb128 0x3a
 591 009e 0B       		.uleb128 0xb
 592 009f 3B       		.uleb128 0x3b
 593 00a0 0B       		.uleb128 0xb
 594 00a1 49       		.uleb128 0x49
 595 00a2 13       		.uleb128 0x13
 596 00a3 02       		.uleb128 0x2
 597 00a4 18       		.uleb128 0x18
 598 00a5 00       		.byte	0
 599 00a6 00       		.byte	0
 600 00a7 0C       		.uleb128 0xc
 601 00a8 34       		.uleb128 0x34
 602 00a9 00       		.byte	0
 603 00aa 03       		.uleb128 0x3
 604 00ab 0E       		.uleb128 0xe
 605 00ac 3A       		.uleb128 0x3a
 606 00ad 0B       		.uleb128 0xb
 607 00ae 3B       		.uleb128 0x3b
ARM GAS  C:\Users\User\AppData\Local\Temp\ccCb33vH.s 			page 15


 608 00af 0B       		.uleb128 0xb
 609 00b0 49       		.uleb128 0x49
 610 00b1 13       		.uleb128 0x13
 611 00b2 02       		.uleb128 0x2
 612 00b3 18       		.uleb128 0x18
 613 00b4 00       		.byte	0
 614 00b5 00       		.byte	0
 615 00b6 0D       		.uleb128 0xd
 616 00b7 34       		.uleb128 0x34
 617 00b8 00       		.byte	0
 618 00b9 03       		.uleb128 0x3
 619 00ba 0E       		.uleb128 0xe
 620 00bb 3A       		.uleb128 0x3a
 621 00bc 0B       		.uleb128 0xb
 622 00bd 3B       		.uleb128 0x3b
 623 00be 0B       		.uleb128 0xb
 624 00bf 49       		.uleb128 0x49
 625 00c0 13       		.uleb128 0x13
 626 00c1 3F       		.uleb128 0x3f
 627 00c2 19       		.uleb128 0x19
 628 00c3 02       		.uleb128 0x2
 629 00c4 18       		.uleb128 0x18
 630 00c5 00       		.byte	0
 631 00c6 00       		.byte	0
 632 00c7 00       		.byte	0
 633              		.section	.debug_loc,"",%progbits
 634              	.Ldebug_loc0:
 635              	.LLST0:
 636 0000 00000000 		.4byte	.LVL2
 637 0004 06000000 		.4byte	.LVL3
 638 0008 0100     		.2byte	0x1
 639 000a 50       		.byte	0x50
 640 000b 06000000 		.4byte	.LVL3
 641 000f 1C000000 		.4byte	.LFE4
 642 0013 0400     		.2byte	0x4
 643 0015 F3       		.byte	0xf3
 644 0016 01       		.uleb128 0x1
 645 0017 50       		.byte	0x50
 646 0018 9F       		.byte	0x9f
 647 0019 00000000 		.4byte	0
 648 001d 00000000 		.4byte	0
 649              	.LLST1:
 650 0021 0C000000 		.4byte	.LVL4
 651 0025 0E000000 		.4byte	.LVL5
 652 0029 0600     		.2byte	0x6
 653 002b 73       		.byte	0x73
 654 002c 00       		.sleb128 0
 655 002d 09       		.byte	0x9
 656 002e FC       		.byte	0xfc
 657 002f 1A       		.byte	0x1a
 658 0030 9F       		.byte	0x9f
 659 0031 00000000 		.4byte	0
 660 0035 00000000 		.4byte	0
 661              		.section	.debug_aranges,"",%progbits
 662 0000 44000000 		.4byte	0x44
 663 0004 0200     		.2byte	0x2
 664 0006 00000000 		.4byte	.Ldebug_info0
ARM GAS  C:\Users\User\AppData\Local\Temp\ccCb33vH.s 			page 16


 665 000a 04       		.byte	0x4
 666 000b 00       		.byte	0
 667 000c 0000     		.2byte	0
 668 000e 0000     		.2byte	0
 669 0010 00000000 		.4byte	.LFB0
 670 0014 2C000000 		.4byte	.LFE0-.LFB0
 671 0018 00000000 		.4byte	.LFB1
 672 001c 1C000000 		.4byte	.LFE1-.LFB1
 673 0020 00000000 		.4byte	.LFB2
 674 0024 1C000000 		.4byte	.LFE2-.LFB2
 675 0028 00000000 		.4byte	.LFB3
 676 002c 14000000 		.4byte	.LFE3-.LFB3
 677 0030 00000000 		.4byte	.LFB4
 678 0034 1C000000 		.4byte	.LFE4-.LFB4
 679 0038 00000000 		.4byte	.LFB5
 680 003c 24000000 		.4byte	.LFE5-.LFB5
 681 0040 00000000 		.4byte	0
 682 0044 00000000 		.4byte	0
 683              		.section	.debug_ranges,"",%progbits
 684              	.Ldebug_ranges0:
 685 0000 00000000 		.4byte	.LFB0
 686 0004 2C000000 		.4byte	.LFE0
 687 0008 00000000 		.4byte	.LFB1
 688 000c 1C000000 		.4byte	.LFE1
 689 0010 00000000 		.4byte	.LFB2
 690 0014 1C000000 		.4byte	.LFE2
 691 0018 00000000 		.4byte	.LFB3
 692 001c 14000000 		.4byte	.LFE3
 693 0020 00000000 		.4byte	.LFB4
 694 0024 1C000000 		.4byte	.LFE4
 695 0028 00000000 		.4byte	.LFB5
 696 002c 24000000 		.4byte	.LFE5
 697 0030 00000000 		.4byte	0
 698 0034 00000000 		.4byte	0
 699              		.section	.debug_line,"",%progbits
 700              	.Ldebug_line0:
 701 0000 CF000000 		.section	.debug_str,"MS",%progbits,1
 701      02004A00 
 701      00000201 
 701      FB0E0D00 
 701      01010101 
 702              	.LASF27:
 703 0000 41756469 		.ascii	"Audio_Buf_N_initVar\000"
 703      6F5F4275 
 703      665F4E5F 
 703      696E6974 
 703      56617200 
 704              	.LASF14:
 705 0014 72656733 		.ascii	"reg32\000"
 705      3200
 706              	.LASF24:
 707 001a 474E5520 		.ascii	"GNU C 4.9.3 20150303 (release) [ARM/embedded-4_9-br"
 707      4320342E 
 707      392E3320 
 707      32303135 
 707      30333033 
 708 004d 616E6368 		.ascii	"anch revision 221220] -mcpu=cortex-m0 -mthumb -g -O"
ARM GAS  C:\Users\User\AppData\Local\Temp\ccCb33vH.s 			page 17


 708      20726576 
 708      6973696F 
 708      6E203232 
 708      31323230 
 709 0080 73202D66 		.ascii	"s -ffunction-sections -ffat-lto-objects\000"
 709      66756E63 
 709      74696F6E 
 709      2D736563 
 709      74696F6E 
 710              	.LASF18:
 711 00a8 41756469 		.ascii	"Audio_Buf_N_Start\000"
 711      6F5F4275 
 711      665F4E5F 
 711      53746172 
 711      7400
 712              	.LASF21:
 713 00ba 706F7765 		.ascii	"power\000"
 713      7200
 714              	.LASF11:
 715 00c0 666C6F61 		.ascii	"float\000"
 715      7400
 716              	.LASF1:
 717 00c6 756E7369 		.ascii	"unsigned char\000"
 717      676E6564 
 717      20636861 
 717      7200
 718              	.LASF25:
 719 00d4 2E5C4765 		.ascii	".\\Generated_Source\\PSoC4\\Audio_Buf_N.c\000"
 719      6E657261 
 719      7465645F 
 719      536F7572 
 719      63655C50 
 720              	.LASF5:
 721 00fb 6C6F6E67 		.ascii	"long unsigned int\000"
 721      20756E73 
 721      69676E65 
 721      6420696E 
 721      7400
 722              	.LASF3:
 723 010d 73686F72 		.ascii	"short unsigned int\000"
 723      7420756E 
 723      7369676E 
 723      65642069 
 723      6E7400
 724              	.LASF20:
 725 0120 41756469 		.ascii	"Audio_Buf_N_PumpControl\000"
 725      6F5F4275 
 725      665F4E5F 
 725      50756D70 
 725      436F6E74 
 726              	.LASF12:
 727 0138 646F7562 		.ascii	"double\000"
 727      6C6500
 728              	.LASF22:
 729 013f 6F6E4F66 		.ascii	"onOff\000"
 729      6600
 730              	.LASF10:
ARM GAS  C:\Users\User\AppData\Local\Temp\ccCb33vH.s 			page 18


 731 0145 75696E74 		.ascii	"uint32\000"
 731      333200
 732              	.LASF15:
 733 014c 41756469 		.ascii	"Audio_Buf_N_Init\000"
 733      6F5F4275 
 733      665F4E5F 
 733      496E6974 
 733      00
 734              	.LASF8:
 735 015d 756E7369 		.ascii	"unsigned int\000"
 735      676E6564 
 735      20696E74 
 735      00
 736              	.LASF7:
 737 016a 6C6F6E67 		.ascii	"long long unsigned int\000"
 737      206C6F6E 
 737      6720756E 
 737      7369676E 
 737      65642069 
 738              	.LASF19:
 739 0181 41756469 		.ascii	"Audio_Buf_N_SetPower\000"
 739      6F5F4275 
 739      665F4E5F 
 739      53657450 
 739      6F776572 
 740              	.LASF23:
 741 0196 41756469 		.ascii	"Audio_Buf_N_internalPower\000"
 741      6F5F4275 
 741      665F4E5F 
 741      696E7465 
 741      726E616C 
 742              	.LASF26:
 743 01b0 433A5C55 		.ascii	"C:\\Users\\User\\Documents\\PSoC Creator\\FFT\\FFT."
 743      73657273 
 743      5C557365 
 743      725C446F 
 743      63756D65 
 744 01dd 63796473 		.ascii	"cydsn\000"
 744      6E00
 745              	.LASF6:
 746 01e3 6C6F6E67 		.ascii	"long long int\000"
 746      206C6F6E 
 746      6720696E 
 746      7400
 747              	.LASF13:
 748 01f1 63686172 		.ascii	"char\000"
 748      00
 749              	.LASF16:
 750 01f6 41756469 		.ascii	"Audio_Buf_N_Enable\000"
 750      6F5F4275 
 750      665F4E5F 
 750      456E6162 
 750      6C6500
 751              	.LASF2:
 752 0209 73686F72 		.ascii	"short int\000"
 752      7420696E 
 752      7400
ARM GAS  C:\Users\User\AppData\Local\Temp\ccCb33vH.s 			page 19


 753              	.LASF9:
 754 0213 75696E74 		.ascii	"uint8\000"
 754      3800
 755              	.LASF4:
 756 0219 6C6F6E67 		.ascii	"long int\000"
 756      20696E74 
 756      00
 757              	.LASF17:
 758 0222 41756469 		.ascii	"Audio_Buf_N_Stop\000"
 758      6F5F4275 
 758      665F4E5F 
 758      53746F70 
 758      00
 759              	.LASF0:
 760 0233 7369676E 		.ascii	"signed char\000"
 760      65642063 
 760      68617200 
 761              		.ident	"GCC: (GNU Tools for ARM Embedded Processors) 4.9.3 20150303 (release) [ARM/embedded-4_9-br
