--------------- Clean Started: 06/23/2016 15:12:12 Project: FFT, Configuration: ARM GCC 4.9-2015-q1-update Release ---------------
Deleting file ".\CortexM0\ARM_GCC_493\Release\main.o"
Deleting file ".\CortexM0\ARM_GCC_493\Release\ssd1306.o"
Deleting file ".\CortexM0\ARM_GCC_493\Release\ssd1306x.o"
Deleting file ".\CortexM0\ARM_GCC_493\Release\cyfitter_cfg.o"
Deleting file ".\CortexM0\ARM_GCC_493\Release\cymetadata.o"
Deleting file ".\CortexM0\ARM_GCC_493\Release\ADC_1.o"
Deleting file ".\CortexM0\ARM_GCC_493\Release\ADC_1_PM.o"
Deleting file ".\CortexM0\ARM_GCC_493\Release\ADC_1_INT.o"
Deleting file ".\CortexM0\ARM_GCC_493\Release\Audio_P.o"
Deleting file ".\CortexM0\ARM_GCC_493\Release\Audio_P_PM.o"
Deleting file ".\CortexM0\ARM_GCC_493\Release\Audio_N.o"
Deleting file ".\CortexM0\ARM_GCC_493\Release\Audio_N_PM.o"
Deleting file ".\CortexM0\ARM_GCC_493\Release\isr_adc.o"
Deleting file ".\CortexM0\ARM_GCC_493\Release\Audio_Buf_P.o"
Deleting file ".\CortexM0\ARM_GCC_493\Release\Audio_Buf_P_PM.o"
Deleting file ".\CortexM0\ARM_GCC_493\Release\Audio_Buf_N.o"
Deleting file ".\CortexM0\ARM_GCC_493\Release\Audio_Buf_N_PM.o"
Deleting file ".\CortexM0\ARM_GCC_493\Release\ADC_1_IRQ.o"
Deleting file ".\CortexM0\ARM_GCC_493\Release\ADC_1_intClock.o"
Deleting file ".\CortexM0\ARM_GCC_493\Release\Cm0Start.o"
Deleting file ".\CortexM0\ARM_GCC_493\Release\CyBootAsmGnu.o"
Deleting file ".\CortexM0\ARM_GCC_493\Release\CyFlash.o"
Deleting file ".\CortexM0\ARM_GCC_493\Release\CyLib.o"
Deleting file ".\CortexM0\ARM_GCC_493\Release\cyPm.o"
Deleting file ".\CortexM0\ARM_GCC_493\Release\cyutils.o"
Deleting file ".\CortexM0\ARM_GCC_493\Release\CyLFClk.o"
Deleting file ".\CortexM0\ARM_GCC_493\Release\I2COLED.o"
Deleting file ".\CortexM0\ARM_GCC_493\Release\I2COLED_I2C_INT.o"
Deleting file ".\CortexM0\ARM_GCC_493\Release\I2COLED_I2C.o"
Deleting file ".\CortexM0\ARM_GCC_493\Release\I2COLED_I2C_BOOT.o"
Deleting file ".\CortexM0\ARM_GCC_493\Release\I2COLED_I2C_MASTER.o"
Deleting file ".\CortexM0\ARM_GCC_493\Release\I2COLED_PM.o"
Deleting file ".\CortexM0\ARM_GCC_493\Release\I2COLED_BOOT.o"
Deleting file ".\CortexM0\ARM_GCC_493\Release\I2COLED_SCBCLK.o"
Deleting file ".\CortexM0\ARM_GCC_493\Release\I2COLED_sda.o"
Deleting file ".\CortexM0\ARM_GCC_493\Release\I2COLED_sda_PM.o"
Deleting file ".\CortexM0\ARM_GCC_493\Release\I2COLED_scl.o"
Deleting file ".\CortexM0\ARM_GCC_493\Release\I2COLED_scl_PM.o"
Deleting file ".\CortexM0\ARM_GCC_493\Release\I2COLED_SCB_IRQ.o"
Deleting file ".\CortexM0\ARM_GCC_493\Release\FFT.hex"
Deleting file ".\CortexM0\ARM_GCC_493\Release\FFT.elf"
Deleting file ".\CortexM0\ARM_GCC_493\Release\FFT.map"
Deleting file ".\FFT.cycdx"
Deleting file ".\FFT.svd"
Deleting file ".\FFT.rpt"
Deleting file ".\FFT_timing.html"
Deleting file ".\CortexM0\ARM_GCC_493\Release\.deps\C_FILE.P"
Deleting file ".\CortexM0\ARM_GCC_493\Release\.deps\ARM_C_FILE.P"
Deleting file ".\CortexM0\ARM_GCC_493\Release\.deps\GNU_ARM_ASM_FILE.P"
--------------- Clean Succeeded: 06/23/2016 15:12:13 ---------------
