ARM GAS  C:\Users\User\AppData\Local\Temp\cc8nYK6a.s 			page 1


   1              		.cpu cortex-m0
   2              		.fpu softvfp
   3              		.eabi_attribute 20, 1
   4              		.eabi_attribute 21, 1
   5              		.eabi_attribute 23, 3
   6              		.eabi_attribute 24, 1
   7              		.eabi_attribute 25, 1
   8              		.eabi_attribute 26, 1
   9              		.eabi_attribute 30, 1
  10              		.eabi_attribute 34, 0
  11              		.eabi_attribute 18, 4
  12              		.code	16
  13              		.file	"main.c"
  14              		.text
  15              	.Ltext0:
  16              		.cfi_sections	.debug_frame
  17              		.global	__aeabi_i2d
  18              		.global	__aeabi_dmul
  19              		.global	__aeabi_ddiv
  20              		.section	.text.twiddle_factor,"ax",%progbits
  21              		.align	2
  22              		.global	twiddle_factor
  23              		.code	16
  24              		.thumb_func
  25              		.type	twiddle_factor, %function
  26              	twiddle_factor:
  27              	.LFB34:
  28              		.file 1 ".\\main.c"
   1:.\main.c      **** /**************
   2:.\main.c      ****  * FFT on PSoC4
   3:.\main.c      ****  **************
   4:.\main.c      ****  * A project by @KaiserHaz
   5:.\main.c      ****  * 
   6:.\main.c      ****  * Description:
   7:.\main.c      ****  * ************
   8:.\main.c      ****  *  
   9:.\main.c      ****  *  This project aims to demonstrate an FFT algorithm running on Cortex-M0.
  10:.\main.c      ****  *  In order to make things interesting, we will use it in the case of an audio
  11:.\main.c      ****  *   spectrum visualizer. It will be displayed on an OLED screen (SSD1306).
  12:.\main.c      ****  *  The FFT algorithm is based (most-probably) on Sorensen et al. (RFFT).
  13:.\main.c      ****  *  Initially I planned to implement an FFT on hardware using PSoC, but the PSoC 4200
  14:.\main.c      ****  *   I have does not contain enough resources to be able to do that, so I had to
  15:.\main.c      ****  *   make do with a software implementation.
  16:.\main.c      ****  *  But hey, at least I could make a (semi-)complete processing chain.
  17:.\main.c      ****  *
  18:.\main.c      ****  * Details:
  19:.\main.c      ****  * ********
  20:.\main.c      ****  *
  21:.\main.c      ****  * Signal input : Differential Mono (v1.0)
  22:.\main.c      ****  * FFT Length   : 16                (v1.0)
  23:.\main.c      ****  * FFT Algorithm: Radix-2 DIT FFT   (vSandbox)
  24:.\main.c      ****  * 
  25:.\main.c      ****  * Libraries:
  26:.\main.c      ****  * **********
  27:.\main.c      ****  *
  28:.\main.c      ****  * Several 'libraries' (actually they're PSoC projects) have been used in this project, namely:
  29:.\main.c      ****  *
ARM GAS  C:\Users\User\AppData\Local\Temp\cc8nYK6a.s 			page 2


  30:.\main.c      ****  * * OLED Library for I2C (https://github.com/derkst/Cypress-PSOC-OLED) (v1.0)
  31:.\main.c      ****  *
  32:.\main.c      ****  * Credits to these people for working hard and developing something useful for the community.
  33:.\main.c      ****  * 
  34:.\main.c      ****  */
  35:.\main.c      **** 
  36:.\main.c      **** /** Includes **/
  37:.\main.c      **** #include <project.h>
  38:.\main.c      **** #include <stdlib.h>
  39:.\main.c      **** #include <math.h>                                          // Put m in settings
  40:.\main.c      **** #include "ssd1306x.h"
  41:.\main.c      **** 
  42:.\main.c      **** /** Constant defines **/
  43:.\main.c      **** #define _FFT_PI_ 3.14159
  44:.\main.c      **** #define _FFT_LEN_ 16
  45:.\main.c      **** #define _OLED_DISP_ADDR_ 0x3C // 011110+SA0+RW - 0x3C or 0x3D
  46:.\main.c      **** 
  47:.\main.c      **** /** Global vars **/
  48:.\main.c      **** double samples[_FFT_LEN_] = { 0.0, 8.0, 14.0, 18.0, 20.0, 18.0, 14.0, 8.0,
  49:.\main.c      ****                               0.0, -8.0, -14.0, -18.0, -20.0, -18.0, -14.0, -8.0 };
  50:.\main.c      **** 
  51:.\main.c      **** uint8 revindex[_FFT_LEN_] = { 8, 4, 12, 2, 10, 6, 14,                                              
  52:.\main.c      ****                               1, 9, 5, 13, 3, 11, 7, 15 };
  53:.\main.c      ****     
  54:.\main.c      **** uint8 twiddindex[_FFT_LEN_] = { 0, 2, 1, 3, 4, 6, 5, 7,
  55:.\main.c      ****                                 8, 10, 9, 11, 12, 14,
  56:.\main.c      ****                                 13, 15 };
  57:.\main.c      **** 
  58:.\main.c      **** extern oled_eq_chan* _oled_eq_chan_tab_;
  59:.\main.c      **** 
  60:.\main.c      **** /** Complex number structure **/
  61:.\main.c      **** typedef struct { double _real; double _imag; } complex;
  62:.\main.c      **** 
  63:.\main.c      **** /** Twiddle factor function **/
  64:.\main.c      **** complex twiddle_factor( uint8_t k, uint8_t n, uint8_t N ){
  29              		.loc 1 64 0
  30              		.cfi_startproc
  31              	.LVL0:
  32 0000 70B5     		push	{r4, r5, r6, lr}
  33              		.cfi_def_cfa_offset 16
  34              		.cfi_offset 4, -16
  35              		.cfi_offset 5, -12
  36              		.cfi_offset 6, -8
  37              		.cfi_offset 14, -4
  38 0002 82B0     		sub	sp, sp, #8
  39              		.cfi_def_cfa_offset 24
  40 0004 061C     		mov	r6, r0
  41 0006 141C     		mov	r4, r2
  42 0008 1D1C     		mov	r5, r3
  65:.\main.c      ****     
  66:.\main.c      ****     complex tf = { ._real=1.0, ._imag=0.0 };
  43              		.loc 1 66 0
  44 000a 0022     		mov	r2, #0
  45              	.LVL1:
  46 000c 1D4B     		ldr	r3, .L3
  47              	.LVL2:
  48 000e 0260     		str	r2, [r0]
ARM GAS  C:\Users\User\AppData\Local\Temp\cc8nYK6a.s 			page 3


  49 0010 4360     		str	r3, [r0, #4]
  50 0012 0022     		mov	r2, #0
  51 0014 0023     		mov	r3, #0
  52 0016 8260     		str	r2, [r0, #8]
  53 0018 C360     		str	r3, [r0, #12]
  67:.\main.c      ****     
  68:.\main.c      ****     // Case k&n = 0: no need to calculate anything, just return
  69:.\main.c      ****     if(k && n){
  54              		.loc 1 69 0
  55 001a 0029     		cmp	r1, #0
  56 001c 2ED0     		beq	.L1
  57              		.loc 1 69 0 is_stmt 0 discriminator 1
  58 001e 002C     		cmp	r4, #0
  59 0020 2CD0     		beq	.L1
  70:.\main.c      ****         
  71:.\main.c      ****         tf._real = cos(2.0*_FFT_PI_*k*n/N);
  60              		.loc 1 71 0 is_stmt 1
  61 0022 081C     		mov	r0, r1
  62              	.LVL3:
  63 0024 FFF7FEFF 		bl	__aeabi_i2d
  64              	.LVL4:
  65 0028 174A     		ldr	r2, .L3+4
  66 002a 184B     		ldr	r3, .L3+8
  67 002c FFF7FEFF 		bl	__aeabi_dmul
  68              	.LVL5:
  69 0030 0090     		str	r0, [sp]
  70 0032 0191     		str	r1, [sp, #4]
  71 0034 201C     		mov	r0, r4
  72 0036 FFF7FEFF 		bl	__aeabi_i2d
  73              	.LVL6:
  74 003a 021C     		mov	r2, r0
  75 003c 0B1C     		mov	r3, r1
  76 003e 0098     		ldr	r0, [sp]
  77 0040 0199     		ldr	r1, [sp, #4]
  78 0042 FFF7FEFF 		bl	__aeabi_dmul
  79              	.LVL7:
  80 0046 0090     		str	r0, [sp]
  81 0048 0191     		str	r1, [sp, #4]
  82 004a 281C     		mov	r0, r5
  83 004c FFF7FEFF 		bl	__aeabi_i2d
  84              	.LVL8:
  85 0050 021C     		mov	r2, r0
  86 0052 0B1C     		mov	r3, r1
  87 0054 0098     		ldr	r0, [sp]
  88 0056 0199     		ldr	r1, [sp, #4]
  89 0058 FFF7FEFF 		bl	__aeabi_ddiv
  90              	.LVL9:
  91 005c 041C     		mov	r4, r0
  92 005e 0D1C     		mov	r5, r1
  93 0060 FFF7FEFF 		bl	cos
  94              	.LVL10:
  95 0064 3060     		str	r0, [r6]
  96 0066 7160     		str	r1, [r6, #4]
  72:.\main.c      ****         tf._imag = (-1)*sin(2.0*_FFT_PI_*k*n/N);
  97              		.loc 1 72 0
  98 0068 201C     		mov	r0, r4
  99 006a 291C     		mov	r1, r5
ARM GAS  C:\Users\User\AppData\Local\Temp\cc8nYK6a.s 			page 4


 100 006c FFF7FEFF 		bl	sin
 101              	.LVL11:
 102 0070 021C     		mov	r2, r0
 103 0072 8020     		mov	r0, #128
 104 0074 0006     		lsl	r0, r0, #24
 105 0076 0B18     		add	r3, r1, r0
 106 0078 B260     		str	r2, [r6, #8]
 107 007a F360     		str	r3, [r6, #12]
 108              	.L1:
  73:.\main.c      **** 
  74:.\main.c      ****     }
  75:.\main.c      ****     
  76:.\main.c      ****     return tf;
  77:.\main.c      ****     
  78:.\main.c      **** }
 109              		.loc 1 78 0
 110 007c 301C     		mov	r0, r6
 111 007e 02B0     		add	sp, sp, #8
 112              		@ sp needed
 113              	.LVL12:
 114 0080 70BD     		pop	{r4, r5, r6, pc}
 115              	.L4:
 116 0082 C046     		.align	2
 117              	.L3:
 118 0084 0000F03F 		.word	1072693248
 119 0088 6E861BF0 		.word	-266631570
 120 008c F9211940 		.word	1075388921
 121              		.cfi_endproc
 122              	.LFE34:
 123              		.size	twiddle_factor, .-twiddle_factor
 124              		.global	__aeabi_dadd
 125              		.section	.text.main,"ax",%progbits
 126              		.align	2
 127              		.global	main
 128              		.code	16
 129              		.thumb_func
 130              		.type	main, %function
 131              	main:
 132              	.LFB35:
  79:.\main.c      **** 
  80:.\main.c      **** int main(){
 133              		.loc 1 80 0
 134              		.cfi_startproc
 135 0000 F0B5     		push	{r4, r5, r6, r7, lr}
 136              		.cfi_def_cfa_offset 20
 137              		.cfi_offset 4, -20
 138              		.cfi_offset 5, -16
 139              		.cfi_offset 6, -12
 140              		.cfi_offset 7, -8
 141              		.cfi_offset 14, -4
 142 0002 5F46     		mov	r7, fp
 143 0004 5646     		mov	r6, r10
 144 0006 C0B4     		push	{r6, r7}
 145              		.cfi_def_cfa_offset 28
 146              		.cfi_offset 10, -28
 147              		.cfi_offset 11, -24
 148 0008 EFB0     		sub	sp, sp, #444
ARM GAS  C:\Users\User\AppData\Local\Temp\cc8nYK6a.s 			page 5


 149              		.cfi_def_cfa_offset 472
  81:.\main.c      **** 
  82:.\main.c      ****     uint8 i, j;
  83:.\main.c      **** 	
  84:.\main.c      ****     int16_t fft_norm[_FFT_LEN_];
  85:.\main.c      ****     
  86:.\main.c      ****     double fft_real[_FFT_LEN_], fft_imag[_FFT_LEN_];
  87:.\main.c      ****     double fft_abs[_FFT_LEN_];
  88:.\main.c      ****     
  89:.\main.c      ****     complex tf;
  90:.\main.c      ****     
  91:.\main.c      ****     // Enable interrupts
  92:.\main.c      ****     
  93:.\main.c      ****     CyGlobalIntEnable;
 150              		.loc 1 93 0
 151              	@ 93 ".\main.c" 1
 152 000a 62B6     		CPSIE   i
 153              	@ 0 "" 2
  94:.\main.c      ****     
  95:.\main.c      ****     // OLED start routine
  96:.\main.c      ****     
  97:.\main.c      ****     I2COLED_Start();                                       // Start
 154              		.loc 1 97 0
 155              		.code	16
 156 000c FFF7FEFF 		bl	I2COLED_Start
 157              	.LVL13:
  98:.\main.c      **** 
  99:.\main.c      ****     display_init(_OLED_DISP_ADDR_);                        // Initialize display
 158              		.loc 1 99 0
 159 0010 3C20     		mov	r0, #60
 160 0012 FFF7FEFF 		bl	display_init
 161              	.LVL14:
 100:.\main.c      ****                                                            //  with address
 101:.\main.c      ****     
 102:.\main.c      ****     oled_eq_chan_init();                                   // Initialize
 162              		.loc 1 102 0
 163 0016 FFF7FEFF 		bl	oled_eq_chan_init
 164              	.LVL15:
 165              	.L15:
 103:.\main.c      ****                                                            //  equalizer
 104:.\main.c      ****                                                            //  display
 105:.\main.c      ****     
 106:.\main.c      ****     for(;;)
 107:.\main.c      ****     {
 108:.\main.c      **** 
 109:.\main.c      ****         for(i=0; i<_FFT_LEN_; i++)
 166              		.loc 1 109 0
 167 001a 0023     		mov	r3, #0
 168 001c 11E0     		b	.L6
 169              	.LVL16:
 170              	.L7:
 110:.\main.c      ****         {
 111:.\main.c      ****             fft_real[i] = 0.0;
 171              		.loc 1 111 0 discriminator 3
 172 001e DA00     		lsl	r2, r3, #3
 173 0020 46A9     		add	r1, sp, #280
 174 0022 8C18     		add	r4, r1, r2
ARM GAS  C:\Users\User\AppData\Local\Temp\cc8nYK6a.s 			page 6


 175 0024 0020     		mov	r0, #0
 176 0026 0021     		mov	r1, #0
 177 0028 2060     		str	r0, [r4]
 178 002a 6160     		str	r1, [r4, #4]
 112:.\main.c      ****             fft_imag[i] = 0.0;
 179              		.loc 1 112 0 discriminator 3
 180 002c 26AC     		add	r4, sp, #152
 181 002e A418     		add	r4, r4, r2
 182 0030 2060     		str	r0, [r4]
 183 0032 6160     		str	r1, [r4, #4]
 113:.\main.c      ****             fft_abs[i] = 0;
 184              		.loc 1 113 0 discriminator 3
 185 0034 06AC     		add	r4, sp, #24
 186 0036 A446     		mov	ip, r4
 187 0038 6244     		add	r2, r2, ip
 188 003a 1060     		str	r0, [r2]
 189 003c 5160     		str	r1, [r2, #4]
 109:.\main.c      ****         {
 190              		.loc 1 109 0 discriminator 3
 191 003e 0133     		add	r3, r3, #1
 192              	.LVL17:
 193 0040 DBB2     		uxtb	r3, r3
 194              	.LVL18:
 195              	.L6:
 109:.\main.c      ****         {
 196              		.loc 1 109 0 is_stmt 0 discriminator 1
 197 0042 0F2B     		cmp	r3, #15
 198 0044 EBD9     		bls	.L7
 199 0046 0024     		mov	r4, #0
 200 0048 11E0     		b	.L8
 201              	.LVL19:
 202              	.L9:
 114:.\main.c      ****         }
 115:.\main.c      ****         
 116:.\main.c      ****     	/* Channel 1 calculation */
 117:.\main.c      ****     	for(j=0; j<_FFT_LEN_; j++)
 118:.\main.c      ****     	{
 119:.\main.c      ****     		fft_real[j] = fft_real[j] + samples[revindex[j]];
 203              		.loc 1 119 0 is_stmt 1 discriminator 3
 204 004a E500     		lsl	r5, r4, #3
 205 004c 46AB     		add	r3, sp, #280
 206 004e 9C46     		mov	ip, r3
 207 0050 6544     		add	r5, r5, ip
 208 0052 464A     		ldr	r2, .L17
 209 0054 135D     		ldrb	r3, [r2, r4]
 210 0056 DB00     		lsl	r3, r3, #3
 211 0058 D318     		add	r3, r2, r3
 212 005a 1A69     		ldr	r2, [r3, #16]
 213 005c 5B69     		ldr	r3, [r3, #20]
 214 005e 2868     		ldr	r0, [r5]
 215 0060 6968     		ldr	r1, [r5, #4]
 216 0062 FFF7FEFF 		bl	__aeabi_dadd
 217              	.LVL20:
 218 0066 2860     		str	r0, [r5]
 219 0068 6960     		str	r1, [r5, #4]
 117:.\main.c      ****     	{
 220              		.loc 1 117 0 discriminator 3
ARM GAS  C:\Users\User\AppData\Local\Temp\cc8nYK6a.s 			page 7


 221 006a 0134     		add	r4, r4, #1
 222              	.LVL21:
 223 006c E4B2     		uxtb	r4, r4
 224              	.LVL22:
 225              	.L8:
 117:.\main.c      ****     	{
 226              		.loc 1 117 0 is_stmt 0 discriminator 1
 227 006e 0F2C     		cmp	r4, #15
 228 0070 EBD9     		bls	.L9
 229 0072 0123     		mov	r3, #1
 230 0074 9B46     		mov	fp, r3
 231 0076 44E0     		b	.L10
 232              	.LVL23:
 233              	.L11:
 120:.\main.c      ****     	}
 121:.\main.c      ****         
 122:.\main.c      ****         /* Other channel calculations */
 123:.\main.c      ****         for(i=1; i<_FFT_LEN_; i++)                         // Channel loop
 124:.\main.c      ****         {
 125:.\main.c      ****             for(j=0; j<_FFT_LEN_; j++)                     // Sample loop
 126:.\main.c      ****             {
 127:.\main.c      ****                 tf = twiddle_factor(i, twiddindex[j], _FFT_LEN_);
 234              		.loc 1 127 0 is_stmt 1 discriminator 3
 235 0078 3D4B     		ldr	r3, .L17+4
 236 007a 1B19     		add	r3, r3, r4
 237 007c 1A7C     		ldrb	r2, [r3, #16]
 238 007e 02A8     		add	r0, sp, #8
 239 0080 5946     		mov	r1, fp
 240 0082 1023     		mov	r3, #16
 241 0084 FFF7FEFF 		bl	twiddle_factor
 242              	.LVL24:
 128:.\main.c      ****                 fft_real[i] = fft_real[i] + samples[revindex[j]]*tf._real;
 243              		.loc 1 128 0 discriminator 3
 244 0088 5B46     		mov	r3, fp
 245 008a DB00     		lsl	r3, r3, #3
 246 008c 1D1C     		mov	r5, r3
 247 008e 46AB     		add	r3, sp, #280
 248 0090 9A46     		mov	r10, r3
 249 0092 AA44     		add	r10, r10, r5
 250 0094 5346     		mov	r3, r10
 251 0096 1E68     		ldr	r6, [r3]
 252 0098 5F68     		ldr	r7, [r3, #4]
 253 009a 344A     		ldr	r2, .L17
 254 009c 135D     		ldrb	r3, [r2, r4]
 255 009e DB00     		lsl	r3, r3, #3
 256 00a0 D318     		add	r3, r2, r3
 257 00a2 1A69     		ldr	r2, [r3, #16]
 258 00a4 5B69     		ldr	r3, [r3, #20]
 259 00a6 0092     		str	r2, [sp]
 260 00a8 0193     		str	r3, [sp, #4]
 261 00aa 101C     		mov	r0, r2
 262 00ac 191C     		mov	r1, r3
 263 00ae 029A     		ldr	r2, [sp, #8]
 264 00b0 039B     		ldr	r3, [sp, #12]
 265 00b2 FFF7FEFF 		bl	__aeabi_dmul
 266              	.LVL25:
 267 00b6 021C     		mov	r2, r0
ARM GAS  C:\Users\User\AppData\Local\Temp\cc8nYK6a.s 			page 8


 268 00b8 0B1C     		mov	r3, r1
 269 00ba 301C     		mov	r0, r6
 270 00bc 391C     		mov	r1, r7
 271 00be FFF7FEFF 		bl	__aeabi_dadd
 272              	.LVL26:
 273 00c2 5346     		mov	r3, r10
 274 00c4 1860     		str	r0, [r3]
 275 00c6 5960     		str	r1, [r3, #4]
 129:.\main.c      ****                 fft_imag[i] = fft_imag[i] + samples[revindex[j]]*tf._imag;
 276              		.loc 1 129 0 discriminator 3
 277 00c8 26AB     		add	r3, sp, #152
 278 00ca 9C46     		mov	ip, r3
 279 00cc 6544     		add	r5, r5, ip
 280 00ce 2E68     		ldr	r6, [r5]
 281 00d0 6F68     		ldr	r7, [r5, #4]
 282 00d2 049A     		ldr	r2, [sp, #16]
 283 00d4 059B     		ldr	r3, [sp, #20]
 284 00d6 0098     		ldr	r0, [sp]
 285 00d8 0199     		ldr	r1, [sp, #4]
 286 00da FFF7FEFF 		bl	__aeabi_dmul
 287              	.LVL27:
 288 00de 021C     		mov	r2, r0
 289 00e0 0B1C     		mov	r3, r1
 290 00e2 301C     		mov	r0, r6
 291 00e4 391C     		mov	r1, r7
 292 00e6 FFF7FEFF 		bl	__aeabi_dadd
 293              	.LVL28:
 294 00ea 2860     		str	r0, [r5]
 295 00ec 6960     		str	r1, [r5, #4]
 125:.\main.c      ****             {
 296              		.loc 1 125 0 discriminator 3
 297 00ee 631C     		add	r3, r4, #1
 298 00f0 DCB2     		uxtb	r4, r3
 299              	.LVL29:
 300 00f2 00E0     		b	.L12
 301              	.L16:
 302 00f4 0024     		mov	r4, #0
 303              	.LVL30:
 304              	.L12:
 125:.\main.c      ****             {
 305              		.loc 1 125 0 is_stmt 0 discriminator 1
 306 00f6 0F2C     		cmp	r4, #15
 307 00f8 BED9     		bls	.L11
 123:.\main.c      ****         {
 308              		.loc 1 123 0 is_stmt 1 discriminator 2
 309 00fa 5B46     		mov	r3, fp
 310 00fc 0133     		add	r3, r3, #1
 311 00fe DBB2     		uxtb	r3, r3
 312 0100 9B46     		mov	fp, r3
 313              	.LVL31:
 314              	.L10:
 123:.\main.c      ****         {
 315              		.loc 1 123 0 is_stmt 0 discriminator 1
 316 0102 5B46     		mov	r3, fp
 317 0104 0F2B     		cmp	r3, #15
 318 0106 F5D9     		bls	.L16
 319 0108 0024     		mov	r4, #0
ARM GAS  C:\Users\User\AppData\Local\Temp\cc8nYK6a.s 			page 9


 320              	.LVL32:
 321 010a 22E0     		b	.L13
 322              	.LVL33:
 323              	.L14:
 130:.\main.c      ****             }
 131:.\main.c      ****         }
 132:.\main.c      **** 	
 133:.\main.c      ****         /* Absolute value calculation with conversion to integer */
 134:.\main.c      ****         for(i=0; i<_FFT_LEN_; i++)
 135:.\main.c      ****         {
 136:.\main.c      ****             fft_abs[i] = sqrt(fft_real[i]*fft_real[i] + fft_imag[i]*fft_imag[i]);
 324              		.loc 1 136 0 is_stmt 1 discriminator 3
 325 010c E500     		lsl	r5, r4, #3
 326 010e 46AB     		add	r3, sp, #280
 327 0110 5B19     		add	r3, r3, r5
 328 0112 1A68     		ldr	r2, [r3]
 329 0114 5B68     		ldr	r3, [r3, #4]
 330 0116 101C     		mov	r0, r2
 331 0118 191C     		mov	r1, r3
 332 011a FFF7FEFF 		bl	__aeabi_dmul
 333              	.LVL34:
 334 011e 0090     		str	r0, [sp]
 335 0120 0191     		str	r1, [sp, #4]
 336 0122 26AB     		add	r3, sp, #152
 337 0124 5B19     		add	r3, r3, r5
 338 0126 1A68     		ldr	r2, [r3]
 339 0128 5B68     		ldr	r3, [r3, #4]
 340 012a 101C     		mov	r0, r2
 341 012c 191C     		mov	r1, r3
 342 012e FFF7FEFF 		bl	__aeabi_dmul
 343              	.LVL35:
 344 0132 061C     		mov	r6, r0
 345 0134 0F1C     		mov	r7, r1
 346 0136 0098     		ldr	r0, [sp]
 347 0138 0199     		ldr	r1, [sp, #4]
 348 013a 321C     		mov	r2, r6
 349 013c 3B1C     		mov	r3, r7
 350 013e FFF7FEFF 		bl	__aeabi_dadd
 351              	.LVL36:
 352 0142 FFF7FEFF 		bl	sqrt
 353              	.LVL37:
 354 0146 06AB     		add	r3, sp, #24
 355 0148 5B19     		add	r3, r3, r5
 356 014a 1860     		str	r0, [r3]
 357 014c 5960     		str	r1, [r3, #4]
 134:.\main.c      ****         {
 358              		.loc 1 134 0 discriminator 3
 359 014e 631C     		add	r3, r4, #1
 360 0150 DCB2     		uxtb	r4, r3
 361              	.LVL38:
 362              	.L13:
 134:.\main.c      ****         {
 363              		.loc 1 134 0 is_stmt 0 discriminator 1
 364 0152 0F2C     		cmp	r4, #15
 365 0154 DAD9     		bls	.L14
 137:.\main.c      ****         }
 138:.\main.c      ****         
ARM GAS  C:\Users\User\AppData\Local\Temp\cc8nYK6a.s 			page 10


 139:.\main.c      ****         oled_normalize_channels_mag(fft_abs, fft_norm);
 366              		.loc 1 139 0 is_stmt 1
 367 0156 06A8     		add	r0, sp, #24
 368 0158 66A9     		add	r1, sp, #408
 369 015a FFF7FEFF 		bl	oled_normalize_channels_mag
 370              	.LVL39:
 140:.\main.c      ****         
 141:.\main.c      ****         oled_update_channels_mag(fft_norm);
 371              		.loc 1 141 0
 372 015e 66A8     		add	r0, sp, #408
 373 0160 FFF7FEFF 		bl	oled_update_channels_mag
 374              	.LVL40:
 142:.\main.c      ****         
 143:.\main.c      ****         oled_update_channel();
 375              		.loc 1 143 0
 376 0164 FFF7FEFF 		bl	oled_update_channel
 377              	.LVL41:
 144:.\main.c      ****         
 145:.\main.c      **** //        CyDelay(41);
 146:.\main.c      ****         
 147:.\main.c      ****     }
 378              		.loc 1 147 0
 379 0168 57E7     		b	.L15
 380              	.L18:
 381 016a C046     		.align	2
 382              	.L17:
 383 016c 00000000 		.word	.LANCHOR0
 384 0170 80000000 		.word	.LANCHOR1
 385              		.cfi_endproc
 386              	.LFE35:
 387              		.size	main, .-main
 388              		.global	twiddindex
 389              		.global	revindex
 390              		.global	samples
 391              		.data
 392              		.align	3
 393              		.set	.LANCHOR0,. + 0
 394              		.set	.LANCHOR1,. + 128
 395              		.type	revindex, %object
 396              		.size	revindex, 16
 397              	revindex:
 398 0000 08       		.byte	8
 399 0001 04       		.byte	4
 400 0002 0C       		.byte	12
 401 0003 02       		.byte	2
 402 0004 0A       		.byte	10
 403 0005 06       		.byte	6
 404 0006 0E       		.byte	14
 405 0007 01       		.byte	1
 406 0008 09       		.byte	9
 407 0009 05       		.byte	5
 408 000a 0D       		.byte	13
 409 000b 03       		.byte	3
 410 000c 0B       		.byte	11
 411 000d 07       		.byte	7
 412 000e 0F       		.byte	15
 413 000f 00       		.space	1
ARM GAS  C:\Users\User\AppData\Local\Temp\cc8nYK6a.s 			page 11


 414              		.type	samples, %object
 415              		.size	samples, 128
 416              	samples:
 417 0010 00000000 		.word	0
 418 0014 00000000 		.word	0
 419 0018 00000000 		.word	0
 420 001c 00002040 		.word	1075838976
 421 0020 00000000 		.word	0
 422 0024 00002C40 		.word	1076625408
 423 0028 00000000 		.word	0
 424 002c 00003240 		.word	1077018624
 425 0030 00000000 		.word	0
 426 0034 00003440 		.word	1077149696
 427 0038 00000000 		.word	0
 428 003c 00003240 		.word	1077018624
 429 0040 00000000 		.word	0
 430 0044 00002C40 		.word	1076625408
 431 0048 00000000 		.word	0
 432 004c 00002040 		.word	1075838976
 433 0050 00000000 		.word	0
 434 0054 00000000 		.word	0
 435 0058 00000000 		.word	0
 436 005c 000020C0 		.word	-1071644672
 437 0060 00000000 		.word	0
 438 0064 00002CC0 		.word	-1070858240
 439 0068 00000000 		.word	0
 440 006c 000032C0 		.word	-1070465024
 441 0070 00000000 		.word	0
 442 0074 000034C0 		.word	-1070333952
 443 0078 00000000 		.word	0
 444 007c 000032C0 		.word	-1070465024
 445 0080 00000000 		.word	0
 446 0084 00002CC0 		.word	-1070858240
 447 0088 00000000 		.word	0
 448 008c 000020C0 		.word	-1071644672
 449              		.type	twiddindex, %object
 450              		.size	twiddindex, 16
 451              	twiddindex:
 452 0090 00       		.byte	0
 453 0091 02       		.byte	2
 454 0092 01       		.byte	1
 455 0093 03       		.byte	3
 456 0094 04       		.byte	4
 457 0095 06       		.byte	6
 458 0096 05       		.byte	5
 459 0097 07       		.byte	7
 460 0098 08       		.byte	8
 461 0099 0A       		.byte	10
 462 009a 09       		.byte	9
 463 009b 0B       		.byte	11
 464 009c 0C       		.byte	12
 465 009d 0E       		.byte	14
 466 009e 0D       		.byte	13
 467 009f 0F       		.byte	15
 468              		.text
 469              	.Letext0:
 470              		.file 2 "d:\\cypress\\psoc creator\\3.3\\psoc creator\\import\\gnu\\arm\\4.9.3\\arm-none-eabi\\inc
ARM GAS  C:\Users\User\AppData\Local\Temp\cc8nYK6a.s 			page 12


 471              		.file 3 "d:\\cypress\\psoc creator\\3.3\\psoc creator\\import\\gnu\\arm\\4.9.3\\arm-none-eabi\\inc
 472              		.file 4 "Generated_Source\\PSoC4/cytypes.h"
 473              		.file 5 "d:\\cypress\\psoc creator\\3.3\\psoc creator\\import\\gnu\\arm\\4.9.3\\arm-none-eabi\\inc
 474              		.file 6 ".\\ssd1306.h"
 475              		.file 7 ".\\ssd1306x.h"
 476              		.file 8 "Generated_Source\\PSoC4/I2COLED.h"
 477              		.section	.debug_info,"",%progbits
 478              	.Ldebug_info0:
 479 0000 57030000 		.4byte	0x357
 480 0004 0400     		.2byte	0x4
 481 0006 00000000 		.4byte	.Ldebug_abbrev0
 482 000a 04       		.byte	0x4
 483 000b 01       		.uleb128 0x1
 484 000c 6A010000 		.4byte	.LASF33
 485 0010 01       		.byte	0x1
 486 0011 A0000000 		.4byte	.LASF34
 487 0015 13010000 		.4byte	.LASF35
 488 0019 00000000 		.4byte	.Ldebug_ranges0+0
 489 001d 00000000 		.4byte	0
 490 0021 00000000 		.4byte	.Ldebug_line0
 491 0025 02       		.uleb128 0x2
 492 0026 01       		.byte	0x1
 493 0027 06       		.byte	0x6
 494 0028 2C020000 		.4byte	.LASF0
 495 002c 03       		.uleb128 0x3
 496 002d 08000000 		.4byte	.LASF2
 497 0031 02       		.byte	0x2
 498 0032 1D       		.byte	0x1d
 499 0033 37000000 		.4byte	0x37
 500 0037 02       		.uleb128 0x2
 501 0038 01       		.byte	0x1
 502 0039 08       		.byte	0x8
 503 003a 8B000000 		.4byte	.LASF1
 504 003e 03       		.uleb128 0x3
 505 003f 12000000 		.4byte	.LASF3
 506 0043 02       		.byte	0x2
 507 0044 29       		.byte	0x29
 508 0045 49000000 		.4byte	0x49
 509 0049 02       		.uleb128 0x2
 510 004a 02       		.byte	0x2
 511 004b 05       		.byte	0x5
 512 004c 00020000 		.4byte	.LASF4
 513 0050 02       		.uleb128 0x2
 514 0051 02       		.byte	0x2
 515 0052 07       		.byte	0x7
 516 0053 2B000000 		.4byte	.LASF5
 517 0057 02       		.uleb128 0x2
 518 0058 04       		.byte	0x4
 519 0059 05       		.byte	0x5
 520 005a 0A020000 		.4byte	.LASF6
 521 005e 02       		.uleb128 0x2
 522 005f 04       		.byte	0x4
 523 0060 07       		.byte	0x7
 524 0061 5B000000 		.4byte	.LASF7
 525 0065 02       		.uleb128 0x2
 526 0066 08       		.byte	0x8
 527 0067 05       		.byte	0x5
ARM GAS  C:\Users\User\AppData\Local\Temp\cc8nYK6a.s 			page 13


 528 0068 57010000 		.4byte	.LASF8
 529 006c 02       		.uleb128 0x2
 530 006d 08       		.byte	0x8
 531 006e 07       		.byte	0x7
 532 006f D6000000 		.4byte	.LASF9
 533 0073 04       		.uleb128 0x4
 534 0074 04       		.byte	0x4
 535 0075 05       		.byte	0x5
 536 0076 696E7400 		.ascii	"int\000"
 537 007a 02       		.uleb128 0x2
 538 007b 04       		.byte	0x4
 539 007c 07       		.byte	0x7
 540 007d BB000000 		.4byte	.LASF10
 541 0081 03       		.uleb128 0x3
 542 0082 4F010000 		.4byte	.LASF11
 543 0086 03       		.byte	0x3
 544 0087 15       		.byte	0x15
 545 0088 2C000000 		.4byte	0x2c
 546 008c 03       		.uleb128 0x3
 547 008d 06010000 		.4byte	.LASF12
 548 0091 03       		.byte	0x3
 549 0092 20       		.byte	0x20
 550 0093 3E000000 		.4byte	0x3e
 551 0097 05       		.uleb128 0x5
 552 0098 76000000 		.4byte	.LASF13
 553 009c 04       		.byte	0x4
 554 009d 3801     		.2byte	0x138
 555 009f 37000000 		.4byte	0x37
 556 00a3 02       		.uleb128 0x2
 557 00a4 04       		.byte	0x4
 558 00a5 04       		.byte	0x4
 559 00a6 4F000000 		.4byte	.LASF14
 560 00aa 02       		.uleb128 0x2
 561 00ab 08       		.byte	0x8
 562 00ac 04       		.byte	0x4
 563 00ad 99000000 		.4byte	.LASF15
 564 00b1 02       		.uleb128 0x2
 565 00b2 01       		.byte	0x1
 566 00b3 08       		.byte	0x8
 567 00b4 65010000 		.4byte	.LASF16
 568 00b8 02       		.uleb128 0x2
 569 00b9 04       		.byte	0x4
 570 00ba 07       		.byte	0x7
 571 00bb 46010000 		.4byte	.LASF17
 572 00bf 02       		.uleb128 0x2
 573 00c0 08       		.byte	0x8
 574 00c1 04       		.byte	0x4
 575 00c2 20020000 		.4byte	.LASF18
 576 00c6 06       		.uleb128 0x6
 577 00c7 10       		.byte	0x10
 578 00c8 01       		.byte	0x1
 579 00c9 3D       		.byte	0x3d
 580 00ca E7000000 		.4byte	0xe7
 581 00ce 07       		.uleb128 0x7
 582 00cf 55000000 		.4byte	.LASF19
 583 00d3 01       		.byte	0x1
 584 00d4 3D       		.byte	0x3d
ARM GAS  C:\Users\User\AppData\Local\Temp\cc8nYK6a.s 			page 14


 585 00d5 AA000000 		.4byte	0xaa
 586 00d9 00       		.byte	0
 587 00da 07       		.uleb128 0x7
 588 00db 25000000 		.4byte	.LASF20
 589 00df 01       		.byte	0x1
 590 00e0 3D       		.byte	0x3d
 591 00e1 AA000000 		.4byte	0xaa
 592 00e5 08       		.byte	0x8
 593 00e6 00       		.byte	0
 594 00e7 03       		.uleb128 0x3
 595 00e8 00000000 		.4byte	.LASF21
 596 00ec 01       		.byte	0x1
 597 00ed 3D       		.byte	0x3d
 598 00ee C6000000 		.4byte	0xc6
 599 00f2 08       		.uleb128 0x8
 600 00f3 7C000000 		.4byte	.LASF36
 601 00f7 01       		.byte	0x1
 602 00f8 40       		.byte	0x40
 603 00f9 E7000000 		.4byte	0xe7
 604 00fd 00000000 		.4byte	.LFB34
 605 0101 90000000 		.4byte	.LFE34-.LFB34
 606 0105 01       		.uleb128 0x1
 607 0106 9C       		.byte	0x9c
 608 0107 53010000 		.4byte	0x153
 609 010b 09       		.uleb128 0x9
 610 010c 6B00     		.ascii	"k\000"
 611 010e 01       		.byte	0x1
 612 010f 40       		.byte	0x40
 613 0110 81000000 		.4byte	0x81
 614 0114 00000000 		.4byte	.LLST0
 615 0118 09       		.uleb128 0x9
 616 0119 6E00     		.ascii	"n\000"
 617 011b 01       		.byte	0x1
 618 011c 40       		.byte	0x40
 619 011d 81000000 		.4byte	0x81
 620 0121 21000000 		.4byte	.LLST1
 621 0125 09       		.uleb128 0x9
 622 0126 4E00     		.ascii	"N\000"
 623 0128 01       		.byte	0x1
 624 0129 40       		.byte	0x40
 625 012a 81000000 		.4byte	0x81
 626 012e 42000000 		.4byte	.LLST2
 627 0132 0A       		.uleb128 0xa
 628 0133 746600   		.ascii	"tf\000"
 629 0136 01       		.byte	0x1
 630 0137 42       		.byte	0x42
 631 0138 E7000000 		.4byte	0xe7
 632 013c 63000000 		.4byte	.LLST3
 633 0140 0B       		.uleb128 0xb
 634 0141 64000000 		.4byte	.LVL10
 635 0145 BA020000 		.4byte	0x2ba
 636 0149 0B       		.uleb128 0xb
 637 014a 70000000 		.4byte	.LVL11
 638 014e CF020000 		.4byte	0x2cf
 639 0152 00       		.byte	0
 640 0153 0C       		.uleb128 0xc
 641 0154 0E010000 		.4byte	.LASF37
ARM GAS  C:\Users\User\AppData\Local\Temp\cc8nYK6a.s 			page 15


 642 0158 01       		.byte	0x1
 643 0159 50       		.byte	0x50
 644 015a 73000000 		.4byte	0x73
 645 015e 00000000 		.4byte	.LFB35
 646 0162 74010000 		.4byte	.LFE35-.LFB35
 647 0166 01       		.uleb128 0x1
 648 0167 9C       		.byte	0x9c
 649 0168 57020000 		.4byte	0x257
 650 016c 0A       		.uleb128 0xa
 651 016d 6900     		.ascii	"i\000"
 652 016f 01       		.byte	0x1
 653 0170 52       		.byte	0x52
 654 0171 97000000 		.4byte	0x97
 655 0175 8F000000 		.4byte	.LLST4
 656 0179 0A       		.uleb128 0xa
 657 017a 6A00     		.ascii	"j\000"
 658 017c 01       		.byte	0x1
 659 017d 52       		.byte	0x52
 660 017e 97000000 		.4byte	0x97
 661 0182 CF000000 		.4byte	.LLST5
 662 0186 0D       		.uleb128 0xd
 663 0187 5F020000 		.4byte	.LASF22
 664 018b 01       		.byte	0x1
 665 018c 54       		.byte	0x54
 666 018d 57020000 		.4byte	0x257
 667 0191 02       		.uleb128 0x2
 668 0192 91       		.byte	0x91
 669 0193 40       		.sleb128 -64
 670 0194 0D       		.uleb128 0xd
 671 0195 6D000000 		.4byte	.LASF23
 672 0199 01       		.byte	0x1
 673 019a 56       		.byte	0x56
 674 019b 67020000 		.4byte	0x267
 675 019f 03       		.uleb128 0x3
 676 01a0 91       		.byte	0x91
 677 01a1 C07E     		.sleb128 -192
 678 01a3 0D       		.uleb128 0xd
 679 01a4 46000000 		.4byte	.LASF24
 680 01a8 01       		.byte	0x1
 681 01a9 56       		.byte	0x56
 682 01aa 67020000 		.4byte	0x267
 683 01ae 03       		.uleb128 0x3
 684 01af 91       		.byte	0x91
 685 01b0 C07D     		.sleb128 -320
 686 01b2 0D       		.uleb128 0xd
 687 01b3 3E000000 		.4byte	.LASF25
 688 01b7 01       		.byte	0x1
 689 01b8 57       		.byte	0x57
 690 01b9 67020000 		.4byte	0x267
 691 01bd 03       		.uleb128 0x3
 692 01be 91       		.byte	0x91
 693 01bf C07C     		.sleb128 -448
 694 01c1 0E       		.uleb128 0xe
 695 01c2 746600   		.ascii	"tf\000"
 696 01c5 01       		.byte	0x1
 697 01c6 59       		.byte	0x59
 698 01c7 E7000000 		.4byte	0xe7
ARM GAS  C:\Users\User\AppData\Local\Temp\cc8nYK6a.s 			page 16


 699 01cb 03       		.uleb128 0x3
 700 01cc 91       		.byte	0x91
 701 01cd B07C     		.sleb128 -464
 702 01cf 0B       		.uleb128 0xb
 703 01d0 10000000 		.4byte	.LVL13
 704 01d4 E4020000 		.4byte	0x2e4
 705 01d8 0F       		.uleb128 0xf
 706 01d9 16000000 		.4byte	.LVL14
 707 01dd EB020000 		.4byte	0x2eb
 708 01e1 EC010000 		.4byte	0x1ec
 709 01e5 10       		.uleb128 0x10
 710 01e6 01       		.uleb128 0x1
 711 01e7 50       		.byte	0x50
 712 01e8 02       		.uleb128 0x2
 713 01e9 08       		.byte	0x8
 714 01ea 3C       		.byte	0x3c
 715 01eb 00       		.byte	0
 716 01ec 0B       		.uleb128 0xb
 717 01ed 1A000000 		.4byte	.LVL15
 718 01f1 FC020000 		.4byte	0x2fc
 719 01f5 0F       		.uleb128 0xf
 720 01f6 88000000 		.4byte	.LVL24
 721 01fa F2000000 		.4byte	0xf2
 722 01fe 15020000 		.4byte	0x215
 723 0202 10       		.uleb128 0x10
 724 0203 01       		.uleb128 0x1
 725 0204 53       		.byte	0x53
 726 0205 01       		.uleb128 0x1
 727 0206 40       		.byte	0x40
 728 0207 10       		.uleb128 0x10
 729 0208 01       		.uleb128 0x1
 730 0209 51       		.byte	0x51
 731 020a 02       		.uleb128 0x2
 732 020b 7B       		.byte	0x7b
 733 020c 00       		.sleb128 0
 734 020d 10       		.uleb128 0x10
 735 020e 01       		.uleb128 0x1
 736 020f 50       		.byte	0x50
 737 0210 03       		.uleb128 0x3
 738 0211 91       		.byte	0x91
 739 0212 B07C     		.sleb128 -464
 740 0214 00       		.byte	0
 741 0215 0B       		.uleb128 0xb
 742 0216 46010000 		.4byte	.LVL37
 743 021a 09030000 		.4byte	0x309
 744 021e 0F       		.uleb128 0xf
 745 021f 5E010000 		.4byte	.LVL39
 746 0223 1E030000 		.4byte	0x31e
 747 0227 39020000 		.4byte	0x239
 748 022b 10       		.uleb128 0x10
 749 022c 01       		.uleb128 0x1
 750 022d 51       		.byte	0x51
 751 022e 02       		.uleb128 0x2
 752 022f 91       		.byte	0x91
 753 0230 40       		.sleb128 -64
 754 0231 10       		.uleb128 0x10
 755 0232 01       		.uleb128 0x1
ARM GAS  C:\Users\User\AppData\Local\Temp\cc8nYK6a.s 			page 17


 756 0233 50       		.byte	0x50
 757 0234 03       		.uleb128 0x3
 758 0235 91       		.byte	0x91
 759 0236 C07C     		.sleb128 -448
 760 0238 00       		.byte	0
 761 0239 0F       		.uleb128 0xf
 762 023a 64010000 		.4byte	.LVL40
 763 023e 40030000 		.4byte	0x340
 764 0242 4D020000 		.4byte	0x24d
 765 0246 10       		.uleb128 0x10
 766 0247 01       		.uleb128 0x1
 767 0248 50       		.byte	0x50
 768 0249 02       		.uleb128 0x2
 769 024a 91       		.byte	0x91
 770 024b 40       		.sleb128 -64
 771 024c 00       		.byte	0
 772 024d 0B       		.uleb128 0xb
 773 024e 68010000 		.4byte	.LVL41
 774 0252 51030000 		.4byte	0x351
 775 0256 00       		.byte	0
 776 0257 11       		.uleb128 0x11
 777 0258 8C000000 		.4byte	0x8c
 778 025c 67020000 		.4byte	0x267
 779 0260 12       		.uleb128 0x12
 780 0261 B8000000 		.4byte	0xb8
 781 0265 0F       		.byte	0xf
 782 0266 00       		.byte	0
 783 0267 11       		.uleb128 0x11
 784 0268 AA000000 		.4byte	0xaa
 785 026c 77020000 		.4byte	0x277
 786 0270 12       		.uleb128 0x12
 787 0271 B8000000 		.4byte	0xb8
 788 0275 0F       		.byte	0xf
 789 0276 00       		.byte	0
 790 0277 13       		.uleb128 0x13
 791 0278 F8010000 		.4byte	.LASF26
 792 027c 01       		.byte	0x1
 793 027d 30       		.byte	0x30
 794 027e 67020000 		.4byte	0x267
 795 0282 05       		.uleb128 0x5
 796 0283 03       		.byte	0x3
 797 0284 00000000 		.4byte	samples
 798 0288 11       		.uleb128 0x11
 799 0289 97000000 		.4byte	0x97
 800 028d 98020000 		.4byte	0x298
 801 0291 12       		.uleb128 0x12
 802 0292 B8000000 		.4byte	0xb8
 803 0296 0F       		.byte	0xf
 804 0297 00       		.byte	0
 805 0298 13       		.uleb128 0x13
 806 0299 1C000000 		.4byte	.LASF27
 807 029d 01       		.byte	0x1
 808 029e 33       		.byte	0x33
 809 029f 88020000 		.4byte	0x288
 810 02a3 05       		.uleb128 0x5
 811 02a4 03       		.byte	0x3
 812 02a5 00000000 		.4byte	revindex
ARM GAS  C:\Users\User\AppData\Local\Temp\cc8nYK6a.s 			page 18


 813 02a9 13       		.uleb128 0x13
 814 02aa 38020000 		.4byte	.LASF28
 815 02ae 01       		.byte	0x1
 816 02af 36       		.byte	0x36
 817 02b0 88020000 		.4byte	0x288
 818 02b4 05       		.uleb128 0x5
 819 02b5 03       		.byte	0x3
 820 02b6 00000000 		.4byte	twiddindex
 821 02ba 14       		.uleb128 0x14
 822 02bb 636F7300 		.ascii	"cos\000"
 823 02bf 05       		.byte	0x5
 824 02c0 6D       		.byte	0x6d
 825 02c1 AA000000 		.4byte	0xaa
 826 02c5 CF020000 		.4byte	0x2cf
 827 02c9 15       		.uleb128 0x15
 828 02ca AA000000 		.4byte	0xaa
 829 02ce 00       		.byte	0
 830 02cf 14       		.uleb128 0x14
 831 02d0 73696E00 		.ascii	"sin\000"
 832 02d4 05       		.byte	0x5
 833 02d5 6E       		.byte	0x6e
 834 02d6 AA000000 		.4byte	0xaa
 835 02da E4020000 		.4byte	0x2e4
 836 02de 15       		.uleb128 0x15
 837 02df AA000000 		.4byte	0xaa
 838 02e3 00       		.byte	0
 839 02e4 16       		.uleb128 0x16
 840 02e5 C8000000 		.4byte	.LASF38
 841 02e9 08       		.byte	0x8
 842 02ea 6E       		.byte	0x6e
 843 02eb 17       		.uleb128 0x17
 844 02ec 13020000 		.4byte	.LASF30
 845 02f0 06       		.byte	0x6
 846 02f1 34       		.byte	0x34
 847 02f2 FC020000 		.4byte	0x2fc
 848 02f6 15       		.uleb128 0x15
 849 02f7 97000000 		.4byte	0x97
 850 02fb 00       		.byte	0
 851 02fc 18       		.uleb128 0x18
 852 02fd A9000000 		.4byte	.LASF39
 853 0301 07       		.byte	0x7
 854 0302 38       		.byte	0x38
 855 0303 09030000 		.4byte	0x309
 856 0307 19       		.uleb128 0x19
 857 0308 00       		.byte	0
 858 0309 1A       		.uleb128 0x1a
 859 030a 7C020000 		.4byte	.LASF29
 860 030e 05       		.byte	0x5
 861 030f 86       		.byte	0x86
 862 0310 AA000000 		.4byte	0xaa
 863 0314 1E030000 		.4byte	0x31e
 864 0318 15       		.uleb128 0x15
 865 0319 AA000000 		.4byte	0xaa
 866 031d 00       		.byte	0
 867 031e 17       		.uleb128 0x17
 868 031f 43020000 		.4byte	.LASF31
 869 0323 07       		.byte	0x7
ARM GAS  C:\Users\User\AppData\Local\Temp\cc8nYK6a.s 			page 19


 870 0324 3D       		.byte	0x3d
 871 0325 34030000 		.4byte	0x334
 872 0329 15       		.uleb128 0x15
 873 032a 34030000 		.4byte	0x334
 874 032e 15       		.uleb128 0x15
 875 032f 3A030000 		.4byte	0x33a
 876 0333 00       		.byte	0
 877 0334 1B       		.uleb128 0x1b
 878 0335 04       		.byte	0x4
 879 0336 AA000000 		.4byte	0xaa
 880 033a 1B       		.uleb128 0x1b
 881 033b 04       		.byte	0x4
 882 033c 8C000000 		.4byte	0x8c
 883 0340 17       		.uleb128 0x17
 884 0341 ED000000 		.4byte	.LASF32
 885 0345 07       		.byte	0x7
 886 0346 3A       		.byte	0x3a
 887 0347 51030000 		.4byte	0x351
 888 034b 15       		.uleb128 0x15
 889 034c 3A030000 		.4byte	0x33a
 890 0350 00       		.byte	0
 891 0351 1C       		.uleb128 0x1c
 892 0352 68020000 		.4byte	.LASF40
 893 0356 07       		.byte	0x7
 894 0357 3B       		.byte	0x3b
 895 0358 19       		.uleb128 0x19
 896 0359 00       		.byte	0
 897 035a 00       		.byte	0
 898              		.section	.debug_abbrev,"",%progbits
 899              	.Ldebug_abbrev0:
 900 0000 01       		.uleb128 0x1
 901 0001 11       		.uleb128 0x11
 902 0002 01       		.byte	0x1
 903 0003 25       		.uleb128 0x25
 904 0004 0E       		.uleb128 0xe
 905 0005 13       		.uleb128 0x13
 906 0006 0B       		.uleb128 0xb
 907 0007 03       		.uleb128 0x3
 908 0008 0E       		.uleb128 0xe
 909 0009 1B       		.uleb128 0x1b
 910 000a 0E       		.uleb128 0xe
 911 000b 55       		.uleb128 0x55
 912 000c 17       		.uleb128 0x17
 913 000d 11       		.uleb128 0x11
 914 000e 01       		.uleb128 0x1
 915 000f 10       		.uleb128 0x10
 916 0010 17       		.uleb128 0x17
 917 0011 00       		.byte	0
 918 0012 00       		.byte	0
 919 0013 02       		.uleb128 0x2
 920 0014 24       		.uleb128 0x24
 921 0015 00       		.byte	0
 922 0016 0B       		.uleb128 0xb
 923 0017 0B       		.uleb128 0xb
 924 0018 3E       		.uleb128 0x3e
 925 0019 0B       		.uleb128 0xb
 926 001a 03       		.uleb128 0x3
ARM GAS  C:\Users\User\AppData\Local\Temp\cc8nYK6a.s 			page 20


 927 001b 0E       		.uleb128 0xe
 928 001c 00       		.byte	0
 929 001d 00       		.byte	0
 930 001e 03       		.uleb128 0x3
 931 001f 16       		.uleb128 0x16
 932 0020 00       		.byte	0
 933 0021 03       		.uleb128 0x3
 934 0022 0E       		.uleb128 0xe
 935 0023 3A       		.uleb128 0x3a
 936 0024 0B       		.uleb128 0xb
 937 0025 3B       		.uleb128 0x3b
 938 0026 0B       		.uleb128 0xb
 939 0027 49       		.uleb128 0x49
 940 0028 13       		.uleb128 0x13
 941 0029 00       		.byte	0
 942 002a 00       		.byte	0
 943 002b 04       		.uleb128 0x4
 944 002c 24       		.uleb128 0x24
 945 002d 00       		.byte	0
 946 002e 0B       		.uleb128 0xb
 947 002f 0B       		.uleb128 0xb
 948 0030 3E       		.uleb128 0x3e
 949 0031 0B       		.uleb128 0xb
 950 0032 03       		.uleb128 0x3
 951 0033 08       		.uleb128 0x8
 952 0034 00       		.byte	0
 953 0035 00       		.byte	0
 954 0036 05       		.uleb128 0x5
 955 0037 16       		.uleb128 0x16
 956 0038 00       		.byte	0
 957 0039 03       		.uleb128 0x3
 958 003a 0E       		.uleb128 0xe
 959 003b 3A       		.uleb128 0x3a
 960 003c 0B       		.uleb128 0xb
 961 003d 3B       		.uleb128 0x3b
 962 003e 05       		.uleb128 0x5
 963 003f 49       		.uleb128 0x49
 964 0040 13       		.uleb128 0x13
 965 0041 00       		.byte	0
 966 0042 00       		.byte	0
 967 0043 06       		.uleb128 0x6
 968 0044 13       		.uleb128 0x13
 969 0045 01       		.byte	0x1
 970 0046 0B       		.uleb128 0xb
 971 0047 0B       		.uleb128 0xb
 972 0048 3A       		.uleb128 0x3a
 973 0049 0B       		.uleb128 0xb
 974 004a 3B       		.uleb128 0x3b
 975 004b 0B       		.uleb128 0xb
 976 004c 01       		.uleb128 0x1
 977 004d 13       		.uleb128 0x13
 978 004e 00       		.byte	0
 979 004f 00       		.byte	0
 980 0050 07       		.uleb128 0x7
 981 0051 0D       		.uleb128 0xd
 982 0052 00       		.byte	0
 983 0053 03       		.uleb128 0x3
ARM GAS  C:\Users\User\AppData\Local\Temp\cc8nYK6a.s 			page 21


 984 0054 0E       		.uleb128 0xe
 985 0055 3A       		.uleb128 0x3a
 986 0056 0B       		.uleb128 0xb
 987 0057 3B       		.uleb128 0x3b
 988 0058 0B       		.uleb128 0xb
 989 0059 49       		.uleb128 0x49
 990 005a 13       		.uleb128 0x13
 991 005b 38       		.uleb128 0x38
 992 005c 0B       		.uleb128 0xb
 993 005d 00       		.byte	0
 994 005e 00       		.byte	0
 995 005f 08       		.uleb128 0x8
 996 0060 2E       		.uleb128 0x2e
 997 0061 01       		.byte	0x1
 998 0062 3F       		.uleb128 0x3f
 999 0063 19       		.uleb128 0x19
 1000 0064 03       		.uleb128 0x3
 1001 0065 0E       		.uleb128 0xe
 1002 0066 3A       		.uleb128 0x3a
 1003 0067 0B       		.uleb128 0xb
 1004 0068 3B       		.uleb128 0x3b
 1005 0069 0B       		.uleb128 0xb
 1006 006a 27       		.uleb128 0x27
 1007 006b 19       		.uleb128 0x19
 1008 006c 49       		.uleb128 0x49
 1009 006d 13       		.uleb128 0x13
 1010 006e 11       		.uleb128 0x11
 1011 006f 01       		.uleb128 0x1
 1012 0070 12       		.uleb128 0x12
 1013 0071 06       		.uleb128 0x6
 1014 0072 40       		.uleb128 0x40
 1015 0073 18       		.uleb128 0x18
 1016 0074 9642     		.uleb128 0x2116
 1017 0076 19       		.uleb128 0x19
 1018 0077 01       		.uleb128 0x1
 1019 0078 13       		.uleb128 0x13
 1020 0079 00       		.byte	0
 1021 007a 00       		.byte	0
 1022 007b 09       		.uleb128 0x9
 1023 007c 05       		.uleb128 0x5
 1024 007d 00       		.byte	0
 1025 007e 03       		.uleb128 0x3
 1026 007f 08       		.uleb128 0x8
 1027 0080 3A       		.uleb128 0x3a
 1028 0081 0B       		.uleb128 0xb
 1029 0082 3B       		.uleb128 0x3b
 1030 0083 0B       		.uleb128 0xb
 1031 0084 49       		.uleb128 0x49
 1032 0085 13       		.uleb128 0x13
 1033 0086 02       		.uleb128 0x2
 1034 0087 17       		.uleb128 0x17
 1035 0088 00       		.byte	0
 1036 0089 00       		.byte	0
 1037 008a 0A       		.uleb128 0xa
 1038 008b 34       		.uleb128 0x34
 1039 008c 00       		.byte	0
 1040 008d 03       		.uleb128 0x3
ARM GAS  C:\Users\User\AppData\Local\Temp\cc8nYK6a.s 			page 22


 1041 008e 08       		.uleb128 0x8
 1042 008f 3A       		.uleb128 0x3a
 1043 0090 0B       		.uleb128 0xb
 1044 0091 3B       		.uleb128 0x3b
 1045 0092 0B       		.uleb128 0xb
 1046 0093 49       		.uleb128 0x49
 1047 0094 13       		.uleb128 0x13
 1048 0095 02       		.uleb128 0x2
 1049 0096 17       		.uleb128 0x17
 1050 0097 00       		.byte	0
 1051 0098 00       		.byte	0
 1052 0099 0B       		.uleb128 0xb
 1053 009a 898201   		.uleb128 0x4109
 1054 009d 00       		.byte	0
 1055 009e 11       		.uleb128 0x11
 1056 009f 01       		.uleb128 0x1
 1057 00a0 31       		.uleb128 0x31
 1058 00a1 13       		.uleb128 0x13
 1059 00a2 00       		.byte	0
 1060 00a3 00       		.byte	0
 1061 00a4 0C       		.uleb128 0xc
 1062 00a5 2E       		.uleb128 0x2e
 1063 00a6 01       		.byte	0x1
 1064 00a7 3F       		.uleb128 0x3f
 1065 00a8 19       		.uleb128 0x19
 1066 00a9 03       		.uleb128 0x3
 1067 00aa 0E       		.uleb128 0xe
 1068 00ab 3A       		.uleb128 0x3a
 1069 00ac 0B       		.uleb128 0xb
 1070 00ad 3B       		.uleb128 0x3b
 1071 00ae 0B       		.uleb128 0xb
 1072 00af 49       		.uleb128 0x49
 1073 00b0 13       		.uleb128 0x13
 1074 00b1 11       		.uleb128 0x11
 1075 00b2 01       		.uleb128 0x1
 1076 00b3 12       		.uleb128 0x12
 1077 00b4 06       		.uleb128 0x6
 1078 00b5 40       		.uleb128 0x40
 1079 00b6 18       		.uleb128 0x18
 1080 00b7 9642     		.uleb128 0x2116
 1081 00b9 19       		.uleb128 0x19
 1082 00ba 01       		.uleb128 0x1
 1083 00bb 13       		.uleb128 0x13
 1084 00bc 00       		.byte	0
 1085 00bd 00       		.byte	0
 1086 00be 0D       		.uleb128 0xd
 1087 00bf 34       		.uleb128 0x34
 1088 00c0 00       		.byte	0
 1089 00c1 03       		.uleb128 0x3
 1090 00c2 0E       		.uleb128 0xe
 1091 00c3 3A       		.uleb128 0x3a
 1092 00c4 0B       		.uleb128 0xb
 1093 00c5 3B       		.uleb128 0x3b
 1094 00c6 0B       		.uleb128 0xb
 1095 00c7 49       		.uleb128 0x49
 1096 00c8 13       		.uleb128 0x13
 1097 00c9 02       		.uleb128 0x2
ARM GAS  C:\Users\User\AppData\Local\Temp\cc8nYK6a.s 			page 23


 1098 00ca 18       		.uleb128 0x18
 1099 00cb 00       		.byte	0
 1100 00cc 00       		.byte	0
 1101 00cd 0E       		.uleb128 0xe
 1102 00ce 34       		.uleb128 0x34
 1103 00cf 00       		.byte	0
 1104 00d0 03       		.uleb128 0x3
 1105 00d1 08       		.uleb128 0x8
 1106 00d2 3A       		.uleb128 0x3a
 1107 00d3 0B       		.uleb128 0xb
 1108 00d4 3B       		.uleb128 0x3b
 1109 00d5 0B       		.uleb128 0xb
 1110 00d6 49       		.uleb128 0x49
 1111 00d7 13       		.uleb128 0x13
 1112 00d8 02       		.uleb128 0x2
 1113 00d9 18       		.uleb128 0x18
 1114 00da 00       		.byte	0
 1115 00db 00       		.byte	0
 1116 00dc 0F       		.uleb128 0xf
 1117 00dd 898201   		.uleb128 0x4109
 1118 00e0 01       		.byte	0x1
 1119 00e1 11       		.uleb128 0x11
 1120 00e2 01       		.uleb128 0x1
 1121 00e3 31       		.uleb128 0x31
 1122 00e4 13       		.uleb128 0x13
 1123 00e5 01       		.uleb128 0x1
 1124 00e6 13       		.uleb128 0x13
 1125 00e7 00       		.byte	0
 1126 00e8 00       		.byte	0
 1127 00e9 10       		.uleb128 0x10
 1128 00ea 8A8201   		.uleb128 0x410a
 1129 00ed 00       		.byte	0
 1130 00ee 02       		.uleb128 0x2
 1131 00ef 18       		.uleb128 0x18
 1132 00f0 9142     		.uleb128 0x2111
 1133 00f2 18       		.uleb128 0x18
 1134 00f3 00       		.byte	0
 1135 00f4 00       		.byte	0
 1136 00f5 11       		.uleb128 0x11
 1137 00f6 01       		.uleb128 0x1
 1138 00f7 01       		.byte	0x1
 1139 00f8 49       		.uleb128 0x49
 1140 00f9 13       		.uleb128 0x13
 1141 00fa 01       		.uleb128 0x1
 1142 00fb 13       		.uleb128 0x13
 1143 00fc 00       		.byte	0
 1144 00fd 00       		.byte	0
 1145 00fe 12       		.uleb128 0x12
 1146 00ff 21       		.uleb128 0x21
 1147 0100 00       		.byte	0
 1148 0101 49       		.uleb128 0x49
 1149 0102 13       		.uleb128 0x13
 1150 0103 2F       		.uleb128 0x2f
 1151 0104 0B       		.uleb128 0xb
 1152 0105 00       		.byte	0
 1153 0106 00       		.byte	0
 1154 0107 13       		.uleb128 0x13
ARM GAS  C:\Users\User\AppData\Local\Temp\cc8nYK6a.s 			page 24


 1155 0108 34       		.uleb128 0x34
 1156 0109 00       		.byte	0
 1157 010a 03       		.uleb128 0x3
 1158 010b 0E       		.uleb128 0xe
 1159 010c 3A       		.uleb128 0x3a
 1160 010d 0B       		.uleb128 0xb
 1161 010e 3B       		.uleb128 0x3b
 1162 010f 0B       		.uleb128 0xb
 1163 0110 49       		.uleb128 0x49
 1164 0111 13       		.uleb128 0x13
 1165 0112 3F       		.uleb128 0x3f
 1166 0113 19       		.uleb128 0x19
 1167 0114 02       		.uleb128 0x2
 1168 0115 18       		.uleb128 0x18
 1169 0116 00       		.byte	0
 1170 0117 00       		.byte	0
 1171 0118 14       		.uleb128 0x14
 1172 0119 2E       		.uleb128 0x2e
 1173 011a 01       		.byte	0x1
 1174 011b 3F       		.uleb128 0x3f
 1175 011c 19       		.uleb128 0x19
 1176 011d 03       		.uleb128 0x3
 1177 011e 08       		.uleb128 0x8
 1178 011f 3A       		.uleb128 0x3a
 1179 0120 0B       		.uleb128 0xb
 1180 0121 3B       		.uleb128 0x3b
 1181 0122 0B       		.uleb128 0xb
 1182 0123 27       		.uleb128 0x27
 1183 0124 19       		.uleb128 0x19
 1184 0125 49       		.uleb128 0x49
 1185 0126 13       		.uleb128 0x13
 1186 0127 3C       		.uleb128 0x3c
 1187 0128 19       		.uleb128 0x19
 1188 0129 01       		.uleb128 0x1
 1189 012a 13       		.uleb128 0x13
 1190 012b 00       		.byte	0
 1191 012c 00       		.byte	0
 1192 012d 15       		.uleb128 0x15
 1193 012e 05       		.uleb128 0x5
 1194 012f 00       		.byte	0
 1195 0130 49       		.uleb128 0x49
 1196 0131 13       		.uleb128 0x13
 1197 0132 00       		.byte	0
 1198 0133 00       		.byte	0
 1199 0134 16       		.uleb128 0x16
 1200 0135 2E       		.uleb128 0x2e
 1201 0136 00       		.byte	0
 1202 0137 3F       		.uleb128 0x3f
 1203 0138 19       		.uleb128 0x19
 1204 0139 03       		.uleb128 0x3
 1205 013a 0E       		.uleb128 0xe
 1206 013b 3A       		.uleb128 0x3a
 1207 013c 0B       		.uleb128 0xb
 1208 013d 3B       		.uleb128 0x3b
 1209 013e 0B       		.uleb128 0xb
 1210 013f 27       		.uleb128 0x27
 1211 0140 19       		.uleb128 0x19
ARM GAS  C:\Users\User\AppData\Local\Temp\cc8nYK6a.s 			page 25


 1212 0141 3C       		.uleb128 0x3c
 1213 0142 19       		.uleb128 0x19
 1214 0143 00       		.byte	0
 1215 0144 00       		.byte	0
 1216 0145 17       		.uleb128 0x17
 1217 0146 2E       		.uleb128 0x2e
 1218 0147 01       		.byte	0x1
 1219 0148 3F       		.uleb128 0x3f
 1220 0149 19       		.uleb128 0x19
 1221 014a 03       		.uleb128 0x3
 1222 014b 0E       		.uleb128 0xe
 1223 014c 3A       		.uleb128 0x3a
 1224 014d 0B       		.uleb128 0xb
 1225 014e 3B       		.uleb128 0x3b
 1226 014f 0B       		.uleb128 0xb
 1227 0150 27       		.uleb128 0x27
 1228 0151 19       		.uleb128 0x19
 1229 0152 3C       		.uleb128 0x3c
 1230 0153 19       		.uleb128 0x19
 1231 0154 01       		.uleb128 0x1
 1232 0155 13       		.uleb128 0x13
 1233 0156 00       		.byte	0
 1234 0157 00       		.byte	0
 1235 0158 18       		.uleb128 0x18
 1236 0159 2E       		.uleb128 0x2e
 1237 015a 01       		.byte	0x1
 1238 015b 3F       		.uleb128 0x3f
 1239 015c 19       		.uleb128 0x19
 1240 015d 03       		.uleb128 0x3
 1241 015e 0E       		.uleb128 0xe
 1242 015f 3A       		.uleb128 0x3a
 1243 0160 0B       		.uleb128 0xb
 1244 0161 3B       		.uleb128 0x3b
 1245 0162 0B       		.uleb128 0xb
 1246 0163 3C       		.uleb128 0x3c
 1247 0164 19       		.uleb128 0x19
 1248 0165 01       		.uleb128 0x1
 1249 0166 13       		.uleb128 0x13
 1250 0167 00       		.byte	0
 1251 0168 00       		.byte	0
 1252 0169 19       		.uleb128 0x19
 1253 016a 18       		.uleb128 0x18
 1254 016b 00       		.byte	0
 1255 016c 00       		.byte	0
 1256 016d 00       		.byte	0
 1257 016e 1A       		.uleb128 0x1a
 1258 016f 2E       		.uleb128 0x2e
 1259 0170 01       		.byte	0x1
 1260 0171 3F       		.uleb128 0x3f
 1261 0172 19       		.uleb128 0x19
 1262 0173 03       		.uleb128 0x3
 1263 0174 0E       		.uleb128 0xe
 1264 0175 3A       		.uleb128 0x3a
 1265 0176 0B       		.uleb128 0xb
 1266 0177 3B       		.uleb128 0x3b
 1267 0178 0B       		.uleb128 0xb
 1268 0179 27       		.uleb128 0x27
ARM GAS  C:\Users\User\AppData\Local\Temp\cc8nYK6a.s 			page 26


 1269 017a 19       		.uleb128 0x19
 1270 017b 49       		.uleb128 0x49
 1271 017c 13       		.uleb128 0x13
 1272 017d 3C       		.uleb128 0x3c
 1273 017e 19       		.uleb128 0x19
 1274 017f 01       		.uleb128 0x1
 1275 0180 13       		.uleb128 0x13
 1276 0181 00       		.byte	0
 1277 0182 00       		.byte	0
 1278 0183 1B       		.uleb128 0x1b
 1279 0184 0F       		.uleb128 0xf
 1280 0185 00       		.byte	0
 1281 0186 0B       		.uleb128 0xb
 1282 0187 0B       		.uleb128 0xb
 1283 0188 49       		.uleb128 0x49
 1284 0189 13       		.uleb128 0x13
 1285 018a 00       		.byte	0
 1286 018b 00       		.byte	0
 1287 018c 1C       		.uleb128 0x1c
 1288 018d 2E       		.uleb128 0x2e
 1289 018e 01       		.byte	0x1
 1290 018f 3F       		.uleb128 0x3f
 1291 0190 19       		.uleb128 0x19
 1292 0191 03       		.uleb128 0x3
 1293 0192 0E       		.uleb128 0xe
 1294 0193 3A       		.uleb128 0x3a
 1295 0194 0B       		.uleb128 0xb
 1296 0195 3B       		.uleb128 0x3b
 1297 0196 0B       		.uleb128 0xb
 1298 0197 3C       		.uleb128 0x3c
 1299 0198 19       		.uleb128 0x19
 1300 0199 00       		.byte	0
 1301 019a 00       		.byte	0
 1302 019b 00       		.byte	0
 1303              		.section	.debug_loc,"",%progbits
 1304              	.Ldebug_loc0:
 1305              	.LLST0:
 1306 0000 00000000 		.4byte	.LVL0
 1307 0004 27000000 		.4byte	.LVL4-1
 1308 0008 0100     		.2byte	0x1
 1309 000a 51       		.byte	0x51
 1310 000b 27000000 		.4byte	.LVL4-1
 1311 000f 90000000 		.4byte	.LFE34
 1312 0013 0400     		.2byte	0x4
 1313 0015 F3       		.byte	0xf3
 1314 0016 01       		.uleb128 0x1
 1315 0017 51       		.byte	0x51
 1316 0018 9F       		.byte	0x9f
 1317 0019 00000000 		.4byte	0
 1318 001d 00000000 		.4byte	0
 1319              	.LLST1:
 1320 0021 00000000 		.4byte	.LVL0
 1321 0025 0C000000 		.4byte	.LVL1
 1322 0029 0100     		.2byte	0x1
 1323 002b 52       		.byte	0x52
 1324 002c 0C000000 		.4byte	.LVL1
 1325 0030 90000000 		.4byte	.LFE34
ARM GAS  C:\Users\User\AppData\Local\Temp\cc8nYK6a.s 			page 27


 1326 0034 0400     		.2byte	0x4
 1327 0036 F3       		.byte	0xf3
 1328 0037 01       		.uleb128 0x1
 1329 0038 52       		.byte	0x52
 1330 0039 9F       		.byte	0x9f
 1331 003a 00000000 		.4byte	0
 1332 003e 00000000 		.4byte	0
 1333              	.LLST2:
 1334 0042 00000000 		.4byte	.LVL0
 1335 0046 0E000000 		.4byte	.LVL2
 1336 004a 0100     		.2byte	0x1
 1337 004c 53       		.byte	0x53
 1338 004d 0E000000 		.4byte	.LVL2
 1339 0051 90000000 		.4byte	.LFE34
 1340 0055 0400     		.2byte	0x4
 1341 0057 F3       		.byte	0xf3
 1342 0058 01       		.uleb128 0x1
 1343 0059 53       		.byte	0x53
 1344 005a 9F       		.byte	0x9f
 1345 005b 00000000 		.4byte	0
 1346 005f 00000000 		.4byte	0
 1347              	.LLST3:
 1348 0063 00000000 		.4byte	.LVL0
 1349 0067 24000000 		.4byte	.LVL3
 1350 006b 0200     		.2byte	0x2
 1351 006d 70       		.byte	0x70
 1352 006e 00       		.sleb128 0
 1353 006f 24000000 		.4byte	.LVL3
 1354 0073 80000000 		.4byte	.LVL12
 1355 0077 0200     		.2byte	0x2
 1356 0079 76       		.byte	0x76
 1357 007a 00       		.sleb128 0
 1358 007b 80000000 		.4byte	.LVL12
 1359 007f 90000000 		.4byte	.LFE34
 1360 0083 0200     		.2byte	0x2
 1361 0085 70       		.byte	0x70
 1362 0086 00       		.sleb128 0
 1363 0087 00000000 		.4byte	0
 1364 008b 00000000 		.4byte	0
 1365              	.LLST4:
 1366 008f 1A000000 		.4byte	.LVL15
 1367 0093 1E000000 		.4byte	.LVL16
 1368 0097 0200     		.2byte	0x2
 1369 0099 30       		.byte	0x30
 1370 009a 9F       		.byte	0x9f
 1371 009b 1E000000 		.4byte	.LVL16
 1372 009f 40000000 		.4byte	.LVL17
 1373 00a3 0100     		.2byte	0x1
 1374 00a5 53       		.byte	0x53
 1375 00a6 42000000 		.4byte	.LVL18
 1376 00aa 4A000000 		.4byte	.LVL19
 1377 00ae 0100     		.2byte	0x1
 1378 00b0 53       		.byte	0x53
 1379 00b1 78000000 		.4byte	.LVL23
 1380 00b5 0C010000 		.4byte	.LVL33
 1381 00b9 0100     		.2byte	0x1
 1382 00bb 5B       		.byte	0x5b
ARM GAS  C:\Users\User\AppData\Local\Temp\cc8nYK6a.s 			page 28


 1383 00bc 0C010000 		.4byte	.LVL33
 1384 00c0 74010000 		.4byte	.LFE35
 1385 00c4 0100     		.2byte	0x1
 1386 00c6 54       		.byte	0x54
 1387 00c7 00000000 		.4byte	0
 1388 00cb 00000000 		.4byte	0
 1389              	.LLST5:
 1390 00cf 4A000000 		.4byte	.LVL19
 1391 00d3 6C000000 		.4byte	.LVL21
 1392 00d7 0100     		.2byte	0x1
 1393 00d9 54       		.byte	0x54
 1394 00da 6E000000 		.4byte	.LVL22
 1395 00de 0A010000 		.4byte	.LVL32
 1396 00e2 0100     		.2byte	0x1
 1397 00e4 54       		.byte	0x54
 1398 00e5 00000000 		.4byte	0
 1399 00e9 00000000 		.4byte	0
 1400              		.section	.debug_aranges,"",%progbits
 1401 0000 24000000 		.4byte	0x24
 1402 0004 0200     		.2byte	0x2
 1403 0006 00000000 		.4byte	.Ldebug_info0
 1404 000a 04       		.byte	0x4
 1405 000b 00       		.byte	0
 1406 000c 0000     		.2byte	0
 1407 000e 0000     		.2byte	0
 1408 0010 00000000 		.4byte	.LFB34
 1409 0014 90000000 		.4byte	.LFE34-.LFB34
 1410 0018 00000000 		.4byte	.LFB35
 1411 001c 74010000 		.4byte	.LFE35-.LFB35
 1412 0020 00000000 		.4byte	0
 1413 0024 00000000 		.4byte	0
 1414              		.section	.debug_ranges,"",%progbits
 1415              	.Ldebug_ranges0:
 1416 0000 00000000 		.4byte	.LFB34
 1417 0004 90000000 		.4byte	.LFE34
 1418 0008 00000000 		.4byte	.LFB35
 1419 000c 74010000 		.4byte	.LFE35
 1420 0010 00000000 		.4byte	0
 1421 0014 00000000 		.4byte	0
 1422              		.section	.debug_line,"",%progbits
 1423              	.Ldebug_line0:
 1424 0000 F4010000 		.section	.debug_str,"MS",%progbits,1
 1424      02004901 
 1424      00000201 
 1424      FB0E0D00 
 1424      01010101 
 1425              	.LASF21:
 1426 0000 636F6D70 		.ascii	"complex\000"
 1426      6C657800 
 1427              	.LASF2:
 1428 0008 5F5F7569 		.ascii	"__uint8_t\000"
 1428      6E74385F 
 1428      7400
 1429              	.LASF3:
 1430 0012 5F5F696E 		.ascii	"__int16_t\000"
 1430      7431365F 
 1430      7400
ARM GAS  C:\Users\User\AppData\Local\Temp\cc8nYK6a.s 			page 29


 1431              	.LASF27:
 1432 001c 72657669 		.ascii	"revindex\000"
 1432      6E646578 
 1432      00
 1433              	.LASF20:
 1434 0025 5F696D61 		.ascii	"_imag\000"
 1434      6700
 1435              	.LASF5:
 1436 002b 73686F72 		.ascii	"short unsigned int\000"
 1436      7420756E 
 1436      7369676E 
 1436      65642069 
 1436      6E7400
 1437              	.LASF25:
 1438 003e 6666745F 		.ascii	"fft_abs\000"
 1438      61627300 
 1439              	.LASF24:
 1440 0046 6666745F 		.ascii	"fft_imag\000"
 1440      696D6167 
 1440      00
 1441              	.LASF14:
 1442 004f 666C6F61 		.ascii	"float\000"
 1442      7400
 1443              	.LASF19:
 1444 0055 5F726561 		.ascii	"_real\000"
 1444      6C00
 1445              	.LASF7:
 1446 005b 6C6F6E67 		.ascii	"long unsigned int\000"
 1446      20756E73 
 1446      69676E65 
 1446      6420696E 
 1446      7400
 1447              	.LASF23:
 1448 006d 6666745F 		.ascii	"fft_real\000"
 1448      7265616C 
 1448      00
 1449              	.LASF13:
 1450 0076 75696E74 		.ascii	"uint8\000"
 1450      3800
 1451              	.LASF36:
 1452 007c 74776964 		.ascii	"twiddle_factor\000"
 1452      646C655F 
 1452      66616374 
 1452      6F7200
 1453              	.LASF1:
 1454 008b 756E7369 		.ascii	"unsigned char\000"
 1454      676E6564 
 1454      20636861 
 1454      7200
 1455              	.LASF15:
 1456 0099 646F7562 		.ascii	"double\000"
 1456      6C6500
 1457              	.LASF34:
 1458 00a0 2E5C6D61 		.ascii	".\\main.c\000"
 1458      696E2E63 
 1458      00
 1459              	.LASF39:
ARM GAS  C:\Users\User\AppData\Local\Temp\cc8nYK6a.s 			page 30


 1460 00a9 6F6C6564 		.ascii	"oled_eq_chan_init\000"
 1460      5F65715F 
 1460      6368616E 
 1460      5F696E69 
 1460      7400
 1461              	.LASF10:
 1462 00bb 756E7369 		.ascii	"unsigned int\000"
 1462      676E6564 
 1462      20696E74 
 1462      00
 1463              	.LASF38:
 1464 00c8 4932434F 		.ascii	"I2COLED_Start\000"
 1464      4C45445F 
 1464      53746172 
 1464      7400
 1465              	.LASF9:
 1466 00d6 6C6F6E67 		.ascii	"long long unsigned int\000"
 1466      206C6F6E 
 1466      6720756E 
 1466      7369676E 
 1466      65642069 
 1467              	.LASF32:
 1468 00ed 6F6C6564 		.ascii	"oled_update_channels_mag\000"
 1468      5F757064 
 1468      6174655F 
 1468      6368616E 
 1468      6E656C73 
 1469              	.LASF12:
 1470 0106 696E7431 		.ascii	"int16_t\000"
 1470      365F7400 
 1471              	.LASF37:
 1472 010e 6D61696E 		.ascii	"main\000"
 1472      00
 1473              	.LASF35:
 1474 0113 433A5C55 		.ascii	"C:\\Users\\User\\Documents\\PSoC Creator\\FFT\\FFT."
 1474      73657273 
 1474      5C557365 
 1474      725C446F 
 1474      63756D65 
 1475 0140 63796473 		.ascii	"cydsn\000"
 1475      6E00
 1476              	.LASF17:
 1477 0146 73697A65 		.ascii	"sizetype\000"
 1477      74797065 
 1477      00
 1478              	.LASF11:
 1479 014f 75696E74 		.ascii	"uint8_t\000"
 1479      385F7400 
 1480              	.LASF8:
 1481 0157 6C6F6E67 		.ascii	"long long int\000"
 1481      206C6F6E 
 1481      6720696E 
 1481      7400
 1482              	.LASF16:
 1483 0165 63686172 		.ascii	"char\000"
 1483      00
 1484              	.LASF33:
ARM GAS  C:\Users\User\AppData\Local\Temp\cc8nYK6a.s 			page 31


 1485 016a 474E5520 		.ascii	"GNU C 4.9.3 20150303 (release) [ARM/embedded-4_9-br"
 1485      4320342E 
 1485      392E3320 
 1485      32303135 
 1485      30333033 
 1486 019d 616E6368 		.ascii	"anch revision 221220] -mcpu=cortex-m0 -mthumb -g -O"
 1486      20726576 
 1486      6973696F 
 1486      6E203232 
 1486      31323230 
 1487 01d0 67202D66 		.ascii	"g -ffunction-sections -ffat-lto-objects\000"
 1487      66756E63 
 1487      74696F6E 
 1487      2D736563 
 1487      74696F6E 
 1488              	.LASF26:
 1489 01f8 73616D70 		.ascii	"samples\000"
 1489      6C657300 
 1490              	.LASF4:
 1491 0200 73686F72 		.ascii	"short int\000"
 1491      7420696E 
 1491      7400
 1492              	.LASF6:
 1493 020a 6C6F6E67 		.ascii	"long int\000"
 1493      20696E74 
 1493      00
 1494              	.LASF30:
 1495 0213 64697370 		.ascii	"display_init\000"
 1495      6C61795F 
 1495      696E6974 
 1495      00
 1496              	.LASF18:
 1497 0220 6C6F6E67 		.ascii	"long double\000"
 1497      20646F75 
 1497      626C6500 
 1498              	.LASF0:
 1499 022c 7369676E 		.ascii	"signed char\000"
 1499      65642063 
 1499      68617200 
 1500              	.LASF28:
 1501 0238 74776964 		.ascii	"twiddindex\000"
 1501      64696E64 
 1501      657800
 1502              	.LASF31:
 1503 0243 6F6C6564 		.ascii	"oled_normalize_channels_mag\000"
 1503      5F6E6F72 
 1503      6D616C69 
 1503      7A655F63 
 1503      68616E6E 
 1504              	.LASF22:
 1505 025f 6666745F 		.ascii	"fft_norm\000"
 1505      6E6F726D 
 1505      00
 1506              	.LASF40:
 1507 0268 6F6C6564 		.ascii	"oled_update_channel\000"
 1507      5F757064 
 1507      6174655F 
ARM GAS  C:\Users\User\AppData\Local\Temp\cc8nYK6a.s 			page 32


 1507      6368616E 
 1507      6E656C00 
 1508              	.LASF29:
 1509 027c 73717274 		.ascii	"sqrt\000"
 1509      00
 1510              		.ident	"GCC: (GNU Tools for ARM Embedded Processors) 4.9.3 20150303 (release) [ARM/embedded-4_9-br
