--------------- Rebuild Started: 06/21/2016 12:32:11 Project: FFT, Configuration: ARM GCC 4.9-2015-q1-update Debug ---------------
Deleting file ".\CortexM0\ARM_GCC_493\Debug\main.o"
Deleting file ".\CortexM0\ARM_GCC_493\Debug\ssd1306.o"
Deleting file ".\CortexM0\ARM_GCC_493\Debug\ssd1306x.o"
Deleting file ".\CortexM0\ARM_GCC_493\Debug\cyfitter_cfg.o"
Deleting file ".\CortexM0\ARM_GCC_493\Debug\cymetadata.o"
Deleting file ".\CortexM0\ARM_GCC_493\Debug\ADC_1.o"
Deleting file ".\CortexM0\ARM_GCC_493\Debug\ADC_1_PM.o"
Deleting file ".\CortexM0\ARM_GCC_493\Debug\ADC_1_INT.o"
Deleting file ".\CortexM0\ARM_GCC_493\Debug\Audio_P.o"
Deleting file ".\CortexM0\ARM_GCC_493\Debug\Audio_P_PM.o"
Deleting file ".\CortexM0\ARM_GCC_493\Debug\Audio_N.o"
Deleting file ".\CortexM0\ARM_GCC_493\Debug\Audio_N_PM.o"
Deleting file ".\CortexM0\ARM_GCC_493\Debug\isr_adc.o"
Deleting file ".\CortexM0\ARM_GCC_493\Debug\Audio_Buf_P.o"
Deleting file ".\CortexM0\ARM_GCC_493\Debug\Audio_Buf_P_PM.o"
Deleting file ".\CortexM0\ARM_GCC_493\Debug\Audio_Buf_N.o"
Deleting file ".\CortexM0\ARM_GCC_493\Debug\Audio_Buf_N_PM.o"
Deleting file ".\CortexM0\ARM_GCC_493\Debug\ADC_1_IRQ.o"
Deleting file ".\CortexM0\ARM_GCC_493\Debug\ADC_1_intClock.o"
Deleting file ".\CortexM0\ARM_GCC_493\Debug\Cm0Start.o"
Deleting file ".\CortexM0\ARM_GCC_493\Debug\CyBootAsmGnu.o"
Deleting file ".\CortexM0\ARM_GCC_493\Debug\CyFlash.o"
Deleting file ".\CortexM0\ARM_GCC_493\Debug\CyLib.o"
Deleting file ".\CortexM0\ARM_GCC_493\Debug\cyPm.o"
Deleting file ".\CortexM0\ARM_GCC_493\Debug\cyutils.o"
Deleting file ".\CortexM0\ARM_GCC_493\Debug\CyLFClk.o"
Deleting file ".\CortexM0\ARM_GCC_493\Debug\I2COLED.o"
Deleting file ".\CortexM0\ARM_GCC_493\Debug\I2COLED_I2C_INT.o"
Deleting file ".\CortexM0\ARM_GCC_493\Debug\I2COLED_I2C.o"
Deleting file ".\CortexM0\ARM_GCC_493\Debug\I2COLED_I2C_BOOT.o"
Deleting file ".\CortexM0\ARM_GCC_493\Debug\I2COLED_I2C_MASTER.o"
Deleting file ".\CortexM0\ARM_GCC_493\Debug\I2COLED_PM.o"
Deleting file ".\CortexM0\ARM_GCC_493\Debug\I2COLED_BOOT.o"
Deleting file ".\CortexM0\ARM_GCC_493\Debug\I2COLED_SCBCLK.o"
Deleting file ".\CortexM0\ARM_GCC_493\Debug\I2COLED_sda.o"
Deleting file ".\CortexM0\ARM_GCC_493\Debug\I2COLED_sda_PM.o"
Deleting file ".\CortexM0\ARM_GCC_493\Debug\I2COLED_scl.o"
Deleting file ".\CortexM0\ARM_GCC_493\Debug\I2COLED_scl_PM.o"
Deleting file ".\CortexM0\ARM_GCC_493\Debug\I2COLED_SCB_IRQ.o"
Deleting file ".\CortexM0\ARM_GCC_493\Debug\FFT.hex"
Deleting file ".\CortexM0\ARM_GCC_493\Debug\FFT.elf"
Deleting file ".\CortexM0\ARM_GCC_493\Debug\FFT.map"
Deleting file ".\FFT.cycdx"
Deleting file ".\FFT.svd"
Deleting file ".\FFT.rpt"
Deleting file ".\FFT_timing.html"
Deleting file ".\CortexM0\ARM_GCC_493\Debug\.deps\C_FILE.P"
Deleting file ".\CortexM0\ARM_GCC_493\Debug\.deps\ARM_C_FILE.P"
Deleting file ".\CortexM0\ARM_GCC_493\Debug\.deps\GNU_ARM_ASM_FILE.P"
cydsfit.exe -.appdatapath "C:\Users\User\AppData\Local\Cypress Semiconductor\PSoC Creator\3.3" -.fdsnotice -.fdswarpdepfile=warp_dependencies.txt -.fdselabdepfile=elab_dependencies.txt -.fdsbldfile=generated_files.txt -p "C:\Users\User\Documents\PSoC Creator\FFT\FFT.cydsn\FFT.cyprj" -d CY8C4245AXI-483 -s "C:\Users\User\Documents\PSoC Creator\FFT\FFT.cydsn\Generated_Source\PSoC4" -- -yv2 -q10 -ygs -o2 -v3 -.fftcfgtype=LE
Elaborating Design...
HDL Generation ...
Synthesis ...
Place and Route ...
Tech mapping ...
Analog Placement ...
Analog Routing ...
Analog Code Generation ...
Digital Placement ...
Digital Routing ...
Bitstream Generation ...
Static timing analysis ...
API Generation ...
Dependency Generation ...
Clean Temporary Files ...
arm-none-eabi-gcc.exe -mcpu=cortex-m0 -mthumb -Wno-main -I. -IGenerated_Source\PSoC4 -Wa,-alh=.\CortexM0\ARM_GCC_493\Debug/main.lst -g -D DEBUG -Wall -ffunction-sections -Og -ffat-lto-objects -c .\main.c -o .\CortexM0\ARM_GCC_493\Debug\main.o
arm-none-eabi-gcc.exe -mcpu=cortex-m0 -mthumb -Wno-main -I. -IGenerated_Source\PSoC4 -Wa,-alh=.\CortexM0\ARM_GCC_493\Debug/ssd1306.lst -g -D DEBUG -Wall -ffunction-sections -Og -ffat-lto-objects -c .\ssd1306.c -o .\CortexM0\ARM_GCC_493\Debug\ssd1306.o
.\ssd1306.c: In function 'display_line':
.\ssd1306.c:274:42: warning: 'mask' may be used uninitialized in this function [-Wmaybe-uninitialized]
                     case BLACK:     *ptr &= ~mask; break;
                                          ^
arm-none-eabi-gcc.exe -mcpu=cortex-m0 -mthumb -Wno-main -I. -IGenerated_Source\PSoC4 -Wa,-alh=.\CortexM0\ARM_GCC_493\Debug/ssd1306x.lst -g -D DEBUG -Wall -ffunction-sections -Og -ffat-lto-objects -c .\ssd1306x.c -o .\CortexM0\ARM_GCC_493\Debug\ssd1306x.o
arm-none-eabi-gcc.exe -mcpu=cortex-m0 -mthumb -Wno-main -I. -IGenerated_Source\PSoC4 -Wa,-alh=.\CortexM0\ARM_GCC_493\Debug/cyfitter_cfg.lst -g -D DEBUG -Wall -ffunction-sections -Og -ffat-lto-objects -c .\Generated_Source\PSoC4\cyfitter_cfg.c -o .\CortexM0\ARM_GCC_493\Debug\cyfitter_cfg.o
arm-none-eabi-gcc.exe -mcpu=cortex-m0 -mthumb -Wno-main -I. -IGenerated_Source\PSoC4 -Wa,-alh=.\CortexM0\ARM_GCC_493\Debug/cymetadata.lst -g -D DEBUG -Wall -ffunction-sections -Og -ffat-lto-objects -c .\Generated_Source\PSoC4\cymetadata.c -o .\CortexM0\ARM_GCC_493\Debug\cymetadata.o
arm-none-eabi-gcc.exe -mcpu=cortex-m0 -mthumb -Wno-main -I. -IGenerated_Source\PSoC4 -Wa,-alh=.\CortexM0\ARM_GCC_493\Debug/ADC_1.lst -g -D DEBUG -Wall -ffunction-sections -Og -ffat-lto-objects -c .\Generated_Source\PSoC4\ADC_1.c -o .\CortexM0\ARM_GCC_493\Debug\ADC_1.o
arm-none-eabi-gcc.exe -mcpu=cortex-m0 -mthumb -Wno-main -I. -IGenerated_Source\PSoC4 -Wa,-alh=.\CortexM0\ARM_GCC_493\Debug/ADC_1_PM.lst -g -D DEBUG -Wall -ffunction-sections -Og -ffat-lto-objects -c .\Generated_Source\PSoC4\ADC_1_PM.c -o .\CortexM0\ARM_GCC_493\Debug\ADC_1_PM.o
arm-none-eabi-gcc.exe -mcpu=cortex-m0 -mthumb -Wno-main -I. -IGenerated_Source\PSoC4 -Wa,-alh=.\CortexM0\ARM_GCC_493\Debug/ADC_1_INT.lst -g -D DEBUG -Wall -ffunction-sections -Og -ffat-lto-objects -c .\Generated_Source\PSoC4\ADC_1_INT.c -o .\CortexM0\ARM_GCC_493\Debug\ADC_1_INT.o
arm-none-eabi-gcc.exe -mcpu=cortex-m0 -mthumb -Wno-main -I. -IGenerated_Source\PSoC4 -Wa,-alh=.\CortexM0\ARM_GCC_493\Debug/Audio_P.lst -g -D DEBUG -Wall -ffunction-sections -Og -ffat-lto-objects -c .\Generated_Source\PSoC4\Audio_P.c -o .\CortexM0\ARM_GCC_493\Debug\Audio_P.o
arm-none-eabi-gcc.exe -mcpu=cortex-m0 -mthumb -Wno-main -I. -IGenerated_Source\PSoC4 -Wa,-alh=.\CortexM0\ARM_GCC_493\Debug/Audio_P_PM.lst -g -D DEBUG -Wall -ffunction-sections -Og -ffat-lto-objects -c .\Generated_Source\PSoC4\Audio_P_PM.c -o .\CortexM0\ARM_GCC_493\Debug\Audio_P_PM.o
arm-none-eabi-gcc.exe -mcpu=cortex-m0 -mthumb -Wno-main -I. -IGenerated_Source\PSoC4 -Wa,-alh=.\CortexM0\ARM_GCC_493\Debug/Audio_N.lst -g -D DEBUG -Wall -ffunction-sections -Og -ffat-lto-objects -c .\Generated_Source\PSoC4\Audio_N.c -o .\CortexM0\ARM_GCC_493\Debug\Audio_N.o
arm-none-eabi-gcc.exe -mcpu=cortex-m0 -mthumb -Wno-main -I. -IGenerated_Source\PSoC4 -Wa,-alh=.\CortexM0\ARM_GCC_493\Debug/Audio_N_PM.lst -g -D DEBUG -Wall -ffunction-sections -Og -ffat-lto-objects -c .\Generated_Source\PSoC4\Audio_N_PM.c -o .\CortexM0\ARM_GCC_493\Debug\Audio_N_PM.o
arm-none-eabi-gcc.exe -mcpu=cortex-m0 -mthumb -Wno-main -I. -IGenerated_Source\PSoC4 -Wa,-alh=.\CortexM0\ARM_GCC_493\Debug/isr_adc.lst -g -D DEBUG -Wall -ffunction-sections -Og -ffat-lto-objects -c .\Generated_Source\PSoC4\isr_adc.c -o .\CortexM0\ARM_GCC_493\Debug\isr_adc.o
arm-none-eabi-gcc.exe -mcpu=cortex-m0 -mthumb -Wno-main -I. -IGenerated_Source\PSoC4 -Wa,-alh=.\CortexM0\ARM_GCC_493\Debug/Audio_Buf_P.lst -g -D DEBUG -Wall -ffunction-sections -Og -ffat-lto-objects -c .\Generated_Source\PSoC4\Audio_Buf_P.c -o .\CortexM0\ARM_GCC_493\Debug\Audio_Buf_P.o
arm-none-eabi-gcc.exe -mcpu=cortex-m0 -mthumb -Wno-main -I. -IGenerated_Source\PSoC4 -Wa,-alh=.\CortexM0\ARM_GCC_493\Debug/Audio_Buf_P_PM.lst -g -D DEBUG -Wall -ffunction-sections -Og -ffat-lto-objects -c .\Generated_Source\PSoC4\Audio_Buf_P_PM.c -o .\CortexM0\ARM_GCC_493\Debug\Audio_Buf_P_PM.o
arm-none-eabi-gcc.exe -mcpu=cortex-m0 -mthumb -Wno-main -I. -IGenerated_Source\PSoC4 -Wa,-alh=.\CortexM0\ARM_GCC_493\Debug/Audio_Buf_N.lst -g -D DEBUG -Wall -ffunction-sections -Og -ffat-lto-objects -c .\Generated_Source\PSoC4\Audio_Buf_N.c -o .\CortexM0\ARM_GCC_493\Debug\Audio_Buf_N.o
arm-none-eabi-gcc.exe -mcpu=cortex-m0 -mthumb -Wno-main -I. -IGenerated_Source\PSoC4 -Wa,-alh=.\CortexM0\ARM_GCC_493\Debug/Audio_Buf_N_PM.lst -g -D DEBUG -Wall -ffunction-sections -Og -ffat-lto-objects -c .\Generated_Source\PSoC4\Audio_Buf_N_PM.c -o .\CortexM0\ARM_GCC_493\Debug\Audio_Buf_N_PM.o
arm-none-eabi-gcc.exe -mcpu=cortex-m0 -mthumb -Wno-main -I. -IGenerated_Source\PSoC4 -Wa,-alh=.\CortexM0\ARM_GCC_493\Debug/ADC_1_IRQ.lst -g -D DEBUG -Wall -ffunction-sections -Og -ffat-lto-objects -c .\Generated_Source\PSoC4\ADC_1_IRQ.c -o .\CortexM0\ARM_GCC_493\Debug\ADC_1_IRQ.o
arm-none-eabi-gcc.exe -mcpu=cortex-m0 -mthumb -Wno-main -I. -IGenerated_Source\PSoC4 -Wa,-alh=.\CortexM0\ARM_GCC_493\Debug/ADC_1_intClock.lst -g -D DEBUG -Wall -ffunction-sections -Og -ffat-lto-objects -c .\Generated_Source\PSoC4\ADC_1_intClock.c -o .\CortexM0\ARM_GCC_493\Debug\ADC_1_intClock.o
arm-none-eabi-gcc.exe -mcpu=cortex-m0 -mthumb -Wno-main -I. -IGenerated_Source\PSoC4 -Wa,-alh=.\CortexM0\ARM_GCC_493\Debug/Cm0Start.lst -g -D DEBUG -Wall -ffunction-sections -Og -ffat-lto-objects -c .\Generated_Source\PSoC4\Cm0Start.c -o .\CortexM0\ARM_GCC_493\Debug\Cm0Start.o
arm-none-eabi-as.exe -mcpu=cortex-m0 -mthumb -I. -IGenerated_Source\PSoC4 -alh=.\CortexM0\ARM_GCC_493\Debug/CyBootAsmGnu.lst -g -W -o .\CortexM0\ARM_GCC_493\Debug\CyBootAsmGnu.o .\Generated_Source\PSoC4\CyBootAsmGnu.s
arm-none-eabi-gcc.exe -mcpu=cortex-m0 -mthumb -Wno-main -I. -IGenerated_Source\PSoC4 -Wa,-alh=.\CortexM0\ARM_GCC_493\Debug/CyFlash.lst -g -D DEBUG -Wall -ffunction-sections -Og -ffat-lto-objects -c .\Generated_Source\PSoC4\CyFlash.c -o .\CortexM0\ARM_GCC_493\Debug\CyFlash.o
arm-none-eabi-gcc.exe -mcpu=cortex-m0 -mthumb -Wno-main -I. -IGenerated_Source\PSoC4 -Wa,-alh=.\CortexM0\ARM_GCC_493\Debug/CyLib.lst -g -D DEBUG -Wall -ffunction-sections -Og -ffat-lto-objects -c .\Generated_Source\PSoC4\CyLib.c -o .\CortexM0\ARM_GCC_493\Debug\CyLib.o
arm-none-eabi-gcc.exe -mcpu=cortex-m0 -mthumb -Wno-main -I. -IGenerated_Source\PSoC4 -Wa,-alh=.\CortexM0\ARM_GCC_493\Debug/cyPm.lst -g -D DEBUG -Wall -ffunction-sections -Og -ffat-lto-objects -c .\Generated_Source\PSoC4\cyPm.c -o .\CortexM0\ARM_GCC_493\Debug\cyPm.o
arm-none-eabi-gcc.exe -mcpu=cortex-m0 -mthumb -Wno-main -I. -IGenerated_Source\PSoC4 -Wa,-alh=.\CortexM0\ARM_GCC_493\Debug/cyutils.lst -g -D DEBUG -Wall -ffunction-sections -Og -ffat-lto-objects -c .\Generated_Source\PSoC4\cyutils.c -o .\CortexM0\ARM_GCC_493\Debug\cyutils.o
arm-none-eabi-gcc.exe -mcpu=cortex-m0 -mthumb -Wno-main -I. -IGenerated_Source\PSoC4 -Wa,-alh=.\CortexM0\ARM_GCC_493\Debug/CyLFClk.lst -g -D DEBUG -Wall -ffunction-sections -Og -ffat-lto-objects -c .\Generated_Source\PSoC4\CyLFClk.c -o .\CortexM0\ARM_GCC_493\Debug\CyLFClk.o
arm-none-eabi-gcc.exe -mcpu=cortex-m0 -mthumb -Wno-main -I. -IGenerated_Source\PSoC4 -Wa,-alh=.\CortexM0\ARM_GCC_493\Debug/I2COLED.lst -g -D DEBUG -Wall -ffunction-sections -Og -ffat-lto-objects -c .\Generated_Source\PSoC4\I2COLED.c -o .\CortexM0\ARM_GCC_493\Debug\I2COLED.o
arm-none-eabi-gcc.exe -mcpu=cortex-m0 -mthumb -Wno-main -I. -IGenerated_Source\PSoC4 -Wa,-alh=.\CortexM0\ARM_GCC_493\Debug/I2COLED_I2C_INT.lst -g -D DEBUG -Wall -ffunction-sections -Og -ffat-lto-objects -c .\Generated_Source\PSoC4\I2COLED_I2C_INT.c -o .\CortexM0\ARM_GCC_493\Debug\I2COLED_I2C_INT.o
arm-none-eabi-gcc.exe -mcpu=cortex-m0 -mthumb -Wno-main -I. -IGenerated_Source\PSoC4 -Wa,-alh=.\CortexM0\ARM_GCC_493\Debug/I2COLED_I2C.lst -g -D DEBUG -Wall -ffunction-sections -Og -ffat-lto-objects -c .\Generated_Source\PSoC4\I2COLED_I2C.c -o .\CortexM0\ARM_GCC_493\Debug\I2COLED_I2C.o
arm-none-eabi-gcc.exe -mcpu=cortex-m0 -mthumb -Wno-main -I. -IGenerated_Source\PSoC4 -Wa,-alh=.\CortexM0\ARM_GCC_493\Debug/I2COLED_I2C_BOOT.lst -g -D DEBUG -Wall -ffunction-sections -Og -ffat-lto-objects -c .\Generated_Source\PSoC4\I2COLED_I2C_BOOT.c -o .\CortexM0\ARM_GCC_493\Debug\I2COLED_I2C_BOOT.o
arm-none-eabi-gcc.exe -mcpu=cortex-m0 -mthumb -Wno-main -I. -IGenerated_Source\PSoC4 -Wa,-alh=.\CortexM0\ARM_GCC_493\Debug/I2COLED_I2C_MASTER.lst -g -D DEBUG -Wall -ffunction-sections -Og -ffat-lto-objects -c .\Generated_Source\PSoC4\I2COLED_I2C_MASTER.c -o .\CortexM0\ARM_GCC_493\Debug\I2COLED_I2C_MASTER.o
arm-none-eabi-gcc.exe -mcpu=cortex-m0 -mthumb -Wno-main -I. -IGenerated_Source\PSoC4 -Wa,-alh=.\CortexM0\ARM_GCC_493\Debug/I2COLED_PM.lst -g -D DEBUG -Wall -ffunction-sections -Og -ffat-lto-objects -c .\Generated_Source\PSoC4\I2COLED_PM.c -o .\CortexM0\ARM_GCC_493\Debug\I2COLED_PM.o
arm-none-eabi-gcc.exe -mcpu=cortex-m0 -mthumb -Wno-main -I. -IGenerated_Source\PSoC4 -Wa,-alh=.\CortexM0\ARM_GCC_493\Debug/I2COLED_BOOT.lst -g -D DEBUG -Wall -ffunction-sections -Og -ffat-lto-objects -c .\Generated_Source\PSoC4\I2COLED_BOOT.c -o .\CortexM0\ARM_GCC_493\Debug\I2COLED_BOOT.o
arm-none-eabi-gcc.exe -mcpu=cortex-m0 -mthumb -Wno-main -I. -IGenerated_Source\PSoC4 -Wa,-alh=.\CortexM0\ARM_GCC_493\Debug/I2COLED_SCBCLK.lst -g -D DEBUG -Wall -ffunction-sections -Og -ffat-lto-objects -c .\Generated_Source\PSoC4\I2COLED_SCBCLK.c -o .\CortexM0\ARM_GCC_493\Debug\I2COLED_SCBCLK.o
arm-none-eabi-gcc.exe -mcpu=cortex-m0 -mthumb -Wno-main -I. -IGenerated_Source\PSoC4 -Wa,-alh=.\CortexM0\ARM_GCC_493\Debug/I2COLED_sda.lst -g -D DEBUG -Wall -ffunction-sections -Og -ffat-lto-objects -c .\Generated_Source\PSoC4\I2COLED_sda.c -o .\CortexM0\ARM_GCC_493\Debug\I2COLED_sda.o
arm-none-eabi-gcc.exe -mcpu=cortex-m0 -mthumb -Wno-main -I. -IGenerated_Source\PSoC4 -Wa,-alh=.\CortexM0\ARM_GCC_493\Debug/I2COLED_sda_PM.lst -g -D DEBUG -Wall -ffunction-sections -Og -ffat-lto-objects -c .\Generated_Source\PSoC4\I2COLED_sda_PM.c -o .\CortexM0\ARM_GCC_493\Debug\I2COLED_sda_PM.o
arm-none-eabi-gcc.exe -mcpu=cortex-m0 -mthumb -Wno-main -I. -IGenerated_Source\PSoC4 -Wa,-alh=.\CortexM0\ARM_GCC_493\Debug/I2COLED_scl.lst -g -D DEBUG -Wall -ffunction-sections -Og -ffat-lto-objects -c .\Generated_Source\PSoC4\I2COLED_scl.c -o .\CortexM0\ARM_GCC_493\Debug\I2COLED_scl.o
arm-none-eabi-gcc.exe -mcpu=cortex-m0 -mthumb -Wno-main -I. -IGenerated_Source\PSoC4 -Wa,-alh=.\CortexM0\ARM_GCC_493\Debug/I2COLED_scl_PM.lst -g -D DEBUG -Wall -ffunction-sections -Og -ffat-lto-objects -c .\Generated_Source\PSoC4\I2COLED_scl_PM.c -o .\CortexM0\ARM_GCC_493\Debug\I2COLED_scl_PM.o
arm-none-eabi-gcc.exe -mcpu=cortex-m0 -mthumb -Wno-main -I. -IGenerated_Source\PSoC4 -Wa,-alh=.\CortexM0\ARM_GCC_493\Debug/I2COLED_SCB_IRQ.lst -g -D DEBUG -Wall -ffunction-sections -Og -ffat-lto-objects -c .\Generated_Source\PSoC4\I2COLED_SCB_IRQ.c -o .\CortexM0\ARM_GCC_493\Debug\I2COLED_SCB_IRQ.o
arm-none-eabi-ar.exe -rs .\CortexM0\ARM_GCC_493\Debug\FFT.a .\CortexM0\ARM_GCC_493\Debug\cyfitter_cfg.o .\CortexM0\ARM_GCC_493\Debug\ADC_1.o .\CortexM0\ARM_GCC_493\Debug\ADC_1_PM.o .\CortexM0\ARM_GCC_493\Debug\ADC_1_INT.o .\CortexM0\ARM_GCC_493\Debug\Audio_P.o .\CortexM0\ARM_GCC_493\Debug\Audio_P_PM.o .\CortexM0\ARM_GCC_493\Debug\Audio_N.o .\CortexM0\ARM_GCC_493\Debug\Audio_N_PM.o .\CortexM0\ARM_GCC_493\Debug\isr_adc.o .\CortexM0\ARM_GCC_493\Debug\Audio_Buf_P.o .\CortexM0\ARM_GCC_493\Debug\Audio_Buf_P_PM.o .\CortexM0\ARM_GCC_493\Debug\Audio_Buf_N.o .\CortexM0\ARM_GCC_493\Debug\Audio_Buf_N_PM.o .\CortexM0\ARM_GCC_493\Debug\ADC_1_IRQ.o .\CortexM0\ARM_GCC_493\Debug\ADC_1_intClock.o .\CortexM0\ARM_GCC_493\Debug\CyBootAsmGnu.o .\CortexM0\ARM_GCC_493\Debug\CyFlash.o .\CortexM0\ARM_GCC_493\Debug\CyLib.o .\CortexM0\ARM_GCC_493\Debug\cyPm.o .\CortexM0\ARM_GCC_493\Debug\cyutils.o .\CortexM0\ARM_GCC_493\Debug\CyLFClk.o .\CortexM0\ARM_GCC_493\Debug\I2COLED.o .\CortexM0\ARM_GCC_493\Debug\I2COLED_I2C_INT.o .\CortexM0\ARM_GCC_493\Debug\I2COLED_I2C.o .\CortexM0\ARM_GCC_493\Debug\I2COLED_I2C_BOOT.o .\CortexM0\ARM_GCC_493\Debug\I2COLED_I2C_MASTER.o .\CortexM0\ARM_GCC_493\Debug\I2COLED_PM.o .\CortexM0\ARM_GCC_493\Debug\I2COLED_BOOT.o .\CortexM0\ARM_GCC_493\Debug\I2COLED_SCBCLK.o .\CortexM0\ARM_GCC_493\Debug\I2COLED_sda.o .\CortexM0\ARM_GCC_493\Debug\I2COLED_sda_PM.o .\CortexM0\ARM_GCC_493\Debug\I2COLED_scl.o .\CortexM0\ARM_GCC_493\Debug\I2COLED_scl_PM.o .\CortexM0\ARM_GCC_493\Debug\I2COLED_SCB_IRQ.o
arm-none-eabi-ar.exe: creating .\CortexM0\ARM_GCC_493\Debug\FFT.a
arm-none-eabi-gcc.exe -Wl,--start-group -o .\CortexM0\ARM_GCC_493\Debug\FFT.elf .\CortexM0\ARM_GCC_493\Debug\main.o .\CortexM0\ARM_GCC_493\Debug\ssd1306.o .\CortexM0\ARM_GCC_493\Debug\ssd1306x.o .\CortexM0\ARM_GCC_493\Debug\cymetadata.o .\CortexM0\ARM_GCC_493\Debug\Cm0Start.o .\CortexM0\ARM_GCC_493\Debug\FFT.a "D:\Cypress\PSoC Creator\3.3\PSoC Creator\psoc\content\cycomponentlibrary\CyComponentLibrary.cylib\CortexM0\ARM_GCC_493\Debug\CyComponentLibrary.a" -mcpu=cortex-m0 -mthumb -g -ffunction-sections -Og -ffat-lto-objects -l m -L Generated_Source\PSoC4 -Wl,-Map,.\CortexM0\ARM_GCC_493\Debug/FFT.map -T Generated_Source\PSoC4\cm0gcc.ld -specs=nano.specs -Wl,--gc-sections -Wl,--end-group
cyelftool.exe -C "C:\Users\User\Documents\PSoC Creator\FFT\FFT.cydsn\CortexM0\ARM_GCC_493\Debug\FFT.elf" --flash_row_size 128 --flash_size 32768
cyelftool.exe -S "C:\Users\User\Documents\PSoC Creator\FFT\FFT.cydsn\CortexM0\ARM_GCC_493\Debug\FFT.elf"
Flash used: 25088 of 32768 bytes (76.6 %).
SRAM used: 2820 of 4096 bytes (68.8 %). Stack: 1024 bytes. Heap: 128 bytes.
--------------- Rebuild Succeeded: 06/21/2016 12:32:22 ---------------
