ARM GAS  C:\Users\ipfajard\AppData\Local\Temp\cc6dgUJo.s 			page 1


   1              		.syntax unified
   2              		.cpu cortex-m3
   3              		.fpu softvfp
   4              		.eabi_attribute 20, 1
   5              		.eabi_attribute 21, 1
   6              		.eabi_attribute 23, 3
   7              		.eabi_attribute 24, 1
   8              		.eabi_attribute 25, 1
   9              		.eabi_attribute 26, 1
  10              		.eabi_attribute 30, 1
  11              		.eabi_attribute 34, 1
  12              		.eabi_attribute 18, 4
  13              		.thumb
  14              		.syntax unified
  15              		.file	"main.c"
  16              		.text
  17              	.Ltext0:
  18              		.cfi_sections	.debug_frame
  19              		.section	.text.SAR_Output,"ax",%progbits
  20              		.align	2
  21              		.global	SAR_Output
  22              		.thumb
  23              		.thumb_func
  24              		.type	SAR_Output, %function
  25              	SAR_Output:
  26              	.LFB65:
  27              		.file 1 "main.c"
   1:main.c        **** /* ========================================
   2:main.c        ****  *
   3:main.c        ****  * Copyright YOUR COMPANY, THE YEAR
   4:main.c        ****  * All Rights Reserved
   5:main.c        ****  * UNPUBLISHED, LICENSED SOFTWARE.
   6:main.c        ****  *
   7:main.c        ****  * CONFIDENTIAL AND PROPRIETARY INFORMATION
   8:main.c        ****  * WHICH IS THE PROPERTY OF your company.
   9:main.c        ****  *
  10:main.c        ****  * ========================================
  11:main.c        **** */
  12:main.c        **** #include "project.h"
  13:main.c        **** 
  14:main.c        **** CY_ISR_PROTO(ADC_Output);
  15:main.c        **** CY_ISR_PROTO(SAR_Output);
  16:main.c        **** 
  17:main.c        **** int main(void)
  18:main.c        **** {
  19:main.c        ****     CyGlobalIntEnable; /* Enable global interrupts. */
  20:main.c        ****     ADC_DelSig_1_Start() ;
  21:main.c        ****     ADC_DelSig_1_StartConvert() ;
  22:main.c        ****     ADC_SAR_1_Start();
  23:main.c        ****     ADC_SAR_1_StartConvert();
  24:main.c        ****     
  25:main.c        ****     VDAC8_DELSIG_Start();
  26:main.c        ****     VDAC8_SAR_Start() ;
  27:main.c        ****     
  28:main.c        ****     Sar_ISR_StartEx(ADC_Output);
  29:main.c        ****     ADC_ISR_StartEx(SAR_Output);
  30:main.c        **** 
ARM GAS  C:\Users\ipfajard\AppData\Local\Temp\cc6dgUJo.s 			page 2


  31:main.c        ****     /* Place your initialization/startup code here (e.g. MyInst_Start()) */
  32:main.c        **** 
  33:main.c        ****     for(;;)
  34:main.c        ****     {
  35:main.c        ****         /* Place your application code here. */
  36:main.c        ****     }
  37:main.c        **** }
  38:main.c        **** 
  39:main.c        **** /* [] END OF FILE */
  40:main.c        **** CY_ISR_PROTO(ADC_Output){
  41:main.c        ****     
  42:main.c        ****     VDAC8_DELSIG_SetValue((uint8)ADC_DelSig_1_GetResult8()) ;
  43:main.c        **** 
  44:main.c        **** }
  45:main.c        **** CY_ISR_PROTO(SAR_Output){
  28              		.loc 1 45 0
  29              		.cfi_startproc
  30              		@ args = 0, pretend = 0, frame = 0
  31              		@ frame_needed = 0, uses_anonymous_args = 0
  32              		@ link register save eliminated.
  33 0000 7047     		bx	lr
  34              		.cfi_endproc
  35              	.LFE65:
  36              		.size	SAR_Output, .-SAR_Output
  37 0002 00BF     		.section	.text.ADC_Output,"ax",%progbits
  38              		.align	2
  39              		.global	ADC_Output
  40              		.thumb
  41              		.thumb_func
  42              		.type	ADC_Output, %function
  43              	ADC_Output:
  44              	.LFB64:
  40:main.c        ****     
  45              		.loc 1 40 0
  46              		.cfi_startproc
  47              		@ args = 0, pretend = 0, frame = 0
  48              		@ frame_needed = 0, uses_anonymous_args = 0
  40:main.c        ****     
  49              		.loc 1 40 0
  50 0000 08B5     		push	{r3, lr}
  51              		.cfi_def_cfa_offset 8
  52              		.cfi_offset 3, -8
  53              		.cfi_offset 14, -4
  42:main.c        **** 
  54              		.loc 1 42 0
  55 0002 FFF7FEFF 		bl	ADC_DelSig_1_GetResult8
  56              	.LVL0:
  57 0006 C0B2     		uxtb	r0, r0
  58 0008 FFF7FEFF 		bl	VDAC8_DELSIG_SetValue
  59              	.LVL1:
  60 000c 08BD     		pop	{r3, pc}
  61              		.cfi_endproc
  62              	.LFE64:
  63              		.size	ADC_Output, .-ADC_Output
  64 000e 00BF     		.section	.text.main,"ax",%progbits
  65              		.align	2
  66              		.global	main
ARM GAS  C:\Users\ipfajard\AppData\Local\Temp\cc6dgUJo.s 			page 3


  67              		.thumb
  68              		.thumb_func
  69              		.type	main, %function
  70              	main:
  71              	.LFB63:
  18:main.c        ****     CyGlobalIntEnable; /* Enable global interrupts. */
  72              		.loc 1 18 0
  73              		.cfi_startproc
  74              		@ Volatile: function does not return.
  75              		@ args = 0, pretend = 0, frame = 0
  76              		@ frame_needed = 0, uses_anonymous_args = 0
  77 0000 08B5     		push	{r3, lr}
  78              		.cfi_def_cfa_offset 8
  79              		.cfi_offset 3, -8
  80              		.cfi_offset 14, -4
  19:main.c        ****     ADC_DelSig_1_Start() ;
  81              		.loc 1 19 0
  82              		.syntax unified
  83              	@ 19 "main.c" 1
  84 0002 62B6     		CPSIE   i
  85              	@ 0 "" 2
  20:main.c        ****     ADC_DelSig_1_StartConvert() ;
  86              		.loc 1 20 0
  87              		.thumb
  88              		.syntax unified
  89 0004 FFF7FEFF 		bl	ADC_DelSig_1_Start
  90              	.LVL2:
  21:main.c        ****     ADC_SAR_1_Start();
  91              		.loc 1 21 0
  92 0008 FFF7FEFF 		bl	ADC_DelSig_1_StartConvert
  93              	.LVL3:
  22:main.c        ****     ADC_SAR_1_StartConvert();
  94              		.loc 1 22 0
  95 000c FFF7FEFF 		bl	ADC_SAR_1_Start
  96              	.LVL4:
  23:main.c        ****     
  97              		.loc 1 23 0
  98 0010 FFF7FEFF 		bl	ADC_SAR_1_StartConvert
  99              	.LVL5:
  25:main.c        ****     VDAC8_SAR_Start() ;
 100              		.loc 1 25 0
 101 0014 FFF7FEFF 		bl	VDAC8_DELSIG_Start
 102              	.LVL6:
  26:main.c        ****     
 103              		.loc 1 26 0
 104 0018 FFF7FEFF 		bl	VDAC8_SAR_Start
 105              	.LVL7:
  28:main.c        ****     ADC_ISR_StartEx(SAR_Output);
 106              		.loc 1 28 0
 107 001c 0348     		ldr	r0, .L7
 108 001e FFF7FEFF 		bl	Sar_ISR_StartEx
 109              	.LVL8:
  29:main.c        **** 
 110              		.loc 1 29 0
 111 0022 0348     		ldr	r0, .L7+4
 112 0024 FFF7FEFF 		bl	ADC_ISR_StartEx
 113              	.LVL9:
ARM GAS  C:\Users\ipfajard\AppData\Local\Temp\cc6dgUJo.s 			page 4


 114              	.L5:
 115 0028 FEE7     		b	.L5
 116              	.L8:
 117 002a 00BF     		.align	2
 118              	.L7:
 119 002c 00000000 		.word	ADC_Output
 120 0030 00000000 		.word	SAR_Output
 121              		.cfi_endproc
 122              	.LFE63:
 123              		.size	main, .-main
 124              		.text
 125              	.Letext0:
 126              		.file 2 "c:\\program files (x86)\\cypress\\psoc creator\\4.1\\psoc creator\\import\\gnu\\arm\\5.4.
 127              		.file 3 "c:\\program files (x86)\\cypress\\psoc creator\\4.1\\psoc creator\\import\\gnu\\arm\\5.4.
 128              		.file 4 "Generated_Source\\PSoC5/cytypes.h"
 129              		.file 5 "Generated_Source\\PSoC5/ADC_DelSig_1.h"
 130              		.file 6 "Generated_Source\\PSoC5/VDAC8_DELSIG.h"
 131              		.file 7 "Generated_Source\\PSoC5/ADC_SAR_1.h"
 132              		.file 8 "Generated_Source\\PSoC5/VDAC8_SAR.h"
 133              		.file 9 "Generated_Source\\PSoC5/Sar_ISR.h"
 134              		.file 10 "Generated_Source\\PSoC5/ADC_ISR.h"
 135              		.file 11 "Generated_Source\\PSoC5/core_cm3.h"
 136              		.section	.debug_info,"",%progbits
 137              	.Ldebug_info0:
 138 0000 DF010000 		.4byte	0x1df
 139 0004 0400     		.2byte	0x4
 140 0006 00000000 		.4byte	.Ldebug_abbrev0
 141 000a 04       		.byte	0x4
 142 000b 01       		.uleb128 0x1
 143 000c 77000000 		.4byte	.LASF27
 144 0010 0C       		.byte	0xc
 145 0011 06020000 		.4byte	.LASF28
 146 0015 B4010000 		.4byte	.LASF29
 147 0019 00000000 		.4byte	.Ldebug_ranges0+0
 148 001d 00000000 		.4byte	0
 149 0021 00000000 		.4byte	.Ldebug_line0
 150 0025 02       		.uleb128 0x2
 151 0026 01       		.byte	0x1
 152 0027 06       		.byte	0x6
 153 0028 51020000 		.4byte	.LASF0
 154 002c 02       		.uleb128 0x2
 155 002d 01       		.byte	0x1
 156 002e 08       		.byte	0x8
 157 002f 69000000 		.4byte	.LASF1
 158 0033 02       		.uleb128 0x2
 159 0034 02       		.byte	0x2
 160 0035 05       		.byte	0x5
 161 0036 12020000 		.4byte	.LASF2
 162 003a 02       		.uleb128 0x2
 163 003b 02       		.byte	0x2
 164 003c 07       		.byte	0x7
 165 003d 1D000000 		.4byte	.LASF3
 166 0041 03       		.uleb128 0x3
 167 0042 13000000 		.4byte	.LASF9
 168 0046 02       		.byte	0x2
 169 0047 3F       		.byte	0x3f
 170 0048 4C000000 		.4byte	0x4c
ARM GAS  C:\Users\ipfajard\AppData\Local\Temp\cc6dgUJo.s 			page 5


 171 004c 02       		.uleb128 0x2
 172 004d 04       		.byte	0x4
 173 004e 05       		.byte	0x5
 174 004f 22020000 		.4byte	.LASF4
 175 0053 02       		.uleb128 0x2
 176 0054 04       		.byte	0x4
 177 0055 07       		.byte	0x7
 178 0056 1B010000 		.4byte	.LASF5
 179 005a 02       		.uleb128 0x2
 180 005b 08       		.byte	0x8
 181 005c 05       		.byte	0x5
 182 005d F8010000 		.4byte	.LASF6
 183 0061 02       		.uleb128 0x2
 184 0062 08       		.byte	0x8
 185 0063 07       		.byte	0x7
 186 0064 9D010000 		.4byte	.LASF7
 187 0068 04       		.uleb128 0x4
 188 0069 04       		.byte	0x4
 189 006a 05       		.byte	0x5
 190 006b 696E7400 		.ascii	"int\000"
 191 006f 02       		.uleb128 0x2
 192 0070 04       		.byte	0x4
 193 0071 07       		.byte	0x7
 194 0072 90010000 		.4byte	.LASF8
 195 0076 03       		.uleb128 0x3
 196 0077 E7010000 		.4byte	.LASF10
 197 007b 03       		.byte	0x3
 198 007c 2C       		.byte	0x2c
 199 007d 41000000 		.4byte	0x41
 200 0081 05       		.uleb128 0x5
 201 0082 1C020000 		.4byte	.LASF11
 202 0086 04       		.byte	0x4
 203 0087 9201     		.2byte	0x192
 204 0089 2C000000 		.4byte	0x2c
 205 008d 02       		.uleb128 0x2
 206 008e 04       		.byte	0x4
 207 008f 04       		.byte	0x4
 208 0090 63000000 		.4byte	.LASF12
 209 0094 02       		.uleb128 0x2
 210 0095 08       		.byte	0x8
 211 0096 04       		.byte	0x4
 212 0097 64010000 		.4byte	.LASF13
 213 009b 02       		.uleb128 0x2
 214 009c 01       		.byte	0x1
 215 009d 08       		.byte	0x8
 216 009e 0D020000 		.4byte	.LASF14
 217 00a2 02       		.uleb128 0x2
 218 00a3 08       		.byte	0x8
 219 00a4 04       		.byte	0x4
 220 00a5 45020000 		.4byte	.LASF15
 221 00a9 02       		.uleb128 0x2
 222 00aa 04       		.byte	0x4
 223 00ab 07       		.byte	0x7
 224 00ac EF010000 		.4byte	.LASF16
 225 00b0 06       		.uleb128 0x6
 226 00b1 DC010000 		.4byte	.LASF30
 227 00b5 01       		.byte	0x1
ARM GAS  C:\Users\ipfajard\AppData\Local\Temp\cc6dgUJo.s 			page 6


 228 00b6 2D       		.byte	0x2d
 229 00b7 00000000 		.4byte	.LFB65
 230 00bb 02000000 		.4byte	.LFE65-.LFB65
 231 00bf 01       		.uleb128 0x1
 232 00c0 9C       		.byte	0x9c
 233 00c1 07       		.uleb128 0x7
 234 00c2 30000000 		.4byte	.LASF31
 235 00c6 01       		.byte	0x1
 236 00c7 28       		.byte	0x28
 237 00c8 00000000 		.4byte	.LFB64
 238 00cc 0E000000 		.4byte	.LFE64-.LFB64
 239 00d0 01       		.uleb128 0x1
 240 00d1 9C       		.byte	0x9c
 241 00d2 E9000000 		.4byte	0xe9
 242 00d6 08       		.uleb128 0x8
 243 00d7 06000000 		.4byte	.LVL0
 244 00db 74010000 		.4byte	0x174
 245 00df 08       		.uleb128 0x8
 246 00e0 0C000000 		.4byte	.LVL1
 247 00e4 7F010000 		.4byte	0x17f
 248 00e8 00       		.byte	0
 249 00e9 09       		.uleb128 0x9
 250 00ea 6B010000 		.4byte	.LASF32
 251 00ee 01       		.byte	0x1
 252 00ef 11       		.byte	0x11
 253 00f0 68000000 		.4byte	0x68
 254 00f4 00000000 		.4byte	.LFB63
 255 00f8 34000000 		.4byte	.LFE63-.LFB63
 256 00fc 01       		.uleb128 0x1
 257 00fd 9C       		.byte	0x9c
 258 00fe 63010000 		.4byte	0x163
 259 0102 08       		.uleb128 0x8
 260 0103 08000000 		.4byte	.LVL2
 261 0107 8A010000 		.4byte	0x18a
 262 010b 08       		.uleb128 0x8
 263 010c 0C000000 		.4byte	.LVL3
 264 0110 95010000 		.4byte	0x195
 265 0114 08       		.uleb128 0x8
 266 0115 10000000 		.4byte	.LVL4
 267 0119 A0010000 		.4byte	0x1a0
 268 011d 08       		.uleb128 0x8
 269 011e 14000000 		.4byte	.LVL5
 270 0122 AB010000 		.4byte	0x1ab
 271 0126 08       		.uleb128 0x8
 272 0127 18000000 		.4byte	.LVL6
 273 012b B6010000 		.4byte	0x1b6
 274 012f 08       		.uleb128 0x8
 275 0130 1C000000 		.4byte	.LVL7
 276 0134 C1010000 		.4byte	0x1c1
 277 0138 0A       		.uleb128 0xa
 278 0139 22000000 		.4byte	.LVL8
 279 013d CC010000 		.4byte	0x1cc
 280 0141 4F010000 		.4byte	0x14f
 281 0145 0B       		.uleb128 0xb
 282 0146 01       		.uleb128 0x1
 283 0147 50       		.byte	0x50
 284 0148 05       		.uleb128 0x5
ARM GAS  C:\Users\ipfajard\AppData\Local\Temp\cc6dgUJo.s 			page 7


 285 0149 03       		.byte	0x3
 286 014a 00000000 		.4byte	ADC_Output
 287 014e 00       		.byte	0
 288 014f 0C       		.uleb128 0xc
 289 0150 28000000 		.4byte	.LVL9
 290 0154 D7010000 		.4byte	0x1d7
 291 0158 0B       		.uleb128 0xb
 292 0159 01       		.uleb128 0x1
 293 015a 50       		.byte	0x50
 294 015b 05       		.uleb128 0x5
 295 015c 03       		.byte	0x3
 296 015d 00000000 		.4byte	SAR_Output
 297 0161 00       		.byte	0
 298 0162 00       		.byte	0
 299 0163 0D       		.uleb128 0xd
 300 0164 70010000 		.4byte	.LASF33
 301 0168 0B       		.byte	0xb
 302 0169 1207     		.2byte	0x712
 303 016b 6F010000 		.4byte	0x16f
 304 016f 0E       		.uleb128 0xe
 305 0170 76000000 		.4byte	0x76
 306 0174 0F       		.uleb128 0xf
 307 0175 3B000000 		.4byte	.LASF17
 308 0179 3B000000 		.4byte	.LASF17
 309 017d 05       		.byte	0x5
 310 017e 40       		.byte	0x40
 311 017f 0F       		.uleb128 0xf
 312 0180 05010000 		.4byte	.LASF18
 313 0184 05010000 		.4byte	.LASF18
 314 0188 06       		.byte	0x6
 315 0189 37       		.byte	0x37
 316 018a 0F       		.uleb128 0xf
 317 018b 7D010000 		.4byte	.LASF19
 318 018f 7D010000 		.4byte	.LASF19
 319 0193 05       		.byte	0x5
 320 0194 3A       		.byte	0x3a
 321 0195 0F       		.uleb128 0xf
 322 0196 2B020000 		.4byte	.LASF20
 323 019a 2B020000 		.4byte	.LASF20
 324 019e 05       		.byte	0x5
 325 019f 3D       		.byte	0x3d
 326 01a0 0F       		.uleb128 0xf
 327 01a1 5D020000 		.4byte	.LASF21
 328 01a5 5D020000 		.4byte	.LASF21
 329 01a9 07       		.byte	0x7
 330 01aa 34       		.byte	0x34
 331 01ab 0F       		.uleb128 0xf
 332 01ac 2D010000 		.4byte	.LASF22
 333 01b0 2D010000 		.4byte	.LASF22
 334 01b4 07       		.byte	0x7
 335 01b5 D1       		.byte	0xd1
 336 01b6 0F       		.uleb128 0xf
 337 01b7 00000000 		.4byte	.LASF23
 338 01bb 00000000 		.4byte	.LASF23
 339 01bf 06       		.byte	0x6
 340 01c0 33       		.byte	0x33
 341 01c1 0F       		.uleb128 0xf
ARM GAS  C:\Users\ipfajard\AppData\Local\Temp\cc6dgUJo.s 			page 8


 342 01c2 53000000 		.4byte	.LASF24
 343 01c6 53000000 		.4byte	.LASF24
 344 01ca 08       		.byte	0x8
 345 01cb 33       		.byte	0x33
 346 01cc 0F       		.uleb128 0xf
 347 01cd 54010000 		.4byte	.LASF25
 348 01d1 54010000 		.4byte	.LASF25
 349 01d5 09       		.byte	0x9
 350 01d6 18       		.byte	0x18
 351 01d7 0F       		.uleb128 0xf
 352 01d8 44010000 		.4byte	.LASF26
 353 01dc 44010000 		.4byte	.LASF26
 354 01e0 0A       		.byte	0xa
 355 01e1 18       		.byte	0x18
 356 01e2 00       		.byte	0
 357              		.section	.debug_abbrev,"",%progbits
 358              	.Ldebug_abbrev0:
 359 0000 01       		.uleb128 0x1
 360 0001 11       		.uleb128 0x11
 361 0002 01       		.byte	0x1
 362 0003 25       		.uleb128 0x25
 363 0004 0E       		.uleb128 0xe
 364 0005 13       		.uleb128 0x13
 365 0006 0B       		.uleb128 0xb
 366 0007 03       		.uleb128 0x3
 367 0008 0E       		.uleb128 0xe
 368 0009 1B       		.uleb128 0x1b
 369 000a 0E       		.uleb128 0xe
 370 000b 55       		.uleb128 0x55
 371 000c 17       		.uleb128 0x17
 372 000d 11       		.uleb128 0x11
 373 000e 01       		.uleb128 0x1
 374 000f 10       		.uleb128 0x10
 375 0010 17       		.uleb128 0x17
 376 0011 00       		.byte	0
 377 0012 00       		.byte	0
 378 0013 02       		.uleb128 0x2
 379 0014 24       		.uleb128 0x24
 380 0015 00       		.byte	0
 381 0016 0B       		.uleb128 0xb
 382 0017 0B       		.uleb128 0xb
 383 0018 3E       		.uleb128 0x3e
 384 0019 0B       		.uleb128 0xb
 385 001a 03       		.uleb128 0x3
 386 001b 0E       		.uleb128 0xe
 387 001c 00       		.byte	0
 388 001d 00       		.byte	0
 389 001e 03       		.uleb128 0x3
 390 001f 16       		.uleb128 0x16
 391 0020 00       		.byte	0
 392 0021 03       		.uleb128 0x3
 393 0022 0E       		.uleb128 0xe
 394 0023 3A       		.uleb128 0x3a
 395 0024 0B       		.uleb128 0xb
 396 0025 3B       		.uleb128 0x3b
 397 0026 0B       		.uleb128 0xb
 398 0027 49       		.uleb128 0x49
ARM GAS  C:\Users\ipfajard\AppData\Local\Temp\cc6dgUJo.s 			page 9


 399 0028 13       		.uleb128 0x13
 400 0029 00       		.byte	0
 401 002a 00       		.byte	0
 402 002b 04       		.uleb128 0x4
 403 002c 24       		.uleb128 0x24
 404 002d 00       		.byte	0
 405 002e 0B       		.uleb128 0xb
 406 002f 0B       		.uleb128 0xb
 407 0030 3E       		.uleb128 0x3e
 408 0031 0B       		.uleb128 0xb
 409 0032 03       		.uleb128 0x3
 410 0033 08       		.uleb128 0x8
 411 0034 00       		.byte	0
 412 0035 00       		.byte	0
 413 0036 05       		.uleb128 0x5
 414 0037 16       		.uleb128 0x16
 415 0038 00       		.byte	0
 416 0039 03       		.uleb128 0x3
 417 003a 0E       		.uleb128 0xe
 418 003b 3A       		.uleb128 0x3a
 419 003c 0B       		.uleb128 0xb
 420 003d 3B       		.uleb128 0x3b
 421 003e 05       		.uleb128 0x5
 422 003f 49       		.uleb128 0x49
 423 0040 13       		.uleb128 0x13
 424 0041 00       		.byte	0
 425 0042 00       		.byte	0
 426 0043 06       		.uleb128 0x6
 427 0044 2E       		.uleb128 0x2e
 428 0045 00       		.byte	0
 429 0046 3F       		.uleb128 0x3f
 430 0047 19       		.uleb128 0x19
 431 0048 03       		.uleb128 0x3
 432 0049 0E       		.uleb128 0xe
 433 004a 3A       		.uleb128 0x3a
 434 004b 0B       		.uleb128 0xb
 435 004c 3B       		.uleb128 0x3b
 436 004d 0B       		.uleb128 0xb
 437 004e 27       		.uleb128 0x27
 438 004f 19       		.uleb128 0x19
 439 0050 11       		.uleb128 0x11
 440 0051 01       		.uleb128 0x1
 441 0052 12       		.uleb128 0x12
 442 0053 06       		.uleb128 0x6
 443 0054 40       		.uleb128 0x40
 444 0055 18       		.uleb128 0x18
 445 0056 9742     		.uleb128 0x2117
 446 0058 19       		.uleb128 0x19
 447 0059 00       		.byte	0
 448 005a 00       		.byte	0
 449 005b 07       		.uleb128 0x7
 450 005c 2E       		.uleb128 0x2e
 451 005d 01       		.byte	0x1
 452 005e 3F       		.uleb128 0x3f
 453 005f 19       		.uleb128 0x19
 454 0060 03       		.uleb128 0x3
 455 0061 0E       		.uleb128 0xe
ARM GAS  C:\Users\ipfajard\AppData\Local\Temp\cc6dgUJo.s 			page 10


 456 0062 3A       		.uleb128 0x3a
 457 0063 0B       		.uleb128 0xb
 458 0064 3B       		.uleb128 0x3b
 459 0065 0B       		.uleb128 0xb
 460 0066 27       		.uleb128 0x27
 461 0067 19       		.uleb128 0x19
 462 0068 11       		.uleb128 0x11
 463 0069 01       		.uleb128 0x1
 464 006a 12       		.uleb128 0x12
 465 006b 06       		.uleb128 0x6
 466 006c 40       		.uleb128 0x40
 467 006d 18       		.uleb128 0x18
 468 006e 9742     		.uleb128 0x2117
 469 0070 19       		.uleb128 0x19
 470 0071 01       		.uleb128 0x1
 471 0072 13       		.uleb128 0x13
 472 0073 00       		.byte	0
 473 0074 00       		.byte	0
 474 0075 08       		.uleb128 0x8
 475 0076 898201   		.uleb128 0x4109
 476 0079 00       		.byte	0
 477 007a 11       		.uleb128 0x11
 478 007b 01       		.uleb128 0x1
 479 007c 31       		.uleb128 0x31
 480 007d 13       		.uleb128 0x13
 481 007e 00       		.byte	0
 482 007f 00       		.byte	0
 483 0080 09       		.uleb128 0x9
 484 0081 2E       		.uleb128 0x2e
 485 0082 01       		.byte	0x1
 486 0083 3F       		.uleb128 0x3f
 487 0084 19       		.uleb128 0x19
 488 0085 03       		.uleb128 0x3
 489 0086 0E       		.uleb128 0xe
 490 0087 3A       		.uleb128 0x3a
 491 0088 0B       		.uleb128 0xb
 492 0089 3B       		.uleb128 0x3b
 493 008a 0B       		.uleb128 0xb
 494 008b 27       		.uleb128 0x27
 495 008c 19       		.uleb128 0x19
 496 008d 49       		.uleb128 0x49
 497 008e 13       		.uleb128 0x13
 498 008f 8701     		.uleb128 0x87
 499 0091 19       		.uleb128 0x19
 500 0092 11       		.uleb128 0x11
 501 0093 01       		.uleb128 0x1
 502 0094 12       		.uleb128 0x12
 503 0095 06       		.uleb128 0x6
 504 0096 40       		.uleb128 0x40
 505 0097 18       		.uleb128 0x18
 506 0098 9742     		.uleb128 0x2117
 507 009a 19       		.uleb128 0x19
 508 009b 01       		.uleb128 0x1
 509 009c 13       		.uleb128 0x13
 510 009d 00       		.byte	0
 511 009e 00       		.byte	0
 512 009f 0A       		.uleb128 0xa
ARM GAS  C:\Users\ipfajard\AppData\Local\Temp\cc6dgUJo.s 			page 11


 513 00a0 898201   		.uleb128 0x4109
 514 00a3 01       		.byte	0x1
 515 00a4 11       		.uleb128 0x11
 516 00a5 01       		.uleb128 0x1
 517 00a6 31       		.uleb128 0x31
 518 00a7 13       		.uleb128 0x13
 519 00a8 01       		.uleb128 0x1
 520 00a9 13       		.uleb128 0x13
 521 00aa 00       		.byte	0
 522 00ab 00       		.byte	0
 523 00ac 0B       		.uleb128 0xb
 524 00ad 8A8201   		.uleb128 0x410a
 525 00b0 00       		.byte	0
 526 00b1 02       		.uleb128 0x2
 527 00b2 18       		.uleb128 0x18
 528 00b3 9142     		.uleb128 0x2111
 529 00b5 18       		.uleb128 0x18
 530 00b6 00       		.byte	0
 531 00b7 00       		.byte	0
 532 00b8 0C       		.uleb128 0xc
 533 00b9 898201   		.uleb128 0x4109
 534 00bc 01       		.byte	0x1
 535 00bd 11       		.uleb128 0x11
 536 00be 01       		.uleb128 0x1
 537 00bf 31       		.uleb128 0x31
 538 00c0 13       		.uleb128 0x13
 539 00c1 00       		.byte	0
 540 00c2 00       		.byte	0
 541 00c3 0D       		.uleb128 0xd
 542 00c4 34       		.uleb128 0x34
 543 00c5 00       		.byte	0
 544 00c6 03       		.uleb128 0x3
 545 00c7 0E       		.uleb128 0xe
 546 00c8 3A       		.uleb128 0x3a
 547 00c9 0B       		.uleb128 0xb
 548 00ca 3B       		.uleb128 0x3b
 549 00cb 05       		.uleb128 0x5
 550 00cc 49       		.uleb128 0x49
 551 00cd 13       		.uleb128 0x13
 552 00ce 3F       		.uleb128 0x3f
 553 00cf 19       		.uleb128 0x19
 554 00d0 3C       		.uleb128 0x3c
 555 00d1 19       		.uleb128 0x19
 556 00d2 00       		.byte	0
 557 00d3 00       		.byte	0
 558 00d4 0E       		.uleb128 0xe
 559 00d5 35       		.uleb128 0x35
 560 00d6 00       		.byte	0
 561 00d7 49       		.uleb128 0x49
 562 00d8 13       		.uleb128 0x13
 563 00d9 00       		.byte	0
 564 00da 00       		.byte	0
 565 00db 0F       		.uleb128 0xf
 566 00dc 2E       		.uleb128 0x2e
 567 00dd 00       		.byte	0
 568 00de 3F       		.uleb128 0x3f
 569 00df 19       		.uleb128 0x19
ARM GAS  C:\Users\ipfajard\AppData\Local\Temp\cc6dgUJo.s 			page 12


 570 00e0 3C       		.uleb128 0x3c
 571 00e1 19       		.uleb128 0x19
 572 00e2 6E       		.uleb128 0x6e
 573 00e3 0E       		.uleb128 0xe
 574 00e4 03       		.uleb128 0x3
 575 00e5 0E       		.uleb128 0xe
 576 00e6 3A       		.uleb128 0x3a
 577 00e7 0B       		.uleb128 0xb
 578 00e8 3B       		.uleb128 0x3b
 579 00e9 0B       		.uleb128 0xb
 580 00ea 00       		.byte	0
 581 00eb 00       		.byte	0
 582 00ec 00       		.byte	0
 583              		.section	.debug_aranges,"",%progbits
 584 0000 2C000000 		.4byte	0x2c
 585 0004 0200     		.2byte	0x2
 586 0006 00000000 		.4byte	.Ldebug_info0
 587 000a 04       		.byte	0x4
 588 000b 00       		.byte	0
 589 000c 0000     		.2byte	0
 590 000e 0000     		.2byte	0
 591 0010 00000000 		.4byte	.LFB65
 592 0014 02000000 		.4byte	.LFE65-.LFB65
 593 0018 00000000 		.4byte	.LFB64
 594 001c 0E000000 		.4byte	.LFE64-.LFB64
 595 0020 00000000 		.4byte	.LFB63
 596 0024 34000000 		.4byte	.LFE63-.LFB63
 597 0028 00000000 		.4byte	0
 598 002c 00000000 		.4byte	0
 599              		.section	.debug_ranges,"",%progbits
 600              	.Ldebug_ranges0:
 601 0000 00000000 		.4byte	.LFB65
 602 0004 02000000 		.4byte	.LFE65
 603 0008 00000000 		.4byte	.LFB64
 604 000c 0E000000 		.4byte	.LFE64
 605 0010 00000000 		.4byte	.LFB63
 606 0014 34000000 		.4byte	.LFE63
 607 0018 00000000 		.4byte	0
 608 001c 00000000 		.4byte	0
 609              		.section	.debug_line,"",%progbits
 610              	.Ldebug_line0:
 611 0000 E6010000 		.section	.debug_str,"MS",%progbits,1
 611      0200A801 
 611      00000201 
 611      FB0E0D00 
 611      01010101 
 612              	.LASF23:
 613 0000 56444143 		.ascii	"VDAC8_DELSIG_Start\000"
 613      385F4445 
 613      4C534947 
 613      5F537461 
 613      727400
 614              	.LASF9:
 615 0013 5F5F696E 		.ascii	"__int32_t\000"
 615      7433325F 
 615      7400
 616              	.LASF3:
ARM GAS  C:\Users\ipfajard\AppData\Local\Temp\cc6dgUJo.s 			page 13


 617 001d 73686F72 		.ascii	"short unsigned int\000"
 617      7420756E 
 617      7369676E 
 617      65642069 
 617      6E7400
 618              	.LASF31:
 619 0030 4144435F 		.ascii	"ADC_Output\000"
 619      4F757470 
 619      757400
 620              	.LASF17:
 621 003b 4144435F 		.ascii	"ADC_DelSig_1_GetResult8\000"
 621      44656C53 
 621      69675F31 
 621      5F476574 
 621      52657375 
 622              	.LASF24:
 623 0053 56444143 		.ascii	"VDAC8_SAR_Start\000"
 623      385F5341 
 623      525F5374 
 623      61727400 
 624              	.LASF12:
 625 0063 666C6F61 		.ascii	"float\000"
 625      7400
 626              	.LASF1:
 627 0069 756E7369 		.ascii	"unsigned char\000"
 627      676E6564 
 627      20636861 
 627      7200
 628              	.LASF27:
 629 0077 474E5520 		.ascii	"GNU C11 5.4.1 20160609 (release) [ARM/embedded-5-br"
 629      43313120 
 629      352E342E 
 629      31203230 
 629      31363036 
 630 00aa 616E6368 		.ascii	"anch revision 237715] -mcpu=cortex-m3 -mthumb -g -O"
 630      20726576 
 630      6973696F 
 630      6E203233 
 630      37373135 
 631 00dd 67202D66 		.ascii	"g -ffunction-sections -ffat-lto-objects\000"
 631      66756E63 
 631      74696F6E 
 631      2D736563 
 631      74696F6E 
 632              	.LASF18:
 633 0105 56444143 		.ascii	"VDAC8_DELSIG_SetValue\000"
 633      385F4445 
 633      4C534947 
 633      5F536574 
 633      56616C75 
 634              	.LASF5:
 635 011b 6C6F6E67 		.ascii	"long unsigned int\000"
 635      20756E73 
 635      69676E65 
 635      6420696E 
 635      7400
 636              	.LASF22:
ARM GAS  C:\Users\ipfajard\AppData\Local\Temp\cc6dgUJo.s 			page 14


 637 012d 4144435F 		.ascii	"ADC_SAR_1_StartConvert\000"
 637      5341525F 
 637      315F5374 
 637      61727443 
 637      6F6E7665 
 638              	.LASF26:
 639 0144 4144435F 		.ascii	"ADC_ISR_StartEx\000"
 639      4953525F 
 639      53746172 
 639      74457800 
 640              	.LASF25:
 641 0154 5361725F 		.ascii	"Sar_ISR_StartEx\000"
 641      4953525F 
 641      53746172 
 641      74457800 
 642              	.LASF13:
 643 0164 646F7562 		.ascii	"double\000"
 643      6C6500
 644              	.LASF32:
 645 016b 6D61696E 		.ascii	"main\000"
 645      00
 646              	.LASF33:
 647 0170 49544D5F 		.ascii	"ITM_RxBuffer\000"
 647      52784275 
 647      66666572 
 647      00
 648              	.LASF19:
 649 017d 4144435F 		.ascii	"ADC_DelSig_1_Start\000"
 649      44656C53 
 649      69675F31 
 649      5F537461 
 649      727400
 650              	.LASF8:
 651 0190 756E7369 		.ascii	"unsigned int\000"
 651      676E6564 
 651      20696E74 
 651      00
 652              	.LASF7:
 653 019d 6C6F6E67 		.ascii	"long long unsigned int\000"
 653      206C6F6E 
 653      6720756E 
 653      7369676E 
 653      65642069 
 654              	.LASF29:
 655 01b4 433A5C55 		.ascii	"C:\\Users\\ipfajard\\Desktop\\FFT\\DFT.cydsn\000"
 655      73657273 
 655      5C697066 
 655      616A6172 
 655      645C4465 
 656              	.LASF30:
 657 01dc 5341525F 		.ascii	"SAR_Output\000"
 657      4F757470 
 657      757400
 658              	.LASF10:
 659 01e7 696E7433 		.ascii	"int32_t\000"
 659      325F7400 
 660              	.LASF16:
ARM GAS  C:\Users\ipfajard\AppData\Local\Temp\cc6dgUJo.s 			page 15


 661 01ef 73697A65 		.ascii	"sizetype\000"
 661      74797065 
 661      00
 662              	.LASF6:
 663 01f8 6C6F6E67 		.ascii	"long long int\000"
 663      206C6F6E 
 663      6720696E 
 663      7400
 664              	.LASF28:
 665 0206 6D61696E 		.ascii	"main.c\000"
 665      2E6300
 666              	.LASF14:
 667 020d 63686172 		.ascii	"char\000"
 667      00
 668              	.LASF2:
 669 0212 73686F72 		.ascii	"short int\000"
 669      7420696E 
 669      7400
 670              	.LASF11:
 671 021c 75696E74 		.ascii	"uint8\000"
 671      3800
 672              	.LASF4:
 673 0222 6C6F6E67 		.ascii	"long int\000"
 673      20696E74 
 673      00
 674              	.LASF20:
 675 022b 4144435F 		.ascii	"ADC_DelSig_1_StartConvert\000"
 675      44656C53 
 675      69675F31 
 675      5F537461 
 675      7274436F 
 676              	.LASF15:
 677 0245 6C6F6E67 		.ascii	"long double\000"
 677      20646F75 
 677      626C6500 
 678              	.LASF0:
 679 0251 7369676E 		.ascii	"signed char\000"
 679      65642063 
 679      68617200 
 680              	.LASF21:
 681 025d 4144435F 		.ascii	"ADC_SAR_1_Start\000"
 681      5341525F 
 681      315F5374 
 681      61727400 
 682              		.ident	"GCC: (GNU Tools for ARM Embedded Processors) 5.4.1 20160609 (release) [ARM/embedded-5-bran
