ARM GAS  C:\Users\ipfajard\AppData\Local\Temp\cc3bWEMO.s 			page 1


   1              		.syntax unified
   2              		.cpu cortex-m3
   3              		.fpu softvfp
   4              		.eabi_attribute 20, 1
   5              		.eabi_attribute 21, 1
   6              		.eabi_attribute 23, 3
   7              		.eabi_attribute 24, 1
   8              		.eabi_attribute 25, 1
   9              		.eabi_attribute 26, 1
  10              		.eabi_attribute 30, 1
  11              		.eabi_attribute 34, 1
  12              		.eabi_attribute 18, 4
  13              		.thumb
  14              		.syntax unified
  15              		.file	"cymetadata.c"
  16              		.text
  17              	.Ltext0:
  18              		.cfi_sections	.debug_frame
  19              		.global	cy_metadata
  20              		.global	cy_meta_flashprotect
  21              		.global	cy_meta_wonvl
  22              		.global	cy_meta_custnvl
  23              		.global	cy_meta_configecc
  24              		.section	.cyconfigecc,"a",%progbits
  25              		.align	2
  26              		.type	cy_meta_configecc, %object
  27              		.size	cy_meta_configecc, 1160
  28              	cy_meta_configecc:
  29 0000 03       		.byte	3
  30 0001 4F       		.byte	79
  31 0002 00       		.byte	0
  32 0003 40       		.byte	64
  33 0004 07       		.byte	7
  34 0005 52       		.byte	82
  35 0006 00       		.byte	0
  36 0007 40       		.byte	64
  37 0008 01       		.byte	1
  38 0009 64       		.byte	100
  39 000a 00       		.byte	0
  40 000b 40       		.byte	64
  41 000c 38       		.byte	56
  42 000d 04       		.byte	4
  43 000e 01       		.byte	1
  44 000f 40       		.byte	64
  45 0010 1D       		.byte	29
  46 0011 05       		.byte	5
  47 0012 01       		.byte	1
  48 0013 40       		.byte	64
  49 0014 2B       		.byte	43
  50 0015 06       		.byte	6
  51 0016 01       		.byte	1
  52 0017 40       		.byte	64
  53 0018 1E       		.byte	30
  54 0019 07       		.byte	7
  55 001a 01       		.byte	1
  56 001b 40       		.byte	64
  57 001c 39       		.byte	57
ARM GAS  C:\Users\ipfajard\AppData\Local\Temp\cc3bWEMO.s 			page 2


  58 001d 08       		.byte	8
  59 001e 01       		.byte	1
  60 001f 40       		.byte	64
  61 0020 10       		.byte	16
  62 0021 09       		.byte	9
  63 0022 01       		.byte	1
  64 0023 40       		.byte	64
  65 0024 05       		.byte	5
  66 0025 0B       		.byte	11
  67 0026 01       		.byte	1
  68 0027 40       		.byte	64
  69 0028 3B       		.byte	59
  70 0029 14       		.byte	20
  71 002a 01       		.byte	1
  72 002b 40       		.byte	64
  73 002c 16       		.byte	22
  74 002d 15       		.byte	21
  75 002e 01       		.byte	1
  76 002f 40       		.byte	64
  77 0030 3A       		.byte	58
  78 0031 16       		.byte	22
  79 0032 01       		.byte	1
  80 0033 40       		.byte	64
  81 0034 1C       		.byte	28
  82 0035 17       		.byte	23
  83 0036 01       		.byte	1
  84 0037 40       		.byte	64
  85 0038 02       		.byte	2
  86 0039 19       		.byte	25
  87 003a 01       		.byte	1
  88 003b 40       		.byte	64
  89 003c 03       		.byte	3
  90 003d 40       		.byte	64
  91 003e 01       		.byte	1
  92 003f 40       		.byte	64
  93 0040 09       		.byte	9
  94 0041 41       		.byte	65
  95 0042 01       		.byte	1
  96 0043 40       		.byte	64
  97 0044 0E       		.byte	14
  98 0045 42       		.byte	66
  99 0046 01       		.byte	1
 100 0047 40       		.byte	64
 101 0048 09       		.byte	9
 102 0049 43       		.byte	67
 103 004a 01       		.byte	1
 104 004b 40       		.byte	64
 105 004c 02       		.byte	2
 106 004d 44       		.byte	68
 107 004e 01       		.byte	1
 108 004f 40       		.byte	64
 109 0050 05       		.byte	5
 110 0051 45       		.byte	69
 111 0052 01       		.byte	1
 112 0053 40       		.byte	64
 113 0054 07       		.byte	7
 114 0055 46       		.byte	70
ARM GAS  C:\Users\ipfajard\AppData\Local\Temp\cc3bWEMO.s 			page 3


 115 0056 01       		.byte	1
 116 0057 40       		.byte	64
 117 0058 03       		.byte	3
 118 0059 47       		.byte	71
 119 005a 01       		.byte	1
 120 005b 40       		.byte	64
 121 005c 09       		.byte	9
 122 005d 48       		.byte	72
 123 005e 01       		.byte	1
 124 005f 40       		.byte	64
 125 0060 0F       		.byte	15
 126 0061 49       		.byte	73
 127 0062 01       		.byte	1
 128 0063 40       		.byte	64
 129 0064 05       		.byte	5
 130 0065 4C       		.byte	76
 131 0066 01       		.byte	1
 132 0067 40       		.byte	64
 133 0068 0A       		.byte	10
 134 0069 50       		.byte	80
 135 006a 01       		.byte	1
 136 006b 40       		.byte	64
 137 006c 01       		.byte	1
 138 006d 51       		.byte	81
 139 006e 01       		.byte	1
 140 006f 40       		.byte	64
 141 0070 01       		.byte	1
 142 0071 10       		.byte	16
 143 0072 0A       		.byte	10
 144 0073 27       		.byte	39
 145 0074 16       		.byte	22
 146 0075 27       		.byte	39
 147 0076 00       		.byte	0
 148 0077 84       		.byte	-124
 149 0078 01       		.byte	1
 150 0079 40       		.byte	64
 151 007a 08       		.byte	8
 152 007b 80       		.byte	-128
 153 007c 09       		.byte	9
 154 007d 80       		.byte	-128
 155 007e 10       		.byte	16
 156 007f 80       		.byte	-128
 157 0080 18       		.byte	24
 158 0081 A2       		.byte	-94
 159 0082 19       		.byte	25
 160 0083 20       		.byte	32
 161 0084 85       		.byte	-123
 162 0085 0D       		.byte	13
 163 0086 40       		.byte	64
 164 0087 50       		.byte	80
 165 0088 41       		.byte	65
 166 0089 04       		.byte	4
 167 008a 49       		.byte	73
 168 008b FF       		.byte	-1
 169 008c 4A       		.byte	74
 170 008d FF       		.byte	-1
 171 008e 4B       		.byte	75
ARM GAS  C:\Users\ipfajard\AppData\Local\Temp\cc3bWEMO.s 			page 4


 172 008f FF       		.byte	-1
 173 0090 4D       		.byte	77
 174 0091 A0       		.byte	-96
 175 0092 4F       		.byte	79
 176 0093 04       		.byte	4
 177 0094 50       		.byte	80
 178 0095 18       		.byte	24
 179 0096 5A       		.byte	90
 180 0097 0B       		.byte	11
 181 0098 5D       		.byte	93
 182 0099 09       		.byte	9
 183 009a 5F       		.byte	95
 184 009b 01       		.byte	1
 185 009c 60       		.byte	96
 186 009d 40       		.byte	64
 187 009e 62       		.byte	98
 188 009f C0       		.byte	-64
 189 00a0 64       		.byte	100
 190 00a1 40       		.byte	64
 191 00a2 65       		.byte	101
 192 00a3 40       		.byte	64
 193 00a4 66       		.byte	102
 194 00a5 C0       		.byte	-64
 195 00a6 68       		.byte	104
 196 00a7 C0       		.byte	-64
 197 00a8 6A       		.byte	106
 198 00a9 C0       		.byte	-64
 199 00aa 6C       		.byte	108
 200 00ab C0       		.byte	-64
 201 00ac 6E       		.byte	110
 202 00ad C0       		.byte	-64
 203 00ae 87       		.byte	-121
 204 00af 06       		.byte	6
 205 00b0 93       		.byte	-109
 206 00b1 01       		.byte	1
 207 00b2 99       		.byte	-103
 208 00b3 02       		.byte	2
 209 00b4 AF       		.byte	-81
 210 00b5 01       		.byte	1
 211 00b6 B3       		.byte	-77
 212 00b7 04       		.byte	4
 213 00b8 B5       		.byte	-75
 214 00b9 01       		.byte	1
 215 00ba B7       		.byte	-73
 216 00bb 02       		.byte	2
 217 00bc BF       		.byte	-65
 218 00bd 10       		.byte	16
 219 00be C0       		.byte	-64
 220 00bf 10       		.byte	16
 221 00c0 C1       		.byte	-63
 222 00c1 04       		.byte	4
 223 00c2 C5       		.byte	-59
 224 00c3 D1       		.byte	-47
 225 00c4 C6       		.byte	-58
 226 00c5 02       		.byte	2
 227 00c6 C8       		.byte	-56
 228 00c7 07       		.byte	7
ARM GAS  C:\Users\ipfajard\AppData\Local\Temp\cc3bWEMO.s 			page 5


 229 00c8 C9       		.byte	-55
 230 00c9 FF       		.byte	-1
 231 00ca CA       		.byte	-54
 232 00cb FF       		.byte	-1
 233 00cc CB       		.byte	-53
 234 00cd FF       		.byte	-1
 235 00ce CD       		.byte	-51
 236 00cf AF       		.byte	-81
 237 00d0 CE       		.byte	-50
 238 00d1 0F       		.byte	15
 239 00d2 CF       		.byte	-49
 240 00d3 04       		.byte	4
 241 00d4 D0       		.byte	-48
 242 00d5 18       		.byte	24
 243 00d6 D4       		.byte	-44
 244 00d7 05       		.byte	5
 245 00d8 D9       		.byte	-39
 246 00d9 0B       		.byte	11
 247 00da DA       		.byte	-38
 248 00db 0B       		.byte	11
 249 00dc DB       		.byte	-37
 250 00dd 0B       		.byte	11
 251 00de DC       		.byte	-36
 252 00df 90       		.byte	-112
 253 00e0 DD       		.byte	-35
 254 00e1 99       		.byte	-103
 255 00e2 DF       		.byte	-33
 256 00e3 01       		.byte	1
 257 00e4 E0       		.byte	-32
 258 00e5 40       		.byte	64
 259 00e6 E2       		.byte	-30
 260 00e7 C0       		.byte	-64
 261 00e8 E4       		.byte	-28
 262 00e9 40       		.byte	64
 263 00ea E5       		.byte	-27
 264 00eb 40       		.byte	64
 265 00ec E6       		.byte	-26
 266 00ed C0       		.byte	-64
 267 00ee E8       		.byte	-24
 268 00ef C0       		.byte	-64
 269 00f0 EA       		.byte	-22
 270 00f1 C0       		.byte	-64
 271 00f2 EC       		.byte	-20
 272 00f3 C0       		.byte	-64
 273 00f4 EE       		.byte	-18
 274 00f5 C0       		.byte	-64
 275 00f6 26       		.byte	38
 276 00f7 40       		.byte	64
 277 00f8 27       		.byte	39
 278 00f9 28       		.byte	40
 279 00fa 2E       		.byte	46
 280 00fb 80       		.byte	-128
 281 00fc 36       		.byte	54
 282 00fd 01       		.byte	1
 283 00fe 37       		.byte	55
 284 00ff 20       		.byte	32
 285 0100 3F       		.byte	63
ARM GAS  C:\Users\ipfajard\AppData\Local\Temp\cc3bWEMO.s 			page 6


 286 0101 08       		.byte	8
 287 0102 42       		.byte	66
 288 0103 80       		.byte	-128
 289 0104 46       		.byte	70
 290 0105 80       		.byte	-128
 291 0106 47       		.byte	71
 292 0107 40       		.byte	64
 293 0108 4A       		.byte	74
 294 0109 01       		.byte	1
 295 010a 4F       		.byte	79
 296 010b 09       		.byte	9
 297 010c 56       		.byte	86
 298 010d 80       		.byte	-128
 299 010e 5E       		.byte	94
 300 010f 80       		.byte	-128
 301 0110 5F       		.byte	95
 302 0111 09       		.byte	9
 303 0112 78       		.byte	120
 304 0113 02       		.byte	2
 305 0114 7E       		.byte	126
 306 0115 80       		.byte	-128
 307 0116 80       		.byte	-128
 308 0117 40       		.byte	64
 309 0118 A1       		.byte	-95
 310 0119 20       		.byte	32
 311 011a AD       		.byte	-83
 312 011b 20       		.byte	32
 313 011c CA       		.byte	-54
 314 011d 10       		.byte	16
 315 011e CC       		.byte	-52
 316 011f A0       		.byte	-96
 317 0120 CE       		.byte	-50
 318 0121 40       		.byte	64
 319 0122 D0       		.byte	-48
 320 0123 91       		.byte	-111
 321 0124 D2       		.byte	-46
 322 0125 08       		.byte	8
 323 0126 D6       		.byte	-42
 324 0127 D0       		.byte	-48
 325 0128 DE       		.byte	-34
 326 0129 81       		.byte	-127
 327 012a E2       		.byte	-30
 328 012b 08       		.byte	8
 329 012c E4       		.byte	-28
 330 012d 04       		.byte	4
 331 012e EA       		.byte	-22
 332 012f 08       		.byte	8
 333 0130 03       		.byte	3
 334 0131 01       		.byte	1
 335 0132 31       		.byte	49
 336 0133 01       		.byte	1
 337 0134 52       		.byte	82
 338 0135 80       		.byte	-128
 339 0136 59       		.byte	89
 340 0137 0B       		.byte	11
 341 0138 5B       		.byte	91
 342 0139 0B       		.byte	11
ARM GAS  C:\Users\ipfajard\AppData\Local\Temp\cc3bWEMO.s 			page 7


 343 013a 5C       		.byte	92
 344 013b 90       		.byte	-112
 345 013c 5D       		.byte	93
 346 013d 90       		.byte	-112
 347 013e 5F       		.byte	95
 348 013f 01       		.byte	1
 349 0140 80       		.byte	-128
 350 0141 02       		.byte	2
 351 0142 82       		.byte	-126
 352 0143 01       		.byte	1
 353 0144 98       		.byte	-104
 354 0145 01       		.byte	1
 355 0146 9A       		.byte	-102
 356 0147 02       		.byte	2
 357 0148 B6       		.byte	-74
 358 0149 03       		.byte	3
 359 014a BE       		.byte	-66
 360 014b 40       		.byte	64
 361 014c C1       		.byte	-63
 362 014d 03       		.byte	3
 363 014e C4       		.byte	-60
 364 014f 02       		.byte	2
 365 0150 C5       		.byte	-59
 366 0151 B0       		.byte	-80
 367 0152 C8       		.byte	-56
 368 0153 02       		.byte	2
 369 0154 C9       		.byte	-55
 370 0155 FF       		.byte	-1
 371 0156 CA       		.byte	-54
 372 0157 FF       		.byte	-1
 373 0158 CB       		.byte	-53
 374 0159 FF       		.byte	-1
 375 015a CC       		.byte	-52
 376 015b EF       		.byte	-17
 377 015c CD       		.byte	-51
 378 015d 55       		.byte	85
 379 015e CE       		.byte	-50
 380 015f 70       		.byte	112
 381 0160 CF       		.byte	-49
 382 0161 48       		.byte	72
 383 0162 D0       		.byte	-48
 384 0163 1C       		.byte	28
 385 0164 D6       		.byte	-42
 386 0165 08       		.byte	8
 387 0166 D8       		.byte	-40
 388 0167 04       		.byte	4
 389 0168 DA       		.byte	-38
 390 0169 04       		.byte	4
 391 016a DB       		.byte	-37
 392 016b 04       		.byte	4
 393 016c DD       		.byte	-35
 394 016d 93       		.byte	-109
 395 016e DF       		.byte	-33
 396 016f 01       		.byte	1
 397 0170 E1       		.byte	-31
 398 0171 08       		.byte	8
 399 0172 E3       		.byte	-29
ARM GAS  C:\Users\ipfajard\AppData\Local\Temp\cc3bWEMO.s 			page 8


 400 0173 08       		.byte	8
 401 0174 E5       		.byte	-27
 402 0175 08       		.byte	8
 403 0176 E7       		.byte	-25
 404 0177 08       		.byte	8
 405 0178 E8       		.byte	-24
 406 0179 50       		.byte	80
 407 017a E9       		.byte	-23
 408 017b 0A       		.byte	10
 409 017c EA       		.byte	-22
 410 017d 40       		.byte	64
 411 017e EB       		.byte	-21
 412 017f A8       		.byte	-88
 413 0180 EC       		.byte	-20
 414 0181 C0       		.byte	-64
 415 0182 EE       		.byte	-18
 416 0183 40       		.byte	64
 417 0184 EF       		.byte	-17
 418 0185 A8       		.byte	-88
 419 0186 01       		.byte	1
 420 0187 02       		.byte	2
 421 0188 09       		.byte	9
 422 0189 20       		.byte	32
 423 018a 1A       		.byte	26
 424 018b 02       		.byte	2
 425 018c 26       		.byte	38
 426 018d 01       		.byte	1
 427 018e 27       		.byte	39
 428 018f 40       		.byte	64
 429 0190 3C       		.byte	60
 430 0191 02       		.byte	2
 431 0192 41       		.byte	65
 432 0193 20       		.byte	32
 433 0194 43       		.byte	67
 434 0195 08       		.byte	8
 435 0196 49       		.byte	73
 436 0197 02       		.byte	2
 437 0198 58       		.byte	88
 438 0199 80       		.byte	-128
 439 019a 60       		.byte	96
 440 019b 02       		.byte	2
 441 019c 62       		.byte	98
 442 019d 80       		.byte	-128
 443 019e 74       		.byte	116
 444 019f 01       		.byte	1
 445 01a0 7E       		.byte	126
 446 01a1 80       		.byte	-128
 447 01a2 89       		.byte	-119
 448 01a3 02       		.byte	2
 449 01a4 8B       		.byte	-117
 450 01a5 08       		.byte	8
 451 01a6 94       		.byte	-108
 452 01a7 40       		.byte	64
 453 01a8 9C       		.byte	-100
 454 01a9 02       		.byte	2
 455 01aa 9F       		.byte	-97
 456 01ab 40       		.byte	64
ARM GAS  C:\Users\ipfajard\AppData\Local\Temp\cc3bWEMO.s 			page 9


 457 01ac A1       		.byte	-95
 458 01ad 20       		.byte	32
 459 01ae A3       		.byte	-93
 460 01af 04       		.byte	4
 461 01b0 A6       		.byte	-90
 462 01b1 81       		.byte	-127
 463 01b2 C0       		.byte	-64
 464 01b3 08       		.byte	8
 465 01b4 C2       		.byte	-62
 466 01b5 02       		.byte	2
 467 01b6 CE       		.byte	-50
 468 01b7 80       		.byte	-128
 469 01b8 D0       		.byte	-48
 470 01b9 06       		.byte	6
 471 01ba D6       		.byte	-42
 472 01bb 08       		.byte	8
 473 01bc D8       		.byte	-40
 474 01bd 08       		.byte	8
 475 01be DE       		.byte	-34
 476 01bf 80       		.byte	-128
 477 01c0 E2       		.byte	-30
 478 01c1 80       		.byte	-128
 479 01c2 3F       		.byte	63
 480 01c3 01       		.byte	1
 481 01c4 41       		.byte	65
 482 01c5 04       		.byte	4
 483 01c6 44       		.byte	68
 484 01c7 03       		.byte	3
 485 01c8 49       		.byte	73
 486 01c9 FF       		.byte	-1
 487 01ca 4A       		.byte	74
 488 01cb FF       		.byte	-1
 489 01cc 4B       		.byte	75
 490 01cd FF       		.byte	-1
 491 01ce 4C       		.byte	76
 492 01cf EF       		.byte	-17
 493 01d0 4D       		.byte	77
 494 01d1 55       		.byte	85
 495 01d2 4E       		.byte	78
 496 01d3 72       		.byte	114
 497 01d4 4F       		.byte	79
 498 01d5 48       		.byte	72
 499 01d6 50       		.byte	80
 500 01d7 1C       		.byte	28
 501 01d8 52       		.byte	82
 502 01d9 01       		.byte	1
 503 01da 59       		.byte	89
 504 01db 04       		.byte	4
 505 01dc 5A       		.byte	90
 506 01dd 04       		.byte	4
 507 01de 5B       		.byte	91
 508 01df 04       		.byte	4
 509 01e0 5D       		.byte	93
 510 01e1 33       		.byte	51
 511 01e2 5F       		.byte	95
 512 01e3 01       		.byte	1
 513 01e4 61       		.byte	97
ARM GAS  C:\Users\ipfajard\AppData\Local\Temp\cc3bWEMO.s 			page 10


 514 01e5 08       		.byte	8
 515 01e6 63       		.byte	99
 516 01e7 08       		.byte	8
 517 01e8 65       		.byte	101
 518 01e9 08       		.byte	8
 519 01ea 67       		.byte	103
 520 01eb 08       		.byte	8
 521 01ec 68       		.byte	104
 522 01ed 50       		.byte	80
 523 01ee 69       		.byte	105
 524 01ef 0A       		.byte	10
 525 01f0 6A       		.byte	106
 526 01f1 40       		.byte	64
 527 01f2 6B       		.byte	107
 528 01f3 A8       		.byte	-88
 529 01f4 6C       		.byte	108
 530 01f5 C0       		.byte	-64
 531 01f6 6E       		.byte	110
 532 01f7 40       		.byte	64
 533 01f8 6F       		.byte	111
 534 01f9 A8       		.byte	-88
 535 01fa C1       		.byte	-63
 536 01fb 04       		.byte	4
 537 01fc C4       		.byte	-60
 538 01fd 03       		.byte	3
 539 01fe C5       		.byte	-59
 540 01ff C0       		.byte	-64
 541 0200 C6       		.byte	-58
 542 0201 DE       		.byte	-34
 543 0202 C7       		.byte	-57
 544 0203 0F       		.byte	15
 545 0204 C8       		.byte	-56
 546 0205 1E       		.byte	30
 547 0206 C9       		.byte	-55
 548 0207 FF       		.byte	-1
 549 0208 CA       		.byte	-54
 550 0209 FF       		.byte	-1
 551 020a CB       		.byte	-53
 552 020b FF       		.byte	-1
 553 020c CC       		.byte	-52
 554 020d EA       		.byte	-22
 555 020e CD       		.byte	-51
 556 020f 55       		.byte	85
 557 0210 CE       		.byte	-50
 558 0211 F2       		.byte	-14
 559 0212 CF       		.byte	-49
 560 0213 48       		.byte	72
 561 0214 D0       		.byte	-48
 562 0215 1C       		.byte	28
 563 0216 DA       		.byte	-38
 564 0217 04       		.byte	4
 565 0218 DB       		.byte	-37
 566 0219 04       		.byte	4
 567 021a DD       		.byte	-35
 568 021b 33       		.byte	51
 569 021c DF       		.byte	-33
 570 021d 01       		.byte	1
ARM GAS  C:\Users\ipfajard\AppData\Local\Temp\cc3bWEMO.s 			page 11


 571 021e E1       		.byte	-31
 572 021f 08       		.byte	8
 573 0220 E3       		.byte	-29
 574 0221 08       		.byte	8
 575 0222 E5       		.byte	-27
 576 0223 08       		.byte	8
 577 0224 E7       		.byte	-25
 578 0225 08       		.byte	8
 579 0226 E8       		.byte	-24
 580 0227 50       		.byte	80
 581 0228 E9       		.byte	-23
 582 0229 0A       		.byte	10
 583 022a EA       		.byte	-22
 584 022b 40       		.byte	64
 585 022c EB       		.byte	-21
 586 022d A8       		.byte	-88
 587 022e EC       		.byte	-20
 588 022f C0       		.byte	-64
 589 0230 EE       		.byte	-18
 590 0231 40       		.byte	64
 591 0232 EF       		.byte	-17
 592 0233 A8       		.byte	-88
 593 0234 27       		.byte	39
 594 0235 40       		.byte	64
 595 0236 42       		.byte	66
 596 0237 60       		.byte	96
 597 0238 46       		.byte	70
 598 0239 20       		.byte	32
 599 023a 47       		.byte	71
 600 023b 01       		.byte	1
 601 023c 49       		.byte	73
 602 023d 01       		.byte	1
 603 023e 51       		.byte	81
 604 023f A8       		.byte	-88
 605 0240 59       		.byte	89
 606 0241 01       		.byte	1
 607 0242 61       		.byte	97
 608 0243 A8       		.byte	-88
 609 0244 6E       		.byte	110
 610 0245 C0       		.byte	-64
 611 0246 6F       		.byte	111
 612 0247 01       		.byte	1
 613 0248 8A       		.byte	-118
 614 0249 40       		.byte	64
 615 024a 9A       		.byte	-102
 616 024b 20       		.byte	32
 617 024c D0       		.byte	-48
 618 024d C3       		.byte	-61
 619 024e D6       		.byte	-42
 620 024f 01       		.byte	1
 621 0250 D8       		.byte	-40
 622 0251 0E       		.byte	14
 623 0252 E2       		.byte	-30
 624 0253 20       		.byte	32
 625 0254 9A       		.byte	-102
 626 0255 20       		.byte	32
 627 0256 AE       		.byte	-82
ARM GAS  C:\Users\ipfajard\AppData\Local\Temp\cc3bWEMO.s 			page 12


 628 0257 20       		.byte	32
 629 0258 E2       		.byte	-30
 630 0259 08       		.byte	8
 631 025a E4       		.byte	-28
 632 025b 04       		.byte	4
 633 025c EA       		.byte	-22
 634 025d 08       		.byte	8
 635 025e 0C       		.byte	12
 636 025f 01       		.byte	1
 637 0260 0E       		.byte	14
 638 0261 02       		.byte	2
 639 0262 2C       		.byte	44
 640 0263 02       		.byte	2
 641 0264 2E       		.byte	46
 642 0265 01       		.byte	1
 643 0266 30       		.byte	48
 644 0267 03       		.byte	3
 645 0268 3E       		.byte	62
 646 0269 01       		.byte	1
 647 026a 41       		.byte	65
 648 026b 05       		.byte	5
 649 026c 44       		.byte	68
 650 026d 04       		.byte	4
 651 026e 47       		.byte	71
 652 026f B0       		.byte	-80
 653 0270 48       		.byte	72
 654 0271 20       		.byte	32
 655 0272 49       		.byte	73
 656 0273 FF       		.byte	-1
 657 0274 4A       		.byte	74
 658 0275 FF       		.byte	-1
 659 0276 4B       		.byte	75
 660 0277 FF       		.byte	-1
 661 0278 4C       		.byte	76
 662 0279 EF       		.byte	-17
 663 027a 4D       		.byte	77
 664 027b 55       		.byte	85
 665 027c 4E       		.byte	78
 666 027d 70       		.byte	112
 667 027e 4F       		.byte	79
 668 027f 48       		.byte	72
 669 0280 50       		.byte	80
 670 0281 1C       		.byte	28
 671 0282 52       		.byte	82
 672 0283 01       		.byte	1
 673 0284 58       		.byte	88
 674 0285 04       		.byte	4
 675 0286 5A       		.byte	90
 676 0287 04       		.byte	4
 677 0288 5B       		.byte	91
 678 0289 04       		.byte	4
 679 028a 5D       		.byte	93
 680 028b 22       		.byte	34
 681 028c 5F       		.byte	95
 682 028d 01       		.byte	1
 683 028e 61       		.byte	97
 684 028f 08       		.byte	8
ARM GAS  C:\Users\ipfajard\AppData\Local\Temp\cc3bWEMO.s 			page 13


 685 0290 63       		.byte	99
 686 0291 08       		.byte	8
 687 0292 65       		.byte	101
 688 0293 08       		.byte	8
 689 0294 67       		.byte	103
 690 0295 08       		.byte	8
 691 0296 68       		.byte	104
 692 0297 50       		.byte	80
 693 0298 69       		.byte	105
 694 0299 0A       		.byte	10
 695 029a 6A       		.byte	106
 696 029b 40       		.byte	64
 697 029c 6B       		.byte	107
 698 029d A8       		.byte	-88
 699 029e 6C       		.byte	108
 700 029f C0       		.byte	-64
 701 02a0 6E       		.byte	110
 702 02a1 40       		.byte	64
 703 02a2 6F       		.byte	111
 704 02a3 A8       		.byte	-88
 705 02a4 C1       		.byte	-63
 706 02a5 04       		.byte	4
 707 02a6 C4       		.byte	-60
 708 02a7 05       		.byte	5
 709 02a8 C9       		.byte	-55
 710 02a9 FF       		.byte	-1
 711 02aa CA       		.byte	-54
 712 02ab FF       		.byte	-1
 713 02ac CB       		.byte	-53
 714 02ad FF       		.byte	-1
 715 02ae CC       		.byte	-52
 716 02af EF       		.byte	-17
 717 02b0 CD       		.byte	-51
 718 02b1 55       		.byte	85
 719 02b2 CE       		.byte	-50
 720 02b3 72       		.byte	114
 721 02b4 CF       		.byte	-49
 722 02b5 48       		.byte	72
 723 02b6 D0       		.byte	-48
 724 02b7 1C       		.byte	28
 725 02b8 DA       		.byte	-38
 726 02b9 04       		.byte	4
 727 02ba DD       		.byte	-35
 728 02bb 02       		.byte	2
 729 02bc DF       		.byte	-33
 730 02bd 01       		.byte	1
 731 02be E1       		.byte	-31
 732 02bf 08       		.byte	8
 733 02c0 E3       		.byte	-29
 734 02c1 08       		.byte	8
 735 02c2 E5       		.byte	-27
 736 02c3 08       		.byte	8
 737 02c4 E7       		.byte	-25
 738 02c5 08       		.byte	8
 739 02c6 E8       		.byte	-24
 740 02c7 50       		.byte	80
 741 02c8 E9       		.byte	-23
ARM GAS  C:\Users\ipfajard\AppData\Local\Temp\cc3bWEMO.s 			page 14


 742 02c9 0A       		.byte	10
 743 02ca EA       		.byte	-22
 744 02cb 40       		.byte	64
 745 02cc EB       		.byte	-21
 746 02cd A8       		.byte	-88
 747 02ce EC       		.byte	-20
 748 02cf C0       		.byte	-64
 749 02d0 EE       		.byte	-18
 750 02d1 40       		.byte	64
 751 02d2 EF       		.byte	-17
 752 02d3 A8       		.byte	-88
 753 02d4 00       		.byte	0
 754 02d5 40       		.byte	64
 755 02d6 02       		.byte	2
 756 02d7 02       		.byte	2
 757 02d8 10       		.byte	16
 758 02d9 02       		.byte	2
 759 02da 1A       		.byte	26
 760 02db 80       		.byte	-128
 761 02dc 40       		.byte	64
 762 02dd 40       		.byte	64
 763 02de 47       		.byte	71
 764 02df 02       		.byte	2
 765 02e0 48       		.byte	72
 766 02e1 01       		.byte	1
 767 02e2 4E       		.byte	78
 768 02e3 02       		.byte	2
 769 02e4 50       		.byte	80
 770 02e5 02       		.byte	2
 771 02e6 52       		.byte	82
 772 02e7 01       		.byte	1
 773 02e8 68       		.byte	104
 774 02e9 01       		.byte	1
 775 02ea 69       		.byte	105
 776 02eb 80       		.byte	-128
 777 02ec 6B       		.byte	107
 778 02ed 02       		.byte	2
 779 02ee 82       		.byte	-126
 780 02ef 41       		.byte	65
 781 02f0 90       		.byte	-112
 782 02f1 40       		.byte	64
 783 02f2 95       		.byte	-107
 784 02f3 80       		.byte	-128
 785 02f4 9F       		.byte	-97
 786 02f5 02       		.byte	2
 787 02f6 A6       		.byte	-90
 788 02f7 02       		.byte	2
 789 02f8 C0       		.byte	-64
 790 02f9 01       		.byte	1
 791 02fa C4       		.byte	-60
 792 02fb 01       		.byte	1
 793 02fc D0       		.byte	-48
 794 02fd 81       		.byte	-127
 795 02fe D2       		.byte	-46
 796 02ff 18       		.byte	24
 797 0300 1A       		.byte	26
 798 0301 01       		.byte	1
ARM GAS  C:\Users\ipfajard\AppData\Local\Temp\cc3bWEMO.s 			page 15


 799 0302 2E       		.byte	46
 800 0303 01       		.byte	1
 801 0304 30       		.byte	48
 802 0305 01       		.byte	1
 803 0306 41       		.byte	65
 804 0307 04       		.byte	4
 805 0308 44       		.byte	68
 806 0309 05       		.byte	5
 807 030a 49       		.byte	73
 808 030b FF       		.byte	-1
 809 030c 4A       		.byte	74
 810 030d FF       		.byte	-1
 811 030e 4B       		.byte	75
 812 030f FF       		.byte	-1
 813 0310 4C       		.byte	76
 814 0311 EF       		.byte	-17
 815 0312 4D       		.byte	77
 816 0313 55       		.byte	85
 817 0314 4E       		.byte	78
 818 0315 72       		.byte	114
 819 0316 4F       		.byte	79
 820 0317 48       		.byte	72
 821 0318 50       		.byte	80
 822 0319 1C       		.byte	28
 823 031a 58       		.byte	88
 824 031b 0B       		.byte	11
 825 031c 5A       		.byte	90
 826 031d 04       		.byte	4
 827 031e 5C       		.byte	92
 828 031f 09       		.byte	9
 829 0320 5D       		.byte	93
 830 0321 02       		.byte	2
 831 0322 5F       		.byte	95
 832 0323 01       		.byte	1
 833 0324 61       		.byte	97
 834 0325 08       		.byte	8
 835 0326 63       		.byte	99
 836 0327 08       		.byte	8
 837 0328 65       		.byte	101
 838 0329 08       		.byte	8
 839 032a 67       		.byte	103
 840 032b 08       		.byte	8
 841 032c 68       		.byte	104
 842 032d 50       		.byte	80
 843 032e 69       		.byte	105
 844 032f 0A       		.byte	10
 845 0330 6A       		.byte	106
 846 0331 40       		.byte	64
 847 0332 6B       		.byte	107
 848 0333 A8       		.byte	-88
 849 0334 6C       		.byte	108
 850 0335 C0       		.byte	-64
 851 0336 6E       		.byte	110
 852 0337 40       		.byte	64
 853 0338 6F       		.byte	111
 854 0339 A8       		.byte	-88
 855 033a C1       		.byte	-63
ARM GAS  C:\Users\ipfajard\AppData\Local\Temp\cc3bWEMO.s 			page 16


 856 033b 01       		.byte	1
 857 033c C4       		.byte	-60
 858 033d 04       		.byte	4
 859 033e C5       		.byte	-59
 860 033f C0       		.byte	-64
 861 0340 C6       		.byte	-58
 862 0341 DE       		.byte	-34
 863 0342 C7       		.byte	-57
 864 0343 0F       		.byte	15
 865 0344 C8       		.byte	-56
 866 0345 1E       		.byte	30
 867 0346 C9       		.byte	-55
 868 0347 FF       		.byte	-1
 869 0348 CA       		.byte	-54
 870 0349 FF       		.byte	-1
 871 034a CB       		.byte	-53
 872 034b FF       		.byte	-1
 873 034c CC       		.byte	-52
 874 034d EA       		.byte	-22
 875 034e CD       		.byte	-51
 876 034f 55       		.byte	85
 877 0350 CE       		.byte	-50
 878 0351 F2       		.byte	-14
 879 0352 CF       		.byte	-49
 880 0353 48       		.byte	72
 881 0354 D0       		.byte	-48
 882 0355 1C       		.byte	28
 883 0356 DA       		.byte	-38
 884 0357 04       		.byte	4
 885 0358 DB       		.byte	-37
 886 0359 04       		.byte	4
 887 035a DD       		.byte	-35
 888 035b 22       		.byte	34
 889 035c DF       		.byte	-33
 890 035d 01       		.byte	1
 891 035e E1       		.byte	-31
 892 035f 08       		.byte	8
 893 0360 E3       		.byte	-29
 894 0361 08       		.byte	8
 895 0362 E5       		.byte	-27
 896 0363 08       		.byte	8
 897 0364 E7       		.byte	-25
 898 0365 08       		.byte	8
 899 0366 E8       		.byte	-24
 900 0367 50       		.byte	80
 901 0368 E9       		.byte	-23
 902 0369 0A       		.byte	10
 903 036a EA       		.byte	-22
 904 036b 40       		.byte	64
 905 036c EB       		.byte	-21
 906 036d A8       		.byte	-88
 907 036e EC       		.byte	-20
 908 036f C0       		.byte	-64
 909 0370 EE       		.byte	-18
 910 0371 40       		.byte	64
 911 0372 EF       		.byte	-17
 912 0373 A8       		.byte	-88
ARM GAS  C:\Users\ipfajard\AppData\Local\Temp\cc3bWEMO.s 			page 17


 913 0374 0F       		.byte	15
 914 0375 08       		.byte	8
 915 0376 17       		.byte	23
 916 0377 40       		.byte	64
 917 0378 1C       		.byte	28
 918 0379 40       		.byte	64
 919 037a 40       		.byte	64
 920 037b 40       		.byte	64
 921 037c 41       		.byte	65
 922 037d 40       		.byte	64
 923 037e 47       		.byte	71
 924 037f 02       		.byte	2
 925 0380 49       		.byte	73
 926 0381 02       		.byte	2
 927 0382 4E       		.byte	78
 928 0383 02       		.byte	2
 929 0384 51       		.byte	81
 930 0385 28       		.byte	40
 931 0386 52       		.byte	82
 932 0387 40       		.byte	64
 933 0388 59       		.byte	89
 934 0389 02       		.byte	2
 935 038a 61       		.byte	97
 936 038b 28       		.byte	40
 937 038c 62       		.byte	98
 938 038d 40       		.byte	64
 939 038e 7E       		.byte	126
 940 038f 80       		.byte	-128
 941 0390 94       		.byte	-108
 942 0391 40       		.byte	64
 943 0392 9B       		.byte	-101
 944 0393 40       		.byte	64
 945 0394 A2       		.byte	-94
 946 0395 80       		.byte	-128
 947 0396 A3       		.byte	-93
 948 0397 04       		.byte	4
 949 0398 AE       		.byte	-82
 950 0399 01       		.byte	1
 951 039a B0       		.byte	-80
 952 039b 80       		.byte	-128
 953 039c C2       		.byte	-62
 954 039d 40       		.byte	64
 955 039e C4       		.byte	-60
 956 039f 80       		.byte	-128
 957 03a0 D0       		.byte	-48
 958 03a1 89       		.byte	-119
 959 03a2 D2       		.byte	-46
 960 03a3 10       		.byte	16
 961 03a4 D6       		.byte	-42
 962 03a5 01       		.byte	1
 963 03a6 D8       		.byte	-40
 964 03a7 0E       		.byte	14
 965 03a8 DE       		.byte	-34
 966 03a9 80       		.byte	-128
 967 03aa EA       		.byte	-22
 968 03ab 10       		.byte	16
 969 03ac B7       		.byte	-73
ARM GAS  C:\Users\ipfajard\AppData\Local\Temp\cc3bWEMO.s 			page 18


 970 03ad 40       		.byte	64
 971 03ae EA       		.byte	-22
 972 03af 30       		.byte	48
 973 03b0 32       		.byte	50
 974 03b1 80       		.byte	-128
 975 03b2 34       		.byte	52
 976 03b3 80       		.byte	-128
 977 03b4 CC       		.byte	-52
 978 03b5 30       		.byte	48
 979 03b6 52       		.byte	82
 980 03b7 08       		.byte	8
 981 03b8 57       		.byte	87
 982 03b9 08       		.byte	8
 983 03ba 5F       		.byte	95
 984 03bb 02       		.byte	2
 985 03bc 60       		.byte	96
 986 03bd 20       		.byte	32
 987 03be 9C       		.byte	-100
 988 03bf 80       		.byte	-128
 989 03c0 A6       		.byte	-90
 990 03c1 80       		.byte	-128
 991 03c2 D4       		.byte	-44
 992 03c3 60       		.byte	96
 993 03c4 D6       		.byte	-42
 994 03c5 80       		.byte	-128
 995 03c6 D8       		.byte	-40
 996 03c7 40       		.byte	64
 997 03c8 12       		.byte	18
 998 03c9 80       		.byte	-128
 999 03ca 14       		.byte	20
 1000 03cb 80       		.byte	-128
 1001 03cc 80       		.byte	-128
 1002 03cd 20       		.byte	32
 1003 03ce 86       		.byte	-122
 1004 03cf 20       		.byte	32
 1005 03d0 9B       		.byte	-101
 1006 03d1 08       		.byte	8
 1007 03d2 9C       		.byte	-100
 1008 03d3 A0       		.byte	-96
 1009 03d4 9F       		.byte	-97
 1010 03d5 02       		.byte	2
 1011 03d6 A6       		.byte	-90
 1012 03d7 88       		.byte	-120
 1013 03d8 A7       		.byte	-89
 1014 03d9 08       		.byte	8
 1015 03da AF       		.byte	-81
 1016 03db 08       		.byte	8
 1017 03dc C4       		.byte	-60
 1018 03dd 30       		.byte	48
 1019 03de E2       		.byte	-30
 1020 03df 10       		.byte	16
 1021 03e0 E6       		.byte	-26
 1022 03e1 20       		.byte	32
 1023 03e2 EA       		.byte	-22
 1024 03e3 10       		.byte	16
 1025 03e4 6B       		.byte	107
 1026 03e5 40       		.byte	64
ARM GAS  C:\Users\ipfajard\AppData\Local\Temp\cc3bWEMO.s 			page 19


 1027 03e6 6E       		.byte	110
 1028 03e7 02       		.byte	2
 1029 03e8 8B       		.byte	-117
 1030 03e9 04       		.byte	4
 1031 03ea 9A       		.byte	-102
 1032 03eb 20       		.byte	32
 1033 03ec 9B       		.byte	-101
 1034 03ed 08       		.byte	8
 1035 03ee 9F       		.byte	-97
 1036 03ef 02       		.byte	2
 1037 03f0 A6       		.byte	-90
 1038 03f1 08       		.byte	8
 1039 03f2 A7       		.byte	-89
 1040 03f3 08       		.byte	8
 1041 03f4 DC       		.byte	-36
 1042 03f5 60       		.byte	96
 1043 03f6 28       		.byte	40
 1044 03f7 04       		.byte	4
 1045 03f8 CA       		.byte	-54
 1046 03f9 08       		.byte	8
 1047 03fa 12       		.byte	18
 1048 03fb 40       		.byte	64
 1049 03fc 5D       		.byte	93
 1050 03fd 02       		.byte	2
 1051 03fe 98       		.byte	-104
 1052 03ff 04       		.byte	4
 1053 0400 C4       		.byte	-60
 1054 0401 08       		.byte	8
 1055 0402 D6       		.byte	-42
 1056 0403 01       		.byte	1
 1057 0404 03       		.byte	3
 1058 0405 02       		.byte	2
 1059 0406 81       		.byte	-127
 1060 0407 02       		.byte	2
 1061 0408 87       		.byte	-121
 1062 0409 02       		.byte	2
 1063 040a 98       		.byte	-104
 1064 040b 04       		.byte	4
 1065 040c 9D       		.byte	-99
 1066 040d 02       		.byte	2
 1067 040e AE       		.byte	-82
 1068 040f 40       		.byte	64
 1069 0410 C0       		.byte	-64
 1070 0411 02       		.byte	2
 1071 0412 00       		.byte	0
 1072 0413 08       		.byte	8
 1073 0414 98       		.byte	-104
 1074 0415 04       		.byte	4
 1075 0416 C0       		.byte	-64
 1076 0417 08       		.byte	8
 1077 0418 93       		.byte	-109
 1078 0419 08       		.byte	8
 1079 041a 9A       		.byte	-102
 1080 041b 20       		.byte	32
 1081 041c 9B       		.byte	-101
 1082 041d 08       		.byte	8
 1083 041e A6       		.byte	-90
ARM GAS  C:\Users\ipfajard\AppData\Local\Temp\cc3bWEMO.s 			page 20


 1084 041f 08       		.byte	8
 1085 0420 A7       		.byte	-89
 1086 0421 08       		.byte	8
 1087 0422 AF       		.byte	-81
 1088 0423 02       		.byte	2
 1089 0424 B6       		.byte	-74
 1090 0425 01       		.byte	1
 1091 0426 B7       		.byte	-73
 1092 0427 40       		.byte	64
 1093 0428 EE       		.byte	-18
 1094 0429 40       		.byte	64
 1095 042a 56       		.byte	86
 1096 042b 20       		.byte	32
 1097 042c 5F       		.byte	95
 1098 042d 08       		.byte	8
 1099 042e 67       		.byte	103
 1100 042f 08       		.byte	8
 1101 0430 82       		.byte	-126
 1102 0431 08       		.byte	8
 1103 0432 83       		.byte	-125
 1104 0433 08       		.byte	8
 1105 0434 93       		.byte	-109
 1106 0435 08       		.byte	8
 1107 0436 9A       		.byte	-102
 1108 0437 20       		.byte	32
 1109 0438 9B       		.byte	-101
 1110 0439 08       		.byte	8
 1111 043a A6       		.byte	-90
 1112 043b 08       		.byte	8
 1113 043c A7       		.byte	-89
 1114 043d 08       		.byte	8
 1115 043e D4       		.byte	-44
 1116 043f 40       		.byte	64
 1117 0440 D6       		.byte	-42
 1118 0441 80       		.byte	-128
 1119 0442 D8       		.byte	-40
 1120 0443 80       		.byte	-128
 1121 0444 E2       		.byte	-30
 1122 0445 20       		.byte	32
 1123 0446 E6       		.byte	-26
 1124 0447 80       		.byte	-128
 1125 0448 64       		.byte	100
 1126 0449 04       		.byte	4
 1127 044a 98       		.byte	-104
 1128 044b 04       		.byte	4
 1129 044c B0       		.byte	-80
 1130 044d 04       		.byte	4
 1131 044e D8       		.byte	-40
 1132 044f 01       		.byte	1
 1133 0450 EA       		.byte	-22
 1134 0451 04       		.byte	4
 1135 0452 00       		.byte	0
 1136 0453 08       		.byte	8
 1137 0454 01       		.byte	1
 1138 0455 01       		.byte	1
 1139 0456 0A       		.byte	10
 1140 0457 08       		.byte	8
ARM GAS  C:\Users\ipfajard\AppData\Local\Temp\cc3bWEMO.s 			page 21


 1141 0458 0B       		.byte	11
 1142 0459 01       		.byte	1
 1143 045a 0C       		.byte	12
 1144 045b 08       		.byte	8
 1145 045c 0D       		.byte	13
 1146 045d 01       		.byte	1
 1147 045e 10       		.byte	16
 1148 045f 04       		.byte	4
 1149 0460 11       		.byte	17
 1150 0461 01       		.byte	1
 1151 0462 1A       		.byte	26
 1152 0463 04       		.byte	4
 1153 0464 1B       		.byte	27
 1154 0465 01       		.byte	1
 1155 0466 00       		.byte	0
 1156 0467 0A       		.byte	10
 1157 0468 00       		.byte	0
 1158 0469 CC       		.byte	-52
 1159 046a CC       		.byte	-52
 1160 046b 00       		.byte	0
 1161 046c CC       		.byte	-52
 1162 046d 00       		.byte	0
 1163 046e 32       		.byte	50
 1164 046f 00       		.byte	0
 1165 0470 00       		.byte	0
 1166 0471 8B       		.byte	-117
 1167 0472 8B       		.byte	-117
 1168 0473 00       		.byte	0
 1169 0474 80       		.byte	-128
 1170 0475 00       		.byte	0
 1171 0476 40       		.byte	64
 1172 0477 00       		.byte	0
 1173 0478 00       		.byte	0
 1174 0479 C0       		.byte	-64
 1175 047a C0       		.byte	-64
 1176 047b 00       		.byte	0
 1177 047c 80       		.byte	-128
 1178 047d 00       		.byte	0
 1179 047e 00       		.byte	0
 1180 047f 00       		.byte	0
 1181 0480 00       		.byte	0
 1182 0481 A6       		.byte	-90
 1183 0482 A6       		.byte	-90
 1184 0483 00       		.byte	0
 1185 0484 A2       		.byte	-94
 1186 0485 00       		.byte	0
 1187 0486 59       		.byte	89
 1188 0487 00       		.byte	0
 1189              		.section	.cywolatch,"a",%progbits
 1190              		.align	2
 1191              		.type	cy_meta_wonvl, %object
 1192              		.size	cy_meta_wonvl, 4
 1193              	cy_meta_wonvl:
 1194 0000 BC       		.byte	-68
 1195 0001 90       		.byte	-112
 1196 0002 AC       		.byte	-84
 1197 0003 AF       		.byte	-81
ARM GAS  C:\Users\ipfajard\AppData\Local\Temp\cc3bWEMO.s 			page 22


 1198              		.section	.cycustnvl,"a",%progbits
 1199              		.align	2
 1200              		.type	cy_meta_custnvl, %object
 1201              		.size	cy_meta_custnvl, 4
 1202              	cy_meta_custnvl:
 1203 0000 00       		.byte	0
 1204 0001 00       		.byte	0
 1205 0002 40       		.byte	64
 1206 0003 05       		.byte	5
 1207              		.section	.cymeta,"a",%progbits
 1208              		.align	2
 1209              		.type	cy_metadata, %object
 1210              		.size	cy_metadata, 12
 1211              	cy_metadata:
 1212 0000 00       		.byte	0
 1213 0001 01       		.byte	1
 1214 0002 2E       		.byte	46
 1215 0003 16       		.byte	22
 1216 0004 10       		.byte	16
 1217 0005 69       		.byte	105
 1218 0006 00       		.byte	0
 1219 0007 01       		.byte	1
 1220 0008 00       		.byte	0
 1221 0009 00       		.byte	0
 1222 000a 00       		.byte	0
 1223 000b 00       		.byte	0
 1224              		.section	.cyflashprotect,"a",%progbits
 1225              		.align	2
 1226              		.type	cy_meta_flashprotect, %object
 1227              		.size	cy_meta_flashprotect, 256
 1228              	cy_meta_flashprotect:
 1229 0000 00000000 		.space	256
 1229      00000000 
 1229      00000000 
 1229      00000000 
 1229      00000000 
 1230              		.text
 1231              	.Letext0:
 1232              		.file 1 "c:\\program files (x86)\\cypress\\psoc creator\\4.1\\psoc creator\\import\\gnu\\arm\\5.4.
 1233              		.file 2 "c:\\program files (x86)\\cypress\\psoc creator\\4.1\\psoc creator\\import\\gnu\\arm\\5.4.
 1234              		.file 3 "Generated_Source\\PSoC5\\cymetadata.c"
 1235              		.section	.debug_info,"",%progbits
 1236              	.Ldebug_info0:
 1237 0000 32010000 		.4byte	0x132
 1238 0004 0400     		.2byte	0x4
 1239 0006 00000000 		.4byte	.Ldebug_abbrev0
 1240 000a 04       		.byte	0x4
 1241 000b 01       		.uleb128 0x1
 1242 000c 24000000 		.4byte	.LASF17
 1243 0010 0C       		.byte	0xc
 1244 0011 B8010000 		.4byte	.LASF18
 1245 0015 F9000000 		.4byte	.LASF19
 1246 0019 00000000 		.4byte	.Ldebug_line0
 1247 001d 02       		.uleb128 0x2
 1248 001e 01       		.byte	0x1
 1249 001f 06       		.byte	0x6
 1250 0020 AC010000 		.4byte	.LASF0
ARM GAS  C:\Users\ipfajard\AppData\Local\Temp\cc3bWEMO.s 			page 23


 1251 0024 03       		.uleb128 0x3
 1252 0025 00000000 		.4byte	.LASF9
 1253 0029 01       		.byte	0x1
 1254 002a 1D       		.byte	0x1d
 1255 002b 2F000000 		.4byte	0x2f
 1256 002f 02       		.uleb128 0x2
 1257 0030 01       		.byte	0x1
 1258 0031 08       		.byte	0x8
 1259 0032 16000000 		.4byte	.LASF1
 1260 0036 02       		.uleb128 0x2
 1261 0037 02       		.byte	0x2
 1262 0038 05       		.byte	0x5
 1263 0039 99010000 		.4byte	.LASF2
 1264 003d 02       		.uleb128 0x2
 1265 003e 02       		.byte	0x2
 1266 003f 07       		.byte	0x7
 1267 0040 C4000000 		.4byte	.LASF3
 1268 0044 02       		.uleb128 0x2
 1269 0045 04       		.byte	0x4
 1270 0046 05       		.byte	0x5
 1271 0047 A3010000 		.4byte	.LASF4
 1272 004b 02       		.uleb128 0x2
 1273 004c 04       		.byte	0x4
 1274 004d 07       		.byte	0x7
 1275 004e B2000000 		.4byte	.LASF5
 1276 0052 02       		.uleb128 0x2
 1277 0053 08       		.byte	0x8
 1278 0054 05       		.byte	0x5
 1279 0055 8B010000 		.4byte	.LASF6
 1280 0059 02       		.uleb128 0x2
 1281 005a 08       		.byte	0x8
 1282 005b 07       		.byte	0x7
 1283 005c 40010000 		.4byte	.LASF7
 1284 0060 04       		.uleb128 0x4
 1285 0061 04       		.byte	0x4
 1286 0062 05       		.byte	0x5
 1287 0063 696E7400 		.ascii	"int\000"
 1288 0067 02       		.uleb128 0x2
 1289 0068 04       		.byte	0x4
 1290 0069 07       		.byte	0x7
 1291 006a 33010000 		.4byte	.LASF8
 1292 006e 03       		.uleb128 0x3
 1293 006f 57010000 		.4byte	.LASF10
 1294 0073 02       		.byte	0x2
 1295 0074 18       		.byte	0x18
 1296 0075 24000000 		.4byte	0x24
 1297 0079 05       		.uleb128 0x5
 1298 007a 91000000 		.4byte	0x91
 1299 007e 8A000000 		.4byte	0x8a
 1300 0082 06       		.uleb128 0x6
 1301 0083 8A000000 		.4byte	0x8a
 1302 0087 8704     		.2byte	0x487
 1303 0089 00       		.byte	0
 1304 008a 02       		.uleb128 0x2
 1305 008b 04       		.byte	0x4
 1306 008c 07       		.byte	0x7
 1307 008d 82010000 		.4byte	.LASF11
ARM GAS  C:\Users\ipfajard\AppData\Local\Temp\cc3bWEMO.s 			page 24


 1308 0091 07       		.uleb128 0x7
 1309 0092 6E000000 		.4byte	0x6e
 1310 0096 08       		.uleb128 0x8
 1311 0097 E7000000 		.4byte	.LASF12
 1312 009b 03       		.byte	0x3
 1313 009c 1F       		.byte	0x1f
 1314 009d A7000000 		.4byte	0xa7
 1315 00a1 05       		.uleb128 0x5
 1316 00a2 03       		.byte	0x3
 1317 00a3 00000000 		.4byte	cy_meta_configecc
 1318 00a7 07       		.uleb128 0x7
 1319 00a8 79000000 		.4byte	0x79
 1320 00ac 05       		.uleb128 0x5
 1321 00ad 91000000 		.4byte	0x91
 1322 00b1 BC000000 		.4byte	0xbc
 1323 00b5 09       		.uleb128 0x9
 1324 00b6 8A000000 		.4byte	0x8a
 1325 00ba 03       		.byte	0x3
 1326 00bb 00       		.byte	0
 1327 00bc 08       		.uleb128 0x8
 1328 00bd D7000000 		.4byte	.LASF13
 1329 00c1 03       		.byte	0x3
 1330 00c2 BD       		.byte	0xbd
 1331 00c3 CD000000 		.4byte	0xcd
 1332 00c7 05       		.uleb128 0x5
 1333 00c8 03       		.byte	0x3
 1334 00c9 00000000 		.4byte	cy_meta_custnvl
 1335 00cd 07       		.uleb128 0x7
 1336 00ce AC000000 		.4byte	0xac
 1337 00d2 08       		.uleb128 0x8
 1338 00d3 74010000 		.4byte	.LASF14
 1339 00d7 03       		.byte	0x3
 1340 00d8 CB       		.byte	0xcb
 1341 00d9 E3000000 		.4byte	0xe3
 1342 00dd 05       		.uleb128 0x5
 1343 00de 03       		.byte	0x3
 1344 00df 00000000 		.4byte	cy_meta_wonvl
 1345 00e3 07       		.uleb128 0x7
 1346 00e4 AC000000 		.4byte	0xac
 1347 00e8 05       		.uleb128 0x5
 1348 00e9 91000000 		.4byte	0x91
 1349 00ed F8000000 		.4byte	0xf8
 1350 00f1 09       		.uleb128 0x9
 1351 00f2 8A000000 		.4byte	0x8a
 1352 00f6 FF       		.byte	0xff
 1353 00f7 00       		.byte	0
 1354 00f8 08       		.uleb128 0x8
 1355 00f9 5F010000 		.4byte	.LASF15
 1356 00fd 03       		.byte	0x3
 1357 00fe D9       		.byte	0xd9
 1358 00ff 09010000 		.4byte	0x109
 1359 0103 05       		.uleb128 0x5
 1360 0104 03       		.byte	0x3
 1361 0105 00000000 		.4byte	cy_meta_flashprotect
 1362 0109 07       		.uleb128 0x7
 1363 010a E8000000 		.4byte	0xe8
 1364 010e 05       		.uleb128 0x5
ARM GAS  C:\Users\ipfajard\AppData\Local\Temp\cc3bWEMO.s 			page 25


 1365 010f 91000000 		.4byte	0x91
 1366 0113 1E010000 		.4byte	0x11e
 1367 0117 09       		.uleb128 0x9
 1368 0118 8A000000 		.4byte	0x8a
 1369 011c 0B       		.byte	0xb
 1370 011d 00       		.byte	0
 1371 011e 0A       		.uleb128 0xa
 1372 011f 0A000000 		.4byte	.LASF16
 1373 0123 03       		.byte	0x3
 1374 0124 0601     		.2byte	0x106
 1375 0126 30010000 		.4byte	0x130
 1376 012a 05       		.uleb128 0x5
 1377 012b 03       		.byte	0x3
 1378 012c 00000000 		.4byte	cy_metadata
 1379 0130 07       		.uleb128 0x7
 1380 0131 0E010000 		.4byte	0x10e
 1381 0135 00       		.byte	0
 1382              		.section	.debug_abbrev,"",%progbits
 1383              	.Ldebug_abbrev0:
 1384 0000 01       		.uleb128 0x1
 1385 0001 11       		.uleb128 0x11
 1386 0002 01       		.byte	0x1
 1387 0003 25       		.uleb128 0x25
 1388 0004 0E       		.uleb128 0xe
 1389 0005 13       		.uleb128 0x13
 1390 0006 0B       		.uleb128 0xb
 1391 0007 03       		.uleb128 0x3
 1392 0008 0E       		.uleb128 0xe
 1393 0009 1B       		.uleb128 0x1b
 1394 000a 0E       		.uleb128 0xe
 1395 000b 10       		.uleb128 0x10
 1396 000c 17       		.uleb128 0x17
 1397 000d 00       		.byte	0
 1398 000e 00       		.byte	0
 1399 000f 02       		.uleb128 0x2
 1400 0010 24       		.uleb128 0x24
 1401 0011 00       		.byte	0
 1402 0012 0B       		.uleb128 0xb
 1403 0013 0B       		.uleb128 0xb
 1404 0014 3E       		.uleb128 0x3e
 1405 0015 0B       		.uleb128 0xb
 1406 0016 03       		.uleb128 0x3
 1407 0017 0E       		.uleb128 0xe
 1408 0018 00       		.byte	0
 1409 0019 00       		.byte	0
 1410 001a 03       		.uleb128 0x3
 1411 001b 16       		.uleb128 0x16
 1412 001c 00       		.byte	0
 1413 001d 03       		.uleb128 0x3
 1414 001e 0E       		.uleb128 0xe
 1415 001f 3A       		.uleb128 0x3a
 1416 0020 0B       		.uleb128 0xb
 1417 0021 3B       		.uleb128 0x3b
 1418 0022 0B       		.uleb128 0xb
 1419 0023 49       		.uleb128 0x49
 1420 0024 13       		.uleb128 0x13
 1421 0025 00       		.byte	0
ARM GAS  C:\Users\ipfajard\AppData\Local\Temp\cc3bWEMO.s 			page 26


 1422 0026 00       		.byte	0
 1423 0027 04       		.uleb128 0x4
 1424 0028 24       		.uleb128 0x24
 1425 0029 00       		.byte	0
 1426 002a 0B       		.uleb128 0xb
 1427 002b 0B       		.uleb128 0xb
 1428 002c 3E       		.uleb128 0x3e
 1429 002d 0B       		.uleb128 0xb
 1430 002e 03       		.uleb128 0x3
 1431 002f 08       		.uleb128 0x8
 1432 0030 00       		.byte	0
 1433 0031 00       		.byte	0
 1434 0032 05       		.uleb128 0x5
 1435 0033 01       		.uleb128 0x1
 1436 0034 01       		.byte	0x1
 1437 0035 49       		.uleb128 0x49
 1438 0036 13       		.uleb128 0x13
 1439 0037 01       		.uleb128 0x1
 1440 0038 13       		.uleb128 0x13
 1441 0039 00       		.byte	0
 1442 003a 00       		.byte	0
 1443 003b 06       		.uleb128 0x6
 1444 003c 21       		.uleb128 0x21
 1445 003d 00       		.byte	0
 1446 003e 49       		.uleb128 0x49
 1447 003f 13       		.uleb128 0x13
 1448 0040 2F       		.uleb128 0x2f
 1449 0041 05       		.uleb128 0x5
 1450 0042 00       		.byte	0
 1451 0043 00       		.byte	0
 1452 0044 07       		.uleb128 0x7
 1453 0045 26       		.uleb128 0x26
 1454 0046 00       		.byte	0
 1455 0047 49       		.uleb128 0x49
 1456 0048 13       		.uleb128 0x13
 1457 0049 00       		.byte	0
 1458 004a 00       		.byte	0
 1459 004b 08       		.uleb128 0x8
 1460 004c 34       		.uleb128 0x34
 1461 004d 00       		.byte	0
 1462 004e 03       		.uleb128 0x3
 1463 004f 0E       		.uleb128 0xe
 1464 0050 3A       		.uleb128 0x3a
 1465 0051 0B       		.uleb128 0xb
 1466 0052 3B       		.uleb128 0x3b
 1467 0053 0B       		.uleb128 0xb
 1468 0054 49       		.uleb128 0x49
 1469 0055 13       		.uleb128 0x13
 1470 0056 3F       		.uleb128 0x3f
 1471 0057 19       		.uleb128 0x19
 1472 0058 02       		.uleb128 0x2
 1473 0059 18       		.uleb128 0x18
 1474 005a 00       		.byte	0
 1475 005b 00       		.byte	0
 1476 005c 09       		.uleb128 0x9
 1477 005d 21       		.uleb128 0x21
 1478 005e 00       		.byte	0
ARM GAS  C:\Users\ipfajard\AppData\Local\Temp\cc3bWEMO.s 			page 27


 1479 005f 49       		.uleb128 0x49
 1480 0060 13       		.uleb128 0x13
 1481 0061 2F       		.uleb128 0x2f
 1482 0062 0B       		.uleb128 0xb
 1483 0063 00       		.byte	0
 1484 0064 00       		.byte	0
 1485 0065 0A       		.uleb128 0xa
 1486 0066 34       		.uleb128 0x34
 1487 0067 00       		.byte	0
 1488 0068 03       		.uleb128 0x3
 1489 0069 0E       		.uleb128 0xe
 1490 006a 3A       		.uleb128 0x3a
 1491 006b 0B       		.uleb128 0xb
 1492 006c 3B       		.uleb128 0x3b
 1493 006d 05       		.uleb128 0x5
 1494 006e 49       		.uleb128 0x49
 1495 006f 13       		.uleb128 0x13
 1496 0070 3F       		.uleb128 0x3f
 1497 0071 19       		.uleb128 0x19
 1498 0072 02       		.uleb128 0x2
 1499 0073 18       		.uleb128 0x18
 1500 0074 00       		.byte	0
 1501 0075 00       		.byte	0
 1502 0076 00       		.byte	0
 1503              		.section	.debug_aranges,"",%progbits
 1504 0000 14000000 		.4byte	0x14
 1505 0004 0200     		.2byte	0x2
 1506 0006 00000000 		.4byte	.Ldebug_info0
 1507 000a 04       		.byte	0x4
 1508 000b 00       		.byte	0
 1509 000c 0000     		.2byte	0
 1510 000e 0000     		.2byte	0
 1511 0010 00000000 		.4byte	0
 1512 0014 00000000 		.4byte	0
 1513              		.section	.debug_line,"",%progbits
 1514              	.Ldebug_line0:
 1515 0000 3D010000 		.section	.debug_str,"MS",%progbits,1
 1515      02003701 
 1515      00000201 
 1515      FB0E0D00 
 1515      01010101 
 1516              	.LASF9:
 1517 0000 5F5F7569 		.ascii	"__uint8_t\000"
 1517      6E74385F 
 1517      7400
 1518              	.LASF16:
 1519 000a 63795F6D 		.ascii	"cy_metadata\000"
 1519      65746164 
 1519      61746100 
 1520              	.LASF1:
 1521 0016 756E7369 		.ascii	"unsigned char\000"
 1521      676E6564 
 1521      20636861 
 1521      7200
 1522              	.LASF17:
 1523 0024 474E5520 		.ascii	"GNU C11 5.4.1 20160609 (release) [ARM/embedded-5-br"
 1523      43313120 
ARM GAS  C:\Users\ipfajard\AppData\Local\Temp\cc3bWEMO.s 			page 28


 1523      352E342E 
 1523      31203230 
 1523      31363036 
 1524 0057 616E6368 		.ascii	"anch revision 237715] -mcpu=cortex-m3 -mthumb -g -O"
 1524      20726576 
 1524      6973696F 
 1524      6E203233 
 1524      37373135 
 1525 008a 67202D66 		.ascii	"g -ffunction-sections -ffat-lto-objects\000"
 1525      66756E63 
 1525      74696F6E 
 1525      2D736563 
 1525      74696F6E 
 1526              	.LASF5:
 1527 00b2 6C6F6E67 		.ascii	"long unsigned int\000"
 1527      20756E73 
 1527      69676E65 
 1527      6420696E 
 1527      7400
 1528              	.LASF3:
 1529 00c4 73686F72 		.ascii	"short unsigned int\000"
 1529      7420756E 
 1529      7369676E 
 1529      65642069 
 1529      6E7400
 1530              	.LASF13:
 1531 00d7 63795F6D 		.ascii	"cy_meta_custnvl\000"
 1531      6574615F 
 1531      63757374 
 1531      6E766C00 
 1532              	.LASF12:
 1533 00e7 63795F6D 		.ascii	"cy_meta_configecc\000"
 1533      6574615F 
 1533      636F6E66 
 1533      69676563 
 1533      6300
 1534              	.LASF19:
 1535 00f9 433A5C55 		.ascii	"C:\\Users\\ipfajard\\Documents\\PSoC Creator\\FSK\\"
 1535      73657273 
 1535      5C697066 
 1535      616A6172 
 1535      645C446F 
 1536 0126 46534B52 		.ascii	"FSKRx2.cydsn\000"
 1536      78322E63 
 1536      7964736E 
 1536      00
 1537              	.LASF8:
 1538 0133 756E7369 		.ascii	"unsigned int\000"
 1538      676E6564 
 1538      20696E74 
 1538      00
 1539              	.LASF7:
 1540 0140 6C6F6E67 		.ascii	"long long unsigned int\000"
 1540      206C6F6E 
 1540      6720756E 
 1540      7369676E 
 1540      65642069 
ARM GAS  C:\Users\ipfajard\AppData\Local\Temp\cc3bWEMO.s 			page 29


 1541              	.LASF10:
 1542 0157 75696E74 		.ascii	"uint8_t\000"
 1542      385F7400 
 1543              	.LASF15:
 1544 015f 63795F6D 		.ascii	"cy_meta_flashprotect\000"
 1544      6574615F 
 1544      666C6173 
 1544      6870726F 
 1544      74656374 
 1545              	.LASF14:
 1546 0174 63795F6D 		.ascii	"cy_meta_wonvl\000"
 1546      6574615F 
 1546      776F6E76 
 1546      6C00
 1547              	.LASF11:
 1548 0182 73697A65 		.ascii	"sizetype\000"
 1548      74797065 
 1548      00
 1549              	.LASF6:
 1550 018b 6C6F6E67 		.ascii	"long long int\000"
 1550      206C6F6E 
 1550      6720696E 
 1550      7400
 1551              	.LASF2:
 1552 0199 73686F72 		.ascii	"short int\000"
 1552      7420696E 
 1552      7400
 1553              	.LASF4:
 1554 01a3 6C6F6E67 		.ascii	"long int\000"
 1554      20696E74 
 1554      00
 1555              	.LASF0:
 1556 01ac 7369676E 		.ascii	"signed char\000"
 1556      65642063 
 1556      68617200 
 1557              	.LASF18:
 1558 01b8 47656E65 		.ascii	"Generated_Source\\PSoC5\\cymetadata.c\000"
 1558      72617465 
 1558      645F536F 
 1558      75726365 
 1558      5C50536F 
 1559              		.ident	"GCC: (GNU Tools for ARM Embedded Processors) 5.4.1 20160609 (release) [ARM/embedded-5-bran
