ARM GAS  C:\Users\ipfajard\AppData\Local\Temp\ccURsl7D.s 			page 1


   1              		.syntax unified
   2              		.cpu cortex-m3
   3              		.fpu softvfp
   4              		.eabi_attribute 20, 1
   5              		.eabi_attribute 21, 1
   6              		.eabi_attribute 23, 3
   7              		.eabi_attribute 24, 1
   8              		.eabi_attribute 25, 1
   9              		.eabi_attribute 26, 1
  10              		.eabi_attribute 30, 1
  11              		.eabi_attribute 34, 1
  12              		.eabi_attribute 18, 4
  13              		.thumb
  14              		.syntax unified
  15              		.file	"main.c"
  16              		.text
  17              	.Ltext0:
  18              		.cfi_sections	.debug_frame
  19              		.section	.text.LevelCheck,"ax",%progbits
  20              		.align	2
  21              		.global	LevelCheck
  22              		.thumb
  23              		.thumb_func
  24              		.type	LevelCheck, %function
  25              	LevelCheck:
  26              	.LFB64:
  27              		.file 1 "main.c"
   1:main.c        **** /* ========================================
   2:main.c        ****  *
   3:main.c        ****  * Copyright YOUR COMPANY, THE YEAR
   4:main.c        ****  * All Rights Reserved
   5:main.c        ****  * UNPUBLISHED, LICENSED SOFTWARE.
   6:main.c        ****  *
   7:main.c        ****  * CONFIDENTIAL AND PROPRIETARY INFORMATION
   8:main.c        ****  * WHICH IS THE PROPERTY OF your company.
   9:main.c        ****  *
  10:main.c        ****  * ========================================
  11:main.c        **** */
  12:main.c        **** #include "project.h"
  13:main.c        **** 
  14:main.c        **** #define freqMultiplier 0.0025
  15:main.c        **** 
  16:main.c        **** CY_ISR_PROTO(LevelCheck);
  17:main.c        **** static uint16 levelCounter = 0;
  18:main.c        **** static uint8 zeroCount = 0; 
  19:main.c        **** static uint8 oneCount = 0; 
  20:main.c        **** //static uint8 messageBit = 0; 
  21:main.c        **** static uint8 currentBit = 0;
  22:main.c        **** 
  23:main.c        **** int main(void)
  24:main.c        **** {
  25:main.c        ****     CyGlobalIntEnable; /* Enable global interrupts. */
  26:main.c        ****     BPF_Comp_Start();
  27:main.c        ****     ShiftReg_Start();
  28:main.c        ****     Ref_OpAmp_Start();
  29:main.c        ****     PGA_Start() ; 
  30:main.c        ****     OutComp_Start();
ARM GAS  C:\Users\ipfajard\AppData\Local\Temp\ccURsl7D.s 			page 2


  31:main.c        ****     LevelCount_Start();
  32:main.c        ****     LeveCountISR_StartEx(LevelCheck);
  33:main.c        ****     
  34:main.c        ****     PWM_Recon_Start() ;
  35:main.c        ****     HighF_BPF_Comp_Start();
  36:main.c        ****    // HighF_ShiftReg_Start();
  37:main.c        ****     HighF_ShiftReg2_Start();
  38:main.c        ****     HighF_Ref_OpAmp_Start();
  39:main.c        ****     HighF_PGA_Start() ; 
  40:main.c        ****     HighF_OutComp_Start();
  41:main.c        ****     HighF_LevelCount_Start();
  42:main.c        ****     //LeveCountISR_StartEx(LevelCheck);
  43:main.c        ****     /* Place your initialization/startup code here (e.g. MyInst_Start()) */
  44:main.c        **** 
  45:main.c        ****     for(;;)
  46:main.c        ****     {
  47:main.c        ****         
  48:main.c        ****         /* Place your application code here. */
  49:main.c        ****     
  50:main.c        ****     }
  51:main.c        **** }
  52:main.c        **** //Bit length = 0.5s
  53:main.c        **** //counter period = 0.05s
  54:main.c        **** //will check bit 10 times, to debounce
  55:main.c        **** //will set bit after 0.4s (8 checks) 
  56:main.c        **** CY_ISR(LevelCheck){
  28              		.loc 1 56 0
  29              		.cfi_startproc
  30              		@ args = 0, pretend = 0, frame = 0
  31              		@ frame_needed = 0, uses_anonymous_args = 0
  32 0000 08B5     		push	{r3, lr}
  33              		.cfi_def_cfa_offset 8
  34              		.cfi_offset 3, -8
  35              		.cfi_offset 14, -4
  57:main.c        ****     levelCounter++;
  36              		.loc 1 57 0
  37 0002 114A     		ldr	r2, .L7
  38 0004 1388     		ldrh	r3, [r2]
  39 0006 0133     		adds	r3, r3, #1
  40 0008 1380     		strh	r3, [r2]	@ movhi
  58:main.c        ****     
  59:main.c        ****     if(OutComp_GetCompare() != 0){
  41              		.loc 1 59 0
  42 000a FFF7FEFF 		bl	OutComp_GetCompare
  43              	.LVL0:
  44 000e 20B1     		cbz	r0, .L2
  60:main.c        ****         oneCount++;
  45              		.loc 1 60 0
  46 0010 0D4A     		ldr	r2, .L7
  47 0012 9378     		ldrb	r3, [r2, #2]	@ zero_extendqisi2
  48 0014 0133     		adds	r3, r3, #1
  49 0016 9370     		strb	r3, [r2, #2]
  50 0018 03E0     		b	.L3
  51              	.L2:
  61:main.c        ****     }else{
  62:main.c        ****         zeroCount++;
  52              		.loc 1 62 0
ARM GAS  C:\Users\ipfajard\AppData\Local\Temp\ccURsl7D.s 			page 3


  53 001a 0B4A     		ldr	r2, .L7
  54 001c D378     		ldrb	r3, [r2, #3]	@ zero_extendqisi2
  55 001e 0133     		adds	r3, r3, #1
  56 0020 D370     		strb	r3, [r2, #3]
  57              	.L3:
  63:main.c        ****     }
  64:main.c        ****     
  65:main.c        ****     //debouncing every 0.4s, with a check of 7/8 hits 
  66:main.c        ****     if(levelCounter == 8){
  58              		.loc 1 66 0
  59 0022 094B     		ldr	r3, .L7
  60 0024 1B88     		ldrh	r3, [r3]
  61 0026 082B     		cmp	r3, #8
  62 0028 0DD1     		bne	.L1
  67:main.c        ****         if(oneCount >= 7){
  63              		.loc 1 67 0
  64 002a 074B     		ldr	r3, .L7
  65 002c 9B78     		ldrb	r3, [r3, #2]	@ zero_extendqisi2
  66 002e 062B     		cmp	r3, #6
  67 0030 02D9     		bls	.L5
  68:main.c        ****             currentBit = 1;
  69:main.c        ****             oneCount = 1;
  68              		.loc 1 69 0
  69 0032 0122     		movs	r2, #1
  70 0034 044B     		ldr	r3, .L7
  71 0036 9A70     		strb	r2, [r3, #2]
  72              	.L5:
  70:main.c        ****         
  71:main.c        ****         }if(zeroCount >= 7){
  73              		.loc 1 71 0
  74 0038 034B     		ldr	r3, .L7
  75 003a DB78     		ldrb	r3, [r3, #3]	@ zero_extendqisi2
  76 003c 062B     		cmp	r3, #6
  77 003e 02D9     		bls	.L1
  72:main.c        ****             currentBit = 0; 
  73:main.c        ****             zeroCount = 0; 
  78              		.loc 1 73 0
  79 0040 0022     		movs	r2, #0
  80 0042 014B     		ldr	r3, .L7
  81 0044 DA70     		strb	r2, [r3, #3]
  82              	.L1:
  83 0046 08BD     		pop	{r3, pc}
  84              	.L8:
  85              		.align	2
  86              	.L7:
  87 0048 00000000 		.word	.LANCHOR0
  88              		.cfi_endproc
  89              	.LFE64:
  90              		.size	LevelCheck, .-LevelCheck
  91              		.section	.text.main,"ax",%progbits
  92              		.align	2
  93              		.global	main
  94              		.thumb
  95              		.thumb_func
  96              		.type	main, %function
  97              	main:
  98              	.LFB63:
ARM GAS  C:\Users\ipfajard\AppData\Local\Temp\ccURsl7D.s 			page 4


  24:main.c        ****     CyGlobalIntEnable; /* Enable global interrupts. */
  99              		.loc 1 24 0
 100              		.cfi_startproc
 101              		@ Volatile: function does not return.
 102              		@ args = 0, pretend = 0, frame = 0
 103              		@ frame_needed = 0, uses_anonymous_args = 0
 104 0000 08B5     		push	{r3, lr}
 105              		.cfi_def_cfa_offset 8
 106              		.cfi_offset 3, -8
 107              		.cfi_offset 14, -4
  25:main.c        ****     BPF_Comp_Start();
 108              		.loc 1 25 0
 109              		.syntax unified
 110              	@ 25 "main.c" 1
 111 0002 62B6     		CPSIE   i
 112              	@ 0 "" 2
  26:main.c        ****     ShiftReg_Start();
 113              		.loc 1 26 0
 114              		.thumb
 115              		.syntax unified
 116 0004 FFF7FEFF 		bl	BPF_Comp_Start
 117              	.LVL1:
  27:main.c        ****     Ref_OpAmp_Start();
 118              		.loc 1 27 0
 119 0008 FFF7FEFF 		bl	ShiftReg_Start
 120              	.LVL2:
  28:main.c        ****     PGA_Start() ; 
 121              		.loc 1 28 0
 122 000c FFF7FEFF 		bl	Ref_OpAmp_Start
 123              	.LVL3:
  29:main.c        ****     OutComp_Start();
 124              		.loc 1 29 0
 125 0010 FFF7FEFF 		bl	PGA_Start
 126              	.LVL4:
  30:main.c        ****     LevelCount_Start();
 127              		.loc 1 30 0
 128 0014 FFF7FEFF 		bl	OutComp_Start
 129              	.LVL5:
  31:main.c        ****     LeveCountISR_StartEx(LevelCheck);
 130              		.loc 1 31 0
 131 0018 FFF7FEFF 		bl	LevelCount_Start
 132              	.LVL6:
  32:main.c        ****     
 133              		.loc 1 32 0
 134 001c 0848     		ldr	r0, .L12
 135 001e FFF7FEFF 		bl	LeveCountISR_StartEx
 136              	.LVL7:
  34:main.c        ****     HighF_BPF_Comp_Start();
 137              		.loc 1 34 0
 138 0022 FFF7FEFF 		bl	PWM_Recon_Start
 139              	.LVL8:
  35:main.c        ****    // HighF_ShiftReg_Start();
 140              		.loc 1 35 0
 141 0026 FFF7FEFF 		bl	HighF_BPF_Comp_Start
 142              	.LVL9:
  37:main.c        ****     HighF_Ref_OpAmp_Start();
 143              		.loc 1 37 0
ARM GAS  C:\Users\ipfajard\AppData\Local\Temp\ccURsl7D.s 			page 5


 144 002a FFF7FEFF 		bl	HighF_ShiftReg2_Start
 145              	.LVL10:
  38:main.c        ****     HighF_PGA_Start() ; 
 146              		.loc 1 38 0
 147 002e FFF7FEFF 		bl	HighF_Ref_OpAmp_Start
 148              	.LVL11:
  39:main.c        ****     HighF_OutComp_Start();
 149              		.loc 1 39 0
 150 0032 FFF7FEFF 		bl	HighF_PGA_Start
 151              	.LVL12:
  40:main.c        ****     HighF_LevelCount_Start();
 152              		.loc 1 40 0
 153 0036 FFF7FEFF 		bl	HighF_OutComp_Start
 154              	.LVL13:
  41:main.c        ****     //LeveCountISR_StartEx(LevelCheck);
 155              		.loc 1 41 0
 156 003a FFF7FEFF 		bl	HighF_LevelCount_Start
 157              	.LVL14:
 158              	.L10:
 159 003e FEE7     		b	.L10
 160              	.L13:
 161              		.align	2
 162              	.L12:
 163 0040 00000000 		.word	LevelCheck
 164              		.cfi_endproc
 165              	.LFE63:
 166              		.size	main, .-main
 167              		.bss
 168              		.align	1
 169              		.set	.LANCHOR0,. + 0
 170              		.type	levelCounter, %object
 171              		.size	levelCounter, 2
 172              	levelCounter:
 173 0000 0000     		.space	2
 174              		.type	oneCount, %object
 175              		.size	oneCount, 1
 176              	oneCount:
 177 0002 00       		.space	1
 178              		.type	zeroCount, %object
 179              		.size	zeroCount, 1
 180              	zeroCount:
 181 0003 00       		.space	1
 182              		.text
 183              	.Letext0:
 184              		.file 2 "c:\\program files (x86)\\cypress\\psoc creator\\4.1\\psoc creator\\import\\gnu\\arm\\5.4.
 185              		.file 3 "c:\\program files (x86)\\cypress\\psoc creator\\4.1\\psoc creator\\import\\gnu\\arm\\5.4.
 186              		.file 4 "Generated_Source\\PSoC5/cytypes.h"
 187              		.file 5 "Generated_Source\\PSoC5/OutComp.h"
 188              		.file 6 "Generated_Source\\PSoC5/BPF_Comp.h"
 189              		.file 7 "Generated_Source\\PSoC5/ShiftReg.h"
 190              		.file 8 "Generated_Source\\PSoC5/Ref_OpAmp.h"
 191              		.file 9 "Generated_Source\\PSoC5/PGA.h"
 192              		.file 10 "Generated_Source\\PSoC5/LevelCount.h"
 193              		.file 11 "Generated_Source\\PSoC5/LeveCountISR.h"
 194              		.file 12 "Generated_Source\\PSoC5/PWM_Recon.h"
 195              		.file 13 "Generated_Source\\PSoC5/HighF_BPF_Comp.h"
 196              		.file 14 "Generated_Source\\PSoC5/HighF_ShiftReg2.h"
ARM GAS  C:\Users\ipfajard\AppData\Local\Temp\ccURsl7D.s 			page 6


 197              		.file 15 "Generated_Source\\PSoC5/HighF_Ref_OpAmp.h"
 198              		.file 16 "Generated_Source\\PSoC5/HighF_PGA.h"
 199              		.file 17 "Generated_Source\\PSoC5/HighF_OutComp.h"
 200              		.file 18 "Generated_Source\\PSoC5/HighF_LevelCount.h"
 201              		.file 19 "Generated_Source\\PSoC5/core_cm3.h"
 202              		.section	.debug_info,"",%progbits
 203              	.Ldebug_info0:
 204 0000 72020000 		.4byte	0x272
 205 0004 0400     		.2byte	0x4
 206 0006 00000000 		.4byte	.Ldebug_abbrev0
 207 000a 04       		.byte	0x4
 208 000b 01       		.uleb128 0x1
 209 000c 84000000 		.4byte	.LASF36
 210 0010 0C       		.byte	0xc
 211 0011 31020000 		.4byte	.LASF37
 212 0015 86010000 		.4byte	.LASF38
 213 0019 00000000 		.4byte	.Ldebug_ranges0+0
 214 001d 00000000 		.4byte	0
 215 0021 00000000 		.4byte	.Ldebug_line0
 216 0025 02       		.uleb128 0x2
 217 0026 01       		.byte	0x1
 218 0027 06       		.byte	0x6
 219 0028 93020000 		.4byte	.LASF0
 220 002c 02       		.uleb128 0x2
 221 002d 01       		.byte	0x1
 222 002e 08       		.byte	0x8
 223 002f 76000000 		.4byte	.LASF1
 224 0033 02       		.uleb128 0x2
 225 0034 02       		.byte	0x2
 226 0035 05       		.byte	0x5
 227 0036 61020000 		.4byte	.LASF2
 228 003a 02       		.uleb128 0x2
 229 003b 02       		.byte	0x2
 230 003c 07       		.byte	0x7
 231 003d 2E010000 		.4byte	.LASF3
 232 0041 03       		.uleb128 0x3
 233 0042 13000000 		.4byte	.LASF9
 234 0046 02       		.byte	0x2
 235 0047 3F       		.byte	0x3f
 236 0048 4C000000 		.4byte	0x4c
 237 004c 02       		.uleb128 0x2
 238 004d 04       		.byte	0x4
 239 004e 05       		.byte	0x5
 240 004f 80020000 		.4byte	.LASF4
 241 0053 02       		.uleb128 0x2
 242 0054 04       		.byte	0x4
 243 0055 07       		.byte	0x7
 244 0056 1C010000 		.4byte	.LASF5
 245 005a 02       		.uleb128 0x2
 246 005b 08       		.byte	0x8
 247 005c 05       		.byte	0x5
 248 005d 23020000 		.4byte	.LASF6
 249 0061 02       		.uleb128 0x2
 250 0062 08       		.byte	0x8
 251 0063 07       		.byte	0x7
 252 0064 CC020000 		.4byte	.LASF7
 253 0068 04       		.uleb128 0x4
ARM GAS  C:\Users\ipfajard\AppData\Local\Temp\ccURsl7D.s 			page 7


 254 0069 04       		.byte	0x4
 255 006a 05       		.byte	0x5
 256 006b 696E7400 		.ascii	"int\000"
 257 006f 02       		.uleb128 0x2
 258 0070 04       		.byte	0x4
 259 0071 07       		.byte	0x7
 260 0072 B7010000 		.4byte	.LASF8
 261 0076 03       		.uleb128 0x3
 262 0077 4E000000 		.4byte	.LASF10
 263 007b 03       		.byte	0x3
 264 007c 2C       		.byte	0x2c
 265 007d 41000000 		.4byte	0x41
 266 0081 05       		.uleb128 0x5
 267 0082 7A020000 		.4byte	.LASF11
 268 0086 04       		.byte	0x4
 269 0087 9201     		.2byte	0x192
 270 0089 2C000000 		.4byte	0x2c
 271 008d 05       		.uleb128 0x5
 272 008e 6A010000 		.4byte	.LASF12
 273 0092 04       		.byte	0x4
 274 0093 9301     		.2byte	0x193
 275 0095 3A000000 		.4byte	0x3a
 276 0099 02       		.uleb128 0x2
 277 009a 04       		.byte	0x4
 278 009b 04       		.byte	0x4
 279 009c 56000000 		.4byte	.LASF13
 280 00a0 02       		.uleb128 0x2
 281 00a1 08       		.byte	0x8
 282 00a2 04       		.byte	0x4
 283 00a3 4E010000 		.4byte	.LASF14
 284 00a7 02       		.uleb128 0x2
 285 00a8 01       		.byte	0x1
 286 00a9 08       		.byte	0x8
 287 00aa 38020000 		.4byte	.LASF15
 288 00ae 02       		.uleb128 0x2
 289 00af 08       		.byte	0x8
 290 00b0 04       		.byte	0x4
 291 00b1 FA010000 		.4byte	.LASF16
 292 00b5 02       		.uleb128 0x2
 293 00b6 04       		.byte	0x4
 294 00b7 07       		.byte	0x7
 295 00b8 1A020000 		.4byte	.LASF17
 296 00bc 06       		.uleb128 0x6
 297 00bd 5C000000 		.4byte	.LASF39
 298 00c1 01       		.byte	0x1
 299 00c2 38       		.byte	0x38
 300 00c3 00000000 		.4byte	.LFB64
 301 00c7 4C000000 		.4byte	.LFE64-.LFB64
 302 00cb 01       		.uleb128 0x1
 303 00cc 9C       		.byte	0x9c
 304 00cd DB000000 		.4byte	0xdb
 305 00d1 07       		.uleb128 0x7
 306 00d2 0E000000 		.4byte	.LVL0
 307 00d6 D0010000 		.4byte	0x1d0
 308 00da 00       		.byte	0
 309 00db 08       		.uleb128 0x8
 310 00dc 65010000 		.4byte	.LASF40
ARM GAS  C:\Users\ipfajard\AppData\Local\Temp\ccURsl7D.s 			page 8


 311 00e0 01       		.byte	0x1
 312 00e1 17       		.byte	0x17
 313 00e2 68000000 		.4byte	0x68
 314 00e6 00000000 		.4byte	.LFB63
 315 00ea 44000000 		.4byte	.LFE63-.LFB63
 316 00ee 01       		.uleb128 0x1
 317 00ef 9C       		.byte	0x9c
 318 00f0 81010000 		.4byte	0x181
 319 00f4 07       		.uleb128 0x7
 320 00f5 08000000 		.4byte	.LVL1
 321 00f9 DB010000 		.4byte	0x1db
 322 00fd 07       		.uleb128 0x7
 323 00fe 0C000000 		.4byte	.LVL2
 324 0102 E6010000 		.4byte	0x1e6
 325 0106 07       		.uleb128 0x7
 326 0107 10000000 		.4byte	.LVL3
 327 010b F1010000 		.4byte	0x1f1
 328 010f 07       		.uleb128 0x7
 329 0110 14000000 		.4byte	.LVL4
 330 0114 FC010000 		.4byte	0x1fc
 331 0118 07       		.uleb128 0x7
 332 0119 18000000 		.4byte	.LVL5
 333 011d 07020000 		.4byte	0x207
 334 0121 07       		.uleb128 0x7
 335 0122 1C000000 		.4byte	.LVL6
 336 0126 12020000 		.4byte	0x212
 337 012a 09       		.uleb128 0x9
 338 012b 22000000 		.4byte	.LVL7
 339 012f 1D020000 		.4byte	0x21d
 340 0133 41010000 		.4byte	0x141
 341 0137 0A       		.uleb128 0xa
 342 0138 01       		.uleb128 0x1
 343 0139 50       		.byte	0x50
 344 013a 05       		.uleb128 0x5
 345 013b 03       		.byte	0x3
 346 013c 00000000 		.4byte	LevelCheck
 347 0140 00       		.byte	0
 348 0141 07       		.uleb128 0x7
 349 0142 26000000 		.4byte	.LVL8
 350 0146 28020000 		.4byte	0x228
 351 014a 07       		.uleb128 0x7
 352 014b 2A000000 		.4byte	.LVL9
 353 014f 33020000 		.4byte	0x233
 354 0153 07       		.uleb128 0x7
 355 0154 2E000000 		.4byte	.LVL10
 356 0158 3E020000 		.4byte	0x23e
 357 015c 07       		.uleb128 0x7
 358 015d 32000000 		.4byte	.LVL11
 359 0161 49020000 		.4byte	0x249
 360 0165 07       		.uleb128 0x7
 361 0166 36000000 		.4byte	.LVL12
 362 016a 54020000 		.4byte	0x254
 363 016e 07       		.uleb128 0x7
 364 016f 3A000000 		.4byte	.LVL13
 365 0173 5F020000 		.4byte	0x25f
 366 0177 07       		.uleb128 0x7
 367 0178 3E000000 		.4byte	.LVL14
ARM GAS  C:\Users\ipfajard\AppData\Local\Temp\ccURsl7D.s 			page 9


 368 017c 6A020000 		.4byte	0x26a
 369 0180 00       		.byte	0
 370 0181 0B       		.uleb128 0xb
 371 0182 E2010000 		.4byte	.LASF18
 372 0186 01       		.byte	0x1
 373 0187 11       		.byte	0x11
 374 0188 8D000000 		.4byte	0x8d
 375 018c 05       		.uleb128 0x5
 376 018d 03       		.byte	0x3
 377 018e 00000000 		.4byte	levelCounter
 378 0192 0B       		.uleb128 0xb
 379 0193 12010000 		.4byte	.LASF19
 380 0197 01       		.byte	0x1
 381 0198 12       		.byte	0x12
 382 0199 81000000 		.4byte	0x81
 383 019d 05       		.uleb128 0x5
 384 019e 03       		.byte	0x3
 385 019f 03000000 		.4byte	zeroCount
 386 01a3 0B       		.uleb128 0xb
 387 01a4 D9010000 		.4byte	.LASF20
 388 01a8 01       		.byte	0x1
 389 01a9 13       		.byte	0x13
 390 01aa 81000000 		.4byte	0x81
 391 01ae 05       		.uleb128 0x5
 392 01af 03       		.byte	0x3
 393 01b0 02000000 		.4byte	oneCount
 394 01b4 0C       		.uleb128 0xc
 395 01b5 EF010000 		.4byte	.LASF41
 396 01b9 01       		.byte	0x1
 397 01ba 15       		.byte	0x15
 398 01bb 81000000 		.4byte	0x81
 399 01bf 0D       		.uleb128 0xd
 400 01c0 41010000 		.4byte	.LASF42
 401 01c4 13       		.byte	0x13
 402 01c5 1207     		.2byte	0x712
 403 01c7 CB010000 		.4byte	0x1cb
 404 01cb 0E       		.uleb128 0xe
 405 01cc 76000000 		.4byte	0x76
 406 01d0 0F       		.uleb128 0xf
 407 01d1 00000000 		.4byte	.LASF21
 408 01d5 00000000 		.4byte	.LASF21
 409 01d9 05       		.byte	0x5
 410 01da 42       		.byte	0x42
 411 01db 0F       		.uleb128 0xf
 412 01dc 6B020000 		.4byte	.LASF22
 413 01e0 6B020000 		.4byte	.LASF22
 414 01e4 06       		.byte	0x6
 415 01e5 3F       		.byte	0x3f
 416 01e6 0F       		.uleb128 0xf
 417 01e7 67000000 		.4byte	.LASF23
 418 01eb 67000000 		.4byte	.LASF23
 419 01ef 07       		.byte	0x7
 420 01f0 3C       		.byte	0x3c
 421 01f1 0F       		.uleb128 0xf
 422 01f2 55010000 		.4byte	.LASF24
 423 01f6 55010000 		.4byte	.LASF24
 424 01fa 08       		.byte	0x8
ARM GAS  C:\Users\ipfajard\AppData\Local\Temp\ccURsl7D.s 			page 10


 425 01fb 33       		.byte	0x33
 426 01fc 0F       		.uleb128 0xf
 427 01fd 89020000 		.4byte	.LASF25
 428 0201 89020000 		.4byte	.LASF25
 429 0205 09       		.byte	0x9
 430 0206 3E       		.byte	0x3e
 431 0207 0F       		.uleb128 0xf
 432 0208 53020000 		.4byte	.LASF26
 433 020c 53020000 		.4byte	.LASF26
 434 0210 05       		.byte	0x5
 435 0211 3F       		.byte	0x3f
 436 0212 0F       		.uleb128 0xf
 437 0213 2D000000 		.4byte	.LASF27
 438 0217 2D000000 		.4byte	.LASF27
 439 021b 0A       		.byte	0xa
 440 021c 4F       		.byte	0x4f
 441 021d 0F       		.uleb128 0xf
 442 021e C4010000 		.4byte	.LASF28
 443 0222 C4010000 		.4byte	.LASF28
 444 0226 0B       		.byte	0xb
 445 0227 18       		.byte	0x18
 446 0228 0F       		.uleb128 0xf
 447 0229 1D000000 		.4byte	.LASF29
 448 022d 1D000000 		.4byte	.LASF29
 449 0231 0C       		.byte	0xc
 450 0232 92       		.byte	0x92
 451 0233 0F       		.uleb128 0xf
 452 0234 71010000 		.4byte	.LASF30
 453 0238 71010000 		.4byte	.LASF30
 454 023c 0D       		.byte	0xd
 455 023d 3F       		.byte	0x3f
 456 023e 0F       		.uleb128 0xf
 457 023f B6020000 		.4byte	.LASF31
 458 0243 B6020000 		.4byte	.LASF31
 459 0247 0E       		.byte	0xe
 460 0248 3C       		.byte	0x3c
 461 0249 0F       		.uleb128 0xf
 462 024a 3D020000 		.4byte	.LASF32
 463 024e 3D020000 		.4byte	.LASF32
 464 0252 0F       		.byte	0xf
 465 0253 33       		.byte	0x33
 466 0254 0F       		.uleb128 0xf
 467 0255 3E000000 		.4byte	.LASF33
 468 0259 3E000000 		.4byte	.LASF33
 469 025d 10       		.byte	0x10
 470 025e 3E       		.byte	0x3e
 471 025f 0F       		.uleb128 0xf
 472 0260 06020000 		.4byte	.LASF34
 473 0264 06020000 		.4byte	.LASF34
 474 0268 11       		.byte	0x11
 475 0269 3F       		.byte	0x3f
 476 026a 0F       		.uleb128 0xf
 477 026b 9F020000 		.4byte	.LASF35
 478 026f 9F020000 		.4byte	.LASF35
 479 0273 12       		.byte	0x12
 480 0274 4F       		.byte	0x4f
 481 0275 00       		.byte	0
ARM GAS  C:\Users\ipfajard\AppData\Local\Temp\ccURsl7D.s 			page 11


 482              		.section	.debug_abbrev,"",%progbits
 483              	.Ldebug_abbrev0:
 484 0000 01       		.uleb128 0x1
 485 0001 11       		.uleb128 0x11
 486 0002 01       		.byte	0x1
 487 0003 25       		.uleb128 0x25
 488 0004 0E       		.uleb128 0xe
 489 0005 13       		.uleb128 0x13
 490 0006 0B       		.uleb128 0xb
 491 0007 03       		.uleb128 0x3
 492 0008 0E       		.uleb128 0xe
 493 0009 1B       		.uleb128 0x1b
 494 000a 0E       		.uleb128 0xe
 495 000b 55       		.uleb128 0x55
 496 000c 17       		.uleb128 0x17
 497 000d 11       		.uleb128 0x11
 498 000e 01       		.uleb128 0x1
 499 000f 10       		.uleb128 0x10
 500 0010 17       		.uleb128 0x17
 501 0011 00       		.byte	0
 502 0012 00       		.byte	0
 503 0013 02       		.uleb128 0x2
 504 0014 24       		.uleb128 0x24
 505 0015 00       		.byte	0
 506 0016 0B       		.uleb128 0xb
 507 0017 0B       		.uleb128 0xb
 508 0018 3E       		.uleb128 0x3e
 509 0019 0B       		.uleb128 0xb
 510 001a 03       		.uleb128 0x3
 511 001b 0E       		.uleb128 0xe
 512 001c 00       		.byte	0
 513 001d 00       		.byte	0
 514 001e 03       		.uleb128 0x3
 515 001f 16       		.uleb128 0x16
 516 0020 00       		.byte	0
 517 0021 03       		.uleb128 0x3
 518 0022 0E       		.uleb128 0xe
 519 0023 3A       		.uleb128 0x3a
 520 0024 0B       		.uleb128 0xb
 521 0025 3B       		.uleb128 0x3b
 522 0026 0B       		.uleb128 0xb
 523 0027 49       		.uleb128 0x49
 524 0028 13       		.uleb128 0x13
 525 0029 00       		.byte	0
 526 002a 00       		.byte	0
 527 002b 04       		.uleb128 0x4
 528 002c 24       		.uleb128 0x24
 529 002d 00       		.byte	0
 530 002e 0B       		.uleb128 0xb
 531 002f 0B       		.uleb128 0xb
 532 0030 3E       		.uleb128 0x3e
 533 0031 0B       		.uleb128 0xb
 534 0032 03       		.uleb128 0x3
 535 0033 08       		.uleb128 0x8
 536 0034 00       		.byte	0
 537 0035 00       		.byte	0
 538 0036 05       		.uleb128 0x5
ARM GAS  C:\Users\ipfajard\AppData\Local\Temp\ccURsl7D.s 			page 12


 539 0037 16       		.uleb128 0x16
 540 0038 00       		.byte	0
 541 0039 03       		.uleb128 0x3
 542 003a 0E       		.uleb128 0xe
 543 003b 3A       		.uleb128 0x3a
 544 003c 0B       		.uleb128 0xb
 545 003d 3B       		.uleb128 0x3b
 546 003e 05       		.uleb128 0x5
 547 003f 49       		.uleb128 0x49
 548 0040 13       		.uleb128 0x13
 549 0041 00       		.byte	0
 550 0042 00       		.byte	0
 551 0043 06       		.uleb128 0x6
 552 0044 2E       		.uleb128 0x2e
 553 0045 01       		.byte	0x1
 554 0046 3F       		.uleb128 0x3f
 555 0047 19       		.uleb128 0x19
 556 0048 03       		.uleb128 0x3
 557 0049 0E       		.uleb128 0xe
 558 004a 3A       		.uleb128 0x3a
 559 004b 0B       		.uleb128 0xb
 560 004c 3B       		.uleb128 0x3b
 561 004d 0B       		.uleb128 0xb
 562 004e 27       		.uleb128 0x27
 563 004f 19       		.uleb128 0x19
 564 0050 11       		.uleb128 0x11
 565 0051 01       		.uleb128 0x1
 566 0052 12       		.uleb128 0x12
 567 0053 06       		.uleb128 0x6
 568 0054 40       		.uleb128 0x40
 569 0055 18       		.uleb128 0x18
 570 0056 9742     		.uleb128 0x2117
 571 0058 19       		.uleb128 0x19
 572 0059 01       		.uleb128 0x1
 573 005a 13       		.uleb128 0x13
 574 005b 00       		.byte	0
 575 005c 00       		.byte	0
 576 005d 07       		.uleb128 0x7
 577 005e 898201   		.uleb128 0x4109
 578 0061 00       		.byte	0
 579 0062 11       		.uleb128 0x11
 580 0063 01       		.uleb128 0x1
 581 0064 31       		.uleb128 0x31
 582 0065 13       		.uleb128 0x13
 583 0066 00       		.byte	0
 584 0067 00       		.byte	0
 585 0068 08       		.uleb128 0x8
 586 0069 2E       		.uleb128 0x2e
 587 006a 01       		.byte	0x1
 588 006b 3F       		.uleb128 0x3f
 589 006c 19       		.uleb128 0x19
 590 006d 03       		.uleb128 0x3
 591 006e 0E       		.uleb128 0xe
 592 006f 3A       		.uleb128 0x3a
 593 0070 0B       		.uleb128 0xb
 594 0071 3B       		.uleb128 0x3b
 595 0072 0B       		.uleb128 0xb
ARM GAS  C:\Users\ipfajard\AppData\Local\Temp\ccURsl7D.s 			page 13


 596 0073 27       		.uleb128 0x27
 597 0074 19       		.uleb128 0x19
 598 0075 49       		.uleb128 0x49
 599 0076 13       		.uleb128 0x13
 600 0077 8701     		.uleb128 0x87
 601 0079 19       		.uleb128 0x19
 602 007a 11       		.uleb128 0x11
 603 007b 01       		.uleb128 0x1
 604 007c 12       		.uleb128 0x12
 605 007d 06       		.uleb128 0x6
 606 007e 40       		.uleb128 0x40
 607 007f 18       		.uleb128 0x18
 608 0080 9742     		.uleb128 0x2117
 609 0082 19       		.uleb128 0x19
 610 0083 01       		.uleb128 0x1
 611 0084 13       		.uleb128 0x13
 612 0085 00       		.byte	0
 613 0086 00       		.byte	0
 614 0087 09       		.uleb128 0x9
 615 0088 898201   		.uleb128 0x4109
 616 008b 01       		.byte	0x1
 617 008c 11       		.uleb128 0x11
 618 008d 01       		.uleb128 0x1
 619 008e 31       		.uleb128 0x31
 620 008f 13       		.uleb128 0x13
 621 0090 01       		.uleb128 0x1
 622 0091 13       		.uleb128 0x13
 623 0092 00       		.byte	0
 624 0093 00       		.byte	0
 625 0094 0A       		.uleb128 0xa
 626 0095 8A8201   		.uleb128 0x410a
 627 0098 00       		.byte	0
 628 0099 02       		.uleb128 0x2
 629 009a 18       		.uleb128 0x18
 630 009b 9142     		.uleb128 0x2111
 631 009d 18       		.uleb128 0x18
 632 009e 00       		.byte	0
 633 009f 00       		.byte	0
 634 00a0 0B       		.uleb128 0xb
 635 00a1 34       		.uleb128 0x34
 636 00a2 00       		.byte	0
 637 00a3 03       		.uleb128 0x3
 638 00a4 0E       		.uleb128 0xe
 639 00a5 3A       		.uleb128 0x3a
 640 00a6 0B       		.uleb128 0xb
 641 00a7 3B       		.uleb128 0x3b
 642 00a8 0B       		.uleb128 0xb
 643 00a9 49       		.uleb128 0x49
 644 00aa 13       		.uleb128 0x13
 645 00ab 02       		.uleb128 0x2
 646 00ac 18       		.uleb128 0x18
 647 00ad 00       		.byte	0
 648 00ae 00       		.byte	0
 649 00af 0C       		.uleb128 0xc
 650 00b0 34       		.uleb128 0x34
 651 00b1 00       		.byte	0
 652 00b2 03       		.uleb128 0x3
ARM GAS  C:\Users\ipfajard\AppData\Local\Temp\ccURsl7D.s 			page 14


 653 00b3 0E       		.uleb128 0xe
 654 00b4 3A       		.uleb128 0x3a
 655 00b5 0B       		.uleb128 0xb
 656 00b6 3B       		.uleb128 0x3b
 657 00b7 0B       		.uleb128 0xb
 658 00b8 49       		.uleb128 0x49
 659 00b9 13       		.uleb128 0x13
 660 00ba 00       		.byte	0
 661 00bb 00       		.byte	0
 662 00bc 0D       		.uleb128 0xd
 663 00bd 34       		.uleb128 0x34
 664 00be 00       		.byte	0
 665 00bf 03       		.uleb128 0x3
 666 00c0 0E       		.uleb128 0xe
 667 00c1 3A       		.uleb128 0x3a
 668 00c2 0B       		.uleb128 0xb
 669 00c3 3B       		.uleb128 0x3b
 670 00c4 05       		.uleb128 0x5
 671 00c5 49       		.uleb128 0x49
 672 00c6 13       		.uleb128 0x13
 673 00c7 3F       		.uleb128 0x3f
 674 00c8 19       		.uleb128 0x19
 675 00c9 3C       		.uleb128 0x3c
 676 00ca 19       		.uleb128 0x19
 677 00cb 00       		.byte	0
 678 00cc 00       		.byte	0
 679 00cd 0E       		.uleb128 0xe
 680 00ce 35       		.uleb128 0x35
 681 00cf 00       		.byte	0
 682 00d0 49       		.uleb128 0x49
 683 00d1 13       		.uleb128 0x13
 684 00d2 00       		.byte	0
 685 00d3 00       		.byte	0
 686 00d4 0F       		.uleb128 0xf
 687 00d5 2E       		.uleb128 0x2e
 688 00d6 00       		.byte	0
 689 00d7 3F       		.uleb128 0x3f
 690 00d8 19       		.uleb128 0x19
 691 00d9 3C       		.uleb128 0x3c
 692 00da 19       		.uleb128 0x19
 693 00db 6E       		.uleb128 0x6e
 694 00dc 0E       		.uleb128 0xe
 695 00dd 03       		.uleb128 0x3
 696 00de 0E       		.uleb128 0xe
 697 00df 3A       		.uleb128 0x3a
 698 00e0 0B       		.uleb128 0xb
 699 00e1 3B       		.uleb128 0x3b
 700 00e2 0B       		.uleb128 0xb
 701 00e3 00       		.byte	0
 702 00e4 00       		.byte	0
 703 00e5 00       		.byte	0
 704              		.section	.debug_aranges,"",%progbits
 705 0000 24000000 		.4byte	0x24
 706 0004 0200     		.2byte	0x2
 707 0006 00000000 		.4byte	.Ldebug_info0
 708 000a 04       		.byte	0x4
 709 000b 00       		.byte	0
ARM GAS  C:\Users\ipfajard\AppData\Local\Temp\ccURsl7D.s 			page 15


 710 000c 0000     		.2byte	0
 711 000e 0000     		.2byte	0
 712 0010 00000000 		.4byte	.LFB64
 713 0014 4C000000 		.4byte	.LFE64-.LFB64
 714 0018 00000000 		.4byte	.LFB63
 715 001c 44000000 		.4byte	.LFE63-.LFB63
 716 0020 00000000 		.4byte	0
 717 0024 00000000 		.4byte	0
 718              		.section	.debug_ranges,"",%progbits
 719              	.Ldebug_ranges0:
 720 0000 00000000 		.4byte	.LFB64
 721 0004 4C000000 		.4byte	.LFE64
 722 0008 00000000 		.4byte	.LFB63
 723 000c 44000000 		.4byte	.LFE63
 724 0010 00000000 		.4byte	0
 725 0014 00000000 		.4byte	0
 726              		.section	.debug_line,"",%progbits
 727              	.Ldebug_line0:
 728 0000 70020000 		.section	.debug_str,"MS",%progbits,1
 728      02003402 
 728      00000201 
 728      FB0E0D00 
 728      01010101 
 729              	.LASF21:
 730 0000 4F757443 		.ascii	"OutComp_GetCompare\000"
 730      6F6D705F 
 730      47657443 
 730      6F6D7061 
 730      726500
 731              	.LASF9:
 732 0013 5F5F696E 		.ascii	"__int32_t\000"
 732      7433325F 
 732      7400
 733              	.LASF29:
 734 001d 50574D5F 		.ascii	"PWM_Recon_Start\000"
 734      5265636F 
 734      6E5F5374 
 734      61727400 
 735              	.LASF27:
 736 002d 4C657665 		.ascii	"LevelCount_Start\000"
 736      6C436F75 
 736      6E745F53 
 736      74617274 
 736      00
 737              	.LASF33:
 738 003e 48696768 		.ascii	"HighF_PGA_Start\000"
 738      465F5047 
 738      415F5374 
 738      61727400 
 739              	.LASF10:
 740 004e 696E7433 		.ascii	"int32_t\000"
 740      325F7400 
 741              	.LASF13:
 742 0056 666C6F61 		.ascii	"float\000"
 742      7400
 743              	.LASF39:
 744 005c 4C657665 		.ascii	"LevelCheck\000"
ARM GAS  C:\Users\ipfajard\AppData\Local\Temp\ccURsl7D.s 			page 16


 744      6C436865 
 744      636B00
 745              	.LASF23:
 746 0067 53686966 		.ascii	"ShiftReg_Start\000"
 746      74526567 
 746      5F537461 
 746      727400
 747              	.LASF1:
 748 0076 756E7369 		.ascii	"unsigned char\000"
 748      676E6564 
 748      20636861 
 748      7200
 749              	.LASF36:
 750 0084 474E5520 		.ascii	"GNU C11 5.4.1 20160609 (release) [ARM/embedded-5-br"
 750      43313120 
 750      352E342E 
 750      31203230 
 750      31363036 
 751 00b7 616E6368 		.ascii	"anch revision 237715] -mcpu=cortex-m3 -mthumb -g -O"
 751      20726576 
 751      6973696F 
 751      6E203233 
 751      37373135 
 752 00ea 67202D66 		.ascii	"g -ffunction-sections -ffat-lto-objects\000"
 752      66756E63 
 752      74696F6E 
 752      2D736563 
 752      74696F6E 
 753              	.LASF19:
 754 0112 7A65726F 		.ascii	"zeroCount\000"
 754      436F756E 
 754      7400
 755              	.LASF5:
 756 011c 6C6F6E67 		.ascii	"long unsigned int\000"
 756      20756E73 
 756      69676E65 
 756      6420696E 
 756      7400
 757              	.LASF3:
 758 012e 73686F72 		.ascii	"short unsigned int\000"
 758      7420756E 
 758      7369676E 
 758      65642069 
 758      6E7400
 759              	.LASF42:
 760 0141 49544D5F 		.ascii	"ITM_RxBuffer\000"
 760      52784275 
 760      66666572 
 760      00
 761              	.LASF14:
 762 014e 646F7562 		.ascii	"double\000"
 762      6C6500
 763              	.LASF24:
 764 0155 5265665F 		.ascii	"Ref_OpAmp_Start\000"
 764      4F70416D 
 764      705F5374 
 764      61727400 
ARM GAS  C:\Users\ipfajard\AppData\Local\Temp\ccURsl7D.s 			page 17


 765              	.LASF40:
 766 0165 6D61696E 		.ascii	"main\000"
 766      00
 767              	.LASF12:
 768 016a 75696E74 		.ascii	"uint16\000"
 768      313600
 769              	.LASF30:
 770 0171 48696768 		.ascii	"HighF_BPF_Comp_Start\000"
 770      465F4250 
 770      465F436F 
 770      6D705F53 
 770      74617274 
 771              	.LASF38:
 772 0186 433A5C53 		.ascii	"C:\\SPB_Data\\Documents\\UACSCode\\UACS\\FSKRx2.cyd"
 772      50425F44 
 772      6174615C 
 772      446F6375 
 772      6D656E74 
 773 01b4 736E00   		.ascii	"sn\000"
 774              	.LASF8:
 775 01b7 756E7369 		.ascii	"unsigned int\000"
 775      676E6564 
 775      20696E74 
 775      00
 776              	.LASF28:
 777 01c4 4C657665 		.ascii	"LeveCountISR_StartEx\000"
 777      436F756E 
 777      74495352 
 777      5F537461 
 777      72744578 
 778              	.LASF20:
 779 01d9 6F6E6543 		.ascii	"oneCount\000"
 779      6F756E74 
 779      00
 780              	.LASF18:
 781 01e2 6C657665 		.ascii	"levelCounter\000"
 781      6C436F75 
 781      6E746572 
 781      00
 782              	.LASF41:
 783 01ef 63757272 		.ascii	"currentBit\000"
 783      656E7442 
 783      697400
 784              	.LASF16:
 785 01fa 6C6F6E67 		.ascii	"long double\000"
 785      20646F75 
 785      626C6500 
 786              	.LASF34:
 787 0206 48696768 		.ascii	"HighF_OutComp_Start\000"
 787      465F4F75 
 787      74436F6D 
 787      705F5374 
 787      61727400 
 788              	.LASF17:
 789 021a 73697A65 		.ascii	"sizetype\000"
 789      74797065 
 789      00
ARM GAS  C:\Users\ipfajard\AppData\Local\Temp\ccURsl7D.s 			page 18


 790              	.LASF6:
 791 0223 6C6F6E67 		.ascii	"long long int\000"
 791      206C6F6E 
 791      6720696E 
 791      7400
 792              	.LASF37:
 793 0231 6D61696E 		.ascii	"main.c\000"
 793      2E6300
 794              	.LASF15:
 795 0238 63686172 		.ascii	"char\000"
 795      00
 796              	.LASF32:
 797 023d 48696768 		.ascii	"HighF_Ref_OpAmp_Start\000"
 797      465F5265 
 797      665F4F70 
 797      416D705F 
 797      53746172 
 798              	.LASF26:
 799 0253 4F757443 		.ascii	"OutComp_Start\000"
 799      6F6D705F 
 799      53746172 
 799      7400
 800              	.LASF2:
 801 0261 73686F72 		.ascii	"short int\000"
 801      7420696E 
 801      7400
 802              	.LASF22:
 803 026b 4250465F 		.ascii	"BPF_Comp_Start\000"
 803      436F6D70 
 803      5F537461 
 803      727400
 804              	.LASF11:
 805 027a 75696E74 		.ascii	"uint8\000"
 805      3800
 806              	.LASF4:
 807 0280 6C6F6E67 		.ascii	"long int\000"
 807      20696E74 
 807      00
 808              	.LASF25:
 809 0289 5047415F 		.ascii	"PGA_Start\000"
 809      53746172 
 809      7400
 810              	.LASF0:
 811 0293 7369676E 		.ascii	"signed char\000"
 811      65642063 
 811      68617200 
 812              	.LASF35:
 813 029f 48696768 		.ascii	"HighF_LevelCount_Start\000"
 813      465F4C65 
 813      76656C43 
 813      6F756E74 
 813      5F537461 
 814              	.LASF31:
 815 02b6 48696768 		.ascii	"HighF_ShiftReg2_Start\000"
 815      465F5368 
 815      69667452 
 815      6567325F 
ARM GAS  C:\Users\ipfajard\AppData\Local\Temp\ccURsl7D.s 			page 19


 815      53746172 
 816              	.LASF7:
 817 02cc 6C6F6E67 		.ascii	"long long unsigned int\000"
 817      206C6F6E 
 817      6720756E 
 817      7369676E 
 817      65642069 
 818              		.ident	"GCC: (GNU Tools for ARM Embedded Processors) 5.4.1 20160609 (release) [ARM/embedded-5-bran
