Loading plugins phase: Elapsed time ==> 0s.145ms
<CYPRESSTAG name="CyDsfit arguments...">
cydsfit arguments: -.fdsnotice -.fdswarpdepfile=warp_dependencies.txt -.fdselabdepfile=elab_dependencies.txt -.fdsbldfile=generated_files.txt -.fdsreffile=referenced_files.txt -p C:\SPB_Data\Documents\UACSCode\UACS\FSK\RxV2.cydsn\RxV2.cyprj -d CY8C5888LTI-LP097 -s C:\SPB_Data\Documents\UACSCode\UACS\FSK\RxV2.cydsn\Generated_Source\PSoC5 -- -yv2 -q10 -ygs -o2 -v3 -.fftcfgtype=LE
</CYPRESSTAG>
<CYPRESSTAG name="Design elaboration results...">
</CYPRESSTAG>
Elaboration phase: Elapsed time ==> 1s.537ms
<CYPRESSTAG name="HDL generation results...">
</CYPRESSTAG>
HDL generation phase: Elapsed time ==> 0s.050ms
<CYPRESSTAG name="Synthesis results...">

     | | | | | | |
   _________________
  -|               |-
  -|               |-
  -|               |-
  -|    CYPRESS    |-
  -|               |-
  -|               |-   Warp Verilog Synthesis Compiler: Version 6.3 IR 41
  -|               |-   Copyright (C) 1991-2001 Cypress Semiconductor
   |_______________|
     | | | | | | |

======================================================================
Compiling:  RxV2.v
Program  :   C:\Program Files (x86)\Cypress\PSoC Creator\4.1\PSoC Creator\warp\bin\warp.exe
Options  :    -yv2 -q10 -ygs -o2 -v3 -.fftcfgtype=LE -ya -.fftprj=C:\SPB_Data\Documents\UACSCode\UACS\FSK\RxV2.cydsn\RxV2.cyprj -dcpsoc3 RxV2.v -verilog
======================================================================

======================================================================
Compiling:  RxV2.v
Program  :   C:\Program Files (x86)\Cypress\PSoC Creator\4.1\PSoC Creator\warp\bin\warp.exe
Options  :    -yv2 -q10 -ygs -o2 -v3 -.fftcfgtype=LE -ya -.fftprj=C:\SPB_Data\Documents\UACSCode\UACS\FSK\RxV2.cydsn\RxV2.cyprj -dcpsoc3 RxV2.v -verilog
======================================================================

======================================================================
Compiling:  RxV2.v
Program  :   vlogfe
Options  :    -yv2 -q10 -ygs -o2 -v3 -.fftcfgtype=LE -ya -.fftprj=C:\SPB_Data\Documents\UACSCode\UACS\FSK\RxV2.cydsn\RxV2.cyprj -dcpsoc3 -verilog RxV2.v
======================================================================

vlogfe V6.3 IR 41:  Verilog parser
Fri Mar 23 03:31:08 2018


======================================================================
Compiling:  RxV2.v
Program  :   vpp
Options  :    -yv2 -q10 RxV2.v
======================================================================

vpp V6.3 IR 41:  Verilog Pre-Processor
Fri Mar 23 03:31:08 2018

Flattening file 'C:\Program Files (x86)\Cypress\PSoC Creator\4.1\PSoC Creator\psoc\content\CyPrimitives\cyprimitives.cylib\cy_virtualmux_v1_0\cy_virtualmux_v1_0.v'
Flattening file 'C:\Program Files (x86)\Cypress\PSoC Creator\4.1\PSoC Creator\psoc\content\CyPrimitives\cyprimitives.cylib\ZeroTerminal\ZeroTerminal.v'
Flattening file 'C:\Program Files (x86)\Cypress\PSoC Creator\4.1\PSoC Creator\psoc\content\CyPrimitives\cyprimitives.cylib\OneTerminal\OneTerminal.v'
Flattening file 'C:\Program Files (x86)\Cypress\PSoC Creator\4.1\PSoC Creator\psoc\content\CyComponentLibrary\CyComponentLibrary.cylib\B_Counter_v3_0\B_Counter_v3_0.v'
Flattening file 'C:\Program Files (x86)\Cypress\PSoC Creator\4.1\PSoC Creator\warp\lib\common\cypress.v'
Flattening file 'C:\Program Files (x86)\Cypress\PSoC Creator\4.1\PSoC Creator\warp\lib\common\cy_psoc3_inc.v'
Flattening file 'C:\Program Files (x86)\Cypress\PSoC Creator\4.1\PSoC Creator\psoc\content\CyPrimitives\cyprimitives.cylib\not_v1_0\not_v1_0.v'
Flattening file 'C:\Program Files (x86)\Cypress\PSoC Creator\4.1\PSoC Creator\psoc\content\CyPrimitives\cyprimitives.cylib\cy_constant_v1_0\cy_constant_v1_0.v'
Flattening file 'C:\Program Files (x86)\Cypress\PSoC Creator\4.1\PSoC Creator\psoc\content\CyPrimitives\cyprimitives.cylib\cy_vref_v1_70\cy_vref_v1_70.v'

vpp:  No errors.

Library 'work' => directory 'lcpsoc3'
General_symbol_table
General_symbol_table
Linking 'C:\Program Files (x86)\Cypress\PSoC Creator\4.1\PSoC Creator\warp\lib\common\std.vhd'.
Linking 'C:\Program Files (x86)\Cypress\PSoC Creator\4.1\PSoC Creator\warp\lib\common\cypress.vhd'.
Linking 'C:\Program Files (x86)\Cypress\PSoC Creator\4.1\PSoC Creator\warp\lib\common\work\cypress.vif'.
Linking 'C:\Program Files (x86)\Cypress\PSoC Creator\4.1\PSoC Creator\warp\lib\ieee\work\stdlogic.vif'.
Linking 'C:\Program Files (x86)\Cypress\PSoC Creator\4.1\PSoC Creator\warp\lib\common\stdlogic\lpmpkg.vif'.
Linking 'C:\Program Files (x86)\Cypress\PSoC Creator\4.1\PSoC Creator\warp\lib\common\stdlogic\rtlpkg.vif'.
Linking 'C:\Program Files (x86)\Cypress\PSoC Creator\4.1\PSoC Creator\warp\lib\common\stdlogic\mod_cnst.vif'.
Linking 'C:\Program Files (x86)\Cypress\PSoC Creator\4.1\PSoC Creator\warp\lib\common\stdlogic\mod_mthv.vif'.
Linking 'C:\Program Files (x86)\Cypress\PSoC Creator\4.1\PSoC Creator\warp\lib\common\stdlogic\mod_genv.vif'.
Using control file 'RxV2.ctl'.
Linking 'C:\Program Files (x86)\Cypress\PSoC Creator\4.1\PSoC Creator\warp\lib\common\stdlogic\cy_psoc3pkg.vif'.
Linking 'C:\Program Files (x86)\Cypress\PSoC Creator\4.1\PSoC Creator\warp\lib\common\stdlogic\cy_psoc3.vif'.

vlogfe:  No errors.


======================================================================
Compiling:  RxV2.v
Program  :   tovif
Options  :    -yv2 -q10 -ygs -o2 -v3 -.fftcfgtype=LE -ya -.fftprj=C:\SPB_Data\Documents\UACSCode\UACS\FSK\RxV2.cydsn\RxV2.cyprj -dcpsoc3 -verilog RxV2.v
======================================================================

tovif V6.3 IR 41:  High-level synthesis
Fri Mar 23 03:31:08 2018

Linking 'C:\Program Files (x86)\Cypress\PSoC Creator\4.1\PSoC Creator\warp\lib\common\std.vhd'.
Linking 'C:\Program Files (x86)\Cypress\PSoC Creator\4.1\PSoC Creator\warp\lib\common\cypress.vhd'.
Linking 'C:\Program Files (x86)\Cypress\PSoC Creator\4.1\PSoC Creator\warp\lib\common\work\cypress.vif'.
Linking 'C:\Program Files (x86)\Cypress\PSoC Creator\4.1\PSoC Creator\warp\lib\ieee\work\stdlogic.vif'.
Linking 'C:\Program Files (x86)\Cypress\PSoC Creator\4.1\PSoC Creator\warp\lib\common\stdlogic\lpmpkg.vif'.
Linking 'C:\Program Files (x86)\Cypress\PSoC Creator\4.1\PSoC Creator\warp\lib\common\stdlogic\rtlpkg.vif'.
Linking 'C:\Program Files (x86)\Cypress\PSoC Creator\4.1\PSoC Creator\warp\lib\common\stdlogic\mod_cnst.vif'.
Linking 'C:\Program Files (x86)\Cypress\PSoC Creator\4.1\PSoC Creator\warp\lib\common\stdlogic\mod_mthv.vif'.
Linking 'C:\Program Files (x86)\Cypress\PSoC Creator\4.1\PSoC Creator\warp\lib\common\stdlogic\mod_genv.vif'.
Linking 'C:\SPB_Data\Documents\UACSCode\UACS\FSK\RxV2.cydsn\codegentemp\RxV2.ctl'.
Linking 'C:\Program Files (x86)\Cypress\PSoC Creator\4.1\PSoC Creator\psoc\content\CyPrimitives\cyprimitives.cylib\cy_virtualmux_v1_0\cy_virtualmux_v1_0.v'.
Linking 'C:\SPB_Data\Documents\UACSCode\UACS\FSK\RxV2.cydsn\codegentemp\RxV2.v'.
Linking 'C:\Program Files (x86)\Cypress\PSoC Creator\4.1\PSoC Creator\psoc\content\CyPrimitives\cyprimitives.cylib\ZeroTerminal\ZeroTerminal.v'.
Linking 'C:\Program Files (x86)\Cypress\PSoC Creator\4.1\PSoC Creator\psoc\content\CyPrimitives\cyprimitives.cylib\OneTerminal\OneTerminal.v'.
Linking 'C:\Program Files (x86)\Cypress\PSoC Creator\4.1\PSoC Creator\psoc\content\CyComponentLibrary\CyComponentLibrary.cylib\B_Counter_v3_0\B_Counter_v3_0.v'.
Linking 'C:\Program Files (x86)\Cypress\PSoC Creator\4.1\PSoC Creator\warp\lib\common\cypress.v'.
Linking 'C:\Program Files (x86)\Cypress\PSoC Creator\4.1\PSoC Creator\warp\lib\common\cy_psoc3_inc.v'.
Linking 'C:\Program Files (x86)\Cypress\PSoC Creator\4.1\PSoC Creator\psoc\content\CyPrimitives\cyprimitives.cylib\not_v1_0\not_v1_0.v'.
Linking 'C:\Program Files (x86)\Cypress\PSoC Creator\4.1\PSoC Creator\psoc\content\CyPrimitives\cyprimitives.cylib\cy_constant_v1_0\cy_constant_v1_0.v'.
Linking 'C:\Program Files (x86)\Cypress\PSoC Creator\4.1\PSoC Creator\psoc\content\CyPrimitives\cyprimitives.cylib\cy_vref_v1_70\cy_vref_v1_70.v'.
Linking 'C:\Program Files (x86)\Cypress\PSoC Creator\4.1\PSoC Creator\warp\lib\common\stdlogic\cy_psoc3pkg.vif'.
Linking 'C:\Program Files (x86)\Cypress\PSoC Creator\4.1\PSoC Creator\warp\lib\common\stdlogic\cy_psoc3.vif'.

tovif:  No errors.


======================================================================
Compiling:  RxV2.v
Program  :   topld
Options  :    -yv2 -q10 -ygs -o2 -v3 -.fftcfgtype=LE -ya -.fftprj=C:\SPB_Data\Documents\UACSCode\UACS\FSK\RxV2.cydsn\RxV2.cyprj -dcpsoc3 -verilog RxV2.v
======================================================================

topld V6.3 IR 41:  Synthesis and optimization
Fri Mar 23 03:31:09 2018

Linking 'C:\Program Files (x86)\Cypress\PSoC Creator\4.1\PSoC Creator\warp\lib\common\std.vhd'.
Linking 'C:\Program Files (x86)\Cypress\PSoC Creator\4.1\PSoC Creator\warp\lib\common\cypress.vhd'.
Linking 'C:\Program Files (x86)\Cypress\PSoC Creator\4.1\PSoC Creator\warp\lib\common\work\cypress.vif'.
Linking 'C:\Program Files (x86)\Cypress\PSoC Creator\4.1\PSoC Creator\warp\lib\ieee\work\stdlogic.vif'.
Linking 'C:\Program Files (x86)\Cypress\PSoC Creator\4.1\PSoC Creator\warp\lib\common\stdlogic\lpmpkg.vif'.
Linking 'C:\Program Files (x86)\Cypress\PSoC Creator\4.1\PSoC Creator\warp\lib\common\stdlogic\rtlpkg.vif'.
Linking 'C:\Program Files (x86)\Cypress\PSoC Creator\4.1\PSoC Creator\warp\lib\common\stdlogic\mod_cnst.vif'.
Linking 'C:\Program Files (x86)\Cypress\PSoC Creator\4.1\PSoC Creator\warp\lib\common\stdlogic\mod_mthv.vif'.
Linking 'C:\Program Files (x86)\Cypress\PSoC Creator\4.1\PSoC Creator\warp\lib\common\stdlogic\mod_genv.vif'.
Linking 'C:\SPB_Data\Documents\UACSCode\UACS\FSK\RxV2.cydsn\codegentemp\RxV2.ctl'.
Linking 'C:\Program Files (x86)\Cypress\PSoC Creator\4.1\PSoC Creator\psoc\content\CyPrimitives\cyprimitives.cylib\cy_virtualmux_v1_0\cy_virtualmux_v1_0.v'.
Linking 'C:\SPB_Data\Documents\UACSCode\UACS\FSK\RxV2.cydsn\codegentemp\RxV2.v'.
Linking 'C:\Program Files (x86)\Cypress\PSoC Creator\4.1\PSoC Creator\psoc\content\CyPrimitives\cyprimitives.cylib\ZeroTerminal\ZeroTerminal.v'.
Linking 'C:\Program Files (x86)\Cypress\PSoC Creator\4.1\PSoC Creator\psoc\content\CyPrimitives\cyprimitives.cylib\OneTerminal\OneTerminal.v'.
Linking 'C:\Program Files (x86)\Cypress\PSoC Creator\4.1\PSoC Creator\psoc\content\CyComponentLibrary\CyComponentLibrary.cylib\B_Counter_v3_0\B_Counter_v3_0.v'.
Linking 'C:\Program Files (x86)\Cypress\PSoC Creator\4.1\PSoC Creator\warp\lib\common\cypress.v'.
Linking 'C:\Program Files (x86)\Cypress\PSoC Creator\4.1\PSoC Creator\warp\lib\common\cy_psoc3_inc.v'.
Linking 'C:\Program Files (x86)\Cypress\PSoC Creator\4.1\PSoC Creator\psoc\content\CyPrimitives\cyprimitives.cylib\not_v1_0\not_v1_0.v'.
Linking 'C:\Program Files (x86)\Cypress\PSoC Creator\4.1\PSoC Creator\psoc\content\CyPrimitives\cyprimitives.cylib\cy_constant_v1_0\cy_constant_v1_0.v'.
Linking 'C:\Program Files (x86)\Cypress\PSoC Creator\4.1\PSoC Creator\psoc\content\CyPrimitives\cyprimitives.cylib\cy_vref_v1_70\cy_vref_v1_70.v'.
Linking 'C:\Program Files (x86)\Cypress\PSoC Creator\4.1\PSoC Creator\warp\lib\common\stdlogic\cy_psoc3pkg.vif'.
Linking 'C:\Program Files (x86)\Cypress\PSoC Creator\4.1\PSoC Creator\warp\lib\common\stdlogic\cy_psoc3.vif'.
Linking 'C:\Program Files (x86)\Cypress\PSoC Creator\4.1\PSoC Creator\warp\lib\lcpsoc3\stdlogic\cpsoc3.vif'.

----------------------------------------------------------
Detecting unused logic.
----------------------------------------------------------
    User names
	Net_5
	\RiseCount:Net_82\
	\RiseCount:Net_95\
	\RiseCount:Net_91\
	\RiseCount:Net_102\
	\RiseCount:CounterUDB:ctrl_cmod_2\
	\RiseCount:CounterUDB:ctrl_cmod_1\
	\RiseCount:CounterUDB:ctrl_cmod_0\
	Net_3
	Net_15
	\HighF_Comparator:Net_9\


Deleted 11 User equations/components.
Deleted 0 Synthesized equations/components.

------------------------------------------------------
Alias Detection
------------------------------------------------------
Aliasing one to \RiseCount:Net_89\
Aliasing \RiseCount:CounterUDB:ctrl_capmode_0\ to \RiseCount:CounterUDB:ctrl_capmode_1\
Aliasing zero to \RiseCount:CounterUDB:ctrl_capmode_1\
Aliasing \RiseCount:CounterUDB:capt_rising\ to \RiseCount:CounterUDB:ctrl_capmode_1\
Aliasing Net_1 to \RiseCount:CounterUDB:ctrl_capmode_1\
Aliasing \RiseCount:CounterUDB:tc_i\ to \RiseCount:CounterUDB:reload_tc\
Aliasing Net_14 to \RiseCount:CounterUDB:ctrl_capmode_1\
Aliasing \Timer:Net_260\ to \RiseCount:CounterUDB:ctrl_capmode_1\
Aliasing \Timer:Net_102\ to \RiseCount:Net_89\
Aliasing \HighF_Comparator:clock\ to \RiseCount:CounterUDB:ctrl_capmode_1\
Aliasing tmpOE__HighF_HydrophoneIn_net_0 to \RiseCount:Net_89\
Aliasing \LCD_Char:tmpOE__LCDPort_net_6\ to \RiseCount:Net_89\
Aliasing \LCD_Char:tmpOE__LCDPort_net_5\ to \RiseCount:Net_89\
Aliasing \LCD_Char:tmpOE__LCDPort_net_4\ to \RiseCount:Net_89\
Aliasing \LCD_Char:tmpOE__LCDPort_net_3\ to \RiseCount:Net_89\
Aliasing \LCD_Char:tmpOE__LCDPort_net_2\ to \RiseCount:Net_89\
Aliasing \LCD_Char:tmpOE__LCDPort_net_1\ to \RiseCount:Net_89\
Aliasing \LCD_Char:tmpOE__LCDPort_net_0\ to \RiseCount:Net_89\
Aliasing tmpOE__compOut_net_0 to \RiseCount:Net_89\
Aliasing \RiseCount:CounterUDB:prevCapture\\D\ to \RiseCount:CounterUDB:ctrl_capmode_1\
Aliasing \RiseCount:CounterUDB:cmp_out_reg_i\\D\ to \RiseCount:CounterUDB:prevCompare\\D\
Removing Rhs of wire Net_50[2] = \RiseCount:Net_49\[3]
Removing Rhs of wire Net_50[2] = \RiseCount:CounterUDB:tc_reg_i\[62]
Removing Rhs of wire one[11] = \RiseCount:Net_89\[5]
Removing Lhs of wire \RiseCount:CounterUDB:ctrl_capmode_0\[17] = \RiseCount:CounterUDB:ctrl_capmode_1\[16]
Removing Rhs of wire zero[21] = \RiseCount:CounterUDB:ctrl_capmode_1\[16]
Removing Lhs of wire \RiseCount:CounterUDB:ctrl_enable\[30] = \RiseCount:CounterUDB:control_7\[22]
Removing Lhs of wire \RiseCount:CounterUDB:capt_rising\[32] = zero[21]
Removing Lhs of wire \RiseCount:CounterUDB:capt_falling\[33] = \RiseCount:CounterUDB:prevCapture\[31]
Removing Lhs of wire Net_1[37] = zero[21]
Removing Lhs of wire \RiseCount:CounterUDB:final_enable\[39] = \RiseCount:CounterUDB:control_7\[22]
Removing Lhs of wire \RiseCount:CounterUDB:counter_enable\[40] = \RiseCount:CounterUDB:control_7\[22]
Removing Rhs of wire \RiseCount:CounterUDB:status_0\[41] = \RiseCount:CounterUDB:cmp_out_status\[42]
Removing Rhs of wire \RiseCount:CounterUDB:status_1\[43] = \RiseCount:CounterUDB:per_zero\[44]
Removing Rhs of wire \RiseCount:CounterUDB:status_2\[45] = \RiseCount:CounterUDB:overflow_status\[46]
Removing Rhs of wire \RiseCount:CounterUDB:status_3\[47] = \RiseCount:CounterUDB:underflow_status\[48]
Removing Lhs of wire \RiseCount:CounterUDB:status_4\[49] = \RiseCount:CounterUDB:hwCapture\[35]
Removing Rhs of wire \RiseCount:CounterUDB:status_5\[50] = \RiseCount:CounterUDB:fifo_full\[51]
Removing Rhs of wire \RiseCount:CounterUDB:status_6\[52] = \RiseCount:CounterUDB:fifo_nempty\[53]
Removing Lhs of wire \RiseCount:CounterUDB:dp_dir\[56] = one[11]
Removing Lhs of wire \RiseCount:CounterUDB:tc_i\[61] = \RiseCount:CounterUDB:reload_tc\[38]
Removing Rhs of wire \RiseCount:CounterUDB:cmp_out_i\[63] = \RiseCount:CounterUDB:cmp_less\[64]
Removing Rhs of wire Net_11[69] = \HighF_Comparator:Net_1\[118]
Removing Lhs of wire \RiseCount:CounterUDB:cs_addr_2\[71] = one[11]
Removing Lhs of wire \RiseCount:CounterUDB:cs_addr_1\[72] = \RiseCount:CounterUDB:count_enable\[70]
Removing Lhs of wire \RiseCount:CounterUDB:cs_addr_0\[73] = \RiseCount:CounterUDB:reload\[36]
Removing Lhs of wire Net_14[104] = zero[21]
Removing Lhs of wire \Timer:Net_260\[106] = zero[21]
Removing Lhs of wire \Timer:Net_266\[107] = one[11]
Removing Rhs of wire Net_70[112] = \Timer:Net_51\[108]
Removing Lhs of wire \Timer:Net_102\[113] = one[11]
Removing Lhs of wire \HighF_Comparator:clock\[117] = zero[21]
Removing Lhs of wire tmpOE__HighF_HydrophoneIn_net_0[122] = one[11]
Removing Lhs of wire \LCD_Char:tmpOE__LCDPort_net_6\[131] = one[11]
Removing Lhs of wire \LCD_Char:tmpOE__LCDPort_net_5\[132] = one[11]
Removing Lhs of wire \LCD_Char:tmpOE__LCDPort_net_4\[133] = one[11]
Removing Lhs of wire \LCD_Char:tmpOE__LCDPort_net_3\[134] = one[11]
Removing Lhs of wire \LCD_Char:tmpOE__LCDPort_net_2\[135] = one[11]
Removing Lhs of wire \LCD_Char:tmpOE__LCDPort_net_1\[136] = one[11]
Removing Lhs of wire \LCD_Char:tmpOE__LCDPort_net_0\[137] = one[11]
Removing Lhs of wire tmpOE__compOut_net_0[155] = one[11]
Removing Lhs of wire \RiseCount:CounterUDB:prevCapture\\D\[160] = zero[21]
Removing Lhs of wire \RiseCount:CounterUDB:overflow_reg_i\\D\[161] = \RiseCount:CounterUDB:overflow\[55]
Removing Lhs of wire \RiseCount:CounterUDB:underflow_reg_i\\D\[162] = \RiseCount:CounterUDB:underflow\[58]
Removing Lhs of wire \RiseCount:CounterUDB:tc_reg_i\\D\[163] = \RiseCount:CounterUDB:reload_tc\[38]
Removing Lhs of wire \RiseCount:CounterUDB:prevCompare\\D\[164] = \RiseCount:CounterUDB:cmp_out_i\[63]
Removing Lhs of wire \RiseCount:CounterUDB:cmp_out_reg_i\\D\[165] = \RiseCount:CounterUDB:cmp_out_i\[63]
Removing Lhs of wire \RiseCount:CounterUDB:count_stored_i\\D\[166] = Net_11[69]

------------------------------------------------------
Aliased 0 equations, 47 wires.
------------------------------------------------------

----------------------------------------------------------
Circuit simplification
----------------------------------------------------------

Substituting virtuals - pass 1:

Note:  Expanding virtual equation for 'one' (cost = 0):
one <=  ('1') ;

Note:  Expanding virtual equation for 'zero' (cost = 0):
zero <=  ('0') ;

Note:  Expanding virtual equation for '\RiseCount:CounterUDB:capt_either_edge\' (cost = 0):
\RiseCount:CounterUDB:capt_either_edge\ <= (\RiseCount:CounterUDB:prevCapture\);

Note:  Expanding virtual equation for '\RiseCount:CounterUDB:overflow\' (cost = 0):
\RiseCount:CounterUDB:overflow\ <= (\RiseCount:CounterUDB:per_equal\);

Note:  Expanding virtual equation for '\RiseCount:CounterUDB:underflow\' (cost = 0):
\RiseCount:CounterUDB:underflow\ <=  ('0') ;


Substituting virtuals - pass 2:

Note:  Expanding virtual equation for '\RiseCount:CounterUDB:reload_tc\' (cost = 0):
\RiseCount:CounterUDB:reload_tc\ <= (\RiseCount:CounterUDB:per_equal\);


Substituting virtuals - pass 3:


----------------------------------------------------------
Circuit simplification results:

	Expanded 6 signals.
	Turned 0 signals into soft nodes.
	Maximum default expansion cost was set at 3.
----------------------------------------------------------

------------------------------------------------------
Alias Detection
------------------------------------------------------
Aliasing \RiseCount:CounterUDB:hwCapture\ to zero
Aliasing \RiseCount:CounterUDB:status_3\ to zero
Aliasing \RiseCount:CounterUDB:underflow\ to zero
Removing Lhs of wire \RiseCount:CounterUDB:hwCapture\[35] = zero[21]
Removing Rhs of wire \RiseCount:CounterUDB:reload\[36] = \RiseCount:CounterUDB:per_equal\[57]
Removing Lhs of wire \RiseCount:CounterUDB:status_3\[47] = zero[21]
Removing Lhs of wire \RiseCount:CounterUDB:underflow\[58] = zero[21]

------------------------------------------------------
Aliased 0 equations, 4 wires.
------------------------------------------------------

----------------------------------------------------------
Circuit simplification
----------------------------------------------------------

Eliminating unused logic - pass 1:


Eliminating unused logic - pass 2:


Substituting virtuals - pass 1:


----------------------------------------------------------
Circuit simplification results:

	Expanded 0 signals.
	Turned 0 signals into soft nodes.
	Maximum default expansion cost was set at 3.
----------------------------------------------------------

topld:  No errors.

CYPRESS_DIR    : C:\Program Files (x86)\Cypress\PSoC Creator\4.1\PSoC Creator\warp
Warp Program   : C:\Program Files (x86)\Cypress\PSoC Creator\4.1\PSoC Creator\warp\bin\warp.exe
Warp Arguments : -yv2 -q10 -ygs -o2 -v3 -.fftcfgtype=LE -ya -.fftprj=C:\SPB_Data\Documents\UACSCode\UACS\FSK\RxV2.cydsn\RxV2.cyprj -dcpsoc3 RxV2.v -verilog
</CYPRESSTAG>
Warp synthesis phase: Elapsed time ==> 2s.375ms
<CYPRESSTAG name="Fitter results...">
<CYPRESSTAG name="Fitter startup details...">
cyp3fit: V4.1.0.3210, Family: PSoC3, Started at: Friday, 23 March 2018 03:31:09
Options: -yv2 -q10 -ygs -o2 -v3 -.fftcfgtype=LE -ya -.fftprj=C:\SPB_Data\Documents\UACSCode\UACS\FSK\RxV2.cydsn\RxV2.cyprj -d CY8C5888LTI-LP097 RxV2.v -verilog
</CYPRESSTAG>
<CYPRESSTAG name="Design parsing">
Design parsing phase: Elapsed time ==> 0s.017ms
</CYPRESSTAG>
<CYPRESSTAG name="Tech Mapping">
<CYPRESSTAG name="Initial Mapping" icon="FILE_RPT_TECHM">
    Converted constant MacroCell: \RiseCount:CounterUDB:prevCapture\ from registered to combinatorial
    Converted constant MacroCell: \RiseCount:CounterUDB:underflow_reg_i\ from registered to combinatorial
<CYPRESSTAG name="Global Clock Selection" icon="FILE_RPT_TECHM">
    Digital Clock 0: Automatic-assigning  clock 'CountClock'. Fanout=2, Signal=Net_4
    Digital Clock 1: Automatic-assigning  clock 'timer_clock'. Fanout=1, Signal=Net_12
</CYPRESSTAG>

Removing unused cells resulting from optimization
Done removing unused cells.
<CYPRESSTAG name="UDB Clock/Enable Remapping Results">
    UDB Clk/Enable \RiseCount:CounterUDB:clock_enable_block\: with output requested to be synchronous
        ClockIn: CountClock was determined to be a global clock that is synchronous to BUS_CLK
        EnableIn: Constant 1 was determined to be synchronous to ClockIn
        ClockOut: CountClock, EnableOut: Constant 1
    UDB Clk/Enable \RiseCount:CounterUDB:sCTRLReg:cy_psoc3_udb_Ctl_Clk_Sync\: with output requested to be synchronous
        ClockIn: CountClock was determined to be a global clock that is synchronous to BUS_CLK
        EnableIn: Constant 1 was determined to be synchronous to ClockIn
        ClockOut: CountClock, EnableOut: Constant 1
</CYPRESSTAG>

Removing unused cells resulting from optimization
Done removing unused cells.
<CYPRESSTAG name="Duplicate Macrocell detection">

Removing duplicate macrocells
    Removing Net_50, Duplicate of \RiseCount:CounterUDB:overflow_reg_i\ 
    MacroCell: Name=Net_50, Mode=(D-Register)
        Total # of inputs        : 1
        Total # of product terms : 1
        List of special equations: 
            Clock  = (Net_4) => Global
            Clock Enable: True
        Main Equation            : 1 pterm
        (
              \RiseCount:CounterUDB:reload\
        );
        Output = Net_50 (fanout=1)

End removing duplicate macrocells: used 1 pass
</CYPRESSTAG>
</CYPRESSTAG>
<CYPRESSTAG name="Duplicate Macrocell detection">
</CYPRESSTAG>
<CYPRESSTAG name="Design Equations" icon="FILE_RPT_EQUATION">

------------------------------------------------------------
Design Equations
------------------------------------------------------------
    <CYPRESSTAG name="Pin listing">

    ------------------------------------------------------------
    Pin listing
    ------------------------------------------------------------

    Pin : Name = HighF_HydrophoneIn(0)
        Attributes:
            In Group/Port: True
            In Sync Option: AUTO
            Out Sync Option: AUTO
            Interrupt generated: False
            Interrupt mode: NONE
            Drive mode: HI_Z_ANALOG
            VTrip: EITHER
            Slew: FAST
            Input Sync needed: False
            Output Sync needed: False
            SC shield enabled: False
            POR State: ANY
            LCD Mode: COMMON
            Register Mode: RegComb
            CaSense Mode: NEITHER
            Treat as pin: True
            Is OE Registered: False
            Uses Analog: True
            Can contain Digital: False
            Is SIO: False
            SIO Output Buf: NONREGULATED
            SIO Input Buf: SINGLE_ENDED
            SIO HiFreq: LOW
            SIO Hyst: DISABLED
            SIO Vtrip: MULTIPLIER_0_5
            SIO Multiplier Index: 0
            SIO RefSel: VCC_IO
            Required Capabilities: ANALOG
            Initial Value: 0
            IO Voltage: 0
        PORT MAP (
            pa_out => HighF_HydrophoneIn(0)__PA ,
            analog_term => Net_68 ,
            pad => HighF_HydrophoneIn(0)_PAD );
        Properties:
        {
        }

    Pin : Name = \LCD_Char:LCDPort(0)\
        Attributes:
            In Group/Port: True
            In Sync Option: AUTO
            Out Sync Option: NOSYNC
            Interrupt generated: False
            Interrupt mode: NONE
            Drive mode: CMOS_OUT
            VTrip: EITHER
            Slew: FAST
            Input Sync needed: False
            Output Sync needed: False
            SC shield enabled: False
            POR State: ANY
            LCD Mode: COMMON
            Register Mode: RegComb
            CaSense Mode: NEITHER
            Treat as pin: False
            Is OE Registered: False
            Uses Analog: False
            Can contain Digital: True
            Is SIO: False
            SIO Output Buf: NONREGULATED
            SIO Input Buf: SINGLE_ENDED
            SIO HiFreq: LOW
            SIO Hyst: DISABLED
            SIO Vtrip: MULTIPLIER_0_5
            SIO Multiplier Index: 0
            SIO RefSel: VCC_IO
            Required Capabilities: DIGITAL
            Initial Value: 0
            IO Voltage: 0
        PORT MAP (
            pa_out => \LCD_Char:LCDPort(0)\__PA ,
            pad => \LCD_Char:LCDPort(0)_PAD\ );
        Properties:
        {
        }

    Pin : Name = \LCD_Char:LCDPort(1)\
        Attributes:
            In Group/Port: True
            In Sync Option: AUTO
            Out Sync Option: NOSYNC
            Interrupt generated: False
            Interrupt mode: NONE
            Drive mode: CMOS_OUT
            VTrip: EITHER
            Slew: FAST
            Input Sync needed: False
            Output Sync needed: False
            SC shield enabled: False
            POR State: ANY
            LCD Mode: COMMON
            Register Mode: RegComb
            CaSense Mode: NEITHER
            Treat as pin: False
            Is OE Registered: False
            Uses Analog: False
            Can contain Digital: True
            Is SIO: False
            SIO Output Buf: NONREGULATED
            SIO Input Buf: SINGLE_ENDED
            SIO HiFreq: LOW
            SIO Hyst: DISABLED
            SIO Vtrip: MULTIPLIER_0_5
            SIO Multiplier Index: 0
            SIO RefSel: VCC_IO
            Required Capabilities: DIGITAL
            Initial Value: 0
            IO Voltage: 0
        PORT MAP (
            pa_out => \LCD_Char:LCDPort(1)\__PA ,
            pad => \LCD_Char:LCDPort(1)_PAD\ );
        Properties:
        {
        }

    Pin : Name = \LCD_Char:LCDPort(2)\
        Attributes:
            In Group/Port: True
            In Sync Option: AUTO
            Out Sync Option: NOSYNC
            Interrupt generated: False
            Interrupt mode: NONE
            Drive mode: CMOS_OUT
            VTrip: EITHER
            Slew: FAST
            Input Sync needed: False
            Output Sync needed: False
            SC shield enabled: False
            POR State: ANY
            LCD Mode: COMMON
            Register Mode: RegComb
            CaSense Mode: NEITHER
            Treat as pin: False
            Is OE Registered: False
            Uses Analog: False
            Can contain Digital: True
            Is SIO: False
            SIO Output Buf: NONREGULATED
            SIO Input Buf: SINGLE_ENDED
            SIO HiFreq: LOW
            SIO Hyst: DISABLED
            SIO Vtrip: MULTIPLIER_0_5
            SIO Multiplier Index: 0
            SIO RefSel: VCC_IO
            Required Capabilities: DIGITAL
            Initial Value: 0
            IO Voltage: 0
        PORT MAP (
            pa_out => \LCD_Char:LCDPort(2)\__PA ,
            pad => \LCD_Char:LCDPort(2)_PAD\ );
        Properties:
        {
        }

    Pin : Name = \LCD_Char:LCDPort(3)\
        Attributes:
            In Group/Port: True
            In Sync Option: AUTO
            Out Sync Option: NOSYNC
            Interrupt generated: False
            Interrupt mode: NONE
            Drive mode: CMOS_OUT
            VTrip: EITHER
            Slew: FAST
            Input Sync needed: False
            Output Sync needed: False
            SC shield enabled: False
            POR State: ANY
            LCD Mode: COMMON
            Register Mode: RegComb
            CaSense Mode: NEITHER
            Treat as pin: False
            Is OE Registered: False
            Uses Analog: False
            Can contain Digital: True
            Is SIO: False
            SIO Output Buf: NONREGULATED
            SIO Input Buf: SINGLE_ENDED
            SIO HiFreq: LOW
            SIO Hyst: DISABLED
            SIO Vtrip: MULTIPLIER_0_5
            SIO Multiplier Index: 0
            SIO RefSel: VCC_IO
            Required Capabilities: DIGITAL
            Initial Value: 0
            IO Voltage: 0
        PORT MAP (
            pa_out => \LCD_Char:LCDPort(3)\__PA ,
            pad => \LCD_Char:LCDPort(3)_PAD\ );
        Properties:
        {
        }

    Pin : Name = \LCD_Char:LCDPort(4)\
        Attributes:
            In Group/Port: True
            In Sync Option: AUTO
            Out Sync Option: NOSYNC
            Interrupt generated: False
            Interrupt mode: NONE
            Drive mode: CMOS_OUT
            VTrip: EITHER
            Slew: FAST
            Input Sync needed: False
            Output Sync needed: False
            SC shield enabled: False
            POR State: ANY
            LCD Mode: COMMON
            Register Mode: RegComb
            CaSense Mode: NEITHER
            Treat as pin: False
            Is OE Registered: False
            Uses Analog: False
            Can contain Digital: True
            Is SIO: False
            SIO Output Buf: NONREGULATED
            SIO Input Buf: SINGLE_ENDED
            SIO HiFreq: LOW
            SIO Hyst: DISABLED
            SIO Vtrip: MULTIPLIER_0_5
            SIO Multiplier Index: 0
            SIO RefSel: VCC_IO
            Required Capabilities: DIGITAL
            Initial Value: 0
            IO Voltage: 0
        PORT MAP (
            pa_out => \LCD_Char:LCDPort(4)\__PA ,
            pad => \LCD_Char:LCDPort(4)_PAD\ );
        Properties:
        {
        }

    Pin : Name = \LCD_Char:LCDPort(5)\
        Attributes:
            In Group/Port: True
            In Sync Option: AUTO
            Out Sync Option: NOSYNC
            Interrupt generated: False
            Interrupt mode: NONE
            Drive mode: CMOS_OUT
            VTrip: EITHER
            Slew: FAST
            Input Sync needed: False
            Output Sync needed: False
            SC shield enabled: False
            POR State: ANY
            LCD Mode: COMMON
            Register Mode: RegComb
            CaSense Mode: NEITHER
            Treat as pin: False
            Is OE Registered: False
            Uses Analog: False
            Can contain Digital: True
            Is SIO: False
            SIO Output Buf: NONREGULATED
            SIO Input Buf: SINGLE_ENDED
            SIO HiFreq: LOW
            SIO Hyst: DISABLED
            SIO Vtrip: MULTIPLIER_0_5
            SIO Multiplier Index: 0
            SIO RefSel: VCC_IO
            Required Capabilities: DIGITAL
            Initial Value: 0
            IO Voltage: 0
        PORT MAP (
            pa_out => \LCD_Char:LCDPort(5)\__PA ,
            pad => \LCD_Char:LCDPort(5)_PAD\ );
        Properties:
        {
        }

    Pin : Name = \LCD_Char:LCDPort(6)\
        Attributes:
            In Group/Port: True
            In Sync Option: AUTO
            Out Sync Option: NOSYNC
            Interrupt generated: False
            Interrupt mode: NONE
            Drive mode: CMOS_OUT
            VTrip: EITHER
            Slew: FAST
            Input Sync needed: False
            Output Sync needed: False
            SC shield enabled: False
            POR State: ANY
            LCD Mode: COMMON
            Register Mode: RegComb
            CaSense Mode: NEITHER
            Treat as pin: False
            Is OE Registered: False
            Uses Analog: False
            Can contain Digital: True
            Is SIO: False
            SIO Output Buf: NONREGULATED
            SIO Input Buf: SINGLE_ENDED
            SIO HiFreq: LOW
            SIO Hyst: DISABLED
            SIO Vtrip: MULTIPLIER_0_5
            SIO Multiplier Index: 0
            SIO RefSel: VCC_IO
            Required Capabilities: DIGITAL
            Initial Value: 0
            IO Voltage: 0
        PORT MAP (
            pa_out => \LCD_Char:LCDPort(6)\__PA ,
            pad => \LCD_Char:LCDPort(6)_PAD\ );
        Properties:
        {
        }

    Pin : Name = compOut(0)
        Attributes:
            In Group/Port: True
            In Sync Option: AUTO
            Out Sync Option: NOSYNC
            Interrupt generated: False
            Interrupt mode: NONE
            Drive mode: CMOS_OUT
            VTrip: EITHER
            Slew: FAST
            Input Sync needed: False
            Output Sync needed: False
            SC shield enabled: False
            POR State: ANY
            LCD Mode: COMMON
            Register Mode: RegComb
            CaSense Mode: NEITHER
            Treat as pin: True
            Is OE Registered: False
            Uses Analog: False
            Can contain Digital: True
            Is SIO: False
            SIO Output Buf: NONREGULATED
            SIO Input Buf: SINGLE_ENDED
            SIO HiFreq: LOW
            SIO Hyst: DISABLED
            SIO Vtrip: MULTIPLIER_0_5
            SIO Multiplier Index: 0
            SIO RefSel: VCC_IO
            Required Capabilities: DIGITAL, ROUTABLE
            Initial Value: 0
            IO Voltage: 0
        PORT MAP (
            pa_out => compOut(0)__PA ,
            pin_input => Net_11 ,
            pad => compOut(0)_PAD );
        Properties:
        {
        }
    </CYPRESSTAG>
    <CYPRESSTAG name="Macrocell listing" icon="FILE_RPT_EQUATION">

    ------------------------------------------------------------
    Macrocell listing
    ------------------------------------------------------------

    MacroCell: Name=\RiseCount:CounterUDB:status_0\, Mode=(Combinatorial)
        Total # of inputs        : 2
        Total # of product terms : 1
            Clock Enable: True
        Main Equation            : 1 pterm
        (
              \RiseCount:CounterUDB:cmp_out_i\ * 
              !\RiseCount:CounterUDB:prevCompare\
        );
        Output = \RiseCount:CounterUDB:status_0\ (fanout=1)

    MacroCell: Name=\RiseCount:CounterUDB:status_2\, Mode=(Combinatorial)
        Total # of inputs        : 2
        Total # of product terms : 1
            Clock Enable: True
        Main Equation            : 1 pterm
        (
              \RiseCount:CounterUDB:reload\ * 
              !\RiseCount:CounterUDB:overflow_reg_i\
        );
        Output = \RiseCount:CounterUDB:status_2\ (fanout=1)

    MacroCell: Name=\RiseCount:CounterUDB:count_enable\, Mode=(Combinatorial)
        Total # of inputs        : 3
        Total # of product terms : 1
            Clock Enable: True
        Main Equation            : 1 pterm
        (
              \RiseCount:CounterUDB:control_7\ * 
              !\RiseCount:CounterUDB:count_stored_i\ * Net_11
        );
        Output = \RiseCount:CounterUDB:count_enable\ (fanout=1)

    MacroCell: Name=__ONE__, Mode=(Combinatorial)
        Total # of inputs        : 0
        Total # of product terms : 0
            Clock Enable: True
        Main Equation            : 0 pterms
        !(
            0
        );
        Output = __ONE__ (fanout=2)

    MacroCell: Name=\RiseCount:CounterUDB:overflow_reg_i\, Mode=(D-Register)
        Total # of inputs        : 1
        Total # of product terms : 1
        List of special equations: 
            Clock  = (Net_4) => Global
            Clock Enable: True
        Main Equation            : 1 pterm
        (
              \RiseCount:CounterUDB:reload\
        );
        Output = \RiseCount:CounterUDB:overflow_reg_i\ (fanout=2)

    MacroCell: Name=\RiseCount:CounterUDB:prevCompare\, Mode=(D-Register)
        Total # of inputs        : 1
        Total # of product terms : 1
        List of special equations: 
            Clock  = (Net_4) => Global
            Clock Enable: True
        Main Equation            : 1 pterm
        (
              \RiseCount:CounterUDB:cmp_out_i\
        );
        Output = \RiseCount:CounterUDB:prevCompare\ (fanout=1)

    MacroCell: Name=\RiseCount:CounterUDB:count_stored_i\, Mode=(D-Register)
        Total # of inputs        : 1
        Total # of product terms : 1
        List of special equations: 
            Clock  = (Net_4) => Global
            Clock Enable: True
        Main Equation            : 1 pterm
        (
              Net_11
        );
        Output = \RiseCount:CounterUDB:count_stored_i\ (fanout=1)
    </CYPRESSTAG>
    <CYPRESSTAG name="Datapath listing">

    ------------------------------------------------------------
    Datapath listing
    ------------------------------------------------------------

    datapathcell: Name =\RiseCount:CounterUDB:sC8:counterdp:u0\
        PORT MAP (
            clock => Net_4 ,
            cs_addr_2 => __ONE__ ,
            cs_addr_1 => \RiseCount:CounterUDB:count_enable\ ,
            cs_addr_0 => \RiseCount:CounterUDB:reload\ ,
            ce0_comb => \RiseCount:CounterUDB:reload\ ,
            z0_comb => \RiseCount:CounterUDB:status_1\ ,
            cl1_comb => \RiseCount:CounterUDB:cmp_out_i\ ,
            f0_bus_stat_comb => \RiseCount:CounterUDB:status_6\ ,
            f0_blk_stat_comb => \RiseCount:CounterUDB:status_5\ );
        Properties:
        {
            a0_init = "00000000"
            a1_init = "00000000"
            ce0_sync = 1
            ce1_sync = 1
            cl0_sync = 1
            cl1_sync = 1
            cmsb_sync = 1
            co_msb_sync = 1
            cy_dpconfig = "0000000001000000000000001000000001000000010000000000000010000000000000000100000010101000010100000010000001000000101010000101000011111111000000001111111111111111101000000000000000000001000000000000000000011000"
            d0_init = "00000000"
            d1_init = "00000000"
            f0_blk_sync = 1
            f0_bus_sync = 1
            f1_blk_sync = 1
            f1_bus_sync = 1
            ff0_sync = 1
            ff1_sync = 1
            ov_msb_sync = 1
            so_sync = 1
            z0_sync = 1
            z1_sync = 1
        }
        Clock Polarity: Active High
        Clock Enable: True
    </CYPRESSTAG>
    <CYPRESSTAG name="Status register listing">
    </CYPRESSTAG>
    <CYPRESSTAG name="StatusI register listing">

    ------------------------------------------------------------
    StatusI register listing
    ------------------------------------------------------------

    statusicell: Name =\RiseCount:CounterUDB:sSTSReg:stsreg\
        PORT MAP (
            clock => Net_4 ,
            status_6 => \RiseCount:CounterUDB:status_6\ ,
            status_5 => \RiseCount:CounterUDB:status_5\ ,
            status_2 => \RiseCount:CounterUDB:status_2\ ,
            status_1 => \RiseCount:CounterUDB:status_1\ ,
            status_0 => \RiseCount:CounterUDB:status_0\ );
        Properties:
        {
            cy_force_order = 1
            cy_int_mask = "1111111"
            cy_md_select = "0011111"
        }
        Clock Polarity: Active High
        Clock Enable: True
    </CYPRESSTAG>
    <CYPRESSTAG name="Sync listing">
    </CYPRESSTAG>
    <CYPRESSTAG name="Control register listing">

    ------------------------------------------------------------
    Control register listing
    ------------------------------------------------------------

    controlcell: Name =\RiseCount:CounterUDB:sCTRLReg:ctrlreg\
        PORT MAP (
            clock => Net_4 ,
            control_7 => \RiseCount:CounterUDB:control_7\ ,
            control_6 => \RiseCount:CounterUDB:control_6\ ,
            control_5 => \RiseCount:CounterUDB:control_5\ ,
            control_4 => \RiseCount:CounterUDB:control_4\ ,
            control_3 => \RiseCount:CounterUDB:control_3\ ,
            control_2 => \RiseCount:CounterUDB:control_2\ ,
            control_1 => \RiseCount:CounterUDB:control_1\ ,
            control_0 => \RiseCount:CounterUDB:control_0\ );
        Properties:
        {
            cy_ctrl_mode_0 = "11111111"
            cy_ctrl_mode_1 = "00000000"
            cy_ext_reset = 0
            cy_force_order = 1
            cy_init_value = "00000000"
        }
        Clock Polarity: Active High
        Clock Enable: True
    </CYPRESSTAG>
    <CYPRESSTAG name="Count7 listing">
    </CYPRESSTAG>
    <CYPRESSTAG name="DRQ listing">
    </CYPRESSTAG>
    <CYPRESSTAG name="Interrupt listing">

    ------------------------------------------------------------
    Interrupt listing
    ------------------------------------------------------------

    interrupt: Name =FreqCalc
        PORT MAP (
            interrupt => \RiseCount:CounterUDB:overflow_reg_i\ );
        Properties:
        {
            int_type = "10"
            is_nmi = 0
        }

    interrupt: Name =Timing
        PORT MAP (
            interrupt => Net_70 );
        Properties:
        {
            int_type = "10"
            is_nmi = 0
        }
    </CYPRESSTAG>
</CYPRESSTAG>
<CYPRESSTAG name="Technology mapping summary" expanded>

------------------------------------------------------------
Technology mapping summary
------------------------------------------------------------

Resource Type                 : Used : Free :  Max :  % Used
============================================================
Digital Clocks                :    2 :    6 :    8 : 25.00 %
Analog Clocks                 :    0 :    4 :    4 :  0.00 %
CapSense Buffers              :    0 :    2 :    2 :  0.00 %
Digital Filter Block          :    0 :    1 :    1 :  0.00 %
Interrupts                    :    2 :   30 :   32 :  6.25 %
IO                            :   12 :   36 :   48 : 25.00 %
Segment LCD                   :    0 :    1 :    1 :  0.00 %
CAN 2.0b                      :    0 :    1 :    1 :  0.00 %
I2C                           :    0 :    1 :    1 :  0.00 %
USB                           :    0 :    1 :    1 :  0.00 %
DMA Channels                  :    0 :   24 :   24 :  0.00 %
Timer                         :    1 :    3 :    4 : 25.00 %
UDB                           :      :      :      :        
  Macrocells                  :    7 :  185 :  192 :  3.65 %
  Unique P-terms              :    6 :  378 :  384 :  1.56 %
  Total P-terms               :    6 :      :      :        
  Datapath Cells              :    1 :   23 :   24 :  4.17 %
  Status Cells                :    1 :   23 :   24 :  4.17 %
    StatusI Registers         :    1 :      :      :        
  Control Cells               :    1 :   23 :   24 :  4.17 %
    Control Registers         :    1 :      :      :        
Opamp                         :    0 :    4 :    4 :  0.00 %
Comparator                    :    1 :    3 :    4 : 25.00 %
Delta-Sigma ADC               :    0 :    1 :    1 :  0.00 %
LPF                           :    0 :    2 :    2 :  0.00 %
SAR ADC                       :    0 :    2 :    2 :  0.00 %
Analog (SC/CT) Blocks         :    0 :    4 :    4 :  0.00 %
DAC                           :      :      :      :        
  VIDAC                       :    0 :    4 :    4 :  0.00 %
</CYPRESSTAG>
Technology Mapping: Elapsed time ==> 0s.149ms
Tech Mapping phase: Elapsed time ==> 0s.215ms
</CYPRESSTAG>
<CYPRESSTAG name="Analog Placement">
Initial Analog Placement Results:
IO_6@[IOP=(1)][IoId=(6)] : HighF_HydrophoneIn(0) (fixed)
IO_0@[IOP=(2)][IoId=(0)] : \LCD_Char:LCDPort(0)\ (fixed)
IO_1@[IOP=(2)][IoId=(1)] : \LCD_Char:LCDPort(1)\ (fixed)
IO_2@[IOP=(2)][IoId=(2)] : \LCD_Char:LCDPort(2)\ (fixed)
IO_3@[IOP=(2)][IoId=(3)] : \LCD_Char:LCDPort(3)\ (fixed)
IO_4@[IOP=(2)][IoId=(4)] : \LCD_Char:LCDPort(4)\ (fixed)
IO_5@[IOP=(2)][IoId=(5)] : \LCD_Char:LCDPort(5)\ (fixed)
IO_6@[IOP=(2)][IoId=(6)] : \LCD_Char:LCDPort(6)\ (fixed)
IO_0@[IOP=(3)][IoId=(0)] : compOut(0) (fixed)
Comparator[3]@[FFB(Comparator,3)] : \HighF_Comparator:ctComp\
Vref[1]@[FFB(Vref,1)] : vRef_1
Log: apr.M0058: The analog placement iterative improvement is 36% done. (App=cydsfit)
Log: apr.M0058: The analog placement iterative improvement is 64% done. (App=cydsfit)
Log: apr.M0058: The analog placement iterative improvement is 91% done. (App=cydsfit)
Analog Placement Results:
IO_6@[IOP=(1)][IoId=(6)] : HighF_HydrophoneIn(0) (fixed)
IO_0@[IOP=(2)][IoId=(0)] : \LCD_Char:LCDPort(0)\ (fixed)
IO_1@[IOP=(2)][IoId=(1)] : \LCD_Char:LCDPort(1)\ (fixed)
IO_2@[IOP=(2)][IoId=(2)] : \LCD_Char:LCDPort(2)\ (fixed)
IO_3@[IOP=(2)][IoId=(3)] : \LCD_Char:LCDPort(3)\ (fixed)
IO_4@[IOP=(2)][IoId=(4)] : \LCD_Char:LCDPort(4)\ (fixed)
IO_5@[IOP=(2)][IoId=(5)] : \LCD_Char:LCDPort(5)\ (fixed)
IO_6@[IOP=(2)][IoId=(6)] : \LCD_Char:LCDPort(6)\ (fixed)
IO_0@[IOP=(3)][IoId=(0)] : compOut(0) (fixed)
Comparator[3]@[FFB(Comparator,3)] : \HighF_Comparator:ctComp\
Vref[1]@[FFB(Vref,1)] : vRef_1

Analog Placement phase: Elapsed time ==> 0s.779ms
</CYPRESSTAG>
<CYPRESSTAG name="Analog Routing">
Analog Routing phase: Elapsed time ==> 0s.001ms
</CYPRESSTAG>
<CYPRESSTAG name="Analog Code Generation">
============ Analog Final Answer Routes ============
Dump of CyAnalogRoutingResultsDB
Map of net to items {
  Net: Net_68 {
    comp_3_vplus
    agr2_x_comp_3_vplus
    agr2
    agr2_x_p1_6
    p1_6
  }
  Net: Net_26 {
    common_Vdda/2
    common_Vdda/2_x_comp_vref_vdda
    comp_vref_vdda
    comp_vref_vdda_x_comp_vref_vdda_0256
    comp_vref_vdda_0256
    comp_3_vminus_x_comp_vref_vdda_0256
    comp_3_vminus
  }
}
Map of item to net {
  comp_3_vplus                                     -> Net_68
  agr2_x_comp_3_vplus                              -> Net_68
  agr2                                             -> Net_68
  agr2_x_p1_6                                      -> Net_68
  p1_6                                             -> Net_68
  common_Vdda/2                                    -> Net_26
  common_Vdda/2_x_comp_vref_vdda                   -> Net_26
  comp_vref_vdda                                   -> Net_26
  comp_vref_vdda_x_comp_vref_vdda_0256             -> Net_26
  comp_vref_vdda_0256                              -> Net_26
  comp_3_vminus_x_comp_vref_vdda_0256              -> Net_26
  comp_3_vminus                                    -> Net_26
}
Mux Info {
}
Dump of CyP35AnalogRoutingResultsDB
IsVddaHalfUsedForComp = True
IsVddaHalfUsedForSar0 = False
IsVddaHalfUsedForSar1 = False
Analog Code Generation phase: Elapsed time ==> 0s.330ms
</CYPRESSTAG>
<CYPRESSTAG name="Digital Placement">
<CYPRESSTAG name="Detailed placement messages">
I2076: Total run-time: 0.7 sec.

</CYPRESSTAG>
<CYPRESSTAG name="PLD Packing">
<CYPRESSTAG name="PLD Packing Summary" expanded>

------------------------------------------------------------
PLD Packing Summary
------------------------------------------------------------
            Resource Type : Used : Free :  Max :  % Used
    ====================================================
                     PLDs :    3 :   45 :   48 :   6.25%

<CYPRESSTAG name="PLD Statistics">

        PLD Resource Type :     Average/LAB
    =======================================
                   Inputs :            2.33
                   Pterms :            2.00
               Macrocells :            2.33
</CYPRESSTAG>
<CYPRESSTAG name="Packed PLD Contents">
Packed PLD Contents not displayed at this verbose level.</CYPRESSTAG>
</CYPRESSTAG>
PLD Packing: Elapsed time ==> 0s.001ms
</CYPRESSTAG>
<CYPRESSTAG name="Partitioning">
<CYPRESSTAG name="Initial Partitioning Summary">
Initial Partitioning Summary not displayed at this verbose level.</CYPRESSTAG>
<CYPRESSTAG name="Final Partitioning Summary">
Final Partitioning Summary not displayed at this verbose level.</CYPRESSTAG>
Partitioning: Elapsed time ==> 0s.020ms
</CYPRESSTAG>
<CYPRESSTAG name="Final Placement Summary">

------------------------------------------------------------
Final Placement Summary
------------------------------------------------------------

       Resource Type :      Count : Avg Inputs : Avg Outputs
    ========================================================
                 UDB :          2 :       3.50 :       3.50
<CYPRESSTAG name="Final Placement Details">
<CYPRESSTAG name="Component Details">

------------------------------------------------------------
Component Placement Details
------------------------------------------------------------
UDB [UDB=(0,0)] is empty.
UDB [UDB=(0,1)] is empty.
UDB [UDB=(0,2)] is empty.
UDB [UDB=(0,3)] contents:
LAB@[UDB=(0,3)][LB=0] #macrocells=1, #inputs=0, #pterms=0
{
    [McSlotId=0]:     MacroCell: Name=__ONE__, Mode=(Combinatorial) @ [UDB=(0,3)][LB=0][MC=0]
        Total # of inputs        : 0
        Total # of product terms : 0
            Clock Enable: True
        Main Equation            : 0 pterms
        !(
            0
        );
        Output = __ONE__ (fanout=2)
        Properties               : 
        {
        }

    [McSlotId=1]: (empty)
    [McSlotId=2]: (empty)
    [McSlotId=3]: (empty)
}

UDB [UDB=(0,4)] is empty.
UDB [UDB=(0,5)] is empty.
UDB [UDB=(1,0)] is empty.
UDB [UDB=(1,1)] is empty.
UDB [UDB=(1,2)] is empty.
UDB [UDB=(1,3)] is empty.
UDB [UDB=(1,4)] is empty.
UDB [UDB=(1,5)] is empty.
UDB [UDB=(2,0)] is empty.
UDB [UDB=(2,1)] is empty.
UDB [UDB=(2,2)] is empty.
UDB [UDB=(2,3)] is empty.
UDB [UDB=(2,4)] is empty.
UDB [UDB=(2,5)] is empty.
UDB [UDB=(3,0)] is empty.
UDB [UDB=(3,1)] contents:
LAB@[UDB=(3,1)][LB=0] #macrocells=4, #inputs=5, #pterms=4
{
    [McSlotId=0]:     MacroCell: Name=\RiseCount:CounterUDB:count_enable\, Mode=(Combinatorial) @ [UDB=(3,1)][LB=0][MC=0]
        Total # of inputs        : 3
        Total # of product terms : 1
            Clock Enable: True
        Main Equation            : 1 pterm
        (
              \RiseCount:CounterUDB:control_7\ * 
              !\RiseCount:CounterUDB:count_stored_i\ * Net_11
        );
        Output = \RiseCount:CounterUDB:count_enable\ (fanout=1)
        Properties               : 
        {
        }

    [McSlotId=1]:     MacroCell: Name=\RiseCount:CounterUDB:count_stored_i\, Mode=(D-Register) @ [UDB=(3,1)][LB=0][MC=1]
        Total # of inputs        : 1
        Total # of product terms : 1
        List of special equations: 
            Clock  = (Net_4) => Global
            Clock Enable: True
        Main Equation            : 1 pterm
        (
              Net_11
        );
        Output = \RiseCount:CounterUDB:count_stored_i\ (fanout=1)
        Properties               : 
        {
        }

    [McSlotId=2]:     MacroCell: Name=\RiseCount:CounterUDB:status_0\, Mode=(Combinatorial) @ [UDB=(3,1)][LB=0][MC=2]
        Total # of inputs        : 2
        Total # of product terms : 1
            Clock Enable: True
        Main Equation            : 1 pterm
        (
              \RiseCount:CounterUDB:cmp_out_i\ * 
              !\RiseCount:CounterUDB:prevCompare\
        );
        Output = \RiseCount:CounterUDB:status_0\ (fanout=1)
        Properties               : 
        {
        }

    [McSlotId=3]:     MacroCell: Name=\RiseCount:CounterUDB:prevCompare\, Mode=(D-Register) @ [UDB=(3,1)][LB=0][MC=3]
        Total # of inputs        : 1
        Total # of product terms : 1
        List of special equations: 
            Clock  = (Net_4) => Global
            Clock Enable: True
        Main Equation            : 1 pterm
        (
              \RiseCount:CounterUDB:cmp_out_i\
        );
        Output = \RiseCount:CounterUDB:prevCompare\ (fanout=1)
        Properties               : 
        {
        }
}

LAB@[UDB=(3,1)][LB=1] #macrocells=2, #inputs=2, #pterms=2
{
    [McSlotId=0]:     MacroCell: Name=\RiseCount:CounterUDB:status_2\, Mode=(Combinatorial) @ [UDB=(3,1)][LB=1][MC=0]
        Total # of inputs        : 2
        Total # of product terms : 1
            Clock Enable: True
        Main Equation            : 1 pterm
        (
              \RiseCount:CounterUDB:reload\ * 
              !\RiseCount:CounterUDB:overflow_reg_i\
        );
        Output = \RiseCount:CounterUDB:status_2\ (fanout=1)
        Properties               : 
        {
        }

    [McSlotId=1]:     MacroCell: Name=\RiseCount:CounterUDB:overflow_reg_i\, Mode=(D-Register) @ [UDB=(3,1)][LB=1][MC=1]
        Total # of inputs        : 1
        Total # of product terms : 1
        List of special equations: 
            Clock  = (Net_4) => Global
            Clock Enable: True
        Main Equation            : 1 pterm
        (
              \RiseCount:CounterUDB:reload\
        );
        Output = \RiseCount:CounterUDB:overflow_reg_i\ (fanout=2)
        Properties               : 
        {
        }

    [McSlotId=2]: (empty)
    [McSlotId=3]: (empty)
}

datapathcell: Name =\RiseCount:CounterUDB:sC8:counterdp:u0\
    PORT MAP (
        clock => Net_4 ,
        cs_addr_2 => __ONE__ ,
        cs_addr_1 => \RiseCount:CounterUDB:count_enable\ ,
        cs_addr_0 => \RiseCount:CounterUDB:reload\ ,
        ce0_comb => \RiseCount:CounterUDB:reload\ ,
        z0_comb => \RiseCount:CounterUDB:status_1\ ,
        cl1_comb => \RiseCount:CounterUDB:cmp_out_i\ ,
        f0_bus_stat_comb => \RiseCount:CounterUDB:status_6\ ,
        f0_blk_stat_comb => \RiseCount:CounterUDB:status_5\ );
    Properties:
    {
        a0_init = "00000000"
        a1_init = "00000000"
        ce0_sync = 1
        ce1_sync = 1
        cl0_sync = 1
        cl1_sync = 1
        cmsb_sync = 1
        co_msb_sync = 1
        cy_dpconfig = "0000000001000000000000001000000001000000010000000000000010000000000000000100000010101000010100000010000001000000101010000101000011111111000000001111111111111111101000000000000000000001000000000000000000011000"
        d0_init = "00000000"
        d1_init = "00000000"
        f0_blk_sync = 1
        f0_bus_sync = 1
        f1_blk_sync = 1
        f1_bus_sync = 1
        ff0_sync = 1
        ff1_sync = 1
        ov_msb_sync = 1
        so_sync = 1
        z0_sync = 1
        z1_sync = 1
    }
    Clock Polarity: Active High
    Clock Enable: True

statusicell: Name =\RiseCount:CounterUDB:sSTSReg:stsreg\
    PORT MAP (
        clock => Net_4 ,
        status_6 => \RiseCount:CounterUDB:status_6\ ,
        status_5 => \RiseCount:CounterUDB:status_5\ ,
        status_2 => \RiseCount:CounterUDB:status_2\ ,
        status_1 => \RiseCount:CounterUDB:status_1\ ,
        status_0 => \RiseCount:CounterUDB:status_0\ );
    Properties:
    {
        cy_force_order = 1
        cy_int_mask = "1111111"
        cy_md_select = "0011111"
    }
    Clock Polarity: Active High
    Clock Enable: True

controlcell: Name =\RiseCount:CounterUDB:sCTRLReg:ctrlreg\
    PORT MAP (
        clock => Net_4 ,
        control_7 => \RiseCount:CounterUDB:control_7\ ,
        control_6 => \RiseCount:CounterUDB:control_6\ ,
        control_5 => \RiseCount:CounterUDB:control_5\ ,
        control_4 => \RiseCount:CounterUDB:control_4\ ,
        control_3 => \RiseCount:CounterUDB:control_3\ ,
        control_2 => \RiseCount:CounterUDB:control_2\ ,
        control_1 => \RiseCount:CounterUDB:control_1\ ,
        control_0 => \RiseCount:CounterUDB:control_0\ );
    Properties:
    {
        cy_ctrl_mode_0 = "11111111"
        cy_ctrl_mode_1 = "00000000"
        cy_ext_reset = 0
        cy_force_order = 1
        cy_init_value = "00000000"
    }
    Clock Polarity: Active High
    Clock Enable: True

UDB [UDB=(3,2)] is empty.
UDB [UDB=(3,3)] is empty.
UDB [UDB=(3,4)] is empty.
UDB [UDB=(3,5)] is empty.
Intr container @ [IntrContainer=(0)]: 
  Intr@ [IntrContainer=(0)][IntrId=(0)] 
    interrupt: Name =FreqCalc
        PORT MAP (
            interrupt => \RiseCount:CounterUDB:overflow_reg_i\ );
        Properties:
        {
            int_type = "10"
            is_nmi = 0
        }
  Intr@ [IntrContainer=(0)][IntrId=(1)] 
    interrupt: Name =Timing
        PORT MAP (
            interrupt => Net_70 );
        Properties:
        {
            int_type = "10"
            is_nmi = 0
        }
Drq container @ [DrqContainer=(0)]: empty
Port 0 contains the following IO cells:
Port 1 contains the following IO cells:
[IoId=6]: 
Pin : Name = HighF_HydrophoneIn(0)
    Attributes:
        In Group/Port: True
        In Sync Option: AUTO
        Out Sync Option: AUTO
        Interrupt generated: False
        Interrupt mode: NONE
        Drive mode: HI_Z_ANALOG
        VTrip: EITHER
        Slew: FAST
        Input Sync needed: False
        Output Sync needed: False
        SC shield enabled: False
        POR State: ANY
        LCD Mode: COMMON
        Register Mode: RegComb
        CaSense Mode: NEITHER
        Treat as pin: True
        Is OE Registered: False
        Uses Analog: True
        Can contain Digital: False
        Is SIO: False
        SIO Output Buf: NONREGULATED
        SIO Input Buf: SINGLE_ENDED
        SIO HiFreq: LOW
        SIO Hyst: DISABLED
        SIO Vtrip: MULTIPLIER_0_5
        SIO Multiplier Index: 0
        SIO RefSel: VCC_IO
        Required Capabilities: ANALOG
        Initial Value: 0
        IO Voltage: 0
    PORT MAP (
        pa_out => HighF_HydrophoneIn(0)__PA ,
        analog_term => Net_68 ,
        pad => HighF_HydrophoneIn(0)_PAD );
    Properties:
    {
    }

Port 2 contains the following IO cells:
[IoId=0]: 
Pin : Name = \LCD_Char:LCDPort(0)\
    Attributes:
        In Group/Port: True
        In Sync Option: AUTO
        Out Sync Option: NOSYNC
        Interrupt generated: False
        Interrupt mode: NONE
        Drive mode: CMOS_OUT
        VTrip: EITHER
        Slew: FAST
        Input Sync needed: False
        Output Sync needed: False
        SC shield enabled: False
        POR State: ANY
        LCD Mode: COMMON
        Register Mode: RegComb
        CaSense Mode: NEITHER
        Treat as pin: False
        Is OE Registered: False
        Uses Analog: False
        Can contain Digital: True
        Is SIO: False
        SIO Output Buf: NONREGULATED
        SIO Input Buf: SINGLE_ENDED
        SIO HiFreq: LOW
        SIO Hyst: DISABLED
        SIO Vtrip: MULTIPLIER_0_5
        SIO Multiplier Index: 0
        SIO RefSel: VCC_IO
        Required Capabilities: DIGITAL
        Initial Value: 0
        IO Voltage: 0
    PORT MAP (
        pa_out => \LCD_Char:LCDPort(0)\__PA ,
        pad => \LCD_Char:LCDPort(0)_PAD\ );
    Properties:
    {
    }

[IoId=1]: 
Pin : Name = \LCD_Char:LCDPort(1)\
    Attributes:
        In Group/Port: True
        In Sync Option: AUTO
        Out Sync Option: NOSYNC
        Interrupt generated: False
        Interrupt mode: NONE
        Drive mode: CMOS_OUT
        VTrip: EITHER
        Slew: FAST
        Input Sync needed: False
        Output Sync needed: False
        SC shield enabled: False
        POR State: ANY
        LCD Mode: COMMON
        Register Mode: RegComb
        CaSense Mode: NEITHER
        Treat as pin: False
        Is OE Registered: False
        Uses Analog: False
        Can contain Digital: True
        Is SIO: False
        SIO Output Buf: NONREGULATED
        SIO Input Buf: SINGLE_ENDED
        SIO HiFreq: LOW
        SIO Hyst: DISABLED
        SIO Vtrip: MULTIPLIER_0_5
        SIO Multiplier Index: 0
        SIO RefSel: VCC_IO
        Required Capabilities: DIGITAL
        Initial Value: 0
        IO Voltage: 0
    PORT MAP (
        pa_out => \LCD_Char:LCDPort(1)\__PA ,
        pad => \LCD_Char:LCDPort(1)_PAD\ );
    Properties:
    {
    }

[IoId=2]: 
Pin : Name = \LCD_Char:LCDPort(2)\
    Attributes:
        In Group/Port: True
        In Sync Option: AUTO
        Out Sync Option: NOSYNC
        Interrupt generated: False
        Interrupt mode: NONE
        Drive mode: CMOS_OUT
        VTrip: EITHER
        Slew: FAST
        Input Sync needed: False
        Output Sync needed: False
        SC shield enabled: False
        POR State: ANY
        LCD Mode: COMMON
        Register Mode: RegComb
        CaSense Mode: NEITHER
        Treat as pin: False
        Is OE Registered: False
        Uses Analog: False
        Can contain Digital: True
        Is SIO: False
        SIO Output Buf: NONREGULATED
        SIO Input Buf: SINGLE_ENDED
        SIO HiFreq: LOW
        SIO Hyst: DISABLED
        SIO Vtrip: MULTIPLIER_0_5
        SIO Multiplier Index: 0
        SIO RefSel: VCC_IO
        Required Capabilities: DIGITAL
        Initial Value: 0
        IO Voltage: 0
    PORT MAP (
        pa_out => \LCD_Char:LCDPort(2)\__PA ,
        pad => \LCD_Char:LCDPort(2)_PAD\ );
    Properties:
    {
    }

[IoId=3]: 
Pin : Name = \LCD_Char:LCDPort(3)\
    Attributes:
        In Group/Port: True
        In Sync Option: AUTO
        Out Sync Option: NOSYNC
        Interrupt generated: False
        Interrupt mode: NONE
        Drive mode: CMOS_OUT
        VTrip: EITHER
        Slew: FAST
        Input Sync needed: False
        Output Sync needed: False
        SC shield enabled: False
        POR State: ANY
        LCD Mode: COMMON
        Register Mode: RegComb
        CaSense Mode: NEITHER
        Treat as pin: False
        Is OE Registered: False
        Uses Analog: False
        Can contain Digital: True
        Is SIO: False
        SIO Output Buf: NONREGULATED
        SIO Input Buf: SINGLE_ENDED
        SIO HiFreq: LOW
        SIO Hyst: DISABLED
        SIO Vtrip: MULTIPLIER_0_5
        SIO Multiplier Index: 0
        SIO RefSel: VCC_IO
        Required Capabilities: DIGITAL
        Initial Value: 0
        IO Voltage: 0
    PORT MAP (
        pa_out => \LCD_Char:LCDPort(3)\__PA ,
        pad => \LCD_Char:LCDPort(3)_PAD\ );
    Properties:
    {
    }

[IoId=4]: 
Pin : Name = \LCD_Char:LCDPort(4)\
    Attributes:
        In Group/Port: True
        In Sync Option: AUTO
        Out Sync Option: NOSYNC
        Interrupt generated: False
        Interrupt mode: NONE
        Drive mode: CMOS_OUT
        VTrip: EITHER
        Slew: FAST
        Input Sync needed: False
        Output Sync needed: False
        SC shield enabled: False
        POR State: ANY
        LCD Mode: COMMON
        Register Mode: RegComb
        CaSense Mode: NEITHER
        Treat as pin: False
        Is OE Registered: False
        Uses Analog: False
        Can contain Digital: True
        Is SIO: False
        SIO Output Buf: NONREGULATED
        SIO Input Buf: SINGLE_ENDED
        SIO HiFreq: LOW
        SIO Hyst: DISABLED
        SIO Vtrip: MULTIPLIER_0_5
        SIO Multiplier Index: 0
        SIO RefSel: VCC_IO
        Required Capabilities: DIGITAL
        Initial Value: 0
        IO Voltage: 0
    PORT MAP (
        pa_out => \LCD_Char:LCDPort(4)\__PA ,
        pad => \LCD_Char:LCDPort(4)_PAD\ );
    Properties:
    {
    }

[IoId=5]: 
Pin : Name = \LCD_Char:LCDPort(5)\
    Attributes:
        In Group/Port: True
        In Sync Option: AUTO
        Out Sync Option: NOSYNC
        Interrupt generated: False
        Interrupt mode: NONE
        Drive mode: CMOS_OUT
        VTrip: EITHER
        Slew: FAST
        Input Sync needed: False
        Output Sync needed: False
        SC shield enabled: False
        POR State: ANY
        LCD Mode: COMMON
        Register Mode: RegComb
        CaSense Mode: NEITHER
        Treat as pin: False
        Is OE Registered: False
        Uses Analog: False
        Can contain Digital: True
        Is SIO: False
        SIO Output Buf: NONREGULATED
        SIO Input Buf: SINGLE_ENDED
        SIO HiFreq: LOW
        SIO Hyst: DISABLED
        SIO Vtrip: MULTIPLIER_0_5
        SIO Multiplier Index: 0
        SIO RefSel: VCC_IO
        Required Capabilities: DIGITAL
        Initial Value: 0
        IO Voltage: 0
    PORT MAP (
        pa_out => \LCD_Char:LCDPort(5)\__PA ,
        pad => \LCD_Char:LCDPort(5)_PAD\ );
    Properties:
    {
    }

[IoId=6]: 
Pin : Name = \LCD_Char:LCDPort(6)\
    Attributes:
        In Group/Port: True
        In Sync Option: AUTO
        Out Sync Option: NOSYNC
        Interrupt generated: False
        Interrupt mode: NONE
        Drive mode: CMOS_OUT
        VTrip: EITHER
        Slew: FAST
        Input Sync needed: False
        Output Sync needed: False
        SC shield enabled: False
        POR State: ANY
        LCD Mode: COMMON
        Register Mode: RegComb
        CaSense Mode: NEITHER
        Treat as pin: False
        Is OE Registered: False
        Uses Analog: False
        Can contain Digital: True
        Is SIO: False
        SIO Output Buf: NONREGULATED
        SIO Input Buf: SINGLE_ENDED
        SIO HiFreq: LOW
        SIO Hyst: DISABLED
        SIO Vtrip: MULTIPLIER_0_5
        SIO Multiplier Index: 0
        SIO RefSel: VCC_IO
        Required Capabilities: DIGITAL
        Initial Value: 0
        IO Voltage: 0
    PORT MAP (
        pa_out => \LCD_Char:LCDPort(6)\__PA ,
        pad => \LCD_Char:LCDPort(6)_PAD\ );
    Properties:
    {
    }

Port 3 contains the following IO cells:
[IoId=0]: 
Pin : Name = compOut(0)
    Attributes:
        In Group/Port: True
        In Sync Option: AUTO
        Out Sync Option: NOSYNC
        Interrupt generated: False
        Interrupt mode: NONE
        Drive mode: CMOS_OUT
        VTrip: EITHER
        Slew: FAST
        Input Sync needed: False
        Output Sync needed: False
        SC shield enabled: False
        POR State: ANY
        LCD Mode: COMMON
        Register Mode: RegComb
        CaSense Mode: NEITHER
        Treat as pin: True
        Is OE Registered: False
        Uses Analog: False
        Can contain Digital: True
        Is SIO: False
        SIO Output Buf: NONREGULATED
        SIO Input Buf: SINGLE_ENDED
        SIO HiFreq: LOW
        SIO Hyst: DISABLED
        SIO Vtrip: MULTIPLIER_0_5
        SIO Multiplier Index: 0
        SIO RefSel: VCC_IO
        Required Capabilities: DIGITAL, ROUTABLE
        Initial Value: 0
        IO Voltage: 0
    PORT MAP (
        pa_out => compOut(0)__PA ,
        pin_input => Net_11 ,
        pad => compOut(0)_PAD );
    Properties:
    {
    }

Port 12 contains the following IO cells:
Port 15 contains the following IO cells:
ARM group 0: empty
CAN group 0: empty
Cache group 0: empty
CapSense group 0: empty
Clock group 0: 
    Clock Block @ F(Clock,0): 
    clockblockcell: Name =ClockBlock
        PORT MAP (
            imo => ClockBlock_IMO ,
            pllout => ClockBlock_PLL_OUT ,
            ilo => ClockBlock_ILO ,
            clk_100k => ClockBlock_100k ,
            clk_1k => ClockBlock_1k ,
            clk_32k => ClockBlock_32k ,
            xtal => ClockBlock_XTAL ,
            clk_32k_xtal => ClockBlock_XTAL_32KHZ ,
            clk_sync => ClockBlock_MASTER_CLK ,
            clk_bus_glb => ClockBlock_BUS_CLK ,
            clk_bus => ClockBlock_BUS_CLK_local ,
            dclk_glb_0 => Net_4 ,
            dclk_0 => Net_4_local ,
            dclk_glb_1 => Net_12 ,
            dclk_1 => Net_12_local );
        Properties:
        {
        }
Comparator group 0: 
    Comparator Block @ F(Comparator,3): 
    comparatorcell: Name =\HighF_Comparator:ctComp\
        PORT MAP (
            vplus => Net_68 ,
            vminus => Net_26 ,
            out => Net_11 );
        Properties:
        {
            cy_registers = ""
        }
DFB group 0: empty
DSM group 0: empty
Decimator group 0: empty
EMIF group 0: empty
I2C group 0: empty
LCD group 0: empty
LVD group 0: empty
PICU group 0: empty
PM group 0: empty
SC group 0: empty
SPC group 0: empty
Timer group 0: 
    Timer Block @ F(Timer,0): 
    timercell: Name =\Timer:TimerHW\
        PORT MAP (
            clock => Net_12 ,
            enable => __ONE__ ,
            tc => Net_70 ,
            cmp => \Timer:Net_261\ ,
            irq => \Timer:Net_57\ );
        Properties:
        {
            cy_registers = ""
        }
USB group 0: empty
VIDAC group 0: empty
OpAmp group 0: empty
CsAbuf group 0: empty
Vref group 0: 
    Vref Block @ F(Vref,1): 
    vrefcell: Name =vRef_1
        PORT MAP (
            vout => Net_26 );
        Properties:
        {
            autoenable = 1
            guid = "4720866E-BC14-478d-B8A0-3E44F38CADAC"
            ignoresleep = 0
            name = "Vdda/2"
        }
LPF group 0: empty
SAR group 0: empty
ANAIF group 0: empty
PHUB group 0: empty
</CYPRESSTAG>
<CYPRESSTAG name="Port Configuration Details">

------------------------------------------------------------
Port Configuration report
------------------------------------------------------------
     |     |       | Interrupt |                  |                       | 
Port | Pin | Fixed |      Type |       Drive Mode |                  Name | Connections
-----+-----+-------+-----------+------------------+-----------------------+---------------
   1 |   6 |     * |      NONE |      HI_Z_ANALOG | HighF_HydrophoneIn(0) | Analog(Net_68)
-----+-----+-------+-----------+------------------+-----------------------+---------------
   2 |   0 |     * |      NONE |         CMOS_OUT | \LCD_Char:LCDPort(0)\ | 
     |   1 |     * |      NONE |         CMOS_OUT | \LCD_Char:LCDPort(1)\ | 
     |   2 |     * |      NONE |         CMOS_OUT | \LCD_Char:LCDPort(2)\ | 
     |   3 |     * |      NONE |         CMOS_OUT | \LCD_Char:LCDPort(3)\ | 
     |   4 |     * |      NONE |         CMOS_OUT | \LCD_Char:LCDPort(4)\ | 
     |   5 |     * |      NONE |         CMOS_OUT | \LCD_Char:LCDPort(5)\ | 
     |   6 |     * |      NONE |         CMOS_OUT | \LCD_Char:LCDPort(6)\ | 
-----+-----+-------+-----------+------------------+-----------------------+---------------
   3 |   0 |     * |      NONE |         CMOS_OUT |            compOut(0) | In(Net_11)
------------------------------------------------------------------------------------------
</CYPRESSTAG>
</CYPRESSTAG>
</CYPRESSTAG>
Digital component placer commit/Report: Elapsed time ==> 0s.024ms
Digital Placement phase: Elapsed time ==> 1s.133ms
</CYPRESSTAG>
<CYPRESSTAG name="Digital Routing">
"C:\Program Files (x86)\Cypress\PSoC Creator\4.1\PSoC Creator\bin/sjrouter.exe" --xml-path "C:\Program Files (x86)\Cypress\PSoC Creator\4.1\PSoC Creator\dev\psoc5/psoc5lp/route_arch-rrg.cydata" --vh2-path "RxV2_r.vh2" --pcf-path "RxV2.pco" --des-name "RxV2" --dsf-path "RxV2.dsf" --sdc-path "RxV2.sdc" --lib-path "RxV2_r.lib"
Routing successful.
Digital Routing phase: Elapsed time ==> 1s.567ms
</CYPRESSTAG>
<CYPRESSTAG name="Bitstream Generation">
Bitstream Generation phase: Elapsed time ==> 0s.255ms
</CYPRESSTAG>
<CYPRESSTAG name="Bitstream Verification">
Bitstream Verification phase: Elapsed time ==> 0s.056ms
</CYPRESSTAG>
<CYPRESSTAG name="Static timing analysis">
Timing report is in RxV2_timing.html.
Static timing analysis phase: Elapsed time ==> 0s.471ms
</CYPRESSTAG>
<CYPRESSTAG name="Data reporting">
Data reporting phase: Elapsed time ==> 0s.000ms
</CYPRESSTAG>
<CYPRESSTAG name="Database update...">
Design database save phase: Elapsed time ==> 0s.209ms
</CYPRESSTAG>
cydsfit: Elapsed time ==> 5s.078ms
</CYPRESSTAG>
Fitter phase: Elapsed time ==> 5s.079ms
API generation phase: Elapsed time ==> 1s.536ms
Dependency generation phase: Elapsed time ==> 0s.025ms
Cleanup phase: Elapsed time ==> 0s.002ms
