ARM GAS  C:\Users\sdysart\AppData\Local\Temp\ccc5FkkQ.s 			page 1


   1              		.syntax unified
   2              		.cpu cortex-m3
   3              		.fpu softvfp
   4              		.eabi_attribute 20, 1
   5              		.eabi_attribute 21, 1
   6              		.eabi_attribute 23, 3
   7              		.eabi_attribute 24, 1
   8              		.eabi_attribute 25, 1
   9              		.eabi_attribute 26, 1
  10              		.eabi_attribute 30, 1
  11              		.eabi_attribute 34, 1
  12              		.eabi_attribute 18, 4
  13              		.thumb
  14              		.syntax unified
  15              		.file	"cymetadata.c"
  16              		.text
  17              	.Ltext0:
  18              		.cfi_sections	.debug_frame
  19              		.global	cy_metadata
  20              		.global	cy_meta_flashprotect
  21              		.global	cy_meta_wonvl
  22              		.global	cy_meta_custnvl
  23              		.global	cy_meta_configecc
  24              		.section	.cyconfigecc,"a",%progbits
  25              		.align	2
  26              		.type	cy_meta_configecc, %object
  27              		.size	cy_meta_configecc, 1016
  28              	cy_meta_configecc:
  29 0000 03       		.byte	3
  30 0001 52       		.byte	82
  31 0002 00       		.byte	0
  32 0003 40       		.byte	64
  33 0004 01       		.byte	1
  34 0005 64       		.byte	100
  35 0006 00       		.byte	0
  36 0007 40       		.byte	64
  37 0008 02       		.byte	2
  38 0009 65       		.byte	101
  39 000a 00       		.byte	0
  40 000b 40       		.byte	64
  41 000c 60       		.byte	96
  42 000d 08       		.byte	8
  43 000e 01       		.byte	1
  44 000f 40       		.byte	64
  45 0010 38       		.byte	56
  46 0011 09       		.byte	9
  47 0012 01       		.byte	1
  48 0013 40       		.byte	64
  49 0014 01       		.byte	1
  50 0015 17       		.byte	23
  51 0016 01       		.byte	1
  52 0017 40       		.byte	64
  53 0018 40       		.byte	64
  54 0019 18       		.byte	24
  55 001a 01       		.byte	1
  56 001b 40       		.byte	64
  57 001c 3C       		.byte	60
ARM GAS  C:\Users\sdysart\AppData\Local\Temp\ccc5FkkQ.s 			page 2


  58 001d 19       		.byte	25
  59 001e 01       		.byte	1
  60 001f 40       		.byte	64
  61 0020 09       		.byte	9
  62 0021 1A       		.byte	26
  63 0022 01       		.byte	1
  64 0023 40       		.byte	64
  65 0024 49       		.byte	73
  66 0025 1B       		.byte	27
  67 0026 01       		.byte	1
  68 0027 40       		.byte	64
  69 0028 02       		.byte	2
  70 0029 40       		.byte	64
  71 002a 01       		.byte	1
  72 002b 40       		.byte	64
  73 002c 01       		.byte	1
  74 002d 41       		.byte	65
  75 002e 01       		.byte	1
  76 002f 40       		.byte	64
  77 0030 01       		.byte	1
  78 0031 42       		.byte	66
  79 0032 01       		.byte	1
  80 0033 40       		.byte	64
  81 0034 01       		.byte	1
  82 0035 43       		.byte	67
  83 0036 01       		.byte	1
  84 0037 40       		.byte	64
  85 0038 03       		.byte	3
  86 0039 48       		.byte	72
  87 003a 01       		.byte	1
  88 003b 40       		.byte	64
  89 003c 0B       		.byte	11
  90 003d 4C       		.byte	76
  91 003e 01       		.byte	1
  92 003f 40       		.byte	64
  93 0040 03       		.byte	3
  94 0041 4D       		.byte	77
  95 0042 01       		.byte	1
  96 0043 40       		.byte	64
  97 0044 08       		.byte	8
  98 0045 50       		.byte	80
  99 0046 01       		.byte	1
 100 0047 40       		.byte	64
 101 0048 01       		.byte	1
 102 0049 51       		.byte	81
 103 004a 01       		.byte	1
 104 004b 40       		.byte	64
 105 004c 08       		.byte	8
 106 004d 10       		.byte	16
 107 004e 09       		.byte	9
 108 004f 50       		.byte	80
 109 0050 0C       		.byte	12
 110 0051 04       		.byte	4
 111 0052 88       		.byte	-120
 112 0053 0F       		.byte	15
 113 0054 88       		.byte	-120
 114 0055 38       		.byte	56
ARM GAS  C:\Users\sdysart\AppData\Local\Temp\ccc5FkkQ.s 			page 3


 115 0056 8A       		.byte	-118
 116 0057 72       		.byte	114
 117 0058 04       		.byte	4
 118 0059 06       		.byte	6
 119 005a 05       		.byte	5
 120 005b 10       		.byte	16
 121 005c 06       		.byte	6
 122 005d 09       		.byte	9
 123 005e 07       		.byte	7
 124 005f 0C       		.byte	12
 125 0060 0A       		.byte	10
 126 0061 09       		.byte	9
 127 0062 0E       		.byte	14
 128 0063 06       		.byte	6
 129 0064 11       		.byte	17
 130 0065 09       		.byte	9
 131 0066 13       		.byte	19
 132 0067 10       		.byte	16
 133 0068 15       		.byte	21
 134 0069 1C       		.byte	28
 135 006a 16       		.byte	22
 136 006b 02       		.byte	2
 137 006c 17       		.byte	23
 138 006d 02       		.byte	2
 139 006e 1A       		.byte	26
 140 006f 08       		.byte	8
 141 0070 1B       		.byte	27
 142 0071 03       		.byte	3
 143 0072 20       		.byte	32
 144 0073 08       		.byte	8
 145 0074 21       		.byte	33
 146 0075 0C       		.byte	12
 147 0076 22       		.byte	34
 148 0077 03       		.byte	3
 149 0078 23       		.byte	35
 150 0079 11       		.byte	17
 151 007a 25       		.byte	37
 152 007b 20       		.byte	32
 153 007c 28       		.byte	40
 154 007d 08       		.byte	8
 155 007e 29       		.byte	41
 156 007f 10       		.byte	16
 157 0080 2A       		.byte	42
 158 0081 05       		.byte	5
 159 0082 2D       		.byte	45
 160 0083 14       		.byte	20
 161 0084 30       		.byte	48
 162 0085 08       		.byte	8
 163 0086 33       		.byte	51
 164 0087 1F       		.byte	31
 165 0088 35       		.byte	53
 166 0089 20       		.byte	32
 167 008a 36       		.byte	54
 168 008b 07       		.byte	7
 169 008c 3A       		.byte	58
 170 008d 80       		.byte	-128
 171 008e 3E       		.byte	62
ARM GAS  C:\Users\sdysart\AppData\Local\Temp\ccc5FkkQ.s 			page 4


 172 008f 01       		.byte	1
 173 0090 3F       		.byte	63
 174 0091 10       		.byte	16
 175 0092 40       		.byte	64
 176 0093 26       		.byte	38
 177 0094 41       		.byte	65
 178 0095 04       		.byte	4
 179 0096 45       		.byte	69
 180 0097 0C       		.byte	12
 181 0098 46       		.byte	70
 182 0099 C0       		.byte	-64
 183 009a 47       		.byte	71
 184 009b BE       		.byte	-66
 185 009c 48       		.byte	72
 186 009d 39       		.byte	57
 187 009e 49       		.byte	73
 188 009f FF       		.byte	-1
 189 00a0 4A       		.byte	74
 190 00a1 FF       		.byte	-1
 191 00a2 4B       		.byte	75
 192 00a3 FF       		.byte	-1
 193 00a4 4E       		.byte	78
 194 00a5 F0       		.byte	-16
 195 00a6 4F       		.byte	79
 196 00a7 44       		.byte	68
 197 00a8 50       		.byte	80
 198 00a9 0C       		.byte	12
 199 00aa 54       		.byte	84
 200 00ab 01       		.byte	1
 201 00ac 58       		.byte	88
 202 00ad 04       		.byte	4
 203 00ae 59       		.byte	89
 204 00af 04       		.byte	4
 205 00b0 5A       		.byte	90
 206 00b1 04       		.byte	4
 207 00b2 5B       		.byte	91
 208 00b3 04       		.byte	4
 209 00b4 5F       		.byte	95
 210 00b5 01       		.byte	1
 211 00b6 66       		.byte	102
 212 00b7 C0       		.byte	-64
 213 00b8 6A       		.byte	106
 214 00b9 40       		.byte	64
 215 00ba 6B       		.byte	107
 216 00bb 02       		.byte	2
 217 00bc 80       		.byte	-128
 218 00bd 01       		.byte	1
 219 00be 82       		.byte	-126
 220 00bf 0E       		.byte	14
 221 00c0 87       		.byte	-121
 222 00c1 2D       		.byte	45
 223 00c2 88       		.byte	-120
 224 00c3 0C       		.byte	12
 225 00c4 89       		.byte	-119
 226 00c5 03       		.byte	3
 227 00c6 8A       		.byte	-118
 228 00c7 03       		.byte	3
ARM GAS  C:\Users\sdysart\AppData\Local\Temp\ccc5FkkQ.s 			page 5


 229 00c8 8B       		.byte	-117
 230 00c9 04       		.byte	4
 231 00ca 8E       		.byte	-114
 232 00cb 0C       		.byte	12
 233 00cc 93       		.byte	-109
 234 00cd 10       		.byte	16
 235 00ce 95       		.byte	-107
 236 00cf 03       		.byte	3
 237 00d0 97       		.byte	-105
 238 00d1 08       		.byte	8
 239 00d2 98       		.byte	-104
 240 00d3 01       		.byte	1
 241 00d4 99       		.byte	-103
 242 00d5 63       		.byte	99
 243 00d6 9A       		.byte	-102
 244 00d7 06       		.byte	6
 245 00d8 9B       		.byte	-101
 246 00d9 1C       		.byte	28
 247 00da A1       		.byte	-95
 248 00db 63       		.byte	99
 249 00dc A3       		.byte	-93
 250 00dd 0C       		.byte	12
 251 00de A5       		.byte	-91
 252 00df 52       		.byte	82
 253 00e0 A6       		.byte	-90
 254 00e1 08       		.byte	8
 255 00e2 A7       		.byte	-89
 256 00e3 0C       		.byte	12
 257 00e4 AA       		.byte	-86
 258 00e5 03       		.byte	3
 259 00e6 B2       		.byte	-78
 260 00e7 0F       		.byte	15
 261 00e8 B3       		.byte	-77
 262 00e9 60       		.byte	96
 263 00ea B5       		.byte	-75
 264 00eb 1F       		.byte	31
 265 00ec B9       		.byte	-71
 266 00ed 08       		.byte	8
 267 00ee BA       		.byte	-70
 268 00ef 08       		.byte	8
 269 00f0 BB       		.byte	-69
 270 00f1 20       		.byte	32
 271 00f2 BF       		.byte	-65
 272 00f3 04       		.byte	4
 273 00f4 C0       		.byte	-64
 274 00f5 03       		.byte	3
 275 00f6 C5       		.byte	-59
 276 00f7 04       		.byte	4
 277 00f8 C9       		.byte	-55
 278 00f9 FF       		.byte	-1
 279 00fa CA       		.byte	-54
 280 00fb 07       		.byte	7
 281 00fc CB       		.byte	-53
 282 00fd FF       		.byte	-1
 283 00fe CC       		.byte	-52
 284 00ff 40       		.byte	64
 285 0100 CD       		.byte	-51
ARM GAS  C:\Users\sdysart\AppData\Local\Temp\ccc5FkkQ.s 			page 6


 286 0101 20       		.byte	32
 287 0102 CE       		.byte	-50
 288 0103 F0       		.byte	-16
 289 0104 CF       		.byte	-49
 290 0105 05       		.byte	5
 291 0106 D0       		.byte	-48
 292 0107 08       		.byte	8
 293 0108 D8       		.byte	-40
 294 0109 04       		.byte	4
 295 010a D9       		.byte	-39
 296 010b 04       		.byte	4
 297 010c DA       		.byte	-38
 298 010d 04       		.byte	4
 299 010e DF       		.byte	-33
 300 010f 01       		.byte	1
 301 0110 E0       		.byte	-32
 302 0111 40       		.byte	64
 303 0112 E1       		.byte	-31
 304 0113 A8       		.byte	-88
 305 0114 E2       		.byte	-30
 306 0115 40       		.byte	64
 307 0116 E3       		.byte	-29
 308 0117 20       		.byte	32
 309 0118 02       		.byte	2
 310 0119 03       		.byte	3
 311 011a 03       		.byte	3
 312 011b 88       		.byte	-120
 313 011c 05       		.byte	5
 314 011d 04       		.byte	4
 315 011e 06       		.byte	6
 316 011f 05       		.byte	5
 317 0120 09       		.byte	9
 318 0121 20       		.byte	32
 319 0122 0E       		.byte	14
 320 0123 20       		.byte	32
 321 0124 0F       		.byte	15
 322 0125 08       		.byte	8
 323 0126 10       		.byte	16
 324 0127 20       		.byte	32
 325 0128 12       		.byte	18
 326 0129 04       		.byte	4
 327 012a 14       		.byte	20
 328 012b 40       		.byte	64
 329 012c 15       		.byte	21
 330 012d 20       		.byte	32
 331 012e 19       		.byte	25
 332 012f 04       		.byte	4
 333 0130 1B       		.byte	27
 334 0131 08       		.byte	8
 335 0132 1E       		.byte	30
 336 0133 40       		.byte	64
 337 0134 1F       		.byte	31
 338 0135 80       		.byte	-128
 339 0136 21       		.byte	33
 340 0137 34       		.byte	52
 341 0138 23       		.byte	35
 342 0139 04       		.byte	4
ARM GAS  C:\Users\sdysart\AppData\Local\Temp\ccc5FkkQ.s 			page 7


 343 013a 27       		.byte	39
 344 013b 38       		.byte	56
 345 013c 28       		.byte	40
 346 013d 40       		.byte	64
 347 013e 29       		.byte	41
 348 013f 04       		.byte	4
 349 0140 2B       		.byte	43
 350 0141 80       		.byte	-128
 351 0142 2E       		.byte	46
 352 0143 08       		.byte	8
 353 0144 2F       		.byte	47
 354 0145 86       		.byte	-122
 355 0146 31       		.byte	49
 356 0147 20       		.byte	32
 357 0148 32       		.byte	50
 358 0149 0A       		.byte	10
 359 014a 35       		.byte	53
 360 014b 04       		.byte	4
 361 014c 36       		.byte	54
 362 014d 02       		.byte	2
 363 014e 37       		.byte	55
 364 014f 20       		.byte	32
 365 0150 38       		.byte	56
 366 0151 08       		.byte	8
 367 0152 3A       		.byte	58
 368 0153 10       		.byte	16
 369 0154 3F       		.byte	63
 370 0155 04       		.byte	4
 371 0156 41       		.byte	65
 372 0157 04       		.byte	4
 373 0158 44       		.byte	68
 374 0159 40       		.byte	64
 375 015a 45       		.byte	69
 376 015b 20       		.byte	32
 377 015c 48       		.byte	72
 378 015d 20       		.byte	32
 379 015e 4A       		.byte	74
 380 015f 10       		.byte	16
 381 0160 4B       		.byte	75
 382 0161 08       		.byte	8
 383 0162 4C       		.byte	76
 384 0163 04       		.byte	4
 385 0164 4D       		.byte	77
 386 0165 10       		.byte	16
 387 0166 4F       		.byte	79
 388 0167 08       		.byte	8
 389 0168 50       		.byte	80
 390 0169 04       		.byte	4
 391 016a 52       		.byte	82
 392 016b 04       		.byte	4
 393 016c 56       		.byte	86
 394 016d 18       		.byte	24
 395 016e 57       		.byte	87
 396 016f 12       		.byte	18
 397 0170 5E       		.byte	94
 398 0171 40       		.byte	64
 399 0172 5F       		.byte	95
ARM GAS  C:\Users\sdysart\AppData\Local\Temp\ccc5FkkQ.s 			page 8


 400 0173 1A       		.byte	26
 401 0174 63       		.byte	99
 402 0175 30       		.byte	48
 403 0176 C0       		.byte	-64
 404 0177 EB       		.byte	-21
 405 0178 C2       		.byte	-62
 406 0179 62       		.byte	98
 407 017a C4       		.byte	-60
 408 017b 56       		.byte	86
 409 017c CA       		.byte	-54
 410 017d F3       		.byte	-13
 411 017e CC       		.byte	-52
 412 017f E7       		.byte	-25
 413 0180 CE       		.byte	-50
 414 0181 46       		.byte	70
 415 0182 D0       		.byte	-48
 416 0183 A2       		.byte	-94
 417 0184 D2       		.byte	-46
 418 0185 20       		.byte	32
 419 0186 D6       		.byte	-42
 420 0187 F0       		.byte	-16
 421 0188 E6       		.byte	-26
 422 0189 08       		.byte	8
 423 018a 05       		.byte	5
 424 018b 02       		.byte	2
 425 018c 08       		.byte	8
 426 018d 01       		.byte	1
 427 018e 0B       		.byte	11
 428 018f 01       		.byte	1
 429 0190 0E       		.byte	14
 430 0191 01       		.byte	1
 431 0192 10       		.byte	16
 432 0193 01       		.byte	1
 433 0194 16       		.byte	22
 434 0195 01       		.byte	1
 435 0196 17       		.byte	23
 436 0197 02       		.byte	2
 437 0198 1A       		.byte	26
 438 0199 02       		.byte	2
 439 019a 1B       		.byte	27
 440 019b 01       		.byte	1
 441 019c 1E       		.byte	30
 442 019d 02       		.byte	2
 443 019e 21       		.byte	33
 444 019f 02       		.byte	2
 445 01a0 28       		.byte	40
 446 01a1 04       		.byte	4
 447 01a2 29       		.byte	41
 448 01a3 04       		.byte	4
 449 01a4 31       		.byte	49
 450 01a5 06       		.byte	6
 451 01a6 32       		.byte	50
 452 01a7 02       		.byte	2
 453 01a8 34       		.byte	52
 454 01a9 04       		.byte	4
 455 01aa 35       		.byte	53
 456 01ab 01       		.byte	1
ARM GAS  C:\Users\sdysart\AppData\Local\Temp\ccc5FkkQ.s 			page 9


 457 01ac 36       		.byte	54
 458 01ad 01       		.byte	1
 459 01ae 38       		.byte	56
 460 01af 80       		.byte	-128
 461 01b0 39       		.byte	57
 462 01b1 02       		.byte	2
 463 01b2 3E       		.byte	62
 464 01b3 14       		.byte	20
 465 01b4 3F       		.byte	63
 466 01b5 10       		.byte	16
 467 01b6 54       		.byte	84
 468 01b7 18       		.byte	24
 469 01b8 56       		.byte	86
 470 01b9 04       		.byte	4
 471 01ba 58       		.byte	88
 472 01bb 04       		.byte	4
 473 01bc 59       		.byte	89
 474 01bd 04       		.byte	4
 475 01be 5B       		.byte	91
 476 01bf 04       		.byte	4
 477 01c0 5F       		.byte	95
 478 01c1 01       		.byte	1
 479 01c2 80       		.byte	-128
 480 01c3 13       		.byte	19
 481 01c4 81       		.byte	-127
 482 01c5 61       		.byte	97
 483 01c6 82       		.byte	-126
 484 01c7 0C       		.byte	12
 485 01c8 83       		.byte	-125
 486 01c9 06       		.byte	6
 487 01ca 84       		.byte	-124
 488 01cb 0F       		.byte	15
 489 01cc 85       		.byte	-123
 490 01cd 2A       		.byte	42
 491 01ce 86       		.byte	-122
 492 01cf 10       		.byte	16
 493 01d0 87       		.byte	-121
 494 01d1 11       		.byte	17
 495 01d2 88       		.byte	-120
 496 01d3 1F       		.byte	31
 497 01d4 89       		.byte	-119
 498 01d5 54       		.byte	84
 499 01d6 8B       		.byte	-117
 500 01d7 09       		.byte	9
 501 01d8 8C       		.byte	-116
 502 01d9 0C       		.byte	12
 503 01da 8E       		.byte	-114
 504 01db 13       		.byte	19
 505 01dc 8F       		.byte	-113
 506 01dd 60       		.byte	96
 507 01de 92       		.byte	-110
 508 01df 13       		.byte	19
 509 01e0 94       		.byte	-108
 510 01e1 0C       		.byte	12
 511 01e2 95       		.byte	-107
 512 01e3 1F       		.byte	31
 513 01e4 99       		.byte	-103
ARM GAS  C:\Users\sdysart\AppData\Local\Temp\ccc5FkkQ.s 			page 10


 514 01e5 1F       		.byte	31
 515 01e6 9C       		.byte	-100
 516 01e7 03       		.byte	3
 517 01e8 A0       		.byte	-96
 518 01e9 08       		.byte	8
 519 01ea A1       		.byte	-95
 520 01eb 60       		.byte	96
 521 01ec A4       		.byte	-92
 522 01ed 04       		.byte	4
 523 01ee A7       		.byte	-89
 524 01ef 60       		.byte	96
 525 01f0 A8       		.byte	-88
 526 01f1 02       		.byte	2
 527 01f2 A9       		.byte	-87
 528 01f3 60       		.byte	96
 529 01f4 AC       		.byte	-84
 530 01f5 01       		.byte	1
 531 01f6 AF       		.byte	-81
 532 01f7 60       		.byte	96
 533 01f8 B0       		.byte	-80
 534 01f9 0F       		.byte	15
 535 01fa B1       		.byte	-79
 536 01fb 07       		.byte	7
 537 01fc B3       		.byte	-77
 538 01fd 18       		.byte	24
 539 01fe B4       		.byte	-76
 540 01ff 1C       		.byte	28
 541 0200 B7       		.byte	-73
 542 0201 60       		.byte	96
 543 0202 BA       		.byte	-70
 544 0203 22       		.byte	34
 545 0204 D8       		.byte	-40
 546 0205 04       		.byte	4
 547 0206 D9       		.byte	-39
 548 0207 04       		.byte	4
 549 0208 DF       		.byte	-33
 550 0209 01       		.byte	1
 551 020a 00       		.byte	0
 552 020b 04       		.byte	4
 553 020c 01       		.byte	1
 554 020d 22       		.byte	34
 555 020e 03       		.byte	3
 556 020f 03       		.byte	3
 557 0210 05       		.byte	5
 558 0211 10       		.byte	16
 559 0212 07       		.byte	7
 560 0213 01       		.byte	1
 561 0214 09       		.byte	9
 562 0215 08       		.byte	8
 563 0216 0A       		.byte	10
 564 0217 02       		.byte	2
 565 0218 0B       		.byte	11
 566 0219 80       		.byte	-128
 567 021a 0D       		.byte	13
 568 021b 10       		.byte	16
 569 021c 0E       		.byte	14
 570 021d 42       		.byte	66
ARM GAS  C:\Users\sdysart\AppData\Local\Temp\ccc5FkkQ.s 			page 11


 571 021e 0F       		.byte	15
 572 021f 20       		.byte	32
 573 0220 10       		.byte	16
 574 0221 82       		.byte	-126
 575 0222 13       		.byte	19
 576 0223 18       		.byte	24
 577 0224 17       		.byte	23
 578 0225 10       		.byte	16
 579 0226 18       		.byte	24
 580 0227 04       		.byte	4
 581 0228 19       		.byte	25
 582 0229 03       		.byte	3
 583 022a 1A       		.byte	26
 584 022b 40       		.byte	64
 585 022c 1B       		.byte	27
 586 022d 10       		.byte	16
 587 022e 1E       		.byte	30
 588 022f 02       		.byte	2
 589 0230 1F       		.byte	31
 590 0231 24       		.byte	36
 591 0232 21       		.byte	33
 592 0233 01       		.byte	1
 593 0234 22       		.byte	34
 594 0235 01       		.byte	1
 595 0236 23       		.byte	35
 596 0237 11       		.byte	17
 597 0238 25       		.byte	37
 598 0239 10       		.byte	16
 599 023a 26       		.byte	38
 600 023b 02       		.byte	2
 601 023c 29       		.byte	41
 602 023d 31       		.byte	49
 603 023e 2B       		.byte	43
 604 023f 12       		.byte	18
 605 0240 2D       		.byte	45
 606 0241 10       		.byte	16
 607 0242 2F       		.byte	47
 608 0243 80       		.byte	-128
 609 0244 30       		.byte	48
 610 0245 28       		.byte	40
 611 0246 35       		.byte	53
 612 0247 04       		.byte	4
 613 0248 37       		.byte	55
 614 0249 20       		.byte	32
 615 024a 38       		.byte	56
 616 024b 40       		.byte	64
 617 024c 39       		.byte	57
 618 024d 0A       		.byte	10
 619 024e 3B       		.byte	59
 620 024f 90       		.byte	-112
 621 0250 3C       		.byte	60
 622 0251 20       		.byte	32
 623 0252 3F       		.byte	63
 624 0253 04       		.byte	4
 625 0254 5F       		.byte	95
 626 0255 01       		.byte	1
 627 0256 66       		.byte	102
ARM GAS  C:\Users\sdysart\AppData\Local\Temp\ccc5FkkQ.s 			page 12


 628 0257 82       		.byte	-126
 629 0258 67       		.byte	103
 630 0259 08       		.byte	8
 631 025a 84       		.byte	-124
 632 025b 10       		.byte	16
 633 025c 86       		.byte	-122
 634 025d 02       		.byte	2
 635 025e 91       		.byte	-111
 636 025f 10       		.byte	16
 637 0260 93       		.byte	-109
 638 0261 04       		.byte	4
 639 0262 99       		.byte	-103
 640 0263 04       		.byte	4
 641 0264 9B       		.byte	-101
 642 0265 10       		.byte	16
 643 0266 A3       		.byte	-93
 644 0267 80       		.byte	-128
 645 0268 A6       		.byte	-90
 646 0269 02       		.byte	2
 647 026a AA       		.byte	-86
 648 026b 08       		.byte	8
 649 026c AB       		.byte	-85
 650 026d 02       		.byte	2
 651 026e B6       		.byte	-74
 652 026f 08       		.byte	8
 653 0270 C0       		.byte	-64
 654 0271 CF       		.byte	-49
 655 0272 C2       		.byte	-62
 656 0273 FD       		.byte	-3
 657 0274 C4       		.byte	-60
 658 0275 4F       		.byte	79
 659 0276 CA       		.byte	-54
 660 0277 AF       		.byte	-81
 661 0278 CC       		.byte	-52
 662 0279 66       		.byte	102
 663 027a CE       		.byte	-50
 664 027b 6F       		.byte	111
 665 027c D6       		.byte	-42
 666 027d 80       		.byte	-128
 667 027e D8       		.byte	-40
 668 027f B0       		.byte	-80
 669 0280 E0       		.byte	-32
 670 0281 08       		.byte	8
 671 0282 89       		.byte	-119
 672 0283 01       		.byte	1
 673 0284 8D       		.byte	-115
 674 0285 01       		.byte	1
 675 0286 99       		.byte	-103
 676 0287 01       		.byte	1
 677 0288 AD       		.byte	-83
 678 0289 01       		.byte	1
 679 028a B3       		.byte	-77
 680 028b 01       		.byte	1
 681 028c BB       		.byte	-69
 682 028d 20       		.byte	32
 683 028e BF       		.byte	-65
 684 028f 04       		.byte	4
ARM GAS  C:\Users\sdysart\AppData\Local\Temp\ccc5FkkQ.s 			page 13


 685 0290 D9       		.byte	-39
 686 0291 04       		.byte	4
 687 0292 DF       		.byte	-33
 688 0293 01       		.byte	1
 689 0294 00       		.byte	0
 690 0295 10       		.byte	16
 691 0296 02       		.byte	2
 692 0297 60       		.byte	96
 693 0298 03       		.byte	3
 694 0299 02       		.byte	2
 695 029a 09       		.byte	9
 696 029b 0A       		.byte	10
 697 029c 0A       		.byte	10
 698 029d 06       		.byte	6
 699 029e 10       		.byte	16
 700 029f 82       		.byte	-126
 701 02a0 13       		.byte	19
 702 02a1 18       		.byte	24
 703 02a2 18       		.byte	24
 704 02a3 01       		.byte	1
 705 02a4 1A       		.byte	26
 706 02a5 04       		.byte	4
 707 02a6 1B       		.byte	27
 708 02a7 02       		.byte	2
 709 02a8 20       		.byte	32
 710 02a9 40       		.byte	64
 711 02aa 21       		.byte	33
 712 02ab 02       		.byte	2
 713 02ac 22       		.byte	34
 714 02ad 08       		.byte	8
 715 02ae 23       		.byte	35
 716 02af 20       		.byte	32
 717 02b0 24       		.byte	36
 718 02b1 04       		.byte	4
 719 02b2 26       		.byte	38
 720 02b3 20       		.byte	32
 721 02b4 27       		.byte	39
 722 02b5 10       		.byte	16
 723 02b6 28       		.byte	40
 724 02b7 80       		.byte	-128
 725 02b8 2A       		.byte	42
 726 02b9 28       		.byte	40
 727 02ba 2B       		.byte	43
 728 02bb 02       		.byte	2
 729 02bc 2F       		.byte	47
 730 02bd 02       		.byte	2
 731 02be 30       		.byte	48
 732 02bf 80       		.byte	-128
 733 02c0 31       		.byte	49
 734 02c1 08       		.byte	8
 735 02c2 32       		.byte	50
 736 02c3 20       		.byte	32
 737 02c4 33       		.byte	51
 738 02c5 01       		.byte	1
 739 02c6 35       		.byte	53
 740 02c7 10       		.byte	16
 741 02c8 36       		.byte	54
ARM GAS  C:\Users\sdysart\AppData\Local\Temp\ccc5FkkQ.s 			page 14


 742 02c9 20       		.byte	32
 743 02ca 39       		.byte	57
 744 02cb 14       		.byte	20
 745 02cc 3A       		.byte	58
 746 02cd 40       		.byte	64
 747 02ce 3B       		.byte	59
 748 02cf 40       		.byte	64
 749 02d0 3C       		.byte	60
 750 02d1 10       		.byte	16
 751 02d2 3E       		.byte	62
 752 02d3 60       		.byte	96
 753 02d4 3F       		.byte	63
 754 02d5 60       		.byte	96
 755 02d6 40       		.byte	64
 756 02d7 85       		.byte	-123
 757 02d8 41       		.byte	65
 758 02d9 02       		.byte	2
 759 02da 48       		.byte	72
 760 02db 10       		.byte	16
 761 02dc 4A       		.byte	74
 762 02dd 08       		.byte	8
 763 02de 4B       		.byte	75
 764 02df 40       		.byte	64
 765 02e0 51       		.byte	81
 766 02e1 10       		.byte	16
 767 02e2 5B       		.byte	91
 768 02e3 10       		.byte	16
 769 02e4 68       		.byte	104
 770 02e5 28       		.byte	40
 771 02e6 69       		.byte	105
 772 02e7 14       		.byte	20
 773 02e8 6B       		.byte	107
 774 02e9 01       		.byte	1
 775 02ea 70       		.byte	112
 776 02eb 80       		.byte	-128
 777 02ec 71       		.byte	113
 778 02ed 08       		.byte	8
 779 02ee 72       		.byte	114
 780 02ef 08       		.byte	8
 781 02f0 73       		.byte	115
 782 02f1 08       		.byte	8
 783 02f2 92       		.byte	-110
 784 02f3 42       		.byte	66
 785 02f4 93       		.byte	-109
 786 02f5 10       		.byte	16
 787 02f6 94       		.byte	-108
 788 02f7 40       		.byte	64
 789 02f8 95       		.byte	-107
 790 02f9 20       		.byte	32
 791 02fa 9D       		.byte	-99
 792 02fb 10       		.byte	16
 793 02fc 9F       		.byte	-97
 794 02fd 28       		.byte	40
 795 02fe A0       		.byte	-96
 796 02ff 02       		.byte	2
 797 0300 A3       		.byte	-93
 798 0301 10       		.byte	16
ARM GAS  C:\Users\sdysart\AppData\Local\Temp\ccc5FkkQ.s 			page 15


 799 0302 A4       		.byte	-92
 800 0303 B8       		.byte	-72
 801 0304 A5       		.byte	-91
 802 0305 08       		.byte	8
 803 0306 A7       		.byte	-89
 804 0307 02       		.byte	2
 805 0308 AF       		.byte	-81
 806 0309 20       		.byte	32
 807 030a B0       		.byte	-80
 808 030b 02       		.byte	2
 809 030c B1       		.byte	-79
 810 030d 04       		.byte	4
 811 030e B5       		.byte	-75
 812 030f 10       		.byte	16
 813 0310 B6       		.byte	-74
 814 0311 80       		.byte	-128
 815 0312 C0       		.byte	-64
 816 0313 0F       		.byte	15
 817 0314 C2       		.byte	-62
 818 0315 0F       		.byte	15
 819 0316 C4       		.byte	-60
 820 0317 0F       		.byte	15
 821 0318 CA       		.byte	-54
 822 0319 1F       		.byte	31
 823 031a CC       		.byte	-52
 824 031b 2F       		.byte	47
 825 031c CE       		.byte	-50
 826 031d 3E       		.byte	62
 827 031e D0       		.byte	-48
 828 031f 0D       		.byte	13
 829 0320 D2       		.byte	-46
 830 0321 0C       		.byte	12
 831 0322 D6       		.byte	-42
 832 0323 04       		.byte	4
 833 0324 EC       		.byte	-20
 834 0325 08       		.byte	8
 835 0326 33       		.byte	51
 836 0327 80       		.byte	-128
 837 0328 CC       		.byte	-52
 838 0329 10       		.byte	16
 839 032a A7       		.byte	-89
 840 032b 80       		.byte	-128
 841 032c A7       		.byte	-89
 842 032d 80       		.byte	-128
 843 032e A7       		.byte	-89
 844 032f 80       		.byte	-128
 845 0330 87       		.byte	-121
 846 0331 80       		.byte	-128
 847 0332 A7       		.byte	-89
 848 0333 80       		.byte	-128
 849 0334 E6       		.byte	-26
 850 0335 10       		.byte	16
 851 0336 02       		.byte	2
 852 0337 08       		.byte	8
 853 0338 0C       		.byte	12
 854 0339 02       		.byte	2
 855 033a 61       		.byte	97
ARM GAS  C:\Users\sdysart\AppData\Local\Temp\ccc5FkkQ.s 			page 16


 856 033b 20       		.byte	32
 857 033c 67       		.byte	103
 858 033d 08       		.byte	8
 859 033e 85       		.byte	-123
 860 033f 20       		.byte	32
 861 0340 A4       		.byte	-92
 862 0341 02       		.byte	2
 863 0342 B4       		.byte	-76
 864 0343 02       		.byte	2
 865 0344 C0       		.byte	-64
 866 0345 02       		.byte	2
 867 0346 C2       		.byte	-62
 868 0347 04       		.byte	4
 869 0348 D8       		.byte	-40
 870 0349 03       		.byte	3
 871 034a EE       		.byte	-18
 872 034b 02       		.byte	2
 873 034c AF       		.byte	-81
 874 034d 04       		.byte	4
 875 034e B2       		.byte	-78
 876 034f 08       		.byte	8
 877 0350 EE       		.byte	-18
 878 0351 01       		.byte	1
 879 0352 00       		.byte	0
 880 0353 01       		.byte	1
 881 0354 01       		.byte	1
 882 0355 01       		.byte	1
 883 0356 0C       		.byte	12
 884 0357 01       		.byte	1
 885 0358 0D       		.byte	13
 886 0359 01       		.byte	1
 887 035a 10       		.byte	16
 888 035b 01       		.byte	1
 889 035c 11       		.byte	17
 890 035d 01       		.byte	1
 891 035e 1C       		.byte	28
 892 035f 01       		.byte	1
 893 0360 1D       		.byte	29
 894 0361 01       		.byte	1
 895 0362 00       		.byte	0
 896 0363 03       		.byte	3
 897 0364 07       		.byte	7
 898 0365 00       		.byte	0
 899 0366 18       		.byte	24
 900 0367 00       		.byte	0
 901 0368 1F       		.byte	31
 902 0369 01       		.byte	1
 903 036a 00       		.byte	0
 904 036b 00       		.byte	0
 905 036c 1C       		.byte	28
 906 036d 01       		.byte	1
 907 036e 01       		.byte	1
 908 036f 00       		.byte	0
 909 0370 1C       		.byte	28
 910 0371 02       		.byte	2
 911 0372 02       		.byte	2
 912 0373 0C       		.byte	12
ARM GAS  C:\Users\sdysart\AppData\Local\Temp\ccc5FkkQ.s 			page 17


 913 0374 00       		.byte	0
 914 0375 01       		.byte	1
 915 0376 03       		.byte	3
 916 0377 00       		.byte	0
 917 0378 18       		.byte	24
 918 0379 0C       		.byte	12
 919 037a 00       		.byte	0
 920 037b 00       		.byte	0
 921 037c 00       		.byte	0
 922 037d 0E       		.byte	14
 923 037e 04       		.byte	4
 924 037f 00       		.byte	0
 925 0380 00       		.byte	0
 926 0381 08       		.byte	8
 927 0382 20       		.byte	32
 928 0383 00       		.byte	0
 929 0384 10       		.byte	16
 930 0385 00       		.byte	0
 931 0386 00       		.byte	0
 932 0387 02       		.byte	2
 933 0388 08       		.byte	8
 934 0389 04       		.byte	4
 935 038a 00       		.byte	0
 936 038b 00       		.byte	0
 937 038c 00       		.byte	0
 938 038d 0C       		.byte	12
 939 038e 40       		.byte	64
 940 038f 02       		.byte	2
 941 0390 04       		.byte	4
 942 0391 0E       		.byte	14
 943 0392 C0       		.byte	-64
 944 0393 00       		.byte	0
 945 0394 1F       		.byte	31
 946 0395 01       		.byte	1
 947 0396 00       		.byte	0
 948 0397 0E       		.byte	14
 949 0398 80       		.byte	-128
 950 0399 00       		.byte	0
 951 039a 60       		.byte	96
 952 039b 00       		.byte	0
 953 039c 00       		.byte	0
 954 039d 00       		.byte	0
 955 039e 02       		.byte	2
 956 039f 00       		.byte	0
 957 03a0 00       		.byte	0
 958 03a1 00       		.byte	0
 959 03a2 40       		.byte	64
 960 03a3 00       		.byte	0
 961 03a4 54       		.byte	84
 962 03a5 02       		.byte	2
 963 03a6 06       		.byte	6
 964 03a7 00       		.byte	0
 965 03a8 01       		.byte	1
 966 03a9 0C       		.byte	12
 967 03aa E0       		.byte	-32
 968 03ab 00       		.byte	0
 969 03ac 09       		.byte	9
ARM GAS  C:\Users\sdysart\AppData\Local\Temp\ccc5FkkQ.s 			page 18


 970 03ad FF       		.byte	-1
 971 03ae FF       		.byte	-1
 972 03af FF       		.byte	-1
 973 03b0 62       		.byte	98
 974 03b1 A0       		.byte	-96
 975 03b2 F0       		.byte	-16
 976 03b3 41       		.byte	65
 977 03b4 0C       		.byte	12
 978 03b5 00       		.byte	0
 979 03b6 00       		.byte	0
 980 03b7 00       		.byte	0
 981 03b8 00       		.byte	0
 982 03b9 00       		.byte	0
 983 03ba 02       		.byte	2
 984 03bb 11       		.byte	17
 985 03bc 04       		.byte	4
 986 03bd 04       		.byte	4
 987 03be 04       		.byte	4
 988 03bf 04       		.byte	4
 989 03c0 00       		.byte	0
 990 03c1 00       		.byte	0
 991 03c2 00       		.byte	0
 992 03c3 01       		.byte	1
 993 03c4 00       		.byte	0
 994 03c5 00       		.byte	0
 995 03c6 00       		.byte	0
 996 03c7 00       		.byte	0
 997 03c8 00       		.byte	0
 998 03c9 00       		.byte	0
 999 03ca 40       		.byte	64
 1000 03cb 02       		.byte	2
 1001 03cc 00       		.byte	0
 1002 03cd 10       		.byte	16
 1003 03ce 30       		.byte	48
 1004 03cf 10       		.byte	16
 1005 03d0 00       		.byte	0
 1006 03d1 10       		.byte	16
 1007 03d2 10       		.byte	16
 1008 03d3 12       		.byte	18
 1009 03d4 00       		.byte	0
 1010 03d5 00       		.byte	0
 1011 03d6 00       		.byte	0
 1012 03d7 00       		.byte	0
 1013 03d8 00       		.byte	0
 1014 03d9 00       		.byte	0
 1015 03da 00       		.byte	0
 1016 03db 00       		.byte	0
 1017 03dc 00       		.byte	0
 1018 03dd 00       		.byte	0
 1019 03de 00       		.byte	0
 1020 03df 00       		.byte	0
 1021 03e0 00       		.byte	0
 1022 03e1 00       		.byte	0
 1023 03e2 00       		.byte	0
 1024 03e3 00       		.byte	0
 1025 03e4 00       		.byte	0
 1026 03e5 7F       		.byte	127
ARM GAS  C:\Users\sdysart\AppData\Local\Temp\ccc5FkkQ.s 			page 19


 1027 03e6 7F       		.byte	127
 1028 03e7 00       		.byte	0
 1029 03e8 00       		.byte	0
 1030 03e9 00       		.byte	0
 1031 03ea 00       		.byte	0
 1032 03eb 00       		.byte	0
 1033 03ec 10       		.byte	16
 1034 03ed 00       		.byte	0
 1035 03ee 24       		.byte	36
 1036 03ef 5B       		.byte	91
 1037 03f0 5B       		.byte	91
 1038 03f1 00       		.byte	0
 1039 03f2 50       		.byte	80
 1040 03f3 00       		.byte	0
 1041 03f4 00       		.byte	0
 1042 03f5 00       		.byte	0
 1043 03f6 00       		.byte	0
 1044 03f7 00       		.byte	0
 1045              		.section	.cywolatch,"a",%progbits
 1046              		.align	2
 1047              		.type	cy_meta_wonvl, %object
 1048              		.size	cy_meta_wonvl, 4
 1049              	cy_meta_wonvl:
 1050 0000 BC       		.byte	-68
 1051 0001 90       		.byte	-112
 1052 0002 AC       		.byte	-84
 1053 0003 AF       		.byte	-81
 1054              		.section	.cycustnvl,"a",%progbits
 1055              		.align	2
 1056              		.type	cy_meta_custnvl, %object
 1057              		.size	cy_meta_custnvl, 4
 1058              	cy_meta_custnvl:
 1059 0000 00       		.byte	0
 1060 0001 00       		.byte	0
 1061 0002 40       		.byte	64
 1062 0003 05       		.byte	5
 1063              		.section	.cymeta,"a",%progbits
 1064              		.align	2
 1065              		.type	cy_metadata, %object
 1066              		.size	cy_metadata, 12
 1067              	cy_metadata:
 1068 0000 00       		.byte	0
 1069 0001 01       		.byte	1
 1070 0002 2E       		.byte	46
 1071 0003 16       		.byte	22
 1072 0004 10       		.byte	16
 1073 0005 69       		.byte	105
 1074 0006 00       		.byte	0
 1075 0007 01       		.byte	1
 1076 0008 00       		.byte	0
 1077 0009 00       		.byte	0
 1078 000a 00       		.byte	0
 1079 000b 00       		.byte	0
 1080              		.section	.cyflashprotect,"a",%progbits
 1081              		.align	2
 1082              		.type	cy_meta_flashprotect, %object
 1083              		.size	cy_meta_flashprotect, 256
ARM GAS  C:\Users\sdysart\AppData\Local\Temp\ccc5FkkQ.s 			page 20


 1084              	cy_meta_flashprotect:
 1085 0000 00000000 		.space	256
 1085      00000000 
 1085      00000000 
 1085      00000000 
 1085      00000000 
 1086              		.text
 1087              	.Letext0:
 1088              		.file 1 "c:\\program files (x86)\\cypress\\psoc creator\\4.1\\psoc creator\\import\\gnu\\arm\\5.4.
 1089              		.file 2 "c:\\program files (x86)\\cypress\\psoc creator\\4.1\\psoc creator\\import\\gnu\\arm\\5.4.
 1090              		.file 3 "Generated_Source\\PSoC5\\cymetadata.c"
 1091              		.section	.debug_info,"",%progbits
 1092              	.Ldebug_info0:
 1093 0000 31010000 		.4byte	0x131
 1094 0004 0400     		.2byte	0x4
 1095 0006 00000000 		.4byte	.Ldebug_abbrev0
 1096 000a 04       		.byte	0x4
 1097 000b 01       		.uleb128 0x1
 1098 000c 67000000 		.4byte	.LASF17
 1099 0010 0C       		.byte	0xc
 1100 0011 C1010000 		.4byte	.LASF18
 1101 0015 0A000000 		.4byte	.LASF19
 1102 0019 00000000 		.4byte	.Ldebug_line0
 1103 001d 02       		.uleb128 0x2
 1104 001e 01       		.byte	0x1
 1105 001f 06       		.byte	0x6
 1106 0020 B5010000 		.4byte	.LASF0
 1107 0024 03       		.uleb128 0x3
 1108 0025 00000000 		.4byte	.LASF9
 1109 0029 01       		.byte	0x1
 1110 002a 1D       		.byte	0x1d
 1111 002b 2F000000 		.4byte	0x2f
 1112 002f 02       		.uleb128 0x2
 1113 0030 01       		.byte	0x1
 1114 0031 08       		.byte	0x8
 1115 0032 59000000 		.4byte	.LASF1
 1116 0036 02       		.uleb128 0x2
 1117 0037 02       		.byte	0x2
 1118 0038 05       		.byte	0x5
 1119 0039 A2010000 		.4byte	.LASF2
 1120 003d 02       		.uleb128 0x2
 1121 003e 02       		.byte	0x2
 1122 003f 07       		.byte	0x7
 1123 0040 07010000 		.4byte	.LASF3
 1124 0044 02       		.uleb128 0x2
 1125 0045 04       		.byte	0x4
 1126 0046 05       		.byte	0x5
 1127 0047 AC010000 		.4byte	.LASF4
 1128 004b 02       		.uleb128 0x2
 1129 004c 04       		.byte	0x4
 1130 004d 07       		.byte	0x7
 1131 004e F5000000 		.4byte	.LASF5
 1132 0052 02       		.uleb128 0x2
 1133 0053 08       		.byte	0x8
 1134 0054 05       		.byte	0x5
 1135 0055 94010000 		.4byte	.LASF6
 1136 0059 02       		.uleb128 0x2
ARM GAS  C:\Users\sdysart\AppData\Local\Temp\ccc5FkkQ.s 			page 21


 1137 005a 08       		.byte	0x8
 1138 005b 07       		.byte	0x7
 1139 005c 49010000 		.4byte	.LASF7
 1140 0060 04       		.uleb128 0x4
 1141 0061 04       		.byte	0x4
 1142 0062 05       		.byte	0x5
 1143 0063 696E7400 		.ascii	"int\000"
 1144 0067 02       		.uleb128 0x2
 1145 0068 04       		.byte	0x4
 1146 0069 07       		.byte	0x7
 1147 006a 3C010000 		.4byte	.LASF8
 1148 006e 03       		.uleb128 0x3
 1149 006f 60010000 		.4byte	.LASF10
 1150 0073 02       		.byte	0x2
 1151 0074 18       		.byte	0x18
 1152 0075 24000000 		.4byte	0x24
 1153 0079 05       		.uleb128 0x5
 1154 007a 91000000 		.4byte	0x91
 1155 007e 8A000000 		.4byte	0x8a
 1156 0082 06       		.uleb128 0x6
 1157 0083 8A000000 		.4byte	0x8a
 1158 0087 F703     		.2byte	0x3f7
 1159 0089 00       		.byte	0
 1160 008a 02       		.uleb128 0x2
 1161 008b 04       		.byte	0x4
 1162 008c 07       		.byte	0x7
 1163 008d 8B010000 		.4byte	.LASF11
 1164 0091 07       		.uleb128 0x7
 1165 0092 6E000000 		.4byte	0x6e
 1166 0096 08       		.uleb128 0x8
 1167 0097 2A010000 		.4byte	.LASF12
 1168 009b 03       		.byte	0x3
 1169 009c 1F       		.byte	0x1f
 1170 009d A7000000 		.4byte	0xa7
 1171 00a1 05       		.uleb128 0x5
 1172 00a2 03       		.byte	0x3
 1173 00a3 00000000 		.4byte	cy_meta_configecc
 1174 00a7 07       		.uleb128 0x7
 1175 00a8 79000000 		.4byte	0x79
 1176 00ac 05       		.uleb128 0x5
 1177 00ad 91000000 		.4byte	0x91
 1178 00b1 BC000000 		.4byte	0xbc
 1179 00b5 09       		.uleb128 0x9
 1180 00b6 8A000000 		.4byte	0x8a
 1181 00ba 03       		.byte	0x3
 1182 00bb 00       		.byte	0
 1183 00bc 08       		.uleb128 0x8
 1184 00bd 1A010000 		.4byte	.LASF13
 1185 00c1 03       		.byte	0x3
 1186 00c2 AB       		.byte	0xab
 1187 00c3 CD000000 		.4byte	0xcd
 1188 00c7 05       		.uleb128 0x5
 1189 00c8 03       		.byte	0x3
 1190 00c9 00000000 		.4byte	cy_meta_custnvl
 1191 00cd 07       		.uleb128 0x7
 1192 00ce AC000000 		.4byte	0xac
 1193 00d2 08       		.uleb128 0x8
ARM GAS  C:\Users\sdysart\AppData\Local\Temp\ccc5FkkQ.s 			page 22


 1194 00d3 7D010000 		.4byte	.LASF14
 1195 00d7 03       		.byte	0x3
 1196 00d8 B9       		.byte	0xb9
 1197 00d9 E3000000 		.4byte	0xe3
 1198 00dd 05       		.uleb128 0x5
 1199 00de 03       		.byte	0x3
 1200 00df 00000000 		.4byte	cy_meta_wonvl
 1201 00e3 07       		.uleb128 0x7
 1202 00e4 AC000000 		.4byte	0xac
 1203 00e8 05       		.uleb128 0x5
 1204 00e9 91000000 		.4byte	0x91
 1205 00ed F8000000 		.4byte	0xf8
 1206 00f1 09       		.uleb128 0x9
 1207 00f2 8A000000 		.4byte	0x8a
 1208 00f6 FF       		.byte	0xff
 1209 00f7 00       		.byte	0
 1210 00f8 08       		.uleb128 0x8
 1211 00f9 68010000 		.4byte	.LASF15
 1212 00fd 03       		.byte	0x3
 1213 00fe C7       		.byte	0xc7
 1214 00ff 09010000 		.4byte	0x109
 1215 0103 05       		.uleb128 0x5
 1216 0104 03       		.byte	0x3
 1217 0105 00000000 		.4byte	cy_meta_flashprotect
 1218 0109 07       		.uleb128 0x7
 1219 010a E8000000 		.4byte	0xe8
 1220 010e 05       		.uleb128 0x5
 1221 010f 91000000 		.4byte	0x91
 1222 0113 1E010000 		.4byte	0x11e
 1223 0117 09       		.uleb128 0x9
 1224 0118 8A000000 		.4byte	0x8a
 1225 011c 0B       		.byte	0xb
 1226 011d 00       		.byte	0
 1227 011e 08       		.uleb128 0x8
 1228 011f 4D000000 		.4byte	.LASF16
 1229 0123 03       		.byte	0x3
 1230 0124 F4       		.byte	0xf4
 1231 0125 2F010000 		.4byte	0x12f
 1232 0129 05       		.uleb128 0x5
 1233 012a 03       		.byte	0x3
 1234 012b 00000000 		.4byte	cy_metadata
 1235 012f 07       		.uleb128 0x7
 1236 0130 0E010000 		.4byte	0x10e
 1237 0134 00       		.byte	0
 1238              		.section	.debug_abbrev,"",%progbits
 1239              	.Ldebug_abbrev0:
 1240 0000 01       		.uleb128 0x1
 1241 0001 11       		.uleb128 0x11
 1242 0002 01       		.byte	0x1
 1243 0003 25       		.uleb128 0x25
 1244 0004 0E       		.uleb128 0xe
 1245 0005 13       		.uleb128 0x13
 1246 0006 0B       		.uleb128 0xb
 1247 0007 03       		.uleb128 0x3
 1248 0008 0E       		.uleb128 0xe
 1249 0009 1B       		.uleb128 0x1b
 1250 000a 0E       		.uleb128 0xe
ARM GAS  C:\Users\sdysart\AppData\Local\Temp\ccc5FkkQ.s 			page 23


 1251 000b 10       		.uleb128 0x10
 1252 000c 17       		.uleb128 0x17
 1253 000d 00       		.byte	0
 1254 000e 00       		.byte	0
 1255 000f 02       		.uleb128 0x2
 1256 0010 24       		.uleb128 0x24
 1257 0011 00       		.byte	0
 1258 0012 0B       		.uleb128 0xb
 1259 0013 0B       		.uleb128 0xb
 1260 0014 3E       		.uleb128 0x3e
 1261 0015 0B       		.uleb128 0xb
 1262 0016 03       		.uleb128 0x3
 1263 0017 0E       		.uleb128 0xe
 1264 0018 00       		.byte	0
 1265 0019 00       		.byte	0
 1266 001a 03       		.uleb128 0x3
 1267 001b 16       		.uleb128 0x16
 1268 001c 00       		.byte	0
 1269 001d 03       		.uleb128 0x3
 1270 001e 0E       		.uleb128 0xe
 1271 001f 3A       		.uleb128 0x3a
 1272 0020 0B       		.uleb128 0xb
 1273 0021 3B       		.uleb128 0x3b
 1274 0022 0B       		.uleb128 0xb
 1275 0023 49       		.uleb128 0x49
 1276 0024 13       		.uleb128 0x13
 1277 0025 00       		.byte	0
 1278 0026 00       		.byte	0
 1279 0027 04       		.uleb128 0x4
 1280 0028 24       		.uleb128 0x24
 1281 0029 00       		.byte	0
 1282 002a 0B       		.uleb128 0xb
 1283 002b 0B       		.uleb128 0xb
 1284 002c 3E       		.uleb128 0x3e
 1285 002d 0B       		.uleb128 0xb
 1286 002e 03       		.uleb128 0x3
 1287 002f 08       		.uleb128 0x8
 1288 0030 00       		.byte	0
 1289 0031 00       		.byte	0
 1290 0032 05       		.uleb128 0x5
 1291 0033 01       		.uleb128 0x1
 1292 0034 01       		.byte	0x1
 1293 0035 49       		.uleb128 0x49
 1294 0036 13       		.uleb128 0x13
 1295 0037 01       		.uleb128 0x1
 1296 0038 13       		.uleb128 0x13
 1297 0039 00       		.byte	0
 1298 003a 00       		.byte	0
 1299 003b 06       		.uleb128 0x6
 1300 003c 21       		.uleb128 0x21
 1301 003d 00       		.byte	0
 1302 003e 49       		.uleb128 0x49
 1303 003f 13       		.uleb128 0x13
 1304 0040 2F       		.uleb128 0x2f
 1305 0041 05       		.uleb128 0x5
 1306 0042 00       		.byte	0
 1307 0043 00       		.byte	0
ARM GAS  C:\Users\sdysart\AppData\Local\Temp\ccc5FkkQ.s 			page 24


 1308 0044 07       		.uleb128 0x7
 1309 0045 26       		.uleb128 0x26
 1310 0046 00       		.byte	0
 1311 0047 49       		.uleb128 0x49
 1312 0048 13       		.uleb128 0x13
 1313 0049 00       		.byte	0
 1314 004a 00       		.byte	0
 1315 004b 08       		.uleb128 0x8
 1316 004c 34       		.uleb128 0x34
 1317 004d 00       		.byte	0
 1318 004e 03       		.uleb128 0x3
 1319 004f 0E       		.uleb128 0xe
 1320 0050 3A       		.uleb128 0x3a
 1321 0051 0B       		.uleb128 0xb
 1322 0052 3B       		.uleb128 0x3b
 1323 0053 0B       		.uleb128 0xb
 1324 0054 49       		.uleb128 0x49
 1325 0055 13       		.uleb128 0x13
 1326 0056 3F       		.uleb128 0x3f
 1327 0057 19       		.uleb128 0x19
 1328 0058 02       		.uleb128 0x2
 1329 0059 18       		.uleb128 0x18
 1330 005a 00       		.byte	0
 1331 005b 00       		.byte	0
 1332 005c 09       		.uleb128 0x9
 1333 005d 21       		.uleb128 0x21
 1334 005e 00       		.byte	0
 1335 005f 49       		.uleb128 0x49
 1336 0060 13       		.uleb128 0x13
 1337 0061 2F       		.uleb128 0x2f
 1338 0062 0B       		.uleb128 0xb
 1339 0063 00       		.byte	0
 1340 0064 00       		.byte	0
 1341 0065 00       		.byte	0
 1342              		.section	.debug_aranges,"",%progbits
 1343 0000 14000000 		.4byte	0x14
 1344 0004 0200     		.2byte	0x2
 1345 0006 00000000 		.4byte	.Ldebug_info0
 1346 000a 04       		.byte	0x4
 1347 000b 00       		.byte	0
 1348 000c 0000     		.2byte	0
 1349 000e 0000     		.2byte	0
 1350 0010 00000000 		.4byte	0
 1351 0014 00000000 		.4byte	0
 1352              		.section	.debug_line,"",%progbits
 1353              	.Ldebug_line0:
 1354 0000 3D010000 		.section	.debug_str,"MS",%progbits,1
 1354      02003701 
 1354      00000201 
 1354      FB0E0D00 
 1354      01010101 
 1355              	.LASF9:
 1356 0000 5F5F7569 		.ascii	"__uint8_t\000"
 1356      6E74385F 
 1356      7400
 1357              	.LASF19:
 1358 000a 433A5C55 		.ascii	"C:\\Users\\sdysart\\Documents\\UACS\\UACS\\HighFreq"
ARM GAS  C:\Users\sdysart\AppData\Local\Temp\ccc5FkkQ.s 			page 25


 1358      73657273 
 1358      5C736479 
 1358      73617274 
 1358      5C446F63 
 1359 0037 46534B5C 		.ascii	"FSK\\Rx_Receiver.cydsn\000"
 1359      52785F52 
 1359      65636569 
 1359      7665722E 
 1359      63796473 
 1360              	.LASF16:
 1361 004d 63795F6D 		.ascii	"cy_metadata\000"
 1361      65746164 
 1361      61746100 
 1362              	.LASF1:
 1363 0059 756E7369 		.ascii	"unsigned char\000"
 1363      676E6564 
 1363      20636861 
 1363      7200
 1364              	.LASF17:
 1365 0067 474E5520 		.ascii	"GNU C11 5.4.1 20160609 (release) [ARM/embedded-5-br"
 1365      43313120 
 1365      352E342E 
 1365      31203230 
 1365      31363036 
 1366 009a 616E6368 		.ascii	"anch revision 237715] -mcpu=cortex-m3 -mthumb -g -O"
 1366      20726576 
 1366      6973696F 
 1366      6E203233 
 1366      37373135 
 1367 00cd 67202D66 		.ascii	"g -ffunction-sections -ffat-lto-objects\000"
 1367      66756E63 
 1367      74696F6E 
 1367      2D736563 
 1367      74696F6E 
 1368              	.LASF5:
 1369 00f5 6C6F6E67 		.ascii	"long unsigned int\000"
 1369      20756E73 
 1369      69676E65 
 1369      6420696E 
 1369      7400
 1370              	.LASF3:
 1371 0107 73686F72 		.ascii	"short unsigned int\000"
 1371      7420756E 
 1371      7369676E 
 1371      65642069 
 1371      6E7400
 1372              	.LASF13:
 1373 011a 63795F6D 		.ascii	"cy_meta_custnvl\000"
 1373      6574615F 
 1373      63757374 
 1373      6E766C00 
 1374              	.LASF12:
 1375 012a 63795F6D 		.ascii	"cy_meta_configecc\000"
 1375      6574615F 
 1375      636F6E66 
 1375      69676563 
 1375      6300
ARM GAS  C:\Users\sdysart\AppData\Local\Temp\ccc5FkkQ.s 			page 26


 1376              	.LASF8:
 1377 013c 756E7369 		.ascii	"unsigned int\000"
 1377      676E6564 
 1377      20696E74 
 1377      00
 1378              	.LASF7:
 1379 0149 6C6F6E67 		.ascii	"long long unsigned int\000"
 1379      206C6F6E 
 1379      6720756E 
 1379      7369676E 
 1379      65642069 
 1380              	.LASF10:
 1381 0160 75696E74 		.ascii	"uint8_t\000"
 1381      385F7400 
 1382              	.LASF15:
 1383 0168 63795F6D 		.ascii	"cy_meta_flashprotect\000"
 1383      6574615F 
 1383      666C6173 
 1383      6870726F 
 1383      74656374 
 1384              	.LASF14:
 1385 017d 63795F6D 		.ascii	"cy_meta_wonvl\000"
 1385      6574615F 
 1385      776F6E76 
 1385      6C00
 1386              	.LASF11:
 1387 018b 73697A65 		.ascii	"sizetype\000"
 1387      74797065 
 1387      00
 1388              	.LASF6:
 1389 0194 6C6F6E67 		.ascii	"long long int\000"
 1389      206C6F6E 
 1389      6720696E 
 1389      7400
 1390              	.LASF2:
 1391 01a2 73686F72 		.ascii	"short int\000"
 1391      7420696E 
 1391      7400
 1392              	.LASF4:
 1393 01ac 6C6F6E67 		.ascii	"long int\000"
 1393      20696E74 
 1393      00
 1394              	.LASF0:
 1395 01b5 7369676E 		.ascii	"signed char\000"
 1395      65642063 
 1395      68617200 
 1396              	.LASF18:
 1397 01c1 47656E65 		.ascii	"Generated_Source\\PSoC5\\cymetadata.c\000"
 1397      72617465 
 1397      645F536F 
 1397      75726365 
 1397      5C50536F 
 1398              		.ident	"GCC: (GNU Tools for ARM Embedded Processors) 5.4.1 20160609 (release) [ARM/embedded-5-bran
