ARM GAS  C:\Users\sdysart\AppData\Local\Temp\cc6jwMsr.s 			page 1


   1              		.syntax unified
   2              		.cpu cortex-m3
   3              		.fpu softvfp
   4              		.eabi_attribute 20, 1
   5              		.eabi_attribute 21, 1
   6              		.eabi_attribute 23, 3
   7              		.eabi_attribute 24, 1
   8              		.eabi_attribute 25, 1
   9              		.eabi_attribute 26, 1
  10              		.eabi_attribute 30, 1
  11              		.eabi_attribute 34, 1
  12              		.eabi_attribute 18, 4
  13              		.thumb
  14              		.syntax unified
  15              		.file	"main.c"
  16              		.text
  17              	.Ltext0:
  18              		.cfi_sections	.debug_frame
  19              		.section	.text.RxIsr,"ax",%progbits
  20              		.align	2
  21              		.global	RxIsr
  22              		.thumb
  23              		.thumb_func
  24              		.type	RxIsr, %function
  25              	RxIsr:
  26              	.LFB65:
  27              		.file 1 "main.c"
   1:main.c        **** /* ========================================
   2:main.c        ****  *
   3:main.c        ****  * UACS - Smart Crab Trap
   4:main.c        ****  * Created by : Stephanie Salazar
   5:main.c        ****  * Created : 5/31/18
   6:main.c        ****  *
   7:main.c        ****  * Description : This project uses a UART
   8:main.c        ****  * to receive data from the Rx FSK Module.
   9:main.c        ****  * It is output to an LCD screen.
  10:main.c        ****  *
  11:main.c        ****  * ========================================
  12:main.c        **** */
  13:main.c        **** #include "project.h"
  14:main.c        **** #include <stdio.h>
  15:main.c        **** #include "stdlib.h"
  16:main.c        **** 
  17:main.c        **** CY_ISR_PROTO(RxIsr); // RX Interrupt
  18:main.c        **** 
  19:main.c        **** /* Character LCD String Length */
  20:main.c        **** #define LINE_STR_LENGTH     (20u)  
  21:main.c        **** 
  22:main.c        **** char8 data[LINE_STR_LENGTH];
  23:main.c        **** uint8 crabsReceived = 0;
  24:main.c        **** uint8 errorStatus = 0;
  25:main.c        **** 
  26:main.c        **** int main(void)
  27:main.c        **** {
  28:main.c        ****     CyGlobalIntEnable; /* Enable global interrupts. */
  29:main.c        ****     UART_Start();
  30:main.c        ****     LCD_Start();
ARM GAS  C:\Users\sdysart\AppData\Local\Temp\cc6jwMsr.s 			page 2


  31:main.c        ****     isr_rx_StartEx(RxIsr);
  32:main.c        **** 
  33:main.c        ****     for(;;)
  34:main.c        ****     {
  35:main.c        ****     }
  36:main.c        **** }
  37:main.c        **** /*******************************************************************************
  38:main.c        **** * Function Name: RxIsr
  39:main.c        **** ********************************************************************************
  40:main.c        **** *
  41:main.c        **** * Summary:
  42:main.c        **** *  Interrupt Service Routine for RX portion of the UART taken from
  43:main.c        **** *  example code and edited for storing data to send
  44:main.c        **** *
  45:main.c        **** * Parameters:
  46:main.c        **** *  None.
  47:main.c        **** *
  48:main.c        **** * Return:
  49:main.c        **** *  None.
  50:main.c        **** *
  51:main.c        **** *******************************************************************************/
  52:main.c        **** CY_ISR(RxIsr)
  53:main.c        **** {
  28              		.loc 1 53 0
  29              		.cfi_startproc
  30              		@ args = 0, pretend = 0, frame = 0
  31              		@ frame_needed = 0, uses_anonymous_args = 0
  32 0000 38B5     		push	{r3, r4, r5, lr}
  33              		.cfi_def_cfa_offset 16
  34              		.cfi_offset 3, -16
  35              		.cfi_offset 4, -12
  36              		.cfi_offset 5, -8
  37              		.cfi_offset 14, -4
  38              	.L5:
  54:main.c        ****     
  55:main.c        ****     //sleepToggle_Write(ON);
  56:main.c        ****     uint8 rxStatus;   
  57:main.c        ****     do
  58:main.c        ****     {
  59:main.c        ****         /* Read receiver status register */
  60:main.c        ****         rxStatus = UART_RXSTATUS_REG;
  39              		.loc 1 60 0
  40 0002 204B     		ldr	r3, .L7
  41 0004 1B78     		ldrb	r3, [r3]	@ zero_extendqisi2
  42 0006 DBB2     		uxtb	r3, r3
  43              	.LVL0:
  61:main.c        **** 
  62:main.c        ****         if((rxStatus & (UART_RX_STS_BREAK      | UART_RX_STS_PAR_ERROR |
  44              		.loc 1 62 0
  45 0008 13F01E0F 		tst	r3, #30
  46 000c 05D0     		beq	.L2
  63:main.c        ****                         UART_RX_STS_STOP_ERROR | UART_RX_STS_OVERRUN)) != 0u)
  64:main.c        ****         {
  65:main.c        ****             /* ERROR handling. */
  66:main.c        ****             errorStatus |= rxStatus & ( UART_RX_STS_BREAK      | UART_RX_STS_PAR_ERROR | 
  47              		.loc 1 66 0
  48 000e 1E48     		ldr	r0, .L7+4
ARM GAS  C:\Users\sdysart\AppData\Local\Temp\cc6jwMsr.s 			page 3


  49 0010 03F01E02 		and	r2, r3, #30
  50 0014 0178     		ldrb	r1, [r0]	@ zero_extendqisi2
  51 0016 0A43     		orrs	r2, r2, r1
  52 0018 0270     		strb	r2, [r0]
  53              	.L2:
  54 001a 03F02003 		and	r3, r3, #32
  55              	.LVL1:
  67:main.c        ****                                         UART_RX_STS_STOP_ERROR | UART_RX_STS_OVERRUN);
  68:main.c        ****         }
  69:main.c        ****         
  70:main.c        ****         if((rxStatus & UART_RX_STS_FIFO_NOTEMPTY) != 0u)
  56              		.loc 1 70 0
  57 001e 03F0FF04 		and	r4, r3, #255
  58 0022 53B3     		cbz	r3, .L3
  71:main.c        ****         {
  72:main.c        ****             /* Read data from the RX data register */
  73:main.c        ****             //crabsToSend = UART_RXDATA_REG;
  74:main.c        ****             crabsReceived =  UART_GetByte()  ;
  59              		.loc 1 74 0
  60 0024 FFF7FEFF 		bl	UART_GetByte
  61              	.LVL2:
  62 0028 C0B2     		uxtb	r0, r0
  63 002a 174B     		ldr	r3, .L7+4
  64 002c 5870     		strb	r0, [r3, #1]
  75:main.c        ****             if(errorStatus == 0u)
  65              		.loc 1 75 0
  66 002e 1B78     		ldrb	r3, [r3]	@ zero_extendqisi2
  67 0030 BBB9     		cbnz	r3, .L4
  76:main.c        ****             {
  77:main.c        ****                 /* Send data backward */
  78:main.c        ****                 UART_TXDATA_REG = crabsReceived;
  68              		.loc 1 78 0
  69 0032 164B     		ldr	r3, .L7+8
  70 0034 1870     		strb	r0, [r3]
  79:main.c        ****                 /* Clear LCD line. */
  80:main.c        ****                 LCD_Position(0u, 0u);
  71              		.loc 1 80 0
  72 0036 0021     		movs	r1, #0
  73 0038 0846     		mov	r0, r1
  74 003a FFF7FEFF 		bl	LCD_Position
  75              	.LVL3:
  81:main.c        ****                 sprintf(data,"Crabs: %d", crabsReceived);
  76              		.loc 1 81 0
  77 003e 144D     		ldr	r5, .L7+12
  78 0040 114B     		ldr	r3, .L7+4
  79 0042 5A78     		ldrb	r2, [r3, #1]	@ zero_extendqisi2
  80 0044 1349     		ldr	r1, .L7+16
  81 0046 2846     		mov	r0, r5
  82 0048 FFF7FEFF 		bl	sprintf
  83              	.LVL4:
  82:main.c        ****                 LCD_PrintString("             ");
  84              		.loc 1 82 0
  85 004c 1248     		ldr	r0, .L7+20
  86 004e FFF7FEFF 		bl	LCD_PrintString
  87              	.LVL5:
  83:main.c        ****                 /* Output string on LCD. */
  84:main.c        ****                 LCD_Position(0u, 0u);
ARM GAS  C:\Users\sdysart\AppData\Local\Temp\cc6jwMsr.s 			page 4


  88              		.loc 1 84 0
  89 0052 0021     		movs	r1, #0
  90 0054 0846     		mov	r0, r1
  91 0056 FFF7FEFF 		bl	LCD_Position
  92              	.LVL6:
  85:main.c        ****                 LCD_PrintString(data);
  93              		.loc 1 85 0
  94 005a 2846     		mov	r0, r5
  95 005c FFF7FEFF 		bl	LCD_PrintString
  96              	.LVL7:
  97 0060 0BE0     		b	.L3
  98              	.L4:
  86:main.c        **** 
  87:main.c        ****             }else{
  88:main.c        ****                 isr_rx_SetPending();
  99              		.loc 1 88 0
 100 0062 FFF7FEFF 		bl	isr_rx_SetPending
 101              	.LVL8:
  89:main.c        ****                 sprintf(data,"%d", errorStatus);
 102              		.loc 1 89 0
 103 0066 0A4D     		ldr	r5, .L7+12
 104 0068 074B     		ldr	r3, .L7+4
 105 006a 1A78     		ldrb	r2, [r3]	@ zero_extendqisi2
 106 006c 0B49     		ldr	r1, .L7+24
 107 006e 2846     		mov	r0, r5
 108 0070 FFF7FEFF 		bl	sprintf
 109              	.LVL9:
  90:main.c        ****                 LCD_PrintString(data);
 110              		.loc 1 90 0
 111 0074 2846     		mov	r0, r5
 112 0076 FFF7FEFF 		bl	LCD_PrintString
 113              	.LVL10:
 114              	.L3:
  91:main.c        ****             }
  92:main.c        **** 
  93:main.c        ****         }
  94:main.c        ****     // Read FIFO until empty
  95:main.c        ****     }while((rxStatus & UART_RX_STS_FIFO_NOTEMPTY) != 0u);
 115              		.loc 1 95 0
 116 007a 002C     		cmp	r4, #0
 117 007c C1D1     		bne	.L5
  96:main.c        ****     
  97:main.c        ****     isr_rx_ClearPending();
 118              		.loc 1 97 0
 119 007e FFF7FEFF 		bl	isr_rx_ClearPending
 120              	.LVL11:
 121 0082 38BD     		pop	{r3, r4, r5, pc}
 122              	.L8:
 123              		.align	2
 124              	.L7:
 125 0084 68650040 		.word	1073767784
 126 0088 00000000 		.word	.LANCHOR0
 127 008c 48640040 		.word	1073767496
 128 0090 00000000 		.word	data
 129 0094 00000000 		.word	.LC0
 130 0098 0C000000 		.word	.LC1
 131 009c 1C000000 		.word	.LC2
ARM GAS  C:\Users\sdysart\AppData\Local\Temp\cc6jwMsr.s 			page 5


 132              		.cfi_endproc
 133              	.LFE65:
 134              		.size	RxIsr, .-RxIsr
 135              		.section	.text.main,"ax",%progbits
 136              		.align	2
 137              		.global	main
 138              		.thumb
 139              		.thumb_func
 140              		.type	main, %function
 141              	main:
 142              	.LFB64:
  27:main.c        ****     CyGlobalIntEnable; /* Enable global interrupts. */
 143              		.loc 1 27 0
 144              		.cfi_startproc
 145              		@ Volatile: function does not return.
 146              		@ args = 0, pretend = 0, frame = 0
 147              		@ frame_needed = 0, uses_anonymous_args = 0
 148 0000 08B5     		push	{r3, lr}
 149              		.cfi_def_cfa_offset 8
 150              		.cfi_offset 3, -8
 151              		.cfi_offset 14, -4
  28:main.c        ****     UART_Start();
 152              		.loc 1 28 0
 153              		.syntax unified
 154              	@ 28 "main.c" 1
 155 0002 62B6     		CPSIE   i
 156              	@ 0 "" 2
  29:main.c        ****     LCD_Start();
 157              		.loc 1 29 0
 158              		.thumb
 159              		.syntax unified
 160 0004 FFF7FEFF 		bl	UART_Start
 161              	.LVL12:
  30:main.c        ****     isr_rx_StartEx(RxIsr);
 162              		.loc 1 30 0
 163 0008 FFF7FEFF 		bl	LCD_Start
 164              	.LVL13:
  31:main.c        **** 
 165              		.loc 1 31 0
 166 000c 0148     		ldr	r0, .L12
 167 000e FFF7FEFF 		bl	isr_rx_StartEx
 168              	.LVL14:
 169              	.L10:
 170 0012 FEE7     		b	.L10
 171              	.L13:
 172              		.align	2
 173              	.L12:
 174 0014 00000000 		.word	RxIsr
 175              		.cfi_endproc
 176              	.LFE64:
 177              		.size	main, .-main
 178              		.global	errorStatus
 179              		.global	crabsReceived
 180              		.comm	data,20,4
 181              		.section	.rodata.str1.4,"aMS",%progbits,1
 182              		.align	2
 183              	.LC0:
ARM GAS  C:\Users\sdysart\AppData\Local\Temp\cc6jwMsr.s 			page 6


 184 0000 43726162 		.ascii	"Crabs: %d\000"
 184      733A2025 
 184      6400
 185 000a 0000     		.space	2
 186              	.LC1:
 187 000c 20202020 		.ascii	"             \000"
 187      20202020 
 187      20202020 
 187      2000
 188 001a 0000     		.space	2
 189              	.LC2:
 190 001c 256400   		.ascii	"%d\000"
 191              		.bss
 192              		.set	.LANCHOR0,. + 0
 193              		.type	errorStatus, %object
 194              		.size	errorStatus, 1
 195              	errorStatus:
 196 0000 00       		.space	1
 197              		.type	crabsReceived, %object
 198              		.size	crabsReceived, 1
 199              	crabsReceived:
 200 0001 00       		.space	1
 201              		.text
 202              	.Letext0:
 203              		.file 2 "c:\\program files (x86)\\cypress\\psoc creator\\4.1\\psoc creator\\import\\gnu\\arm\\5.4.
 204              		.file 3 "c:\\program files (x86)\\cypress\\psoc creator\\4.1\\psoc creator\\import\\gnu\\arm\\5.4.
 205              		.file 4 "Generated_Source\\PSoC5/cytypes.h"
 206              		.file 5 "Generated_Source\\PSoC5/core_cm3.h"
 207              		.file 6 "Generated_Source\\PSoC5/UART.h"
 208              		.file 7 "Generated_Source\\PSoC5/LCD.h"
 209              		.file 8 "c:\\program files (x86)\\cypress\\psoc creator\\4.1\\psoc creator\\import\\gnu\\arm\\5.4.
 210              		.file 9 "Generated_Source\\PSoC5/isr_rx.h"
 211              		.section	.debug_info,"",%progbits
 212              	.Ldebug_info0:
 213 0000 A9020000 		.4byte	0x2a9
 214 0004 0400     		.2byte	0x4
 215 0006 00000000 		.4byte	.Ldebug_abbrev0
 216 000a 04       		.byte	0x4
 217 000b 01       		.uleb128 0x1
 218 000c 76000000 		.4byte	.LASF32
 219 0010 0C       		.byte	0xc
 220 0011 FB010000 		.4byte	.LASF33
 221 0015 0A000000 		.4byte	.LASF34
 222 0019 00000000 		.4byte	.Ldebug_ranges0+0
 223 001d 00000000 		.4byte	0
 224 0021 00000000 		.4byte	.Ldebug_line0
 225 0025 02       		.uleb128 0x2
 226 0026 01       		.byte	0x1
 227 0027 06       		.byte	0x6
 228 0028 3A020000 		.4byte	.LASF0
 229 002c 02       		.uleb128 0x2
 230 002d 01       		.byte	0x1
 231 002e 08       		.byte	0x8
 232 002f 68000000 		.4byte	.LASF1
 233 0033 02       		.uleb128 0x2
 234 0034 02       		.byte	0x2
 235 0035 05       		.byte	0x5
ARM GAS  C:\Users\sdysart\AppData\Local\Temp\cc6jwMsr.s 			page 7


 236 0036 15020000 		.4byte	.LASF2
 237 003a 02       		.uleb128 0x2
 238 003b 02       		.byte	0x2
 239 003c 07       		.byte	0x7
 240 003d 1B010000 		.4byte	.LASF3
 241 0041 03       		.uleb128 0x3
 242 0042 4D000000 		.4byte	.LASF9
 243 0046 02       		.byte	0x2
 244 0047 3F       		.byte	0x3f
 245 0048 4C000000 		.4byte	0x4c
 246 004c 02       		.uleb128 0x2
 247 004d 04       		.byte	0x4
 248 004e 05       		.byte	0x5
 249 004f 25020000 		.4byte	.LASF4
 250 0053 02       		.uleb128 0x2
 251 0054 04       		.byte	0x4
 252 0055 07       		.byte	0x7
 253 0056 09010000 		.4byte	.LASF5
 254 005a 02       		.uleb128 0x2
 255 005b 08       		.byte	0x8
 256 005c 05       		.byte	0x5
 257 005d ED010000 		.4byte	.LASF6
 258 0061 02       		.uleb128 0x2
 259 0062 08       		.byte	0x8
 260 0063 07       		.byte	0x7
 261 0064 B2010000 		.4byte	.LASF7
 262 0068 04       		.uleb128 0x4
 263 0069 04       		.byte	0x4
 264 006a 05       		.byte	0x5
 265 006b 696E7400 		.ascii	"int\000"
 266 006f 02       		.uleb128 0x2
 267 0070 04       		.byte	0x4
 268 0071 07       		.byte	0x7
 269 0072 A5010000 		.4byte	.LASF8
 270 0076 03       		.uleb128 0x3
 271 0077 D6010000 		.4byte	.LASF10
 272 007b 03       		.byte	0x3
 273 007c 2C       		.byte	0x2c
 274 007d 41000000 		.4byte	0x41
 275 0081 05       		.uleb128 0x5
 276 0082 1F020000 		.4byte	.LASF11
 277 0086 04       		.byte	0x4
 278 0087 9201     		.2byte	0x192
 279 0089 2C000000 		.4byte	0x2c
 280 008d 02       		.uleb128 0x2
 281 008e 04       		.byte	0x4
 282 008f 04       		.byte	0x4
 283 0090 5D000000 		.4byte	.LASF12
 284 0094 02       		.uleb128 0x2
 285 0095 08       		.byte	0x8
 286 0096 04       		.byte	0x4
 287 0097 58010000 		.4byte	.LASF13
 288 009b 05       		.uleb128 0x5
 289 009c E7010000 		.4byte	.LASF14
 290 00a0 04       		.byte	0x4
 291 00a1 A301     		.2byte	0x1a3
 292 00a3 A7000000 		.4byte	0xa7
ARM GAS  C:\Users\sdysart\AppData\Local\Temp\cc6jwMsr.s 			page 8


 293 00a7 02       		.uleb128 0x2
 294 00a8 01       		.byte	0x1
 295 00a9 08       		.byte	0x8
 296 00aa 02020000 		.4byte	.LASF15
 297 00ae 05       		.uleb128 0x5
 298 00af 04010000 		.4byte	.LASF16
 299 00b3 04       		.byte	0x4
 300 00b4 3C02     		.2byte	0x23c
 301 00b6 BA000000 		.4byte	0xba
 302 00ba 06       		.uleb128 0x6
 303 00bb 81000000 		.4byte	0x81
 304 00bf 02       		.uleb128 0x2
 305 00c0 08       		.byte	0x8
 306 00c1 04       		.byte	0x4
 307 00c2 2E020000 		.4byte	.LASF17
 308 00c6 02       		.uleb128 0x2
 309 00c7 04       		.byte	0x4
 310 00c8 07       		.byte	0x7
 311 00c9 DE010000 		.4byte	.LASF18
 312 00cd 07       		.uleb128 0x7
 313 00ce 57000000 		.4byte	.LASF35
 314 00d2 01       		.byte	0x1
 315 00d3 34       		.byte	0x34
 316 00d4 00000000 		.4byte	.LFB65
 317 00d8 A0000000 		.4byte	.LFE65-.LFB65
 318 00dc 01       		.uleb128 0x1
 319 00dd 9C       		.byte	0x9c
 320 00de B6010000 		.4byte	0x1b6
 321 00e2 08       		.uleb128 0x8
 322 00e3 5F010000 		.4byte	.LASF36
 323 00e7 01       		.byte	0x1
 324 00e8 38       		.byte	0x38
 325 00e9 81000000 		.4byte	0x81
 326 00ed 00000000 		.4byte	.LLST0
 327 00f1 09       		.uleb128 0x9
 328 00f2 28000000 		.4byte	.LVL2
 329 00f6 49020000 		.4byte	0x249
 330 00fa 0A       		.uleb128 0xa
 331 00fb 3E000000 		.4byte	.LVL3
 332 00ff 54020000 		.4byte	0x254
 333 0103 12010000 		.4byte	0x112
 334 0107 0B       		.uleb128 0xb
 335 0108 01       		.uleb128 0x1
 336 0109 50       		.byte	0x50
 337 010a 01       		.uleb128 0x1
 338 010b 30       		.byte	0x30
 339 010c 0B       		.uleb128 0xb
 340 010d 01       		.uleb128 0x1
 341 010e 51       		.byte	0x51
 342 010f 01       		.uleb128 0x1
 343 0110 30       		.byte	0x30
 344 0111 00       		.byte	0
 345 0112 0A       		.uleb128 0xa
 346 0113 4C000000 		.4byte	.LVL4
 347 0117 5F020000 		.4byte	0x25f
 348 011b 2F010000 		.4byte	0x12f
 349 011f 0B       		.uleb128 0xb
ARM GAS  C:\Users\sdysart\AppData\Local\Temp\cc6jwMsr.s 			page 9


 350 0120 01       		.uleb128 0x1
 351 0121 50       		.byte	0x50
 352 0122 02       		.uleb128 0x2
 353 0123 75       		.byte	0x75
 354 0124 00       		.sleb128 0
 355 0125 0B       		.uleb128 0xb
 356 0126 01       		.uleb128 0x1
 357 0127 51       		.byte	0x51
 358 0128 05       		.uleb128 0x5
 359 0129 03       		.byte	0x3
 360 012a 00000000 		.4byte	.LC0
 361 012e 00       		.byte	0
 362 012f 0A       		.uleb128 0xa
 363 0130 52000000 		.4byte	.LVL5
 364 0134 6A020000 		.4byte	0x26a
 365 0138 46010000 		.4byte	0x146
 366 013c 0B       		.uleb128 0xb
 367 013d 01       		.uleb128 0x1
 368 013e 50       		.byte	0x50
 369 013f 05       		.uleb128 0x5
 370 0140 03       		.byte	0x3
 371 0141 0C000000 		.4byte	.LC1
 372 0145 00       		.byte	0
 373 0146 0A       		.uleb128 0xa
 374 0147 5A000000 		.4byte	.LVL6
 375 014b 54020000 		.4byte	0x254
 376 014f 5E010000 		.4byte	0x15e
 377 0153 0B       		.uleb128 0xb
 378 0154 01       		.uleb128 0x1
 379 0155 50       		.byte	0x50
 380 0156 01       		.uleb128 0x1
 381 0157 30       		.byte	0x30
 382 0158 0B       		.uleb128 0xb
 383 0159 01       		.uleb128 0x1
 384 015a 51       		.byte	0x51
 385 015b 01       		.uleb128 0x1
 386 015c 30       		.byte	0x30
 387 015d 00       		.byte	0
 388 015e 0A       		.uleb128 0xa
 389 015f 60000000 		.4byte	.LVL7
 390 0163 6A020000 		.4byte	0x26a
 391 0167 72010000 		.4byte	0x172
 392 016b 0B       		.uleb128 0xb
 393 016c 01       		.uleb128 0x1
 394 016d 50       		.byte	0x50
 395 016e 02       		.uleb128 0x2
 396 016f 75       		.byte	0x75
 397 0170 00       		.sleb128 0
 398 0171 00       		.byte	0
 399 0172 09       		.uleb128 0x9
 400 0173 66000000 		.4byte	.LVL8
 401 0177 75020000 		.4byte	0x275
 402 017b 0A       		.uleb128 0xa
 403 017c 74000000 		.4byte	.LVL9
 404 0180 5F020000 		.4byte	0x25f
 405 0184 98010000 		.4byte	0x198
 406 0188 0B       		.uleb128 0xb
ARM GAS  C:\Users\sdysart\AppData\Local\Temp\cc6jwMsr.s 			page 10


 407 0189 01       		.uleb128 0x1
 408 018a 50       		.byte	0x50
 409 018b 02       		.uleb128 0x2
 410 018c 75       		.byte	0x75
 411 018d 00       		.sleb128 0
 412 018e 0B       		.uleb128 0xb
 413 018f 01       		.uleb128 0x1
 414 0190 51       		.byte	0x51
 415 0191 05       		.uleb128 0x5
 416 0192 03       		.byte	0x3
 417 0193 1C000000 		.4byte	.LC2
 418 0197 00       		.byte	0
 419 0198 0A       		.uleb128 0xa
 420 0199 7A000000 		.4byte	.LVL10
 421 019d 6A020000 		.4byte	0x26a
 422 01a1 AC010000 		.4byte	0x1ac
 423 01a5 0B       		.uleb128 0xb
 424 01a6 01       		.uleb128 0x1
 425 01a7 50       		.byte	0x50
 426 01a8 02       		.uleb128 0x2
 427 01a9 75       		.byte	0x75
 428 01aa 00       		.sleb128 0
 429 01ab 00       		.byte	0
 430 01ac 09       		.uleb128 0x9
 431 01ad 82000000 		.4byte	.LVL11
 432 01b1 80020000 		.4byte	0x280
 433 01b5 00       		.byte	0
 434 01b6 0C       		.uleb128 0xc
 435 01b7 91010000 		.4byte	.LASF37
 436 01bb 01       		.byte	0x1
 437 01bc 1A       		.byte	0x1a
 438 01bd 68000000 		.4byte	0x68
 439 01c1 00000000 		.4byte	.LFB64
 440 01c5 18000000 		.4byte	.LFE64-.LFB64
 441 01c9 01       		.uleb128 0x1
 442 01ca 9C       		.byte	0x9c
 443 01cb F5010000 		.4byte	0x1f5
 444 01cf 09       		.uleb128 0x9
 445 01d0 08000000 		.4byte	.LVL12
 446 01d4 8B020000 		.4byte	0x28b
 447 01d8 09       		.uleb128 0x9
 448 01d9 0C000000 		.4byte	.LVL13
 449 01dd 96020000 		.4byte	0x296
 450 01e1 0D       		.uleb128 0xd
 451 01e2 12000000 		.4byte	.LVL14
 452 01e6 A1020000 		.4byte	0x2a1
 453 01ea 0B       		.uleb128 0xb
 454 01eb 01       		.uleb128 0x1
 455 01ec 50       		.byte	0x50
 456 01ed 05       		.uleb128 0x5
 457 01ee 03       		.byte	0x3
 458 01ef 00000000 		.4byte	RxIsr
 459 01f3 00       		.byte	0
 460 01f4 00       		.byte	0
 461 01f5 0E       		.uleb128 0xe
 462 01f6 4B010000 		.4byte	.LASF19
 463 01fa 05       		.byte	0x5
ARM GAS  C:\Users\sdysart\AppData\Local\Temp\cc6jwMsr.s 			page 11


 464 01fb 1207     		.2byte	0x712
 465 01fd 01020000 		.4byte	0x201
 466 0201 06       		.uleb128 0x6
 467 0202 76000000 		.4byte	0x76
 468 0206 0F       		.uleb128 0xf
 469 0207 9B000000 		.4byte	0x9b
 470 020b 16020000 		.4byte	0x216
 471 020f 10       		.uleb128 0x10
 472 0210 C6000000 		.4byte	0xc6
 473 0214 13       		.byte	0x13
 474 0215 00       		.byte	0
 475 0216 11       		.uleb128 0x11
 476 0217 63000000 		.4byte	.LASF20
 477 021b 01       		.byte	0x1
 478 021c 16       		.byte	0x16
 479 021d 06020000 		.4byte	0x206
 480 0221 05       		.uleb128 0x5
 481 0222 03       		.byte	0x3
 482 0223 00000000 		.4byte	data
 483 0227 11       		.uleb128 0x11
 484 0228 07020000 		.4byte	.LASF21
 485 022c 01       		.byte	0x1
 486 022d 17       		.byte	0x17
 487 022e 81000000 		.4byte	0x81
 488 0232 05       		.uleb128 0x5
 489 0233 03       		.byte	0x3
 490 0234 00000000 		.4byte	crabsReceived
 491 0238 11       		.uleb128 0x11
 492 0239 78010000 		.4byte	.LASF22
 493 023d 01       		.byte	0x1
 494 023e 18       		.byte	0x18
 495 023f 81000000 		.4byte	0x81
 496 0243 05       		.uleb128 0x5
 497 0244 03       		.byte	0x3
 498 0245 00000000 		.4byte	errorStatus
 499 0249 12       		.uleb128 0x12
 500 024a 84010000 		.4byte	.LASF23
 501 024e 84010000 		.4byte	.LASF23
 502 0252 06       		.byte	0x6
 503 0253 72       		.byte	0x72
 504 0254 12       		.uleb128 0x12
 505 0255 C9010000 		.4byte	.LASF24
 506 0259 C9010000 		.4byte	.LASF24
 507 025d 07       		.byte	0x7
 508 025e 3D       		.byte	0x3d
 509 025f 12       		.uleb128 0x12
 510 0260 46020000 		.4byte	.LASF25
 511 0264 46020000 		.4byte	.LASF25
 512 0268 08       		.byte	0x8
 513 0269 E7       		.byte	0xe7
 514 026a 12       		.uleb128 0x12
 515 026b 68010000 		.4byte	.LASF26
 516 026f 68010000 		.4byte	.LASF26
 517 0273 07       		.byte	0x7
 518 0274 3C       		.byte	0x3c
 519 0275 12       		.uleb128 0x12
 520 0276 39010000 		.4byte	.LASF27
ARM GAS  C:\Users\sdysart\AppData\Local\Temp\cc6jwMsr.s 			page 12


 521 027a 39010000 		.4byte	.LASF27
 522 027e 09       		.byte	0x9
 523 027f 27       		.byte	0x27
 524 0280 12       		.uleb128 0x12
 525 0281 4E020000 		.4byte	.LASF28
 526 0285 4E020000 		.4byte	.LASF28
 527 0289 09       		.byte	0x9
 528 028a 28       		.byte	0x28
 529 028b 12       		.uleb128 0x12
 530 028c 2E010000 		.4byte	.LASF29
 531 0290 2E010000 		.4byte	.LASF29
 532 0294 06       		.byte	0x6
 533 0295 54       		.byte	0x54
 534 0296 12       		.uleb128 0x12
 535 0297 00000000 		.4byte	.LASF30
 536 029b 00000000 		.4byte	.LASF30
 537 029f 07       		.byte	0x7
 538 02a0 38       		.byte	0x38
 539 02a1 12       		.uleb128 0x12
 540 02a2 96010000 		.4byte	.LASF31
 541 02a6 96010000 		.4byte	.LASF31
 542 02aa 09       		.byte	0x9
 543 02ab 18       		.byte	0x18
 544 02ac 00       		.byte	0
 545              		.section	.debug_abbrev,"",%progbits
 546              	.Ldebug_abbrev0:
 547 0000 01       		.uleb128 0x1
 548 0001 11       		.uleb128 0x11
 549 0002 01       		.byte	0x1
 550 0003 25       		.uleb128 0x25
 551 0004 0E       		.uleb128 0xe
 552 0005 13       		.uleb128 0x13
 553 0006 0B       		.uleb128 0xb
 554 0007 03       		.uleb128 0x3
 555 0008 0E       		.uleb128 0xe
 556 0009 1B       		.uleb128 0x1b
 557 000a 0E       		.uleb128 0xe
 558 000b 55       		.uleb128 0x55
 559 000c 17       		.uleb128 0x17
 560 000d 11       		.uleb128 0x11
 561 000e 01       		.uleb128 0x1
 562 000f 10       		.uleb128 0x10
 563 0010 17       		.uleb128 0x17
 564 0011 00       		.byte	0
 565 0012 00       		.byte	0
 566 0013 02       		.uleb128 0x2
 567 0014 24       		.uleb128 0x24
 568 0015 00       		.byte	0
 569 0016 0B       		.uleb128 0xb
 570 0017 0B       		.uleb128 0xb
 571 0018 3E       		.uleb128 0x3e
 572 0019 0B       		.uleb128 0xb
 573 001a 03       		.uleb128 0x3
 574 001b 0E       		.uleb128 0xe
 575 001c 00       		.byte	0
 576 001d 00       		.byte	0
 577 001e 03       		.uleb128 0x3
ARM GAS  C:\Users\sdysart\AppData\Local\Temp\cc6jwMsr.s 			page 13


 578 001f 16       		.uleb128 0x16
 579 0020 00       		.byte	0
 580 0021 03       		.uleb128 0x3
 581 0022 0E       		.uleb128 0xe
 582 0023 3A       		.uleb128 0x3a
 583 0024 0B       		.uleb128 0xb
 584 0025 3B       		.uleb128 0x3b
 585 0026 0B       		.uleb128 0xb
 586 0027 49       		.uleb128 0x49
 587 0028 13       		.uleb128 0x13
 588 0029 00       		.byte	0
 589 002a 00       		.byte	0
 590 002b 04       		.uleb128 0x4
 591 002c 24       		.uleb128 0x24
 592 002d 00       		.byte	0
 593 002e 0B       		.uleb128 0xb
 594 002f 0B       		.uleb128 0xb
 595 0030 3E       		.uleb128 0x3e
 596 0031 0B       		.uleb128 0xb
 597 0032 03       		.uleb128 0x3
 598 0033 08       		.uleb128 0x8
 599 0034 00       		.byte	0
 600 0035 00       		.byte	0
 601 0036 05       		.uleb128 0x5
 602 0037 16       		.uleb128 0x16
 603 0038 00       		.byte	0
 604 0039 03       		.uleb128 0x3
 605 003a 0E       		.uleb128 0xe
 606 003b 3A       		.uleb128 0x3a
 607 003c 0B       		.uleb128 0xb
 608 003d 3B       		.uleb128 0x3b
 609 003e 05       		.uleb128 0x5
 610 003f 49       		.uleb128 0x49
 611 0040 13       		.uleb128 0x13
 612 0041 00       		.byte	0
 613 0042 00       		.byte	0
 614 0043 06       		.uleb128 0x6
 615 0044 35       		.uleb128 0x35
 616 0045 00       		.byte	0
 617 0046 49       		.uleb128 0x49
 618 0047 13       		.uleb128 0x13
 619 0048 00       		.byte	0
 620 0049 00       		.byte	0
 621 004a 07       		.uleb128 0x7
 622 004b 2E       		.uleb128 0x2e
 623 004c 01       		.byte	0x1
 624 004d 3F       		.uleb128 0x3f
 625 004e 19       		.uleb128 0x19
 626 004f 03       		.uleb128 0x3
 627 0050 0E       		.uleb128 0xe
 628 0051 3A       		.uleb128 0x3a
 629 0052 0B       		.uleb128 0xb
 630 0053 3B       		.uleb128 0x3b
 631 0054 0B       		.uleb128 0xb
 632 0055 27       		.uleb128 0x27
 633 0056 19       		.uleb128 0x19
 634 0057 11       		.uleb128 0x11
ARM GAS  C:\Users\sdysart\AppData\Local\Temp\cc6jwMsr.s 			page 14


 635 0058 01       		.uleb128 0x1
 636 0059 12       		.uleb128 0x12
 637 005a 06       		.uleb128 0x6
 638 005b 40       		.uleb128 0x40
 639 005c 18       		.uleb128 0x18
 640 005d 9742     		.uleb128 0x2117
 641 005f 19       		.uleb128 0x19
 642 0060 01       		.uleb128 0x1
 643 0061 13       		.uleb128 0x13
 644 0062 00       		.byte	0
 645 0063 00       		.byte	0
 646 0064 08       		.uleb128 0x8
 647 0065 34       		.uleb128 0x34
 648 0066 00       		.byte	0
 649 0067 03       		.uleb128 0x3
 650 0068 0E       		.uleb128 0xe
 651 0069 3A       		.uleb128 0x3a
 652 006a 0B       		.uleb128 0xb
 653 006b 3B       		.uleb128 0x3b
 654 006c 0B       		.uleb128 0xb
 655 006d 49       		.uleb128 0x49
 656 006e 13       		.uleb128 0x13
 657 006f 02       		.uleb128 0x2
 658 0070 17       		.uleb128 0x17
 659 0071 00       		.byte	0
 660 0072 00       		.byte	0
 661 0073 09       		.uleb128 0x9
 662 0074 898201   		.uleb128 0x4109
 663 0077 00       		.byte	0
 664 0078 11       		.uleb128 0x11
 665 0079 01       		.uleb128 0x1
 666 007a 31       		.uleb128 0x31
 667 007b 13       		.uleb128 0x13
 668 007c 00       		.byte	0
 669 007d 00       		.byte	0
 670 007e 0A       		.uleb128 0xa
 671 007f 898201   		.uleb128 0x4109
 672 0082 01       		.byte	0x1
 673 0083 11       		.uleb128 0x11
 674 0084 01       		.uleb128 0x1
 675 0085 31       		.uleb128 0x31
 676 0086 13       		.uleb128 0x13
 677 0087 01       		.uleb128 0x1
 678 0088 13       		.uleb128 0x13
 679 0089 00       		.byte	0
 680 008a 00       		.byte	0
 681 008b 0B       		.uleb128 0xb
 682 008c 8A8201   		.uleb128 0x410a
 683 008f 00       		.byte	0
 684 0090 02       		.uleb128 0x2
 685 0091 18       		.uleb128 0x18
 686 0092 9142     		.uleb128 0x2111
 687 0094 18       		.uleb128 0x18
 688 0095 00       		.byte	0
 689 0096 00       		.byte	0
 690 0097 0C       		.uleb128 0xc
 691 0098 2E       		.uleb128 0x2e
ARM GAS  C:\Users\sdysart\AppData\Local\Temp\cc6jwMsr.s 			page 15


 692 0099 01       		.byte	0x1
 693 009a 3F       		.uleb128 0x3f
 694 009b 19       		.uleb128 0x19
 695 009c 03       		.uleb128 0x3
 696 009d 0E       		.uleb128 0xe
 697 009e 3A       		.uleb128 0x3a
 698 009f 0B       		.uleb128 0xb
 699 00a0 3B       		.uleb128 0x3b
 700 00a1 0B       		.uleb128 0xb
 701 00a2 27       		.uleb128 0x27
 702 00a3 19       		.uleb128 0x19
 703 00a4 49       		.uleb128 0x49
 704 00a5 13       		.uleb128 0x13
 705 00a6 8701     		.uleb128 0x87
 706 00a8 19       		.uleb128 0x19
 707 00a9 11       		.uleb128 0x11
 708 00aa 01       		.uleb128 0x1
 709 00ab 12       		.uleb128 0x12
 710 00ac 06       		.uleb128 0x6
 711 00ad 40       		.uleb128 0x40
 712 00ae 18       		.uleb128 0x18
 713 00af 9742     		.uleb128 0x2117
 714 00b1 19       		.uleb128 0x19
 715 00b2 01       		.uleb128 0x1
 716 00b3 13       		.uleb128 0x13
 717 00b4 00       		.byte	0
 718 00b5 00       		.byte	0
 719 00b6 0D       		.uleb128 0xd
 720 00b7 898201   		.uleb128 0x4109
 721 00ba 01       		.byte	0x1
 722 00bb 11       		.uleb128 0x11
 723 00bc 01       		.uleb128 0x1
 724 00bd 31       		.uleb128 0x31
 725 00be 13       		.uleb128 0x13
 726 00bf 00       		.byte	0
 727 00c0 00       		.byte	0
 728 00c1 0E       		.uleb128 0xe
 729 00c2 34       		.uleb128 0x34
 730 00c3 00       		.byte	0
 731 00c4 03       		.uleb128 0x3
 732 00c5 0E       		.uleb128 0xe
 733 00c6 3A       		.uleb128 0x3a
 734 00c7 0B       		.uleb128 0xb
 735 00c8 3B       		.uleb128 0x3b
 736 00c9 05       		.uleb128 0x5
 737 00ca 49       		.uleb128 0x49
 738 00cb 13       		.uleb128 0x13
 739 00cc 3F       		.uleb128 0x3f
 740 00cd 19       		.uleb128 0x19
 741 00ce 3C       		.uleb128 0x3c
 742 00cf 19       		.uleb128 0x19
 743 00d0 00       		.byte	0
 744 00d1 00       		.byte	0
 745 00d2 0F       		.uleb128 0xf
 746 00d3 01       		.uleb128 0x1
 747 00d4 01       		.byte	0x1
 748 00d5 49       		.uleb128 0x49
ARM GAS  C:\Users\sdysart\AppData\Local\Temp\cc6jwMsr.s 			page 16


 749 00d6 13       		.uleb128 0x13
 750 00d7 01       		.uleb128 0x1
 751 00d8 13       		.uleb128 0x13
 752 00d9 00       		.byte	0
 753 00da 00       		.byte	0
 754 00db 10       		.uleb128 0x10
 755 00dc 21       		.uleb128 0x21
 756 00dd 00       		.byte	0
 757 00de 49       		.uleb128 0x49
 758 00df 13       		.uleb128 0x13
 759 00e0 2F       		.uleb128 0x2f
 760 00e1 0B       		.uleb128 0xb
 761 00e2 00       		.byte	0
 762 00e3 00       		.byte	0
 763 00e4 11       		.uleb128 0x11
 764 00e5 34       		.uleb128 0x34
 765 00e6 00       		.byte	0
 766 00e7 03       		.uleb128 0x3
 767 00e8 0E       		.uleb128 0xe
 768 00e9 3A       		.uleb128 0x3a
 769 00ea 0B       		.uleb128 0xb
 770 00eb 3B       		.uleb128 0x3b
 771 00ec 0B       		.uleb128 0xb
 772 00ed 49       		.uleb128 0x49
 773 00ee 13       		.uleb128 0x13
 774 00ef 3F       		.uleb128 0x3f
 775 00f0 19       		.uleb128 0x19
 776 00f1 02       		.uleb128 0x2
 777 00f2 18       		.uleb128 0x18
 778 00f3 00       		.byte	0
 779 00f4 00       		.byte	0
 780 00f5 12       		.uleb128 0x12
 781 00f6 2E       		.uleb128 0x2e
 782 00f7 00       		.byte	0
 783 00f8 3F       		.uleb128 0x3f
 784 00f9 19       		.uleb128 0x19
 785 00fa 3C       		.uleb128 0x3c
 786 00fb 19       		.uleb128 0x19
 787 00fc 6E       		.uleb128 0x6e
 788 00fd 0E       		.uleb128 0xe
 789 00fe 03       		.uleb128 0x3
 790 00ff 0E       		.uleb128 0xe
 791 0100 3A       		.uleb128 0x3a
 792 0101 0B       		.uleb128 0xb
 793 0102 3B       		.uleb128 0x3b
 794 0103 0B       		.uleb128 0xb
 795 0104 00       		.byte	0
 796 0105 00       		.byte	0
 797 0106 00       		.byte	0
 798              		.section	.debug_loc,"",%progbits
 799              	.Ldebug_loc0:
 800              	.LLST0:
 801 0000 08000000 		.4byte	.LVL0
 802 0004 1E000000 		.4byte	.LVL1
 803 0008 0100     		.2byte	0x1
 804 000a 53       		.byte	0x53
 805 000b 00000000 		.4byte	0
ARM GAS  C:\Users\sdysart\AppData\Local\Temp\cc6jwMsr.s 			page 17


 806 000f 00000000 		.4byte	0
 807              		.section	.debug_aranges,"",%progbits
 808 0000 24000000 		.4byte	0x24
 809 0004 0200     		.2byte	0x2
 810 0006 00000000 		.4byte	.Ldebug_info0
 811 000a 04       		.byte	0x4
 812 000b 00       		.byte	0
 813 000c 0000     		.2byte	0
 814 000e 0000     		.2byte	0
 815 0010 00000000 		.4byte	.LFB65
 816 0014 A0000000 		.4byte	.LFE65-.LFB65
 817 0018 00000000 		.4byte	.LFB64
 818 001c 18000000 		.4byte	.LFE64-.LFB64
 819 0020 00000000 		.4byte	0
 820 0024 00000000 		.4byte	0
 821              		.section	.debug_ranges,"",%progbits
 822              	.Ldebug_ranges0:
 823 0000 00000000 		.4byte	.LFB65
 824 0004 A0000000 		.4byte	.LFE65
 825 0008 00000000 		.4byte	.LFB64
 826 000c 18000000 		.4byte	.LFE64
 827 0010 00000000 		.4byte	0
 828 0014 00000000 		.4byte	0
 829              		.section	.debug_line,"",%progbits
 830              	.Ldebug_line0:
 831 0000 16020000 		.section	.debug_str,"MS",%progbits,1
 831      0200DE01 
 831      00000201 
 831      FB0E0D00 
 831      01010101 
 832              	.LASF30:
 833 0000 4C43445F 		.ascii	"LCD_Start\000"
 833      53746172 
 833      7400
 834              	.LASF34:
 835 000a 433A5C55 		.ascii	"C:\\Users\\sdysart\\Documents\\UACS\\UACS\\HighFreq"
 835      73657273 
 835      5C736479 
 835      73617274 
 835      5C446F63 
 836 0037 46534B5C 		.ascii	"FSK\\Rx_Receiver.cydsn\000"
 836      52785F52 
 836      65636569 
 836      7665722E 
 836      63796473 
 837              	.LASF9:
 838 004d 5F5F696E 		.ascii	"__int32_t\000"
 838      7433325F 
 838      7400
 839              	.LASF35:
 840 0057 52784973 		.ascii	"RxIsr\000"
 840      7200
 841              	.LASF12:
 842 005d 666C6F61 		.ascii	"float\000"
 842      7400
 843              	.LASF20:
 844 0063 64617461 		.ascii	"data\000"
ARM GAS  C:\Users\sdysart\AppData\Local\Temp\cc6jwMsr.s 			page 18


 844      00
 845              	.LASF1:
 846 0068 756E7369 		.ascii	"unsigned char\000"
 846      676E6564 
 846      20636861 
 846      7200
 847              	.LASF32:
 848 0076 474E5520 		.ascii	"GNU C11 5.4.1 20160609 (release) [ARM/embedded-5-br"
 848      43313120 
 848      352E342E 
 848      31203230 
 848      31363036 
 849 00a9 616E6368 		.ascii	"anch revision 237715] -mcpu=cortex-m3 -mthumb -g -O"
 849      20726576 
 849      6973696F 
 849      6E203233 
 849      37373135 
 850 00dc 67202D66 		.ascii	"g -ffunction-sections -ffat-lto-objects\000"
 850      66756E63 
 850      74696F6E 
 850      2D736563 
 850      74696F6E 
 851              	.LASF16:
 852 0104 72656738 		.ascii	"reg8\000"
 852      00
 853              	.LASF5:
 854 0109 6C6F6E67 		.ascii	"long unsigned int\000"
 854      20756E73 
 854      69676E65 
 854      6420696E 
 854      7400
 855              	.LASF3:
 856 011b 73686F72 		.ascii	"short unsigned int\000"
 856      7420756E 
 856      7369676E 
 856      65642069 
 856      6E7400
 857              	.LASF29:
 858 012e 55415254 		.ascii	"UART_Start\000"
 858      5F537461 
 858      727400
 859              	.LASF27:
 860 0139 6973725F 		.ascii	"isr_rx_SetPending\000"
 860      72785F53 
 860      65745065 
 860      6E64696E 
 860      6700
 861              	.LASF19:
 862 014b 49544D5F 		.ascii	"ITM_RxBuffer\000"
 862      52784275 
 862      66666572 
 862      00
 863              	.LASF13:
 864 0158 646F7562 		.ascii	"double\000"
 864      6C6500
 865              	.LASF36:
 866 015f 72785374 		.ascii	"rxStatus\000"
ARM GAS  C:\Users\sdysart\AppData\Local\Temp\cc6jwMsr.s 			page 19


 866      61747573 
 866      00
 867              	.LASF26:
 868 0168 4C43445F 		.ascii	"LCD_PrintString\000"
 868      5072696E 
 868      74537472 
 868      696E6700 
 869              	.LASF22:
 870 0178 6572726F 		.ascii	"errorStatus\000"
 870      72537461 
 870      74757300 
 871              	.LASF23:
 872 0184 55415254 		.ascii	"UART_GetByte\000"
 872      5F476574 
 872      42797465 
 872      00
 873              	.LASF37:
 874 0191 6D61696E 		.ascii	"main\000"
 874      00
 875              	.LASF31:
 876 0196 6973725F 		.ascii	"isr_rx_StartEx\000"
 876      72785F53 
 876      74617274 
 876      457800
 877              	.LASF8:
 878 01a5 756E7369 		.ascii	"unsigned int\000"
 878      676E6564 
 878      20696E74 
 878      00
 879              	.LASF7:
 880 01b2 6C6F6E67 		.ascii	"long long unsigned int\000"
 880      206C6F6E 
 880      6720756E 
 880      7369676E 
 880      65642069 
 881              	.LASF24:
 882 01c9 4C43445F 		.ascii	"LCD_Position\000"
 882      506F7369 
 882      74696F6E 
 882      00
 883              	.LASF10:
 884 01d6 696E7433 		.ascii	"int32_t\000"
 884      325F7400 
 885              	.LASF18:
 886 01de 73697A65 		.ascii	"sizetype\000"
 886      74797065 
 886      00
 887              	.LASF14:
 888 01e7 63686172 		.ascii	"char8\000"
 888      3800
 889              	.LASF6:
 890 01ed 6C6F6E67 		.ascii	"long long int\000"
 890      206C6F6E 
 890      6720696E 
 890      7400
 891              	.LASF33:
 892 01fb 6D61696E 		.ascii	"main.c\000"
ARM GAS  C:\Users\sdysart\AppData\Local\Temp\cc6jwMsr.s 			page 20


 892      2E6300
 893              	.LASF15:
 894 0202 63686172 		.ascii	"char\000"
 894      00
 895              	.LASF21:
 896 0207 63726162 		.ascii	"crabsReceived\000"
 896      73526563 
 896      65697665 
 896      6400
 897              	.LASF2:
 898 0215 73686F72 		.ascii	"short int\000"
 898      7420696E 
 898      7400
 899              	.LASF11:
 900 021f 75696E74 		.ascii	"uint8\000"
 900      3800
 901              	.LASF4:
 902 0225 6C6F6E67 		.ascii	"long int\000"
 902      20696E74 
 902      00
 903              	.LASF17:
 904 022e 6C6F6E67 		.ascii	"long double\000"
 904      20646F75 
 904      626C6500 
 905              	.LASF0:
 906 023a 7369676E 		.ascii	"signed char\000"
 906      65642063 
 906      68617200 
 907              	.LASF25:
 908 0246 73707269 		.ascii	"sprintf\000"
 908      6E746600 
 909              	.LASF28:
 910 024e 6973725F 		.ascii	"isr_rx_ClearPending\000"
 910      72785F43 
 910      6C656172 
 910      50656E64 
 910      696E6700 
 911              		.ident	"GCC: (GNU Tools for ARM Embedded Processors) 5.4.1 20160609 (release) [ARM/embedded-5-bran
