ARM GAS  C:\Users\ipfajard\AppData\Local\Temp\cc9oEo5K.s 			page 1


   1              		.syntax unified
   2              		.cpu cortex-m3
   3              		.fpu softvfp
   4              		.eabi_attribute 20, 1
   5              		.eabi_attribute 21, 1
   6              		.eabi_attribute 23, 3
   7              		.eabi_attribute 24, 1
   8              		.eabi_attribute 25, 1
   9              		.eabi_attribute 26, 1
  10              		.eabi_attribute 30, 1
  11              		.eabi_attribute 34, 1
  12              		.eabi_attribute 18, 4
  13              		.thumb
  14              		.syntax unified
  15              		.file	"cymetadata.c"
  16              		.text
  17              	.Ltext0:
  18              		.cfi_sections	.debug_frame
  19              		.global	cy_metadata
  20              		.global	cy_meta_flashprotect
  21              		.global	cy_meta_wonvl
  22              		.global	cy_meta_custnvl
  23              		.global	cy_meta_configecc
  24              		.section	.cyconfigecc,"a",%progbits
  25              		.align	2
  26              		.type	cy_meta_configecc, %object
  27              		.size	cy_meta_configecc, 984
  28              	cy_meta_configecc:
  29 0000 02       		.byte	2
  30 0001 52       		.byte	82
  31 0002 00       		.byte	0
  32 0003 40       		.byte	64
  33 0004 03       		.byte	3
  34 0005 64       		.byte	100
  35 0006 00       		.byte	0
  36 0007 40       		.byte	64
  37 0008 01       		.byte	1
  38 0009 65       		.byte	101
  39 000a 00       		.byte	0
  40 000b 40       		.byte	64
  41 000c 46       		.byte	70
  42 000d 02       		.byte	2
  43 000e 01       		.byte	1
  44 000f 40       		.byte	64
  45 0010 25       		.byte	37
  46 0011 03       		.byte	3
  47 0012 01       		.byte	1
  48 0013 40       		.byte	64
  49 0014 3D       		.byte	61
  50 0015 04       		.byte	4
  51 0016 01       		.byte	1
  52 0017 40       		.byte	64
  53 0018 1C       		.byte	28
  54 0019 05       		.byte	5
  55 001a 01       		.byte	1
  56 001b 40       		.byte	64
  57 001c 48       		.byte	72
ARM GAS  C:\Users\ipfajard\AppData\Local\Temp\cc9oEo5K.s 			page 2


  58 001d 06       		.byte	6
  59 001e 01       		.byte	1
  60 001f 40       		.byte	64
  61 0020 21       		.byte	33
  62 0021 07       		.byte	7
  63 0022 01       		.byte	1
  64 0023 40       		.byte	64
  65 0024 01       		.byte	1
  66 0025 09       		.byte	9
  67 0026 01       		.byte	1
  68 0027 40       		.byte	64
  69 0028 3F       		.byte	63
  70 0029 16       		.byte	22
  71 002a 01       		.byte	1
  72 002b 40       		.byte	64
  73 002c 1E       		.byte	30
  74 002d 17       		.byte	23
  75 002e 01       		.byte	1
  76 002f 40       		.byte	64
  77 0030 04       		.byte	4
  78 0031 40       		.byte	64
  79 0032 01       		.byte	1
  80 0033 40       		.byte	64
  81 0034 0E       		.byte	14
  82 0035 41       		.byte	65
  83 0036 01       		.byte	1
  84 0037 40       		.byte	64
  85 0038 03       		.byte	3
  86 0039 42       		.byte	66
  87 003a 01       		.byte	1
  88 003b 40       		.byte	64
  89 003c 05       		.byte	5
  90 003d 43       		.byte	67
  91 003e 01       		.byte	1
  92 003f 40       		.byte	64
  93 0040 02       		.byte	2
  94 0041 47       		.byte	71
  95 0042 01       		.byte	1
  96 0043 40       		.byte	64
  97 0044 03       		.byte	3
  98 0045 48       		.byte	72
  99 0046 01       		.byte	1
 100 0047 40       		.byte	64
 101 0048 03       		.byte	3
 102 0049 4C       		.byte	76
 103 004a 01       		.byte	1
 104 004b 40       		.byte	64
 105 004c 05       		.byte	5
 106 004d 50       		.byte	80
 107 004e 01       		.byte	1
 108 004f 40       		.byte	64
 109 0050 01       		.byte	1
 110 0051 51       		.byte	81
 111 0052 01       		.byte	1
 112 0053 40       		.byte	64
 113 0054 00       		.byte	0
 114 0055 42       		.byte	66
ARM GAS  C:\Users\ipfajard\AppData\Local\Temp\cc9oEo5K.s 			page 3


 115 0056 01       		.byte	1
 116 0057 02       		.byte	2
 117 0058 83       		.byte	-125
 118 0059 0D       		.byte	13
 119 005a 85       		.byte	-123
 120 005b 0D       		.byte	13
 121 005c 87       		.byte	-121
 122 005d 0D       		.byte	13
 123 005e 87       		.byte	-121
 124 005f 0D       		.byte	13
 125 0060 03       		.byte	3
 126 0061 01       		.byte	1
 127 0062 09       		.byte	9
 128 0063 02       		.byte	2
 129 0064 0B       		.byte	11
 130 0065 01       		.byte	1
 131 0066 1B       		.byte	27
 132 0067 02       		.byte	2
 133 0068 33       		.byte	51
 134 0069 03       		.byte	3
 135 006a 3F       		.byte	63
 136 006b 04       		.byte	4
 137 006c 40       		.byte	64
 138 006d 10       		.byte	16
 139 006e 41       		.byte	65
 140 006f 06       		.byte	6
 141 0070 49       		.byte	73
 142 0071 FF       		.byte	-1
 143 0072 4A       		.byte	74
 144 0073 FF       		.byte	-1
 145 0074 4B       		.byte	75
 146 0075 FF       		.byte	-1
 147 0076 4D       		.byte	77
 148 0077 A0       		.byte	-96
 149 0078 4F       		.byte	79
 150 0079 04       		.byte	4
 151 007a 50       		.byte	80
 152 007b 18       		.byte	24
 153 007c 59       		.byte	89
 154 007d 04       		.byte	4
 155 007e 5A       		.byte	90
 156 007f 04       		.byte	4
 157 0080 5D       		.byte	93
 158 0081 03       		.byte	3
 159 0082 5F       		.byte	95
 160 0083 01       		.byte	1
 161 0084 60       		.byte	96
 162 0085 40       		.byte	64
 163 0086 62       		.byte	98
 164 0087 C0       		.byte	-64
 165 0088 64       		.byte	100
 166 0089 40       		.byte	64
 167 008a 65       		.byte	101
 168 008b 40       		.byte	64
 169 008c 66       		.byte	102
 170 008d C0       		.byte	-64
 171 008e 68       		.byte	104
ARM GAS  C:\Users\ipfajard\AppData\Local\Temp\cc9oEo5K.s 			page 4


 172 008f C0       		.byte	-64
 173 0090 6A       		.byte	106
 174 0091 C0       		.byte	-64
 175 0092 6C       		.byte	108
 176 0093 C0       		.byte	-64
 177 0094 6E       		.byte	110
 178 0095 C0       		.byte	-64
 179 0096 88       		.byte	-120
 180 0097 02       		.byte	2
 181 0098 8F       		.byte	-113
 182 0099 06       		.byte	6
 183 009a 93       		.byte	-109
 184 009b 01       		.byte	1
 185 009c 97       		.byte	-105
 186 009d 02       		.byte	2
 187 009e 9B       		.byte	-101
 188 009f 04       		.byte	4
 189 00a0 A6       		.byte	-90
 190 00a1 03       		.byte	3
 191 00a2 B1       		.byte	-79
 192 00a3 01       		.byte	1
 193 00a4 B2       		.byte	-78
 194 00a5 01       		.byte	1
 195 00a6 B3       		.byte	-77
 196 00a7 02       		.byte	2
 197 00a8 B5       		.byte	-75
 198 00a9 04       		.byte	4
 199 00aa B6       		.byte	-74
 200 00ab 02       		.byte	2
 201 00ac B7       		.byte	-73
 202 00ad 02       		.byte	2
 203 00ae BF       		.byte	-65
 204 00af 04       		.byte	4
 205 00b0 C0       		.byte	-64
 206 00b1 40       		.byte	64
 207 00b2 C1       		.byte	-63
 208 00b3 06       		.byte	6
 209 00b4 C5       		.byte	-59
 210 00b5 D1       		.byte	-47
 211 00b6 C7       		.byte	-57
 212 00b7 02       		.byte	2
 213 00b8 C8       		.byte	-56
 214 00b9 13       		.byte	19
 215 00ba C9       		.byte	-55
 216 00bb FF       		.byte	-1
 217 00bc CA       		.byte	-54
 218 00bd FF       		.byte	-1
 219 00be CB       		.byte	-53
 220 00bf FF       		.byte	-1
 221 00c0 CD       		.byte	-51
 222 00c1 AF       		.byte	-81
 223 00c2 CE       		.byte	-50
 224 00c3 0F       		.byte	15
 225 00c4 CF       		.byte	-49
 226 00c5 04       		.byte	4
 227 00c6 D0       		.byte	-48
 228 00c7 18       		.byte	24
ARM GAS  C:\Users\ipfajard\AppData\Local\Temp\cc9oEo5K.s 			page 5


 229 00c8 D2       		.byte	-46
 230 00c9 80       		.byte	-128
 231 00ca D4       		.byte	-44
 232 00cb 05       		.byte	5
 233 00cc D8       		.byte	-40
 234 00cd 04       		.byte	4
 235 00ce D9       		.byte	-39
 236 00cf 04       		.byte	4
 237 00d0 DA       		.byte	-38
 238 00d1 04       		.byte	4
 239 00d2 DB       		.byte	-37
 240 00d3 04       		.byte	4
 241 00d4 DC       		.byte	-36
 242 00d5 33       		.byte	51
 243 00d6 DD       		.byte	-35
 244 00d7 33       		.byte	51
 245 00d8 DF       		.byte	-33
 246 00d9 01       		.byte	1
 247 00da E0       		.byte	-32
 248 00db 40       		.byte	64
 249 00dc E2       		.byte	-30
 250 00dd C0       		.byte	-64
 251 00de E4       		.byte	-28
 252 00df 40       		.byte	64
 253 00e0 E5       		.byte	-27
 254 00e1 40       		.byte	64
 255 00e2 E6       		.byte	-26
 256 00e3 C0       		.byte	-64
 257 00e4 E8       		.byte	-24
 258 00e5 C0       		.byte	-64
 259 00e6 EA       		.byte	-22
 260 00e7 C0       		.byte	-64
 261 00e8 EC       		.byte	-20
 262 00e9 C0       		.byte	-64
 263 00ea EE       		.byte	-18
 264 00eb C0       		.byte	-64
 265 00ec 00       		.byte	0
 266 00ed 10       		.byte	16
 267 00ee 10       		.byte	16
 268 00ef 20       		.byte	32
 269 00f0 18       		.byte	24
 270 00f1 10       		.byte	16
 271 00f2 19       		.byte	25
 272 00f3 40       		.byte	64
 273 00f4 20       		.byte	32
 274 00f5 40       		.byte	64
 275 00f6 22       		.byte	34
 276 00f7 24       		.byte	36
 277 00f8 23       		.byte	35
 278 00f9 82       		.byte	-126
 279 00fa 27       		.byte	39
 280 00fb 20       		.byte	32
 281 00fc 30       		.byte	48
 282 00fd 20       		.byte	32
 283 00fe 31       		.byte	49
 284 00ff 02       		.byte	2
 285 0100 32       		.byte	50
ARM GAS  C:\Users\ipfajard\AppData\Local\Temp\cc9oEo5K.s 			page 6


 286 0101 08       		.byte	8
 287 0102 36       		.byte	54
 288 0103 20       		.byte	32
 289 0104 38       		.byte	56
 290 0105 40       		.byte	64
 291 0106 3C       		.byte	60
 292 0107 01       		.byte	1
 293 0108 3F       		.byte	63
 294 0109 20       		.byte	32
 295 010a 40       		.byte	64
 296 010b 40       		.byte	64
 297 010c 47       		.byte	71
 298 010d 80       		.byte	-128
 299 010e 48       		.byte	72
 300 010f 20       		.byte	32
 301 0110 49       		.byte	73
 302 0111 01       		.byte	1
 303 0112 4A       		.byte	74
 304 0113 08       		.byte	8
 305 0114 4E       		.byte	78
 306 0115 08       		.byte	8
 307 0116 52       		.byte	82
 308 0117 08       		.byte	8
 309 0118 59       		.byte	89
 310 0119 41       		.byte	65
 311 011a 5A       		.byte	90
 312 011b 08       		.byte	8
 313 011c 71       		.byte	113
 314 011d 02       		.byte	2
 315 011e 83       		.byte	-125
 316 011f 30       		.byte	48
 317 0120 8E       		.byte	-114
 318 0121 40       		.byte	64
 319 0122 9F       		.byte	-97
 320 0123 02       		.byte	2
 321 0124 AF       		.byte	-81
 322 0125 02       		.byte	2
 323 0126 C0       		.byte	-64
 324 0127 02       		.byte	2
 325 0128 C4       		.byte	-60
 326 0129 04       		.byte	4
 327 012a CC       		.byte	-52
 328 012b 27       		.byte	39
 329 012c CE       		.byte	-50
 330 012d A8       		.byte	-88
 331 012e D0       		.byte	-48
 332 012f 11       		.byte	17
 333 0130 D2       		.byte	-46
 334 0131 24       		.byte	36
 335 0132 D6       		.byte	-42
 336 0133 0B       		.byte	11
 337 0134 E6       		.byte	-26
 338 0135 40       		.byte	64
 339 0136 40       		.byte	64
 340 0137 30       		.byte	48
 341 0138 41       		.byte	65
 342 0139 02       		.byte	2
ARM GAS  C:\Users\ipfajard\AppData\Local\Temp\cc9oEo5K.s 			page 7


 343 013a 49       		.byte	73
 344 013b FF       		.byte	-1
 345 013c 4A       		.byte	74
 346 013d FF       		.byte	-1
 347 013e 4B       		.byte	75
 348 013f FF       		.byte	-1
 349 0140 4D       		.byte	77
 350 0141 A0       		.byte	-96
 351 0142 4F       		.byte	79
 352 0143 04       		.byte	4
 353 0144 50       		.byte	80
 354 0145 18       		.byte	24
 355 0146 5A       		.byte	90
 356 0147 04       		.byte	4
 357 0148 5F       		.byte	95
 358 0149 01       		.byte	1
 359 014a 60       		.byte	96
 360 014b 40       		.byte	64
 361 014c 62       		.byte	98
 362 014d C0       		.byte	-64
 363 014e 64       		.byte	100
 364 014f 40       		.byte	64
 365 0150 65       		.byte	101
 366 0151 40       		.byte	64
 367 0152 66       		.byte	102
 368 0153 C0       		.byte	-64
 369 0154 68       		.byte	104
 370 0155 C0       		.byte	-64
 371 0156 6A       		.byte	106
 372 0157 C0       		.byte	-64
 373 0158 6C       		.byte	108
 374 0159 C0       		.byte	-64
 375 015a 6E       		.byte	110
 376 015b C0       		.byte	-64
 377 015c 83       		.byte	-125
 378 015d 03       		.byte	3
 379 015e 8A       		.byte	-118
 380 015f 06       		.byte	6
 381 0160 96       		.byte	-106
 382 0161 02       		.byte	2
 383 0162 99       		.byte	-103
 384 0163 02       		.byte	2
 385 0164 9E       		.byte	-98
 386 0165 04       		.byte	4
 387 0166 AE       		.byte	-82
 388 0167 01       		.byte	1
 389 0168 B0       		.byte	-80
 390 0169 02       		.byte	2
 391 016a B2       		.byte	-78
 392 016b 01       		.byte	1
 393 016c B3       		.byte	-77
 394 016d 01       		.byte	1
 395 016e B4       		.byte	-76
 396 016f 02       		.byte	2
 397 0170 B6       		.byte	-74
 398 0171 04       		.byte	4
 399 0172 B7       		.byte	-73
ARM GAS  C:\Users\ipfajard\AppData\Local\Temp\cc9oEo5K.s 			page 8


 400 0173 02       		.byte	2
 401 0174 BE       		.byte	-66
 402 0175 10       		.byte	16
 403 0176 C0       		.byte	-64
 404 0177 30       		.byte	48
 405 0178 C1       		.byte	-63
 406 0179 02       		.byte	2
 407 017a C5       		.byte	-59
 408 017b D0       		.byte	-48
 409 017c C6       		.byte	-58
 410 017d 20       		.byte	32
 411 017e C7       		.byte	-57
 412 017f 10       		.byte	16
 413 0180 C8       		.byte	-56
 414 0181 2A       		.byte	42
 415 0182 C9       		.byte	-55
 416 0183 FF       		.byte	-1
 417 0184 CA       		.byte	-54
 418 0185 FF       		.byte	-1
 419 0186 CB       		.byte	-53
 420 0187 FF       		.byte	-1
 421 0188 CD       		.byte	-51
 422 0189 AF       		.byte	-81
 423 018a CE       		.byte	-50
 424 018b 0F       		.byte	15
 425 018c CF       		.byte	-49
 426 018d 04       		.byte	4
 427 018e D0       		.byte	-48
 428 018f 18       		.byte	24
 429 0190 D2       		.byte	-46
 430 0191 80       		.byte	-128
 431 0192 D4       		.byte	-44
 432 0193 05       		.byte	5
 433 0194 D8       		.byte	-40
 434 0195 04       		.byte	4
 435 0196 D9       		.byte	-39
 436 0197 04       		.byte	4
 437 0198 DA       		.byte	-38
 438 0199 04       		.byte	4
 439 019a DB       		.byte	-37
 440 019b 04       		.byte	4
 441 019c DF       		.byte	-33
 442 019d 01       		.byte	1
 443 019e E0       		.byte	-32
 444 019f 40       		.byte	64
 445 01a0 E2       		.byte	-30
 446 01a1 C0       		.byte	-64
 447 01a2 E4       		.byte	-28
 448 01a3 40       		.byte	64
 449 01a4 E5       		.byte	-27
 450 01a5 40       		.byte	64
 451 01a6 E6       		.byte	-26
 452 01a7 C0       		.byte	-64
 453 01a8 E8       		.byte	-24
 454 01a9 C0       		.byte	-64
 455 01aa EA       		.byte	-22
 456 01ab C0       		.byte	-64
ARM GAS  C:\Users\ipfajard\AppData\Local\Temp\cc9oEo5K.s 			page 9


 457 01ac EC       		.byte	-20
 458 01ad C0       		.byte	-64
 459 01ae EE       		.byte	-18
 460 01af C0       		.byte	-64
 461 01b0 04       		.byte	4
 462 01b1 10       		.byte	16
 463 01b2 0F       		.byte	15
 464 01b3 22       		.byte	34
 465 01b4 17       		.byte	23
 466 01b5 40       		.byte	64
 467 01b6 1C       		.byte	28
 468 01b7 11       		.byte	17
 469 01b8 1D       		.byte	29
 470 01b9 08       		.byte	8
 471 01ba 1E       		.byte	30
 472 01bb 48       		.byte	72
 473 01bc 26       		.byte	38
 474 01bd 40       		.byte	64
 475 01be 27       		.byte	39
 476 01bf 20       		.byte	32
 477 01c0 37       		.byte	55
 478 01c1 20       		.byte	32
 479 01c2 3F       		.byte	63
 480 01c3 02       		.byte	2
 481 01c4 40       		.byte	64
 482 01c5 10       		.byte	16
 483 01c6 41       		.byte	65
 484 01c7 20       		.byte	32
 485 01c8 45       		.byte	69
 486 01c9 28       		.byte	40
 487 01ca 4F       		.byte	79
 488 01cb 01       		.byte	1
 489 01cc 55       		.byte	85
 490 01cd 20       		.byte	32
 491 01ce 57       		.byte	87
 492 01cf 11       		.byte	17
 493 01d0 5E       		.byte	94
 494 01d1 88       		.byte	-120
 495 01d2 5F       		.byte	95
 496 01d3 01       		.byte	1
 497 01d4 77       		.byte	119
 498 01d5 40       		.byte	64
 499 01d6 94       		.byte	-108
 500 01d7 01       		.byte	1
 501 01d8 96       		.byte	-106
 502 01d9 40       		.byte	64
 503 01da C0       		.byte	-64
 504 01db 40       		.byte	64
 505 01dc C2       		.byte	-62
 506 01dd A0       		.byte	-96
 507 01de C4       		.byte	-60
 508 01df 80       		.byte	-128
 509 01e0 CC       		.byte	-52
 510 01e1 20       		.byte	32
 511 01e2 CE       		.byte	-50
 512 01e3 80       		.byte	-128
 513 01e4 D0       		.byte	-48
ARM GAS  C:\Users\ipfajard\AppData\Local\Temp\cc9oEo5K.s 			page 10


 514 01e5 66       		.byte	102
 515 01e6 D6       		.byte	-42
 516 01e7 D0       		.byte	-48
 517 01e8 02       		.byte	2
 518 01e9 01       		.byte	1
 519 01ea 12       		.byte	18
 520 01eb 02       		.byte	2
 521 01ec 22       		.byte	34
 522 01ed 02       		.byte	2
 523 01ee 30       		.byte	48
 524 01ef 01       		.byte	1
 525 01f0 32       		.byte	50
 526 01f1 02       		.byte	2
 527 01f2 34       		.byte	52
 528 01f3 02       		.byte	2
 529 01f4 36       		.byte	54
 530 01f5 01       		.byte	1
 531 01f6 3E       		.byte	62
 532 01f7 04       		.byte	4
 533 01f8 40       		.byte	64
 534 01f9 10       		.byte	16
 535 01fa 41       		.byte	65
 536 01fb 05       		.byte	5
 537 01fc 49       		.byte	73
 538 01fd FF       		.byte	-1
 539 01fe 4A       		.byte	74
 540 01ff FF       		.byte	-1
 541 0200 4B       		.byte	75
 542 0201 FF       		.byte	-1
 543 0202 4D       		.byte	77
 544 0203 A0       		.byte	-96
 545 0204 4F       		.byte	79
 546 0205 04       		.byte	4
 547 0206 50       		.byte	80
 548 0207 18       		.byte	24
 549 0208 52       		.byte	82
 550 0209 80       		.byte	-128
 551 020a 58       		.byte	88
 552 020b 04       		.byte	4
 553 020c 5A       		.byte	90
 554 020d 04       		.byte	4
 555 020e 5B       		.byte	91
 556 020f 04       		.byte	4
 557 0210 5C       		.byte	92
 558 0211 01       		.byte	1
 559 0212 5D       		.byte	93
 560 0213 11       		.byte	17
 561 0214 5F       		.byte	95
 562 0215 01       		.byte	1
 563 0216 60       		.byte	96
 564 0217 40       		.byte	64
 565 0218 62       		.byte	98
 566 0219 C0       		.byte	-64
 567 021a 64       		.byte	100
 568 021b 40       		.byte	64
 569 021c 65       		.byte	101
 570 021d 40       		.byte	64
ARM GAS  C:\Users\ipfajard\AppData\Local\Temp\cc9oEo5K.s 			page 11


 571 021e 66       		.byte	102
 572 021f C0       		.byte	-64
 573 0220 68       		.byte	104
 574 0221 C0       		.byte	-64
 575 0222 6A       		.byte	106
 576 0223 C0       		.byte	-64
 577 0224 6C       		.byte	108
 578 0225 C0       		.byte	-64
 579 0226 6E       		.byte	110
 580 0227 C0       		.byte	-64
 581 0228 8E       		.byte	-114
 582 0229 02       		.byte	2
 583 022a 96       		.byte	-106
 584 022b 01       		.byte	1
 585 022c 98       		.byte	-104
 586 022d 10       		.byte	16
 587 022e 9E       		.byte	-98
 588 022f 04       		.byte	4
 589 0230 A6       		.byte	-90
 590 0231 1C       		.byte	28
 591 0232 AC       		.byte	-84
 592 0233 02       		.byte	2
 593 0234 AE       		.byte	-82
 594 0235 01       		.byte	1
 595 0236 B0       		.byte	-80
 596 0237 10       		.byte	16
 597 0238 B2       		.byte	-78
 598 0239 04       		.byte	4
 599 023a B4       		.byte	-76
 600 023b 08       		.byte	8
 601 023c B6       		.byte	-74
 602 023d 03       		.byte	3
 603 023e BE       		.byte	-66
 604 023f 40       		.byte	64
 605 0240 C0       		.byte	-64
 606 0241 40       		.byte	64
 607 0242 C1       		.byte	-63
 608 0243 05       		.byte	5
 609 0244 C5       		.byte	-59
 610 0245 D1       		.byte	-47
 611 0246 C7       		.byte	-57
 612 0247 20       		.byte	32
 613 0248 C8       		.byte	-56
 614 0249 23       		.byte	35
 615 024a C9       		.byte	-55
 616 024b FF       		.byte	-1
 617 024c CA       		.byte	-54
 618 024d FF       		.byte	-1
 619 024e CB       		.byte	-53
 620 024f FF       		.byte	-1
 621 0250 CD       		.byte	-51
 622 0251 AF       		.byte	-81
 623 0252 CE       		.byte	-50
 624 0253 0F       		.byte	15
 625 0254 CF       		.byte	-49
 626 0255 04       		.byte	4
 627 0256 D0       		.byte	-48
ARM GAS  C:\Users\ipfajard\AppData\Local\Temp\cc9oEo5K.s 			page 12


 628 0257 18       		.byte	24
 629 0258 D4       		.byte	-44
 630 0259 05       		.byte	5
 631 025a D8       		.byte	-40
 632 025b 04       		.byte	4
 633 025c DA       		.byte	-38
 634 025d 04       		.byte	4
 635 025e DB       		.byte	-37
 636 025f 04       		.byte	4
 637 0260 DC       		.byte	-36
 638 0261 01       		.byte	1
 639 0262 DD       		.byte	-35
 640 0263 11       		.byte	17
 641 0264 DF       		.byte	-33
 642 0265 01       		.byte	1
 643 0266 E0       		.byte	-32
 644 0267 40       		.byte	64
 645 0268 E2       		.byte	-30
 646 0269 C0       		.byte	-64
 647 026a E4       		.byte	-28
 648 026b 40       		.byte	64
 649 026c E5       		.byte	-27
 650 026d 40       		.byte	64
 651 026e E6       		.byte	-26
 652 026f C0       		.byte	-64
 653 0270 E8       		.byte	-24
 654 0271 C0       		.byte	-64
 655 0272 EA       		.byte	-22
 656 0273 C0       		.byte	-64
 657 0274 EC       		.byte	-20
 658 0275 C0       		.byte	-64
 659 0276 EE       		.byte	-18
 660 0277 C0       		.byte	-64
 661 0278 01       		.byte	1
 662 0279 80       		.byte	-128
 663 027a 07       		.byte	7
 664 027b 80       		.byte	-128
 665 027c 09       		.byte	9
 666 027d 80       		.byte	-128
 667 027e 0A       		.byte	10
 668 027f 14       		.byte	20
 669 0280 0E       		.byte	14
 670 0281 80       		.byte	-128
 671 0282 10       		.byte	16
 672 0283 20       		.byte	32
 673 0284 11       		.byte	17
 674 0285 80       		.byte	-128
 675 0286 15       		.byte	21
 676 0287 02       		.byte	2
 677 0288 1A       		.byte	26
 678 0289 54       		.byte	84
 679 028a 1B       		.byte	27
 680 028b 80       		.byte	-128
 681 028c 1C       		.byte	28
 682 028d 40       		.byte	64
 683 028e 1D       		.byte	29
 684 028f 84       		.byte	-124
ARM GAS  C:\Users\ipfajard\AppData\Local\Temp\cc9oEo5K.s 			page 13


 685 0290 1E       		.byte	30
 686 0291 80       		.byte	-128
 687 0292 1F       		.byte	31
 688 0293 10       		.byte	16
 689 0294 40       		.byte	64
 690 0295 40       		.byte	64
 691 0296 45       		.byte	69
 692 0297 80       		.byte	-128
 693 0298 48       		.byte	72
 694 0299 20       		.byte	32
 695 029a 49       		.byte	73
 696 029b 01       		.byte	1
 697 029c 4A       		.byte	74
 698 029d 02       		.byte	2
 699 029e 4E       		.byte	78
 700 029f 02       		.byte	2
 701 02a0 51       		.byte	81
 702 02a1 01       		.byte	1
 703 02a2 52       		.byte	82
 704 02a3 02       		.byte	2
 705 02a4 59       		.byte	89
 706 02a5 05       		.byte	5
 707 02a6 5A       		.byte	90
 708 02a7 40       		.byte	64
 709 02a8 77       		.byte	119
 710 02a9 80       		.byte	-128
 711 02aa 83       		.byte	-125
 712 02ab 80       		.byte	-128
 713 02ac 89       		.byte	-119
 714 02ad 40       		.byte	64
 715 02ae C0       		.byte	-64
 716 02af 11       		.byte	17
 717 02b0 C2       		.byte	-62
 718 02b1 17       		.byte	23
 719 02b2 C4       		.byte	-60
 720 02b3 15       		.byte	21
 721 02b4 D0       		.byte	-48
 722 02b5 11       		.byte	17
 723 02b6 D2       		.byte	-46
 724 02b7 18       		.byte	24
 725 02b8 D6       		.byte	-42
 726 02b9 0B       		.byte	11
 727 02ba E6       		.byte	-26
 728 02bb 20       		.byte	32
 729 02bc 40       		.byte	64
 730 02bd 60       		.byte	96
 731 02be 41       		.byte	65
 732 02bf 02       		.byte	2
 733 02c0 49       		.byte	73
 734 02c1 FF       		.byte	-1
 735 02c2 4A       		.byte	74
 736 02c3 FF       		.byte	-1
 737 02c4 4B       		.byte	75
 738 02c5 FF       		.byte	-1
 739 02c6 4D       		.byte	77
 740 02c7 A0       		.byte	-96
 741 02c8 4F       		.byte	79
ARM GAS  C:\Users\ipfajard\AppData\Local\Temp\cc9oEo5K.s 			page 14


 742 02c9 04       		.byte	4
 743 02ca 50       		.byte	80
 744 02cb 18       		.byte	24
 745 02cc 5A       		.byte	90
 746 02cd 04       		.byte	4
 747 02ce 5D       		.byte	93
 748 02cf 02       		.byte	2
 749 02d0 5F       		.byte	95
 750 02d1 01       		.byte	1
 751 02d2 60       		.byte	96
 752 02d3 40       		.byte	64
 753 02d4 62       		.byte	98
 754 02d5 C0       		.byte	-64
 755 02d6 64       		.byte	100
 756 02d7 40       		.byte	64
 757 02d8 65       		.byte	101
 758 02d9 40       		.byte	64
 759 02da 66       		.byte	102
 760 02db C0       		.byte	-64
 761 02dc 68       		.byte	104
 762 02dd C0       		.byte	-64
 763 02de 6A       		.byte	106
 764 02df C0       		.byte	-64
 765 02e0 6C       		.byte	108
 766 02e1 C0       		.byte	-64
 767 02e2 6E       		.byte	110
 768 02e3 C0       		.byte	-64
 769 02e4 91       		.byte	-111
 770 02e5 02       		.byte	2
 771 02e6 92       		.byte	-110
 772 02e7 01       		.byte	1
 773 02e8 9A       		.byte	-102
 774 02e9 06       		.byte	6
 775 02ea 9B       		.byte	-101
 776 02eb 03       		.byte	3
 777 02ec A6       		.byte	-90
 778 02ed 04       		.byte	4
 779 02ee AA       		.byte	-86
 780 02ef 02       		.byte	2
 781 02f0 B0       		.byte	-80
 782 02f1 02       		.byte	2
 783 02f2 B1       		.byte	-79
 784 02f3 01       		.byte	1
 785 02f4 B2       		.byte	-78
 786 02f5 02       		.byte	2
 787 02f6 B4       		.byte	-76
 788 02f7 01       		.byte	1
 789 02f8 B6       		.byte	-74
 790 02f9 04       		.byte	4
 791 02fa B7       		.byte	-73
 792 02fb 02       		.byte	2
 793 02fc BE       		.byte	-66
 794 02fd 04       		.byte	4
 795 02fe C0       		.byte	-64
 796 02ff 20       		.byte	32
 797 0300 C1       		.byte	-63
 798 0301 06       		.byte	6
ARM GAS  C:\Users\ipfajard\AppData\Local\Temp\cc9oEo5K.s 			page 15


 799 0302 C5       		.byte	-59
 800 0303 D1       		.byte	-47
 801 0304 C7       		.byte	-57
 802 0305 02       		.byte	2
 803 0306 C8       		.byte	-56
 804 0307 13       		.byte	19
 805 0308 C9       		.byte	-55
 806 0309 FF       		.byte	-1
 807 030a CA       		.byte	-54
 808 030b FF       		.byte	-1
 809 030c CB       		.byte	-53
 810 030d FF       		.byte	-1
 811 030e CD       		.byte	-51
 812 030f AF       		.byte	-81
 813 0310 CE       		.byte	-50
 814 0311 0F       		.byte	15
 815 0312 CF       		.byte	-49
 816 0313 04       		.byte	4
 817 0314 D0       		.byte	-48
 818 0315 18       		.byte	24
 819 0316 D2       		.byte	-46
 820 0317 80       		.byte	-128
 821 0318 D4       		.byte	-44
 822 0319 05       		.byte	5
 823 031a D8       		.byte	-40
 824 031b 04       		.byte	4
 825 031c D9       		.byte	-39
 826 031d 04       		.byte	4
 827 031e DA       		.byte	-38
 828 031f 04       		.byte	4
 829 0320 DB       		.byte	-37
 830 0321 04       		.byte	4
 831 0322 DC       		.byte	-36
 832 0323 22       		.byte	34
 833 0324 DD       		.byte	-35
 834 0325 22       		.byte	34
 835 0326 DF       		.byte	-33
 836 0327 01       		.byte	1
 837 0328 E0       		.byte	-32
 838 0329 40       		.byte	64
 839 032a E2       		.byte	-30
 840 032b C0       		.byte	-64
 841 032c E4       		.byte	-28
 842 032d 40       		.byte	64
 843 032e E5       		.byte	-27
 844 032f 40       		.byte	64
 845 0330 E6       		.byte	-26
 846 0331 C0       		.byte	-64
 847 0332 E8       		.byte	-24
 848 0333 C0       		.byte	-64
 849 0334 EA       		.byte	-22
 850 0335 C0       		.byte	-64
 851 0336 EC       		.byte	-20
 852 0337 C0       		.byte	-64
 853 0338 EE       		.byte	-18
 854 0339 C0       		.byte	-64
 855 033a 0A       		.byte	10
ARM GAS  C:\Users\ipfajard\AppData\Local\Temp\cc9oEo5K.s 			page 16


 856 033b 44       		.byte	68
 857 033c 10       		.byte	16
 858 033d 20       		.byte	32
 859 033e 12       		.byte	18
 860 033f 04       		.byte	4
 861 0340 19       		.byte	25
 862 0341 86       		.byte	-122
 863 0342 1A       		.byte	26
 864 0343 04       		.byte	4
 865 0344 1B       		.byte	27
 866 0345 10       		.byte	16
 867 0346 21       		.byte	33
 868 0347 02       		.byte	2
 869 0348 22       		.byte	34
 870 0349 40       		.byte	64
 871 034a 30       		.byte	48
 872 034b 20       		.byte	32
 873 034c 31       		.byte	49
 874 034d 02       		.byte	2
 875 034e 42       		.byte	66
 876 034f 04       		.byte	4
 877 0350 46       		.byte	70
 878 0351 04       		.byte	4
 879 0352 48       		.byte	72
 880 0353 28       		.byte	40
 881 0354 49       		.byte	73
 882 0355 01       		.byte	1
 883 0356 4F       		.byte	79
 884 0357 20       		.byte	32
 885 0358 50       		.byte	80
 886 0359 08       		.byte	8
 887 035a 52       		.byte	82
 888 035b 04       		.byte	4
 889 035c 59       		.byte	89
 890 035d 05       		.byte	5
 891 035e 5A       		.byte	90
 892 035f 80       		.byte	-128
 893 0360 72       		.byte	114
 894 0361 40       		.byte	64
 895 0362 9D       		.byte	-99
 896 0363 82       		.byte	-126
 897 0364 AD       		.byte	-83
 898 0365 02       		.byte	2
 899 0366 B3       		.byte	-77
 900 0367 10       		.byte	16
 901 0368 C2       		.byte	-62
 902 0369 0A       		.byte	10
 903 036a C4       		.byte	-60
 904 036b 06       		.byte	6
 905 036c CC       		.byte	-52
 906 036d 05       		.byte	5
 907 036e D0       		.byte	-48
 908 036f 24       		.byte	36
 909 0370 D2       		.byte	-46
 910 0371 24       		.byte	36
 911 0372 D6       		.byte	-42
 912 0373 0B       		.byte	11
ARM GAS  C:\Users\ipfajard\AppData\Local\Temp\cc9oEo5K.s 			page 17


 913 0374 EA       		.byte	-22
 914 0375 20       		.byte	32
 915 0376 30       		.byte	48
 916 0377 12       		.byte	18
 917 0378 34       		.byte	52
 918 0379 02       		.byte	2
 919 037a 36       		.byte	54
 920 037b 10       		.byte	16
 921 037c CC       		.byte	-52
 922 037d F0       		.byte	-16
 923 037e 03       		.byte	3
 924 037f 40       		.byte	64
 925 0380 5D       		.byte	93
 926 0381 02       		.byte	2
 927 0382 5F       		.byte	95
 928 0383 80       		.byte	-128
 929 0384 83       		.byte	-125
 930 0385 C0       		.byte	-64
 931 0386 8C       		.byte	-116
 932 0387 02       		.byte	2
 933 0388 9C       		.byte	-100
 934 0389 10       		.byte	16
 935 038a A4       		.byte	-92
 936 038b 02       		.byte	2
 937 038c A6       		.byte	-90
 938 038d 10       		.byte	16
 939 038e AC       		.byte	-84
 940 038f 02       		.byte	2
 941 0390 C0       		.byte	-64
 942 0391 10       		.byte	16
 943 0392 D6       		.byte	-42
 944 0393 A0       		.byte	-96
 945 0394 E2       		.byte	-30
 946 0395 80       		.byte	-128
 947 0396 E4       		.byte	-28
 948 0397 80       		.byte	-128
 949 0398 EE       		.byte	-18
 950 0399 40       		.byte	64
 951 039a 9C       		.byte	-100
 952 039b 10       		.byte	16
 953 039c 9D       		.byte	-99
 954 039d 02       		.byte	2
 955 039e A6       		.byte	-90
 956 039f 10       		.byte	16
 957 03a0 81       		.byte	-127
 958 03a1 02       		.byte	2
 959 03a2 9C       		.byte	-100
 960 03a3 10       		.byte	16
 961 03a4 9D       		.byte	-99
 962 03a5 02       		.byte	2
 963 03a6 A6       		.byte	-90
 964 03a7 10       		.byte	16
 965 03a8 E6       		.byte	-26
 966 03a9 20       		.byte	32
 967 03aa 8B       		.byte	-117
 968 03ab 04       		.byte	4
 969 03ac E6       		.byte	-26
ARM GAS  C:\Users\ipfajard\AppData\Local\Temp\cc9oEo5K.s 			page 18


 970 03ad 04       		.byte	4
 971 03ae AE       		.byte	-82
 972 03af 10       		.byte	16
 973 03b0 B0       		.byte	-80
 974 03b1 10       		.byte	16
 975 03b2 EE       		.byte	-18
 976 03b3 10       		.byte	16
 977 03b4 0F       		.byte	15
 978 03b5 04       		.byte	4
 979 03b6 97       		.byte	-105
 980 03b7 04       		.byte	4
 981 03b8 C2       		.byte	-62
 982 03b9 01       		.byte	1
 983 03ba 00       		.byte	0
 984 03bb 0B       		.byte	11
 985 03bc 08       		.byte	8
 986 03bd 08       		.byte	8
 987 03be 0A       		.byte	10
 988 03bf 03       		.byte	3
 989 03c0 10       		.byte	16
 990 03c1 04       		.byte	4
 991 03c2 1A       		.byte	26
 992 03c3 04       		.byte	4
 993 03c4 00       		.byte	0
 994 03c5 FF       		.byte	-1
 995 03c6 00       		.byte	0
 996 03c7 00       		.byte	0
 997 03c8 01       		.byte	1
 998 03c9 66       		.byte	102
 999 03ca 66       		.byte	102
 1000 03cb 00       		.byte	0
 1001 03cc 42       		.byte	66
 1002 03cd 00       		.byte	0
 1003 03ce 00       		.byte	0
 1004 03cf 00       		.byte	0
 1005 03d0 80       		.byte	-128
 1006 03d1 4B       		.byte	75
 1007 03d2 4B       		.byte	75
 1008 03d3 00       		.byte	0
 1009 03d4 00       		.byte	0
 1010 03d5 00       		.byte	0
 1011 03d6 00       		.byte	0
 1012 03d7 00       		.byte	0
 1013              		.section	.cywolatch,"a",%progbits
 1014              		.align	2
 1015              		.type	cy_meta_wonvl, %object
 1016              		.size	cy_meta_wonvl, 4
 1017              	cy_meta_wonvl:
 1018 0000 BC       		.byte	-68
 1019 0001 90       		.byte	-112
 1020 0002 AC       		.byte	-84
 1021 0003 AF       		.byte	-81
 1022              		.section	.cycustnvl,"a",%progbits
 1023              		.align	2
 1024              		.type	cy_meta_custnvl, %object
 1025              		.size	cy_meta_custnvl, 4
 1026              	cy_meta_custnvl:
ARM GAS  C:\Users\ipfajard\AppData\Local\Temp\cc9oEo5K.s 			page 19


 1027 0000 00       		.byte	0
 1028 0001 00       		.byte	0
 1029 0002 40       		.byte	64
 1030 0003 05       		.byte	5
 1031              		.section	.cymeta,"a",%progbits
 1032              		.align	2
 1033              		.type	cy_metadata, %object
 1034              		.size	cy_metadata, 12
 1035              	cy_metadata:
 1036 0000 00       		.byte	0
 1037 0001 01       		.byte	1
 1038 0002 2E       		.byte	46
 1039 0003 16       		.byte	22
 1040 0004 10       		.byte	16
 1041 0005 69       		.byte	105
 1042 0006 00       		.byte	0
 1043 0007 01       		.byte	1
 1044 0008 00       		.byte	0
 1045 0009 00       		.byte	0
 1046 000a 00       		.byte	0
 1047 000b 00       		.byte	0
 1048              		.section	.cyflashprotect,"a",%progbits
 1049              		.align	2
 1050              		.type	cy_meta_flashprotect, %object
 1051              		.size	cy_meta_flashprotect, 256
 1052              	cy_meta_flashprotect:
 1053 0000 00000000 		.space	256
 1053      00000000 
 1053      00000000 
 1053      00000000 
 1053      00000000 
 1054              		.text
 1055              	.Letext0:
 1056              		.file 1 "c:\\program files (x86)\\cypress\\psoc creator\\4.1\\psoc creator\\import\\gnu\\arm\\5.4.
 1057              		.file 2 "c:\\program files (x86)\\cypress\\psoc creator\\4.1\\psoc creator\\import\\gnu\\arm\\5.4.
 1058              		.file 3 "Generated_Source\\PSoC5\\cymetadata.c"
 1059              		.section	.debug_info,"",%progbits
 1060              	.Ldebug_info0:
 1061 0000 31010000 		.4byte	0x131
 1062 0004 0400     		.2byte	0x4
 1063 0006 00000000 		.4byte	.Ldebug_abbrev0
 1064 000a 04       		.byte	0x4
 1065 000b 01       		.uleb128 0x1
 1066 000c 24000000 		.4byte	.LASF17
 1067 0010 0C       		.byte	0xc
 1068 0011 B7010000 		.4byte	.LASF18
 1069 0015 F9000000 		.4byte	.LASF19
 1070 0019 00000000 		.4byte	.Ldebug_line0
 1071 001d 02       		.uleb128 0x2
 1072 001e 01       		.byte	0x1
 1073 001f 06       		.byte	0x6
 1074 0020 AB010000 		.4byte	.LASF0
 1075 0024 03       		.uleb128 0x3
 1076 0025 00000000 		.4byte	.LASF9
 1077 0029 01       		.byte	0x1
 1078 002a 1D       		.byte	0x1d
 1079 002b 2F000000 		.4byte	0x2f
ARM GAS  C:\Users\ipfajard\AppData\Local\Temp\cc9oEo5K.s 			page 20


 1080 002f 02       		.uleb128 0x2
 1081 0030 01       		.byte	0x1
 1082 0031 08       		.byte	0x8
 1083 0032 16000000 		.4byte	.LASF1
 1084 0036 02       		.uleb128 0x2
 1085 0037 02       		.byte	0x2
 1086 0038 05       		.byte	0x5
 1087 0039 98010000 		.4byte	.LASF2
 1088 003d 02       		.uleb128 0x2
 1089 003e 02       		.byte	0x2
 1090 003f 07       		.byte	0x7
 1091 0040 C4000000 		.4byte	.LASF3
 1092 0044 02       		.uleb128 0x2
 1093 0045 04       		.byte	0x4
 1094 0046 05       		.byte	0x5
 1095 0047 A2010000 		.4byte	.LASF4
 1096 004b 02       		.uleb128 0x2
 1097 004c 04       		.byte	0x4
 1098 004d 07       		.byte	0x7
 1099 004e B2000000 		.4byte	.LASF5
 1100 0052 02       		.uleb128 0x2
 1101 0053 08       		.byte	0x8
 1102 0054 05       		.byte	0x5
 1103 0055 8A010000 		.4byte	.LASF6
 1104 0059 02       		.uleb128 0x2
 1105 005a 08       		.byte	0x8
 1106 005b 07       		.byte	0x7
 1107 005c 3F010000 		.4byte	.LASF7
 1108 0060 04       		.uleb128 0x4
 1109 0061 04       		.byte	0x4
 1110 0062 05       		.byte	0x5
 1111 0063 696E7400 		.ascii	"int\000"
 1112 0067 02       		.uleb128 0x2
 1113 0068 04       		.byte	0x4
 1114 0069 07       		.byte	0x7
 1115 006a 32010000 		.4byte	.LASF8
 1116 006e 03       		.uleb128 0x3
 1117 006f 56010000 		.4byte	.LASF10
 1118 0073 02       		.byte	0x2
 1119 0074 18       		.byte	0x18
 1120 0075 24000000 		.4byte	0x24
 1121 0079 05       		.uleb128 0x5
 1122 007a 91000000 		.4byte	0x91
 1123 007e 8A000000 		.4byte	0x8a
 1124 0082 06       		.uleb128 0x6
 1125 0083 8A000000 		.4byte	0x8a
 1126 0087 D703     		.2byte	0x3d7
 1127 0089 00       		.byte	0
 1128 008a 02       		.uleb128 0x2
 1129 008b 04       		.byte	0x4
 1130 008c 07       		.byte	0x7
 1131 008d 81010000 		.4byte	.LASF11
 1132 0091 07       		.uleb128 0x7
 1133 0092 6E000000 		.4byte	0x6e
 1134 0096 08       		.uleb128 0x8
 1135 0097 E7000000 		.4byte	.LASF12
 1136 009b 03       		.byte	0x3
ARM GAS  C:\Users\ipfajard\AppData\Local\Temp\cc9oEo5K.s 			page 21


 1137 009c 1F       		.byte	0x1f
 1138 009d A7000000 		.4byte	0xa7
 1139 00a1 05       		.uleb128 0x5
 1140 00a2 03       		.byte	0x3
 1141 00a3 00000000 		.4byte	cy_meta_configecc
 1142 00a7 07       		.uleb128 0x7
 1143 00a8 79000000 		.4byte	0x79
 1144 00ac 05       		.uleb128 0x5
 1145 00ad 91000000 		.4byte	0x91
 1146 00b1 BC000000 		.4byte	0xbc
 1147 00b5 09       		.uleb128 0x9
 1148 00b6 8A000000 		.4byte	0x8a
 1149 00ba 03       		.byte	0x3
 1150 00bb 00       		.byte	0
 1151 00bc 08       		.uleb128 0x8
 1152 00bd D7000000 		.4byte	.LASF13
 1153 00c1 03       		.byte	0x3
 1154 00c2 A7       		.byte	0xa7
 1155 00c3 CD000000 		.4byte	0xcd
 1156 00c7 05       		.uleb128 0x5
 1157 00c8 03       		.byte	0x3
 1158 00c9 00000000 		.4byte	cy_meta_custnvl
 1159 00cd 07       		.uleb128 0x7
 1160 00ce AC000000 		.4byte	0xac
 1161 00d2 08       		.uleb128 0x8
 1162 00d3 73010000 		.4byte	.LASF14
 1163 00d7 03       		.byte	0x3
 1164 00d8 B5       		.byte	0xb5
 1165 00d9 E3000000 		.4byte	0xe3
 1166 00dd 05       		.uleb128 0x5
 1167 00de 03       		.byte	0x3
 1168 00df 00000000 		.4byte	cy_meta_wonvl
 1169 00e3 07       		.uleb128 0x7
 1170 00e4 AC000000 		.4byte	0xac
 1171 00e8 05       		.uleb128 0x5
 1172 00e9 91000000 		.4byte	0x91
 1173 00ed F8000000 		.4byte	0xf8
 1174 00f1 09       		.uleb128 0x9
 1175 00f2 8A000000 		.4byte	0x8a
 1176 00f6 FF       		.byte	0xff
 1177 00f7 00       		.byte	0
 1178 00f8 08       		.uleb128 0x8
 1179 00f9 5E010000 		.4byte	.LASF15
 1180 00fd 03       		.byte	0x3
 1181 00fe C3       		.byte	0xc3
 1182 00ff 09010000 		.4byte	0x109
 1183 0103 05       		.uleb128 0x5
 1184 0104 03       		.byte	0x3
 1185 0105 00000000 		.4byte	cy_meta_flashprotect
 1186 0109 07       		.uleb128 0x7
 1187 010a E8000000 		.4byte	0xe8
 1188 010e 05       		.uleb128 0x5
 1189 010f 91000000 		.4byte	0x91
 1190 0113 1E010000 		.4byte	0x11e
 1191 0117 09       		.uleb128 0x9
 1192 0118 8A000000 		.4byte	0x8a
 1193 011c 0B       		.byte	0xb
ARM GAS  C:\Users\ipfajard\AppData\Local\Temp\cc9oEo5K.s 			page 22


 1194 011d 00       		.byte	0
 1195 011e 08       		.uleb128 0x8
 1196 011f 0A000000 		.4byte	.LASF16
 1197 0123 03       		.byte	0x3
 1198 0124 F0       		.byte	0xf0
 1199 0125 2F010000 		.4byte	0x12f
 1200 0129 05       		.uleb128 0x5
 1201 012a 03       		.byte	0x3
 1202 012b 00000000 		.4byte	cy_metadata
 1203 012f 07       		.uleb128 0x7
 1204 0130 0E010000 		.4byte	0x10e
 1205 0134 00       		.byte	0
 1206              		.section	.debug_abbrev,"",%progbits
 1207              	.Ldebug_abbrev0:
 1208 0000 01       		.uleb128 0x1
 1209 0001 11       		.uleb128 0x11
 1210 0002 01       		.byte	0x1
 1211 0003 25       		.uleb128 0x25
 1212 0004 0E       		.uleb128 0xe
 1213 0005 13       		.uleb128 0x13
 1214 0006 0B       		.uleb128 0xb
 1215 0007 03       		.uleb128 0x3
 1216 0008 0E       		.uleb128 0xe
 1217 0009 1B       		.uleb128 0x1b
 1218 000a 0E       		.uleb128 0xe
 1219 000b 10       		.uleb128 0x10
 1220 000c 17       		.uleb128 0x17
 1221 000d 00       		.byte	0
 1222 000e 00       		.byte	0
 1223 000f 02       		.uleb128 0x2
 1224 0010 24       		.uleb128 0x24
 1225 0011 00       		.byte	0
 1226 0012 0B       		.uleb128 0xb
 1227 0013 0B       		.uleb128 0xb
 1228 0014 3E       		.uleb128 0x3e
 1229 0015 0B       		.uleb128 0xb
 1230 0016 03       		.uleb128 0x3
 1231 0017 0E       		.uleb128 0xe
 1232 0018 00       		.byte	0
 1233 0019 00       		.byte	0
 1234 001a 03       		.uleb128 0x3
 1235 001b 16       		.uleb128 0x16
 1236 001c 00       		.byte	0
 1237 001d 03       		.uleb128 0x3
 1238 001e 0E       		.uleb128 0xe
 1239 001f 3A       		.uleb128 0x3a
 1240 0020 0B       		.uleb128 0xb
 1241 0021 3B       		.uleb128 0x3b
 1242 0022 0B       		.uleb128 0xb
 1243 0023 49       		.uleb128 0x49
 1244 0024 13       		.uleb128 0x13
 1245 0025 00       		.byte	0
 1246 0026 00       		.byte	0
 1247 0027 04       		.uleb128 0x4
 1248 0028 24       		.uleb128 0x24
 1249 0029 00       		.byte	0
 1250 002a 0B       		.uleb128 0xb
ARM GAS  C:\Users\ipfajard\AppData\Local\Temp\cc9oEo5K.s 			page 23


 1251 002b 0B       		.uleb128 0xb
 1252 002c 3E       		.uleb128 0x3e
 1253 002d 0B       		.uleb128 0xb
 1254 002e 03       		.uleb128 0x3
 1255 002f 08       		.uleb128 0x8
 1256 0030 00       		.byte	0
 1257 0031 00       		.byte	0
 1258 0032 05       		.uleb128 0x5
 1259 0033 01       		.uleb128 0x1
 1260 0034 01       		.byte	0x1
 1261 0035 49       		.uleb128 0x49
 1262 0036 13       		.uleb128 0x13
 1263 0037 01       		.uleb128 0x1
 1264 0038 13       		.uleb128 0x13
 1265 0039 00       		.byte	0
 1266 003a 00       		.byte	0
 1267 003b 06       		.uleb128 0x6
 1268 003c 21       		.uleb128 0x21
 1269 003d 00       		.byte	0
 1270 003e 49       		.uleb128 0x49
 1271 003f 13       		.uleb128 0x13
 1272 0040 2F       		.uleb128 0x2f
 1273 0041 05       		.uleb128 0x5
 1274 0042 00       		.byte	0
 1275 0043 00       		.byte	0
 1276 0044 07       		.uleb128 0x7
 1277 0045 26       		.uleb128 0x26
 1278 0046 00       		.byte	0
 1279 0047 49       		.uleb128 0x49
 1280 0048 13       		.uleb128 0x13
 1281 0049 00       		.byte	0
 1282 004a 00       		.byte	0
 1283 004b 08       		.uleb128 0x8
 1284 004c 34       		.uleb128 0x34
 1285 004d 00       		.byte	0
 1286 004e 03       		.uleb128 0x3
 1287 004f 0E       		.uleb128 0xe
 1288 0050 3A       		.uleb128 0x3a
 1289 0051 0B       		.uleb128 0xb
 1290 0052 3B       		.uleb128 0x3b
 1291 0053 0B       		.uleb128 0xb
 1292 0054 49       		.uleb128 0x49
 1293 0055 13       		.uleb128 0x13
 1294 0056 3F       		.uleb128 0x3f
 1295 0057 19       		.uleb128 0x19
 1296 0058 02       		.uleb128 0x2
 1297 0059 18       		.uleb128 0x18
 1298 005a 00       		.byte	0
 1299 005b 00       		.byte	0
 1300 005c 09       		.uleb128 0x9
 1301 005d 21       		.uleb128 0x21
 1302 005e 00       		.byte	0
 1303 005f 49       		.uleb128 0x49
 1304 0060 13       		.uleb128 0x13
 1305 0061 2F       		.uleb128 0x2f
 1306 0062 0B       		.uleb128 0xb
 1307 0063 00       		.byte	0
ARM GAS  C:\Users\ipfajard\AppData\Local\Temp\cc9oEo5K.s 			page 24


 1308 0064 00       		.byte	0
 1309 0065 00       		.byte	0
 1310              		.section	.debug_aranges,"",%progbits
 1311 0000 14000000 		.4byte	0x14
 1312 0004 0200     		.2byte	0x2
 1313 0006 00000000 		.4byte	.Ldebug_info0
 1314 000a 04       		.byte	0x4
 1315 000b 00       		.byte	0
 1316 000c 0000     		.2byte	0
 1317 000e 0000     		.2byte	0
 1318 0010 00000000 		.4byte	0
 1319 0014 00000000 		.4byte	0
 1320              		.section	.debug_line,"",%progbits
 1321              	.Ldebug_line0:
 1322 0000 3D010000 		.section	.debug_str,"MS",%progbits,1
 1322      02003701 
 1322      00000201 
 1322      FB0E0D00 
 1322      01010101 
 1323              	.LASF9:
 1324 0000 5F5F7569 		.ascii	"__uint8_t\000"
 1324      6E74385F 
 1324      7400
 1325              	.LASF16:
 1326 000a 63795F6D 		.ascii	"cy_metadata\000"
 1326      65746164 
 1326      61746100 
 1327              	.LASF1:
 1328 0016 756E7369 		.ascii	"unsigned char\000"
 1328      676E6564 
 1328      20636861 
 1328      7200
 1329              	.LASF17:
 1330 0024 474E5520 		.ascii	"GNU C11 5.4.1 20160609 (release) [ARM/embedded-5-br"
 1330      43313120 
 1330      352E342E 
 1330      31203230 
 1330      31363036 
 1331 0057 616E6368 		.ascii	"anch revision 237715] -mcpu=cortex-m3 -mthumb -g -O"
 1331      20726576 
 1331      6973696F 
 1331      6E203233 
 1331      37373135 
 1332 008a 67202D66 		.ascii	"g -ffunction-sections -ffat-lto-objects\000"
 1332      66756E63 
 1332      74696F6E 
 1332      2D736563 
 1332      74696F6E 
 1333              	.LASF5:
 1334 00b2 6C6F6E67 		.ascii	"long unsigned int\000"
 1334      20756E73 
 1334      69676E65 
 1334      6420696E 
 1334      7400
 1335              	.LASF3:
 1336 00c4 73686F72 		.ascii	"short unsigned int\000"
 1336      7420756E 
ARM GAS  C:\Users\ipfajard\AppData\Local\Temp\cc9oEo5K.s 			page 25


 1336      7369676E 
 1336      65642069 
 1336      6E7400
 1337              	.LASF13:
 1338 00d7 63795F6D 		.ascii	"cy_meta_custnvl\000"
 1338      6574615F 
 1338      63757374 
 1338      6E766C00 
 1339              	.LASF12:
 1340 00e7 63795F6D 		.ascii	"cy_meta_configecc\000"
 1340      6574615F 
 1340      636F6E66 
 1340      69676563 
 1340      6300
 1341              	.LASF19:
 1342 00f9 433A5C55 		.ascii	"C:\\Users\\ipfajard\\Documents\\PSoC Creator\\FSK\\"
 1342      73657273 
 1342      5C697066 
 1342      616A6172 
 1342      645C446F 
 1343 0126 46534B54 		.ascii	"FSKTx.cydsn\000"
 1343      782E6379 
 1343      64736E00 
 1344              	.LASF8:
 1345 0132 756E7369 		.ascii	"unsigned int\000"
 1345      676E6564 
 1345      20696E74 
 1345      00
 1346              	.LASF7:
 1347 013f 6C6F6E67 		.ascii	"long long unsigned int\000"
 1347      206C6F6E 
 1347      6720756E 
 1347      7369676E 
 1347      65642069 
 1348              	.LASF10:
 1349 0156 75696E74 		.ascii	"uint8_t\000"
 1349      385F7400 
 1350              	.LASF15:
 1351 015e 63795F6D 		.ascii	"cy_meta_flashprotect\000"
 1351      6574615F 
 1351      666C6173 
 1351      6870726F 
 1351      74656374 
 1352              	.LASF14:
 1353 0173 63795F6D 		.ascii	"cy_meta_wonvl\000"
 1353      6574615F 
 1353      776F6E76 
 1353      6C00
 1354              	.LASF11:
 1355 0181 73697A65 		.ascii	"sizetype\000"
 1355      74797065 
 1355      00
 1356              	.LASF6:
 1357 018a 6C6F6E67 		.ascii	"long long int\000"
 1357      206C6F6E 
 1357      6720696E 
 1357      7400
ARM GAS  C:\Users\ipfajard\AppData\Local\Temp\cc9oEo5K.s 			page 26


 1358              	.LASF2:
 1359 0198 73686F72 		.ascii	"short int\000"
 1359      7420696E 
 1359      7400
 1360              	.LASF4:
 1361 01a2 6C6F6E67 		.ascii	"long int\000"
 1361      20696E74 
 1361      00
 1362              	.LASF0:
 1363 01ab 7369676E 		.ascii	"signed char\000"
 1363      65642063 
 1363      68617200 
 1364              	.LASF18:
 1365 01b7 47656E65 		.ascii	"Generated_Source\\PSoC5\\cymetadata.c\000"
 1365      72617465 
 1365      645F536F 
 1365      75726365 
 1365      5C50536F 
 1366              		.ident	"GCC: (GNU Tools for ARM Embedded Processors) 5.4.1 20160609 (release) [ARM/embedded-5-bran
