ARM GAS  C:\Users\ipfajard\AppData\Local\Temp\cct4g6Gl.s 			page 1


   1              		.syntax unified
   2              		.cpu cortex-m3
   3              		.fpu softvfp
   4              		.eabi_attribute 20, 1
   5              		.eabi_attribute 21, 1
   6              		.eabi_attribute 23, 3
   7              		.eabi_attribute 24, 1
   8              		.eabi_attribute 25, 1
   9              		.eabi_attribute 26, 1
  10              		.eabi_attribute 30, 1
  11              		.eabi_attribute 34, 1
  12              		.eabi_attribute 18, 4
  13              		.thumb
  14              		.syntax unified
  15              		.file	"main.c"
  16              		.text
  17              	.Ltext0:
  18              		.cfi_sections	.debug_frame
  19              		.section	.text.LowF_Zero_Int,"ax",%progbits
  20              		.align	2
  21              		.global	LowF_Zero_Int
  22              		.thumb
  23              		.thumb_func
  24              		.type	LowF_Zero_Int, %function
  25              	LowF_Zero_Int:
  26              	.LFB64:
  27              		.file 1 "main.c"
   1:main.c        **** /* ========================================
   2:main.c        ****  *
   3:main.c        ****  * Copyright YOUR COMPANY, THE YEAR
   4:main.c        ****  * All Rights Reserved
   5:main.c        ****  * UNPUBLISHED, LICENSED SOFTWARE.
   6:main.c        ****  *
   7:main.c        ****  * CONFIDENTIAL AND PROPRIETARY INFORMATION
   8:main.c        ****  * WHICH IS THE PROPERTY OF your company.
   9:main.c        ****  *
  10:main.c        ****  * ========================================
  11:main.c        **** */
  12:main.c        **** #include "project.h"
  13:main.c        **** //LowF Counts for 0.5s bit time
  14:main.c        **** //count = 0.5s / T
  15:main.c        **** #define L_OneHalf_Second 55
  16:main.c        **** #define L_ZeroHalf_Second 45
  17:main.c        **** 
  18:main.c        **** #define H_OneHalf_Second 55
  19:main.c        **** #define H_ZeroHalf_Second 45
  20:main.c        **** 
  21:main.c        **** #define LED_ON  0xFF
  22:main.c        **** #define LED_OFF 0 
  23:main.c        **** #define oneByte 4 
  24:main.c        **** #define twoByte 8
  25:main.c        **** #define ZERO 0
  26:main.c        **** #define ONE 0xFF
  27:main.c        **** 
  28:main.c        **** //Low F Interrupts
  29:main.c        **** CY_ISR_PROTO(LowF_Zero_Int);
  30:main.c        **** CY_ISR_PROTO(LowF_One_Int);
ARM GAS  C:\Users\ipfajard\AppData\Local\Temp\cct4g6Gl.s 			page 2


  31:main.c        **** 
  32:main.c        **** CY_ISR_PROTO(HighF_Zero_Int);
  33:main.c        **** CY_ISR_PROTO(HighF_One_Int);
  34:main.c        **** 
  35:main.c        **** 
  36:main.c        **** //Static Variables
  37:main.c        **** static int L_oneCounter = 1;
  38:main.c        **** static int L_zeroCounter = 1;
  39:main.c        **** static int H_oneCounter = 1;
  40:main.c        **** static int H_zeroCounter = 1;
  41:main.c        **** static uint8 L_messageBit = 0;    //Controls flow of bit 'state machine' 
  42:main.c        **** static uint8 H_messageBit = 0;    //Controls flow of bit 'state machine' 
  43:main.c        **** static uint8 bitCase = ZERO;    //Controls which bit (0 or 1) is being transmitted 
  44:main.c        **** static uint8 testLEDStatus = LED_ON;
  45:main.c        **** 
  46:main.c        **** int main(void)
  47:main.c        **** {
  48:main.c        ****     CyGlobalIntEnable; /* Enable global interrupts. */
  49:main.c        **** 
  50:main.c        ****     /* Place your initialization/startup code here (e.g. MyInst_Start()) */
  51:main.c        ****     LowF_OnePWM_Start(); 
  52:main.c        ****     //LowF_ZeroPWM_Start();
  53:main.c        ****     LowF_ZeroPWM_Sleep();
  54:main.c        ****     
  55:main.c        ****     HighF_OnePWM_Start(); 
  56:main.c        ****     //HighF_ZeroPWM_Start();
  57:main.c        ****     HighF_ZeroPWM_Sleep();
  58:main.c        ****     
  59:main.c        ****     LEDTest_Write(testLEDStatus);
  60:main.c        ****     
  61:main.c        ****     //Low F Interrupts
  62:main.c        ****     LowF_OneInt_StartEx(LowF_Zero_Int);
  63:main.c        ****     LowF_ZeroInt_StartEx(LowF_One_Int);
  64:main.c        ****     
  65:main.c        ****     
  66:main.c        ****    //High F Interrupts
  67:main.c        ****     HighF_OneInt_StartEx(HighF_Zero_Int);
  68:main.c        ****     HighF_ZeroInt_StartEx(HighF_One_Int);
  69:main.c        **** 
  70:main.c        ****     for(;;)
  71:main.c        ****     {
  72:main.c        ****         /* Place your application code here. */
  73:main.c        ****         
  74:main.c        ****         //When the counters are such that the bit has been held for 0.5s
  75:main.c        ****         //Move all counters such that next bitis being transmitted 
  76:main.c        ****         if((L_oneCounter % L_OneHalf_Second) == 0){
  77:main.c        ****             testLEDStatus = testLEDStatus ^ 0xFF; 
  78:main.c        ****             LEDTest_Write(testLEDStatus); 
  79:main.c        ****             L_messageBit++;
  80:main.c        ****             L_oneCounter = 1;
  81:main.c        ****             //can't reset to 0 due to mod operator, so reset to 1
  82:main.c        ****         }
  83:main.c        ****         
  84:main.c        ****         if((L_zeroCounter % L_ZeroHalf_Second) == 0){
  85:main.c        ****             testLEDStatus = testLEDStatus ^ 0xFF; 
  86:main.c        ****             LEDTest_Write(testLEDStatus); 
  87:main.c        ****             L_messageBit++;
ARM GAS  C:\Users\ipfajard\AppData\Local\Temp\cct4g6Gl.s 			page 3


  88:main.c        ****             L_zeroCounter = 1;
  89:main.c        ****             //can't reset to 0 due to mod operator, so reset to 1
  90:main.c        ****         }
  91:main.c        ****         
  92:main.c        ****         if((H_oneCounter % H_OneHalf_Second) == 0){
  93:main.c        ****             testLEDStatus = testLEDStatus ^ 0xFF; 
  94:main.c        ****             LEDTest_Write(testLEDStatus); 
  95:main.c        ****             H_messageBit++;
  96:main.c        ****             H_oneCounter = 1;
  97:main.c        ****             //can't reset to 0 due to mod operator, so reset to 1
  98:main.c        ****         }
  99:main.c        ****         
 100:main.c        ****         if((H_zeroCounter % H_ZeroHalf_Second) == 0){
 101:main.c        ****             testLEDStatus = testLEDStatus ^ 0xFF; 
 102:main.c        ****             LEDTest_Write(testLEDStatus); 
 103:main.c        ****             H_messageBit++;
 104:main.c        ****             H_zeroCounter = 1;
 105:main.c        ****             //can't reset to 0 due to mod operator, so reset to 1
 106:main.c        ****         }
 107:main.c        ****         
 108:main.c        ****         switch(L_messageBit){
 109:main.c        ****         
 110:main.c        ****             case 0:
 111:main.c        ****                 bitCase = ONE;
 112:main.c        ****             
 113:main.c        ****             break; 
 114:main.c        ****             case 1:
 115:main.c        ****                 bitCase = ONE; 
 116:main.c        ****             break;
 117:main.c        ****             case 2:
 118:main.c        ****                 bitCase = ONE; 
 119:main.c        ****             break;
 120:main.c        ****             case 3:
 121:main.c        ****                 bitCase = ONE; 
 122:main.c        ****             break;
 123:main.c        ****             case 4:
 124:main.c        ****                 bitCase = ZERO; 
 125:main.c        ****                 LowF_OnePWM_Sleep();
 126:main.c        ****                 LowF_ZeroPWM_Start();
 127:main.c        ****                 
 128:main.c        ****             break; 
 129:main.c        ****             case 5:
 130:main.c        ****                 bitCase = ZERO; 
 131:main.c        ****               
 132:main.c        ****             break; 
 133:main.c        ****             case 6:
 134:main.c        ****                 bitCase = ONE; 
 135:main.c        ****                 LowF_ZeroPWM_Sleep();
 136:main.c        ****                 LowF_OnePWM_Start();
 137:main.c        ****             break; 
 138:main.c        ****             case 7:
 139:main.c        ****                 bitCase = ZERO; 
 140:main.c        ****                 LowF_OnePWM_Sleep();
 141:main.c        ****                 LowF_ZeroPWM_Start();
 142:main.c        ****             break; 
 143:main.c        ****             case 8:
 144:main.c        ****                 bitCase = ONE; 
ARM GAS  C:\Users\ipfajard\AppData\Local\Temp\cct4g6Gl.s 			page 4


 145:main.c        ****                 LowF_ZeroPWM_Sleep();
 146:main.c        ****                 LowF_OnePWM_Start();
 147:main.c        ****             break;     
 148:main.c        ****             case 9:
 149:main.c        ****                 bitCase = ONE; 
 150:main.c        ****             break;
 151:main.c        ****             case 10:
 152:main.c        ****                 bitCase = ONE; 
 153:main.c        ****                 
 154:main.c        ****             break;
 155:main.c        ****             case 11:
 156:main.c        ****                 bitCase = ONE; 
 157:main.c        ****                 
 158:main.c        ****             break;    
 159:main.c        ****             
 160:main.c        ****         default:
 161:main.c        ****         break; 
 162:main.c        ****   
 163:main.c        ****         }
 164:main.c        ****         
 165:main.c        ****         
 166:main.c        ****         
 167:main.c        ****         switch(H_messageBit){
 168:main.c        ****         
 169:main.c        ****             case 0:
 170:main.c        ****                 bitCase = ONE;
 171:main.c        ****             
 172:main.c        ****             break; 
 173:main.c        ****             case 1:
 174:main.c        ****                 bitCase = ONE; 
 175:main.c        ****             break;
 176:main.c        ****             case 2:
 177:main.c        ****                 bitCase = ONE; 
 178:main.c        ****             break;
 179:main.c        ****             case 3:
 180:main.c        ****                 bitCase = ONE; 
 181:main.c        ****             break;
 182:main.c        ****             case 4:
 183:main.c        ****                 bitCase = ZERO; 
 184:main.c        ****                 HighF_OnePWM_Sleep();
 185:main.c        ****                 HighF_ZeroPWM_Start();
 186:main.c        ****                 
 187:main.c        ****             break; 
 188:main.c        ****             case 5:
 189:main.c        ****                 bitCase = ZERO; 
 190:main.c        ****               
 191:main.c        ****             break; 
 192:main.c        ****             case 6:
 193:main.c        ****                 bitCase = ONE; 
 194:main.c        ****                 HighF_ZeroPWM_Sleep();
 195:main.c        ****                 HighF_OnePWM_Start();
 196:main.c        ****             break; 
 197:main.c        ****             case 7:
 198:main.c        ****                 bitCase = ZERO; 
 199:main.c        ****                 HighF_OnePWM_Sleep();
 200:main.c        ****                 HighF_ZeroPWM_Start();
 201:main.c        ****             break; 
ARM GAS  C:\Users\ipfajard\AppData\Local\Temp\cct4g6Gl.s 			page 5


 202:main.c        ****             case 8:
 203:main.c        ****                 bitCase = ONE; 
 204:main.c        ****                 HighF_ZeroPWM_Sleep();
 205:main.c        ****                 HighF_OnePWM_Start();
 206:main.c        ****             break;     
 207:main.c        ****             case 9:
 208:main.c        ****                 bitCase = ONE; 
 209:main.c        ****             break;
 210:main.c        ****             case 10:
 211:main.c        ****                 bitCase = ONE; 
 212:main.c        ****                 
 213:main.c        ****             break;
 214:main.c        ****             case 11:
 215:main.c        ****                 bitCase = ONE; 
 216:main.c        ****                 
 217:main.c        ****             break;    
 218:main.c        ****             
 219:main.c        ****         default:
 220:main.c        ****         break; 
 221:main.c        ****   
 222:main.c        ****         }
 223:main.c        ****         
 224:main.c        ****         LowF_MuxSelOut_Write(bitCase);
 225:main.c        ****         HighF_MuxSelOut_Write(bitCase);
 226:main.c        ****     }
 227:main.c        **** }
 228:main.c        **** 
 229:main.c        **** //Low F Interrupts
 230:main.c        **** //Triggered on PWM TC
 231:main.c        **** //Will increment counter, that will determine the bit time in main code
 232:main.c        **** CY_ISR(LowF_Zero_Int){
  28              		.loc 1 232 0
  29              		.cfi_startproc
  30              		@ args = 0, pretend = 0, frame = 0
  31              		@ frame_needed = 0, uses_anonymous_args = 0
  32              		@ link register save eliminated.
 233:main.c        ****    
 234:main.c        ****    L_zeroCounter++;
  33              		.loc 1 234 0
  34 0000 024A     		ldr	r2, .L2
  35 0002 1368     		ldr	r3, [r2]
  36 0004 0133     		adds	r3, r3, #1
  37 0006 1360     		str	r3, [r2]
  38 0008 7047     		bx	lr
  39              	.L3:
  40 000a 00BF     		.align	2
  41              	.L2:
  42 000c 00000000 		.word	.LANCHOR0
  43              		.cfi_endproc
  44              	.LFE64:
  45              		.size	LowF_Zero_Int, .-LowF_Zero_Int
  46              		.section	.text.LowF_One_Int,"ax",%progbits
  47              		.align	2
  48              		.global	LowF_One_Int
  49              		.thumb
  50              		.thumb_func
  51              		.type	LowF_One_Int, %function
ARM GAS  C:\Users\ipfajard\AppData\Local\Temp\cct4g6Gl.s 			page 6


  52              	LowF_One_Int:
  53              	.LFB65:
 235:main.c        **** 
 236:main.c        **** }
 237:main.c        **** 
 238:main.c        **** CY_ISR(LowF_One_Int){
  54              		.loc 1 238 0
  55              		.cfi_startproc
  56              		@ args = 0, pretend = 0, frame = 0
  57              		@ frame_needed = 0, uses_anonymous_args = 0
  58              		@ link register save eliminated.
 239:main.c        ****     
 240:main.c        ****     L_oneCounter++;
  59              		.loc 1 240 0
  60 0000 024A     		ldr	r2, .L5
  61 0002 5368     		ldr	r3, [r2, #4]
  62 0004 0133     		adds	r3, r3, #1
  63 0006 5360     		str	r3, [r2, #4]
  64 0008 7047     		bx	lr
  65              	.L6:
  66 000a 00BF     		.align	2
  67              	.L5:
  68 000c 00000000 		.word	.LANCHOR0
  69              		.cfi_endproc
  70              	.LFE65:
  71              		.size	LowF_One_Int, .-LowF_One_Int
  72              		.section	.text.HighF_Zero_Int,"ax",%progbits
  73              		.align	2
  74              		.global	HighF_Zero_Int
  75              		.thumb
  76              		.thumb_func
  77              		.type	HighF_Zero_Int, %function
  78              	HighF_Zero_Int:
  79              	.LFB66:
 241:main.c        **** 
 242:main.c        **** }
 243:main.c        **** 
 244:main.c        **** CY_ISR_PROTO(HighF_Zero_Int){
  80              		.loc 1 244 0
  81              		.cfi_startproc
  82              		@ args = 0, pretend = 0, frame = 0
  83              		@ frame_needed = 0, uses_anonymous_args = 0
  84              		@ link register save eliminated.
 245:main.c        ****    
 246:main.c        ****     H_zeroCounter++;
  85              		.loc 1 246 0
  86 0000 024A     		ldr	r2, .L8
  87 0002 9368     		ldr	r3, [r2, #8]
  88 0004 0133     		adds	r3, r3, #1
  89 0006 9360     		str	r3, [r2, #8]
  90 0008 7047     		bx	lr
  91              	.L9:
  92 000a 00BF     		.align	2
  93              	.L8:
  94 000c 00000000 		.word	.LANCHOR0
  95              		.cfi_endproc
  96              	.LFE66:
ARM GAS  C:\Users\ipfajard\AppData\Local\Temp\cct4g6Gl.s 			page 7


  97              		.size	HighF_Zero_Int, .-HighF_Zero_Int
  98              		.section	.text.HighF_One_Int,"ax",%progbits
  99              		.align	2
 100              		.global	HighF_One_Int
 101              		.thumb
 102              		.thumb_func
 103              		.type	HighF_One_Int, %function
 104              	HighF_One_Int:
 105              	.LFB67:
 247:main.c        **** 
 248:main.c        **** }
 249:main.c        **** CY_ISR_PROTO(HighF_One_Int){
 106              		.loc 1 249 0
 107              		.cfi_startproc
 108              		@ args = 0, pretend = 0, frame = 0
 109              		@ frame_needed = 0, uses_anonymous_args = 0
 110              		@ link register save eliminated.
 250:main.c        ****     
 251:main.c        ****     H_oneCounter++;
 111              		.loc 1 251 0
 112 0000 024A     		ldr	r2, .L11
 113 0002 D368     		ldr	r3, [r2, #12]
 114 0004 0133     		adds	r3, r3, #1
 115 0006 D360     		str	r3, [r2, #12]
 116 0008 7047     		bx	lr
 117              	.L12:
 118 000a 00BF     		.align	2
 119              	.L11:
 120 000c 00000000 		.word	.LANCHOR0
 121              		.cfi_endproc
 122              	.LFE67:
 123              		.size	HighF_One_Int, .-HighF_One_Int
 124              		.section	.text.main,"ax",%progbits
 125              		.align	2
 126              		.global	main
 127              		.thumb
 128              		.thumb_func
 129              		.type	main, %function
 130              	main:
 131              	.LFB63:
  47:main.c        ****     CyGlobalIntEnable; /* Enable global interrupts. */
 132              		.loc 1 47 0
 133              		.cfi_startproc
 134              		@ Volatile: function does not return.
 135              		@ args = 0, pretend = 0, frame = 0
 136              		@ frame_needed = 0, uses_anonymous_args = 0
 137 0000 08B5     		push	{r3, lr}
 138              		.cfi_def_cfa_offset 8
 139              		.cfi_offset 3, -8
 140              		.cfi_offset 14, -4
  48:main.c        **** 
 141              		.loc 1 48 0
 142              		.syntax unified
 143              	@ 48 "main.c" 1
 144 0002 62B6     		CPSIE   i
 145              	@ 0 "" 2
  51:main.c        ****     //LowF_ZeroPWM_Start();
ARM GAS  C:\Users\ipfajard\AppData\Local\Temp\cct4g6Gl.s 			page 8


 146              		.loc 1 51 0
 147              		.thumb
 148              		.syntax unified
 149 0004 FFF7FEFF 		bl	LowF_OnePWM_Start
 150              	.LVL0:
  53:main.c        ****     
 151              		.loc 1 53 0
 152 0008 FFF7FEFF 		bl	LowF_ZeroPWM_Sleep
 153              	.LVL1:
  55:main.c        ****     //HighF_ZeroPWM_Start();
 154              		.loc 1 55 0
 155 000c FFF7FEFF 		bl	HighF_OnePWM_Start
 156              	.LVL2:
  57:main.c        ****     
 157              		.loc 1 57 0
 158 0010 FFF7FEFF 		bl	HighF_ZeroPWM_Sleep
 159              	.LVL3:
  59:main.c        ****     
 160              		.loc 1 59 0
 161 0014 8D4B     		ldr	r3, .L48
 162 0016 187C     		ldrb	r0, [r3, #16]	@ zero_extendqisi2
 163 0018 FFF7FEFF 		bl	LEDTest_Write
 164              	.LVL4:
  62:main.c        ****     LowF_ZeroInt_StartEx(LowF_One_Int);
 165              		.loc 1 62 0
 166 001c 8C48     		ldr	r0, .L48+4
 167 001e FFF7FEFF 		bl	LowF_OneInt_StartEx
 168              	.LVL5:
  63:main.c        ****     
 169              		.loc 1 63 0
 170 0022 8C48     		ldr	r0, .L48+8
 171 0024 FFF7FEFF 		bl	LowF_ZeroInt_StartEx
 172              	.LVL6:
  67:main.c        ****     HighF_ZeroInt_StartEx(HighF_One_Int);
 173              		.loc 1 67 0
 174 0028 8B48     		ldr	r0, .L48+12
 175 002a FFF7FEFF 		bl	HighF_OneInt_StartEx
 176              	.LVL7:
  68:main.c        **** 
 177              		.loc 1 68 0
 178 002e 8B48     		ldr	r0, .L48+16
 179 0030 FFF7FEFF 		bl	HighF_ZeroInt_StartEx
 180              	.LVL8:
 181              	.L46:
  76:main.c        ****             testLEDStatus = testLEDStatus ^ 0xFF; 
 182              		.loc 1 76 0
 183 0034 854B     		ldr	r3, .L48
 184 0036 5A68     		ldr	r2, [r3, #4]
 185 0038 894B     		ldr	r3, .L48+20
 186 003a 83FB0231 		smull	r3, r1, r3, r2
 187 003e D317     		asrs	r3, r2, #31
 188 0040 C3EB6103 		rsb	r3, r3, r1, asr #1
 189 0044 C3EBC301 		rsb	r1, r3, r3, lsl #3
 190 0048 C3EBC103 		rsb	r3, r3, r1, lsl #3
 191 004c 9A42     		cmp	r2, r3
 192 004e 0CD1     		bne	.L14
  77:main.c        ****             LEDTest_Write(testLEDStatus); 
ARM GAS  C:\Users\ipfajard\AppData\Local\Temp\cct4g6Gl.s 			page 9


 193              		.loc 1 77 0
 194 0050 7E4C     		ldr	r4, .L48
 195 0052 207C     		ldrb	r0, [r4, #16]	@ zero_extendqisi2
 196 0054 C043     		mvns	r0, r0
 197 0056 C0B2     		uxtb	r0, r0
 198 0058 2074     		strb	r0, [r4, #16]
  78:main.c        ****             L_messageBit++;
 199              		.loc 1 78 0
 200 005a FFF7FEFF 		bl	LEDTest_Write
 201              	.LVL9:
  79:main.c        ****             L_oneCounter = 1;
 202              		.loc 1 79 0
 203 005e 814A     		ldr	r2, .L48+24
 204 0060 1378     		ldrb	r3, [r2]	@ zero_extendqisi2
 205 0062 0133     		adds	r3, r3, #1
 206 0064 1370     		strb	r3, [r2]
  80:main.c        ****             //can't reset to 0 due to mod operator, so reset to 1
 207              		.loc 1 80 0
 208 0066 0123     		movs	r3, #1
 209 0068 6360     		str	r3, [r4, #4]
 210              	.L14:
  84:main.c        ****             testLEDStatus = testLEDStatus ^ 0xFF; 
 211              		.loc 1 84 0
 212 006a 784B     		ldr	r3, .L48
 213 006c 1A68     		ldr	r2, [r3]
 214 006e 7E48     		ldr	r0, .L48+28
 215 0070 82FB0001 		smull	r0, r1, r2, r0
 216 0074 1144     		add	r1, r1, r2
 217 0076 D317     		asrs	r3, r2, #31
 218 0078 C3EB6113 		rsb	r3, r3, r1, asr #5
 219 007c 03EB4303 		add	r3, r3, r3, lsl #1
 220 0080 C3EB0313 		rsb	r3, r3, r3, lsl #4
 221 0084 9A42     		cmp	r2, r3
 222 0086 0CD1     		bne	.L15
  85:main.c        ****             LEDTest_Write(testLEDStatus); 
 223              		.loc 1 85 0
 224 0088 704C     		ldr	r4, .L48
 225 008a 207C     		ldrb	r0, [r4, #16]	@ zero_extendqisi2
 226 008c C043     		mvns	r0, r0
 227 008e C0B2     		uxtb	r0, r0
 228 0090 2074     		strb	r0, [r4, #16]
  86:main.c        ****             L_messageBit++;
 229              		.loc 1 86 0
 230 0092 FFF7FEFF 		bl	LEDTest_Write
 231              	.LVL10:
  87:main.c        ****             L_zeroCounter = 1;
 232              		.loc 1 87 0
 233 0096 734A     		ldr	r2, .L48+24
 234 0098 1378     		ldrb	r3, [r2]	@ zero_extendqisi2
 235 009a 0133     		adds	r3, r3, #1
 236 009c 1370     		strb	r3, [r2]
  88:main.c        ****             //can't reset to 0 due to mod operator, so reset to 1
 237              		.loc 1 88 0
 238 009e 0123     		movs	r3, #1
 239 00a0 2360     		str	r3, [r4]
 240              	.L15:
  92:main.c        ****             testLEDStatus = testLEDStatus ^ 0xFF; 
ARM GAS  C:\Users\ipfajard\AppData\Local\Temp\cct4g6Gl.s 			page 10


 241              		.loc 1 92 0
 242 00a2 6A4B     		ldr	r3, .L48
 243 00a4 DA68     		ldr	r2, [r3, #12]
 244 00a6 6E4B     		ldr	r3, .L48+20
 245 00a8 83FB0231 		smull	r3, r1, r3, r2
 246 00ac D317     		asrs	r3, r2, #31
 247 00ae C3EB6103 		rsb	r3, r3, r1, asr #1
 248 00b2 C3EBC301 		rsb	r1, r3, r3, lsl #3
 249 00b6 C3EBC103 		rsb	r3, r3, r1, lsl #3
 250 00ba 9A42     		cmp	r2, r3
 251 00bc 0CD1     		bne	.L16
  93:main.c        ****             LEDTest_Write(testLEDStatus); 
 252              		.loc 1 93 0
 253 00be 634C     		ldr	r4, .L48
 254 00c0 207C     		ldrb	r0, [r4, #16]	@ zero_extendqisi2
 255 00c2 C043     		mvns	r0, r0
 256 00c4 C0B2     		uxtb	r0, r0
 257 00c6 2074     		strb	r0, [r4, #16]
  94:main.c        ****             H_messageBit++;
 258              		.loc 1 94 0
 259 00c8 FFF7FEFF 		bl	LEDTest_Write
 260              	.LVL11:
  95:main.c        ****             H_oneCounter = 1;
 261              		.loc 1 95 0
 262 00cc 654A     		ldr	r2, .L48+24
 263 00ce 5378     		ldrb	r3, [r2, #1]	@ zero_extendqisi2
 264 00d0 0133     		adds	r3, r3, #1
 265 00d2 5370     		strb	r3, [r2, #1]
  96:main.c        ****             //can't reset to 0 due to mod operator, so reset to 1
 266              		.loc 1 96 0
 267 00d4 0123     		movs	r3, #1
 268 00d6 E360     		str	r3, [r4, #12]
 269              	.L16:
 100:main.c        ****             testLEDStatus = testLEDStatus ^ 0xFF; 
 270              		.loc 1 100 0
 271 00d8 5C4B     		ldr	r3, .L48
 272 00da 9A68     		ldr	r2, [r3, #8]
 273 00dc 6248     		ldr	r0, .L48+28
 274 00de 82FB0001 		smull	r0, r1, r2, r0
 275 00e2 1144     		add	r1, r1, r2
 276 00e4 D317     		asrs	r3, r2, #31
 277 00e6 C3EB6113 		rsb	r3, r3, r1, asr #5
 278 00ea 03EB4303 		add	r3, r3, r3, lsl #1
 279 00ee C3EB0313 		rsb	r3, r3, r3, lsl #4
 280 00f2 9A42     		cmp	r2, r3
 281 00f4 0CD1     		bne	.L17
 101:main.c        ****             LEDTest_Write(testLEDStatus); 
 282              		.loc 1 101 0
 283 00f6 554C     		ldr	r4, .L48
 284 00f8 207C     		ldrb	r0, [r4, #16]	@ zero_extendqisi2
 285 00fa C043     		mvns	r0, r0
 286 00fc C0B2     		uxtb	r0, r0
 287 00fe 2074     		strb	r0, [r4, #16]
 102:main.c        ****             H_messageBit++;
 288              		.loc 1 102 0
 289 0100 FFF7FEFF 		bl	LEDTest_Write
 290              	.LVL12:
ARM GAS  C:\Users\ipfajard\AppData\Local\Temp\cct4g6Gl.s 			page 11


 103:main.c        ****             H_zeroCounter = 1;
 291              		.loc 1 103 0
 292 0104 574A     		ldr	r2, .L48+24
 293 0106 5378     		ldrb	r3, [r2, #1]	@ zero_extendqisi2
 294 0108 0133     		adds	r3, r3, #1
 295 010a 5370     		strb	r3, [r2, #1]
 104:main.c        ****             //can't reset to 0 due to mod operator, so reset to 1
 296              		.loc 1 104 0
 297 010c 0123     		movs	r3, #1
 298 010e A360     		str	r3, [r4, #8]
 299              	.L17:
 108:main.c        ****         
 300              		.loc 1 108 0
 301 0110 544B     		ldr	r3, .L48+24
 302 0112 1B78     		ldrb	r3, [r3]	@ zero_extendqisi2
 303 0114 0B2B     		cmp	r3, #11
 304 0116 46D8     		bhi	.L18
 305 0118 DFE803F0 		tbb	[pc, r3]
 306              	.L20:
 307 011c 06       		.byte	(.L19-.L20)/2
 308 011d 0A       		.byte	(.L21-.L20)/2
 309 011e 0E       		.byte	(.L22-.L20)/2
 310 011f 12       		.byte	(.L23-.L20)/2
 311 0120 16       		.byte	(.L24-.L20)/2
 312 0121 1E       		.byte	(.L25-.L20)/2
 313 0122 22       		.byte	(.L26-.L20)/2
 314 0123 2A       		.byte	(.L27-.L20)/2
 315 0124 32       		.byte	(.L28-.L20)/2
 316 0125 3A       		.byte	(.L29-.L20)/2
 317 0126 3E       		.byte	(.L30-.L20)/2
 318 0127 42       		.byte	(.L31-.L20)/2
 319              		.p2align 1
 320              	.L19:
 111:main.c        ****             
 321              		.loc 1 111 0
 322 0128 FF22     		movs	r2, #255
 323 012a 4E4B     		ldr	r3, .L48+24
 324 012c 9A70     		strb	r2, [r3, #2]
 113:main.c        ****             case 1:
 325              		.loc 1 113 0
 326 012e 3AE0     		b	.L18
 327              	.L21:
 115:main.c        ****             break;
 328              		.loc 1 115 0
 329 0130 FF22     		movs	r2, #255
 330 0132 4C4B     		ldr	r3, .L48+24
 331 0134 9A70     		strb	r2, [r3, #2]
 116:main.c        ****             case 2:
 332              		.loc 1 116 0
 333 0136 36E0     		b	.L18
 334              	.L22:
 118:main.c        ****             break;
 335              		.loc 1 118 0
 336 0138 FF22     		movs	r2, #255
 337 013a 4A4B     		ldr	r3, .L48+24
 338 013c 9A70     		strb	r2, [r3, #2]
 119:main.c        ****             case 3:
ARM GAS  C:\Users\ipfajard\AppData\Local\Temp\cct4g6Gl.s 			page 12


 339              		.loc 1 119 0
 340 013e 32E0     		b	.L18
 341              	.L23:
 121:main.c        ****             break;
 342              		.loc 1 121 0
 343 0140 FF22     		movs	r2, #255
 344 0142 484B     		ldr	r3, .L48+24
 345 0144 9A70     		strb	r2, [r3, #2]
 122:main.c        ****             case 4:
 346              		.loc 1 122 0
 347 0146 2EE0     		b	.L18
 348              	.L24:
 124:main.c        ****                 LowF_OnePWM_Sleep();
 349              		.loc 1 124 0
 350 0148 0022     		movs	r2, #0
 351 014a 464B     		ldr	r3, .L48+24
 352 014c 9A70     		strb	r2, [r3, #2]
 125:main.c        ****                 LowF_ZeroPWM_Start();
 353              		.loc 1 125 0
 354 014e FFF7FEFF 		bl	LowF_OnePWM_Sleep
 355              	.LVL13:
 126:main.c        ****                 
 356              		.loc 1 126 0
 357 0152 FFF7FEFF 		bl	LowF_ZeroPWM_Start
 358              	.LVL14:
 128:main.c        ****             case 5:
 359              		.loc 1 128 0
 360 0156 26E0     		b	.L18
 361              	.L25:
 130:main.c        ****               
 362              		.loc 1 130 0
 363 0158 0022     		movs	r2, #0
 364 015a 424B     		ldr	r3, .L48+24
 365 015c 9A70     		strb	r2, [r3, #2]
 132:main.c        ****             case 6:
 366              		.loc 1 132 0
 367 015e 22E0     		b	.L18
 368              	.L26:
 134:main.c        ****                 LowF_ZeroPWM_Sleep();
 369              		.loc 1 134 0
 370 0160 FF22     		movs	r2, #255
 371 0162 404B     		ldr	r3, .L48+24
 372 0164 9A70     		strb	r2, [r3, #2]
 135:main.c        ****                 LowF_OnePWM_Start();
 373              		.loc 1 135 0
 374 0166 FFF7FEFF 		bl	LowF_ZeroPWM_Sleep
 375              	.LVL15:
 136:main.c        ****             break; 
 376              		.loc 1 136 0
 377 016a FFF7FEFF 		bl	LowF_OnePWM_Start
 378              	.LVL16:
 137:main.c        ****             case 7:
 379              		.loc 1 137 0
 380 016e 1AE0     		b	.L18
 381              	.L27:
 139:main.c        ****                 LowF_OnePWM_Sleep();
 382              		.loc 1 139 0
ARM GAS  C:\Users\ipfajard\AppData\Local\Temp\cct4g6Gl.s 			page 13


 383 0170 0022     		movs	r2, #0
 384 0172 3C4B     		ldr	r3, .L48+24
 385 0174 9A70     		strb	r2, [r3, #2]
 140:main.c        ****                 LowF_ZeroPWM_Start();
 386              		.loc 1 140 0
 387 0176 FFF7FEFF 		bl	LowF_OnePWM_Sleep
 388              	.LVL17:
 141:main.c        ****             break; 
 389              		.loc 1 141 0
 390 017a FFF7FEFF 		bl	LowF_ZeroPWM_Start
 391              	.LVL18:
 142:main.c        ****             case 8:
 392              		.loc 1 142 0
 393 017e 12E0     		b	.L18
 394              	.L28:
 144:main.c        ****                 LowF_ZeroPWM_Sleep();
 395              		.loc 1 144 0
 396 0180 FF22     		movs	r2, #255
 397 0182 384B     		ldr	r3, .L48+24
 398 0184 9A70     		strb	r2, [r3, #2]
 145:main.c        ****                 LowF_OnePWM_Start();
 399              		.loc 1 145 0
 400 0186 FFF7FEFF 		bl	LowF_ZeroPWM_Sleep
 401              	.LVL19:
 146:main.c        ****             break;     
 402              		.loc 1 146 0
 403 018a FFF7FEFF 		bl	LowF_OnePWM_Start
 404              	.LVL20:
 147:main.c        ****             case 9:
 405              		.loc 1 147 0
 406 018e 0AE0     		b	.L18
 407              	.L29:
 149:main.c        ****             break;
 408              		.loc 1 149 0
 409 0190 FF22     		movs	r2, #255
 410 0192 344B     		ldr	r3, .L48+24
 411 0194 9A70     		strb	r2, [r3, #2]
 150:main.c        ****             case 10:
 412              		.loc 1 150 0
 413 0196 06E0     		b	.L18
 414              	.L30:
 152:main.c        ****                 
 415              		.loc 1 152 0
 416 0198 FF22     		movs	r2, #255
 417 019a 324B     		ldr	r3, .L48+24
 418 019c 9A70     		strb	r2, [r3, #2]
 154:main.c        ****             case 11:
 419              		.loc 1 154 0
 420 019e 02E0     		b	.L18
 421              	.L31:
 156:main.c        ****                 
 422              		.loc 1 156 0
 423 01a0 FF22     		movs	r2, #255
 424 01a2 304B     		ldr	r3, .L48+24
 425 01a4 9A70     		strb	r2, [r3, #2]
 426              	.L18:
 167:main.c        ****         
ARM GAS  C:\Users\ipfajard\AppData\Local\Temp\cct4g6Gl.s 			page 14


 427              		.loc 1 167 0
 428 01a6 2F4B     		ldr	r3, .L48+24
 429 01a8 5B78     		ldrb	r3, [r3, #1]	@ zero_extendqisi2
 430 01aa 0B2B     		cmp	r3, #11
 431 01ac 46D8     		bhi	.L32
 432 01ae DFE803F0 		tbb	[pc, r3]
 433              	.L34:
 434 01b2 06       		.byte	(.L33-.L34)/2
 435 01b3 0A       		.byte	(.L35-.L34)/2
 436 01b4 0E       		.byte	(.L36-.L34)/2
 437 01b5 12       		.byte	(.L37-.L34)/2
 438 01b6 16       		.byte	(.L38-.L34)/2
 439 01b7 1E       		.byte	(.L39-.L34)/2
 440 01b8 22       		.byte	(.L40-.L34)/2
 441 01b9 2A       		.byte	(.L41-.L34)/2
 442 01ba 32       		.byte	(.L42-.L34)/2
 443 01bb 3A       		.byte	(.L43-.L34)/2
 444 01bc 3E       		.byte	(.L44-.L34)/2
 445 01bd 42       		.byte	(.L45-.L34)/2
 446              		.p2align 1
 447              	.L33:
 170:main.c        ****             
 448              		.loc 1 170 0
 449 01be FF22     		movs	r2, #255
 450 01c0 284B     		ldr	r3, .L48+24
 451 01c2 9A70     		strb	r2, [r3, #2]
 172:main.c        ****             case 1:
 452              		.loc 1 172 0
 453 01c4 3AE0     		b	.L32
 454              	.L35:
 174:main.c        ****             break;
 455              		.loc 1 174 0
 456 01c6 FF22     		movs	r2, #255
 457 01c8 264B     		ldr	r3, .L48+24
 458 01ca 9A70     		strb	r2, [r3, #2]
 175:main.c        ****             case 2:
 459              		.loc 1 175 0
 460 01cc 36E0     		b	.L32
 461              	.L36:
 177:main.c        ****             break;
 462              		.loc 1 177 0
 463 01ce FF22     		movs	r2, #255
 464 01d0 244B     		ldr	r3, .L48+24
 465 01d2 9A70     		strb	r2, [r3, #2]
 178:main.c        ****             case 3:
 466              		.loc 1 178 0
 467 01d4 32E0     		b	.L32
 468              	.L37:
 180:main.c        ****             break;
 469              		.loc 1 180 0
 470 01d6 FF22     		movs	r2, #255
 471 01d8 224B     		ldr	r3, .L48+24
 472 01da 9A70     		strb	r2, [r3, #2]
 181:main.c        ****             case 4:
 473              		.loc 1 181 0
 474 01dc 2EE0     		b	.L32
 475              	.L38:
ARM GAS  C:\Users\ipfajard\AppData\Local\Temp\cct4g6Gl.s 			page 15


 183:main.c        ****                 HighF_OnePWM_Sleep();
 476              		.loc 1 183 0
 477 01de 0022     		movs	r2, #0
 478 01e0 204B     		ldr	r3, .L48+24
 479 01e2 9A70     		strb	r2, [r3, #2]
 184:main.c        ****                 HighF_ZeroPWM_Start();
 480              		.loc 1 184 0
 481 01e4 FFF7FEFF 		bl	HighF_OnePWM_Sleep
 482              	.LVL21:
 185:main.c        ****                 
 483              		.loc 1 185 0
 484 01e8 FFF7FEFF 		bl	HighF_ZeroPWM_Start
 485              	.LVL22:
 187:main.c        ****             case 5:
 486              		.loc 1 187 0
 487 01ec 26E0     		b	.L32
 488              	.L39:
 189:main.c        ****               
 489              		.loc 1 189 0
 490 01ee 0022     		movs	r2, #0
 491 01f0 1C4B     		ldr	r3, .L48+24
 492 01f2 9A70     		strb	r2, [r3, #2]
 191:main.c        ****             case 6:
 493              		.loc 1 191 0
 494 01f4 22E0     		b	.L32
 495              	.L40:
 193:main.c        ****                 HighF_ZeroPWM_Sleep();
 496              		.loc 1 193 0
 497 01f6 FF22     		movs	r2, #255
 498 01f8 1A4B     		ldr	r3, .L48+24
 499 01fa 9A70     		strb	r2, [r3, #2]
 194:main.c        ****                 HighF_OnePWM_Start();
 500              		.loc 1 194 0
 501 01fc FFF7FEFF 		bl	HighF_ZeroPWM_Sleep
 502              	.LVL23:
 195:main.c        ****             break; 
 503              		.loc 1 195 0
 504 0200 FFF7FEFF 		bl	HighF_OnePWM_Start
 505              	.LVL24:
 196:main.c        ****             case 7:
 506              		.loc 1 196 0
 507 0204 1AE0     		b	.L32
 508              	.L41:
 198:main.c        ****                 HighF_OnePWM_Sleep();
 509              		.loc 1 198 0
 510 0206 0022     		movs	r2, #0
 511 0208 164B     		ldr	r3, .L48+24
 512 020a 9A70     		strb	r2, [r3, #2]
 199:main.c        ****                 HighF_ZeroPWM_Start();
 513              		.loc 1 199 0
 514 020c FFF7FEFF 		bl	HighF_OnePWM_Sleep
 515              	.LVL25:
 200:main.c        ****             break; 
 516              		.loc 1 200 0
 517 0210 FFF7FEFF 		bl	HighF_ZeroPWM_Start
 518              	.LVL26:
 201:main.c        ****             case 8:
ARM GAS  C:\Users\ipfajard\AppData\Local\Temp\cct4g6Gl.s 			page 16


 519              		.loc 1 201 0
 520 0214 12E0     		b	.L32
 521              	.L42:
 203:main.c        ****                 HighF_ZeroPWM_Sleep();
 522              		.loc 1 203 0
 523 0216 FF22     		movs	r2, #255
 524 0218 124B     		ldr	r3, .L48+24
 525 021a 9A70     		strb	r2, [r3, #2]
 204:main.c        ****                 HighF_OnePWM_Start();
 526              		.loc 1 204 0
 527 021c FFF7FEFF 		bl	HighF_ZeroPWM_Sleep
 528              	.LVL27:
 205:main.c        ****             break;     
 529              		.loc 1 205 0
 530 0220 FFF7FEFF 		bl	HighF_OnePWM_Start
 531              	.LVL28:
 206:main.c        ****             case 9:
 532              		.loc 1 206 0
 533 0224 0AE0     		b	.L32
 534              	.L43:
 208:main.c        ****             break;
 535              		.loc 1 208 0
 536 0226 FF22     		movs	r2, #255
 537 0228 0E4B     		ldr	r3, .L48+24
 538 022a 9A70     		strb	r2, [r3, #2]
 209:main.c        ****             case 10:
 539              		.loc 1 209 0
 540 022c 06E0     		b	.L32
 541              	.L44:
 211:main.c        ****                 
 542              		.loc 1 211 0
 543 022e FF22     		movs	r2, #255
 544 0230 0C4B     		ldr	r3, .L48+24
 545 0232 9A70     		strb	r2, [r3, #2]
 213:main.c        ****             case 11:
 546              		.loc 1 213 0
 547 0234 02E0     		b	.L32
 548              	.L45:
 215:main.c        ****                 
 549              		.loc 1 215 0
 550 0236 FF22     		movs	r2, #255
 551 0238 0A4B     		ldr	r3, .L48+24
 552 023a 9A70     		strb	r2, [r3, #2]
 553              	.L32:
 224:main.c        ****         HighF_MuxSelOut_Write(bitCase);
 554              		.loc 1 224 0
 555 023c 094C     		ldr	r4, .L48+24
 556 023e A078     		ldrb	r0, [r4, #2]	@ zero_extendqisi2
 557 0240 FFF7FEFF 		bl	LowF_MuxSelOut_Write
 558              	.LVL29:
 225:main.c        ****     }
 559              		.loc 1 225 0
 560 0244 A078     		ldrb	r0, [r4, #2]	@ zero_extendqisi2
 561 0246 FFF7FEFF 		bl	HighF_MuxSelOut_Write
 562              	.LVL30:
 226:main.c        **** }
 563              		.loc 1 226 0
ARM GAS  C:\Users\ipfajard\AppData\Local\Temp\cct4g6Gl.s 			page 17


 564 024a F3E6     		b	.L46
 565              	.L49:
 566              		.align	2
 567              	.L48:
 568 024c 00000000 		.word	.LANCHOR0
 569 0250 00000000 		.word	LowF_Zero_Int
 570 0254 00000000 		.word	LowF_One_Int
 571 0258 00000000 		.word	HighF_Zero_Int
 572 025c 00000000 		.word	HighF_One_Int
 573 0260 95204F09 		.word	156180629
 574 0264 00000000 		.word	.LANCHOR1
 575 0268 B7600BB6 		.word	-1240768329
 576              		.cfi_endproc
 577              	.LFE63:
 578              		.size	main, .-main
 579              		.data
 580              		.align	2
 581              		.set	.LANCHOR0,. + 0
 582              		.type	L_zeroCounter, %object
 583              		.size	L_zeroCounter, 4
 584              	L_zeroCounter:
 585 0000 01000000 		.word	1
 586              		.type	L_oneCounter, %object
 587              		.size	L_oneCounter, 4
 588              	L_oneCounter:
 589 0004 01000000 		.word	1
 590              		.type	H_zeroCounter, %object
 591              		.size	H_zeroCounter, 4
 592              	H_zeroCounter:
 593 0008 01000000 		.word	1
 594              		.type	H_oneCounter, %object
 595              		.size	H_oneCounter, 4
 596              	H_oneCounter:
 597 000c 01000000 		.word	1
 598              		.type	testLEDStatus, %object
 599              		.size	testLEDStatus, 1
 600              	testLEDStatus:
 601 0010 FF       		.byte	-1
 602              		.bss
 603              		.set	.LANCHOR1,. + 0
 604              		.type	L_messageBit, %object
 605              		.size	L_messageBit, 1
 606              	L_messageBit:
 607 0000 00       		.space	1
 608              		.type	H_messageBit, %object
 609              		.size	H_messageBit, 1
 610              	H_messageBit:
 611 0001 00       		.space	1
 612              		.type	bitCase, %object
 613              		.size	bitCase, 1
 614              	bitCase:
 615 0002 00       		.space	1
 616              		.text
 617              	.Letext0:
 618              		.file 2 "c:\\program files (x86)\\cypress\\psoc creator\\4.1\\psoc creator\\import\\gnu\\arm\\5.4.
 619              		.file 3 "c:\\program files (x86)\\cypress\\psoc creator\\4.1\\psoc creator\\import\\gnu\\arm\\5.4.
 620              		.file 4 "Generated_Source\\PSoC5/cytypes.h"
ARM GAS  C:\Users\ipfajard\AppData\Local\Temp\cct4g6Gl.s 			page 18


 621              		.file 5 "Generated_Source\\PSoC5/LowF_OnePWM.h"
 622              		.file 6 "Generated_Source\\PSoC5/LowF_ZeroPWM.h"
 623              		.file 7 "Generated_Source\\PSoC5/HighF_OnePWM.h"
 624              		.file 8 "Generated_Source\\PSoC5/HighF_ZeroPWM.h"
 625              		.file 9 "Generated_Source\\PSoC5/LEDTest.h"
 626              		.file 10 "Generated_Source\\PSoC5/LowF_OneInt.h"
 627              		.file 11 "Generated_Source\\PSoC5/LowF_ZeroInt.h"
 628              		.file 12 "Generated_Source\\PSoC5/HighF_OneInt.h"
 629              		.file 13 "Generated_Source\\PSoC5/HighF_ZeroInt.h"
 630              		.file 14 "Generated_Source\\PSoC5/LowF_MuxSelOut.h"
 631              		.file 15 "Generated_Source\\PSoC5/HighF_MuxSelOut.h"
 632              		.file 16 "Generated_Source\\PSoC5/core_cm3.h"
 633              		.section	.debug_info,"",%progbits
 634              	.Ldebug_info0:
 635 0000 98030000 		.4byte	0x398
 636 0004 0400     		.2byte	0x4
 637 0006 00000000 		.4byte	.Ldebug_abbrev0
 638 000a 04       		.byte	0x4
 639 000b 01       		.uleb128 0x1
 640 000c B7000000 		.4byte	.LASF44
 641 0010 0C       		.byte	0xc
 642 0011 DA020000 		.4byte	.LASF45
 643 0015 90010000 		.4byte	.LASF46
 644 0019 00000000 		.4byte	.Ldebug_ranges0+0
 645 001d 00000000 		.4byte	0
 646 0021 00000000 		.4byte	.Ldebug_line0
 647 0025 02       		.uleb128 0x2
 648 0026 01       		.byte	0x1
 649 0027 06       		.byte	0x6
 650 0028 3A030000 		.4byte	.LASF0
 651 002c 02       		.uleb128 0x2
 652 002d 01       		.byte	0x1
 653 002e 08       		.byte	0x8
 654 002f A9000000 		.4byte	.LASF1
 655 0033 02       		.uleb128 0x2
 656 0034 02       		.byte	0x2
 657 0035 05       		.byte	0x5
 658 0036 F5020000 		.4byte	.LASF2
 659 003a 02       		.uleb128 0x2
 660 003b 02       		.byte	0x2
 661 003c 07       		.byte	0x7
 662 003d 46030000 		.4byte	.LASF3
 663 0041 03       		.uleb128 0x3
 664 0042 45000000 		.4byte	.LASF9
 665 0046 02       		.byte	0x2
 666 0047 3F       		.byte	0x3f
 667 0048 4C000000 		.4byte	0x4c
 668 004c 02       		.uleb128 0x2
 669 004d 04       		.byte	0x4
 670 004e 05       		.byte	0x5
 671 004f 17030000 		.4byte	.LASF4
 672 0053 02       		.uleb128 0x2
 673 0054 04       		.byte	0x4
 674 0055 07       		.byte	0x7
 675 0056 45010000 		.4byte	.LASF5
 676 005a 02       		.uleb128 0x2
 677 005b 08       		.byte	0x8
ARM GAS  C:\Users\ipfajard\AppData\Local\Temp\cct4g6Gl.s 			page 19


 678 005c 05       		.byte	0x5
 679 005d B9020000 		.4byte	.LASF6
 680 0061 02       		.uleb128 0x2
 681 0062 08       		.byte	0x8
 682 0063 07       		.byte	0x7
 683 0064 84000000 		.4byte	.LASF7
 684 0068 04       		.uleb128 0x4
 685 0069 04       		.byte	0x4
 686 006a 05       		.byte	0x5
 687 006b 696E7400 		.ascii	"int\000"
 688 006f 02       		.uleb128 0x2
 689 0070 04       		.byte	0x4
 690 0071 07       		.byte	0x7
 691 0072 29020000 		.4byte	.LASF8
 692 0076 03       		.uleb128 0x3
 693 0077 85020000 		.4byte	.LASF10
 694 007b 03       		.byte	0x3
 695 007c 2C       		.byte	0x2c
 696 007d 41000000 		.4byte	0x41
 697 0081 05       		.uleb128 0x5
 698 0082 FF020000 		.4byte	.LASF11
 699 0086 04       		.byte	0x4
 700 0087 9201     		.2byte	0x192
 701 0089 2C000000 		.4byte	0x2c
 702 008d 02       		.uleb128 0x2
 703 008e 04       		.byte	0x4
 704 008f 04       		.byte	0x4
 705 0090 7E000000 		.4byte	.LASF12
 706 0094 02       		.uleb128 0x2
 707 0095 08       		.byte	0x8
 708 0096 04       		.byte	0x4
 709 0097 84010000 		.4byte	.LASF13
 710 009b 02       		.uleb128 0x2
 711 009c 01       		.byte	0x1
 712 009d 08       		.byte	0x8
 713 009e E1020000 		.4byte	.LASF14
 714 00a2 02       		.uleb128 0x2
 715 00a3 08       		.byte	0x8
 716 00a4 04       		.byte	0x4
 717 00a5 20030000 		.4byte	.LASF15
 718 00a9 02       		.uleb128 0x2
 719 00aa 04       		.byte	0x4
 720 00ab 07       		.byte	0x7
 721 00ac 8D020000 		.4byte	.LASF16
 722 00b0 06       		.uleb128 0x6
 723 00b1 37000000 		.4byte	.LASF17
 724 00b5 01       		.byte	0x1
 725 00b6 E8       		.byte	0xe8
 726 00b7 00000000 		.4byte	.LFB64
 727 00bb 10000000 		.4byte	.LFE64-.LFB64
 728 00bf 01       		.uleb128 0x1
 729 00c0 9C       		.byte	0x9c
 730 00c1 06       		.uleb128 0x6
 731 00c2 4F000000 		.4byte	.LASF18
 732 00c6 01       		.byte	0x1
 733 00c7 EE       		.byte	0xee
 734 00c8 00000000 		.4byte	.LFB65
ARM GAS  C:\Users\ipfajard\AppData\Local\Temp\cct4g6Gl.s 			page 20


 735 00cc 10000000 		.4byte	.LFE65-.LFB65
 736 00d0 01       		.uleb128 0x1
 737 00d1 9C       		.byte	0x9c
 738 00d2 06       		.uleb128 0x6
 739 00d3 E6020000 		.4byte	.LASF19
 740 00d7 01       		.byte	0x1
 741 00d8 F4       		.byte	0xf4
 742 00d9 00000000 		.4byte	.LFB66
 743 00dd 10000000 		.4byte	.LFE66-.LFB66
 744 00e1 01       		.uleb128 0x1
 745 00e2 9C       		.byte	0x9c
 746 00e3 06       		.uleb128 0x6
 747 00e4 AB020000 		.4byte	.LASF20
 748 00e8 01       		.byte	0x1
 749 00e9 F9       		.byte	0xf9
 750 00ea 00000000 		.4byte	.LFB67
 751 00ee 10000000 		.4byte	.LFE67-.LFB67
 752 00f2 01       		.uleb128 0x1
 753 00f3 9C       		.byte	0x9c
 754 00f4 07       		.uleb128 0x7
 755 00f5 8B010000 		.4byte	.LASF47
 756 00f9 01       		.byte	0x1
 757 00fa 2E       		.byte	0x2e
 758 00fb 68000000 		.4byte	0x68
 759 00ff 00000000 		.4byte	.LFB63
 760 0103 6C020000 		.4byte	.LFE63-.LFB63
 761 0107 01       		.uleb128 0x1
 762 0108 9C       		.byte	0x9c
 763 0109 5D020000 		.4byte	0x25d
 764 010d 08       		.uleb128 0x8
 765 010e 08000000 		.4byte	.LVL0
 766 0112 F6020000 		.4byte	0x2f6
 767 0116 08       		.uleb128 0x8
 768 0117 0C000000 		.4byte	.LVL1
 769 011b 01030000 		.4byte	0x301
 770 011f 08       		.uleb128 0x8
 771 0120 10000000 		.4byte	.LVL2
 772 0124 0C030000 		.4byte	0x30c
 773 0128 08       		.uleb128 0x8
 774 0129 14000000 		.4byte	.LVL3
 775 012d 17030000 		.4byte	0x317
 776 0131 08       		.uleb128 0x8
 777 0132 1C000000 		.4byte	.LVL4
 778 0136 22030000 		.4byte	0x322
 779 013a 09       		.uleb128 0x9
 780 013b 22000000 		.4byte	.LVL5
 781 013f 2D030000 		.4byte	0x32d
 782 0143 51010000 		.4byte	0x151
 783 0147 0A       		.uleb128 0xa
 784 0148 01       		.uleb128 0x1
 785 0149 50       		.byte	0x50
 786 014a 05       		.uleb128 0x5
 787 014b 03       		.byte	0x3
 788 014c 00000000 		.4byte	LowF_Zero_Int
 789 0150 00       		.byte	0
 790 0151 09       		.uleb128 0x9
 791 0152 28000000 		.4byte	.LVL6
ARM GAS  C:\Users\ipfajard\AppData\Local\Temp\cct4g6Gl.s 			page 21


 792 0156 38030000 		.4byte	0x338
 793 015a 68010000 		.4byte	0x168
 794 015e 0A       		.uleb128 0xa
 795 015f 01       		.uleb128 0x1
 796 0160 50       		.byte	0x50
 797 0161 05       		.uleb128 0x5
 798 0162 03       		.byte	0x3
 799 0163 00000000 		.4byte	LowF_One_Int
 800 0167 00       		.byte	0
 801 0168 09       		.uleb128 0x9
 802 0169 2E000000 		.4byte	.LVL7
 803 016d 43030000 		.4byte	0x343
 804 0171 7F010000 		.4byte	0x17f
 805 0175 0A       		.uleb128 0xa
 806 0176 01       		.uleb128 0x1
 807 0177 50       		.byte	0x50
 808 0178 05       		.uleb128 0x5
 809 0179 03       		.byte	0x3
 810 017a 00000000 		.4byte	HighF_Zero_Int
 811 017e 00       		.byte	0
 812 017f 09       		.uleb128 0x9
 813 0180 34000000 		.4byte	.LVL8
 814 0184 4E030000 		.4byte	0x34e
 815 0188 96010000 		.4byte	0x196
 816 018c 0A       		.uleb128 0xa
 817 018d 01       		.uleb128 0x1
 818 018e 50       		.byte	0x50
 819 018f 05       		.uleb128 0x5
 820 0190 03       		.byte	0x3
 821 0191 00000000 		.4byte	HighF_One_Int
 822 0195 00       		.byte	0
 823 0196 08       		.uleb128 0x8
 824 0197 5E000000 		.4byte	.LVL9
 825 019b 22030000 		.4byte	0x322
 826 019f 08       		.uleb128 0x8
 827 01a0 96000000 		.4byte	.LVL10
 828 01a4 22030000 		.4byte	0x322
 829 01a8 08       		.uleb128 0x8
 830 01a9 CC000000 		.4byte	.LVL11
 831 01ad 22030000 		.4byte	0x322
 832 01b1 08       		.uleb128 0x8
 833 01b2 04010000 		.4byte	.LVL12
 834 01b6 22030000 		.4byte	0x322
 835 01ba 08       		.uleb128 0x8
 836 01bb 52010000 		.4byte	.LVL13
 837 01bf 59030000 		.4byte	0x359
 838 01c3 08       		.uleb128 0x8
 839 01c4 56010000 		.4byte	.LVL14
 840 01c8 64030000 		.4byte	0x364
 841 01cc 08       		.uleb128 0x8
 842 01cd 6A010000 		.4byte	.LVL15
 843 01d1 01030000 		.4byte	0x301
 844 01d5 08       		.uleb128 0x8
 845 01d6 6E010000 		.4byte	.LVL16
 846 01da F6020000 		.4byte	0x2f6
 847 01de 08       		.uleb128 0x8
 848 01df 7A010000 		.4byte	.LVL17
ARM GAS  C:\Users\ipfajard\AppData\Local\Temp\cct4g6Gl.s 			page 22


 849 01e3 59030000 		.4byte	0x359
 850 01e7 08       		.uleb128 0x8
 851 01e8 7E010000 		.4byte	.LVL18
 852 01ec 64030000 		.4byte	0x364
 853 01f0 08       		.uleb128 0x8
 854 01f1 8A010000 		.4byte	.LVL19
 855 01f5 01030000 		.4byte	0x301
 856 01f9 08       		.uleb128 0x8
 857 01fa 8E010000 		.4byte	.LVL20
 858 01fe F6020000 		.4byte	0x2f6
 859 0202 08       		.uleb128 0x8
 860 0203 E8010000 		.4byte	.LVL21
 861 0207 6F030000 		.4byte	0x36f
 862 020b 08       		.uleb128 0x8
 863 020c EC010000 		.4byte	.LVL22
 864 0210 7A030000 		.4byte	0x37a
 865 0214 08       		.uleb128 0x8
 866 0215 00020000 		.4byte	.LVL23
 867 0219 17030000 		.4byte	0x317
 868 021d 08       		.uleb128 0x8
 869 021e 04020000 		.4byte	.LVL24
 870 0222 0C030000 		.4byte	0x30c
 871 0226 08       		.uleb128 0x8
 872 0227 10020000 		.4byte	.LVL25
 873 022b 6F030000 		.4byte	0x36f
 874 022f 08       		.uleb128 0x8
 875 0230 14020000 		.4byte	.LVL26
 876 0234 7A030000 		.4byte	0x37a
 877 0238 08       		.uleb128 0x8
 878 0239 20020000 		.4byte	.LVL27
 879 023d 17030000 		.4byte	0x317
 880 0241 08       		.uleb128 0x8
 881 0242 24020000 		.4byte	.LVL28
 882 0246 0C030000 		.4byte	0x30c
 883 024a 08       		.uleb128 0x8
 884 024b 44020000 		.4byte	.LVL29
 885 024f 85030000 		.4byte	0x385
 886 0253 08       		.uleb128 0x8
 887 0254 4A020000 		.4byte	.LVL30
 888 0258 90030000 		.4byte	0x390
 889 025c 00       		.byte	0
 890 025d 0B       		.uleb128 0xb
 891 025e 59030000 		.4byte	.LASF21
 892 0262 01       		.byte	0x1
 893 0263 25       		.byte	0x25
 894 0264 68000000 		.4byte	0x68
 895 0268 05       		.uleb128 0x5
 896 0269 03       		.byte	0x3
 897 026a 04000000 		.4byte	L_oneCounter
 898 026e 0B       		.uleb128 0xb
 899 026f 14000000 		.4byte	.LASF22
 900 0273 01       		.byte	0x1
 901 0274 26       		.byte	0x26
 902 0275 68000000 		.4byte	0x68
 903 0279 05       		.uleb128 0x5
 904 027a 03       		.byte	0x3
 905 027b 00000000 		.4byte	L_zeroCounter
ARM GAS  C:\Users\ipfajard\AppData\Local\Temp\cct4g6Gl.s 			page 23


 906 027f 0B       		.uleb128 0xb
 907 0280 5C000000 		.4byte	.LASF23
 908 0284 01       		.byte	0x1
 909 0285 27       		.byte	0x27
 910 0286 68000000 		.4byte	0x68
 911 028a 05       		.uleb128 0x5
 912 028b 03       		.byte	0x3
 913 028c 0C000000 		.4byte	H_oneCounter
 914 0290 0B       		.uleb128 0xb
 915 0291 9B000000 		.4byte	.LASF24
 916 0295 01       		.byte	0x1
 917 0296 28       		.byte	0x28
 918 0297 68000000 		.4byte	0x68
 919 029b 05       		.uleb128 0x5
 920 029c 03       		.byte	0x3
 921 029d 08000000 		.4byte	H_zeroCounter
 922 02a1 0B       		.uleb128 0xb
 923 02a2 77010000 		.4byte	.LASF25
 924 02a6 01       		.byte	0x1
 925 02a7 29       		.byte	0x29
 926 02a8 81000000 		.4byte	0x81
 927 02ac 05       		.uleb128 0x5
 928 02ad 03       		.byte	0x3
 929 02ae 00000000 		.4byte	L_messageBit
 930 02b2 0B       		.uleb128 0xb
 931 02b3 64020000 		.4byte	.LASF26
 932 02b7 01       		.byte	0x1
 933 02b8 2A       		.byte	0x2a
 934 02b9 81000000 		.4byte	0x81
 935 02bd 05       		.uleb128 0x5
 936 02be 03       		.byte	0x3
 937 02bf 01000000 		.4byte	H_messageBit
 938 02c3 0B       		.uleb128 0xb
 939 02c4 5C020000 		.4byte	.LASF27
 940 02c8 01       		.byte	0x1
 941 02c9 2B       		.byte	0x2b
 942 02ca 81000000 		.4byte	0x81
 943 02ce 05       		.uleb128 0x5
 944 02cf 03       		.byte	0x3
 945 02d0 02000000 		.4byte	bitCase
 946 02d4 0B       		.uleb128 0xb
 947 02d5 2C030000 		.4byte	.LASF28
 948 02d9 01       		.byte	0x1
 949 02da 2C       		.byte	0x2c
 950 02db 81000000 		.4byte	0x81
 951 02df 05       		.uleb128 0x5
 952 02e0 03       		.byte	0x3
 953 02e1 10000000 		.4byte	testLEDStatus
 954 02e5 0C       		.uleb128 0xc
 955 02e6 6A010000 		.4byte	.LASF48
 956 02ea 10       		.byte	0x10
 957 02eb 1207     		.2byte	0x712
 958 02ed F1020000 		.4byte	0x2f1
 959 02f1 0D       		.uleb128 0xd
 960 02f2 76000000 		.4byte	0x76
 961 02f6 0E       		.uleb128 0xe
 962 02f7 ED010000 		.4byte	.LASF29
ARM GAS  C:\Users\ipfajard\AppData\Local\Temp\cct4g6Gl.s 			page 24


 963 02fb ED010000 		.4byte	.LASF29
 964 02ff 05       		.byte	0x5
 965 0300 92       		.byte	0x92
 966 0301 0E       		.uleb128 0xe
 967 0302 49020000 		.4byte	.LASF30
 968 0306 49020000 		.4byte	.LASF30
 969 030a 06       		.byte	0x6
 970 030b DC       		.byte	0xdc
 971 030c 0E       		.uleb128 0xe
 972 030d 36020000 		.4byte	.LASF31
 973 0311 36020000 		.4byte	.LASF31
 974 0315 07       		.byte	0x7
 975 0316 92       		.byte	0x92
 976 0317 0E       		.uleb128 0xe
 977 0318 FF010000 		.4byte	.LASF32
 978 031c FF010000 		.4byte	.LASF32
 979 0320 08       		.byte	0x8
 980 0321 DC       		.byte	0xdc
 981 0322 0E       		.uleb128 0xe
 982 0323 C9010000 		.4byte	.LASF33
 983 0327 C9010000 		.4byte	.LASF33
 984 032b 09       		.byte	0x9
 985 032c 26       		.byte	0x26
 986 032d 0E       		.uleb128 0xe
 987 032e 00000000 		.4byte	.LASF34
 988 0332 00000000 		.4byte	.LASF34
 989 0336 0A       		.byte	0xa
 990 0337 18       		.byte	0x18
 991 0338 0E       		.uleb128 0xe
 992 0339 22000000 		.4byte	.LASF35
 993 033d 22000000 		.4byte	.LASF35
 994 0341 0B       		.byte	0xb
 995 0342 18       		.byte	0x18
 996 0343 0E       		.uleb128 0xe
 997 0344 96020000 		.4byte	.LASF36
 998 0348 96020000 		.4byte	.LASF36
 999 034c 0C       		.byte	0xc
 1000 034d 18       		.byte	0x18
 1001 034e 0E       		.uleb128 0xe
 1002 034f D7010000 		.4byte	.LASF37
 1003 0353 D7010000 		.4byte	.LASF37
 1004 0357 0D       		.byte	0xd
 1005 0358 18       		.byte	0x18
 1006 0359 0E       		.uleb128 0xe
 1007 035a 05030000 		.4byte	.LASF38
 1008 035e 05030000 		.4byte	.LASF38
 1009 0362 05       		.byte	0x5
 1010 0363 DC       		.byte	0xdc
 1011 0364 0E       		.uleb128 0xe
 1012 0365 C7020000 		.4byte	.LASF39
 1013 0369 C7020000 		.4byte	.LASF39
 1014 036d 06       		.byte	0x6
 1015 036e 92       		.byte	0x92
 1016 036f 0E       		.uleb128 0xe
 1017 0370 57010000 		.4byte	.LASF40
 1018 0374 57010000 		.4byte	.LASF40
 1019 0378 07       		.byte	0x7
ARM GAS  C:\Users\ipfajard\AppData\Local\Temp\cct4g6Gl.s 			page 25


 1020 0379 DC       		.byte	0xdc
 1021 037a 0E       		.uleb128 0xe
 1022 037b 71020000 		.4byte	.LASF41
 1023 037f 71020000 		.4byte	.LASF41
 1024 0383 08       		.byte	0x8
 1025 0384 92       		.byte	0x92
 1026 0385 0E       		.uleb128 0xe
 1027 0386 69000000 		.4byte	.LASF42
 1028 038a 69000000 		.4byte	.LASF42
 1029 038e 0E       		.byte	0xe
 1030 038f 26       		.byte	0x26
 1031 0390 0E       		.uleb128 0xe
 1032 0391 13020000 		.4byte	.LASF43
 1033 0395 13020000 		.4byte	.LASF43
 1034 0399 0F       		.byte	0xf
 1035 039a 26       		.byte	0x26
 1036 039b 00       		.byte	0
 1037              		.section	.debug_abbrev,"",%progbits
 1038              	.Ldebug_abbrev0:
 1039 0000 01       		.uleb128 0x1
 1040 0001 11       		.uleb128 0x11
 1041 0002 01       		.byte	0x1
 1042 0003 25       		.uleb128 0x25
 1043 0004 0E       		.uleb128 0xe
 1044 0005 13       		.uleb128 0x13
 1045 0006 0B       		.uleb128 0xb
 1046 0007 03       		.uleb128 0x3
 1047 0008 0E       		.uleb128 0xe
 1048 0009 1B       		.uleb128 0x1b
 1049 000a 0E       		.uleb128 0xe
 1050 000b 55       		.uleb128 0x55
 1051 000c 17       		.uleb128 0x17
 1052 000d 11       		.uleb128 0x11
 1053 000e 01       		.uleb128 0x1
 1054 000f 10       		.uleb128 0x10
 1055 0010 17       		.uleb128 0x17
 1056 0011 00       		.byte	0
 1057 0012 00       		.byte	0
 1058 0013 02       		.uleb128 0x2
 1059 0014 24       		.uleb128 0x24
 1060 0015 00       		.byte	0
 1061 0016 0B       		.uleb128 0xb
 1062 0017 0B       		.uleb128 0xb
 1063 0018 3E       		.uleb128 0x3e
 1064 0019 0B       		.uleb128 0xb
 1065 001a 03       		.uleb128 0x3
 1066 001b 0E       		.uleb128 0xe
 1067 001c 00       		.byte	0
 1068 001d 00       		.byte	0
 1069 001e 03       		.uleb128 0x3
 1070 001f 16       		.uleb128 0x16
 1071 0020 00       		.byte	0
 1072 0021 03       		.uleb128 0x3
 1073 0022 0E       		.uleb128 0xe
 1074 0023 3A       		.uleb128 0x3a
 1075 0024 0B       		.uleb128 0xb
 1076 0025 3B       		.uleb128 0x3b
ARM GAS  C:\Users\ipfajard\AppData\Local\Temp\cct4g6Gl.s 			page 26


 1077 0026 0B       		.uleb128 0xb
 1078 0027 49       		.uleb128 0x49
 1079 0028 13       		.uleb128 0x13
 1080 0029 00       		.byte	0
 1081 002a 00       		.byte	0
 1082 002b 04       		.uleb128 0x4
 1083 002c 24       		.uleb128 0x24
 1084 002d 00       		.byte	0
 1085 002e 0B       		.uleb128 0xb
 1086 002f 0B       		.uleb128 0xb
 1087 0030 3E       		.uleb128 0x3e
 1088 0031 0B       		.uleb128 0xb
 1089 0032 03       		.uleb128 0x3
 1090 0033 08       		.uleb128 0x8
 1091 0034 00       		.byte	0
 1092 0035 00       		.byte	0
 1093 0036 05       		.uleb128 0x5
 1094 0037 16       		.uleb128 0x16
 1095 0038 00       		.byte	0
 1096 0039 03       		.uleb128 0x3
 1097 003a 0E       		.uleb128 0xe
 1098 003b 3A       		.uleb128 0x3a
 1099 003c 0B       		.uleb128 0xb
 1100 003d 3B       		.uleb128 0x3b
 1101 003e 05       		.uleb128 0x5
 1102 003f 49       		.uleb128 0x49
 1103 0040 13       		.uleb128 0x13
 1104 0041 00       		.byte	0
 1105 0042 00       		.byte	0
 1106 0043 06       		.uleb128 0x6
 1107 0044 2E       		.uleb128 0x2e
 1108 0045 00       		.byte	0
 1109 0046 3F       		.uleb128 0x3f
 1110 0047 19       		.uleb128 0x19
 1111 0048 03       		.uleb128 0x3
 1112 0049 0E       		.uleb128 0xe
 1113 004a 3A       		.uleb128 0x3a
 1114 004b 0B       		.uleb128 0xb
 1115 004c 3B       		.uleb128 0x3b
 1116 004d 0B       		.uleb128 0xb
 1117 004e 27       		.uleb128 0x27
 1118 004f 19       		.uleb128 0x19
 1119 0050 11       		.uleb128 0x11
 1120 0051 01       		.uleb128 0x1
 1121 0052 12       		.uleb128 0x12
 1122 0053 06       		.uleb128 0x6
 1123 0054 40       		.uleb128 0x40
 1124 0055 18       		.uleb128 0x18
 1125 0056 9742     		.uleb128 0x2117
 1126 0058 19       		.uleb128 0x19
 1127 0059 00       		.byte	0
 1128 005a 00       		.byte	0
 1129 005b 07       		.uleb128 0x7
 1130 005c 2E       		.uleb128 0x2e
 1131 005d 01       		.byte	0x1
 1132 005e 3F       		.uleb128 0x3f
 1133 005f 19       		.uleb128 0x19
ARM GAS  C:\Users\ipfajard\AppData\Local\Temp\cct4g6Gl.s 			page 27


 1134 0060 03       		.uleb128 0x3
 1135 0061 0E       		.uleb128 0xe
 1136 0062 3A       		.uleb128 0x3a
 1137 0063 0B       		.uleb128 0xb
 1138 0064 3B       		.uleb128 0x3b
 1139 0065 0B       		.uleb128 0xb
 1140 0066 27       		.uleb128 0x27
 1141 0067 19       		.uleb128 0x19
 1142 0068 49       		.uleb128 0x49
 1143 0069 13       		.uleb128 0x13
 1144 006a 8701     		.uleb128 0x87
 1145 006c 19       		.uleb128 0x19
 1146 006d 11       		.uleb128 0x11
 1147 006e 01       		.uleb128 0x1
 1148 006f 12       		.uleb128 0x12
 1149 0070 06       		.uleb128 0x6
 1150 0071 40       		.uleb128 0x40
 1151 0072 18       		.uleb128 0x18
 1152 0073 9742     		.uleb128 0x2117
 1153 0075 19       		.uleb128 0x19
 1154 0076 01       		.uleb128 0x1
 1155 0077 13       		.uleb128 0x13
 1156 0078 00       		.byte	0
 1157 0079 00       		.byte	0
 1158 007a 08       		.uleb128 0x8
 1159 007b 898201   		.uleb128 0x4109
 1160 007e 00       		.byte	0
 1161 007f 11       		.uleb128 0x11
 1162 0080 01       		.uleb128 0x1
 1163 0081 31       		.uleb128 0x31
 1164 0082 13       		.uleb128 0x13
 1165 0083 00       		.byte	0
 1166 0084 00       		.byte	0
 1167 0085 09       		.uleb128 0x9
 1168 0086 898201   		.uleb128 0x4109
 1169 0089 01       		.byte	0x1
 1170 008a 11       		.uleb128 0x11
 1171 008b 01       		.uleb128 0x1
 1172 008c 31       		.uleb128 0x31
 1173 008d 13       		.uleb128 0x13
 1174 008e 01       		.uleb128 0x1
 1175 008f 13       		.uleb128 0x13
 1176 0090 00       		.byte	0
 1177 0091 00       		.byte	0
 1178 0092 0A       		.uleb128 0xa
 1179 0093 8A8201   		.uleb128 0x410a
 1180 0096 00       		.byte	0
 1181 0097 02       		.uleb128 0x2
 1182 0098 18       		.uleb128 0x18
 1183 0099 9142     		.uleb128 0x2111
 1184 009b 18       		.uleb128 0x18
 1185 009c 00       		.byte	0
 1186 009d 00       		.byte	0
 1187 009e 0B       		.uleb128 0xb
 1188 009f 34       		.uleb128 0x34
 1189 00a0 00       		.byte	0
 1190 00a1 03       		.uleb128 0x3
ARM GAS  C:\Users\ipfajard\AppData\Local\Temp\cct4g6Gl.s 			page 28


 1191 00a2 0E       		.uleb128 0xe
 1192 00a3 3A       		.uleb128 0x3a
 1193 00a4 0B       		.uleb128 0xb
 1194 00a5 3B       		.uleb128 0x3b
 1195 00a6 0B       		.uleb128 0xb
 1196 00a7 49       		.uleb128 0x49
 1197 00a8 13       		.uleb128 0x13
 1198 00a9 02       		.uleb128 0x2
 1199 00aa 18       		.uleb128 0x18
 1200 00ab 00       		.byte	0
 1201 00ac 00       		.byte	0
 1202 00ad 0C       		.uleb128 0xc
 1203 00ae 34       		.uleb128 0x34
 1204 00af 00       		.byte	0
 1205 00b0 03       		.uleb128 0x3
 1206 00b1 0E       		.uleb128 0xe
 1207 00b2 3A       		.uleb128 0x3a
 1208 00b3 0B       		.uleb128 0xb
 1209 00b4 3B       		.uleb128 0x3b
 1210 00b5 05       		.uleb128 0x5
 1211 00b6 49       		.uleb128 0x49
 1212 00b7 13       		.uleb128 0x13
 1213 00b8 3F       		.uleb128 0x3f
 1214 00b9 19       		.uleb128 0x19
 1215 00ba 3C       		.uleb128 0x3c
 1216 00bb 19       		.uleb128 0x19
 1217 00bc 00       		.byte	0
 1218 00bd 00       		.byte	0
 1219 00be 0D       		.uleb128 0xd
 1220 00bf 35       		.uleb128 0x35
 1221 00c0 00       		.byte	0
 1222 00c1 49       		.uleb128 0x49
 1223 00c2 13       		.uleb128 0x13
 1224 00c3 00       		.byte	0
 1225 00c4 00       		.byte	0
 1226 00c5 0E       		.uleb128 0xe
 1227 00c6 2E       		.uleb128 0x2e
 1228 00c7 00       		.byte	0
 1229 00c8 3F       		.uleb128 0x3f
 1230 00c9 19       		.uleb128 0x19
 1231 00ca 3C       		.uleb128 0x3c
 1232 00cb 19       		.uleb128 0x19
 1233 00cc 6E       		.uleb128 0x6e
 1234 00cd 0E       		.uleb128 0xe
 1235 00ce 03       		.uleb128 0x3
 1236 00cf 0E       		.uleb128 0xe
 1237 00d0 3A       		.uleb128 0x3a
 1238 00d1 0B       		.uleb128 0xb
 1239 00d2 3B       		.uleb128 0x3b
 1240 00d3 0B       		.uleb128 0xb
 1241 00d4 00       		.byte	0
 1242 00d5 00       		.byte	0
 1243 00d6 00       		.byte	0
 1244              		.section	.debug_aranges,"",%progbits
 1245 0000 3C000000 		.4byte	0x3c
 1246 0004 0200     		.2byte	0x2
 1247 0006 00000000 		.4byte	.Ldebug_info0
ARM GAS  C:\Users\ipfajard\AppData\Local\Temp\cct4g6Gl.s 			page 29


 1248 000a 04       		.byte	0x4
 1249 000b 00       		.byte	0
 1250 000c 0000     		.2byte	0
 1251 000e 0000     		.2byte	0
 1252 0010 00000000 		.4byte	.LFB64
 1253 0014 10000000 		.4byte	.LFE64-.LFB64
 1254 0018 00000000 		.4byte	.LFB65
 1255 001c 10000000 		.4byte	.LFE65-.LFB65
 1256 0020 00000000 		.4byte	.LFB66
 1257 0024 10000000 		.4byte	.LFE66-.LFB66
 1258 0028 00000000 		.4byte	.LFB67
 1259 002c 10000000 		.4byte	.LFE67-.LFB67
 1260 0030 00000000 		.4byte	.LFB63
 1261 0034 6C020000 		.4byte	.LFE63-.LFB63
 1262 0038 00000000 		.4byte	0
 1263 003c 00000000 		.4byte	0
 1264              		.section	.debug_ranges,"",%progbits
 1265              	.Ldebug_ranges0:
 1266 0000 00000000 		.4byte	.LFB64
 1267 0004 10000000 		.4byte	.LFE64
 1268 0008 00000000 		.4byte	.LFB65
 1269 000c 10000000 		.4byte	.LFE65
 1270 0010 00000000 		.4byte	.LFB66
 1271 0014 10000000 		.4byte	.LFE66
 1272 0018 00000000 		.4byte	.LFB67
 1273 001c 10000000 		.4byte	.LFE67
 1274 0020 00000000 		.4byte	.LFB63
 1275 0024 6C020000 		.4byte	.LFE63
 1276 0028 00000000 		.4byte	0
 1277 002c 00000000 		.4byte	0
 1278              		.section	.debug_line,"",%progbits
 1279              	.Ldebug_line0:
 1280 0000 CF020000 		.section	.debug_str,"MS",%progbits,1
 1280      02001202 
 1280      00000201 
 1280      FB0E0D00 
 1280      01010101 
 1281              	.LASF34:
 1282 0000 4C6F7746 		.ascii	"LowF_OneInt_StartEx\000"
 1282      5F4F6E65 
 1282      496E745F 
 1282      53746172 
 1282      74457800 
 1283              	.LASF22:
 1284 0014 4C5F7A65 		.ascii	"L_zeroCounter\000"
 1284      726F436F 
 1284      756E7465 
 1284      7200
 1285              	.LASF35:
 1286 0022 4C6F7746 		.ascii	"LowF_ZeroInt_StartEx\000"
 1286      5F5A6572 
 1286      6F496E74 
 1286      5F537461 
 1286      72744578 
 1287              	.LASF17:
 1288 0037 4C6F7746 		.ascii	"LowF_Zero_Int\000"
 1288      5F5A6572 
ARM GAS  C:\Users\ipfajard\AppData\Local\Temp\cct4g6Gl.s 			page 30


 1288      6F5F496E 
 1288      7400
 1289              	.LASF9:
 1290 0045 5F5F696E 		.ascii	"__int32_t\000"
 1290      7433325F 
 1290      7400
 1291              	.LASF18:
 1292 004f 4C6F7746 		.ascii	"LowF_One_Int\000"
 1292      5F4F6E65 
 1292      5F496E74 
 1292      00
 1293              	.LASF23:
 1294 005c 485F6F6E 		.ascii	"H_oneCounter\000"
 1294      65436F75 
 1294      6E746572 
 1294      00
 1295              	.LASF42:
 1296 0069 4C6F7746 		.ascii	"LowF_MuxSelOut_Write\000"
 1296      5F4D7578 
 1296      53656C4F 
 1296      75745F57 
 1296      72697465 
 1297              	.LASF12:
 1298 007e 666C6F61 		.ascii	"float\000"
 1298      7400
 1299              	.LASF7:
 1300 0084 6C6F6E67 		.ascii	"long long unsigned int\000"
 1300      206C6F6E 
 1300      6720756E 
 1300      7369676E 
 1300      65642069 
 1301              	.LASF24:
 1302 009b 485F7A65 		.ascii	"H_zeroCounter\000"
 1302      726F436F 
 1302      756E7465 
 1302      7200
 1303              	.LASF1:
 1304 00a9 756E7369 		.ascii	"unsigned char\000"
 1304      676E6564 
 1304      20636861 
 1304      7200
 1305              	.LASF44:
 1306 00b7 474E5520 		.ascii	"GNU C11 5.4.1 20160609 (release) [ARM/embedded-5-br"
 1306      43313120 
 1306      352E342E 
 1306      31203230 
 1306      31363036 
 1307 00ea 616E6368 		.ascii	"anch revision 237715] -mcpu=cortex-m3 -mthumb -g -O"
 1307      20726576 
 1307      6973696F 
 1307      6E203233 
 1307      37373135 
 1308 011d 67202D66 		.ascii	"g -ffunction-sections -ffat-lto-objects\000"
 1308      66756E63 
 1308      74696F6E 
 1308      2D736563 
 1308      74696F6E 
ARM GAS  C:\Users\ipfajard\AppData\Local\Temp\cct4g6Gl.s 			page 31


 1309              	.LASF5:
 1310 0145 6C6F6E67 		.ascii	"long unsigned int\000"
 1310      20756E73 
 1310      69676E65 
 1310      6420696E 
 1310      7400
 1311              	.LASF40:
 1312 0157 48696768 		.ascii	"HighF_OnePWM_Sleep\000"
 1312      465F4F6E 
 1312      6550574D 
 1312      5F536C65 
 1312      657000
 1313              	.LASF48:
 1314 016a 49544D5F 		.ascii	"ITM_RxBuffer\000"
 1314      52784275 
 1314      66666572 
 1314      00
 1315              	.LASF25:
 1316 0177 4C5F6D65 		.ascii	"L_messageBit\000"
 1316      73736167 
 1316      65426974 
 1316      00
 1317              	.LASF13:
 1318 0184 646F7562 		.ascii	"double\000"
 1318      6C6500
 1319              	.LASF47:
 1320 018b 6D61696E 		.ascii	"main\000"
 1320      00
 1321              	.LASF46:
 1322 0190 433A5C55 		.ascii	"C:\\Users\\ipfajard\\Documents\\PSoC Creator\\FSK\\"
 1322      73657273 
 1322      5C697066 
 1322      616A6172 
 1322      645C446F 
 1323 01bd 46534B54 		.ascii	"FSKTx.cydsn\000"
 1323      782E6379 
 1323      64736E00 
 1324              	.LASF33:
 1325 01c9 4C454454 		.ascii	"LEDTest_Write\000"
 1325      6573745F 
 1325      57726974 
 1325      6500
 1326              	.LASF37:
 1327 01d7 48696768 		.ascii	"HighF_ZeroInt_StartEx\000"
 1327      465F5A65 
 1327      726F496E 
 1327      745F5374 
 1327      61727445 
 1328              	.LASF29:
 1329 01ed 4C6F7746 		.ascii	"LowF_OnePWM_Start\000"
 1329      5F4F6E65 
 1329      50574D5F 
 1329      53746172 
 1329      7400
 1330              	.LASF32:
 1331 01ff 48696768 		.ascii	"HighF_ZeroPWM_Sleep\000"
 1331      465F5A65 
ARM GAS  C:\Users\ipfajard\AppData\Local\Temp\cct4g6Gl.s 			page 32


 1331      726F5057 
 1331      4D5F536C 
 1331      65657000 
 1332              	.LASF43:
 1333 0213 48696768 		.ascii	"HighF_MuxSelOut_Write\000"
 1333      465F4D75 
 1333      7853656C 
 1333      4F75745F 
 1333      57726974 
 1334              	.LASF8:
 1335 0229 756E7369 		.ascii	"unsigned int\000"
 1335      676E6564 
 1335      20696E74 
 1335      00
 1336              	.LASF31:
 1337 0236 48696768 		.ascii	"HighF_OnePWM_Start\000"
 1337      465F4F6E 
 1337      6550574D 
 1337      5F537461 
 1337      727400
 1338              	.LASF30:
 1339 0249 4C6F7746 		.ascii	"LowF_ZeroPWM_Sleep\000"
 1339      5F5A6572 
 1339      6F50574D 
 1339      5F536C65 
 1339      657000
 1340              	.LASF27:
 1341 025c 62697443 		.ascii	"bitCase\000"
 1341      61736500 
 1342              	.LASF26:
 1343 0264 485F6D65 		.ascii	"H_messageBit\000"
 1343      73736167 
 1343      65426974 
 1343      00
 1344              	.LASF41:
 1345 0271 48696768 		.ascii	"HighF_ZeroPWM_Start\000"
 1345      465F5A65 
 1345      726F5057 
 1345      4D5F5374 
 1345      61727400 
 1346              	.LASF10:
 1347 0285 696E7433 		.ascii	"int32_t\000"
 1347      325F7400 
 1348              	.LASF16:
 1349 028d 73697A65 		.ascii	"sizetype\000"
 1349      74797065 
 1349      00
 1350              	.LASF36:
 1351 0296 48696768 		.ascii	"HighF_OneInt_StartEx\000"
 1351      465F4F6E 
 1351      65496E74 
 1351      5F537461 
 1351      72744578 
 1352              	.LASF20:
 1353 02ab 48696768 		.ascii	"HighF_One_Int\000"
 1353      465F4F6E 
 1353      655F496E 
ARM GAS  C:\Users\ipfajard\AppData\Local\Temp\cct4g6Gl.s 			page 33


 1353      7400
 1354              	.LASF6:
 1355 02b9 6C6F6E67 		.ascii	"long long int\000"
 1355      206C6F6E 
 1355      6720696E 
 1355      7400
 1356              	.LASF39:
 1357 02c7 4C6F7746 		.ascii	"LowF_ZeroPWM_Start\000"
 1357      5F5A6572 
 1357      6F50574D 
 1357      5F537461 
 1357      727400
 1358              	.LASF45:
 1359 02da 6D61696E 		.ascii	"main.c\000"
 1359      2E6300
 1360              	.LASF14:
 1361 02e1 63686172 		.ascii	"char\000"
 1361      00
 1362              	.LASF19:
 1363 02e6 48696768 		.ascii	"HighF_Zero_Int\000"
 1363      465F5A65 
 1363      726F5F49 
 1363      6E7400
 1364              	.LASF2:
 1365 02f5 73686F72 		.ascii	"short int\000"
 1365      7420696E 
 1365      7400
 1366              	.LASF11:
 1367 02ff 75696E74 		.ascii	"uint8\000"
 1367      3800
 1368              	.LASF38:
 1369 0305 4C6F7746 		.ascii	"LowF_OnePWM_Sleep\000"
 1369      5F4F6E65 
 1369      50574D5F 
 1369      536C6565 
 1369      7000
 1370              	.LASF4:
 1371 0317 6C6F6E67 		.ascii	"long int\000"
 1371      20696E74 
 1371      00
 1372              	.LASF15:
 1373 0320 6C6F6E67 		.ascii	"long double\000"
 1373      20646F75 
 1373      626C6500 
 1374              	.LASF28:
 1375 032c 74657374 		.ascii	"testLEDStatus\000"
 1375      4C454453 
 1375      74617475 
 1375      7300
 1376              	.LASF0:
 1377 033a 7369676E 		.ascii	"signed char\000"
 1377      65642063 
 1377      68617200 
 1378              	.LASF3:
 1379 0346 73686F72 		.ascii	"short unsigned int\000"
 1379      7420756E 
 1379      7369676E 
ARM GAS  C:\Users\ipfajard\AppData\Local\Temp\cct4g6Gl.s 			page 34


 1379      65642069 
 1379      6E7400
 1380              	.LASF21:
 1381 0359 4C5F6F6E 		.ascii	"L_oneCounter\000"
 1381      65436F75 
 1381      6E746572 
 1381      00
 1382              		.ident	"GCC: (GNU Tools for ARM Embedded Processors) 5.4.1 20160609 (release) [ARM/embedded-5-bran
