--------------- Build Started: 05/12/2018 19:53:03 Project: USBFS_UART01, Configuration: ARM GCC 5.4-2016-q2-update Debug ---------------
The code generation step is up to date.
arm-none-eabi-gcc.exe -mcpu=cortex-m3 -mthumb -I. -IGenerated_Source\PSoC5 -Wa,-alh=.\ARM_GCC_541\Debug/main.lst -g -Wall -ffunction-sections -ffat-lto-objects -O0 -c main.c -o .\ARM_GCC_541\Debug\main.o
main.c: In function 'main':
main.c:108:33: warning: pointer targets in passing argument 2 of 'sprintf' differ in signedness [-Wpointer-sign]
                 sprintf(lineStr,buffer);
                                 ^
In file included from c:\program files (x86)\cypress\psoc creator\4.1\psoc creator\import\gnu\arm\5.4.1\arm-none-eabi\include\string.h:10:0,
                 from Generated_Source\PSoC5/CyLib.h:22,
                 from Generated_Source\PSoC5/USBUART.h:22,
                 from Generated_Source\PSoC5/project.h:23,
                 from main.c:27:
c:\program files (x86)\cypress\psoc creator\4.1\psoc creator\import\gnu\arm\5.4.1\arm-none-eabi\include\stdio.h:231:5: note: expected 'const char * restrict' but argument is of type 'uint8 * {aka unsigned char *}'
 int _EXFUN(sprintf, (char *__restrict, const char *__restrict, ...)
     ^
arm-none-eabi-ar.exe -rs .\ARM_GCC_541\Debug\USBFS_UART01.a .\ARM_GCC_541\Debug\CyScBoostClk.o .\ARM_GCC_541\Debug\USBUART.o .\ARM_GCC_541\Debug\USBUART_audio.o .\ARM_GCC_541\Debug\USBUART_boot.o .\ARM_GCC_541\Debug\USBUART_cdc.o .\ARM_GCC_541\Debug\USBUART_cls.o .\ARM_GCC_541\Debug\USBUART_descr.o .\ARM_GCC_541\Debug\USBUART_drv.o .\ARM_GCC_541\Debug\USBUART_episr.o .\ARM_GCC_541\Debug\USBUART_hid.o .\ARM_GCC_541\Debug\USBUART_pm.o .\ARM_GCC_541\Debug\USBUART_std.o .\ARM_GCC_541\Debug\USBUART_vnd.o .\ARM_GCC_541\Debug\USBUART_midi.o .\ARM_GCC_541\Debug\USBUART_msc.o .\ARM_GCC_541\Debug\LCD.o .\ARM_GCC_541\Debug\LCD_PM.o .\ARM_GCC_541\Debug\USBUART_Dm.o .\ARM_GCC_541\Debug\USBUART_Dp.o .\ARM_GCC_541\Debug\LCD_LCDPort.o .\ARM_GCC_541\Debug\CyDmac.o .\ARM_GCC_541\Debug\CyFlash.o .\ARM_GCC_541\Debug\CyLib.o .\ARM_GCC_541\Debug\cyPm.o .\ARM_GCC_541\Debug\CySpc.o .\ARM_GCC_541\Debug\cyutils.o .\ARM_GCC_541\Debug\CyBootAsmGnu.o
arm-none-eabi-ar.exe: creating .\ARM_GCC_541\Debug\USBFS_UART01.a
arm-none-eabi-gcc.exe -Wl,--start-group -o C:\Users\sdysart\Documents\UACS\UACS\HighFreqFSK\USBFS_UART01.cydsn\ARM_GCC_541\Debug\USBFS_UART01.elf .\ARM_GCC_541\Debug\main.o .\ARM_GCC_541\Debug\cyfitter_cfg.o .\ARM_GCC_541\Debug\cymetadata.o .\ARM_GCC_541\Debug\Cm3Start.o .\ARM_GCC_541\Debug\USBFS_UART01.a "C:\Program Files (x86)\Cypress\PSoC Creator\4.1\PSoC Creator\psoc\content\cycomponentlibrary\CyComponentLibrary.cylib\CortexM3\ARM_GCC_541\Debug\CyComponentLibrary.a" -mcpu=cortex-m3 -mthumb -L Generated_Source\PSoC5 -Wl,-Map,.\ARM_GCC_541\Debug/USBFS_UART01.map -T Generated_Source\PSoC5\cm3gcc.ld -specs=nano.specs -Wl,--gc-sections -g -ffunction-sections -O0 -ffat-lto-objects -Wl,--end-group
cyelftool.exe -C C:\Users\sdysart\Documents\UACS\UACS\HighFreqFSK\USBFS_UART01.cydsn\ARM_GCC_541\Debug\USBFS_UART01.elf --flash_row_size 256 --flash_size 262144 --flash_offset 0x00000000
cyelftool.exe -S C:\Users\sdysart\Documents\UACS\UACS\HighFreqFSK\USBFS_UART01.cydsn\ARM_GCC_541\Debug\USBFS_UART01.elf
Flash used: 25564 of 262144 bytes (9.8%).
SRAM used: 2893 of 65536 bytes (4.4%). Stack: 2048 bytes. Heap: 128 bytes.
--------------- Build Succeeded: 05/12/2018 19:53:04 ---------------
