#***************************************************************************

#sjplacer

#Version:            1.1

#Build Date:         Jul 19 2017 14:31:00

#File Generated:     May 4 2018 11:56:51

#Purpose:            

#Copyright (C) 2010-2011 by Softjin Technologies Pvt Ltd. All rights reserved.

#***************************************************************************

Executing : C:\Program Files (x86)\Cypress\PSoC Creator\4.1\PSoC Creator\bin/sjplacer.exe --proj-name HighFSKTx --netlist-vh2 HighFSKTx_p.vh2 --arch p35_udb4x6 --arch-file C:\Program Files (x86)\Cypress\PSoC Creator\4.1\PSoC Creator\dev\arch/udbdsi_4x6_24.cydata --ip-file C:\Program Files (x86)\Cypress\PSoC Creator\4.1\PSoC Creator\dev\psoc5/psoc5lp/ip_blocks.cydata --rrg-file C:\Program Files (x86)\Cypress\PSoC Creator\4.1\PSoC Creator\dev\psoc5/psoc5lp/route_arch-rrg.cydata --irq-file C:\Program Files (x86)\Cypress\PSoC Creator\4.1\PSoC Creator\dev\psoc5/psoc5lp/irqconn.cydata --drq-file C:\Program Files (x86)\Cypress\PSoC Creator\4.1\PSoC Creator\dev\psoc5/psoc5lp/dmaconn.cydata --dsi-conn-file C:\Program Files (x86)\Cypress\PSoC Creator\4.1\PSoC Creator\dev\psoc5/psoc5lp/dsiconn.cydata --pins-file pins_68-QFN.xml --lib-file HighFSKTx_p.lib --sdc-file HighFSKTx.sdc --io-pcf HighFSKTx.pci --outdir .

		Softjin Techologies Placer, Version 1.1

Build Date : Jul 19 2017	14:29:55

D2004: Option and Settings Summary
=============================================================
Netlist vh2 file          - HighFSKTx_p.vh2
Architecture file         - C:\Program Files (x86)\Cypress\PSoC Creator\4.1\PSoC Creator\dev\arch/udbdsi_4x6_24.cydata
Package                   - 
Defparam file             - 
SDC file                  - HighFSKTx.sdc
Output directory          - .
Timing library            - HighFSKTx_p.lib
IO Placement file         - HighFSKTx.pci

D2050: Starting reading inputs for placer
=============================================================
D2065: Reading netlist file : "HighFSKTx_p.vh2"
D2065: Reading arch file : "C:\Program Files (x86)\Cypress\PSoC Creator\4.1\PSoC Creator\dev\arch/udbdsi_4x6_24.cydata"
D2051: Reading of inputs for placer completed successfully

D2053: Starting placement of the design
=============================================================

Phase 2
Phase 3

Design Statistics after Packing
    Number of Combinational MCs 	:	5
    Number of Sequential MCs    	:	17
    Number of DPs               	:	9
    Number of Controls          	:	5
    Number of Status            	:	5
    Number of SyncCells         	:	0
    Number of count7cells       	:	0

Device Utilization Summary after Packing
    Macrocells                  :	22/192
    UDBS                        :	9/24
    IOs                         :	5/72


D2088: Phase 3, elapsed time : 0.0 (sec)

Phase 4
D2088: Phase 4, elapsed time : 0.0 (sec)

Phase 5
D2088: Phase 5, elapsed time : 0.0 (sec)

Phase 6

######################################################################
Placement Timing Summary

The timing summary is based on estimated routing delays after
placement. For final timing report, please carry out the timing
analysis after routing.
======================================================================

######################################################################
                     Clock Summary 
======================================================================
Number of clocks: 10
Clock: Clock_1              | Frequency:  59.7 MHz | Target:   1.0 MHz
Clock: Clock_2              | Frequency:  59.7 MHz | Target:   1.0 MHz
Clock: Clock_3              | Frequency:  59.7 MHz | Target:   1.0 MHz
Clock: CyBUS_CLK            | Frequency: N/A       | Target:  24.0 MHz
Clock: CyILO                | Frequency: N/A       | Target:   0.0 MHz
Clock: CyIMO                | Frequency: N/A       | Target:   3.0 MHz
Clock: CyMASTER_CLK         | Frequency: N/A       | Target:  24.0 MHz
Clock: CyPLL_OUT            | Frequency: N/A       | Target:  24.0 MHz
Clock: PWM_Clock            | Frequency:  85.3 MHz | Target:   1.0 MHz
Clock: timer_clock          | Frequency:  59.7 MHz | Target:   0.0 MHz

======================================================================
                     End of Clock Summary
######################################################################

D2088: Phase 6, elapsed time : 0.0 (sec)

Phase 7
######################################################################
                     Clock Summary 
======================================================================
Number of clocks: 10
Clock: Clock_1              | Frequency:  59.7 MHz | Target:   1.0 MHz
Clock: Clock_2              | Frequency:  59.7 MHz | Target:   1.0 MHz
Clock: Clock_3              | Frequency:  59.7 MHz | Target:   1.0 MHz
Clock: CyBUS_CLK            | Frequency: N/A       | Target:  24.0 MHz
Clock: CyILO                | Frequency: N/A       | Target:   0.0 MHz
Clock: CyIMO                | Frequency: N/A       | Target:   3.0 MHz
Clock: CyMASTER_CLK         | Frequency: N/A       | Target:  24.0 MHz
Clock: CyPLL_OUT            | Frequency: N/A       | Target:  24.0 MHz
Clock: PWM_Clock            | Frequency:  85.3 MHz | Target:   1.0 MHz
Clock: timer_clock          | Frequency:  59.7 MHz | Target:   0.0 MHz

======================================================================
                     End of Clock Summary
######################################################################
D2088: Phase 7, elapsed time : 0.2 (sec)

Final Design Statistics
    Number of Combinational MCs 	:	5
    Number of Sequential MCs    	:	17
    Number of DPs               	:	9
    Number of Controls          	:	5
    Number of Status            	:	5
    Number of SyncCells         	:	0
    Number of count7cells       	:	0
    Number of IOs       	:	5

Device Utilization Summary
    Macrocells                  :	22/192
    IOs                         :	5/72



######################################################################
Placement Timing Summary

The timing summary is based on estimated routing delays after
placement. For final timing report, please carry out the timing
analysis after routing.
======================================================================


######################################################################
                     Clock Summary 
======================================================================
Number of clocks: 10
Clock: Clock_1              | Frequency:  59.7 MHz | Target:   1.1 MHz
Clock: Clock_2              | Frequency:  59.7 MHz | Target:   1.1 MHz
Clock: Clock_3              | Frequency:  59.7 MHz | Target:   1.1 MHz
Clock: CyBUS_CLK            | Frequency: N/A       | Target:  24.0 MHz
Clock: CyILO                | Frequency: N/A       | Target:   0.0 MHz
Clock: CyIMO                | Frequency: N/A       | Target:   3.0 MHz
Clock: CyMASTER_CLK         | Frequency: N/A       | Target:  24.0 MHz
Clock: CyPLL_OUT            | Frequency: N/A       | Target:  24.0 MHz
Clock: PWM_Clock            | Frequency:  85.3 MHz | Target:   1.1 MHz
Clock: timer_clock          | Frequency:  57.8 MHz | Target:   0.0 MHz

======================================================================
                     End of Clock Summary
######################################################################

Phase 8
D2088: Phase 8, elapsed time : 0.0 (sec)

D2054: Placement of the design completed successfully

I2076: Total run-time: 1.0 sec.

