ARM GAS  C:\Users\ipfajard\AppData\Local\Temp\ccELXebk.s 			page 1


   1              		.syntax unified
   2              		.cpu cortex-m3
   3              		.fpu softvfp
   4              		.eabi_attribute 20, 1
   5              		.eabi_attribute 21, 1
   6              		.eabi_attribute 23, 3
   7              		.eabi_attribute 24, 1
   8              		.eabi_attribute 25, 1
   9              		.eabi_attribute 26, 1
  10              		.eabi_attribute 30, 1
  11              		.eabi_attribute 34, 1
  12              		.eabi_attribute 18, 4
  13              		.thumb
  14              		.syntax unified
  15              		.file	"cymetadata.c"
  16              		.text
  17              	.Ltext0:
  18              		.cfi_sections	.debug_frame
  19              		.global	cy_metadata
  20              		.global	cy_meta_flashprotect
  21              		.global	cy_meta_wonvl
  22              		.global	cy_meta_custnvl
  23              		.global	cy_meta_configecc
  24              		.section	.cyconfigecc,"a",%progbits
  25              		.align	2
  26              		.type	cy_meta_configecc, %object
  27              		.size	cy_meta_configecc, 2116
  28              	cy_meta_configecc:
  29 0000 07       		.byte	7
  30 0001 52       		.byte	82
  31 0002 00       		.byte	0
  32 0003 40       		.byte	64
  33 0004 02       		.byte	2
  34 0005 64       		.byte	100
  35 0006 00       		.byte	0
  36 0007 40       		.byte	64
  37 0008 04       		.byte	4
  38 0009 65       		.byte	101
  39 000a 00       		.byte	0
  40 000b 40       		.byte	64
  41 000c 3E       		.byte	62
  42 000d 02       		.byte	2
  43 000e 01       		.byte	1
  44 000f 40       		.byte	64
  45 0010 17       		.byte	23
  46 0011 03       		.byte	3
  47 0012 01       		.byte	1
  48 0013 40       		.byte	64
  49 0014 3A       		.byte	58
  50 0015 04       		.byte	4
  51 0016 01       		.byte	1
  52 0017 40       		.byte	64
  53 0018 1E       		.byte	30
  54 0019 05       		.byte	5
  55 001a 01       		.byte	1
  56 001b 40       		.byte	64
  57 001c 41       		.byte	65
ARM GAS  C:\Users\ipfajard\AppData\Local\Temp\ccELXebk.s 			page 2


  58 001d 06       		.byte	6
  59 001e 01       		.byte	1
  60 001f 40       		.byte	64
  61 0020 24       		.byte	36
  62 0021 07       		.byte	7
  63 0022 01       		.byte	1
  64 0023 40       		.byte	64
  65 0024 61       		.byte	97
  66 0025 08       		.byte	8
  67 0026 01       		.byte	1
  68 0027 40       		.byte	64
  69 0028 32       		.byte	50
  70 0029 09       		.byte	9
  71 002a 01       		.byte	1
  72 002b 40       		.byte	64
  73 002c 01       		.byte	1
  74 002d 0B       		.byte	11
  75 002e 01       		.byte	1
  76 002f 40       		.byte	64
  77 0030 02       		.byte	2
  78 0031 0D       		.byte	13
  79 0032 01       		.byte	1
  80 0033 40       		.byte	64
  81 0034 2D       		.byte	45
  82 0035 14       		.byte	20
  83 0036 01       		.byte	1
  84 0037 40       		.byte	64
  85 0038 10       		.byte	16
  86 0039 15       		.byte	21
  87 003a 01       		.byte	1
  88 003b 40       		.byte	64
  89 003c 32       		.byte	50
  90 003d 16       		.byte	22
  91 003e 01       		.byte	1
  92 003f 40       		.byte	64
  93 0040 14       		.byte	20
  94 0041 17       		.byte	23
  95 0042 01       		.byte	1
  96 0043 40       		.byte	64
  97 0044 4C       		.byte	76
  98 0045 18       		.byte	24
  99 0046 01       		.byte	1
 100 0047 40       		.byte	64
 101 0048 43       		.byte	67
 102 0049 19       		.byte	25
 103 004a 01       		.byte	1
 104 004b 40       		.byte	64
 105 004c 5E       		.byte	94
 106 004d 1A       		.byte	26
 107 004e 01       		.byte	1
 108 004f 40       		.byte	64
 109 0050 4B       		.byte	75
 110 0051 1B       		.byte	27
 111 0052 01       		.byte	1
 112 0053 40       		.byte	64
 113 0054 04       		.byte	4
 114 0055 40       		.byte	64
ARM GAS  C:\Users\ipfajard\AppData\Local\Temp\ccELXebk.s 			page 3


 115 0056 01       		.byte	1
 116 0057 40       		.byte	64
 117 0058 0D       		.byte	13
 118 0059 41       		.byte	65
 119 005a 01       		.byte	1
 120 005b 40       		.byte	64
 121 005c 07       		.byte	7
 122 005d 42       		.byte	66
 123 005e 01       		.byte	1
 124 005f 40       		.byte	64
 125 0060 07       		.byte	7
 126 0061 43       		.byte	67
 127 0062 01       		.byte	1
 128 0063 40       		.byte	64
 129 0064 03       		.byte	3
 130 0065 44       		.byte	68
 131 0066 01       		.byte	1
 132 0067 40       		.byte	64
 133 0068 02       		.byte	2
 134 0069 45       		.byte	69
 135 006a 01       		.byte	1
 136 006b 40       		.byte	64
 137 006c 01       		.byte	1
 138 006d 46       		.byte	70
 139 006e 01       		.byte	1
 140 006f 40       		.byte	64
 141 0070 01       		.byte	1
 142 0071 47       		.byte	71
 143 0072 01       		.byte	1
 144 0073 40       		.byte	64
 145 0074 08       		.byte	8
 146 0075 48       		.byte	72
 147 0076 01       		.byte	1
 148 0077 40       		.byte	64
 149 0078 10       		.byte	16
 150 0079 49       		.byte	73
 151 007a 01       		.byte	1
 152 007b 40       		.byte	64
 153 007c 03       		.byte	3
 154 007d 4C       		.byte	76
 155 007e 01       		.byte	1
 156 007f 40       		.byte	64
 157 0080 07       		.byte	7
 158 0081 4D       		.byte	77
 159 0082 01       		.byte	1
 160 0083 40       		.byte	64
 161 0084 0C       		.byte	12
 162 0085 50       		.byte	80
 163 0086 01       		.byte	1
 164 0087 40       		.byte	64
 165 0088 01       		.byte	1
 166 0089 51       		.byte	81
 167 008a 01       		.byte	1
 168 008b 40       		.byte	64
 169 008c 01       		.byte	1
 170 008d 02       		.byte	2
 171 008e 08       		.byte	8
ARM GAS  C:\Users\ipfajard\AppData\Local\Temp\ccELXebk.s 			page 4


 172 008f 04       		.byte	4
 173 0090 09       		.byte	9
 174 0091 04       		.byte	4
 175 0092 18       		.byte	24
 176 0093 10       		.byte	16
 177 0094 19       		.byte	25
 178 0095 58       		.byte	88
 179 0096 61       		.byte	97
 180 0097 80       		.byte	-128
 181 0098 64       		.byte	100
 182 0099 40       		.byte	64
 183 009a 87       		.byte	-121
 184 009b 0D       		.byte	13
 185 009c 89       		.byte	-119
 186 009d 0D       		.byte	13
 187 009e 87       		.byte	-121
 188 009f 0D       		.byte	13
 189 00a0 88       		.byte	-120
 190 00a1 0F       		.byte	15
 191 00a2 89       		.byte	-119
 192 00a3 72       		.byte	114
 193 00a4 8A       		.byte	-118
 194 00a5 38       		.byte	56
 195 00a6 18       		.byte	24
 196 00a7 02       		.byte	2
 197 00a8 1A       		.byte	26
 198 00a9 01       		.byte	1
 199 00aa 24       		.byte	36
 200 00ab 01       		.byte	1
 201 00ac 26       		.byte	38
 202 00ad 02       		.byte	2
 203 00ae 30       		.byte	48
 204 00af 03       		.byte	3
 205 00b0 3E       		.byte	62
 206 00b1 01       		.byte	1
 207 00b2 41       		.byte	65
 208 00b3 04       		.byte	4
 209 00b4 44       		.byte	68
 210 00b5 03       		.byte	3
 211 00b6 45       		.byte	69
 212 00b7 0B       		.byte	11
 213 00b8 46       		.byte	70
 214 00b9 B0       		.byte	-80
 215 00ba 48       		.byte	72
 216 00bb 09       		.byte	9
 217 00bc 49       		.byte	73
 218 00bd FF       		.byte	-1
 219 00be 4A       		.byte	74
 220 00bf FF       		.byte	-1
 221 00c0 4B       		.byte	75
 222 00c1 FF       		.byte	-1
 223 00c2 4C       		.byte	76
 224 00c3 EF       		.byte	-17
 225 00c4 4D       		.byte	77
 226 00c5 55       		.byte	85
 227 00c6 4E       		.byte	78
 228 00c7 70       		.byte	112
ARM GAS  C:\Users\ipfajard\AppData\Local\Temp\ccELXebk.s 			page 5


 229 00c8 4F       		.byte	79
 230 00c9 48       		.byte	72
 231 00ca 50       		.byte	80
 232 00cb 1C       		.byte	28
 233 00cc 56       		.byte	86
 234 00cd 08       		.byte	8
 235 00ce 58       		.byte	88
 236 00cf 04       		.byte	4
 237 00d0 5A       		.byte	90
 238 00d1 04       		.byte	4
 239 00d2 5B       		.byte	91
 240 00d3 04       		.byte	4
 241 00d4 5D       		.byte	93
 242 00d5 92       		.byte	-110
 243 00d6 5F       		.byte	95
 244 00d7 01       		.byte	1
 245 00d8 61       		.byte	97
 246 00d9 08       		.byte	8
 247 00da 63       		.byte	99
 248 00db 08       		.byte	8
 249 00dc 65       		.byte	101
 250 00dd 08       		.byte	8
 251 00de 67       		.byte	103
 252 00df 08       		.byte	8
 253 00e0 68       		.byte	104
 254 00e1 50       		.byte	80
 255 00e2 69       		.byte	105
 256 00e3 0A       		.byte	10
 257 00e4 6A       		.byte	106
 258 00e5 40       		.byte	64
 259 00e6 6B       		.byte	107
 260 00e7 A8       		.byte	-88
 261 00e8 6C       		.byte	108
 262 00e9 C0       		.byte	-64
 263 00ea 6E       		.byte	110
 264 00eb 40       		.byte	64
 265 00ec 6F       		.byte	111
 266 00ed A8       		.byte	-88
 267 00ee C1       		.byte	-63
 268 00ef 05       		.byte	5
 269 00f0 C4       		.byte	-60
 270 00f1 03       		.byte	3
 271 00f2 C9       		.byte	-55
 272 00f3 FF       		.byte	-1
 273 00f4 CA       		.byte	-54
 274 00f5 FF       		.byte	-1
 275 00f6 CB       		.byte	-53
 276 00f7 FF       		.byte	-1
 277 00f8 CC       		.byte	-52
 278 00f9 EF       		.byte	-17
 279 00fa CD       		.byte	-51
 280 00fb 55       		.byte	85
 281 00fc CE       		.byte	-50
 282 00fd 72       		.byte	114
 283 00fe CF       		.byte	-49
 284 00ff 48       		.byte	72
 285 0100 D0       		.byte	-48
ARM GAS  C:\Users\ipfajard\AppData\Local\Temp\ccELXebk.s 			page 6


 286 0101 1C       		.byte	28
 287 0102 D2       		.byte	-46
 288 0103 01       		.byte	1
 289 0104 DA       		.byte	-38
 290 0105 04       		.byte	4
 291 0106 DB       		.byte	-37
 292 0107 04       		.byte	4
 293 0108 DD       		.byte	-35
 294 0109 22       		.byte	34
 295 010a DF       		.byte	-33
 296 010b 01       		.byte	1
 297 010c E1       		.byte	-31
 298 010d 08       		.byte	8
 299 010e E3       		.byte	-29
 300 010f 08       		.byte	8
 301 0110 E5       		.byte	-27
 302 0111 08       		.byte	8
 303 0112 E7       		.byte	-25
 304 0113 08       		.byte	8
 305 0114 E8       		.byte	-24
 306 0115 50       		.byte	80
 307 0116 E9       		.byte	-23
 308 0117 0A       		.byte	10
 309 0118 EA       		.byte	-22
 310 0119 40       		.byte	64
 311 011a EB       		.byte	-21
 312 011b A8       		.byte	-88
 313 011c EC       		.byte	-20
 314 011d C0       		.byte	-64
 315 011e EE       		.byte	-18
 316 011f 40       		.byte	64
 317 0120 EF       		.byte	-17
 318 0121 A8       		.byte	-88
 319 0122 0F       		.byte	15
 320 0123 08       		.byte	8
 321 0124 14       		.byte	20
 322 0125 20       		.byte	32
 323 0126 17       		.byte	23
 324 0127 08       		.byte	8
 325 0128 1E       		.byte	30
 326 0129 80       		.byte	-128
 327 012a 40       		.byte	64
 328 012b 20       		.byte	32
 329 012c 47       		.byte	71
 330 012d 0A       		.byte	10
 331 012e 48       		.byte	72
 332 012f 01       		.byte	1
 333 0130 4F       		.byte	79
 334 0131 08       		.byte	8
 335 0132 57       		.byte	87
 336 0133 10       		.byte	16
 337 0134 5F       		.byte	95
 338 0135 80       		.byte	-128
 339 0136 64       		.byte	100
 340 0137 01       		.byte	1
 341 0138 67       		.byte	103
 342 0139 02       		.byte	2
ARM GAS  C:\Users\ipfajard\AppData\Local\Temp\ccELXebk.s 			page 7


 343 013a 68       		.byte	104
 344 013b 01       		.byte	1
 345 013c 6B       		.byte	107
 346 013d 02       		.byte	2
 347 013e 83       		.byte	-125
 348 013f 10       		.byte	16
 349 0140 C2       		.byte	-62
 350 0141 40       		.byte	64
 351 0142 C4       		.byte	-60
 352 0143 20       		.byte	32
 353 0144 D0       		.byte	-48
 354 0145 C2       		.byte	-62
 355 0146 D2       		.byte	-46
 356 0147 08       		.byte	8
 357 0148 D6       		.byte	-42
 358 0149 10       		.byte	16
 359 014a D8       		.byte	-40
 360 014b 10       		.byte	16
 361 014c E6       		.byte	-26
 362 014d 04       		.byte	4
 363 014e EA       		.byte	-22
 364 014f 08       		.byte	8
 365 0150 0F       		.byte	15
 366 0151 01       		.byte	1
 367 0152 1B       		.byte	27
 368 0153 01       		.byte	1
 369 0154 35       		.byte	53
 370 0155 01       		.byte	1
 371 0156 41       		.byte	65
 372 0157 05       		.byte	5
 373 0158 44       		.byte	68
 374 0159 02       		.byte	2
 375 015a 49       		.byte	73
 376 015b FF       		.byte	-1
 377 015c 4A       		.byte	74
 378 015d FF       		.byte	-1
 379 015e 4B       		.byte	75
 380 015f FF       		.byte	-1
 381 0160 4C       		.byte	76
 382 0161 EF       		.byte	-17
 383 0162 4D       		.byte	77
 384 0163 55       		.byte	85
 385 0164 4E       		.byte	78
 386 0165 72       		.byte	114
 387 0166 4F       		.byte	79
 388 0167 48       		.byte	72
 389 0168 50       		.byte	80
 390 0169 1C       		.byte	28
 391 016a 59       		.byte	89
 392 016b 0B       		.byte	11
 393 016c 5A       		.byte	90
 394 016d 04       		.byte	4
 395 016e 5C       		.byte	92
 396 016f 90       		.byte	-112
 397 0170 5D       		.byte	93
 398 0171 02       		.byte	2
 399 0172 5F       		.byte	95
ARM GAS  C:\Users\ipfajard\AppData\Local\Temp\ccELXebk.s 			page 8


 400 0173 01       		.byte	1
 401 0174 61       		.byte	97
 402 0175 08       		.byte	8
 403 0176 63       		.byte	99
 404 0177 08       		.byte	8
 405 0178 65       		.byte	101
 406 0179 08       		.byte	8
 407 017a 67       		.byte	103
 408 017b 08       		.byte	8
 409 017c 68       		.byte	104
 410 017d 50       		.byte	80
 411 017e 69       		.byte	105
 412 017f 0A       		.byte	10
 413 0180 6A       		.byte	106
 414 0181 40       		.byte	64
 415 0182 6B       		.byte	107
 416 0183 A8       		.byte	-88
 417 0184 6C       		.byte	108
 418 0185 C0       		.byte	-64
 419 0186 6E       		.byte	110
 420 0187 40       		.byte	64
 421 0188 6F       		.byte	111
 422 0189 A8       		.byte	-88
 423 018a C1       		.byte	-63
 424 018b 04       		.byte	4
 425 018c C4       		.byte	-60
 426 018d 03       		.byte	3
 427 018e C5       		.byte	-59
 428 018f 0D       		.byte	13
 429 0190 C6       		.byte	-58
 430 0191 0E       		.byte	14
 431 0192 C7       		.byte	-57
 432 0193 CF       		.byte	-49
 433 0194 C8       		.byte	-56
 434 0195 35       		.byte	53
 435 0196 C9       		.byte	-55
 436 0197 FF       		.byte	-1
 437 0198 CA       		.byte	-54
 438 0199 FF       		.byte	-1
 439 019a CB       		.byte	-53
 440 019b FF       		.byte	-1
 441 019c CC       		.byte	-52
 442 019d EA       		.byte	-22
 443 019e CD       		.byte	-51
 444 019f 55       		.byte	85
 445 01a0 CE       		.byte	-50
 446 01a1 F2       		.byte	-14
 447 01a2 CF       		.byte	-49
 448 01a3 48       		.byte	72
 449 01a4 D0       		.byte	-48
 450 01a5 1C       		.byte	28
 451 01a6 DA       		.byte	-38
 452 01a7 04       		.byte	4
 453 01a8 DB       		.byte	-37
 454 01a9 04       		.byte	4
 455 01aa DD       		.byte	-35
 456 01ab 22       		.byte	34
ARM GAS  C:\Users\ipfajard\AppData\Local\Temp\ccELXebk.s 			page 9


 457 01ac DF       		.byte	-33
 458 01ad 01       		.byte	1
 459 01ae E1       		.byte	-31
 460 01af 08       		.byte	8
 461 01b0 E3       		.byte	-29
 462 01b1 08       		.byte	8
 463 01b2 E5       		.byte	-27
 464 01b3 08       		.byte	8
 465 01b4 E7       		.byte	-25
 466 01b5 08       		.byte	8
 467 01b6 E8       		.byte	-24
 468 01b7 50       		.byte	80
 469 01b8 E9       		.byte	-23
 470 01b9 0A       		.byte	10
 471 01ba EA       		.byte	-22
 472 01bb 40       		.byte	64
 473 01bc EB       		.byte	-21
 474 01bd A8       		.byte	-88
 475 01be EC       		.byte	-20
 476 01bf C0       		.byte	-64
 477 01c0 EE       		.byte	-18
 478 01c1 40       		.byte	64
 479 01c2 EF       		.byte	-17
 480 01c3 A8       		.byte	-88
 481 01c4 21       		.byte	33
 482 01c5 20       		.byte	32
 483 01c6 23       		.byte	35
 484 01c7 08       		.byte	8
 485 01c8 30       		.byte	48
 486 01c9 20       		.byte	32
 487 01ca 38       		.byte	56
 488 01cb 40       		.byte	64
 489 01cc 41       		.byte	65
 490 01cd 20       		.byte	32
 491 01ce 47       		.byte	71
 492 01cf 0A       		.byte	10
 493 01d0 48       		.byte	72
 494 01d1 01       		.byte	1
 495 01d2 4F       		.byte	79
 496 01d3 04       		.byte	4
 497 01d4 56       		.byte	86
 498 01d5 48       		.byte	72
 499 01d6 57       		.byte	87
 500 01d7 02       		.byte	2
 501 01d8 5E       		.byte	94
 502 01d9 02       		.byte	2
 503 01da 66       		.byte	102
 504 01db 48       		.byte	72
 505 01dc 67       		.byte	103
 506 01dd 04       		.byte	4
 507 01de 78       		.byte	120
 508 01df 01       		.byte	1
 509 01e0 7A       		.byte	122
 510 01e1 01       		.byte	1
 511 01e2 7B       		.byte	123
 512 01e3 02       		.byte	2
 513 01e4 93       		.byte	-109
ARM GAS  C:\Users\ipfajard\AppData\Local\Temp\ccELXebk.s 			page 10


 514 01e5 02       		.byte	2
 515 01e6 98       		.byte	-104
 516 01e7 01       		.byte	1
 517 01e8 9B       		.byte	-101
 518 01e9 02       		.byte	2
 519 01ea 9F       		.byte	-97
 520 01eb 08       		.byte	8
 521 01ec A0       		.byte	-96
 522 01ed 01       		.byte	1
 523 01ee A2       		.byte	-94
 524 01ef 40       		.byte	64
 525 01f0 AF       		.byte	-81
 526 01f1 80       		.byte	-128
 527 01f2 CC       		.byte	-52
 528 01f3 04       		.byte	4
 529 01f4 CE       		.byte	-50
 530 01f5 08       		.byte	8
 531 01f6 D0       		.byte	-48
 532 01f7 C4       		.byte	-60
 533 01f8 D2       		.byte	-46
 534 01f9 08       		.byte	8
 535 01fa D6       		.byte	-42
 536 01fb 80       		.byte	-128
 537 01fc D8       		.byte	-40
 538 01fd 70       		.byte	112
 539 01fe DE       		.byte	-34
 540 01ff 01       		.byte	1
 541 0200 03       		.byte	3
 542 0201 01       		.byte	1
 543 0202 31       		.byte	49
 544 0203 01       		.byte	1
 545 0204 40       		.byte	64
 546 0205 10       		.byte	16
 547 0206 41       		.byte	65
 548 0207 06       		.byte	6
 549 0208 49       		.byte	73
 550 0209 FF       		.byte	-1
 551 020a 4A       		.byte	74
 552 020b FF       		.byte	-1
 553 020c 4B       		.byte	75
 554 020d FF       		.byte	-1
 555 020e 4D       		.byte	77
 556 020f A0       		.byte	-96
 557 0210 4F       		.byte	79
 558 0211 04       		.byte	4
 559 0212 50       		.byte	80
 560 0213 18       		.byte	24
 561 0214 52       		.byte	82
 562 0215 80       		.byte	-128
 563 0216 59       		.byte	89
 564 0217 08       		.byte	8
 565 0218 5A       		.byte	90
 566 0219 08       		.byte	8
 567 021a 5B       		.byte	91
 568 021b 08       		.byte	8
 569 021c 5C       		.byte	92
 570 021d 90       		.byte	-112
ARM GAS  C:\Users\ipfajard\AppData\Local\Temp\ccELXebk.s 			page 11


 571 021e 5D       		.byte	93
 572 021f 99       		.byte	-103
 573 0220 5F       		.byte	95
 574 0221 01       		.byte	1
 575 0222 60       		.byte	96
 576 0223 40       		.byte	64
 577 0224 62       		.byte	98
 578 0225 C0       		.byte	-64
 579 0226 64       		.byte	100
 580 0227 40       		.byte	64
 581 0228 65       		.byte	101
 582 0229 40       		.byte	64
 583 022a 66       		.byte	102
 584 022b C0       		.byte	-64
 585 022c 68       		.byte	104
 586 022d C0       		.byte	-64
 587 022e 6A       		.byte	106
 588 022f C0       		.byte	-64
 589 0230 6C       		.byte	108
 590 0231 C0       		.byte	-64
 591 0232 6E       		.byte	110
 592 0233 C0       		.byte	-64
 593 0234 8F       		.byte	-113
 594 0235 01       		.byte	1
 595 0236 97       		.byte	-105
 596 0237 01       		.byte	1
 597 0238 9B       		.byte	-101
 598 0239 02       		.byte	2
 599 023a A5       		.byte	-91
 600 023b 02       		.byte	2
 601 023c A6       		.byte	-90
 602 023d 01       		.byte	1
 603 023e B2       		.byte	-78
 604 023f 01       		.byte	1
 605 0240 B3       		.byte	-77
 606 0241 01       		.byte	1
 607 0242 B7       		.byte	-73
 608 0243 02       		.byte	2
 609 0244 BF       		.byte	-65
 610 0245 04       		.byte	4
 611 0246 C0       		.byte	-64
 612 0247 40       		.byte	64
 613 0248 C1       		.byte	-63
 614 0249 06       		.byte	6
 615 024a C5       		.byte	-59
 616 024b D0       		.byte	-48
 617 024c C6       		.byte	-58
 618 024d 10       		.byte	16
 619 024e C7       		.byte	-57
 620 024f 02       		.byte	2
 621 0250 C8       		.byte	-56
 622 0251 1A       		.byte	26
 623 0252 C9       		.byte	-55
 624 0253 FF       		.byte	-1
 625 0254 CA       		.byte	-54
 626 0255 FF       		.byte	-1
 627 0256 CB       		.byte	-53
ARM GAS  C:\Users\ipfajard\AppData\Local\Temp\ccELXebk.s 			page 12


 628 0257 FF       		.byte	-1
 629 0258 CD       		.byte	-51
 630 0259 AF       		.byte	-81
 631 025a CE       		.byte	-50
 632 025b 0F       		.byte	15
 633 025c CF       		.byte	-49
 634 025d 04       		.byte	4
 635 025e D0       		.byte	-48
 636 025f 18       		.byte	24
 637 0260 D4       		.byte	-44
 638 0261 05       		.byte	5
 639 0262 D8       		.byte	-40
 640 0263 0B       		.byte	11
 641 0264 D9       		.byte	-39
 642 0265 0B       		.byte	11
 643 0266 DA       		.byte	-38
 644 0267 0B       		.byte	11
 645 0268 DB       		.byte	-37
 646 0269 0B       		.byte	11
 647 026a DC       		.byte	-36
 648 026b 99       		.byte	-103
 649 026c DD       		.byte	-35
 650 026d 99       		.byte	-103
 651 026e DF       		.byte	-33
 652 026f 01       		.byte	1
 653 0270 E0       		.byte	-32
 654 0271 40       		.byte	64
 655 0272 E2       		.byte	-30
 656 0273 C0       		.byte	-64
 657 0274 E4       		.byte	-28
 658 0275 40       		.byte	64
 659 0276 E5       		.byte	-27
 660 0277 40       		.byte	64
 661 0278 E6       		.byte	-26
 662 0279 C0       		.byte	-64
 663 027a E8       		.byte	-24
 664 027b C0       		.byte	-64
 665 027c EA       		.byte	-22
 666 027d C0       		.byte	-64
 667 027e EC       		.byte	-20
 668 027f C0       		.byte	-64
 669 0280 EE       		.byte	-18
 670 0281 C0       		.byte	-64
 671 0282 10       		.byte	16
 672 0283 20       		.byte	32
 673 0284 19       		.byte	25
 674 0285 08       		.byte	8
 675 0286 22       		.byte	34
 676 0287 44       		.byte	68
 677 0288 24       		.byte	36
 678 0289 40       		.byte	64
 679 028a 27       		.byte	39
 680 028b 80       		.byte	-128
 681 028c 29       		.byte	41
 682 028d 08       		.byte	8
 683 028e 30       		.byte	48
 684 028f 20       		.byte	32
ARM GAS  C:\Users\ipfajard\AppData\Local\Temp\ccELXebk.s 			page 13


 685 0290 32       		.byte	50
 686 0291 08       		.byte	8
 687 0292 38       		.byte	56
 688 0293 40       		.byte	64
 689 0294 3C       		.byte	60
 690 0295 02       		.byte	2
 691 0296 40       		.byte	64
 692 0297 40       		.byte	64
 693 0298 47       		.byte	71
 694 0299 80       		.byte	-128
 695 029a 49       		.byte	73
 696 029b 01       		.byte	1
 697 029c 4A       		.byte	74
 698 029d 08       		.byte	8
 699 029e 4E       		.byte	78
 700 029f 08       		.byte	8
 701 02a0 50       		.byte	80
 702 02a1 20       		.byte	32
 703 02a2 52       		.byte	82
 704 02a3 08       		.byte	8
 705 02a4 59       		.byte	89
 706 02a5 01       		.byte	1
 707 02a6 5A       		.byte	90
 708 02a7 88       		.byte	-120
 709 02a8 74       		.byte	116
 710 02a9 01       		.byte	1
 711 02aa 78       		.byte	120
 712 02ab 01       		.byte	1
 713 02ac 7F       		.byte	127
 714 02ad 01       		.byte	1
 715 02ae 93       		.byte	-109
 716 02af 02       		.byte	2
 717 02b0 94       		.byte	-108
 718 02b1 40       		.byte	64
 719 02b2 98       		.byte	-104
 720 02b3 01       		.byte	1
 721 02b4 9B       		.byte	-101
 722 02b5 08       		.byte	8
 723 02b6 A2       		.byte	-94
 724 02b7 40       		.byte	64
 725 02b8 A4       		.byte	-92
 726 02b9 20       		.byte	32
 727 02ba C4       		.byte	-60
 728 02bb 04       		.byte	4
 729 02bc CA       		.byte	-54
 730 02bd 02       		.byte	2
 731 02be CC       		.byte	-52
 732 02bf 06       		.byte	6
 733 02c0 CE       		.byte	-50
 734 02c1 88       		.byte	-120
 735 02c2 D0       		.byte	-48
 736 02c3 11       		.byte	17
 737 02c4 D2       		.byte	-46
 738 02c5 24       		.byte	36
 739 02c6 D6       		.byte	-42
 740 02c7 0B       		.byte	11
 741 02c8 DE       		.byte	-34
ARM GAS  C:\Users\ipfajard\AppData\Local\Temp\ccELXebk.s 			page 14


 742 02c9 11       		.byte	17
 743 02ca 01       		.byte	1
 744 02cb 01       		.byte	1
 745 02cc 02       		.byte	2
 746 02cd 01       		.byte	1
 747 02ce 05       		.byte	5
 748 02cf 02       		.byte	2
 749 02d0 06       		.byte	6
 750 02d1 01       		.byte	1
 751 02d2 08       		.byte	8
 752 02d3 06       		.byte	6
 753 02d4 10       		.byte	16
 754 02d5 04       		.byte	4
 755 02d6 19       		.byte	25
 756 02d7 01       		.byte	1
 757 02d8 1C       		.byte	28
 758 02d9 06       		.byte	6
 759 02da 2A       		.byte	42
 760 02db 02       		.byte	2
 761 02dc 2F       		.byte	47
 762 02dd 01       		.byte	1
 763 02de 30       		.byte	48
 764 02df 01       		.byte	1
 765 02e0 31       		.byte	49
 766 02e1 03       		.byte	3
 767 02e2 34       		.byte	52
 768 02e3 06       		.byte	6
 769 02e4 38       		.byte	56
 770 02e5 20       		.byte	32
 771 02e6 39       		.byte	57
 772 02e7 02       		.byte	2
 773 02e8 3E       		.byte	62
 774 02e9 10       		.byte	16
 775 02ea 40       		.byte	64
 776 02eb 46       		.byte	70
 777 02ec 49       		.byte	73
 778 02ed FF       		.byte	-1
 779 02ee 4A       		.byte	74
 780 02ef FF       		.byte	-1
 781 02f0 4B       		.byte	75
 782 02f1 FF       		.byte	-1
 783 02f2 4F       		.byte	79
 784 02f3 01       		.byte	1
 785 02f4 50       		.byte	80
 786 02f5 18       		.byte	24
 787 02f6 52       		.byte	82
 788 02f7 80       		.byte	-128
 789 02f8 58       		.byte	88
 790 02f9 04       		.byte	4
 791 02fa 59       		.byte	89
 792 02fb 04       		.byte	4
 793 02fc 5A       		.byte	90
 794 02fd 04       		.byte	4
 795 02fe 5B       		.byte	91
 796 02ff 04       		.byte	4
 797 0300 5C       		.byte	92
 798 0301 01       		.byte	1
ARM GAS  C:\Users\ipfajard\AppData\Local\Temp\ccELXebk.s 			page 15


 799 0302 5D       		.byte	93
 800 0303 11       		.byte	17
 801 0304 5F       		.byte	95
 802 0305 01       		.byte	1
 803 0306 60       		.byte	96
 804 0307 40       		.byte	64
 805 0308 62       		.byte	98
 806 0309 40       		.byte	64
 807 030a 64       		.byte	100
 808 030b 40       		.byte	64
 809 030c 65       		.byte	101
 810 030d 40       		.byte	64
 811 030e 66       		.byte	102
 812 030f 80       		.byte	-128
 813 0310 68       		.byte	104
 814 0311 80       		.byte	-128
 815 0312 6A       		.byte	106
 816 0313 80       		.byte	-128
 817 0314 6C       		.byte	108
 818 0315 80       		.byte	-128
 819 0316 6E       		.byte	110
 820 0317 80       		.byte	-128
 821 0318 84       		.byte	-124
 822 0319 1C       		.byte	28
 823 031a 86       		.byte	-122
 824 031b 22       		.byte	34
 825 031c 87       		.byte	-121
 826 031d 08       		.byte	8
 827 031e 88       		.byte	-120
 828 031f 27       		.byte	39
 829 0320 8A       		.byte	-118
 830 0321 18       		.byte	24
 831 0322 8B       		.byte	-117
 832 0323 01       		.byte	1
 833 0324 8C       		.byte	-116
 834 0325 04       		.byte	4
 835 0326 8D       		.byte	-115
 836 0327 07       		.byte	7
 837 0328 90       		.byte	-112
 838 0329 3F       		.byte	63
 839 032a 91       		.byte	-111
 840 032b 06       		.byte	6
 841 032c 93       		.byte	-109
 842 032d 01       		.byte	1
 843 032e 95       		.byte	-107
 844 032f 06       		.byte	6
 845 0330 96       		.byte	-106
 846 0331 23       		.byte	35
 847 0332 98       		.byte	-104
 848 0333 08       		.byte	8
 849 0334 99       		.byte	-103
 850 0335 02       		.byte	2
 851 0336 9D       		.byte	-99
 852 0337 04       		.byte	4
 853 0338 9E       		.byte	-98
 854 0339 04       		.byte	4
 855 033a A0       		.byte	-96
ARM GAS  C:\Users\ipfajard\AppData\Local\Temp\ccELXebk.s 			page 16


 856 033b 10       		.byte	16
 857 033c A1       		.byte	-95
 858 033d 01       		.byte	1
 859 033e A3       		.byte	-93
 860 033f 06       		.byte	6
 861 0340 A8       		.byte	-88
 862 0341 18       		.byte	24
 863 0342 A9       		.byte	-87
 864 0343 07       		.byte	7
 865 0344 AC       		.byte	-84
 866 0345 1C       		.byte	28
 867 0346 AE       		.byte	-82
 868 0347 21       		.byte	33
 869 0348 AF       		.byte	-81
 870 0349 08       		.byte	8
 871 034a B1       		.byte	-79
 872 034b 07       		.byte	7
 873 034c B4       		.byte	-76
 874 034d 1F       		.byte	31
 875 034e B6       		.byte	-74
 876 034f 38       		.byte	56
 877 0350 B7       		.byte	-73
 878 0351 08       		.byte	8
 879 0352 BA       		.byte	-70
 880 0353 A2       		.byte	-94
 881 0354 BF       		.byte	-65
 882 0355 40       		.byte	64
 883 0356 C0       		.byte	-64
 884 0357 46       		.byte	70
 885 0358 C5       		.byte	-59
 886 0359 EC       		.byte	-20
 887 035a C7       		.byte	-57
 888 035b 02       		.byte	2
 889 035c C8       		.byte	-56
 890 035d 13       		.byte	19
 891 035e C9       		.byte	-55
 892 035f FF       		.byte	-1
 893 0360 CA       		.byte	-54
 894 0361 FF       		.byte	-1
 895 0362 CB       		.byte	-53
 896 0363 FF       		.byte	-1
 897 0364 CD       		.byte	-51
 898 0365 83       		.byte	-125
 899 0366 CE       		.byte	-50
 900 0367 03       		.byte	3
 901 0368 CF       		.byte	-49
 902 0369 01       		.byte	1
 903 036a D0       		.byte	-48
 904 036b 18       		.byte	24
 905 036c D4       		.byte	-44
 906 036d 01       		.byte	1
 907 036e D8       		.byte	-40
 908 036f 04       		.byte	4
 909 0370 D9       		.byte	-39
 910 0371 04       		.byte	4
 911 0372 DA       		.byte	-38
 912 0373 04       		.byte	4
ARM GAS  C:\Users\ipfajard\AppData\Local\Temp\ccELXebk.s 			page 17


 913 0374 DB       		.byte	-37
 914 0375 04       		.byte	4
 915 0376 DD       		.byte	-35
 916 0377 11       		.byte	17
 917 0378 DF       		.byte	-33
 918 0379 01       		.byte	1
 919 037a E0       		.byte	-32
 920 037b 40       		.byte	64
 921 037c E2       		.byte	-30
 922 037d 40       		.byte	64
 923 037e E4       		.byte	-28
 924 037f 40       		.byte	64
 925 0380 E5       		.byte	-27
 926 0381 40       		.byte	64
 927 0382 E6       		.byte	-26
 928 0383 80       		.byte	-128
 929 0384 E8       		.byte	-24
 930 0385 80       		.byte	-128
 931 0386 EA       		.byte	-22
 932 0387 80       		.byte	-128
 933 0388 EC       		.byte	-20
 934 0389 80       		.byte	-128
 935 038a EE       		.byte	-18
 936 038b 80       		.byte	-128
 937 038c 01       		.byte	1
 938 038d 40       		.byte	64
 939 038e 03       		.byte	3
 940 038f 28       		.byte	40
 941 0390 04       		.byte	4
 942 0391 08       		.byte	8
 943 0392 05       		.byte	5
 944 0393 10       		.byte	16
 945 0394 06       		.byte	6
 946 0395 40       		.byte	64
 947 0396 08       		.byte	8
 948 0397 10       		.byte	16
 949 0398 09       		.byte	9
 950 0399 80       		.byte	-128
 951 039a 0B       		.byte	11
 952 039b 90       		.byte	-112
 953 039c 0E       		.byte	14
 954 039d 41       		.byte	65
 955 039e 10       		.byte	16
 956 039f 89       		.byte	-119
 957 03a0 16       		.byte	22
 958 03a1 04       		.byte	4
 959 03a2 18       		.byte	24
 960 03a3 80       		.byte	-128
 961 03a4 19       		.byte	25
 962 03a5 A0       		.byte	-96
 963 03a6 1A       		.byte	26
 964 03a7 08       		.byte	8
 965 03a8 1B       		.byte	27
 966 03a9 20       		.byte	32
 967 03aa 1D       		.byte	29
 968 03ab 20       		.byte	32
 969 03ac 1F       		.byte	31
ARM GAS  C:\Users\ipfajard\AppData\Local\Temp\ccELXebk.s 			page 18


 970 03ad 01       		.byte	1
 971 03ae 20       		.byte	32
 972 03af 80       		.byte	-128
 973 03b0 22       		.byte	34
 974 03b1 40       		.byte	64
 975 03b2 27       		.byte	39
 976 03b3 40       		.byte	64
 977 03b4 28       		.byte	40
 978 03b5 80       		.byte	-128
 979 03b6 29       		.byte	41
 980 03b7 20       		.byte	32
 981 03b8 2A       		.byte	42
 982 03b9 40       		.byte	64
 983 03ba 2E       		.byte	46
 984 03bb 40       		.byte	64
 985 03bc 30       		.byte	48
 986 03bd B9       		.byte	-71
 987 03be 35       		.byte	53
 988 03bf 10       		.byte	16
 989 03c0 38       		.byte	56
 990 03c1 88       		.byte	-120
 991 03c2 3B       		.byte	59
 992 03c3 90       		.byte	-112
 993 03c4 3D       		.byte	61
 994 03c5 08       		.byte	8
 995 03c6 3E       		.byte	62
 996 03c7 01       		.byte	1
 997 03c8 42       		.byte	66
 998 03c9 80       		.byte	-128
 999 03ca 46       		.byte	70
 1000 03cb 40       		.byte	64
 1001 03cc 49       		.byte	73
 1002 03cd 05       		.byte	5
 1003 03ce 4A       		.byte	74
 1004 03cf 08       		.byte	8
 1005 03d0 4C       		.byte	76
 1006 03d1 04       		.byte	4
 1007 03d2 50       		.byte	80
 1008 03d3 04       		.byte	4
 1009 03d4 52       		.byte	82
 1010 03d5 08       		.byte	8
 1011 03d6 59       		.byte	89
 1012 03d7 05       		.byte	5
 1013 03d8 5A       		.byte	90
 1014 03d9 80       		.byte	-128
 1015 03da 76       		.byte	118
 1016 03db C0       		.byte	-64
 1017 03dc 97       		.byte	-105
 1018 03dd 02       		.byte	2
 1019 03de C0       		.byte	-64
 1020 03df 77       		.byte	119
 1021 03e0 C2       		.byte	-62
 1022 03e1 9F       		.byte	-97
 1023 03e2 C4       		.byte	-60
 1024 03e3 4B       		.byte	75
 1025 03e4 CA       		.byte	-54
 1026 03e5 1D       		.byte	29
ARM GAS  C:\Users\ipfajard\AppData\Local\Temp\ccELXebk.s 			page 19


 1027 03e6 CC       		.byte	-52
 1028 03e7 2F       		.byte	47
 1029 03e8 CE       		.byte	-50
 1030 03e9 CE       		.byte	-50
 1031 03ea D0       		.byte	-48
 1032 03eb 81       		.byte	-127
 1033 03ec D2       		.byte	-46
 1034 03ed 24       		.byte	36
 1035 03ee D6       		.byte	-42
 1036 03ef 0B       		.byte	11
 1037 03f0 97       		.byte	-105
 1038 03f1 02       		.byte	2
 1039 03f2 83       		.byte	-125
 1040 03f3 01       		.byte	1
 1041 03f4 EA       		.byte	-22
 1042 03f5 08       		.byte	8
 1043 03f6 40       		.byte	64
 1044 03f7 45       		.byte	69
 1045 03f8 49       		.byte	73
 1046 03f9 FF       		.byte	-1
 1047 03fa 4A       		.byte	74
 1048 03fb FF       		.byte	-1
 1049 03fc 4B       		.byte	75
 1050 03fd FF       		.byte	-1
 1051 03fe 4F       		.byte	79
 1052 03ff 01       		.byte	1
 1053 0400 50       		.byte	80
 1054 0401 18       		.byte	24
 1055 0402 5A       		.byte	90
 1056 0403 04       		.byte	4
 1057 0404 5D       		.byte	93
 1058 0405 09       		.byte	9
 1059 0406 5F       		.byte	95
 1060 0407 01       		.byte	1
 1061 0408 60       		.byte	96
 1062 0409 40       		.byte	64
 1063 040a 62       		.byte	98
 1064 040b 40       		.byte	64
 1065 040c 64       		.byte	100
 1066 040d 40       		.byte	64
 1067 040e 65       		.byte	101
 1068 040f 40       		.byte	64
 1069 0410 66       		.byte	102
 1070 0411 80       		.byte	-128
 1071 0412 68       		.byte	104
 1072 0413 80       		.byte	-128
 1073 0414 6A       		.byte	106
 1074 0415 80       		.byte	-128
 1075 0416 6C       		.byte	108
 1076 0417 80       		.byte	-128
 1077 0418 6E       		.byte	110
 1078 0419 80       		.byte	-128
 1079 041a 8F       		.byte	-113
 1080 041b 01       		.byte	1
 1081 041c AF       		.byte	-81
 1082 041d 01       		.byte	1
 1083 041e B3       		.byte	-77
ARM GAS  C:\Users\ipfajard\AppData\Local\Temp\ccELXebk.s 			page 20


 1084 041f 01       		.byte	1
 1085 0420 C0       		.byte	-64
 1086 0421 45       		.byte	69
 1087 0422 C9       		.byte	-55
 1088 0423 FF       		.byte	-1
 1089 0424 CA       		.byte	-54
 1090 0425 FF       		.byte	-1
 1091 0426 CB       		.byte	-53
 1092 0427 FF       		.byte	-1
 1093 0428 CD       		.byte	-51
 1094 0429 83       		.byte	-125
 1095 042a CE       		.byte	-50
 1096 042b 03       		.byte	3
 1097 042c CF       		.byte	-49
 1098 042d 01       		.byte	1
 1099 042e D0       		.byte	-48
 1100 042f 18       		.byte	24
 1101 0430 D2       		.byte	-46
 1102 0431 80       		.byte	-128
 1103 0432 D9       		.byte	-39
 1104 0433 04       		.byte	4
 1105 0434 DA       		.byte	-38
 1106 0435 04       		.byte	4
 1107 0436 DB       		.byte	-37
 1108 0437 04       		.byte	4
 1109 0438 DC       		.byte	-36
 1110 0439 90       		.byte	-112
 1111 043a DD       		.byte	-35
 1112 043b 99       		.byte	-103
 1113 043c DF       		.byte	-33
 1114 043d 01       		.byte	1
 1115 043e E0       		.byte	-32
 1116 043f 40       		.byte	64
 1117 0440 E2       		.byte	-30
 1118 0441 40       		.byte	64
 1119 0442 E4       		.byte	-28
 1120 0443 40       		.byte	64
 1121 0444 E5       		.byte	-27
 1122 0445 40       		.byte	64
 1123 0446 E6       		.byte	-26
 1124 0447 80       		.byte	-128
 1125 0448 E8       		.byte	-24
 1126 0449 80       		.byte	-128
 1127 044a EA       		.byte	-22
 1128 044b 80       		.byte	-128
 1129 044c EC       		.byte	-20
 1130 044d 80       		.byte	-128
 1131 044e EE       		.byte	-18
 1132 044f 80       		.byte	-128
 1133 0450 27       		.byte	39
 1134 0451 20       		.byte	32
 1135 0452 2C       		.byte	44
 1136 0453 02       		.byte	2
 1137 0454 3E       		.byte	62
 1138 0455 80       		.byte	-128
 1139 0456 42       		.byte	66
 1140 0457 80       		.byte	-128
ARM GAS  C:\Users\ipfajard\AppData\Local\Temp\ccELXebk.s 			page 21


 1141 0458 46       		.byte	70
 1142 0459 80       		.byte	-128
 1143 045a 48       		.byte	72
 1144 045b 02       		.byte	2
 1145 045c 4C       		.byte	76
 1146 045d 02       		.byte	2
 1147 045e 76       		.byte	118
 1148 045f 80       		.byte	-128
 1149 0460 83       		.byte	-125
 1150 0461 20       		.byte	32
 1151 0462 9E       		.byte	-98
 1152 0463 80       		.byte	-128
 1153 0464 A0       		.byte	-96
 1154 0465 02       		.byte	2
 1155 0466 CA       		.byte	-54
 1156 0467 10       		.byte	16
 1157 0468 CE       		.byte	-50
 1158 0469 10       		.byte	16
 1159 046a D0       		.byte	-48
 1160 046b 81       		.byte	-127
 1161 046c D2       		.byte	-46
 1162 046d 18       		.byte	24
 1163 046e E6       		.byte	-26
 1164 046f 02       		.byte	2
 1165 0470 40       		.byte	64
 1166 0471 45       		.byte	69
 1167 0472 49       		.byte	73
 1168 0473 FF       		.byte	-1
 1169 0474 4A       		.byte	74
 1170 0475 FF       		.byte	-1
 1171 0476 4B       		.byte	75
 1172 0477 FF       		.byte	-1
 1173 0478 4D       		.byte	77
 1174 0479 83       		.byte	-125
 1175 047a 4E       		.byte	78
 1176 047b 03       		.byte	3
 1177 047c 4F       		.byte	79
 1178 047d 01       		.byte	1
 1179 047e 50       		.byte	80
 1180 047f 18       		.byte	24
 1181 0480 5A       		.byte	90
 1182 0481 04       		.byte	4
 1183 0482 5D       		.byte	93
 1184 0483 09       		.byte	9
 1185 0484 5F       		.byte	95
 1186 0485 01       		.byte	1
 1187 0486 60       		.byte	96
 1188 0487 40       		.byte	64
 1189 0488 62       		.byte	98
 1190 0489 40       		.byte	64
 1191 048a 64       		.byte	100
 1192 048b 40       		.byte	64
 1193 048c 65       		.byte	101
 1194 048d 40       		.byte	64
 1195 048e 66       		.byte	102
 1196 048f 80       		.byte	-128
 1197 0490 68       		.byte	104
ARM GAS  C:\Users\ipfajard\AppData\Local\Temp\ccELXebk.s 			page 22


 1198 0491 80       		.byte	-128
 1199 0492 6A       		.byte	106
 1200 0493 80       		.byte	-128
 1201 0494 6C       		.byte	108
 1202 0495 80       		.byte	-128
 1203 0496 6E       		.byte	110
 1204 0497 80       		.byte	-128
 1205 0498 93       		.byte	-109
 1206 0499 01       		.byte	1
 1207 049a AF       		.byte	-81
 1208 049b 01       		.byte	1
 1209 049c B7       		.byte	-73
 1210 049d 01       		.byte	1
 1211 049e BF       		.byte	-65
 1212 049f 40       		.byte	64
 1213 04a0 C0       		.byte	-64
 1214 04a1 45       		.byte	69
 1215 04a2 C5       		.byte	-59
 1216 04a3 EC       		.byte	-20
 1217 04a4 C7       		.byte	-57
 1218 04a5 20       		.byte	32
 1219 04a6 C8       		.byte	-56
 1220 04a7 23       		.byte	35
 1221 04a8 C9       		.byte	-55
 1222 04a9 FF       		.byte	-1
 1223 04aa CA       		.byte	-54
 1224 04ab FF       		.byte	-1
 1225 04ac CB       		.byte	-53
 1226 04ad FF       		.byte	-1
 1227 04ae CD       		.byte	-51
 1228 04af 83       		.byte	-125
 1229 04b0 CE       		.byte	-50
 1230 04b1 03       		.byte	3
 1231 04b2 CF       		.byte	-49
 1232 04b3 01       		.byte	1
 1233 04b4 D0       		.byte	-48
 1234 04b5 18       		.byte	24
 1235 04b6 D4       		.byte	-44
 1236 04b7 01       		.byte	1
 1237 04b8 D9       		.byte	-39
 1238 04b9 04       		.byte	4
 1239 04ba DA       		.byte	-38
 1240 04bb 04       		.byte	4
 1241 04bc DB       		.byte	-37
 1242 04bd 04       		.byte	4
 1243 04be DD       		.byte	-35
 1244 04bf 99       		.byte	-103
 1245 04c0 DF       		.byte	-33
 1246 04c1 01       		.byte	1
 1247 04c2 E0       		.byte	-32
 1248 04c3 40       		.byte	64
 1249 04c4 E2       		.byte	-30
 1250 04c5 40       		.byte	64
 1251 04c6 E4       		.byte	-28
 1252 04c7 40       		.byte	64
 1253 04c8 E5       		.byte	-27
 1254 04c9 40       		.byte	64
ARM GAS  C:\Users\ipfajard\AppData\Local\Temp\ccELXebk.s 			page 23


 1255 04ca E6       		.byte	-26
 1256 04cb 80       		.byte	-128
 1257 04cc E8       		.byte	-24
 1258 04cd 80       		.byte	-128
 1259 04ce EA       		.byte	-22
 1260 04cf 80       		.byte	-128
 1261 04d0 EC       		.byte	-20
 1262 04d1 80       		.byte	-128
 1263 04d2 EE       		.byte	-18
 1264 04d3 80       		.byte	-128
 1265 04d4 22       		.byte	34
 1266 04d5 40       		.byte	64
 1267 04d6 2A       		.byte	42
 1268 04d7 80       		.byte	-128
 1269 04d8 30       		.byte	48
 1270 04d9 02       		.byte	2
 1271 04da 42       		.byte	66
 1272 04db 80       		.byte	-128
 1273 04dc 46       		.byte	70
 1274 04dd 80       		.byte	-128
 1275 04de 48       		.byte	72
 1276 04df 02       		.byte	2
 1277 04e0 49       		.byte	73
 1278 04e1 05       		.byte	5
 1279 04e2 4C       		.byte	76
 1280 04e3 02       		.byte	2
 1281 04e4 50       		.byte	80
 1282 04e5 02       		.byte	2
 1283 04e6 59       		.byte	89
 1284 04e7 05       		.byte	5
 1285 04e8 5A       		.byte	90
 1286 04e9 80       		.byte	-128
 1287 04ea B2       		.byte	-78
 1288 04eb 40       		.byte	64
 1289 04ec B3       		.byte	-77
 1290 04ed 08       		.byte	8
 1291 04ee CA       		.byte	-54
 1292 04ef 08       		.byte	8
 1293 04f0 CC       		.byte	-52
 1294 04f1 01       		.byte	1
 1295 04f2 D0       		.byte	-48
 1296 04f3 81       		.byte	-127
 1297 04f4 D2       		.byte	-46
 1298 04f5 18       		.byte	24
 1299 04f6 D6       		.byte	-42
 1300 04f7 0B       		.byte	11
 1301 04f8 EA       		.byte	-22
 1302 04f9 20       		.byte	32
 1303 04fa EE       		.byte	-18
 1304 04fb 80       		.byte	-128
 1305 04fc 04       		.byte	4
 1306 04fd 18       		.byte	24
 1307 04fe 06       		.byte	6
 1308 04ff 60       		.byte	96
 1309 0500 08       		.byte	8
 1310 0501 58       		.byte	88
 1311 0502 0A       		.byte	10
ARM GAS  C:\Users\ipfajard\AppData\Local\Temp\ccELXebk.s 			page 24


 1312 0503 25       		.byte	37
 1313 0504 0C       		.byte	12
 1314 0505 16       		.byte	22
 1315 0506 0E       		.byte	14
 1316 0507 61       		.byte	97
 1317 0508 1C       		.byte	28
 1318 0509 58       		.byte	88
 1319 050a 1D       		.byte	29
 1320 050b 01       		.byte	1
 1321 050c 1E       		.byte	30
 1322 050d 23       		.byte	35
 1323 050e 26       		.byte	38
 1324 050f 02       		.byte	2
 1325 0510 2A       		.byte	42
 1326 0511 69       		.byte	105
 1327 0512 2E       		.byte	46
 1328 0513 06       		.byte	6
 1329 0514 30       		.byte	48
 1330 0515 40       		.byte	64
 1331 0516 34       		.byte	52
 1332 0517 3C       		.byte	60
 1333 0518 35       		.byte	53
 1334 0519 01       		.byte	1
 1335 051a 36       		.byte	54
 1336 051b 07       		.byte	7
 1337 051c 3A       		.byte	58
 1338 051d A0       		.byte	-96
 1339 051e 3E       		.byte	62
 1340 051f 01       		.byte	1
 1341 0520 3F       		.byte	63
 1342 0521 10       		.byte	16
 1343 0522 40       		.byte	64
 1344 0523 02       		.byte	2
 1345 0524 46       		.byte	70
 1346 0525 40       		.byte	64
 1347 0526 49       		.byte	73
 1348 0527 FF       		.byte	-1
 1349 0528 4A       		.byte	74
 1350 0529 07       		.byte	7
 1351 052a 4B       		.byte	75
 1352 052b FF       		.byte	-1
 1353 052c 4C       		.byte	76
 1354 052d 40       		.byte	64
 1355 052e 4D       		.byte	77
 1356 052f 20       		.byte	32
 1357 0530 4E       		.byte	78
 1358 0531 F0       		.byte	-16
 1359 0532 4F       		.byte	79
 1360 0533 05       		.byte	5
 1361 0534 50       		.byte	80
 1362 0535 08       		.byte	8
 1363 0536 54       		.byte	84
 1364 0537 01       		.byte	1
 1365 0538 58       		.byte	88
 1366 0539 04       		.byte	4
 1367 053a 59       		.byte	89
 1368 053b 04       		.byte	4
ARM GAS  C:\Users\ipfajard\AppData\Local\Temp\ccELXebk.s 			page 25


 1369 053c 5A       		.byte	90
 1370 053d 04       		.byte	4
 1371 053e 5B       		.byte	91
 1372 053f 04       		.byte	4
 1373 0540 5F       		.byte	95
 1374 0541 01       		.byte	1
 1375 0542 60       		.byte	96
 1376 0543 40       		.byte	64
 1377 0544 61       		.byte	97
 1378 0545 A8       		.byte	-88
 1379 0546 62       		.byte	98
 1380 0547 40       		.byte	64
 1381 0548 63       		.byte	99
 1382 0549 20       		.byte	32
 1383 054a 85       		.byte	-123
 1384 054b 02       		.byte	2
 1385 054c 86       		.byte	-122
 1386 054d 33       		.byte	51
 1387 054e 88       		.byte	-120
 1388 054f 22       		.byte	34
 1389 0550 89       		.byte	-119
 1390 0551 02       		.byte	2
 1391 0552 8C       		.byte	-116
 1392 0553 11       		.byte	17
 1393 0554 8D       		.byte	-115
 1394 0555 05       		.byte	5
 1395 0556 90       		.byte	-112
 1396 0557 3F       		.byte	63
 1397 0558 91       		.byte	-111
 1398 0559 02       		.byte	2
 1399 055a 94       		.byte	-108
 1400 055b 0C       		.byte	12
 1401 055c 95       		.byte	-107
 1402 055d 04       		.byte	4
 1403 055e 96       		.byte	-106
 1404 055f 33       		.byte	51
 1405 0560 97       		.byte	-105
 1406 0561 01       		.byte	1
 1407 0562 98       		.byte	-104
 1408 0563 33       		.byte	51
 1409 0564 9A       		.byte	-102
 1410 0565 0C       		.byte	12
 1411 0566 9C       		.byte	-100
 1412 0567 33       		.byte	51
 1413 0568 A0       		.byte	-96
 1414 0569 08       		.byte	8
 1415 056a A4       		.byte	-92
 1416 056b 04       		.byte	4
 1417 056c A8       		.byte	-88
 1418 056d 0C       		.byte	12
 1419 056e A9       		.byte	-87
 1420 056f 05       		.byte	5
 1421 0570 AC       		.byte	-84
 1422 0571 0F       		.byte	15
 1423 0572 AD       		.byte	-83
 1424 0573 04       		.byte	4
 1425 0574 AE       		.byte	-82
ARM GAS  C:\Users\ipfajard\AppData\Local\Temp\ccELXebk.s 			page 26


 1426 0575 30       		.byte	48
 1427 0576 AF       		.byte	-81
 1428 0577 01       		.byte	1
 1429 0578 B0       		.byte	-80
 1430 0579 30       		.byte	48
 1431 057a B3       		.byte	-77
 1432 057b 02       		.byte	2
 1433 057c B4       		.byte	-76
 1434 057d 0F       		.byte	15
 1435 057e B5       		.byte	-75
 1436 057f 04       		.byte	4
 1437 0580 B7       		.byte	-73
 1438 0581 01       		.byte	1
 1439 0582 B9       		.byte	-71
 1440 0583 80       		.byte	-128
 1441 0584 BA       		.byte	-70
 1442 0585 20       		.byte	32
 1443 0586 BF       		.byte	-65
 1444 0587 10       		.byte	16
 1445 0588 D6       		.byte	-42
 1446 0589 02       		.byte	2
 1447 058a D7       		.byte	-41
 1448 058b 11       		.byte	17
 1449 058c D8       		.byte	-40
 1450 058d 04       		.byte	4
 1451 058e D9       		.byte	-39
 1452 058f 04       		.byte	4
 1453 0590 DB       		.byte	-37
 1454 0591 04       		.byte	4
 1455 0592 DF       		.byte	-33
 1456 0593 01       		.byte	1
 1457 0594 00       		.byte	0
 1458 0595 08       		.byte	8
 1459 0596 01       		.byte	1
 1460 0597 40       		.byte	64
 1461 0598 02       		.byte	2
 1462 0599 08       		.byte	8
 1463 059a 04       		.byte	4
 1464 059b 40       		.byte	64
 1465 059c 05       		.byte	5
 1466 059d 18       		.byte	24
 1467 059e 06       		.byte	6
 1468 059f 08       		.byte	8
 1469 05a0 07       		.byte	7
 1470 05a1 20       		.byte	32
 1471 05a2 08       		.byte	8
 1472 05a3 04       		.byte	4
 1473 05a4 0A       		.byte	10
 1474 05a5 06       		.byte	6
 1475 05a6 0B       		.byte	11
 1476 05a7 80       		.byte	-128
 1477 05a8 0E       		.byte	14
 1478 05a9 01       		.byte	1
 1479 05aa 10       		.byte	16
 1480 05ab A9       		.byte	-87
 1481 05ac 16       		.byte	22
 1482 05ad 24       		.byte	36
ARM GAS  C:\Users\ipfajard\AppData\Local\Temp\ccELXebk.s 			page 27


 1483 05ae 17       		.byte	23
 1484 05af 40       		.byte	64
 1485 05b0 19       		.byte	25
 1486 05b1 21       		.byte	33
 1487 05b2 1A       		.byte	26
 1488 05b3 04       		.byte	4
 1489 05b4 1D       		.byte	29
 1490 05b5 10       		.byte	16
 1491 05b6 1E       		.byte	30
 1492 05b7 81       		.byte	-127
 1493 05b8 22       		.byte	34
 1494 05b9 10       		.byte	16
 1495 05ba 23       		.byte	35
 1496 05bb 11       		.byte	17
 1497 05bc 27       		.byte	39
 1498 05bd 08       		.byte	8
 1499 05be 28       		.byte	40
 1500 05bf 01       		.byte	1
 1501 05c0 29       		.byte	41
 1502 05c1 A0       		.byte	-96
 1503 05c2 2B       		.byte	43
 1504 05c3 08       		.byte	8
 1505 05c4 2C       		.byte	44
 1506 05c5 40       		.byte	64
 1507 05c6 2E       		.byte	46
 1508 05c7 01       		.byte	1
 1509 05c8 30       		.byte	48
 1510 05c9 06       		.byte	6
 1511 05ca 32       		.byte	50
 1512 05cb 04       		.byte	4
 1513 05cc 36       		.byte	54
 1514 05cd 80       		.byte	-128
 1515 05ce 38       		.byte	56
 1516 05cf 80       		.byte	-128
 1517 05d0 39       		.byte	57
 1518 05d1 94       		.byte	-108
 1519 05d2 3B       		.byte	59
 1520 05d3 80       		.byte	-128
 1521 05d4 45       		.byte	69
 1522 05d5 20       		.byte	32
 1523 05d6 48       		.byte	72
 1524 05d7 04       		.byte	4
 1525 05d8 4B       		.byte	75
 1526 05d9 10       		.byte	16
 1527 05da 55       		.byte	85
 1528 05db 04       		.byte	4
 1529 05dc 56       		.byte	86
 1530 05dd 24       		.byte	36
 1531 05de 5A       		.byte	90
 1532 05df 20       		.byte	32
 1533 05e0 5D       		.byte	93
 1534 05e1 01       		.byte	1
 1535 05e2 5E       		.byte	94
 1536 05e3 80       		.byte	-128
 1537 05e4 5F       		.byte	95
 1538 05e5 28       		.byte	40
 1539 05e6 68       		.byte	104
ARM GAS  C:\Users\ipfajard\AppData\Local\Temp\ccELXebk.s 			page 28


 1540 05e7 02       		.byte	2
 1541 05e8 69       		.byte	105
 1542 05e9 14       		.byte	20
 1543 05ea 70       		.byte	112
 1544 05eb A8       		.byte	-88
 1545 05ec 90       		.byte	-112
 1546 05ed 80       		.byte	-128
 1547 05ee 92       		.byte	-110
 1548 05ef 08       		.byte	8
 1549 05f0 95       		.byte	-107
 1550 05f1 40       		.byte	64
 1551 05f2 96       		.byte	-106
 1552 05f3 41       		.byte	65
 1553 05f4 97       		.byte	-105
 1554 05f5 10       		.byte	16
 1555 05f6 99       		.byte	-103
 1556 05f7 80       		.byte	-128
 1557 05f8 9B       		.byte	-101
 1558 05f9 40       		.byte	64
 1559 05fa 9C       		.byte	-100
 1560 05fb 81       		.byte	-127
 1561 05fc 9D       		.byte	-99
 1562 05fd 10       		.byte	16
 1563 05fe 9E       		.byte	-98
 1564 05ff 04       		.byte	4
 1565 0600 A0       		.byte	-96
 1566 0601 40       		.byte	64
 1567 0602 A1       		.byte	-95
 1568 0603 20       		.byte	32
 1569 0604 A4       		.byte	-92
 1570 0605 A8       		.byte	-88
 1571 0606 A5       		.byte	-91
 1572 0607 84       		.byte	-124
 1573 0608 A7       		.byte	-89
 1574 0609 08       		.byte	8
 1575 060a C0       		.byte	-64
 1576 060b E7       		.byte	-25
 1577 060c C2       		.byte	-62
 1578 060d 8F       		.byte	-113
 1579 060e C4       		.byte	-60
 1580 060f EF       		.byte	-17
 1581 0610 CA       		.byte	-54
 1582 0611 0C       		.byte	12
 1583 0612 CC       		.byte	-52
 1584 0613 13       		.byte	19
 1585 0614 CE       		.byte	-50
 1586 0615 0E       		.byte	14
 1587 0616 D0       		.byte	-48
 1588 0617 20       		.byte	32
 1589 0618 D6       		.byte	-42
 1590 0619 F4       		.byte	-12
 1591 061a 01       		.byte	1
 1592 061b 22       		.byte	34
 1593 061c 03       		.byte	3
 1594 061d D1       		.byte	-47
 1595 061e 05       		.byte	5
 1596 061f 67       		.byte	103
ARM GAS  C:\Users\ipfajard\AppData\Local\Temp\ccELXebk.s 			page 29


 1597 0620 09       		.byte	9
 1598 0621 67       		.byte	103
 1599 0622 0A       		.byte	10
 1600 0623 01       		.byte	1
 1601 0624 0E       		.byte	14
 1602 0625 01       		.byte	1
 1603 0626 11       		.byte	17
 1604 0627 01       		.byte	1
 1605 0628 12       		.byte	18
 1606 0629 02       		.byte	2
 1607 062a 13       		.byte	19
 1608 062b 0E       		.byte	14
 1609 062c 15       		.byte	21
 1610 062d 44       		.byte	68
 1611 062e 17       		.byte	23
 1612 062f 31       		.byte	49
 1613 0630 22       		.byte	34
 1614 0631 02       		.byte	2
 1615 0632 31       		.byte	49
 1616 0633 07       		.byte	7
 1617 0634 33       		.byte	51
 1618 0635 60       		.byte	96
 1619 0636 34       		.byte	52
 1620 0637 02       		.byte	2
 1621 0638 35       		.byte	53
 1622 0639 18       		.byte	24
 1623 063a 36       		.byte	54
 1624 063b 01       		.byte	1
 1625 063c 37       		.byte	55
 1626 063d 80       		.byte	-128
 1627 063e 3E       		.byte	62
 1628 063f 50       		.byte	80
 1629 0640 3F       		.byte	63
 1630 0641 10       		.byte	16
 1631 0642 40       		.byte	64
 1632 0643 36       		.byte	54
 1633 0644 41       		.byte	65
 1634 0645 01       		.byte	1
 1635 0646 42       		.byte	66
 1636 0647 04       		.byte	4
 1637 0648 44       		.byte	68
 1638 0649 02       		.byte	2
 1639 064a 45       		.byte	69
 1640 064b 0C       		.byte	12
 1641 064c 46       		.byte	70
 1642 064d 0E       		.byte	14
 1643 064e 48       		.byte	72
 1644 064f 05       		.byte	5
 1645 0650 49       		.byte	73
 1646 0651 FF       		.byte	-1
 1647 0652 4A       		.byte	74
 1648 0653 FF       		.byte	-1
 1649 0654 4B       		.byte	75
 1650 0655 FF       		.byte	-1
 1651 0656 4C       		.byte	76
 1652 0657 62       		.byte	98
 1653 0658 4D       		.byte	77
ARM GAS  C:\Users\ipfajard\AppData\Local\Temp\ccELXebk.s 			page 30


 1654 0659 A0       		.byte	-96
 1655 065a 4E       		.byte	78
 1656 065b F0       		.byte	-16
 1657 065c 4F       		.byte	79
 1658 065d 41       		.byte	65
 1659 065e 50       		.byte	80
 1660 065f 0C       		.byte	12
 1661 0660 54       		.byte	84
 1662 0661 18       		.byte	24
 1663 0662 56       		.byte	86
 1664 0663 04       		.byte	4
 1665 0664 58       		.byte	88
 1666 0665 04       		.byte	4
 1667 0666 59       		.byte	89
 1668 0667 04       		.byte	4
 1669 0668 5A       		.byte	90
 1670 0669 04       		.byte	4
 1671 066a 5B       		.byte	91
 1672 066b 04       		.byte	4
 1673 066c 5F       		.byte	95
 1674 066d 01       		.byte	1
 1675 066e 66       		.byte	102
 1676 066f 40       		.byte	64
 1677 0670 67       		.byte	103
 1678 0671 02       		.byte	2
 1679 0672 69       		.byte	105
 1680 0673 10       		.byte	16
 1681 0674 6A       		.byte	106
 1682 0675 30       		.byte	48
 1683 0676 6B       		.byte	107
 1684 0677 10       		.byte	16
 1685 0678 6D       		.byte	109
 1686 0679 10       		.byte	16
 1687 067a 6E       		.byte	110
 1688 067b 10       		.byte	16
 1689 067c 6F       		.byte	111
 1690 067d 12       		.byte	18
 1691 067e 81       		.byte	-127
 1692 067f 14       		.byte	20
 1693 0680 82       		.byte	-126
 1694 0681 18       		.byte	24
 1695 0682 85       		.byte	-123
 1696 0683 10       		.byte	16
 1697 0684 86       		.byte	-122
 1698 0685 10       		.byte	16
 1699 0686 87       		.byte	-121
 1700 0687 0C       		.byte	12
 1701 0688 88       		.byte	-120
 1702 0689 02       		.byte	2
 1703 068a 8A       		.byte	-118
 1704 068b 0C       		.byte	12
 1705 068c 8C       		.byte	-116
 1706 068d 18       		.byte	24
 1707 068e 8E       		.byte	-114
 1708 068f 06       		.byte	6
 1709 0690 91       		.byte	-111
 1710 0691 09       		.byte	9
ARM GAS  C:\Users\ipfajard\AppData\Local\Temp\ccELXebk.s 			page 31


 1711 0692 93       		.byte	-109
 1712 0693 10       		.byte	16
 1713 0694 97       		.byte	-105
 1714 0695 03       		.byte	3
 1715 0696 A0       		.byte	-96
 1716 0697 02       		.byte	2
 1717 0698 A1       		.byte	-95
 1718 0699 0C       		.byte	12
 1719 069a A2       		.byte	-94
 1720 069b 1C       		.byte	28
 1721 069c A3       		.byte	-93
 1722 069d 11       		.byte	17
 1723 069e A4       		.byte	-92
 1724 069f 01       		.byte	1
 1725 06a0 A9       		.byte	-87
 1726 06a1 10       		.byte	16
 1727 06a2 AA       		.byte	-86
 1728 06a3 06       		.byte	6
 1729 06a4 AD       		.byte	-83
 1730 06a5 1C       		.byte	28
 1731 06a6 AF       		.byte	-81
 1732 06a7 02       		.byte	2
 1733 06a8 B0       		.byte	-80
 1734 06a9 1E       		.byte	30
 1735 06aa B5       		.byte	-75
 1736 06ab 1F       		.byte	31
 1737 06ac B6       		.byte	-74
 1738 06ad 01       		.byte	1
 1739 06ae BA       		.byte	-70
 1740 06af 02       		.byte	2
 1741 06b0 BE       		.byte	-66
 1742 06b1 40       		.byte	64
 1743 06b2 C0       		.byte	-64
 1744 06b3 23       		.byte	35
 1745 06b4 C1       		.byte	-63
 1746 06b5 04       		.byte	4
 1747 06b6 C5       		.byte	-59
 1748 06b7 EC       		.byte	-20
 1749 06b8 C7       		.byte	-57
 1750 06b9 B0       		.byte	-80
 1751 06ba C8       		.byte	-56
 1752 06bb 23       		.byte	35
 1753 06bc C9       		.byte	-55
 1754 06bd FF       		.byte	-1
 1755 06be CA       		.byte	-54
 1756 06bf FF       		.byte	-1
 1757 06c0 CB       		.byte	-53
 1758 06c1 FF       		.byte	-1
 1759 06c2 CE       		.byte	-50
 1760 06c3 F0       		.byte	-16
 1761 06c4 CF       		.byte	-49
 1762 06c5 44       		.byte	68
 1763 06c6 D0       		.byte	-48
 1764 06c7 0C       		.byte	12
 1765 06c8 D8       		.byte	-40
 1766 06c9 04       		.byte	4
 1767 06ca D9       		.byte	-39
ARM GAS  C:\Users\ipfajard\AppData\Local\Temp\ccELXebk.s 			page 32


 1768 06cb 04       		.byte	4
 1769 06cc DA       		.byte	-38
 1770 06cd 04       		.byte	4
 1771 06ce DF       		.byte	-33
 1772 06cf 01       		.byte	1
 1773 06d0 E6       		.byte	-26
 1774 06d1 C0       		.byte	-64
 1775 06d2 EA       		.byte	-22
 1776 06d3 40       		.byte	64
 1777 06d4 EB       		.byte	-21
 1778 06d5 02       		.byte	2
 1779 06d6 00       		.byte	0
 1780 06d7 A0       		.byte	-96
 1781 06d8 03       		.byte	3
 1782 06d9 01       		.byte	1
 1783 06da 04       		.byte	4
 1784 06db 40       		.byte	64
 1785 06dc 05       		.byte	5
 1786 06dd 02       		.byte	2
 1787 06de 06       		.byte	6
 1788 06df 28       		.byte	40
 1789 06e0 07       		.byte	7
 1790 06e1 40       		.byte	64
 1791 06e2 0B       		.byte	11
 1792 06e3 80       		.byte	-128
 1793 06e4 13       		.byte	19
 1794 06e5 01       		.byte	1
 1795 06e6 14       		.byte	20
 1796 06e7 40       		.byte	64
 1797 06e8 16       		.byte	22
 1798 06e9 04       		.byte	4
 1799 06ea 17       		.byte	23
 1800 06eb 08       		.byte	8
 1801 06ec 18       		.byte	24
 1802 06ed 04       		.byte	4
 1803 06ee 19       		.byte	25
 1804 06ef 40       		.byte	64
 1805 06f0 1C       		.byte	28
 1806 06f1 40       		.byte	64
 1807 06f2 1E       		.byte	30
 1808 06f3 42       		.byte	66
 1809 06f4 21       		.byte	33
 1810 06f5 98       		.byte	-104
 1811 06f6 22       		.byte	34
 1812 06f7 09       		.byte	9
 1813 06f8 27       		.byte	39
 1814 06f9 08       		.byte	8
 1815 06fa 2C       		.byte	44
 1816 06fb 40       		.byte	64
 1817 06fc 2E       		.byte	46
 1818 06fd 60       		.byte	96
 1819 06fe 31       		.byte	49
 1820 06ff 08       		.byte	8
 1821 0700 32       		.byte	50
 1822 0701 01       		.byte	1
 1823 0702 35       		.byte	53
 1824 0703 02       		.byte	2
ARM GAS  C:\Users\ipfajard\AppData\Local\Temp\ccELXebk.s 			page 33


 1825 0704 37       		.byte	55
 1826 0705 08       		.byte	8
 1827 0706 38       		.byte	56
 1828 0707 02       		.byte	2
 1829 0708 39       		.byte	57
 1830 0709 14       		.byte	20
 1831 070a 3E       		.byte	62
 1832 070b 08       		.byte	8
 1833 070c 3F       		.byte	63
 1834 070d 02       		.byte	2
 1835 070e 41       		.byte	65
 1836 070f 50       		.byte	80
 1837 0710 43       		.byte	67
 1838 0711 09       		.byte	9
 1839 0712 44       		.byte	68
 1840 0713 40       		.byte	64
 1841 0714 45       		.byte	69
 1842 0715 04       		.byte	4
 1843 0716 46       		.byte	70
 1844 0717 08       		.byte	8
 1845 0718 48       		.byte	72
 1846 0719 10       		.byte	16
 1847 071a 4B       		.byte	75
 1848 071b 10       		.byte	16
 1849 071c 4D       		.byte	77
 1850 071d 09       		.byte	9
 1851 071e 4E       		.byte	78
 1852 071f 80       		.byte	-128
 1853 0720 53       		.byte	83
 1854 0721 40       		.byte	64
 1855 0722 57       		.byte	87
 1856 0723 01       		.byte	1
 1857 0724 59       		.byte	89
 1858 0725 01       		.byte	1
 1859 0726 60       		.byte	96
 1860 0727 04       		.byte	4
 1861 0728 61       		.byte	97
 1862 0729 40       		.byte	64
 1863 072a 63       		.byte	99
 1864 072b 40       		.byte	64
 1865 072c 82       		.byte	-126
 1866 072d 01       		.byte	1
 1867 072e 87       		.byte	-121
 1868 072f 40       		.byte	64
 1869 0730 8C       		.byte	-116
 1870 0731 01       		.byte	1
 1871 0732 8D       		.byte	-115
 1872 0733 40       		.byte	64
 1873 0734 91       		.byte	-111
 1874 0735 94       		.byte	-108
 1875 0736 93       		.byte	-109
 1876 0737 11       		.byte	17
 1877 0738 94       		.byte	-108
 1878 0739 40       		.byte	64
 1879 073a 95       		.byte	-107
 1880 073b 41       		.byte	65
 1881 073c 96       		.byte	-106
ARM GAS  C:\Users\ipfajard\AppData\Local\Temp\ccELXebk.s 			page 34


 1882 073d 42       		.byte	66
 1883 073e 98       		.byte	-104
 1884 073f 40       		.byte	64
 1885 0740 99       		.byte	-103
 1886 0741 01       		.byte	1
 1887 0742 9A       		.byte	-102
 1888 0743 2C       		.byte	44
 1889 0744 9B       		.byte	-101
 1890 0745 40       		.byte	64
 1891 0746 9D       		.byte	-99
 1892 0747 08       		.byte	8
 1893 0748 A0       		.byte	-96
 1894 0749 40       		.byte	64
 1895 074a A1       		.byte	-95
 1896 074b 04       		.byte	4
 1897 074c A3       		.byte	-93
 1898 074d 08       		.byte	8
 1899 074e A5       		.byte	-91
 1900 074f 80       		.byte	-128
 1901 0750 A6       		.byte	-90
 1902 0751 88       		.byte	-120
 1903 0752 B0       		.byte	-80
 1904 0753 80       		.byte	-128
 1905 0754 B1       		.byte	-79
 1906 0755 20       		.byte	32
 1907 0756 C0       		.byte	-64
 1908 0757 F3       		.byte	-13
 1909 0758 C2       		.byte	-62
 1910 0759 08       		.byte	8
 1911 075a C4       		.byte	-60
 1912 075b 78       		.byte	120
 1913 075c CA       		.byte	-54
 1914 075d B0       		.byte	-80
 1915 075e CC       		.byte	-52
 1916 075f C3       		.byte	-61
 1917 0760 CE       		.byte	-50
 1918 0761 C7       		.byte	-57
 1919 0762 D0       		.byte	-48
 1920 0763 EF       		.byte	-17
 1921 0764 D2       		.byte	-46
 1922 0765 04       		.byte	4
 1923 0766 D6       		.byte	-42
 1924 0767 01       		.byte	1
 1925 0768 D8       		.byte	-40
 1926 0769 0D       		.byte	13
 1927 076a E4       		.byte	-28
 1928 076b 01       		.byte	1
 1929 076c 31       		.byte	49
 1930 076d 10       		.byte	16
 1931 076e 33       		.byte	51
 1932 076f 08       		.byte	8
 1933 0770 37       		.byte	55
 1934 0771 84       		.byte	-124
 1935 0772 CC       		.byte	-52
 1936 0773 F0       		.byte	-16
 1937 0774 0A       		.byte	10
 1938 0775 04       		.byte	4
ARM GAS  C:\Users\ipfajard\AppData\Local\Temp\ccELXebk.s 			page 35


 1939 0776 58       		.byte	88
 1940 0777 10       		.byte	16
 1941 0778 81       		.byte	-127
 1942 0779 10       		.byte	16
 1943 077a 83       		.byte	-125
 1944 077b 40       		.byte	64
 1945 077c 93       		.byte	-109
 1946 077d 10       		.byte	16
 1947 077e 9D       		.byte	-99
 1948 077f 10       		.byte	16
 1949 0780 9F       		.byte	-97
 1950 0781 84       		.byte	-124
 1951 0782 A7       		.byte	-89
 1952 0783 08       		.byte	8
 1953 0784 AF       		.byte	-81
 1954 0785 10       		.byte	16
 1955 0786 C2       		.byte	-62
 1956 0787 40       		.byte	64
 1957 0788 D4       		.byte	-44
 1958 0789 80       		.byte	-128
 1959 078a E6       		.byte	-26
 1960 078b A0       		.byte	-96
 1961 078c EA       		.byte	-22
 1962 078d 10       		.byte	16
 1963 078e 93       		.byte	-109
 1964 078f 10       		.byte	16
 1965 0790 9B       		.byte	-101
 1966 0791 40       		.byte	64
 1967 0792 9C       		.byte	-100
 1968 0793 10       		.byte	16
 1969 0794 9F       		.byte	-97
 1970 0795 84       		.byte	-124
 1971 0796 A7       		.byte	-89
 1972 0797 08       		.byte	8
 1973 0798 AE       		.byte	-82
 1974 0799 04       		.byte	4
 1975 079a E8       		.byte	-24
 1976 079b 40       		.byte	64
 1977 079c 27       		.byte	39
 1978 079d 80       		.byte	-128
 1979 079e 93       		.byte	-109
 1980 079f 10       		.byte	16
 1981 07a0 9B       		.byte	-101
 1982 07a1 40       		.byte	64
 1983 07a2 9C       		.byte	-100
 1984 07a3 10       		.byte	16
 1985 07a4 9F       		.byte	-97
 1986 07a5 84       		.byte	-124
 1987 07a6 A7       		.byte	-89
 1988 07a7 08       		.byte	8
 1989 07a8 C8       		.byte	-56
 1990 07a9 80       		.byte	-128
 1991 07aa 29       		.byte	41
 1992 07ab 20       		.byte	32
 1993 07ac 2A       		.byte	42
 1994 07ad 20       		.byte	32
 1995 07ae CA       		.byte	-54
ARM GAS  C:\Users\ipfajard\AppData\Local\Temp\ccELXebk.s 			page 36


 1996 07af 08       		.byte	8
 1997 07b0 99       		.byte	-103
 1998 07b1 20       		.byte	32
 1999 07b2 AE       		.byte	-82
 2000 07b3 20       		.byte	32
 2001 07b4 99       		.byte	-103
 2002 07b5 20       		.byte	32
 2003 07b6 99       		.byte	-103
 2004 07b7 20       		.byte	32
 2005 07b8 93       		.byte	-109
 2006 07b9 10       		.byte	16
 2007 07ba 98       		.byte	-104
 2008 07bb 10       		.byte	16
 2009 07bc 9B       		.byte	-101
 2010 07bd 40       		.byte	64
 2011 07be 9F       		.byte	-97
 2012 07bf 04       		.byte	4
 2013 07c0 A2       		.byte	-94
 2014 07c1 08       		.byte	8
 2015 07c2 A7       		.byte	-89
 2016 07c3 08       		.byte	8
 2017 07c4 B0       		.byte	-80
 2018 07c5 10       		.byte	16
 2019 07c6 B2       		.byte	-78
 2020 07c7 08       		.byte	8
 2021 07c8 52       		.byte	82
 2022 07c9 08       		.byte	8
 2023 07ca 5B       		.byte	91
 2024 07cb 40       		.byte	64
 2025 07cc 63       		.byte	99
 2026 07cd 10       		.byte	16
 2027 07ce 64       		.byte	100
 2028 07cf 10       		.byte	16
 2029 07d0 83       		.byte	-125
 2030 07d1 04       		.byte	4
 2031 07d2 87       		.byte	-121
 2032 07d3 08       		.byte	8
 2033 07d4 93       		.byte	-109
 2034 07d5 10       		.byte	16
 2035 07d6 98       		.byte	-104
 2036 07d7 10       		.byte	16
 2037 07d8 9B       		.byte	-101
 2038 07d9 40       		.byte	64
 2039 07da 9F       		.byte	-97
 2040 07db 04       		.byte	4
 2041 07dc A2       		.byte	-94
 2042 07dd 08       		.byte	8
 2043 07de A7       		.byte	-89
 2044 07df 08       		.byte	8
 2045 07e0 D4       		.byte	-44
 2046 07e1 A0       		.byte	-96
 2047 07e2 D8       		.byte	-40
 2048 07e3 C0       		.byte	-64
 2049 07e4 E2       		.byte	-30
 2050 07e5 80       		.byte	-128
 2051 07e6 E6       		.byte	-26
 2052 07e7 40       		.byte	64
ARM GAS  C:\Users\ipfajard\AppData\Local\Temp\ccELXebk.s 			page 37


 2053 07e8 5D       		.byte	93
 2054 07e9 20       		.byte	32
 2055 07ea 99       		.byte	-103
 2056 07eb 20       		.byte	32
 2057 07ec D6       		.byte	-42
 2058 07ed 04       		.byte	4
 2059 07ee 12       		.byte	18
 2060 07ef 80       		.byte	-128
 2061 07f0 70       		.byte	112
 2062 07f1 04       		.byte	4
 2063 07f2 80       		.byte	-128
 2064 07f3 04       		.byte	4
 2065 07f4 8E       		.byte	-114
 2066 07f5 80       		.byte	-128
 2067 07f6 C4       		.byte	-60
 2068 07f7 08       		.byte	8
 2069 07f8 DC       		.byte	-36
 2070 07f9 01       		.byte	1
 2071 07fa E2       		.byte	-30
 2072 07fb 02       		.byte	2
 2073 07fc 00       		.byte	0
 2074 07fd 07       		.byte	7
 2075 07fe 01       		.byte	1
 2076 07ff 01       		.byte	1
 2077 0800 08       		.byte	8
 2078 0801 04       		.byte	4
 2079 0802 09       		.byte	9
 2080 0803 01       		.byte	1
 2081 0804 0A       		.byte	10
 2082 0805 04       		.byte	4
 2083 0806 0B       		.byte	11
 2084 0807 01       		.byte	1
 2085 0808 0C       		.byte	12
 2086 0809 03       		.byte	3
 2087 080a 10       		.byte	16
 2088 080b 01       		.byte	1
 2089 080c 11       		.byte	17
 2090 080d 01       		.byte	1
 2091 080e 1B       		.byte	27
 2092 080f 01       		.byte	1
 2093 0810 1C       		.byte	28
 2094 0811 01       		.byte	1
 2095 0812 1D       		.byte	29
 2096 0813 01       		.byte	1
 2097 0814 00       		.byte	0
 2098 0815 FB       		.byte	-5
 2099 0816 00       		.byte	0
 2100 0817 00       		.byte	0
 2101 0818 40       		.byte	64
 2102 0819 3A       		.byte	58
 2103 081a 3A       		.byte	58
 2104 081b 00       		.byte	0
 2105 081c 02       		.byte	2
 2106 081d 00       		.byte	0
 2107 081e 01       		.byte	1
 2108 081f 00       		.byte	0
 2109 0820 80       		.byte	-128
ARM GAS  C:\Users\ipfajard\AppData\Local\Temp\ccELXebk.s 			page 38


 2110 0821 00       		.byte	0
 2111 0822 40       		.byte	64
 2112 0823 80       		.byte	-128
 2113 0824 80       		.byte	-128
 2114 0825 00       		.byte	0
 2115 0826 80       		.byte	-128
 2116 0827 00       		.byte	0
 2117 0828 00       		.byte	0
 2118 0829 00       		.byte	0
 2119 082a 00       		.byte	0
 2120 082b 00       		.byte	0
 2121 082c 00       		.byte	0
 2122 082d 4F       		.byte	79
 2123 082e 4F       		.byte	79
 2124 082f 00       		.byte	0
 2125 0830 04       		.byte	4
 2126 0831 00       		.byte	0
 2127 0832 00       		.byte	0
 2128 0833 00       		.byte	0
 2129 0834 00       		.byte	0
 2130 0835 7F       		.byte	127
 2131 0836 7F       		.byte	127
 2132 0837 00       		.byte	0
 2133 0838 00       		.byte	0
 2134 0839 00       		.byte	0
 2135 083a 00       		.byte	0
 2136 083b 00       		.byte	0
 2137 083c 00       		.byte	0
 2138 083d 5C       		.byte	92
 2139 083e 5C       		.byte	92
 2140 083f 00       		.byte	0
 2141 0840 5C       		.byte	92
 2142 0841 00       		.byte	0
 2143 0842 00       		.byte	0
 2144 0843 00       		.byte	0
 2145              		.section	.cywolatch,"a",%progbits
 2146              		.align	2
 2147              		.type	cy_meta_wonvl, %object
 2148              		.size	cy_meta_wonvl, 4
 2149              	cy_meta_wonvl:
 2150 0000 BC       		.byte	-68
 2151 0001 90       		.byte	-112
 2152 0002 AC       		.byte	-84
 2153 0003 AF       		.byte	-81
 2154              		.section	.cycustnvl,"a",%progbits
 2155              		.align	2
 2156              		.type	cy_meta_custnvl, %object
 2157              		.size	cy_meta_custnvl, 4
 2158              	cy_meta_custnvl:
 2159 0000 00       		.byte	0
 2160 0001 00       		.byte	0
 2161 0002 40       		.byte	64
 2162 0003 05       		.byte	5
 2163              		.section	.cymeta,"a",%progbits
 2164              		.align	2
 2165              		.type	cy_metadata, %object
 2166              		.size	cy_metadata, 12
ARM GAS  C:\Users\ipfajard\AppData\Local\Temp\ccELXebk.s 			page 39


 2167              	cy_metadata:
 2168 0000 00       		.byte	0
 2169 0001 01       		.byte	1
 2170 0002 2E       		.byte	46
 2171 0003 16       		.byte	22
 2172 0004 10       		.byte	16
 2173 0005 69       		.byte	105
 2174 0006 00       		.byte	0
 2175 0007 01       		.byte	1
 2176 0008 00       		.byte	0
 2177 0009 00       		.byte	0
 2178 000a 00       		.byte	0
 2179 000b 00       		.byte	0
 2180              		.section	.cyflashprotect,"a",%progbits
 2181              		.align	2
 2182              		.type	cy_meta_flashprotect, %object
 2183              		.size	cy_meta_flashprotect, 256
 2184              	cy_meta_flashprotect:
 2185 0000 00000000 		.space	256
 2185      00000000 
 2185      00000000 
 2185      00000000 
 2185      00000000 
 2186              		.text
 2187              	.Letext0:
 2188              		.file 1 "c:\\program files (x86)\\cypress\\psoc creator\\4.1\\psoc creator\\import\\gnu\\arm\\5.4.
 2189              		.file 2 "c:\\program files (x86)\\cypress\\psoc creator\\4.1\\psoc creator\\import\\gnu\\arm\\5.4.
 2190              		.file 3 "Generated_Source\\PSoC5\\cymetadata.c"
 2191              		.section	.debug_info,"",%progbits
 2192              	.Ldebug_info0:
 2193 0000 35010000 		.4byte	0x135
 2194 0004 0400     		.2byte	0x4
 2195 0006 00000000 		.4byte	.Ldebug_abbrev0
 2196 000a 04       		.byte	0x4
 2197 000b 01       		.uleb128 0x1
 2198 000c 53000000 		.4byte	.LASF17
 2199 0010 0C       		.byte	0xc
 2200 0011 AD010000 		.4byte	.LASF18
 2201 0015 0A000000 		.4byte	.LASF19
 2202 0019 00000000 		.4byte	.Ldebug_line0
 2203 001d 02       		.uleb128 0x2
 2204 001e 01       		.byte	0x1
 2205 001f 06       		.byte	0x6
 2206 0020 A1010000 		.4byte	.LASF0
 2207 0024 03       		.uleb128 0x3
 2208 0025 00000000 		.4byte	.LASF9
 2209 0029 01       		.byte	0x1
 2210 002a 1D       		.byte	0x1d
 2211 002b 2F000000 		.4byte	0x2f
 2212 002f 02       		.uleb128 0x2
 2213 0030 01       		.byte	0x1
 2214 0031 08       		.byte	0x8
 2215 0032 45000000 		.4byte	.LASF1
 2216 0036 02       		.uleb128 0x2
 2217 0037 02       		.byte	0x2
 2218 0038 05       		.byte	0x5
 2219 0039 8E010000 		.4byte	.LASF2
ARM GAS  C:\Users\ipfajard\AppData\Local\Temp\ccELXebk.s 			page 40


 2220 003d 02       		.uleb128 0x2
 2221 003e 02       		.byte	0x2
 2222 003f 07       		.byte	0x7
 2223 0040 F3000000 		.4byte	.LASF3
 2224 0044 02       		.uleb128 0x2
 2225 0045 04       		.byte	0x4
 2226 0046 05       		.byte	0x5
 2227 0047 98010000 		.4byte	.LASF4
 2228 004b 02       		.uleb128 0x2
 2229 004c 04       		.byte	0x4
 2230 004d 07       		.byte	0x7
 2231 004e E1000000 		.4byte	.LASF5
 2232 0052 02       		.uleb128 0x2
 2233 0053 08       		.byte	0x8
 2234 0054 05       		.byte	0x5
 2235 0055 80010000 		.4byte	.LASF6
 2236 0059 02       		.uleb128 0x2
 2237 005a 08       		.byte	0x8
 2238 005b 07       		.byte	0x7
 2239 005c 35010000 		.4byte	.LASF7
 2240 0060 04       		.uleb128 0x4
 2241 0061 04       		.byte	0x4
 2242 0062 05       		.byte	0x5
 2243 0063 696E7400 		.ascii	"int\000"
 2244 0067 02       		.uleb128 0x2
 2245 0068 04       		.byte	0x4
 2246 0069 07       		.byte	0x7
 2247 006a 28010000 		.4byte	.LASF8
 2248 006e 03       		.uleb128 0x3
 2249 006f 4C010000 		.4byte	.LASF10
 2250 0073 02       		.byte	0x2
 2251 0074 18       		.byte	0x18
 2252 0075 24000000 		.4byte	0x24
 2253 0079 05       		.uleb128 0x5
 2254 007a 91000000 		.4byte	0x91
 2255 007e 8A000000 		.4byte	0x8a
 2256 0082 06       		.uleb128 0x6
 2257 0083 8A000000 		.4byte	0x8a
 2258 0087 4308     		.2byte	0x843
 2259 0089 00       		.byte	0
 2260 008a 02       		.uleb128 0x2
 2261 008b 04       		.byte	0x4
 2262 008c 07       		.byte	0x7
 2263 008d 77010000 		.4byte	.LASF11
 2264 0091 07       		.uleb128 0x7
 2265 0092 6E000000 		.4byte	0x6e
 2266 0096 08       		.uleb128 0x8
 2267 0097 16010000 		.4byte	.LASF12
 2268 009b 03       		.byte	0x3
 2269 009c 1F       		.byte	0x1f
 2270 009d A7000000 		.4byte	0xa7
 2271 00a1 05       		.uleb128 0x5
 2272 00a2 03       		.byte	0x3
 2273 00a3 00000000 		.4byte	cy_meta_configecc
 2274 00a7 07       		.uleb128 0x7
 2275 00a8 79000000 		.4byte	0x79
 2276 00ac 05       		.uleb128 0x5
ARM GAS  C:\Users\ipfajard\AppData\Local\Temp\ccELXebk.s 			page 41


 2277 00ad 91000000 		.4byte	0x91
 2278 00b1 BC000000 		.4byte	0xbc
 2279 00b5 09       		.uleb128 0x9
 2280 00b6 8A000000 		.4byte	0x8a
 2281 00ba 03       		.byte	0x3
 2282 00bb 00       		.byte	0
 2283 00bc 0A       		.uleb128 0xa
 2284 00bd 06010000 		.4byte	.LASF13
 2285 00c1 03       		.byte	0x3
 2286 00c2 3501     		.2byte	0x135
 2287 00c4 CE000000 		.4byte	0xce
 2288 00c8 05       		.uleb128 0x5
 2289 00c9 03       		.byte	0x3
 2290 00ca 00000000 		.4byte	cy_meta_custnvl
 2291 00ce 07       		.uleb128 0x7
 2292 00cf AC000000 		.4byte	0xac
 2293 00d3 0A       		.uleb128 0xa
 2294 00d4 69010000 		.4byte	.LASF14
 2295 00d8 03       		.byte	0x3
 2296 00d9 4301     		.2byte	0x143
 2297 00db E5000000 		.4byte	0xe5
 2298 00df 05       		.uleb128 0x5
 2299 00e0 03       		.byte	0x3
 2300 00e1 00000000 		.4byte	cy_meta_wonvl
 2301 00e5 07       		.uleb128 0x7
 2302 00e6 AC000000 		.4byte	0xac
 2303 00ea 05       		.uleb128 0x5
 2304 00eb 91000000 		.4byte	0x91
 2305 00ef FA000000 		.4byte	0xfa
 2306 00f3 09       		.uleb128 0x9
 2307 00f4 8A000000 		.4byte	0x8a
 2308 00f8 FF       		.byte	0xff
 2309 00f9 00       		.byte	0
 2310 00fa 0A       		.uleb128 0xa
 2311 00fb 54010000 		.4byte	.LASF15
 2312 00ff 03       		.byte	0x3
 2313 0100 5101     		.2byte	0x151
 2314 0102 0C010000 		.4byte	0x10c
 2315 0106 05       		.uleb128 0x5
 2316 0107 03       		.byte	0x3
 2317 0108 00000000 		.4byte	cy_meta_flashprotect
 2318 010c 07       		.uleb128 0x7
 2319 010d EA000000 		.4byte	0xea
 2320 0111 05       		.uleb128 0x5
 2321 0112 91000000 		.4byte	0x91
 2322 0116 21010000 		.4byte	0x121
 2323 011a 09       		.uleb128 0x9
 2324 011b 8A000000 		.4byte	0x8a
 2325 011f 0B       		.byte	0xb
 2326 0120 00       		.byte	0
 2327 0121 0A       		.uleb128 0xa
 2328 0122 39000000 		.4byte	.LASF16
 2329 0126 03       		.byte	0x3
 2330 0127 7E01     		.2byte	0x17e
 2331 0129 33010000 		.4byte	0x133
 2332 012d 05       		.uleb128 0x5
 2333 012e 03       		.byte	0x3
ARM GAS  C:\Users\ipfajard\AppData\Local\Temp\ccELXebk.s 			page 42


 2334 012f 00000000 		.4byte	cy_metadata
 2335 0133 07       		.uleb128 0x7
 2336 0134 11010000 		.4byte	0x111
 2337 0138 00       		.byte	0
 2338              		.section	.debug_abbrev,"",%progbits
 2339              	.Ldebug_abbrev0:
 2340 0000 01       		.uleb128 0x1
 2341 0001 11       		.uleb128 0x11
 2342 0002 01       		.byte	0x1
 2343 0003 25       		.uleb128 0x25
 2344 0004 0E       		.uleb128 0xe
 2345 0005 13       		.uleb128 0x13
 2346 0006 0B       		.uleb128 0xb
 2347 0007 03       		.uleb128 0x3
 2348 0008 0E       		.uleb128 0xe
 2349 0009 1B       		.uleb128 0x1b
 2350 000a 0E       		.uleb128 0xe
 2351 000b 10       		.uleb128 0x10
 2352 000c 17       		.uleb128 0x17
 2353 000d 00       		.byte	0
 2354 000e 00       		.byte	0
 2355 000f 02       		.uleb128 0x2
 2356 0010 24       		.uleb128 0x24
 2357 0011 00       		.byte	0
 2358 0012 0B       		.uleb128 0xb
 2359 0013 0B       		.uleb128 0xb
 2360 0014 3E       		.uleb128 0x3e
 2361 0015 0B       		.uleb128 0xb
 2362 0016 03       		.uleb128 0x3
 2363 0017 0E       		.uleb128 0xe
 2364 0018 00       		.byte	0
 2365 0019 00       		.byte	0
 2366 001a 03       		.uleb128 0x3
 2367 001b 16       		.uleb128 0x16
 2368 001c 00       		.byte	0
 2369 001d 03       		.uleb128 0x3
 2370 001e 0E       		.uleb128 0xe
 2371 001f 3A       		.uleb128 0x3a
 2372 0020 0B       		.uleb128 0xb
 2373 0021 3B       		.uleb128 0x3b
 2374 0022 0B       		.uleb128 0xb
 2375 0023 49       		.uleb128 0x49
 2376 0024 13       		.uleb128 0x13
 2377 0025 00       		.byte	0
 2378 0026 00       		.byte	0
 2379 0027 04       		.uleb128 0x4
 2380 0028 24       		.uleb128 0x24
 2381 0029 00       		.byte	0
 2382 002a 0B       		.uleb128 0xb
 2383 002b 0B       		.uleb128 0xb
 2384 002c 3E       		.uleb128 0x3e
 2385 002d 0B       		.uleb128 0xb
 2386 002e 03       		.uleb128 0x3
 2387 002f 08       		.uleb128 0x8
 2388 0030 00       		.byte	0
 2389 0031 00       		.byte	0
 2390 0032 05       		.uleb128 0x5
ARM GAS  C:\Users\ipfajard\AppData\Local\Temp\ccELXebk.s 			page 43


 2391 0033 01       		.uleb128 0x1
 2392 0034 01       		.byte	0x1
 2393 0035 49       		.uleb128 0x49
 2394 0036 13       		.uleb128 0x13
 2395 0037 01       		.uleb128 0x1
 2396 0038 13       		.uleb128 0x13
 2397 0039 00       		.byte	0
 2398 003a 00       		.byte	0
 2399 003b 06       		.uleb128 0x6
 2400 003c 21       		.uleb128 0x21
 2401 003d 00       		.byte	0
 2402 003e 49       		.uleb128 0x49
 2403 003f 13       		.uleb128 0x13
 2404 0040 2F       		.uleb128 0x2f
 2405 0041 05       		.uleb128 0x5
 2406 0042 00       		.byte	0
 2407 0043 00       		.byte	0
 2408 0044 07       		.uleb128 0x7
 2409 0045 26       		.uleb128 0x26
 2410 0046 00       		.byte	0
 2411 0047 49       		.uleb128 0x49
 2412 0048 13       		.uleb128 0x13
 2413 0049 00       		.byte	0
 2414 004a 00       		.byte	0
 2415 004b 08       		.uleb128 0x8
 2416 004c 34       		.uleb128 0x34
 2417 004d 00       		.byte	0
 2418 004e 03       		.uleb128 0x3
 2419 004f 0E       		.uleb128 0xe
 2420 0050 3A       		.uleb128 0x3a
 2421 0051 0B       		.uleb128 0xb
 2422 0052 3B       		.uleb128 0x3b
 2423 0053 0B       		.uleb128 0xb
 2424 0054 49       		.uleb128 0x49
 2425 0055 13       		.uleb128 0x13
 2426 0056 3F       		.uleb128 0x3f
 2427 0057 19       		.uleb128 0x19
 2428 0058 02       		.uleb128 0x2
 2429 0059 18       		.uleb128 0x18
 2430 005a 00       		.byte	0
 2431 005b 00       		.byte	0
 2432 005c 09       		.uleb128 0x9
 2433 005d 21       		.uleb128 0x21
 2434 005e 00       		.byte	0
 2435 005f 49       		.uleb128 0x49
 2436 0060 13       		.uleb128 0x13
 2437 0061 2F       		.uleb128 0x2f
 2438 0062 0B       		.uleb128 0xb
 2439 0063 00       		.byte	0
 2440 0064 00       		.byte	0
 2441 0065 0A       		.uleb128 0xa
 2442 0066 34       		.uleb128 0x34
 2443 0067 00       		.byte	0
 2444 0068 03       		.uleb128 0x3
 2445 0069 0E       		.uleb128 0xe
 2446 006a 3A       		.uleb128 0x3a
 2447 006b 0B       		.uleb128 0xb
ARM GAS  C:\Users\ipfajard\AppData\Local\Temp\ccELXebk.s 			page 44


 2448 006c 3B       		.uleb128 0x3b
 2449 006d 05       		.uleb128 0x5
 2450 006e 49       		.uleb128 0x49
 2451 006f 13       		.uleb128 0x13
 2452 0070 3F       		.uleb128 0x3f
 2453 0071 19       		.uleb128 0x19
 2454 0072 02       		.uleb128 0x2
 2455 0073 18       		.uleb128 0x18
 2456 0074 00       		.byte	0
 2457 0075 00       		.byte	0
 2458 0076 00       		.byte	0
 2459              		.section	.debug_aranges,"",%progbits
 2460 0000 14000000 		.4byte	0x14
 2461 0004 0200     		.2byte	0x2
 2462 0006 00000000 		.4byte	.Ldebug_info0
 2463 000a 04       		.byte	0x4
 2464 000b 00       		.byte	0
 2465 000c 0000     		.2byte	0
 2466 000e 0000     		.2byte	0
 2467 0010 00000000 		.4byte	0
 2468 0014 00000000 		.4byte	0
 2469              		.section	.debug_line,"",%progbits
 2470              	.Ldebug_line0:
 2471 0000 3D010000 		.section	.debug_str,"MS",%progbits,1
 2471      02003701 
 2471      00000201 
 2471      FB0E0D00 
 2471      01010101 
 2472              	.LASF9:
 2473 0000 5F5F7569 		.ascii	"__uint8_t\000"
 2473      6E74385F 
 2473      7400
 2474              	.LASF19:
 2475 000a 433A5C53 		.ascii	"C:\\SPB_Data\\Documents\\UACSCode\\HighFSKRx.cydsn\000"
 2475      50425F44 
 2475      6174615C 
 2475      446F6375 
 2475      6D656E74 
 2476              	.LASF16:
 2477 0039 63795F6D 		.ascii	"cy_metadata\000"
 2477      65746164 
 2477      61746100 
 2478              	.LASF1:
 2479 0045 756E7369 		.ascii	"unsigned char\000"
 2479      676E6564 
 2479      20636861 
 2479      7200
 2480              	.LASF17:
 2481 0053 474E5520 		.ascii	"GNU C11 5.4.1 20160609 (release) [ARM/embedded-5-br"
 2481      43313120 
 2481      352E342E 
 2481      31203230 
 2481      31363036 
 2482 0086 616E6368 		.ascii	"anch revision 237715] -mcpu=cortex-m3 -mthumb -g -O"
 2482      20726576 
 2482      6973696F 
 2482      6E203233 
ARM GAS  C:\Users\ipfajard\AppData\Local\Temp\ccELXebk.s 			page 45


 2482      37373135 
 2483 00b9 67202D66 		.ascii	"g -ffunction-sections -ffat-lto-objects\000"
 2483      66756E63 
 2483      74696F6E 
 2483      2D736563 
 2483      74696F6E 
 2484              	.LASF5:
 2485 00e1 6C6F6E67 		.ascii	"long unsigned int\000"
 2485      20756E73 
 2485      69676E65 
 2485      6420696E 
 2485      7400
 2486              	.LASF3:
 2487 00f3 73686F72 		.ascii	"short unsigned int\000"
 2487      7420756E 
 2487      7369676E 
 2487      65642069 
 2487      6E7400
 2488              	.LASF13:
 2489 0106 63795F6D 		.ascii	"cy_meta_custnvl\000"
 2489      6574615F 
 2489      63757374 
 2489      6E766C00 
 2490              	.LASF12:
 2491 0116 63795F6D 		.ascii	"cy_meta_configecc\000"
 2491      6574615F 
 2491      636F6E66 
 2491      69676563 
 2491      6300
 2492              	.LASF8:
 2493 0128 756E7369 		.ascii	"unsigned int\000"
 2493      676E6564 
 2493      20696E74 
 2493      00
 2494              	.LASF7:
 2495 0135 6C6F6E67 		.ascii	"long long unsigned int\000"
 2495      206C6F6E 
 2495      6720756E 
 2495      7369676E 
 2495      65642069 
 2496              	.LASF10:
 2497 014c 75696E74 		.ascii	"uint8_t\000"
 2497      385F7400 
 2498              	.LASF15:
 2499 0154 63795F6D 		.ascii	"cy_meta_flashprotect\000"
 2499      6574615F 
 2499      666C6173 
 2499      6870726F 
 2499      74656374 
 2500              	.LASF14:
 2501 0169 63795F6D 		.ascii	"cy_meta_wonvl\000"
 2501      6574615F 
 2501      776F6E76 
 2501      6C00
 2502              	.LASF11:
 2503 0177 73697A65 		.ascii	"sizetype\000"
 2503      74797065 
ARM GAS  C:\Users\ipfajard\AppData\Local\Temp\ccELXebk.s 			page 46


 2503      00
 2504              	.LASF6:
 2505 0180 6C6F6E67 		.ascii	"long long int\000"
 2505      206C6F6E 
 2505      6720696E 
 2505      7400
 2506              	.LASF2:
 2507 018e 73686F72 		.ascii	"short int\000"
 2507      7420696E 
 2507      7400
 2508              	.LASF4:
 2509 0198 6C6F6E67 		.ascii	"long int\000"
 2509      20696E74 
 2509      00
 2510              	.LASF0:
 2511 01a1 7369676E 		.ascii	"signed char\000"
 2511      65642063 
 2511      68617200 
 2512              	.LASF18:
 2513 01ad 47656E65 		.ascii	"Generated_Source\\PSoC5\\cymetadata.c\000"
 2513      72617465 
 2513      645F536F 
 2513      75726365 
 2513      5C50536F 
 2514              		.ident	"GCC: (GNU Tools for ARM Embedded Processors) 5.4.1 20160609 (release) [ARM/embedded-5-bran
