ARM GAS  C:\Users\sdysart\AppData\Local\Temp\cceTHhrG.s 			page 1


   1              		.syntax unified
   2              		.cpu cortex-m3
   3              		.fpu softvfp
   4              		.eabi_attribute 20, 1
   5              		.eabi_attribute 21, 1
   6              		.eabi_attribute 23, 3
   7              		.eabi_attribute 24, 1
   8              		.eabi_attribute 25, 1
   9              		.eabi_attribute 26, 1
  10              		.eabi_attribute 30, 1
  11              		.eabi_attribute 34, 1
  12              		.eabi_attribute 18, 4
  13              		.thumb
  14              		.syntax unified
  15              		.file	"cymetadata.c"
  16              		.text
  17              	.Ltext0:
  18              		.cfi_sections	.debug_frame
  19              		.global	cy_metadata
  20              		.global	cy_meta_flashprotect
  21              		.global	cy_meta_wonvl
  22              		.global	cy_meta_custnvl
  23              		.global	cy_meta_configecc
  24              		.section	.cyconfigecc,"a",%progbits
  25              		.align	2
  26              		.type	cy_meta_configecc, %object
  27              		.size	cy_meta_configecc, 1256
  28              	cy_meta_configecc:
  29 0000 03       		.byte	3
  30 0001 52       		.byte	82
  31 0002 00       		.byte	0
  32 0003 40       		.byte	64
  33 0004 02       		.byte	2
  34 0005 64       		.byte	100
  35 0006 00       		.byte	0
  36 0007 40       		.byte	64
  37 0008 03       		.byte	3
  38 0009 65       		.byte	101
  39 000a 00       		.byte	0
  40 000b 40       		.byte	64
  41 000c 30       		.byte	48
  42 000d 08       		.byte	8
  43 000e 01       		.byte	1
  44 000f 40       		.byte	64
  45 0010 25       		.byte	37
  46 0011 09       		.byte	9
  47 0012 01       		.byte	1
  48 0013 40       		.byte	64
  49 0014 28       		.byte	40
  50 0015 0A       		.byte	10
  51 0016 01       		.byte	1
  52 0017 40       		.byte	64
  53 0018 16       		.byte	22
  54 0019 0B       		.byte	11
  55 001a 01       		.byte	1
  56 001b 40       		.byte	64
  57 001c 37       		.byte	55
ARM GAS  C:\Users\sdysart\AppData\Local\Temp\cceTHhrG.s 			page 2


  58 001d 14       		.byte	20
  59 001e 01       		.byte	1
  60 001f 40       		.byte	64
  61 0020 17       		.byte	23
  62 0021 15       		.byte	21
  63 0022 01       		.byte	1
  64 0023 40       		.byte	64
  65 0024 01       		.byte	1
  66 0025 17       		.byte	23
  67 0026 01       		.byte	1
  68 0027 40       		.byte	64
  69 0028 5C       		.byte	92
  70 0029 18       		.byte	24
  71 002a 01       		.byte	1
  72 002b 40       		.byte	64
  73 002c 3F       		.byte	63
  74 002d 19       		.byte	25
  75 002e 01       		.byte	1
  76 002f 40       		.byte	64
  77 0030 4E       		.byte	78
  78 0031 1A       		.byte	26
  79 0032 01       		.byte	1
  80 0033 40       		.byte	64
  81 0034 3C       		.byte	60
  82 0035 1B       		.byte	27
  83 0036 01       		.byte	1
  84 0037 40       		.byte	64
  85 0038 03       		.byte	3
  86 0039 40       		.byte	64
  87 003a 01       		.byte	1
  88 003b 40       		.byte	64
  89 003c 02       		.byte	2
  90 003d 41       		.byte	65
  91 003e 01       		.byte	1
  92 003f 40       		.byte	64
  93 0040 02       		.byte	2
  94 0041 42       		.byte	66
  95 0042 01       		.byte	1
  96 0043 40       		.byte	64
  97 0044 02       		.byte	2
  98 0045 43       		.byte	67
  99 0046 01       		.byte	1
 100 0047 40       		.byte	64
 101 0048 02       		.byte	2
 102 0049 47       		.byte	71
 103 004a 01       		.byte	1
 104 004b 40       		.byte	64
 105 004c 04       		.byte	4
 106 004d 48       		.byte	72
 107 004e 01       		.byte	1
 108 004f 40       		.byte	64
 109 0050 03       		.byte	3
 110 0051 49       		.byte	73
 111 0052 01       		.byte	1
 112 0053 40       		.byte	64
 113 0054 03       		.byte	3
 114 0055 4C       		.byte	76
ARM GAS  C:\Users\sdysart\AppData\Local\Temp\cceTHhrG.s 			page 3


 115 0056 01       		.byte	1
 116 0057 40       		.byte	64
 117 0058 07       		.byte	7
 118 0059 4D       		.byte	77
 119 005a 01       		.byte	1
 120 005b 40       		.byte	64
 121 005c 07       		.byte	7
 122 005d 50       		.byte	80
 123 005e 01       		.byte	1
 124 005f 40       		.byte	64
 125 0060 01       		.byte	1
 126 0061 51       		.byte	81
 127 0062 01       		.byte	1
 128 0063 40       		.byte	64
 129 0064 08       		.byte	8
 130 0065 04       		.byte	4
 131 0066 61       		.byte	97
 132 0067 80       		.byte	-128
 133 0068 64       		.byte	100
 134 0069 40       		.byte	64
 135 006a 89       		.byte	-119
 136 006b 72       		.byte	114
 137 006c 8A       		.byte	-118
 138 006d 0D       		.byte	13
 139 006e 85       		.byte	-123
 140 006f 0D       		.byte	13
 141 0070 89       		.byte	-119
 142 0071 38       		.byte	56
 143 0072 8A       		.byte	-118
 144 0073 0F       		.byte	15
 145 0074 24       		.byte	36
 146 0075 01       		.byte	1
 147 0076 28       		.byte	40
 148 0077 01       		.byte	1
 149 0078 2C       		.byte	44
 150 0079 01       		.byte	1
 151 007a 36       		.byte	54
 152 007b 01       		.byte	1
 153 007c 58       		.byte	88
 154 007d 04       		.byte	4
 155 007e 5C       		.byte	92
 156 007f 01       		.byte	1
 157 0080 5F       		.byte	95
 158 0081 01       		.byte	1
 159 0082 80       		.byte	-128
 160 0083 0F       		.byte	15
 161 0084 81       		.byte	-127
 162 0085 10       		.byte	16
 163 0086 82       		.byte	-126
 164 0087 10       		.byte	16
 165 0088 84       		.byte	-124
 166 0089 1F       		.byte	31
 167 008a 85       		.byte	-123
 168 008b 18       		.byte	24
 169 008c 89       		.byte	-119
 170 008d 08       		.byte	8
 171 008e 8C       		.byte	-116
ARM GAS  C:\Users\sdysart\AppData\Local\Temp\cceTHhrG.s 			page 4


 172 008f 0C       		.byte	12
 173 0090 8D       		.byte	-115
 174 0091 3C       		.byte	60
 175 0092 8E       		.byte	-114
 176 0093 13       		.byte	19
 177 0094 8F       		.byte	-113
 178 0095 02       		.byte	2
 179 0096 90       		.byte	-112
 180 0097 13       		.byte	19
 181 0098 91       		.byte	-111
 182 0099 04       		.byte	4
 183 009a 92       		.byte	-110
 184 009b 0C       		.byte	12
 185 009c 94       		.byte	-108
 186 009d 02       		.byte	2
 187 009e 98       		.byte	-104
 188 009f 03       		.byte	3
 189 00a0 99       		.byte	-103
 190 00a1 3F       		.byte	63
 191 00a2 9D       		.byte	-99
 192 00a3 1C       		.byte	28
 193 00a4 9E       		.byte	-98
 194 00a5 13       		.byte	19
 195 00a6 9F       		.byte	-97
 196 00a7 21       		.byte	33
 197 00a8 A0       		.byte	-96
 198 00a9 08       		.byte	8
 199 00aa A1       		.byte	-95
 200 00ab 27       		.byte	39
 201 00ac A3       		.byte	-93
 202 00ad 18       		.byte	24
 203 00ae A4       		.byte	-92
 204 00af 04       		.byte	4
 205 00b0 A8       		.byte	-88
 206 00b1 0C       		.byte	12
 207 00b2 AB       		.byte	-85
 208 00b3 04       		.byte	4
 209 00b4 AC       		.byte	-84
 210 00b5 01       		.byte	1
 211 00b6 AF       		.byte	-81
 212 00b7 23       		.byte	35
 213 00b8 B0       		.byte	-80
 214 00b9 0F       		.byte	15
 215 00ba B1       		.byte	-79
 216 00bb 1F       		.byte	31
 217 00bc B3       		.byte	-77
 218 00bd 38       		.byte	56
 219 00be B6       		.byte	-74
 220 00bf 1C       		.byte	28
 221 00c0 BA       		.byte	-70
 222 00c1 A2       		.byte	-94
 223 00c2 BB       		.byte	-69
 224 00c3 02       		.byte	2
 225 00c4 D6       		.byte	-42
 226 00c5 02       		.byte	2
 227 00c6 D7       		.byte	-41
 228 00c7 13       		.byte	19
ARM GAS  C:\Users\sdysart\AppData\Local\Temp\cceTHhrG.s 			page 5


 229 00c8 D8       		.byte	-40
 230 00c9 04       		.byte	4
 231 00ca D9       		.byte	-39
 232 00cb 04       		.byte	4
 233 00cc DB       		.byte	-37
 234 00cd 04       		.byte	4
 235 00ce DC       		.byte	-36
 236 00cf 11       		.byte	17
 237 00d0 DD       		.byte	-35
 238 00d1 10       		.byte	16
 239 00d2 DF       		.byte	-33
 240 00d3 01       		.byte	1
 241 00d4 00       		.byte	0
 242 00d5 40       		.byte	64
 243 00d6 03       		.byte	3
 244 00d7 A0       		.byte	-96
 245 00d8 08       		.byte	8
 246 00d9 08       		.byte	8
 247 00da 09       		.byte	9
 248 00db 80       		.byte	-128
 249 00dc 0A       		.byte	10
 250 00dd 44       		.byte	68
 251 00de 10       		.byte	16
 252 00df 82       		.byte	-126
 253 00e0 13       		.byte	19
 254 00e1 14       		.byte	20
 255 00e2 15       		.byte	21
 256 00e3 80       		.byte	-128
 257 00e4 17       		.byte	23
 258 00e5 24       		.byte	36
 259 00e6 19       		.byte	25
 260 00e7 02       		.byte	2
 261 00e8 1A       		.byte	26
 262 00e9 41       		.byte	65
 263 00ea 1B       		.byte	27
 264 00eb A0       		.byte	-96
 265 00ec 1D       		.byte	29
 266 00ed C0       		.byte	-64
 267 00ee 1E       		.byte	30
 268 00ef 02       		.byte	2
 269 00f0 20       		.byte	32
 270 00f1 40       		.byte	64
 271 00f2 21       		.byte	33
 272 00f3 08       		.byte	8
 273 00f4 29       		.byte	41
 274 00f5 42       		.byte	66
 275 00f6 2B       		.byte	43
 276 00f7 08       		.byte	8
 277 00f8 30       		.byte	48
 278 00f9 02       		.byte	2
 279 00fa 33       		.byte	51
 280 00fb A0       		.byte	-96
 281 00fc 38       		.byte	56
 282 00fd 68       		.byte	104
 283 00fe 3A       		.byte	58
 284 00ff 02       		.byte	2
 285 0100 59       		.byte	89
ARM GAS  C:\Users\sdysart\AppData\Local\Temp\cceTHhrG.s 			page 6


 286 0101 01       		.byte	1
 287 0102 69       		.byte	105
 288 0103 94       		.byte	-108
 289 0104 6B       		.byte	107
 290 0105 24       		.byte	36
 291 0106 70       		.byte	112
 292 0107 94       		.byte	-108
 293 0108 72       		.byte	114
 294 0109 02       		.byte	2
 295 010a 73       		.byte	115
 296 010b 14       		.byte	20
 297 010c A8       		.byte	-88
 298 010d 01       		.byte	1
 299 010e C0       		.byte	-64
 300 010f 0D       		.byte	13
 301 0110 C2       		.byte	-62
 302 0111 0F       		.byte	15
 303 0112 C4       		.byte	-60
 304 0113 EF       		.byte	-17
 305 0114 CA       		.byte	-54
 306 0115 0D       		.byte	13
 307 0116 CC       		.byte	-52
 308 0117 0D       		.byte	13
 309 0118 CE       		.byte	-50
 310 0119 0F       		.byte	15
 311 011a D6       		.byte	-42
 312 011b 01       		.byte	1
 313 011c E8       		.byte	-24
 314 011d 01       		.byte	1
 315 011e 07       		.byte	7
 316 011f 0E       		.byte	14
 317 0120 0F       		.byte	15
 318 0121 01       		.byte	1
 319 0122 15       		.byte	21
 320 0123 08       		.byte	8
 321 0124 1A       		.byte	26
 322 0125 01       		.byte	1
 323 0126 1B       		.byte	27
 324 0127 02       		.byte	2
 325 0128 22       		.byte	34
 326 0129 01       		.byte	1
 327 012a 31       		.byte	49
 328 012b 08       		.byte	8
 329 012c 32       		.byte	50
 330 012d 01       		.byte	1
 331 012e 33       		.byte	51
 332 012f 04       		.byte	4
 333 0130 35       		.byte	53
 334 0131 01       		.byte	1
 335 0132 37       		.byte	55
 336 0133 02       		.byte	2
 337 0134 3E       		.byte	62
 338 0135 04       		.byte	4
 339 0136 40       		.byte	64
 340 0137 20       		.byte	32
 341 0138 41       		.byte	65
 342 0139 01       		.byte	1
ARM GAS  C:\Users\sdysart\AppData\Local\Temp\cceTHhrG.s 			page 7


 343 013a 45       		.byte	69
 344 013b D0       		.byte	-48
 345 013c 46       		.byte	70
 346 013d 02       		.byte	2
 347 013e 47       		.byte	71
 348 013f 01       		.byte	1
 349 0140 48       		.byte	72
 350 0141 16       		.byte	22
 351 0142 49       		.byte	73
 352 0143 FF       		.byte	-1
 353 0144 4A       		.byte	74
 354 0145 FF       		.byte	-1
 355 0146 4B       		.byte	75
 356 0147 FF       		.byte	-1
 357 0148 4D       		.byte	77
 358 0149 A0       		.byte	-96
 359 014a 4F       		.byte	79
 360 014b 04       		.byte	4
 361 014c 50       		.byte	80
 362 014d 18       		.byte	24
 363 014e 52       		.byte	82
 364 014f 80       		.byte	-128
 365 0150 54       		.byte	84
 366 0151 05       		.byte	5
 367 0152 58       		.byte	88
 368 0153 04       		.byte	4
 369 0154 59       		.byte	89
 370 0155 04       		.byte	4
 371 0156 5A       		.byte	90
 372 0157 04       		.byte	4
 373 0158 5B       		.byte	91
 374 0159 04       		.byte	4
 375 015a 5F       		.byte	95
 376 015b 01       		.byte	1
 377 015c 60       		.byte	96
 378 015d 40       		.byte	64
 379 015e 62       		.byte	98
 380 015f C0       		.byte	-64
 381 0160 64       		.byte	100
 382 0161 40       		.byte	64
 383 0162 65       		.byte	101
 384 0163 40       		.byte	64
 385 0164 66       		.byte	102
 386 0165 C0       		.byte	-64
 387 0166 68       		.byte	104
 388 0167 C0       		.byte	-64
 389 0168 6A       		.byte	106
 390 0169 C0       		.byte	-64
 391 016a 6C       		.byte	108
 392 016b C0       		.byte	-64
 393 016c 6E       		.byte	110
 394 016d C0       		.byte	-64
 395 016e 09       		.byte	9
 396 016f 20       		.byte	32
 397 0170 10       		.byte	16
 398 0171 80       		.byte	-128
 399 0172 19       		.byte	25
ARM GAS  C:\Users\sdysart\AppData\Local\Temp\cceTHhrG.s 			page 8


 400 0173 04       		.byte	4
 401 0174 20       		.byte	32
 402 0175 01       		.byte	1
 403 0176 21       		.byte	33
 404 0177 28       		.byte	40
 405 0178 23       		.byte	35
 406 0179 80       		.byte	-128
 407 017a 31       		.byte	49
 408 017b 28       		.byte	40
 409 017c 38       		.byte	56
 410 017d 08       		.byte	8
 411 017e 3B       		.byte	59
 412 017f 40       		.byte	64
 413 0180 41       		.byte	65
 414 0181 60       		.byte	96
 415 0182 49       		.byte	73
 416 0183 01       		.byte	1
 417 0184 50       		.byte	80
 418 0185 84       		.byte	-124
 419 0186 51       		.byte	81
 420 0187 40       		.byte	64
 421 0188 59       		.byte	89
 422 0189 05       		.byte	5
 423 018a 5B       		.byte	91
 424 018b 80       		.byte	-128
 425 018c 73       		.byte	115
 426 018d 40       		.byte	64
 427 018e C2       		.byte	-62
 428 018f 02       		.byte	2
 429 0190 C4       		.byte	-60
 430 0191 08       		.byte	8
 431 0192 CC       		.byte	-52
 432 0193 06       		.byte	6
 433 0194 CE       		.byte	-50
 434 0195 0A       		.byte	10
 435 0196 D0       		.byte	-48
 436 0197 0C       		.byte	12
 437 0198 D6       		.byte	-42
 438 0199 0B       		.byte	11
 439 019a 1B       		.byte	27
 440 019b 01       		.byte	1
 441 019c 2F       		.byte	47
 442 019d 01       		.byte	1
 443 019e 31       		.byte	49
 444 019f 01       		.byte	1
 445 01a0 40       		.byte	64
 446 01a1 42       		.byte	66
 447 01a2 49       		.byte	73
 448 01a3 FF       		.byte	-1
 449 01a4 4A       		.byte	74
 450 01a5 FF       		.byte	-1
 451 01a6 4B       		.byte	75
 452 01a7 FF       		.byte	-1
 453 01a8 4F       		.byte	79
 454 01a9 01       		.byte	1
 455 01aa 50       		.byte	80
 456 01ab 18       		.byte	24
ARM GAS  C:\Users\sdysart\AppData\Local\Temp\cceTHhrG.s 			page 9


 457 01ac 52       		.byte	82
 458 01ad 80       		.byte	-128
 459 01ae 59       		.byte	89
 460 01af 04       		.byte	4
 461 01b0 5A       		.byte	90
 462 01b1 04       		.byte	4
 463 01b2 5B       		.byte	91
 464 01b3 04       		.byte	4
 465 01b4 5C       		.byte	92
 466 01b5 20       		.byte	32
 467 01b6 5D       		.byte	93
 468 01b7 22       		.byte	34
 469 01b8 5F       		.byte	95
 470 01b9 01       		.byte	1
 471 01ba 60       		.byte	96
 472 01bb 40       		.byte	64
 473 01bc 62       		.byte	98
 474 01bd 40       		.byte	64
 475 01be 64       		.byte	100
 476 01bf 40       		.byte	64
 477 01c0 65       		.byte	101
 478 01c1 40       		.byte	64
 479 01c2 66       		.byte	102
 480 01c3 80       		.byte	-128
 481 01c4 68       		.byte	104
 482 01c5 80       		.byte	-128
 483 01c6 6A       		.byte	106
 484 01c7 80       		.byte	-128
 485 01c8 6C       		.byte	108
 486 01c9 80       		.byte	-128
 487 01ca 6E       		.byte	110
 488 01cb 80       		.byte	-128
 489 01cc 92       		.byte	-110
 490 01cd 01       		.byte	1
 491 01ce 9A       		.byte	-102
 492 01cf 01       		.byte	1
 493 01d0 B0       		.byte	-80
 494 01d1 01       		.byte	1
 495 01d2 BE       		.byte	-66
 496 01d3 01       		.byte	1
 497 01d4 C0       		.byte	-64
 498 01d5 42       		.byte	66
 499 01d6 C5       		.byte	-59
 500 01d7 EC       		.byte	-20
 501 01d8 C6       		.byte	-58
 502 01d9 20       		.byte	32
 503 01da C8       		.byte	-56
 504 01db 0B       		.byte	11
 505 01dc C9       		.byte	-55
 506 01dd FF       		.byte	-1
 507 01de CA       		.byte	-54
 508 01df FF       		.byte	-1
 509 01e0 CB       		.byte	-53
 510 01e1 FF       		.byte	-1
 511 01e2 CD       		.byte	-51
 512 01e3 83       		.byte	-125
 513 01e4 CE       		.byte	-50
ARM GAS  C:\Users\sdysart\AppData\Local\Temp\cceTHhrG.s 			page 10


 514 01e5 03       		.byte	3
 515 01e6 CF       		.byte	-49
 516 01e7 01       		.byte	1
 517 01e8 D0       		.byte	-48
 518 01e9 18       		.byte	24
 519 01ea D4       		.byte	-44
 520 01eb 01       		.byte	1
 521 01ec D8       		.byte	-40
 522 01ed 04       		.byte	4
 523 01ee DA       		.byte	-38
 524 01ef 04       		.byte	4
 525 01f0 DB       		.byte	-37
 526 01f1 04       		.byte	4
 527 01f2 DD       		.byte	-35
 528 01f3 22       		.byte	34
 529 01f4 DF       		.byte	-33
 530 01f5 01       		.byte	1
 531 01f6 E0       		.byte	-32
 532 01f7 40       		.byte	64
 533 01f8 E2       		.byte	-30
 534 01f9 40       		.byte	64
 535 01fa E4       		.byte	-28
 536 01fb 40       		.byte	64
 537 01fc E5       		.byte	-27
 538 01fd 40       		.byte	64
 539 01fe E6       		.byte	-26
 540 01ff 80       		.byte	-128
 541 0200 E8       		.byte	-24
 542 0201 80       		.byte	-128
 543 0202 EA       		.byte	-22
 544 0203 80       		.byte	-128
 545 0204 EC       		.byte	-20
 546 0205 80       		.byte	-128
 547 0206 EE       		.byte	-18
 548 0207 80       		.byte	-128
 549 0208 0D       		.byte	13
 550 0209 20       		.byte	32
 551 020a 0E       		.byte	14
 552 020b 40       		.byte	64
 553 020c 1E       		.byte	30
 554 020d 80       		.byte	-128
 555 020e 21       		.byte	33
 556 020f 02       		.byte	2
 557 0210 2A       		.byte	42
 558 0211 80       		.byte	-128
 559 0212 31       		.byte	49
 560 0213 20       		.byte	32
 561 0214 41       		.byte	65
 562 0215 20       		.byte	32
 563 0216 42       		.byte	66
 564 0217 40       		.byte	64
 565 0218 45       		.byte	69
 566 0219 20       		.byte	32
 567 021a 46       		.byte	70
 568 021b 80       		.byte	-128
 569 021c 4D       		.byte	77
 570 021d 04       		.byte	4
ARM GAS  C:\Users\sdysart\AppData\Local\Temp\cceTHhrG.s 			page 11


 571 021e 4F       		.byte	79
 572 021f 01       		.byte	1
 573 0220 55       		.byte	85
 574 0221 20       		.byte	32
 575 0222 5D       		.byte	93
 576 0223 04       		.byte	4
 577 0224 5E       		.byte	94
 578 0225 80       		.byte	-128
 579 0226 5F       		.byte	95
 580 0227 01       		.byte	1
 581 0228 72       		.byte	114
 582 0229 C0       		.byte	-64
 583 022a 85       		.byte	-123
 584 022b 02       		.byte	2
 585 022c C2       		.byte	-62
 586 022d 50       		.byte	80
 587 022e CA       		.byte	-54
 588 022f 08       		.byte	8
 589 0230 CC       		.byte	-52
 590 0231 04       		.byte	4
 591 0232 D0       		.byte	-48
 592 0233 A5       		.byte	-91
 593 0234 D6       		.byte	-42
 594 0235 D0       		.byte	-48
 595 0236 E6       		.byte	-26
 596 0237 01       		.byte	1
 597 0238 02       		.byte	2
 598 0239 03       		.byte	3
 599 023a 03       		.byte	3
 600 023b 01       		.byte	1
 601 023c 06       		.byte	6
 602 023d 06       		.byte	6
 603 023e 08       		.byte	8
 604 023f 06       		.byte	6
 605 0240 0A       		.byte	10
 606 0241 01       		.byte	1
 607 0242 1E       		.byte	30
 608 0243 01       		.byte	1
 609 0244 25       		.byte	37
 610 0245 03       		.byte	3
 611 0246 29       		.byte	41
 612 0247 02       		.byte	2
 613 0248 2A       		.byte	42
 614 0249 05       		.byte	5
 615 024a 2D       		.byte	45
 616 024b 03       		.byte	3
 617 024c 2E       		.byte	46
 618 024d 02       		.byte	2
 619 024e 30       		.byte	48
 620 024f 07       		.byte	7
 621 0250 31       		.byte	49
 622 0251 03       		.byte	3
 623 0252 39       		.byte	57
 624 0253 02       		.byte	2
 625 0254 3A       		.byte	58
 626 0255 02       		.byte	2
 627 0256 3F       		.byte	63
ARM GAS  C:\Users\sdysart\AppData\Local\Temp\cceTHhrG.s 			page 12


 628 0257 01       		.byte	1
 629 0258 40       		.byte	64
 630 0259 01       		.byte	1
 631 025a 47       		.byte	71
 632 025b 40       		.byte	64
 633 025c 49       		.byte	73
 634 025d FF       		.byte	-1
 635 025e 4A       		.byte	74
 636 025f 07       		.byte	7
 637 0260 4B       		.byte	75
 638 0261 FF       		.byte	-1
 639 0262 4C       		.byte	76
 640 0263 40       		.byte	64
 641 0264 4D       		.byte	77
 642 0265 20       		.byte	32
 643 0266 4E       		.byte	78
 644 0267 F0       		.byte	-16
 645 0268 4F       		.byte	79
 646 0269 05       		.byte	5
 647 026a 50       		.byte	80
 648 026b 08       		.byte	8
 649 026c 58       		.byte	88
 650 026d 04       		.byte	4
 651 026e 59       		.byte	89
 652 026f 04       		.byte	4
 653 0270 5A       		.byte	90
 654 0271 04       		.byte	4
 655 0272 5C       		.byte	92
 656 0273 01       		.byte	1
 657 0274 5D       		.byte	93
 658 0275 01       		.byte	1
 659 0276 5F       		.byte	95
 660 0277 01       		.byte	1
 661 0278 60       		.byte	96
 662 0279 40       		.byte	64
 663 027a 61       		.byte	97
 664 027b A8       		.byte	-88
 665 027c 62       		.byte	98
 666 027d 40       		.byte	64
 667 027e 63       		.byte	99
 668 027f 20       		.byte	32
 669 0280 83       		.byte	-125
 670 0281 08       		.byte	8
 671 0282 84       		.byte	-124
 672 0283 01       		.byte	1
 673 0284 85       		.byte	-123
 674 0285 06       		.byte	6
 675 0286 89       		.byte	-119
 676 0287 02       		.byte	2
 677 0288 8C       		.byte	-116
 678 0289 01       		.byte	1
 679 028a 8F       		.byte	-113
 680 028b 07       		.byte	7
 681 028c 90       		.byte	-112
 682 028d 01       		.byte	1
 683 028e 93       		.byte	-109
 684 028f 06       		.byte	6
ARM GAS  C:\Users\sdysart\AppData\Local\Temp\cceTHhrG.s 			page 13


 685 0290 97       		.byte	-105
 686 0291 10       		.byte	16
 687 0292 99       		.byte	-103
 688 0293 07       		.byte	7
 689 0294 9C       		.byte	-100
 690 0295 01       		.byte	1
 691 0296 9D       		.byte	-99
 692 0297 07       		.byte	7
 693 0298 A3       		.byte	-93
 694 0299 07       		.byte	7
 695 029a A7       		.byte	-89
 696 029b 10       		.byte	16
 697 029c A9       		.byte	-87
 698 029d 04       		.byte	4
 699 029e AF       		.byte	-81
 700 029f 08       		.byte	8
 701 02a0 B0       		.byte	-80
 702 02a1 01       		.byte	1
 703 02a2 B1       		.byte	-79
 704 02a3 01       		.byte	1
 705 02a4 B3       		.byte	-77
 706 02a5 06       		.byte	6
 707 02a6 B5       		.byte	-75
 708 02a7 08       		.byte	8
 709 02a8 B7       		.byte	-73
 710 02a9 10       		.byte	16
 711 02aa B9       		.byte	-71
 712 02ab 02       		.byte	2
 713 02ac BE       		.byte	-66
 714 02ad 01       		.byte	1
 715 02ae BF       		.byte	-65
 716 02af 50       		.byte	80
 717 02b0 C0       		.byte	-64
 718 02b1 45       		.byte	69
 719 02b2 C1       		.byte	-63
 720 02b3 02       		.byte	2
 721 02b4 C2       		.byte	-62
 722 02b5 03       		.byte	3
 723 02b6 C4       		.byte	-60
 724 02b7 01       		.byte	1
 725 02b8 C5       		.byte	-59
 726 02b9 0C       		.byte	12
 727 02ba C6       		.byte	-58
 728 02bb 0E       		.byte	14
 729 02bc C8       		.byte	-56
 730 02bd 05       		.byte	5
 731 02be C9       		.byte	-55
 732 02bf FF       		.byte	-1
 733 02c0 CA       		.byte	-54
 734 02c1 FF       		.byte	-1
 735 02c2 CB       		.byte	-53
 736 02c3 FF       		.byte	-1
 737 02c4 CC       		.byte	-52
 738 02c5 62       		.byte	98
 739 02c6 CD       		.byte	-51
 740 02c7 A0       		.byte	-96
 741 02c8 CE       		.byte	-50
ARM GAS  C:\Users\sdysart\AppData\Local\Temp\cceTHhrG.s 			page 14


 742 02c9 F0       		.byte	-16
 743 02ca CF       		.byte	-49
 744 02cb 41       		.byte	65
 745 02cc D0       		.byte	-48
 746 02cd 0C       		.byte	12
 747 02ce D4       		.byte	-44
 748 02cf 18       		.byte	24
 749 02d0 D6       		.byte	-42
 750 02d1 04       		.byte	4
 751 02d2 D8       		.byte	-40
 752 02d3 04       		.byte	4
 753 02d4 D9       		.byte	-39
 754 02d5 04       		.byte	4
 755 02d6 DA       		.byte	-38
 756 02d7 04       		.byte	4
 757 02d8 DB       		.byte	-37
 758 02d9 04       		.byte	4
 759 02da DC       		.byte	-36
 760 02db 10       		.byte	16
 761 02dc DD       		.byte	-35
 762 02dd 11       		.byte	17
 763 02de DF       		.byte	-33
 764 02df 01       		.byte	1
 765 02e0 E6       		.byte	-26
 766 02e1 40       		.byte	64
 767 02e2 E7       		.byte	-25
 768 02e3 02       		.byte	2
 769 02e4 E9       		.byte	-23
 770 02e5 10       		.byte	16
 771 02e6 EA       		.byte	-22
 772 02e7 30       		.byte	48
 773 02e8 EB       		.byte	-21
 774 02e9 10       		.byte	16
 775 02ea ED       		.byte	-19
 776 02eb 10       		.byte	16
 777 02ec EE       		.byte	-18
 778 02ed 10       		.byte	16
 779 02ee EF       		.byte	-17
 780 02ef 12       		.byte	18
 781 02f0 00       		.byte	0
 782 02f1 40       		.byte	64
 783 02f2 03       		.byte	3
 784 02f3 20       		.byte	32
 785 02f4 05       		.byte	5
 786 02f5 20       		.byte	32
 787 02f6 06       		.byte	6
 788 02f7 80       		.byte	-128
 789 02f8 07       		.byte	7
 790 02f9 10       		.byte	16
 791 02fa 08       		.byte	8
 792 02fb 40       		.byte	64
 793 02fc 0A       		.byte	10
 794 02fd C1       		.byte	-63
 795 02fe 0F       		.byte	15
 796 02ff 01       		.byte	1
 797 0300 16       		.byte	22
 798 0301 09       		.byte	9
ARM GAS  C:\Users\sdysart\AppData\Local\Temp\cceTHhrG.s 			page 15


 799 0302 19       		.byte	25
 800 0303 01       		.byte	1
 801 0304 1F       		.byte	31
 802 0305 01       		.byte	1
 803 0306 20       		.byte	32
 804 0307 04       		.byte	4
 805 0308 21       		.byte	33
 806 0309 81       		.byte	-127
 807 030a 23       		.byte	35
 808 030b 20       		.byte	32
 809 030c 27       		.byte	39
 810 030d 80       		.byte	-128
 811 030e 28       		.byte	40
 812 030f 48       		.byte	72
 813 0310 29       		.byte	41
 814 0311 04       		.byte	4
 815 0312 2A       		.byte	42
 816 0313 40       		.byte	64
 817 0314 2D       		.byte	45
 818 0315 20       		.byte	32
 819 0316 2E       		.byte	46
 820 0317 88       		.byte	-120
 821 0318 2F       		.byte	47
 822 0319 15       		.byte	21
 823 031a 31       		.byte	49
 824 031b 08       		.byte	8
 825 031c 32       		.byte	50
 826 031d 42       		.byte	66
 827 031e 33       		.byte	51
 828 031f 20       		.byte	32
 829 0320 38       		.byte	56
 830 0321 48       		.byte	72
 831 0322 39       		.byte	57
 832 0323 02       		.byte	2
 833 0324 3A       		.byte	58
 834 0325 20       		.byte	32
 835 0326 3F       		.byte	63
 836 0327 01       		.byte	1
 837 0328 40       		.byte	64
 838 0329 01       		.byte	1
 839 032a 41       		.byte	65
 840 032b 08       		.byte	8
 841 032c 42       		.byte	66
 842 032d 40       		.byte	64
 843 032e 43       		.byte	67
 844 032f 20       		.byte	32
 845 0330 47       		.byte	71
 846 0331 80       		.byte	-128
 847 0332 49       		.byte	73
 848 0333 04       		.byte	4
 849 0334 4A       		.byte	74
 850 0335 03       		.byte	3
 851 0336 4F       		.byte	79
 852 0337 01       		.byte	1
 853 0338 52       		.byte	82
 854 0339 40       		.byte	64
 855 033a 56       		.byte	86
ARM GAS  C:\Users\sdysart\AppData\Local\Temp\cceTHhrG.s 			page 16


 856 033b 01       		.byte	1
 857 033c 5B       		.byte	91
 858 033d 01       		.byte	1
 859 033e 60       		.byte	96
 860 033f 84       		.byte	-124
 861 0340 61       		.byte	97
 862 0341 80       		.byte	-128
 863 0342 80       		.byte	-128
 864 0343 80       		.byte	-128
 865 0344 90       		.byte	-112
 866 0345 40       		.byte	64
 867 0346 91       		.byte	-111
 868 0347 14       		.byte	20
 869 0348 92       		.byte	-110
 870 0349 41       		.byte	65
 871 034a 96       		.byte	-106
 872 034b 04       		.byte	4
 873 034c 9C       		.byte	-100
 874 034d 08       		.byte	8
 875 034e 9D       		.byte	-99
 876 034f 01       		.byte	1
 877 0350 A1       		.byte	-95
 878 0351 08       		.byte	8
 879 0352 A2       		.byte	-94
 880 0353 01       		.byte	1
 881 0354 A3       		.byte	-93
 882 0355 20       		.byte	32
 883 0356 A4       		.byte	-92
 884 0357 02       		.byte	2
 885 0358 A7       		.byte	-89
 886 0359 08       		.byte	8
 887 035a C0       		.byte	-64
 888 035b 75       		.byte	117
 889 035c C2       		.byte	-62
 890 035d 89       		.byte	-119
 891 035e C4       		.byte	-60
 892 035f C0       		.byte	-64
 893 0360 CA       		.byte	-54
 894 0361 7F       		.byte	127
 895 0362 CC       		.byte	-52
 896 0363 0F       		.byte	15
 897 0364 CE       		.byte	-50
 898 0365 8F       		.byte	-113
 899 0366 D0       		.byte	-48
 900 0367 1F       		.byte	31
 901 0368 D2       		.byte	-46
 902 0369 08       		.byte	8
 903 036a D6       		.byte	-42
 904 036b 01       		.byte	1
 905 036c D8       		.byte	-40
 906 036d 0D       		.byte	13
 907 036e 09       		.byte	9
 908 036f 01       		.byte	1
 909 0370 0C       		.byte	12
 910 0371 14       		.byte	20
 911 0372 0E       		.byte	14
 912 0373 89       		.byte	-119
ARM GAS  C:\Users\sdysart\AppData\Local\Temp\cceTHhrG.s 			page 17


 913 0374 11       		.byte	17
 914 0375 02       		.byte	2
 915 0376 18       		.byte	24
 916 0377 01       		.byte	1
 917 0378 1A       		.byte	26
 918 0379 46       		.byte	70
 919 037a 24       		.byte	36
 920 037b 1F       		.byte	31
 921 037c 28       		.byte	40
 922 037d 1F       		.byte	31
 923 037e 2C       		.byte	44
 924 037f 0A       		.byte	10
 925 0380 2E       		.byte	46
 926 0381 B1       		.byte	-79
 927 0382 30       		.byte	48
 928 0383 18       		.byte	24
 929 0384 32       		.byte	50
 930 0385 20       		.byte	32
 931 0386 33       		.byte	51
 932 0387 01       		.byte	1
 933 0388 34       		.byte	52
 934 0389 07       		.byte	7
 935 038a 36       		.byte	54
 936 038b C0       		.byte	-64
 937 038c 37       		.byte	55
 938 038d 02       		.byte	2
 939 038e 3E       		.byte	62
 940 038f 40       		.byte	64
 941 0390 3F       		.byte	63
 942 0391 44       		.byte	68
 943 0392 54       		.byte	84
 944 0393 01       		.byte	1
 945 0394 58       		.byte	88
 946 0395 04       		.byte	4
 947 0396 59       		.byte	89
 948 0397 04       		.byte	4
 949 0398 5B       		.byte	91
 950 0399 04       		.byte	4
 951 039a 5C       		.byte	92
 952 039b 01       		.byte	1
 953 039c 5D       		.byte	93
 954 039d 10       		.byte	16
 955 039e 5F       		.byte	95
 956 039f 01       		.byte	1
 957 03a0 81       		.byte	-127
 958 03a1 40       		.byte	64
 959 03a2 83       		.byte	-125
 960 03a3 80       		.byte	-128
 961 03a4 84       		.byte	-124
 962 03a5 CA       		.byte	-54
 963 03a6 86       		.byte	-122
 964 03a7 34       		.byte	52
 965 03a8 87       		.byte	-121
 966 03a9 80       		.byte	-128
 967 03aa 88       		.byte	-120
 968 03ab 13       		.byte	19
 969 03ac 8A       		.byte	-118
ARM GAS  C:\Users\sdysart\AppData\Local\Temp\cceTHhrG.s 			page 18


 970 03ad 6C       		.byte	108
 971 03ae 93       		.byte	-109
 972 03af 03       		.byte	3
 973 03b0 98       		.byte	-104
 974 03b1 03       		.byte	3
 975 03b2 99       		.byte	-103
 976 03b3 09       		.byte	9
 977 03b4 9A       		.byte	-102
 978 03b5 04       		.byte	4
 979 03b6 9B       		.byte	-101
 980 03b7 10       		.byte	16
 981 03b8 9D       		.byte	-99
 982 03b9 10       		.byte	16
 983 03ba 9E       		.byte	-98
 984 03bb 35       		.byte	53
 985 03bc A0       		.byte	-96
 986 03bd 13       		.byte	19
 987 03be A1       		.byte	-95
 988 03bf 14       		.byte	20
 989 03c0 A2       		.byte	-94
 990 03c1 E4       		.byte	-28
 991 03c2 A5       		.byte	-91
 992 03c3 B0       		.byte	-80
 993 03c4 A7       		.byte	-89
 994 03c5 0C       		.byte	12
 995 03c6 A9       		.byte	-87
 996 03c7 1C       		.byte	28
 997 03c8 AA       		.byte	-86
 998 03c9 C8       		.byte	-56
 999 03ca AB       		.byte	-85
 1000 03cb A2       		.byte	-94
 1001 03cc AD       		.byte	-83
 1002 03cd AC       		.byte	-84
 1003 03ce AE       		.byte	-82
 1004 03cf 80       		.byte	-128
 1005 03d0 AF       		.byte	-81
 1006 03d1 11       		.byte	17
 1007 03d2 B2       		.byte	-78
 1008 03d3 F0       		.byte	-16
 1009 03d4 B3       		.byte	-77
 1010 03d5 60       		.byte	96
 1011 03d6 B4       		.byte	-76
 1012 03d7 0F       		.byte	15
 1013 03d8 B5       		.byte	-75
 1014 03d9 80       		.byte	-128
 1015 03da B7       		.byte	-73
 1016 03db 1F       		.byte	31
 1017 03dc B9       		.byte	-71
 1018 03dd 08       		.byte	8
 1019 03de BA       		.byte	-70
 1020 03df 28       		.byte	40
 1021 03e0 BF       		.byte	-65
 1022 03e1 10       		.byte	16
 1023 03e2 C0       		.byte	-64
 1024 03e3 21       		.byte	33
 1025 03e4 C1       		.byte	-63
 1026 03e5 04       		.byte	4
ARM GAS  C:\Users\sdysart\AppData\Local\Temp\cceTHhrG.s 			page 19


 1027 03e6 C5       		.byte	-59
 1028 03e7 EC       		.byte	-20
 1029 03e8 C6       		.byte	-58
 1030 03e9 EB       		.byte	-21
 1031 03ea C8       		.byte	-56
 1032 03eb 0F       		.byte	15
 1033 03ec C9       		.byte	-55
 1034 03ed FF       		.byte	-1
 1035 03ee CA       		.byte	-54
 1036 03ef FF       		.byte	-1
 1037 03f0 CB       		.byte	-53
 1038 03f1 FF       		.byte	-1
 1039 03f2 CE       		.byte	-50
 1040 03f3 F0       		.byte	-16
 1041 03f4 CF       		.byte	-49
 1042 03f5 44       		.byte	68
 1043 03f6 D0       		.byte	-48
 1044 03f7 0C       		.byte	12
 1045 03f8 D8       		.byte	-40
 1046 03f9 04       		.byte	4
 1047 03fa D9       		.byte	-39
 1048 03fb 04       		.byte	4
 1049 03fc DA       		.byte	-38
 1050 03fd 04       		.byte	4
 1051 03fe DC       		.byte	-36
 1052 03ff 11       		.byte	17
 1053 0400 DD       		.byte	-35
 1054 0401 01       		.byte	1
 1055 0402 DF       		.byte	-33
 1056 0403 01       		.byte	1
 1057 0404 E6       		.byte	-26
 1058 0405 C0       		.byte	-64
 1059 0406 EA       		.byte	-22
 1060 0407 40       		.byte	64
 1061 0408 EB       		.byte	-21
 1062 0409 02       		.byte	2
 1063 040a 00       		.byte	0
 1064 040b 40       		.byte	64
 1065 040c 05       		.byte	5
 1066 040d 14       		.byte	20
 1067 040e 0A       		.byte	10
 1068 040f 04       		.byte	4
 1069 0410 0F       		.byte	15
 1070 0411 09       		.byte	9
 1071 0412 10       		.byte	16
 1072 0413 02       		.byte	2
 1073 0414 11       		.byte	17
 1074 0415 14       		.byte	20
 1075 0416 16       		.byte	22
 1076 0417 81       		.byte	-127
 1077 0418 17       		.byte	23
 1078 0419 50       		.byte	80
 1079 041a 18       		.byte	24
 1080 041b 49       		.byte	73
 1081 041c 1A       		.byte	26
 1082 041d 04       		.byte	4
 1083 041e 1B       		.byte	27
ARM GAS  C:\Users\sdysart\AppData\Local\Temp\cceTHhrG.s 			page 20


 1084 041f 08       		.byte	8
 1085 0420 1D       		.byte	29
 1086 0421 34       		.byte	52
 1087 0422 1F       		.byte	31
 1088 0423 14       		.byte	20
 1089 0424 21       		.byte	33
 1090 0425 40       		.byte	64
 1091 0426 22       		.byte	34
 1092 0427 04       		.byte	4
 1093 0428 27       		.byte	39
 1094 0429 19       		.byte	25
 1095 042a 2C       		.byte	44
 1096 042b 80       		.byte	-128
 1097 042c 2E       		.byte	46
 1098 042d 80       		.byte	-128
 1099 042e 2F       		.byte	47
 1100 042f 14       		.byte	20
 1101 0430 33       		.byte	51
 1102 0431 01       		.byte	1
 1103 0432 37       		.byte	55
 1104 0433 51       		.byte	81
 1105 0434 3A       		.byte	58
 1106 0435 10       		.byte	16
 1107 0436 3E       		.byte	62
 1108 0437 02       		.byte	2
 1109 0438 3F       		.byte	63
 1110 0439 09       		.byte	9
 1111 043a 45       		.byte	69
 1112 043b 20       		.byte	32
 1113 043c 46       		.byte	70
 1114 043d 82       		.byte	-126
 1115 043e 4D       		.byte	77
 1116 043f 02       		.byte	2
 1117 0440 4E       		.byte	78
 1118 0441 10       		.byte	16
 1119 0442 4F       		.byte	79
 1120 0443 08       		.byte	8
 1121 0444 54       		.byte	84
 1122 0445 80       		.byte	-128
 1123 0446 56       		.byte	86
 1124 0447 10       		.byte	16
 1125 0448 59       		.byte	89
 1126 0449 82       		.byte	-126
 1127 044a 5A       		.byte	90
 1128 044b 28       		.byte	40
 1129 044c 80       		.byte	-128
 1130 044d 48       		.byte	72
 1131 044e 81       		.byte	-127
 1132 044f 40       		.byte	64
 1133 0450 88       		.byte	-120
 1134 0451 02       		.byte	2
 1135 0452 8A       		.byte	-118
 1136 0453 20       		.byte	32
 1137 0454 8D       		.byte	-115
 1138 0455 80       		.byte	-128
 1139 0456 8F       		.byte	-113
 1140 0457 08       		.byte	8
ARM GAS  C:\Users\sdysart\AppData\Local\Temp\cceTHhrG.s 			page 21


 1141 0458 91       		.byte	-111
 1142 0459 14       		.byte	20
 1143 045a 93       		.byte	-109
 1144 045b 01       		.byte	1
 1145 045c 94       		.byte	-108
 1146 045d 09       		.byte	9
 1147 045e 96       		.byte	-106
 1148 045f 04       		.byte	4
 1149 0460 97       		.byte	-105
 1150 0461 28       		.byte	40
 1151 0462 9A       		.byte	-102
 1152 0463 81       		.byte	-127
 1153 0464 9C       		.byte	-100
 1154 0465 08       		.byte	8
 1155 0466 9E       		.byte	-98
 1156 0467 20       		.byte	32
 1157 0468 9F       		.byte	-97
 1158 0469 10       		.byte	16
 1159 046a A4       		.byte	-92
 1160 046b 02       		.byte	2
 1161 046c A7       		.byte	-89
 1162 046d 08       		.byte	8
 1163 046e B3       		.byte	-77
 1164 046f 21       		.byte	33
 1165 0470 C0       		.byte	-64
 1166 0471 61       		.byte	97
 1167 0472 C2       		.byte	-62
 1168 0473 C2       		.byte	-62
 1169 0474 C4       		.byte	-60
 1170 0475 D7       		.byte	-41
 1171 0476 CA       		.byte	-54
 1172 0477 F0       		.byte	-16
 1173 0478 CC       		.byte	-52
 1174 0479 B1       		.byte	-79
 1175 047a CE       		.byte	-50
 1176 047b C4       		.byte	-60
 1177 047c D0       		.byte	-48
 1178 047d B0       		.byte	-80
 1179 047e D6       		.byte	-42
 1180 047f 0F       		.byte	15
 1181 0480 E0       		.byte	-32
 1182 0481 01       		.byte	1
 1183 0482 32       		.byte	50
 1184 0483 40       		.byte	64
 1185 0484 37       		.byte	55
 1186 0485 80       		.byte	-128
 1187 0486 CC       		.byte	-52
 1188 0487 30       		.byte	48
 1189 0488 96       		.byte	-106
 1190 0489 80       		.byte	-128
 1191 048a 9F       		.byte	-97
 1192 048b 80       		.byte	-128
 1193 048c 96       		.byte	-106
 1194 048d 80       		.byte	-128
 1195 048e 9F       		.byte	-97
 1196 048f 80       		.byte	-128
 1197 0490 96       		.byte	-106
ARM GAS  C:\Users\sdysart\AppData\Local\Temp\cceTHhrG.s 			page 22


 1198 0491 80       		.byte	-128
 1199 0492 9F       		.byte	-97
 1200 0493 80       		.byte	-128
 1201 0494 9A       		.byte	-102
 1202 0495 04       		.byte	4
 1203 0496 AA       		.byte	-86
 1204 0497 04       		.byte	4
 1205 0498 82       		.byte	-126
 1206 0499 40       		.byte	64
 1207 049a 96       		.byte	-106
 1208 049b 80       		.byte	-128
 1209 049c 9F       		.byte	-97
 1210 049d 80       		.byte	-128
 1211 049e E6       		.byte	-26
 1212 049f 80       		.byte	-128
 1213 04a0 87       		.byte	-121
 1214 04a1 80       		.byte	-128
 1215 04a2 9F       		.byte	-97
 1216 04a3 80       		.byte	-128
 1217 04a4 E2       		.byte	-30
 1218 04a5 40       		.byte	64
 1219 04a6 56       		.byte	86
 1220 04a7 04       		.byte	4
 1221 04a8 9A       		.byte	-102
 1222 04a9 04       		.byte	4
 1223 04aa D4       		.byte	-44
 1224 04ab 02       		.byte	2
 1225 04ac 10       		.byte	16
 1226 04ad 80       		.byte	-128
 1227 04ae 71       		.byte	113
 1228 04af 02       		.byte	2
 1229 04b0 81       		.byte	-127
 1230 04b1 02       		.byte	2
 1231 04b2 88       		.byte	-120
 1232 04b3 80       		.byte	-128
 1233 04b4 C4       		.byte	-60
 1234 04b5 08       		.byte	8
 1235 04b6 DC       		.byte	-36
 1236 04b7 01       		.byte	1
 1237 04b8 E6       		.byte	-26
 1238 04b9 01       		.byte	1
 1239 04ba 00       		.byte	0
 1240 04bb 03       		.byte	3
 1241 04bc 0C       		.byte	12
 1242 04bd 03       		.byte	3
 1243 04be 10       		.byte	16
 1244 04bf 06       		.byte	6
 1245 04c0 11       		.byte	17
 1246 04c1 01       		.byte	1
 1247 04c2 1A       		.byte	26
 1248 04c3 04       		.byte	4
 1249 04c4 1C       		.byte	28
 1250 04c5 02       		.byte	2
 1251 04c6 1D       		.byte	29
 1252 04c7 01       		.byte	1
 1253 04c8 00       		.byte	0
 1254 04c9 0F       		.byte	15
ARM GAS  C:\Users\sdysart\AppData\Local\Temp\cceTHhrG.s 			page 23


 1255 04ca 00       		.byte	0
 1256 04cb 00       		.byte	0
 1257 04cc 80       		.byte	-128
 1258 04cd 00       		.byte	0
 1259 04ce 40       		.byte	64
 1260 04cf 80       		.byte	-128
 1261 04d0 80       		.byte	-128
 1262 04d1 00       		.byte	0
 1263 04d2 80       		.byte	-128
 1264 04d3 00       		.byte	0
 1265 04d4 00       		.byte	0
 1266 04d5 00       		.byte	0
 1267 04d6 00       		.byte	0
 1268 04d7 00       		.byte	0
 1269 04d8 00       		.byte	0
 1270 04d9 8F       		.byte	-113
 1271 04da 8F       		.byte	-113
 1272 04db 00       		.byte	0
 1273 04dc 04       		.byte	4
 1274 04dd 00       		.byte	0
 1275 04de 00       		.byte	0
 1276 04df 00       		.byte	0
 1277 04e0 00       		.byte	0
 1278 04e1 40       		.byte	64
 1279 04e2 40       		.byte	64
 1280 04e3 00       		.byte	0
 1281 04e4 00       		.byte	0
 1282 04e5 00       		.byte	0
 1283 04e6 00       		.byte	0
 1284 04e7 00       		.byte	0
 1285              		.section	.cywolatch,"a",%progbits
 1286              		.align	2
 1287              		.type	cy_meta_wonvl, %object
 1288              		.size	cy_meta_wonvl, 4
 1289              	cy_meta_wonvl:
 1290 0000 BC       		.byte	-68
 1291 0001 90       		.byte	-112
 1292 0002 AC       		.byte	-84
 1293 0003 AF       		.byte	-81
 1294              		.section	.cycustnvl,"a",%progbits
 1295              		.align	2
 1296              		.type	cy_meta_custnvl, %object
 1297              		.size	cy_meta_custnvl, 4
 1298              	cy_meta_custnvl:
 1299 0000 00       		.byte	0
 1300 0001 00       		.byte	0
 1301 0002 40       		.byte	64
 1302 0003 05       		.byte	5
 1303              		.section	.cymeta,"a",%progbits
 1304              		.align	2
 1305              		.type	cy_metadata, %object
 1306              		.size	cy_metadata, 12
 1307              	cy_metadata:
 1308 0000 00       		.byte	0
 1309 0001 01       		.byte	1
 1310 0002 2E       		.byte	46
 1311 0003 16       		.byte	22
ARM GAS  C:\Users\sdysart\AppData\Local\Temp\cceTHhrG.s 			page 24


 1312 0004 10       		.byte	16
 1313 0005 69       		.byte	105
 1314 0006 00       		.byte	0
 1315 0007 01       		.byte	1
 1316 0008 00       		.byte	0
 1317 0009 00       		.byte	0
 1318 000a 00       		.byte	0
 1319 000b 00       		.byte	0
 1320              		.section	.cyflashprotect,"a",%progbits
 1321              		.align	2
 1322              		.type	cy_meta_flashprotect, %object
 1323              		.size	cy_meta_flashprotect, 256
 1324              	cy_meta_flashprotect:
 1325 0000 00000000 		.space	256
 1325      00000000 
 1325      00000000 
 1325      00000000 
 1325      00000000 
 1326              		.text
 1327              	.Letext0:
 1328              		.file 1 "c:\\program files (x86)\\cypress\\psoc creator\\4.1\\psoc creator\\import\\gnu\\arm\\5.4.
 1329              		.file 2 "c:\\program files (x86)\\cypress\\psoc creator\\4.1\\psoc creator\\import\\gnu\\arm\\5.4.
 1330              		.file 3 "Generated_Source\\PSoC5\\cymetadata.c"
 1331              		.section	.debug_info,"",%progbits
 1332              	.Ldebug_info0:
 1333 0000 32010000 		.4byte	0x132
 1334 0004 0400     		.2byte	0x4
 1335 0006 00000000 		.4byte	.Ldebug_abbrev0
 1336 000a 04       		.byte	0x4
 1337 000b 01       		.uleb128 0x1
 1338 000c 24000000 		.4byte	.LASF17
 1339 0010 0C       		.byte	0xc
 1340 0011 C3010000 		.4byte	.LASF18
 1341 0015 5F010000 		.4byte	.LASF19
 1342 0019 00000000 		.4byte	.Ldebug_line0
 1343 001d 02       		.uleb128 0x2
 1344 001e 01       		.byte	0x1
 1345 001f 06       		.byte	0x6
 1346 0020 B7010000 		.4byte	.LASF0
 1347 0024 03       		.uleb128 0x3
 1348 0025 00000000 		.4byte	.LASF9
 1349 0029 01       		.byte	0x1
 1350 002a 1D       		.byte	0x1d
 1351 002b 2F000000 		.4byte	0x2f
 1352 002f 02       		.uleb128 0x2
 1353 0030 01       		.byte	0x1
 1354 0031 08       		.byte	0x8
 1355 0032 16000000 		.4byte	.LASF1
 1356 0036 02       		.uleb128 0x2
 1357 0037 02       		.byte	0x2
 1358 0038 05       		.byte	0x5
 1359 0039 A4010000 		.4byte	.LASF2
 1360 003d 02       		.uleb128 0x2
 1361 003e 02       		.byte	0x2
 1362 003f 07       		.byte	0x7
 1363 0040 C4000000 		.4byte	.LASF3
 1364 0044 02       		.uleb128 0x2
ARM GAS  C:\Users\sdysart\AppData\Local\Temp\cceTHhrG.s 			page 25


 1365 0045 04       		.byte	0x4
 1366 0046 05       		.byte	0x5
 1367 0047 AE010000 		.4byte	.LASF4
 1368 004b 02       		.uleb128 0x2
 1369 004c 04       		.byte	0x4
 1370 004d 07       		.byte	0x7
 1371 004e B2000000 		.4byte	.LASF5
 1372 0052 02       		.uleb128 0x2
 1373 0053 08       		.byte	0x8
 1374 0054 05       		.byte	0x5
 1375 0055 51010000 		.4byte	.LASF6
 1376 0059 02       		.uleb128 0x2
 1377 005a 08       		.byte	0x8
 1378 005b 07       		.byte	0x7
 1379 005c 06010000 		.4byte	.LASF7
 1380 0060 04       		.uleb128 0x4
 1381 0061 04       		.byte	0x4
 1382 0062 05       		.byte	0x5
 1383 0063 696E7400 		.ascii	"int\000"
 1384 0067 02       		.uleb128 0x2
 1385 0068 04       		.byte	0x4
 1386 0069 07       		.byte	0x7
 1387 006a F9000000 		.4byte	.LASF8
 1388 006e 03       		.uleb128 0x3
 1389 006f 1D010000 		.4byte	.LASF10
 1390 0073 02       		.byte	0x2
 1391 0074 18       		.byte	0x18
 1392 0075 24000000 		.4byte	0x24
 1393 0079 05       		.uleb128 0x5
 1394 007a 91000000 		.4byte	0x91
 1395 007e 8A000000 		.4byte	0x8a
 1396 0082 06       		.uleb128 0x6
 1397 0083 8A000000 		.4byte	0x8a
 1398 0087 E704     		.2byte	0x4e7
 1399 0089 00       		.byte	0
 1400 008a 02       		.uleb128 0x2
 1401 008b 04       		.byte	0x4
 1402 008c 07       		.byte	0x7
 1403 008d 48010000 		.4byte	.LASF11
 1404 0091 07       		.uleb128 0x7
 1405 0092 6E000000 		.4byte	0x6e
 1406 0096 08       		.uleb128 0x8
 1407 0097 E7000000 		.4byte	.LASF12
 1408 009b 03       		.byte	0x3
 1409 009c 1F       		.byte	0x1f
 1410 009d A7000000 		.4byte	0xa7
 1411 00a1 05       		.uleb128 0x5
 1412 00a2 03       		.byte	0x3
 1413 00a3 00000000 		.4byte	cy_meta_configecc
 1414 00a7 07       		.uleb128 0x7
 1415 00a8 79000000 		.4byte	0x79
 1416 00ac 05       		.uleb128 0x5
 1417 00ad 91000000 		.4byte	0x91
 1418 00b1 BC000000 		.4byte	0xbc
 1419 00b5 09       		.uleb128 0x9
 1420 00b6 8A000000 		.4byte	0x8a
 1421 00ba 03       		.byte	0x3
ARM GAS  C:\Users\sdysart\AppData\Local\Temp\cceTHhrG.s 			page 26


 1422 00bb 00       		.byte	0
 1423 00bc 08       		.uleb128 0x8
 1424 00bd D7000000 		.4byte	.LASF13
 1425 00c1 03       		.byte	0x3
 1426 00c2 C9       		.byte	0xc9
 1427 00c3 CD000000 		.4byte	0xcd
 1428 00c7 05       		.uleb128 0x5
 1429 00c8 03       		.byte	0x3
 1430 00c9 00000000 		.4byte	cy_meta_custnvl
 1431 00cd 07       		.uleb128 0x7
 1432 00ce AC000000 		.4byte	0xac
 1433 00d2 08       		.uleb128 0x8
 1434 00d3 3A010000 		.4byte	.LASF14
 1435 00d7 03       		.byte	0x3
 1436 00d8 D7       		.byte	0xd7
 1437 00d9 E3000000 		.4byte	0xe3
 1438 00dd 05       		.uleb128 0x5
 1439 00de 03       		.byte	0x3
 1440 00df 00000000 		.4byte	cy_meta_wonvl
 1441 00e3 07       		.uleb128 0x7
 1442 00e4 AC000000 		.4byte	0xac
 1443 00e8 05       		.uleb128 0x5
 1444 00e9 91000000 		.4byte	0x91
 1445 00ed F8000000 		.4byte	0xf8
 1446 00f1 09       		.uleb128 0x9
 1447 00f2 8A000000 		.4byte	0x8a
 1448 00f6 FF       		.byte	0xff
 1449 00f7 00       		.byte	0
 1450 00f8 08       		.uleb128 0x8
 1451 00f9 25010000 		.4byte	.LASF15
 1452 00fd 03       		.byte	0x3
 1453 00fe E5       		.byte	0xe5
 1454 00ff 09010000 		.4byte	0x109
 1455 0103 05       		.uleb128 0x5
 1456 0104 03       		.byte	0x3
 1457 0105 00000000 		.4byte	cy_meta_flashprotect
 1458 0109 07       		.uleb128 0x7
 1459 010a E8000000 		.4byte	0xe8
 1460 010e 05       		.uleb128 0x5
 1461 010f 91000000 		.4byte	0x91
 1462 0113 1E010000 		.4byte	0x11e
 1463 0117 09       		.uleb128 0x9
 1464 0118 8A000000 		.4byte	0x8a
 1465 011c 0B       		.byte	0xb
 1466 011d 00       		.byte	0
 1467 011e 0A       		.uleb128 0xa
 1468 011f 0A000000 		.4byte	.LASF16
 1469 0123 03       		.byte	0x3
 1470 0124 1201     		.2byte	0x112
 1471 0126 30010000 		.4byte	0x130
 1472 012a 05       		.uleb128 0x5
 1473 012b 03       		.byte	0x3
 1474 012c 00000000 		.4byte	cy_metadata
 1475 0130 07       		.uleb128 0x7
 1476 0131 0E010000 		.4byte	0x10e
 1477 0135 00       		.byte	0
 1478              		.section	.debug_abbrev,"",%progbits
ARM GAS  C:\Users\sdysart\AppData\Local\Temp\cceTHhrG.s 			page 27


 1479              	.Ldebug_abbrev0:
 1480 0000 01       		.uleb128 0x1
 1481 0001 11       		.uleb128 0x11
 1482 0002 01       		.byte	0x1
 1483 0003 25       		.uleb128 0x25
 1484 0004 0E       		.uleb128 0xe
 1485 0005 13       		.uleb128 0x13
 1486 0006 0B       		.uleb128 0xb
 1487 0007 03       		.uleb128 0x3
 1488 0008 0E       		.uleb128 0xe
 1489 0009 1B       		.uleb128 0x1b
 1490 000a 0E       		.uleb128 0xe
 1491 000b 10       		.uleb128 0x10
 1492 000c 17       		.uleb128 0x17
 1493 000d 00       		.byte	0
 1494 000e 00       		.byte	0
 1495 000f 02       		.uleb128 0x2
 1496 0010 24       		.uleb128 0x24
 1497 0011 00       		.byte	0
 1498 0012 0B       		.uleb128 0xb
 1499 0013 0B       		.uleb128 0xb
 1500 0014 3E       		.uleb128 0x3e
 1501 0015 0B       		.uleb128 0xb
 1502 0016 03       		.uleb128 0x3
 1503 0017 0E       		.uleb128 0xe
 1504 0018 00       		.byte	0
 1505 0019 00       		.byte	0
 1506 001a 03       		.uleb128 0x3
 1507 001b 16       		.uleb128 0x16
 1508 001c 00       		.byte	0
 1509 001d 03       		.uleb128 0x3
 1510 001e 0E       		.uleb128 0xe
 1511 001f 3A       		.uleb128 0x3a
 1512 0020 0B       		.uleb128 0xb
 1513 0021 3B       		.uleb128 0x3b
 1514 0022 0B       		.uleb128 0xb
 1515 0023 49       		.uleb128 0x49
 1516 0024 13       		.uleb128 0x13
 1517 0025 00       		.byte	0
 1518 0026 00       		.byte	0
 1519 0027 04       		.uleb128 0x4
 1520 0028 24       		.uleb128 0x24
 1521 0029 00       		.byte	0
 1522 002a 0B       		.uleb128 0xb
 1523 002b 0B       		.uleb128 0xb
 1524 002c 3E       		.uleb128 0x3e
 1525 002d 0B       		.uleb128 0xb
 1526 002e 03       		.uleb128 0x3
 1527 002f 08       		.uleb128 0x8
 1528 0030 00       		.byte	0
 1529 0031 00       		.byte	0
 1530 0032 05       		.uleb128 0x5
 1531 0033 01       		.uleb128 0x1
 1532 0034 01       		.byte	0x1
 1533 0035 49       		.uleb128 0x49
 1534 0036 13       		.uleb128 0x13
 1535 0037 01       		.uleb128 0x1
ARM GAS  C:\Users\sdysart\AppData\Local\Temp\cceTHhrG.s 			page 28


 1536 0038 13       		.uleb128 0x13
 1537 0039 00       		.byte	0
 1538 003a 00       		.byte	0
 1539 003b 06       		.uleb128 0x6
 1540 003c 21       		.uleb128 0x21
 1541 003d 00       		.byte	0
 1542 003e 49       		.uleb128 0x49
 1543 003f 13       		.uleb128 0x13
 1544 0040 2F       		.uleb128 0x2f
 1545 0041 05       		.uleb128 0x5
 1546 0042 00       		.byte	0
 1547 0043 00       		.byte	0
 1548 0044 07       		.uleb128 0x7
 1549 0045 26       		.uleb128 0x26
 1550 0046 00       		.byte	0
 1551 0047 49       		.uleb128 0x49
 1552 0048 13       		.uleb128 0x13
 1553 0049 00       		.byte	0
 1554 004a 00       		.byte	0
 1555 004b 08       		.uleb128 0x8
 1556 004c 34       		.uleb128 0x34
 1557 004d 00       		.byte	0
 1558 004e 03       		.uleb128 0x3
 1559 004f 0E       		.uleb128 0xe
 1560 0050 3A       		.uleb128 0x3a
 1561 0051 0B       		.uleb128 0xb
 1562 0052 3B       		.uleb128 0x3b
 1563 0053 0B       		.uleb128 0xb
 1564 0054 49       		.uleb128 0x49
 1565 0055 13       		.uleb128 0x13
 1566 0056 3F       		.uleb128 0x3f
 1567 0057 19       		.uleb128 0x19
 1568 0058 02       		.uleb128 0x2
 1569 0059 18       		.uleb128 0x18
 1570 005a 00       		.byte	0
 1571 005b 00       		.byte	0
 1572 005c 09       		.uleb128 0x9
 1573 005d 21       		.uleb128 0x21
 1574 005e 00       		.byte	0
 1575 005f 49       		.uleb128 0x49
 1576 0060 13       		.uleb128 0x13
 1577 0061 2F       		.uleb128 0x2f
 1578 0062 0B       		.uleb128 0xb
 1579 0063 00       		.byte	0
 1580 0064 00       		.byte	0
 1581 0065 0A       		.uleb128 0xa
 1582 0066 34       		.uleb128 0x34
 1583 0067 00       		.byte	0
 1584 0068 03       		.uleb128 0x3
 1585 0069 0E       		.uleb128 0xe
 1586 006a 3A       		.uleb128 0x3a
 1587 006b 0B       		.uleb128 0xb
 1588 006c 3B       		.uleb128 0x3b
 1589 006d 05       		.uleb128 0x5
 1590 006e 49       		.uleb128 0x49
 1591 006f 13       		.uleb128 0x13
 1592 0070 3F       		.uleb128 0x3f
ARM GAS  C:\Users\sdysart\AppData\Local\Temp\cceTHhrG.s 			page 29


 1593 0071 19       		.uleb128 0x19
 1594 0072 02       		.uleb128 0x2
 1595 0073 18       		.uleb128 0x18
 1596 0074 00       		.byte	0
 1597 0075 00       		.byte	0
 1598 0076 00       		.byte	0
 1599              		.section	.debug_aranges,"",%progbits
 1600 0000 14000000 		.4byte	0x14
 1601 0004 0200     		.2byte	0x2
 1602 0006 00000000 		.4byte	.Ldebug_info0
 1603 000a 04       		.byte	0x4
 1604 000b 00       		.byte	0
 1605 000c 0000     		.2byte	0
 1606 000e 0000     		.2byte	0
 1607 0010 00000000 		.4byte	0
 1608 0014 00000000 		.4byte	0
 1609              		.section	.debug_line,"",%progbits
 1610              	.Ldebug_line0:
 1611 0000 3D010000 		.section	.debug_str,"MS",%progbits,1
 1611      02003701 
 1611      00000201 
 1611      FB0E0D00 
 1611      01010101 
 1612              	.LASF9:
 1613 0000 5F5F7569 		.ascii	"__uint8_t\000"
 1613      6E74385F 
 1613      7400
 1614              	.LASF16:
 1615 000a 63795F6D 		.ascii	"cy_metadata\000"
 1615      65746164 
 1615      61746100 
 1616              	.LASF1:
 1617 0016 756E7369 		.ascii	"unsigned char\000"
 1617      676E6564 
 1617      20636861 
 1617      7200
 1618              	.LASF17:
 1619 0024 474E5520 		.ascii	"GNU C11 5.4.1 20160609 (release) [ARM/embedded-5-br"
 1619      43313120 
 1619      352E342E 
 1619      31203230 
 1619      31363036 
 1620 0057 616E6368 		.ascii	"anch revision 237715] -mcpu=cortex-m3 -mthumb -g -O"
 1620      20726576 
 1620      6973696F 
 1620      6E203233 
 1620      37373135 
 1621 008a 67202D66 		.ascii	"g -ffunction-sections -ffat-lto-objects\000"
 1621      66756E63 
 1621      74696F6E 
 1621      2D736563 
 1621      74696F6E 
 1622              	.LASF5:
 1623 00b2 6C6F6E67 		.ascii	"long unsigned int\000"
 1623      20756E73 
 1623      69676E65 
 1623      6420696E 
ARM GAS  C:\Users\sdysart\AppData\Local\Temp\cceTHhrG.s 			page 30


 1623      7400
 1624              	.LASF3:
 1625 00c4 73686F72 		.ascii	"short unsigned int\000"
 1625      7420756E 
 1625      7369676E 
 1625      65642069 
 1625      6E7400
 1626              	.LASF13:
 1627 00d7 63795F6D 		.ascii	"cy_meta_custnvl\000"
 1627      6574615F 
 1627      63757374 
 1627      6E766C00 
 1628              	.LASF12:
 1629 00e7 63795F6D 		.ascii	"cy_meta_configecc\000"
 1629      6574615F 
 1629      636F6E66 
 1629      69676563 
 1629      6300
 1630              	.LASF8:
 1631 00f9 756E7369 		.ascii	"unsigned int\000"
 1631      676E6564 
 1631      20696E74 
 1631      00
 1632              	.LASF7:
 1633 0106 6C6F6E67 		.ascii	"long long unsigned int\000"
 1633      206C6F6E 
 1633      6720756E 
 1633      7369676E 
 1633      65642069 
 1634              	.LASF10:
 1635 011d 75696E74 		.ascii	"uint8_t\000"
 1635      385F7400 
 1636              	.LASF15:
 1637 0125 63795F6D 		.ascii	"cy_meta_flashprotect\000"
 1637      6574615F 
 1637      666C6173 
 1637      6870726F 
 1637      74656374 
 1638              	.LASF14:
 1639 013a 63795F6D 		.ascii	"cy_meta_wonvl\000"
 1639      6574615F 
 1639      776F6E76 
 1639      6C00
 1640              	.LASF11:
 1641 0148 73697A65 		.ascii	"sizetype\000"
 1641      74797065 
 1641      00
 1642              	.LASF6:
 1643 0151 6C6F6E67 		.ascii	"long long int\000"
 1643      206C6F6E 
 1643      6720696E 
 1643      7400
 1644              	.LASF19:
 1645 015f 433A5C55 		.ascii	"C:\\Users\\sdysart\\Documents\\UACS\\UACS\\HighFreq"
 1645      73657273 
 1645      5C736479 
 1645      73617274 
ARM GAS  C:\Users\sdysart\AppData\Local\Temp\cceTHhrG.s 			page 31


 1645      5C446F63 
 1646 018c 46534B5C 		.ascii	"FSK\\CrabsTransmit.cydsn\000"
 1646      43726162 
 1646      73547261 
 1646      6E736D69 
 1646      742E6379 
 1647              	.LASF2:
 1648 01a4 73686F72 		.ascii	"short int\000"
 1648      7420696E 
 1648      7400
 1649              	.LASF4:
 1650 01ae 6C6F6E67 		.ascii	"long int\000"
 1650      20696E74 
 1650      00
 1651              	.LASF0:
 1652 01b7 7369676E 		.ascii	"signed char\000"
 1652      65642063 
 1652      68617200 
 1653              	.LASF18:
 1654 01c3 47656E65 		.ascii	"Generated_Source\\PSoC5\\cymetadata.c\000"
 1654      72617465 
 1654      645F536F 
 1654      75726365 
 1654      5C50536F 
 1655              		.ident	"GCC: (GNU Tools for ARM Embedded Processors) 5.4.1 20160609 (release) [ARM/embedded-5-bran
