ARM GAS  C:\Users\sdysart\AppData\Local\Temp\ccoIEGKB.s 			page 1


   1              		.syntax unified
   2              		.cpu cortex-m3
   3              		.fpu softvfp
   4              		.eabi_attribute 20, 1
   5              		.eabi_attribute 21, 1
   6              		.eabi_attribute 23, 3
   7              		.eabi_attribute 24, 1
   8              		.eabi_attribute 25, 1
   9              		.eabi_attribute 26, 1
  10              		.eabi_attribute 30, 1
  11              		.eabi_attribute 34, 1
  12              		.eabi_attribute 18, 4
  13              		.thumb
  14              		.syntax unified
  15              		.file	"main.c"
  16              		.text
  17              	.Ltext0:
  18              		.cfi_sections	.debug_frame
  19              		.section	.text.RxIsr,"ax",%progbits
  20              		.align	2
  21              		.global	RxIsr
  22              		.thumb
  23              		.thumb_func
  24              		.type	RxIsr, %function
  25              	RxIsr:
  26              	.LFB64:
  27              		.file 1 "main.c"
   1:main.c        **** /* ========================================
   2:main.c        ****  *
   3:main.c        ****  * Created by: Stephanie Salazar
   4:main.c        ****  * Created: 5/22/18
   5:main.c        ****  * Project: CrabsTransmit
   6:main.c        ****  * Description: Receives amount of crabs via UART and sends
   7:main.c        ****  * amount by 1 crab per CRAB_TIME
   8:main.c        ****  *
   9:main.c        ****  * ========================================
  10:main.c        **** */
  11:main.c        **** #include "project.h"
  12:main.c        **** #include <stdio.h>
  13:main.c        **** #include "common.h"
  14:main.c        **** #include "stdlib.h"
  15:main.c        **** 
  16:main.c        **** /* Character LCD String Length */
  17:main.c        **** #define LINE_STR_LENGTH     (20u)
  18:main.c        **** 
  19:main.c        **** /*Definitions*/
  20:main.c        **** #define CLOCK_FREQ 1000000
  21:main.c        **** #define FREQ(x) (CLOCK_FREQ/x)-1
  22:main.c        **** #define CRAB_TIME 50 //1 crab per CRAB_TIME
  23:main.c        **** #define TEST_VALUE 42
  24:main.c        **** 
  25:main.c        **** /*PWM Frequencies*/
  26:main.c        **** #define ONE_FREQ 42000
  27:main.c        **** #define ZERO_FREQ 37000
  28:main.c        **** #define AUDIBLE_FREQ 12000
  29:main.c        **** #define ONE 1
  30:main.c        **** #define ZERO 0
ARM GAS  C:\Users\sdysart\AppData\Local\Temp\ccoIEGKB.s 			page 2


  31:main.c        **** 
  32:main.c        **** /* Function Prototypes */
  33:main.c        **** CY_ISR_PROTO(isr_sec); // High F Interrupt
  34:main.c        **** CY_ISR_PROTO(sleep_interrupt);
  35:main.c        **** 
  36:main.c        **** /*Global Variables*/
  37:main.c        **** int stop = ONE;
  38:main.c        **** uint8 newDataflag = 0;
  39:main.c        **** uint8 errorStatus = 0u;
  40:main.c        **** uint8 rxData = 0;
  41:main.c        **** int crabs = 0; // How many crabs are in the trap?
  42:main.c        **** int dataCount = 0;
  43:main.c        **** 
  44:main.c        **** /*
  45:main.c        ****  * RxIsr interrupt
  46:main.c        ****  * Interrupt triggered when rx 
  47:main.c        ****  */
  48:main.c        **** CY_ISR(RxIsr)
  49:main.c        **** {
  28              		.loc 1 49 0
  29              		.cfi_startproc
  30              		@ args = 0, pretend = 0, frame = 0
  31              		@ frame_needed = 0, uses_anonymous_args = 0
  32              		@ link register save eliminated.
  33              	.L4:
  50:main.c        ****     uint8 rxStatus;  
  51:main.c        **** 
  52:main.c        ****     do
  53:main.c        ****     {
  54:main.c        ****         /* Read receiver status register */
  55:main.c        ****         rxStatus = UART_RXSTATUS_REG;
  34              		.loc 1 55 0
  35 0000 104B     		ldr	r3, .L5
  36 0002 1B78     		ldrb	r3, [r3]	@ zero_extendqisi2
  37 0004 DBB2     		uxtb	r3, r3
  38              	.LVL0:
  56:main.c        **** 
  57:main.c        ****         /* Check status for errors */
  58:main.c        ****         if((rxStatus & (UART_RX_STS_BREAK      | UART_RX_STS_PAR_ERROR |
  39              		.loc 1 58 0
  40 0006 13F01E0F 		tst	r3, #30
  41 000a 05D0     		beq	.L2
  59:main.c        ****                         UART_RX_STS_STOP_ERROR | UART_RX_STS_OVERRUN)) != 0u)
  60:main.c        ****         {
  61:main.c        ****             /* ERROR handling. */
  62:main.c        ****             errorStatus |= rxStatus & ( UART_RX_STS_BREAK      | UART_RX_STS_PAR_ERROR | 
  42              		.loc 1 62 0
  43 000c 0E48     		ldr	r0, .L5+4
  44 000e 03F01E02 		and	r2, r3, #30
  45 0012 0178     		ldrb	r1, [r0]	@ zero_extendqisi2
  46 0014 0A43     		orrs	r2, r2, r1
  47 0016 0270     		strb	r2, [r0]
  48              	.L2:
  49 0018 03F02003 		and	r3, r3, #32
  50              	.LVL1:
  63:main.c        ****                                         UART_RX_STS_STOP_ERROR | UART_RX_STS_OVERRUN);
  64:main.c        ****         }
ARM GAS  C:\Users\sdysart\AppData\Local\Temp\ccoIEGKB.s 			page 3


  65:main.c        ****         /* If receiver status is not empty */
  66:main.c        ****         if((rxStatus & UART_RX_STS_FIFO_NOTEMPTY) != 0u){
  51              		.loc 1 66 0
  52 001c 03F0FF02 		and	r2, r3, #255
  53 0020 6BB1     		cbz	r3, .L3
  67:main.c        ****             /* Read data from the RX data register */
  68:main.c        ****             rxData = UART_RXDATA_REG;
  54              		.loc 1 68 0
  55 0022 0A4B     		ldr	r3, .L5+8
  56 0024 1B78     		ldrb	r3, [r3]	@ zero_extendqisi2
  57 0026 DBB2     		uxtb	r3, r3
  58 0028 0749     		ldr	r1, .L5+4
  59 002a 4B70     		strb	r3, [r1, #1]
  69:main.c        ****             if(errorStatus == 0u){
  60              		.loc 1 69 0
  61 002c 0978     		ldrb	r1, [r1]	@ zero_extendqisi2
  62 002e 31B9     		cbnz	r1, .L3
  70:main.c        ****                 /* Send data backward */
  71:main.c        ****                 UART_TXDATA_REG = rxData;
  63              		.loc 1 71 0
  64 0030 0749     		ldr	r1, .L5+12
  65 0032 0B70     		strb	r3, [r1]
  72:main.c        ****                 crabs = rxData; // put data in variable to send
  66              		.loc 1 72 0
  67 0034 044B     		ldr	r3, .L5+4
  68 0036 5978     		ldrb	r1, [r3, #1]	@ zero_extendqisi2
  69 0038 5960     		str	r1, [r3, #4]
  73:main.c        ****                 newDataflag = 1; //Set flag true to send data
  70              		.loc 1 73 0
  71 003a 0121     		movs	r1, #1
  72 003c 1972     		strb	r1, [r3, #8]
  73              	.L3:
  74:main.c        ****             }
  75:main.c        ****         }
  76:main.c        ****         
  77:main.c        ****     }while((rxStatus & UART_RX_STS_FIFO_NOTEMPTY) != 0u); //read until empty
  74              		.loc 1 77 0
  75 003e 002A     		cmp	r2, #0
  76 0040 DED1     		bne	.L4
  78:main.c        **** }
  77              		.loc 1 78 0
  78 0042 7047     		bx	lr
  79              	.L6:
  80              		.align	2
  81              	.L5:
  82 0044 69640040 		.word	1073767529
  83 0048 00000000 		.word	.LANCHOR0
  84 004c 4A650040 		.word	1073767754
  85 0050 4B650040 		.word	1073767755
  86              		.cfi_endproc
  87              	.LFE64:
  88              		.size	RxIsr, .-RxIsr
  89              		.section	.text.isr_sec,"ax",%progbits
  90              		.align	2
  91              		.global	isr_sec
  92              		.thumb
  93              		.thumb_func
ARM GAS  C:\Users\sdysart\AppData\Local\Temp\ccoIEGKB.s 			page 4


  94              		.type	isr_sec, %function
  95              	isr_sec:
  96              	.LFB65:
  79:main.c        **** 
  80:main.c        **** /*
  81:main.c        ****  * isr_sec interrupt
  82:main.c        ****  * Interrupt triggered on a CRAB_TIME timer timeout
  83:main.c        ****  * This will turn PWM signal off
  84:main.c        ****  */
  85:main.c        **** CY_ISR(isr_sec)
  86:main.c        **** {
  97              		.loc 1 86 0
  98              		.cfi_startproc
  99              		@ args = 0, pretend = 0, frame = 0
 100              		@ frame_needed = 0, uses_anonymous_args = 0
 101              		@ link register save eliminated.
  87:main.c        **** #if(UART == ENABLED)
  88:main.c        ****     stop = ONE;
 102              		.loc 1 88 0
 103 0000 0122     		movs	r2, #1
 104 0002 014B     		ldr	r3, .L8
 105 0004 1A60     		str	r2, [r3]
 106 0006 7047     		bx	lr
 107              	.L9:
 108              		.align	2
 109              	.L8:
 110 0008 00000000 		.word	.LANCHOR1
 111              		.cfi_endproc
 112              	.LFE65:
 113              		.size	isr_sec, .-isr_sec
 114              		.section	.text.sleep_interrupt,"ax",%progbits
 115              		.align	2
 116              		.global	sleep_interrupt
 117              		.thumb
 118              		.thumb_func
 119              		.type	sleep_interrupt, %function
 120              	sleep_interrupt:
 121              	.LFB67:
  89:main.c        **** #else 
  90:main.c        ****     newDataflag = 1 ^ newDataflag;
  91:main.c        **** #endif /* UART == ENABLED */
  92:main.c        **** }//end CY_ISR(isr_sec)
  93:main.c        **** 
  94:main.c        **** /*
  95:main.c        ****  * isr_sec interrupt
  96:main.c        ****  * Interrupt triggered on a CRAB_TIME timer timeout
  97:main.c        ****  * This will turn PWM signal off
  98:main.c        ****  */
  99:main.c        **** CY_ISR(rx_test)
 100:main.c        **** {
 101:main.c        ****     HighVoltage_Write(1);
 102:main.c        **** }//end CY_ISR(rx_test)
 103:main.c        **** 
 104:main.c        **** /*
 105:main.c        ****  * WakeupIsr interrupt
 106:main.c        ****  * PSoC turns on and checks for signal
 107:main.c        ****  */
ARM GAS  C:\Users\sdysart\AppData\Local\Temp\ccoIEGKB.s 			page 5


 108:main.c        **** CY_ISR(sleep_interrupt)
 109:main.c        **** {
 122              		.loc 1 109 0
 123              		.cfi_startproc
 124              		@ args = 0, pretend = 0, frame = 0
 125              		@ frame_needed = 0, uses_anonymous_args = 0
 126 0000 08B5     		push	{r3, lr}
 127              		.cfi_def_cfa_offset 8
 128              		.cfi_offset 3, -8
 129              		.cfi_offset 14, -4
 110:main.c        ****     SleepTimer_GetStatus(); // Clears the sleep timer interrupt
 130              		.loc 1 110 0
 131 0002 FFF7FEFF 		bl	SleepTimer_GetStatus
 132              	.LVL2:
 133 0006 08BD     		pop	{r3, pc}
 134              		.cfi_endproc
 135              	.LFE67:
 136              		.size	sleep_interrupt, .-sleep_interrupt
 137              		.section	.text.rx_test,"ax",%progbits
 138              		.align	2
 139              		.global	rx_test
 140              		.thumb
 141              		.thumb_func
 142              		.type	rx_test, %function
 143              	rx_test:
 144              	.LFB66:
 100:main.c        ****     HighVoltage_Write(1);
 145              		.loc 1 100 0
 146              		.cfi_startproc
 147              		@ args = 0, pretend = 0, frame = 0
 148              		@ frame_needed = 0, uses_anonymous_args = 0
 149 0000 08B5     		push	{r3, lr}
 150              		.cfi_def_cfa_offset 8
 151              		.cfi_offset 3, -8
 152              		.cfi_offset 14, -4
 101:main.c        **** }//end CY_ISR(rx_test)
 153              		.loc 1 101 0
 154 0002 0120     		movs	r0, #1
 155 0004 FFF7FEFF 		bl	HighVoltage_Write
 156              	.LVL3:
 157 0008 08BD     		pop	{r3, pc}
 158              		.cfi_endproc
 159              	.LFE66:
 160              		.size	rx_test, .-rx_test
 161 000a 00BF     		.section	.text.main,"ax",%progbits
 162              		.align	2
 163              		.global	main
 164              		.thumb
 165              		.thumb_func
 166              		.type	main, %function
 167              	main:
 168              	.LFB68:
 111:main.c        **** } // end CY_ISR(WakeupIsr)
 112:main.c        ****     
 113:main.c        **** 
 114:main.c        **** /*
 115:main.c        ****  * function: main()
ARM GAS  C:\Users\sdysart\AppData\Local\Temp\ccoIEGKB.s 			page 6


 116:main.c        ****  * parameters: none
 117:main.c        ****  * returns: int (Should never return)
 118:main.c        ****  * description: toggles a pin off and on every four seconds and sends a 40k PWM
 119:main.c        ****  *      signal 
 120:main.c        ****  */
 121:main.c        **** int main(void)
 122:main.c        **** {
 169              		.loc 1 122 0
 170              		.cfi_startproc
 171              		@ Volatile: function does not return.
 172              		@ args = 0, pretend = 0, frame = 0
 173              		@ frame_needed = 0, uses_anonymous_args = 0
 174 0000 08B5     		push	{r3, lr}
 175              		.cfi_def_cfa_offset 8
 176              		.cfi_offset 3, -8
 177              		.cfi_offset 14, -4
 123:main.c        ****     CyGlobalIntEnable; /* Enable global interrupts. */
 178              		.loc 1 123 0
 179              		.syntax unified
 180              	@ 123 "main.c" 1
 181 0002 62B6     		CPSIE   i
 182              	@ 0 "" 2
 124:main.c        **** 
 125:main.c        **** 
 126:main.c        ****     /*Block initializations*/
 127:main.c        ****     //UART_Start();           /* Start communication component */
 128:main.c        ****     PWM_Modulator_Start();
 183              		.loc 1 128 0
 184              		.thumb
 185              		.syntax unified
 186 0004 FFF7FEFF 		bl	PWM_Modulator_Start
 187              	.LVL4:
 129:main.c        ****     PWM_Modulator_WritePeriod(FREQ(ONE_FREQ));
 188              		.loc 1 129 0
 189 0008 1620     		movs	r0, #22
 190 000a FFF7FEFF 		bl	PWM_Modulator_WritePeriod
 191              	.LVL5:
 130:main.c        ****     PWM_Modulator_WriteCompare((FREQ(ONE_FREQ))/2); // Sets pulse width
 192              		.loc 1 130 0
 193 000e 0B20     		movs	r0, #11
 194 0010 FFF7FEFF 		bl	PWM_Modulator_WriteCompare
 195              	.LVL6:
 131:main.c        ****     PWM_Switch_Timer_Start();
 196              		.loc 1 131 0
 197 0014 FFF7FEFF 		bl	PWM_Switch_Timer_Start
 198              	.LVL7:
 132:main.c        ****     PWM_Switch_Timer_WritePeriod(CRAB_TIME*42); 
 199              		.loc 1 132 0
 200 0018 40F63400 		movw	r0, #2100
 201 001c FFF7FEFF 		bl	PWM_Switch_Timer_WritePeriod
 202              	.LVL8:
 133:main.c        ****     sleep_interrupt_StartEx(sleep_interrupt);
 203              		.loc 1 133 0
 204 0020 2D48     		ldr	r0, .L20
 205 0022 FFF7FEFF 		bl	sleep_interrupt_StartEx
 206              	.LVL9:
 134:main.c        ****     SleepTimer_Start();
ARM GAS  C:\Users\sdysart\AppData\Local\Temp\ccoIEGKB.s 			page 7


 207              		.loc 1 134 0
 208 0026 FFF7FEFF 		bl	SleepTimer_Start
 209              	.LVL10:
 135:main.c        ****     // Testing PWMs
 136:main.c        ****     PWM_1_Start();
 210              		.loc 1 136 0
 211 002a FFF7FEFF 		bl	PWM_1_Start
 212              	.LVL11:
 137:main.c        ****     PWM_2_Start();
 213              		.loc 1 137 0
 214 002e FFF7FEFF 		bl	PWM_2_Start
 215              	.LVL12:
 138:main.c        ****     PWM_3_Start();
 216              		.loc 1 138 0
 217 0032 FFF7FEFF 		bl	PWM_3_Start
 218              	.LVL13:
 139:main.c        ****     
 140:main.c        ****     //Testing PWMS
 141:main.c        ****     // Set PWM to AUDIBLE_FREQ
 142:main.c        ****     PWM_1_WritePeriod(FREQ(AUDIBLE_FREQ));
 219              		.loc 1 142 0
 220 0036 5220     		movs	r0, #82
 221 0038 FFF7FEFF 		bl	PWM_1_WritePeriod
 222              	.LVL14:
 143:main.c        ****     PWM_1_WriteCompare((FREQ(AUDIBLE_FREQ))/2); // Sets pulse width to half
 223              		.loc 1 143 0
 224 003c 2920     		movs	r0, #41
 225 003e FFF7FEFF 		bl	PWM_1_WriteCompare
 226              	.LVL15:
 144:main.c        ****     
 145:main.c        ****     // Set PWM to ONE_FREQ
 146:main.c        ****     PWM_2_WritePeriod(FREQ(ONE_FREQ));
 227              		.loc 1 146 0
 228 0042 1620     		movs	r0, #22
 229 0044 FFF7FEFF 		bl	PWM_2_WritePeriod
 230              	.LVL16:
 147:main.c        ****     PWM_2_WriteCompare((FREQ(ONE_FREQ))/2); // Sets pulse width to half
 231              		.loc 1 147 0
 232 0048 0B20     		movs	r0, #11
 233 004a FFF7FEFF 		bl	PWM_2_WriteCompare
 234              	.LVL17:
 148:main.c        ****     
 149:main.c        ****     // Set PWM to ZERO_FREQ
 150:main.c        ****     PWM_3_WritePeriod(FREQ(ZERO_FREQ));
 235              		.loc 1 150 0
 236 004e 1A20     		movs	r0, #26
 237 0050 FFF7FEFF 		bl	PWM_3_WritePeriod
 238              	.LVL18:
 151:main.c        ****     PWM_3_WriteCompare((FREQ(ZERO_FREQ))/2); // Sets pulse width to half
 239              		.loc 1 151 0
 240 0054 0D20     		movs	r0, #13
 241 0056 FFF7FEFF 		bl	PWM_3_WriteCompare
 242              	.LVL19:
 152:main.c        ****     
 153:main.c        ****     /* Start interrupts */
 154:main.c        ****     isr_sec_StartEx(isr_sec);
 243              		.loc 1 154 0
ARM GAS  C:\Users\sdysart\AppData\Local\Temp\ccoIEGKB.s 			page 8


 244 005a 2048     		ldr	r0, .L20+4
 245 005c FFF7FEFF 		bl	isr_sec_StartEx
 246              	.LVL20:
 155:main.c        **** #if(INTERRUPT_CODE_ENABLED == ENABLED)
 156:main.c        ****     isr_rx_StartEx(RxIsr);
 247              		.loc 1 156 0
 248 0060 1F48     		ldr	r0, .L20+8
 249 0062 FFF7FEFF 		bl	isr_rx_StartEx
 250              	.LVL21:
 157:main.c        **** #endif /* INTERRUPT_CODE_ENABLED == ENABLED */
 158:main.c        **** 
 159:main.c        ****     // PSoC Sleep command. To adjust sleep time, change in the hardware
 160:main.c        ****     //  block. No sleep time parameters taken in PSoC5LP.
 161:main.c        ****     //  PM_SLEEP_TIME_NONE is a relic of PSoC3
 162:main.c        ****     CyPmSleep(PM_SLEEP_TIME_NONE, PM_SLEEP_SRC_CTW);
 251              		.loc 1 162 0
 252 0066 4FF40061 		mov	r1, #2048
 253 006a 0020     		movs	r0, #0
 254 006c FFF7FEFF 		bl	CyPmSleep
 255              	.LVL22:
 256              	.L15:
 163:main.c        **** 
 164:main.c        ****     for(;;)
 165:main.c        ****     {
 166:main.c        ****         if(errorStatus != 0u){
 257              		.loc 1 166 0
 258 0070 1C4B     		ldr	r3, .L20+12
 259 0072 1B78     		ldrb	r3, [r3]	@ zero_extendqisi2
 260 0074 13B1     		cbz	r3, .L16
 167:main.c        ****             /* Clear error status */
 168:main.c        ****             errorStatus = 0u;
 261              		.loc 1 168 0
 262 0076 0022     		movs	r2, #0
 263 0078 1A4B     		ldr	r3, .L20+12
 264 007a 1A70     		strb	r2, [r3]
 265              	.L16:
 169:main.c        ****         }
 170:main.c        ****         
 171:main.c        **** #if(UART == ENABLED)
 172:main.c        ****         /* If new data is received from UART */
 173:main.c        ****         if(newDataflag == 1){
 266              		.loc 1 173 0
 267 007c 194B     		ldr	r3, .L20+12
 268 007e 1B7A     		ldrb	r3, [r3, #8]	@ zero_extendqisi2
 269 0080 012B     		cmp	r3, #1
 270 0082 16D1     		bne	.L17
 174:main.c        ****             stop = ZERO;
 271              		.loc 1 174 0
 272 0084 0025     		movs	r5, #0
 273 0086 184B     		ldr	r3, .L20+16
 274 0088 1D60     		str	r5, [r3]
 175:main.c        ****             //HighVoltage_Write(1); //Turn boost converter on
 176:main.c        ****             /* Need to turn PWM and timer on again to send data */
 177:main.c        ****             PWM_Modulator_Wakeup();
 275              		.loc 1 177 0
 276 008a FFF7FEFF 		bl	PWM_Modulator_Wakeup
 277              	.LVL23:
ARM GAS  C:\Users\sdysart\AppData\Local\Temp\ccoIEGKB.s 			page 9


 178:main.c        ****             PWM_Switch_Timer_Wakeup();
 278              		.loc 1 178 0
 279 008e FFF7FEFF 		bl	PWM_Switch_Timer_Wakeup
 280              	.LVL24:
 179:main.c        ****             PWM_Modulator_Start();
 281              		.loc 1 179 0
 282 0092 FFF7FEFF 		bl	PWM_Modulator_Start
 283              	.LVL25:
 180:main.c        ****             PWM_Switch_Timer_Start();
 284              		.loc 1 180 0
 285 0096 FFF7FEFF 		bl	PWM_Switch_Timer_Start
 286              	.LVL26:
 181:main.c        ****             PWM_Switch_Timer_WritePeriod(CRAB_TIME*crabs); //send over amount of crabs (1 crab = CR
 287              		.loc 1 181 0
 288 009a 124C     		ldr	r4, .L20+12
 289 009c 6368     		ldr	r3, [r4, #4]
 290 009e 03EB8303 		add	r3, r3, r3, lsl #2
 291 00a2 03EB8303 		add	r3, r3, r3, lsl #2
 292 00a6 5800     		lsls	r0, r3, #1
 293 00a8 80B2     		uxth	r0, r0
 294 00aa FFF7FEFF 		bl	PWM_Switch_Timer_WritePeriod
 295              	.LVL27:
 182:main.c        ****             newDataflag = 0; // Reset flag to 0, no new data
 296              		.loc 1 182 0
 297 00ae 2572     		strb	r5, [r4, #8]
 298 00b0 DEE7     		b	.L15
 299              	.L17:
 183:main.c        ****         /* If timer is done sending crabs */
 184:main.c        ****         }else if(stop == ONE){
 300              		.loc 1 184 0
 301 00b2 0D4B     		ldr	r3, .L20+16
 302 00b4 1B68     		ldr	r3, [r3]
 303 00b6 012B     		cmp	r3, #1
 304 00b8 DAD1     		bne	.L15
 185:main.c        ****             PWM_Modulator_Stop(); //Turn PWM off
 305              		.loc 1 185 0
 306 00ba FFF7FEFF 		bl	PWM_Modulator_Stop
 307              	.LVL28:
 186:main.c        ****             PWM_Switch_Timer_Stop(); //Turn timer off until new data
 308              		.loc 1 186 0
 309 00be FFF7FEFF 		bl	PWM_Switch_Timer_Stop
 310              	.LVL29:
 187:main.c        ****             PWM_Modulator_Sleep(); //Turn PWM off
 311              		.loc 1 187 0
 312 00c2 FFF7FEFF 		bl	PWM_Modulator_Sleep
 313              	.LVL30:
 188:main.c        ****             PWM_Switch_Timer_Sleep(); //Turn timer off until new data
 314              		.loc 1 188 0
 315 00c6 FFF7FEFF 		bl	PWM_Switch_Timer_Sleep
 316              	.LVL31:
 189:main.c        ****             //HighVoltage_Write(0); //Turn boost converter off
 190:main.c        ****             CyPmSleep(PM_SLEEP_TIME_NONE, PM_SLEEP_SRC_CTW); //Back to sleep mode
 317              		.loc 1 190 0
 318 00ca 4FF40061 		mov	r1, #2048
 319 00ce 0020     		movs	r0, #0
 320 00d0 FFF7FEFF 		bl	CyPmSleep
 321              	.LVL32:
ARM GAS  C:\Users\sdysart\AppData\Local\Temp\ccoIEGKB.s 			page 10


 322 00d4 CCE7     		b	.L15
 323              	.L21:
 324 00d6 00BF     		.align	2
 325              	.L20:
 326 00d8 00000000 		.word	sleep_interrupt
 327 00dc 00000000 		.word	isr_sec
 328 00e0 00000000 		.word	RxIsr
 329 00e4 00000000 		.word	.LANCHOR0
 330 00e8 00000000 		.word	.LANCHOR1
 331              		.cfi_endproc
 332              	.LFE68:
 333              		.size	main, .-main
 334              		.global	dataCount
 335              		.global	crabs
 336              		.global	rxData
 337              		.global	errorStatus
 338              		.global	newDataflag
 339              		.global	stop
 340              		.data
 341              		.align	2
 342              		.set	.LANCHOR1,. + 0
 343              		.type	stop, %object
 344              		.size	stop, 4
 345              	stop:
 346 0000 01000000 		.word	1
 347              		.bss
 348              		.align	2
 349              		.set	.LANCHOR0,. + 0
 350              		.type	errorStatus, %object
 351              		.size	errorStatus, 1
 352              	errorStatus:
 353 0000 00       		.space	1
 354              		.type	rxData, %object
 355              		.size	rxData, 1
 356              	rxData:
 357 0001 00       		.space	1
 358 0002 0000     		.space	2
 359              		.type	crabs, %object
 360              		.size	crabs, 4
 361              	crabs:
 362 0004 00000000 		.space	4
 363              		.type	newDataflag, %object
 364              		.size	newDataflag, 1
 365              	newDataflag:
 366 0008 00       		.space	1
 367 0009 000000   		.space	3
 368              		.type	dataCount, %object
 369              		.size	dataCount, 4
 370              	dataCount:
 371 000c 00000000 		.space	4
 372              		.text
 373              	.Letext0:
 374              		.file 2 "c:\\program files (x86)\\cypress\\psoc creator\\4.1\\psoc creator\\import\\gnu\\arm\\5.4.
 375              		.file 3 "c:\\program files (x86)\\cypress\\psoc creator\\4.1\\psoc creator\\import\\gnu\\arm\\5.4.
 376              		.file 4 "Generated_Source\\PSoC5/cytypes.h"
 377              		.file 5 "Generated_Source\\PSoC5/core_cm3.h"
 378              		.file 6 "Generated_Source\\PSoC5/SleepTimer.h"
ARM GAS  C:\Users\sdysart\AppData\Local\Temp\ccoIEGKB.s 			page 11


 379              		.file 7 "Generated_Source\\PSoC5/HighVoltage.h"
 380              		.file 8 "Generated_Source\\PSoC5/PWM_Modulator.h"
 381              		.file 9 "Generated_Source\\PSoC5/PWM_Switch_Timer.h"
 382              		.file 10 "Generated_Source\\PSoC5/sleep_interrupt.h"
 383              		.file 11 "Generated_Source\\PSoC5/PWM_1.h"
 384              		.file 12 "Generated_Source\\PSoC5/PWM_2.h"
 385              		.file 13 "Generated_Source\\PSoC5/PWM_3.h"
 386              		.file 14 "Generated_Source\\PSoC5/isr_sec.h"
 387              		.file 15 "Generated_Source\\PSoC5/isr_rx.h"
 388              		.file 16 "Generated_Source\\PSoC5/cyPm.h"
 389              		.section	.debug_info,"",%progbits
 390              	.Ldebug_info0:
 391 0000 9D040000 		.4byte	0x49d
 392 0004 0400     		.2byte	0x4
 393 0006 00000000 		.4byte	.Ldebug_abbrev0
 394 000a 04       		.byte	0x4
 395 000b 01       		.uleb128 0x1
 396 000c 4E020000 		.4byte	.LASF55
 397 0010 0C       		.byte	0xc
 398 0011 12030000 		.4byte	.LASF56
 399 0015 3F030000 		.4byte	.LASF57
 400 0019 00000000 		.4byte	.Ldebug_ranges0+0
 401 001d 00000000 		.4byte	0
 402 0021 00000000 		.4byte	.Ldebug_line0
 403 0025 02       		.uleb128 0x2
 404 0026 01       		.byte	0x1
 405 0027 06       		.byte	0x6
 406 0028 E5030000 		.4byte	.LASF0
 407 002c 02       		.uleb128 0x2
 408 002d 01       		.byte	0x1
 409 002e 08       		.byte	0x8
 410 002f FF000000 		.4byte	.LASF1
 411 0033 02       		.uleb128 0x2
 412 0034 02       		.byte	0x2
 413 0035 05       		.byte	0x5
 414 0036 84030000 		.4byte	.LASF2
 415 003a 02       		.uleb128 0x2
 416 003b 02       		.byte	0x2
 417 003c 07       		.byte	0x7
 418 003d 4C000000 		.4byte	.LASF3
 419 0041 03       		.uleb128 0x3
 420 0042 30000000 		.4byte	.LASF9
 421 0046 02       		.byte	0x2
 422 0047 3F       		.byte	0x3f
 423 0048 4C000000 		.4byte	0x4c
 424 004c 02       		.uleb128 0x2
 425 004d 04       		.byte	0x4
 426 004e 05       		.byte	0x5
 427 004f A6030000 		.4byte	.LASF4
 428 0053 02       		.uleb128 0x2
 429 0054 04       		.byte	0x4
 430 0055 07       		.byte	0x7
 431 0056 38010000 		.4byte	.LASF5
 432 005a 02       		.uleb128 0x2
 433 005b 08       		.byte	0x8
 434 005c 05       		.byte	0x5
 435 005d 00000000 		.4byte	.LASF6
ARM GAS  C:\Users\sdysart\AppData\Local\Temp\ccoIEGKB.s 			page 12


 436 0061 02       		.uleb128 0x2
 437 0062 08       		.byte	0x8
 438 0063 07       		.byte	0x7
 439 0064 D3000000 		.4byte	.LASF7
 440 0068 04       		.uleb128 0x4
 441 0069 04       		.byte	0x4
 442 006a 05       		.byte	0x5
 443 006b 696E7400 		.ascii	"int\000"
 444 006f 02       		.uleb128 0x2
 445 0070 04       		.byte	0x4
 446 0071 07       		.byte	0x7
 447 0072 19020000 		.4byte	.LASF8
 448 0076 03       		.uleb128 0x3
 449 0077 DC020000 		.4byte	.LASF10
 450 007b 03       		.byte	0x3
 451 007c 2C       		.byte	0x2c
 452 007d 41000000 		.4byte	0x41
 453 0081 05       		.uleb128 0x5
 454 0082 91000000 		.4byte	.LASF11
 455 0086 04       		.byte	0x4
 456 0087 9201     		.2byte	0x192
 457 0089 2C000000 		.4byte	0x2c
 458 008d 02       		.uleb128 0x2
 459 008e 04       		.byte	0x4
 460 008f 04       		.byte	0x4
 461 0090 CD000000 		.4byte	.LASF12
 462 0094 02       		.uleb128 0x2
 463 0095 08       		.byte	0x8
 464 0096 04       		.byte	0x4
 465 0097 B5010000 		.4byte	.LASF13
 466 009b 02       		.uleb128 0x2
 467 009c 01       		.byte	0x1
 468 009d 08       		.byte	0x8
 469 009e 19030000 		.4byte	.LASF14
 470 00a2 05       		.uleb128 0x5
 471 00a3 1F010000 		.4byte	.LASF15
 472 00a7 04       		.byte	0x4
 473 00a8 3C02     		.2byte	0x23c
 474 00aa AE000000 		.4byte	0xae
 475 00ae 06       		.uleb128 0x6
 476 00af 81000000 		.4byte	0x81
 477 00b3 02       		.uleb128 0x2
 478 00b4 08       		.byte	0x8
 479 00b5 04       		.byte	0x4
 480 00b6 C6030000 		.4byte	.LASF16
 481 00ba 02       		.uleb128 0x2
 482 00bb 04       		.byte	0x4
 483 00bc 07       		.byte	0x7
 484 00bd E4020000 		.4byte	.LASF17
 485 00c1 07       		.uleb128 0x7
 486 00c2 C7000000 		.4byte	.LASF18
 487 00c6 01       		.byte	0x1
 488 00c7 30       		.byte	0x30
 489 00c8 00000000 		.4byte	.LFB64
 490 00cc 54000000 		.4byte	.LFE64-.LFB64
 491 00d0 01       		.uleb128 0x1
 492 00d1 9C       		.byte	0x9c
ARM GAS  C:\Users\sdysart\AppData\Local\Temp\ccoIEGKB.s 			page 13


 493 00d2 E6000000 		.4byte	0xe6
 494 00d6 08       		.uleb128 0x8
 495 00d7 06040000 		.4byte	.LASF58
 496 00db 01       		.byte	0x1
 497 00dc 32       		.byte	0x32
 498 00dd 81000000 		.4byte	0x81
 499 00e1 00000000 		.4byte	.LLST0
 500 00e5 00       		.byte	0
 501 00e6 09       		.uleb128 0x9
 502 00e7 41020000 		.4byte	.LASF59
 503 00eb 01       		.byte	0x1
 504 00ec 55       		.byte	0x55
 505 00ed 00000000 		.4byte	.LFB65
 506 00f1 0C000000 		.4byte	.LFE65-.LFB65
 507 00f5 01       		.uleb128 0x1
 508 00f6 9C       		.byte	0x9c
 509 00f7 07       		.uleb128 0x7
 510 00f8 5F000000 		.4byte	.LASF19
 511 00fc 01       		.byte	0x1
 512 00fd 6C       		.byte	0x6c
 513 00fe 00000000 		.4byte	.LFB67
 514 0102 08000000 		.4byte	.LFE67-.LFB67
 515 0106 01       		.uleb128 0x1
 516 0107 9C       		.byte	0x9c
 517 0108 16010000 		.4byte	0x116
 518 010c 0A       		.uleb128 0xa
 519 010d 06000000 		.4byte	.LVL2
 520 0111 77030000 		.4byte	0x377
 521 0115 00       		.byte	0
 522 0116 07       		.uleb128 0x7
 523 0117 CE010000 		.4byte	.LASF20
 524 011b 01       		.byte	0x1
 525 011c 63       		.byte	0x63
 526 011d 00000000 		.4byte	.LFB66
 527 0121 0A000000 		.4byte	.LFE66-.LFB66
 528 0125 01       		.uleb128 0x1
 529 0126 9C       		.byte	0x9c
 530 0127 3B010000 		.4byte	0x13b
 531 012b 0B       		.uleb128 0xb
 532 012c 08000000 		.4byte	.LVL3
 533 0130 82030000 		.4byte	0x382
 534 0134 0C       		.uleb128 0xc
 535 0135 01       		.uleb128 0x1
 536 0136 50       		.byte	0x50
 537 0137 01       		.uleb128 0x1
 538 0138 31       		.byte	0x31
 539 0139 00       		.byte	0
 540 013a 00       		.byte	0
 541 013b 0D       		.uleb128 0xd
 542 013c 49020000 		.4byte	.LASF60
 543 0140 01       		.byte	0x1
 544 0141 79       		.byte	0x79
 545 0142 68000000 		.4byte	0x68
 546 0146 00000000 		.4byte	.LFB68
 547 014a EC000000 		.4byte	.LFE68-.LFB68
 548 014e 01       		.uleb128 0x1
 549 014f 9C       		.byte	0x9c
ARM GAS  C:\Users\sdysart\AppData\Local\Temp\ccoIEGKB.s 			page 14


 550 0150 00030000 		.4byte	0x300
 551 0154 0A       		.uleb128 0xa
 552 0155 08000000 		.4byte	.LVL4
 553 0159 8D030000 		.4byte	0x38d
 554 015d 0E       		.uleb128 0xe
 555 015e 0E000000 		.4byte	.LVL5
 556 0162 98030000 		.4byte	0x398
 557 0166 70010000 		.4byte	0x170
 558 016a 0C       		.uleb128 0xc
 559 016b 01       		.uleb128 0x1
 560 016c 50       		.byte	0x50
 561 016d 01       		.uleb128 0x1
 562 016e 46       		.byte	0x46
 563 016f 00       		.byte	0
 564 0170 0E       		.uleb128 0xe
 565 0171 14000000 		.4byte	.LVL6
 566 0175 A3030000 		.4byte	0x3a3
 567 0179 83010000 		.4byte	0x183
 568 017d 0C       		.uleb128 0xc
 569 017e 01       		.uleb128 0x1
 570 017f 50       		.byte	0x50
 571 0180 01       		.uleb128 0x1
 572 0181 3B       		.byte	0x3b
 573 0182 00       		.byte	0
 574 0183 0A       		.uleb128 0xa
 575 0184 18000000 		.4byte	.LVL7
 576 0188 AE030000 		.4byte	0x3ae
 577 018c 0E       		.uleb128 0xe
 578 018d 20000000 		.4byte	.LVL8
 579 0191 B9030000 		.4byte	0x3b9
 580 0195 A1010000 		.4byte	0x1a1
 581 0199 0C       		.uleb128 0xc
 582 019a 01       		.uleb128 0x1
 583 019b 50       		.byte	0x50
 584 019c 03       		.uleb128 0x3
 585 019d 0A       		.byte	0xa
 586 019e 3408     		.2byte	0x834
 587 01a0 00       		.byte	0
 588 01a1 0E       		.uleb128 0xe
 589 01a2 26000000 		.4byte	.LVL9
 590 01a6 C4030000 		.4byte	0x3c4
 591 01aa B8010000 		.4byte	0x1b8
 592 01ae 0C       		.uleb128 0xc
 593 01af 01       		.uleb128 0x1
 594 01b0 50       		.byte	0x50
 595 01b1 05       		.uleb128 0x5
 596 01b2 03       		.byte	0x3
 597 01b3 00000000 		.4byte	sleep_interrupt
 598 01b7 00       		.byte	0
 599 01b8 0A       		.uleb128 0xa
 600 01b9 2A000000 		.4byte	.LVL10
 601 01bd CF030000 		.4byte	0x3cf
 602 01c1 0A       		.uleb128 0xa
 603 01c2 2E000000 		.4byte	.LVL11
 604 01c6 DA030000 		.4byte	0x3da
 605 01ca 0A       		.uleb128 0xa
 606 01cb 32000000 		.4byte	.LVL12
ARM GAS  C:\Users\sdysart\AppData\Local\Temp\ccoIEGKB.s 			page 15


 607 01cf E5030000 		.4byte	0x3e5
 608 01d3 0A       		.uleb128 0xa
 609 01d4 36000000 		.4byte	.LVL13
 610 01d8 F0030000 		.4byte	0x3f0
 611 01dc 0E       		.uleb128 0xe
 612 01dd 3C000000 		.4byte	.LVL14
 613 01e1 FB030000 		.4byte	0x3fb
 614 01e5 F0010000 		.4byte	0x1f0
 615 01e9 0C       		.uleb128 0xc
 616 01ea 01       		.uleb128 0x1
 617 01eb 50       		.byte	0x50
 618 01ec 02       		.uleb128 0x2
 619 01ed 08       		.byte	0x8
 620 01ee 52       		.byte	0x52
 621 01ef 00       		.byte	0
 622 01f0 0E       		.uleb128 0xe
 623 01f1 42000000 		.4byte	.LVL15
 624 01f5 06040000 		.4byte	0x406
 625 01f9 04020000 		.4byte	0x204
 626 01fd 0C       		.uleb128 0xc
 627 01fe 01       		.uleb128 0x1
 628 01ff 50       		.byte	0x50
 629 0200 02       		.uleb128 0x2
 630 0201 08       		.byte	0x8
 631 0202 29       		.byte	0x29
 632 0203 00       		.byte	0
 633 0204 0E       		.uleb128 0xe
 634 0205 48000000 		.4byte	.LVL16
 635 0209 11040000 		.4byte	0x411
 636 020d 17020000 		.4byte	0x217
 637 0211 0C       		.uleb128 0xc
 638 0212 01       		.uleb128 0x1
 639 0213 50       		.byte	0x50
 640 0214 01       		.uleb128 0x1
 641 0215 46       		.byte	0x46
 642 0216 00       		.byte	0
 643 0217 0E       		.uleb128 0xe
 644 0218 4E000000 		.4byte	.LVL17
 645 021c 1C040000 		.4byte	0x41c
 646 0220 2A020000 		.4byte	0x22a
 647 0224 0C       		.uleb128 0xc
 648 0225 01       		.uleb128 0x1
 649 0226 50       		.byte	0x50
 650 0227 01       		.uleb128 0x1
 651 0228 3B       		.byte	0x3b
 652 0229 00       		.byte	0
 653 022a 0E       		.uleb128 0xe
 654 022b 54000000 		.4byte	.LVL18
 655 022f 27040000 		.4byte	0x427
 656 0233 3D020000 		.4byte	0x23d
 657 0237 0C       		.uleb128 0xc
 658 0238 01       		.uleb128 0x1
 659 0239 50       		.byte	0x50
 660 023a 01       		.uleb128 0x1
 661 023b 4A       		.byte	0x4a
 662 023c 00       		.byte	0
 663 023d 0E       		.uleb128 0xe
ARM GAS  C:\Users\sdysart\AppData\Local\Temp\ccoIEGKB.s 			page 16


 664 023e 5A000000 		.4byte	.LVL19
 665 0242 32040000 		.4byte	0x432
 666 0246 50020000 		.4byte	0x250
 667 024a 0C       		.uleb128 0xc
 668 024b 01       		.uleb128 0x1
 669 024c 50       		.byte	0x50
 670 024d 01       		.uleb128 0x1
 671 024e 3D       		.byte	0x3d
 672 024f 00       		.byte	0
 673 0250 0E       		.uleb128 0xe
 674 0251 60000000 		.4byte	.LVL20
 675 0255 3D040000 		.4byte	0x43d
 676 0259 67020000 		.4byte	0x267
 677 025d 0C       		.uleb128 0xc
 678 025e 01       		.uleb128 0x1
 679 025f 50       		.byte	0x50
 680 0260 05       		.uleb128 0x5
 681 0261 03       		.byte	0x3
 682 0262 00000000 		.4byte	isr_sec
 683 0266 00       		.byte	0
 684 0267 0E       		.uleb128 0xe
 685 0268 66000000 		.4byte	.LVL21
 686 026c 48040000 		.4byte	0x448
 687 0270 7E020000 		.4byte	0x27e
 688 0274 0C       		.uleb128 0xc
 689 0275 01       		.uleb128 0x1
 690 0276 50       		.byte	0x50
 691 0277 05       		.uleb128 0x5
 692 0278 03       		.byte	0x3
 693 0279 00000000 		.4byte	RxIsr
 694 027d 00       		.byte	0
 695 027e 0E       		.uleb128 0xe
 696 027f 70000000 		.4byte	.LVL22
 697 0283 53040000 		.4byte	0x453
 698 0287 98020000 		.4byte	0x298
 699 028b 0C       		.uleb128 0xc
 700 028c 01       		.uleb128 0x1
 701 028d 50       		.byte	0x50
 702 028e 01       		.uleb128 0x1
 703 028f 30       		.byte	0x30
 704 0290 0C       		.uleb128 0xc
 705 0291 01       		.uleb128 0x1
 706 0292 51       		.byte	0x51
 707 0293 03       		.uleb128 0x3
 708 0294 0A       		.byte	0xa
 709 0295 0008     		.2byte	0x800
 710 0297 00       		.byte	0
 711 0298 0A       		.uleb128 0xa
 712 0299 8E000000 		.4byte	.LVL23
 713 029d 5E040000 		.4byte	0x45e
 714 02a1 0A       		.uleb128 0xa
 715 02a2 92000000 		.4byte	.LVL24
 716 02a6 69040000 		.4byte	0x469
 717 02aa 0A       		.uleb128 0xa
 718 02ab 96000000 		.4byte	.LVL25
 719 02af 8D030000 		.4byte	0x38d
 720 02b3 0A       		.uleb128 0xa
ARM GAS  C:\Users\sdysart\AppData\Local\Temp\ccoIEGKB.s 			page 17


 721 02b4 9A000000 		.4byte	.LVL26
 722 02b8 AE030000 		.4byte	0x3ae
 723 02bc 0A       		.uleb128 0xa
 724 02bd AE000000 		.4byte	.LVL27
 725 02c1 B9030000 		.4byte	0x3b9
 726 02c5 0A       		.uleb128 0xa
 727 02c6 BE000000 		.4byte	.LVL28
 728 02ca 74040000 		.4byte	0x474
 729 02ce 0A       		.uleb128 0xa
 730 02cf C2000000 		.4byte	.LVL29
 731 02d3 7F040000 		.4byte	0x47f
 732 02d7 0A       		.uleb128 0xa
 733 02d8 C6000000 		.4byte	.LVL30
 734 02dc 8A040000 		.4byte	0x48a
 735 02e0 0A       		.uleb128 0xa
 736 02e1 CA000000 		.4byte	.LVL31
 737 02e5 95040000 		.4byte	0x495
 738 02e9 0B       		.uleb128 0xb
 739 02ea D4000000 		.4byte	.LVL32
 740 02ee 53040000 		.4byte	0x453
 741 02f2 0C       		.uleb128 0xc
 742 02f3 01       		.uleb128 0x1
 743 02f4 50       		.byte	0x50
 744 02f5 01       		.uleb128 0x1
 745 02f6 30       		.byte	0x30
 746 02f7 0C       		.uleb128 0xc
 747 02f8 01       		.uleb128 0x1
 748 02f9 51       		.byte	0x51
 749 02fa 03       		.uleb128 0x3
 750 02fb 0A       		.byte	0xa
 751 02fc 0008     		.2byte	0x800
 752 02fe 00       		.byte	0
 753 02ff 00       		.byte	0
 754 0300 0F       		.uleb128 0xf
 755 0301 EC010000 		.4byte	.LASF21
 756 0305 05       		.byte	0x5
 757 0306 1207     		.2byte	0x712
 758 0308 0C030000 		.4byte	0x30c
 759 030c 06       		.uleb128 0x6
 760 030d 76000000 		.4byte	0x76
 761 0311 10       		.uleb128 0x10
 762 0312 6E010000 		.4byte	.LASF22
 763 0316 01       		.byte	0x1
 764 0317 25       		.byte	0x25
 765 0318 68000000 		.4byte	0x68
 766 031c 05       		.uleb128 0x5
 767 031d 03       		.byte	0x3
 768 031e 00000000 		.4byte	stop
 769 0322 10       		.uleb128 0x10
 770 0323 D6010000 		.4byte	.LASF23
 771 0327 01       		.byte	0x1
 772 0328 26       		.byte	0x26
 773 0329 81000000 		.4byte	0x81
 774 032d 05       		.uleb128 0x5
 775 032e 03       		.byte	0x3
 776 032f 00000000 		.4byte	newDataflag
 777 0333 10       		.uleb128 0x10
ARM GAS  C:\Users\sdysart\AppData\Local\Temp\ccoIEGKB.s 			page 18


 778 0334 6F000000 		.4byte	.LASF24
 779 0338 01       		.byte	0x1
 780 0339 27       		.byte	0x27
 781 033a 81000000 		.4byte	0x81
 782 033e 05       		.uleb128 0x5
 783 033f 03       		.byte	0x3
 784 0340 00000000 		.4byte	errorStatus
 785 0344 10       		.uleb128 0x10
 786 0345 73010000 		.4byte	.LASF25
 787 0349 01       		.byte	0x1
 788 034a 28       		.byte	0x28
 789 034b 81000000 		.4byte	0x81
 790 034f 05       		.uleb128 0x5
 791 0350 03       		.byte	0x3
 792 0351 00000000 		.4byte	rxData
 793 0355 10       		.uleb128 0x10
 794 0356 C8010000 		.4byte	.LASF26
 795 035a 01       		.byte	0x1
 796 035b 29       		.byte	0x29
 797 035c 68000000 		.4byte	0x68
 798 0360 05       		.uleb128 0x5
 799 0361 03       		.byte	0x3
 800 0362 00000000 		.4byte	crabs
 801 0366 10       		.uleb128 0x10
 802 0367 1E030000 		.4byte	.LASF27
 803 036b 01       		.byte	0x1
 804 036c 2A       		.byte	0x2a
 805 036d 68000000 		.4byte	0x68
 806 0371 05       		.uleb128 0x5
 807 0372 03       		.byte	0x3
 808 0373 00000000 		.4byte	dataCount
 809 0377 11       		.uleb128 0x11
 810 0378 EA000000 		.4byte	.LASF28
 811 037c EA000000 		.4byte	.LASF28
 812 0380 06       		.byte	0x6
 813 0381 2B       		.byte	0x2b
 814 0382 11       		.uleb128 0x11
 815 0383 00030000 		.4byte	.LASF29
 816 0387 00030000 		.4byte	.LASF29
 817 038b 07       		.byte	0x7
 818 038c 26       		.byte	0x26
 819 038d 11       		.uleb128 0x11
 820 038e F9010000 		.4byte	.LASF30
 821 0392 F9010000 		.4byte	.LASF30
 822 0396 08       		.byte	0x8
 823 0397 92       		.byte	0x92
 824 0398 11       		.uleb128 0x11
 825 0399 7A010000 		.4byte	.LASF31
 826 039d 7A010000 		.4byte	.LASF31
 827 03a1 08       		.byte	0x8
 828 03a2 BE       		.byte	0xbe
 829 03a3 11       		.uleb128 0x11
 830 03a4 26020000 		.4byte	.LASF32
 831 03a8 26020000 		.4byte	.LASF32
 832 03ac 08       		.byte	0x8
 833 03ad C3       		.byte	0xc3
 834 03ae 11       		.uleb128 0x11
ARM GAS  C:\Users\sdysart\AppData\Local\Temp\ccoIEGKB.s 			page 19


 835 03af 28030000 		.4byte	.LASF33
 836 03b3 28030000 		.4byte	.LASF33
 837 03b7 09       		.byte	0x9
 838 03b8 5A       		.byte	0x5a
 839 03b9 11       		.uleb128 0x11
 840 03ba AA000000 		.4byte	.LASF34
 841 03be AA000000 		.4byte	.LASF34
 842 03c2 09       		.byte	0x9
 843 03c3 68       		.byte	0x68
 844 03c4 11       		.uleb128 0x11
 845 03c5 56010000 		.4byte	.LASF35
 846 03c9 56010000 		.4byte	.LASF35
 847 03cd 0A       		.byte	0xa
 848 03ce 18       		.byte	0x18
 849 03cf 11       		.uleb128 0x11
 850 03d0 94010000 		.4byte	.LASF36
 851 03d4 94010000 		.4byte	.LASF36
 852 03d8 06       		.byte	0x6
 853 03d9 24       		.byte	0x24
 854 03da 11       		.uleb128 0x11
 855 03db 4A010000 		.4byte	.LASF37
 856 03df 4A010000 		.4byte	.LASF37
 857 03e3 0B       		.byte	0xb
 858 03e4 92       		.byte	0x92
 859 03e5 11       		.uleb128 0x11
 860 03e6 BC010000 		.4byte	.LASF38
 861 03ea BC010000 		.4byte	.LASF38
 862 03ee 0C       		.byte	0xc
 863 03ef 92       		.byte	0x92
 864 03f0 11       		.uleb128 0x11
 865 03f1 0D020000 		.4byte	.LASF39
 866 03f5 0D020000 		.4byte	.LASF39
 867 03f9 0D       		.byte	0xd
 868 03fa 92       		.byte	0x92
 869 03fb 11       		.uleb128 0x11
 870 03fc 0F040000 		.4byte	.LASF40
 871 0400 0F040000 		.4byte	.LASF40
 872 0404 0B       		.byte	0xb
 873 0405 BE       		.byte	0xbe
 874 0406 11       		.uleb128 0x11
 875 0407 ED020000 		.4byte	.LASF41
 876 040b ED020000 		.4byte	.LASF41
 877 040f 0B       		.byte	0xb
 878 0410 C3       		.byte	0xc3
 879 0411 11       		.uleb128 0x11
 880 0412 3A000000 		.4byte	.LASF42
 881 0416 3A000000 		.4byte	.LASF42
 882 041a 0C       		.byte	0xc
 883 041b BE       		.byte	0xbe
 884 041c 11       		.uleb128 0x11
 885 041d 97000000 		.4byte	.LASF43
 886 0421 97000000 		.4byte	.LASF43
 887 0425 0C       		.byte	0xc
 888 0426 C3       		.byte	0xc3
 889 0427 11       		.uleb128 0x11
 890 0428 0D010000 		.4byte	.LASF44
 891 042c 0D010000 		.4byte	.LASF44
ARM GAS  C:\Users\sdysart\AppData\Local\Temp\ccoIEGKB.s 			page 20


 892 0430 0D       		.byte	0xd
 893 0431 BE       		.byte	0xbe
 894 0432 11       		.uleb128 0x11
 895 0433 D2030000 		.4byte	.LASF45
 896 0437 D2030000 		.4byte	.LASF45
 897 043b 0D       		.byte	0xd
 898 043c C3       		.byte	0xc3
 899 043d 11       		.uleb128 0x11
 900 043e A5010000 		.4byte	.LASF46
 901 0442 A5010000 		.4byte	.LASF46
 902 0446 0E       		.byte	0xe
 903 0447 18       		.byte	0x18
 904 0448 11       		.uleb128 0x11
 905 0449 0E000000 		.4byte	.LASF47
 906 044d 0E000000 		.4byte	.LASF47
 907 0451 0F       		.byte	0xf
 908 0452 18       		.byte	0x18
 909 0453 11       		.uleb128 0x11
 910 0454 E2010000 		.4byte	.LASF48
 911 0458 E2010000 		.4byte	.LASF48
 912 045c 10       		.byte	0x10
 913 045d 22       		.byte	0x22
 914 045e 11       		.uleb128 0x11
 915 045f F1030000 		.4byte	.LASF49
 916 0463 F1030000 		.4byte	.LASF49
 917 0467 08       		.byte	0x8
 918 0468 DD       		.byte	0xdd
 919 0469 11       		.uleb128 0x11
 920 046a 8E030000 		.4byte	.LASF50
 921 046e 8E030000 		.4byte	.LASF50
 922 0472 09       		.byte	0x9
 923 0473 8F       		.byte	0x8f
 924 0474 11       		.uleb128 0x11
 925 0475 1D000000 		.4byte	.LASF51
 926 0479 1D000000 		.4byte	.LASF51
 927 047d 08       		.byte	0x8
 928 047e 93       		.byte	0x93
 929 047f 11       		.uleb128 0x11
 930 0480 7B000000 		.4byte	.LASF52
 931 0484 7B000000 		.4byte	.LASF52
 932 0488 09       		.byte	0x9
 933 0489 5B       		.byte	0x5b
 934 048a 11       		.uleb128 0x11
 935 048b 24010000 		.4byte	.LASF53
 936 048f 24010000 		.4byte	.LASF53
 937 0493 08       		.byte	0x8
 938 0494 DC       		.byte	0xdc
 939 0495 11       		.uleb128 0x11
 940 0496 AF030000 		.4byte	.LASF54
 941 049a AF030000 		.4byte	.LASF54
 942 049e 09       		.byte	0x9
 943 049f 8E       		.byte	0x8e
 944 04a0 00       		.byte	0
 945              		.section	.debug_abbrev,"",%progbits
 946              	.Ldebug_abbrev0:
 947 0000 01       		.uleb128 0x1
 948 0001 11       		.uleb128 0x11
ARM GAS  C:\Users\sdysart\AppData\Local\Temp\ccoIEGKB.s 			page 21


 949 0002 01       		.byte	0x1
 950 0003 25       		.uleb128 0x25
 951 0004 0E       		.uleb128 0xe
 952 0005 13       		.uleb128 0x13
 953 0006 0B       		.uleb128 0xb
 954 0007 03       		.uleb128 0x3
 955 0008 0E       		.uleb128 0xe
 956 0009 1B       		.uleb128 0x1b
 957 000a 0E       		.uleb128 0xe
 958 000b 55       		.uleb128 0x55
 959 000c 17       		.uleb128 0x17
 960 000d 11       		.uleb128 0x11
 961 000e 01       		.uleb128 0x1
 962 000f 10       		.uleb128 0x10
 963 0010 17       		.uleb128 0x17
 964 0011 00       		.byte	0
 965 0012 00       		.byte	0
 966 0013 02       		.uleb128 0x2
 967 0014 24       		.uleb128 0x24
 968 0015 00       		.byte	0
 969 0016 0B       		.uleb128 0xb
 970 0017 0B       		.uleb128 0xb
 971 0018 3E       		.uleb128 0x3e
 972 0019 0B       		.uleb128 0xb
 973 001a 03       		.uleb128 0x3
 974 001b 0E       		.uleb128 0xe
 975 001c 00       		.byte	0
 976 001d 00       		.byte	0
 977 001e 03       		.uleb128 0x3
 978 001f 16       		.uleb128 0x16
 979 0020 00       		.byte	0
 980 0021 03       		.uleb128 0x3
 981 0022 0E       		.uleb128 0xe
 982 0023 3A       		.uleb128 0x3a
 983 0024 0B       		.uleb128 0xb
 984 0025 3B       		.uleb128 0x3b
 985 0026 0B       		.uleb128 0xb
 986 0027 49       		.uleb128 0x49
 987 0028 13       		.uleb128 0x13
 988 0029 00       		.byte	0
 989 002a 00       		.byte	0
 990 002b 04       		.uleb128 0x4
 991 002c 24       		.uleb128 0x24
 992 002d 00       		.byte	0
 993 002e 0B       		.uleb128 0xb
 994 002f 0B       		.uleb128 0xb
 995 0030 3E       		.uleb128 0x3e
 996 0031 0B       		.uleb128 0xb
 997 0032 03       		.uleb128 0x3
 998 0033 08       		.uleb128 0x8
 999 0034 00       		.byte	0
 1000 0035 00       		.byte	0
 1001 0036 05       		.uleb128 0x5
 1002 0037 16       		.uleb128 0x16
 1003 0038 00       		.byte	0
 1004 0039 03       		.uleb128 0x3
 1005 003a 0E       		.uleb128 0xe
ARM GAS  C:\Users\sdysart\AppData\Local\Temp\ccoIEGKB.s 			page 22


 1006 003b 3A       		.uleb128 0x3a
 1007 003c 0B       		.uleb128 0xb
 1008 003d 3B       		.uleb128 0x3b
 1009 003e 05       		.uleb128 0x5
 1010 003f 49       		.uleb128 0x49
 1011 0040 13       		.uleb128 0x13
 1012 0041 00       		.byte	0
 1013 0042 00       		.byte	0
 1014 0043 06       		.uleb128 0x6
 1015 0044 35       		.uleb128 0x35
 1016 0045 00       		.byte	0
 1017 0046 49       		.uleb128 0x49
 1018 0047 13       		.uleb128 0x13
 1019 0048 00       		.byte	0
 1020 0049 00       		.byte	0
 1021 004a 07       		.uleb128 0x7
 1022 004b 2E       		.uleb128 0x2e
 1023 004c 01       		.byte	0x1
 1024 004d 3F       		.uleb128 0x3f
 1025 004e 19       		.uleb128 0x19
 1026 004f 03       		.uleb128 0x3
 1027 0050 0E       		.uleb128 0xe
 1028 0051 3A       		.uleb128 0x3a
 1029 0052 0B       		.uleb128 0xb
 1030 0053 3B       		.uleb128 0x3b
 1031 0054 0B       		.uleb128 0xb
 1032 0055 27       		.uleb128 0x27
 1033 0056 19       		.uleb128 0x19
 1034 0057 11       		.uleb128 0x11
 1035 0058 01       		.uleb128 0x1
 1036 0059 12       		.uleb128 0x12
 1037 005a 06       		.uleb128 0x6
 1038 005b 40       		.uleb128 0x40
 1039 005c 18       		.uleb128 0x18
 1040 005d 9742     		.uleb128 0x2117
 1041 005f 19       		.uleb128 0x19
 1042 0060 01       		.uleb128 0x1
 1043 0061 13       		.uleb128 0x13
 1044 0062 00       		.byte	0
 1045 0063 00       		.byte	0
 1046 0064 08       		.uleb128 0x8
 1047 0065 34       		.uleb128 0x34
 1048 0066 00       		.byte	0
 1049 0067 03       		.uleb128 0x3
 1050 0068 0E       		.uleb128 0xe
 1051 0069 3A       		.uleb128 0x3a
 1052 006a 0B       		.uleb128 0xb
 1053 006b 3B       		.uleb128 0x3b
 1054 006c 0B       		.uleb128 0xb
 1055 006d 49       		.uleb128 0x49
 1056 006e 13       		.uleb128 0x13
 1057 006f 02       		.uleb128 0x2
 1058 0070 17       		.uleb128 0x17
 1059 0071 00       		.byte	0
 1060 0072 00       		.byte	0
 1061 0073 09       		.uleb128 0x9
 1062 0074 2E       		.uleb128 0x2e
ARM GAS  C:\Users\sdysart\AppData\Local\Temp\ccoIEGKB.s 			page 23


 1063 0075 00       		.byte	0
 1064 0076 3F       		.uleb128 0x3f
 1065 0077 19       		.uleb128 0x19
 1066 0078 03       		.uleb128 0x3
 1067 0079 0E       		.uleb128 0xe
 1068 007a 3A       		.uleb128 0x3a
 1069 007b 0B       		.uleb128 0xb
 1070 007c 3B       		.uleb128 0x3b
 1071 007d 0B       		.uleb128 0xb
 1072 007e 27       		.uleb128 0x27
 1073 007f 19       		.uleb128 0x19
 1074 0080 11       		.uleb128 0x11
 1075 0081 01       		.uleb128 0x1
 1076 0082 12       		.uleb128 0x12
 1077 0083 06       		.uleb128 0x6
 1078 0084 40       		.uleb128 0x40
 1079 0085 18       		.uleb128 0x18
 1080 0086 9742     		.uleb128 0x2117
 1081 0088 19       		.uleb128 0x19
 1082 0089 00       		.byte	0
 1083 008a 00       		.byte	0
 1084 008b 0A       		.uleb128 0xa
 1085 008c 898201   		.uleb128 0x4109
 1086 008f 00       		.byte	0
 1087 0090 11       		.uleb128 0x11
 1088 0091 01       		.uleb128 0x1
 1089 0092 31       		.uleb128 0x31
 1090 0093 13       		.uleb128 0x13
 1091 0094 00       		.byte	0
 1092 0095 00       		.byte	0
 1093 0096 0B       		.uleb128 0xb
 1094 0097 898201   		.uleb128 0x4109
 1095 009a 01       		.byte	0x1
 1096 009b 11       		.uleb128 0x11
 1097 009c 01       		.uleb128 0x1
 1098 009d 31       		.uleb128 0x31
 1099 009e 13       		.uleb128 0x13
 1100 009f 00       		.byte	0
 1101 00a0 00       		.byte	0
 1102 00a1 0C       		.uleb128 0xc
 1103 00a2 8A8201   		.uleb128 0x410a
 1104 00a5 00       		.byte	0
 1105 00a6 02       		.uleb128 0x2
 1106 00a7 18       		.uleb128 0x18
 1107 00a8 9142     		.uleb128 0x2111
 1108 00aa 18       		.uleb128 0x18
 1109 00ab 00       		.byte	0
 1110 00ac 00       		.byte	0
 1111 00ad 0D       		.uleb128 0xd
 1112 00ae 2E       		.uleb128 0x2e
 1113 00af 01       		.byte	0x1
 1114 00b0 3F       		.uleb128 0x3f
 1115 00b1 19       		.uleb128 0x19
 1116 00b2 03       		.uleb128 0x3
 1117 00b3 0E       		.uleb128 0xe
 1118 00b4 3A       		.uleb128 0x3a
 1119 00b5 0B       		.uleb128 0xb
ARM GAS  C:\Users\sdysart\AppData\Local\Temp\ccoIEGKB.s 			page 24


 1120 00b6 3B       		.uleb128 0x3b
 1121 00b7 0B       		.uleb128 0xb
 1122 00b8 27       		.uleb128 0x27
 1123 00b9 19       		.uleb128 0x19
 1124 00ba 49       		.uleb128 0x49
 1125 00bb 13       		.uleb128 0x13
 1126 00bc 8701     		.uleb128 0x87
 1127 00be 19       		.uleb128 0x19
 1128 00bf 11       		.uleb128 0x11
 1129 00c0 01       		.uleb128 0x1
 1130 00c1 12       		.uleb128 0x12
 1131 00c2 06       		.uleb128 0x6
 1132 00c3 40       		.uleb128 0x40
 1133 00c4 18       		.uleb128 0x18
 1134 00c5 9742     		.uleb128 0x2117
 1135 00c7 19       		.uleb128 0x19
 1136 00c8 01       		.uleb128 0x1
 1137 00c9 13       		.uleb128 0x13
 1138 00ca 00       		.byte	0
 1139 00cb 00       		.byte	0
 1140 00cc 0E       		.uleb128 0xe
 1141 00cd 898201   		.uleb128 0x4109
 1142 00d0 01       		.byte	0x1
 1143 00d1 11       		.uleb128 0x11
 1144 00d2 01       		.uleb128 0x1
 1145 00d3 31       		.uleb128 0x31
 1146 00d4 13       		.uleb128 0x13
 1147 00d5 01       		.uleb128 0x1
 1148 00d6 13       		.uleb128 0x13
 1149 00d7 00       		.byte	0
 1150 00d8 00       		.byte	0
 1151 00d9 0F       		.uleb128 0xf
 1152 00da 34       		.uleb128 0x34
 1153 00db 00       		.byte	0
 1154 00dc 03       		.uleb128 0x3
 1155 00dd 0E       		.uleb128 0xe
 1156 00de 3A       		.uleb128 0x3a
 1157 00df 0B       		.uleb128 0xb
 1158 00e0 3B       		.uleb128 0x3b
 1159 00e1 05       		.uleb128 0x5
 1160 00e2 49       		.uleb128 0x49
 1161 00e3 13       		.uleb128 0x13
 1162 00e4 3F       		.uleb128 0x3f
 1163 00e5 19       		.uleb128 0x19
 1164 00e6 3C       		.uleb128 0x3c
 1165 00e7 19       		.uleb128 0x19
 1166 00e8 00       		.byte	0
 1167 00e9 00       		.byte	0
 1168 00ea 10       		.uleb128 0x10
 1169 00eb 34       		.uleb128 0x34
 1170 00ec 00       		.byte	0
 1171 00ed 03       		.uleb128 0x3
 1172 00ee 0E       		.uleb128 0xe
 1173 00ef 3A       		.uleb128 0x3a
 1174 00f0 0B       		.uleb128 0xb
 1175 00f1 3B       		.uleb128 0x3b
 1176 00f2 0B       		.uleb128 0xb
ARM GAS  C:\Users\sdysart\AppData\Local\Temp\ccoIEGKB.s 			page 25


 1177 00f3 49       		.uleb128 0x49
 1178 00f4 13       		.uleb128 0x13
 1179 00f5 3F       		.uleb128 0x3f
 1180 00f6 19       		.uleb128 0x19
 1181 00f7 02       		.uleb128 0x2
 1182 00f8 18       		.uleb128 0x18
 1183 00f9 00       		.byte	0
 1184 00fa 00       		.byte	0
 1185 00fb 11       		.uleb128 0x11
 1186 00fc 2E       		.uleb128 0x2e
 1187 00fd 00       		.byte	0
 1188 00fe 3F       		.uleb128 0x3f
 1189 00ff 19       		.uleb128 0x19
 1190 0100 3C       		.uleb128 0x3c
 1191 0101 19       		.uleb128 0x19
 1192 0102 6E       		.uleb128 0x6e
 1193 0103 0E       		.uleb128 0xe
 1194 0104 03       		.uleb128 0x3
 1195 0105 0E       		.uleb128 0xe
 1196 0106 3A       		.uleb128 0x3a
 1197 0107 0B       		.uleb128 0xb
 1198 0108 3B       		.uleb128 0x3b
 1199 0109 0B       		.uleb128 0xb
 1200 010a 00       		.byte	0
 1201 010b 00       		.byte	0
 1202 010c 00       		.byte	0
 1203              		.section	.debug_loc,"",%progbits
 1204              	.Ldebug_loc0:
 1205              	.LLST0:
 1206 0000 06000000 		.4byte	.LVL0
 1207 0004 1C000000 		.4byte	.LVL1
 1208 0008 0100     		.2byte	0x1
 1209 000a 53       		.byte	0x53
 1210 000b 00000000 		.4byte	0
 1211 000f 00000000 		.4byte	0
 1212              		.section	.debug_aranges,"",%progbits
 1213 0000 3C000000 		.4byte	0x3c
 1214 0004 0200     		.2byte	0x2
 1215 0006 00000000 		.4byte	.Ldebug_info0
 1216 000a 04       		.byte	0x4
 1217 000b 00       		.byte	0
 1218 000c 0000     		.2byte	0
 1219 000e 0000     		.2byte	0
 1220 0010 00000000 		.4byte	.LFB64
 1221 0014 54000000 		.4byte	.LFE64-.LFB64
 1222 0018 00000000 		.4byte	.LFB65
 1223 001c 0C000000 		.4byte	.LFE65-.LFB65
 1224 0020 00000000 		.4byte	.LFB67
 1225 0024 08000000 		.4byte	.LFE67-.LFB67
 1226 0028 00000000 		.4byte	.LFB66
 1227 002c 0A000000 		.4byte	.LFE66-.LFB66
 1228 0030 00000000 		.4byte	.LFB68
 1229 0034 EC000000 		.4byte	.LFE68-.LFB68
 1230 0038 00000000 		.4byte	0
 1231 003c 00000000 		.4byte	0
 1232              		.section	.debug_ranges,"",%progbits
 1233              	.Ldebug_ranges0:
ARM GAS  C:\Users\sdysart\AppData\Local\Temp\ccoIEGKB.s 			page 26


 1234 0000 00000000 		.4byte	.LFB64
 1235 0004 54000000 		.4byte	.LFE64
 1236 0008 00000000 		.4byte	.LFB65
 1237 000c 0C000000 		.4byte	.LFE65
 1238 0010 00000000 		.4byte	.LFB67
 1239 0014 08000000 		.4byte	.LFE67
 1240 0018 00000000 		.4byte	.LFB66
 1241 001c 0A000000 		.4byte	.LFE66
 1242 0020 00000000 		.4byte	.LFB68
 1243 0024 EC000000 		.4byte	.LFE68
 1244 0028 00000000 		.4byte	0
 1245 002c 00000000 		.4byte	0
 1246              		.section	.debug_line,"",%progbits
 1247              	.Ldebug_line0:
 1248 0000 75020000 		.section	.debug_str,"MS",%progbits,1
 1248      0200EF01 
 1248      00000201 
 1248      FB0E0D00 
 1248      01010101 
 1249              	.LASF6:
 1250 0000 6C6F6E67 		.ascii	"long long int\000"
 1250      206C6F6E 
 1250      6720696E 
 1250      7400
 1251              	.LASF47:
 1252 000e 6973725F 		.ascii	"isr_rx_StartEx\000"
 1252      72785F53 
 1252      74617274 
 1252      457800
 1253              	.LASF51:
 1254 001d 50574D5F 		.ascii	"PWM_Modulator_Stop\000"
 1254      4D6F6475 
 1254      6C61746F 
 1254      725F5374 
 1254      6F7000
 1255              	.LASF9:
 1256 0030 5F5F696E 		.ascii	"__int32_t\000"
 1256      7433325F 
 1256      7400
 1257              	.LASF42:
 1258 003a 50574D5F 		.ascii	"PWM_2_WritePeriod\000"
 1258      325F5772 
 1258      69746550 
 1258      6572696F 
 1258      6400
 1259              	.LASF3:
 1260 004c 73686F72 		.ascii	"short unsigned int\000"
 1260      7420756E 
 1260      7369676E 
 1260      65642069 
 1260      6E7400
 1261              	.LASF19:
 1262 005f 736C6565 		.ascii	"sleep_interrupt\000"
 1262      705F696E 
 1262      74657272 
 1262      75707400 
 1263              	.LASF24:
ARM GAS  C:\Users\sdysart\AppData\Local\Temp\ccoIEGKB.s 			page 27


 1264 006f 6572726F 		.ascii	"errorStatus\000"
 1264      72537461 
 1264      74757300 
 1265              	.LASF52:
 1266 007b 50574D5F 		.ascii	"PWM_Switch_Timer_Stop\000"
 1266      53776974 
 1266      63685F54 
 1266      696D6572 
 1266      5F53746F 
 1267              	.LASF11:
 1268 0091 75696E74 		.ascii	"uint8\000"
 1268      3800
 1269              	.LASF43:
 1270 0097 50574D5F 		.ascii	"PWM_2_WriteCompare\000"
 1270      325F5772 
 1270      69746543 
 1270      6F6D7061 
 1270      726500
 1271              	.LASF34:
 1272 00aa 50574D5F 		.ascii	"PWM_Switch_Timer_WritePeriod\000"
 1272      53776974 
 1272      63685F54 
 1272      696D6572 
 1272      5F577269 
 1273              	.LASF18:
 1274 00c7 52784973 		.ascii	"RxIsr\000"
 1274      7200
 1275              	.LASF12:
 1276 00cd 666C6F61 		.ascii	"float\000"
 1276      7400
 1277              	.LASF7:
 1278 00d3 6C6F6E67 		.ascii	"long long unsigned int\000"
 1278      206C6F6E 
 1278      6720756E 
 1278      7369676E 
 1278      65642069 
 1279              	.LASF28:
 1280 00ea 536C6565 		.ascii	"SleepTimer_GetStatus\000"
 1280      7054696D 
 1280      65725F47 
 1280      65745374 
 1280      61747573 
 1281              	.LASF1:
 1282 00ff 756E7369 		.ascii	"unsigned char\000"
 1282      676E6564 
 1282      20636861 
 1282      7200
 1283              	.LASF44:
 1284 010d 50574D5F 		.ascii	"PWM_3_WritePeriod\000"
 1284      335F5772 
 1284      69746550 
 1284      6572696F 
 1284      6400
 1285              	.LASF15:
 1286 011f 72656738 		.ascii	"reg8\000"
 1286      00
 1287              	.LASF53:
ARM GAS  C:\Users\sdysart\AppData\Local\Temp\ccoIEGKB.s 			page 28


 1288 0124 50574D5F 		.ascii	"PWM_Modulator_Sleep\000"
 1288      4D6F6475 
 1288      6C61746F 
 1288      725F536C 
 1288      65657000 
 1289              	.LASF5:
 1290 0138 6C6F6E67 		.ascii	"long unsigned int\000"
 1290      20756E73 
 1290      69676E65 
 1290      6420696E 
 1290      7400
 1291              	.LASF37:
 1292 014a 50574D5F 		.ascii	"PWM_1_Start\000"
 1292      315F5374 
 1292      61727400 
 1293              	.LASF35:
 1294 0156 736C6565 		.ascii	"sleep_interrupt_StartEx\000"
 1294      705F696E 
 1294      74657272 
 1294      7570745F 
 1294      53746172 
 1295              	.LASF22:
 1296 016e 73746F70 		.ascii	"stop\000"
 1296      00
 1297              	.LASF25:
 1298 0173 72784461 		.ascii	"rxData\000"
 1298      746100
 1299              	.LASF31:
 1300 017a 50574D5F 		.ascii	"PWM_Modulator_WritePeriod\000"
 1300      4D6F6475 
 1300      6C61746F 
 1300      725F5772 
 1300      69746550 
 1301              	.LASF36:
 1302 0194 536C6565 		.ascii	"SleepTimer_Start\000"
 1302      7054696D 
 1302      65725F53 
 1302      74617274 
 1302      00
 1303              	.LASF46:
 1304 01a5 6973725F 		.ascii	"isr_sec_StartEx\000"
 1304      7365635F 
 1304      53746172 
 1304      74457800 
 1305              	.LASF13:
 1306 01b5 646F7562 		.ascii	"double\000"
 1306      6C6500
 1307              	.LASF38:
 1308 01bc 50574D5F 		.ascii	"PWM_2_Start\000"
 1308      325F5374 
 1308      61727400 
 1309              	.LASF26:
 1310 01c8 63726162 		.ascii	"crabs\000"
 1310      7300
 1311              	.LASF20:
 1312 01ce 72785F74 		.ascii	"rx_test\000"
 1312      65737400 
ARM GAS  C:\Users\sdysart\AppData\Local\Temp\ccoIEGKB.s 			page 29


 1313              	.LASF23:
 1314 01d6 6E657744 		.ascii	"newDataflag\000"
 1314      61746166 
 1314      6C616700 
 1315              	.LASF48:
 1316 01e2 4379506D 		.ascii	"CyPmSleep\000"
 1316      536C6565 
 1316      7000
 1317              	.LASF21:
 1318 01ec 49544D5F 		.ascii	"ITM_RxBuffer\000"
 1318      52784275 
 1318      66666572 
 1318      00
 1319              	.LASF30:
 1320 01f9 50574D5F 		.ascii	"PWM_Modulator_Start\000"
 1320      4D6F6475 
 1320      6C61746F 
 1320      725F5374 
 1320      61727400 
 1321              	.LASF39:
 1322 020d 50574D5F 		.ascii	"PWM_3_Start\000"
 1322      335F5374 
 1322      61727400 
 1323              	.LASF8:
 1324 0219 756E7369 		.ascii	"unsigned int\000"
 1324      676E6564 
 1324      20696E74 
 1324      00
 1325              	.LASF32:
 1326 0226 50574D5F 		.ascii	"PWM_Modulator_WriteCompare\000"
 1326      4D6F6475 
 1326      6C61746F 
 1326      725F5772 
 1326      69746543 
 1327              	.LASF59:
 1328 0241 6973725F 		.ascii	"isr_sec\000"
 1328      73656300 
 1329              	.LASF60:
 1330 0249 6D61696E 		.ascii	"main\000"
 1330      00
 1331              	.LASF55:
 1332 024e 474E5520 		.ascii	"GNU C11 5.4.1 20160609 (release) [ARM/embedded-5-br"
 1332      43313120 
 1332      352E342E 
 1332      31203230 
 1332      31363036 
 1333 0281 616E6368 		.ascii	"anch revision 237715] -mcpu=cortex-m3 -mthumb -g -O"
 1333      20726576 
 1333      6973696F 
 1333      6E203233 
 1333      37373135 
 1334 02b4 67202D66 		.ascii	"g -ffunction-sections -ffat-lto-objects\000"
 1334      66756E63 
 1334      74696F6E 
 1334      2D736563 
 1334      74696F6E 
 1335              	.LASF10:
ARM GAS  C:\Users\sdysart\AppData\Local\Temp\ccoIEGKB.s 			page 30


 1336 02dc 696E7433 		.ascii	"int32_t\000"
 1336      325F7400 
 1337              	.LASF17:
 1338 02e4 73697A65 		.ascii	"sizetype\000"
 1338      74797065 
 1338      00
 1339              	.LASF41:
 1340 02ed 50574D5F 		.ascii	"PWM_1_WriteCompare\000"
 1340      315F5772 
 1340      69746543 
 1340      6F6D7061 
 1340      726500
 1341              	.LASF29:
 1342 0300 48696768 		.ascii	"HighVoltage_Write\000"
 1342      566F6C74 
 1342      6167655F 
 1342      57726974 
 1342      6500
 1343              	.LASF56:
 1344 0312 6D61696E 		.ascii	"main.c\000"
 1344      2E6300
 1345              	.LASF14:
 1346 0319 63686172 		.ascii	"char\000"
 1346      00
 1347              	.LASF27:
 1348 031e 64617461 		.ascii	"dataCount\000"
 1348      436F756E 
 1348      7400
 1349              	.LASF33:
 1350 0328 50574D5F 		.ascii	"PWM_Switch_Timer_Start\000"
 1350      53776974 
 1350      63685F54 
 1350      696D6572 
 1350      5F537461 
 1351              	.LASF57:
 1352 033f 433A5C55 		.ascii	"C:\\Users\\sdysart\\Documents\\UACS\\UACS\\HighFreq"
 1352      73657273 
 1352      5C736479 
 1352      73617274 
 1352      5C446F63 
 1353 036c 46534B5C 		.ascii	"FSK\\CrabsTransmit.cydsn\000"
 1353      43726162 
 1353      73547261 
 1353      6E736D69 
 1353      742E6379 
 1354              	.LASF2:
 1355 0384 73686F72 		.ascii	"short int\000"
 1355      7420696E 
 1355      7400
 1356              	.LASF50:
 1357 038e 50574D5F 		.ascii	"PWM_Switch_Timer_Wakeup\000"
 1357      53776974 
 1357      63685F54 
 1357      696D6572 
 1357      5F57616B 
 1358              	.LASF4:
 1359 03a6 6C6F6E67 		.ascii	"long int\000"
ARM GAS  C:\Users\sdysart\AppData\Local\Temp\ccoIEGKB.s 			page 31


 1359      20696E74 
 1359      00
 1360              	.LASF54:
 1361 03af 50574D5F 		.ascii	"PWM_Switch_Timer_Sleep\000"
 1361      53776974 
 1361      63685F54 
 1361      696D6572 
 1361      5F536C65 
 1362              	.LASF16:
 1363 03c6 6C6F6E67 		.ascii	"long double\000"
 1363      20646F75 
 1363      626C6500 
 1364              	.LASF45:
 1365 03d2 50574D5F 		.ascii	"PWM_3_WriteCompare\000"
 1365      335F5772 
 1365      69746543 
 1365      6F6D7061 
 1365      726500
 1366              	.LASF0:
 1367 03e5 7369676E 		.ascii	"signed char\000"
 1367      65642063 
 1367      68617200 
 1368              	.LASF49:
 1369 03f1 50574D5F 		.ascii	"PWM_Modulator_Wakeup\000"
 1369      4D6F6475 
 1369      6C61746F 
 1369      725F5761 
 1369      6B657570 
 1370              	.LASF58:
 1371 0406 72785374 		.ascii	"rxStatus\000"
 1371      61747573 
 1371      00
 1372              	.LASF40:
 1373 040f 50574D5F 		.ascii	"PWM_1_WritePeriod\000"
 1373      315F5772 
 1373      69746550 
 1373      6572696F 
 1373      6400
 1374              		.ident	"GCC: (GNU Tools for ARM Embedded Processors) 5.4.1 20160609 (release) [ARM/embedded-5-bran
