ARM GAS  C:\Users\sdysart\AppData\Local\Temp\ccT0xUgT.s 			page 1


   1              		.syntax unified
   2              		.cpu cortex-m3
   3              		.fpu softvfp
   4              		.eabi_attribute 20, 1
   5              		.eabi_attribute 21, 1
   6              		.eabi_attribute 23, 3
   7              		.eabi_attribute 24, 1
   8              		.eabi_attribute 25, 1
   9              		.eabi_attribute 26, 1
  10              		.eabi_attribute 30, 1
  11              		.eabi_attribute 34, 1
  12              		.eabi_attribute 18, 4
  13              		.thumb
  14              		.syntax unified
  15              		.file	"cymetadata.c"
  16              		.text
  17              	.Ltext0:
  18              		.cfi_sections	.debug_frame
  19              		.global	cy_metadata
  20              		.global	cy_meta_flashprotect
  21              		.global	cy_meta_wonvl
  22              		.global	cy_meta_custnvl
  23              		.global	cy_meta_configecc
  24              		.section	.cyconfigecc,"a",%progbits
  25              		.align	2
  26              		.type	cy_meta_configecc, %object
  27              		.size	cy_meta_configecc, 968
  28              	cy_meta_configecc:
  29 0000 02       		.byte	2
  30 0001 52       		.byte	82
  31 0002 00       		.byte	0
  32 0003 40       		.byte	64
  33 0004 01       		.byte	1
  34 0005 64       		.byte	100
  35 0006 00       		.byte	0
  36 0007 40       		.byte	64
  37 0008 01       		.byte	1
  38 0009 65       		.byte	101
  39 000a 00       		.byte	0
  40 000b 40       		.byte	64
  41 000c 33       		.byte	51
  42 000d 04       		.byte	4
  43 000e 01       		.byte	1
  44 000f 40       		.byte	64
  45 0010 19       		.byte	25
  46 0011 05       		.byte	5
  47 0012 01       		.byte	1
  48 0013 40       		.byte	64
  49 0014 01       		.byte	1
  50 0015 07       		.byte	7
  51 0016 01       		.byte	1
  52 0017 40       		.byte	64
  53 0018 01       		.byte	1
  54 0019 0B       		.byte	11
  55 001a 01       		.byte	1
  56 001b 40       		.byte	64
  57 001c 0D       		.byte	13
ARM GAS  C:\Users\sdysart\AppData\Local\Temp\ccT0xUgT.s 			page 2


  58 001d 15       		.byte	21
  59 001e 01       		.byte	1
  60 001f 40       		.byte	64
  61 0020 35       		.byte	53
  62 0021 16       		.byte	22
  63 0022 01       		.byte	1
  64 0023 40       		.byte	64
  65 0024 19       		.byte	25
  66 0025 17       		.byte	23
  67 0026 01       		.byte	1
  68 0027 40       		.byte	64
  69 0028 41       		.byte	65
  70 0029 18       		.byte	24
  71 002a 01       		.byte	1
  72 002b 40       		.byte	64
  73 002c 1E       		.byte	30
  74 002d 19       		.byte	25
  75 002e 01       		.byte	1
  76 002f 40       		.byte	64
  77 0030 3E       		.byte	62
  78 0031 1A       		.byte	26
  79 0032 01       		.byte	1
  80 0033 40       		.byte	64
  81 0034 27       		.byte	39
  82 0035 1B       		.byte	27
  83 0036 01       		.byte	1
  84 0037 40       		.byte	64
  85 0038 02       		.byte	2
  86 0039 40       		.byte	64
  87 003a 01       		.byte	1
  88 003b 40       		.byte	64
  89 003c 05       		.byte	5
  90 003d 41       		.byte	65
  91 003e 01       		.byte	1
  92 003f 40       		.byte	64
  93 0040 05       		.byte	5
  94 0041 42       		.byte	66
  95 0042 01       		.byte	1
  96 0043 40       		.byte	64
  97 0044 04       		.byte	4
  98 0045 43       		.byte	67
  99 0046 01       		.byte	1
 100 0047 40       		.byte	64
 101 0048 02       		.byte	2
 102 0049 44       		.byte	68
 103 004a 01       		.byte	1
 104 004b 40       		.byte	64
 105 004c 01       		.byte	1
 106 004d 45       		.byte	69
 107 004e 01       		.byte	1
 108 004f 40       		.byte	64
 109 0050 01       		.byte	1
 110 0051 46       		.byte	70
 111 0052 01       		.byte	1
 112 0053 40       		.byte	64
 113 0054 02       		.byte	2
 114 0055 48       		.byte	72
ARM GAS  C:\Users\sdysart\AppData\Local\Temp\ccT0xUgT.s 			page 3


 115 0056 01       		.byte	1
 116 0057 40       		.byte	64
 117 0058 12       		.byte	18
 118 0059 49       		.byte	73
 119 005a 01       		.byte	1
 120 005b 40       		.byte	64
 121 005c 07       		.byte	7
 122 005d 50       		.byte	80
 123 005e 01       		.byte	1
 124 005f 40       		.byte	64
 125 0060 01       		.byte	1
 126 0061 51       		.byte	81
 127 0062 01       		.byte	1
 128 0063 40       		.byte	64
 129 0064 00       		.byte	0
 130 0065 42       		.byte	66
 131 0066 18       		.byte	24
 132 0067 44       		.byte	68
 133 0068 85       		.byte	-123
 134 0069 0D       		.byte	13
 135 006a 8B       		.byte	-117
 136 006b 0D       		.byte	13
 137 006c 1F       		.byte	31
 138 006d 01       		.byte	1
 139 006e 23       		.byte	35
 140 006f 01       		.byte	1
 141 0070 31       		.byte	49
 142 0071 01       		.byte	1
 143 0072 40       		.byte	64
 144 0073 51       		.byte	81
 145 0074 49       		.byte	73
 146 0075 FF       		.byte	-1
 147 0076 4A       		.byte	74
 148 0077 FF       		.byte	-1
 149 0078 4B       		.byte	75
 150 0079 FF       		.byte	-1
 151 007a 4F       		.byte	79
 152 007b 01       		.byte	1
 153 007c 50       		.byte	80
 154 007d 18       		.byte	24
 155 007e 59       		.byte	89
 156 007f 04       		.byte	4
 157 0080 5A       		.byte	90
 158 0081 04       		.byte	4
 159 0082 5F       		.byte	95
 160 0083 01       		.byte	1
 161 0084 60       		.byte	96
 162 0085 40       		.byte	64
 163 0086 62       		.byte	98
 164 0087 40       		.byte	64
 165 0088 64       		.byte	100
 166 0089 40       		.byte	64
 167 008a 65       		.byte	101
 168 008b 40       		.byte	64
 169 008c 66       		.byte	102
 170 008d 80       		.byte	-128
 171 008e 68       		.byte	104
ARM GAS  C:\Users\sdysart\AppData\Local\Temp\ccT0xUgT.s 			page 4


 172 008f 80       		.byte	-128
 173 0090 6A       		.byte	106
 174 0091 80       		.byte	-128
 175 0092 6C       		.byte	108
 176 0093 80       		.byte	-128
 177 0094 6E       		.byte	110
 178 0095 80       		.byte	-128
 179 0096 92       		.byte	-110
 180 0097 01       		.byte	1
 181 0098 AE       		.byte	-82
 182 0099 01       		.byte	1
 183 009a B0       		.byte	-80
 184 009b 01       		.byte	1
 185 009c BE       		.byte	-66
 186 009d 01       		.byte	1
 187 009e C0       		.byte	-64
 188 009f 15       		.byte	21
 189 00a0 C5       		.byte	-59
 190 00a1 EC       		.byte	-20
 191 00a2 C6       		.byte	-58
 192 00a3 02       		.byte	2
 193 00a4 C8       		.byte	-56
 194 00a5 07       		.byte	7
 195 00a6 C9       		.byte	-55
 196 00a7 FF       		.byte	-1
 197 00a8 CA       		.byte	-54
 198 00a9 FF       		.byte	-1
 199 00aa CB       		.byte	-53
 200 00ab FF       		.byte	-1
 201 00ac CD       		.byte	-51
 202 00ad 83       		.byte	-125
 203 00ae CE       		.byte	-50
 204 00af 03       		.byte	3
 205 00b0 CF       		.byte	-49
 206 00b1 01       		.byte	1
 207 00b2 D0       		.byte	-48
 208 00b3 18       		.byte	24
 209 00b4 D2       		.byte	-46
 210 00b5 80       		.byte	-128
 211 00b6 D4       		.byte	-44
 212 00b7 01       		.byte	1
 213 00b8 D8       		.byte	-40
 214 00b9 04       		.byte	4
 215 00ba DA       		.byte	-38
 216 00bb 04       		.byte	4
 217 00bc DB       		.byte	-37
 218 00bd 04       		.byte	4
 219 00be DF       		.byte	-33
 220 00bf 01       		.byte	1
 221 00c0 E0       		.byte	-32
 222 00c1 40       		.byte	64
 223 00c2 E2       		.byte	-30
 224 00c3 40       		.byte	64
 225 00c4 E4       		.byte	-28
 226 00c5 40       		.byte	64
 227 00c6 E5       		.byte	-27
 228 00c7 40       		.byte	64
ARM GAS  C:\Users\sdysart\AppData\Local\Temp\ccT0xUgT.s 			page 5


 229 00c8 E6       		.byte	-26
 230 00c9 80       		.byte	-128
 231 00ca E8       		.byte	-24
 232 00cb 80       		.byte	-128
 233 00cc EA       		.byte	-22
 234 00cd 80       		.byte	-128
 235 00ce EC       		.byte	-20
 236 00cf 80       		.byte	-128
 237 00d0 EE       		.byte	-18
 238 00d1 80       		.byte	-128
 239 00d2 0F       		.byte	15
 240 00d3 80       		.byte	-128
 241 00d4 17       		.byte	23
 242 00d5 40       		.byte	64
 243 00d6 1E       		.byte	30
 244 00d7 80       		.byte	-128
 245 00d8 21       		.byte	33
 246 00d9 01       		.byte	1
 247 00da 2B       		.byte	43
 248 00db 80       		.byte	-128
 249 00dc 33       		.byte	51
 250 00dd 40       		.byte	64
 251 00de 43       		.byte	67
 252 00df 80       		.byte	-128
 253 00e0 47       		.byte	71
 254 00e1 40       		.byte	64
 255 00e2 48       		.byte	72
 256 00e3 01       		.byte	1
 257 00e4 4D       		.byte	77
 258 00e5 04       		.byte	4
 259 00e6 4F       		.byte	79
 260 00e7 81       		.byte	-127
 261 00e8 57       		.byte	87
 262 00e9 C0       		.byte	-64
 263 00ea 5D       		.byte	93
 264 00eb 04       		.byte	4
 265 00ec 5E       		.byte	94
 266 00ed 80       		.byte	-128
 267 00ee 5F       		.byte	95
 268 00ef 01       		.byte	1
 269 00f0 74       		.byte	116
 270 00f1 01       		.byte	1
 271 00f2 77       		.byte	119
 272 00f3 40       		.byte	64
 273 00f4 C2       		.byte	-62
 274 00f5 10       		.byte	16
 275 00f6 C4       		.byte	-60
 276 00f7 80       		.byte	-128
 277 00f8 CA       		.byte	-54
 278 00f9 01       		.byte	1
 279 00fa CC       		.byte	-52
 280 00fb 08       		.byte	8
 281 00fc D0       		.byte	-48
 282 00fd 18       		.byte	24
 283 00fe D2       		.byte	-46
 284 00ff 18       		.byte	24
 285 0100 D6       		.byte	-42
ARM GAS  C:\Users\sdysart\AppData\Local\Temp\ccT0xUgT.s 			page 6


 286 0101 D0       		.byte	-48
 287 0102 EE       		.byte	-18
 288 0103 02       		.byte	2
 289 0104 AD       		.byte	-83
 290 0105 01       		.byte	1
 291 0106 EE       		.byte	-18
 292 0107 02       		.byte	2
 293 0108 83       		.byte	-125
 294 0109 01       		.byte	1
 295 010a 86       		.byte	-122
 296 010b 40       		.byte	64
 297 010c 87       		.byte	-121
 298 010d 40       		.byte	64
 299 010e 8C       		.byte	-116
 300 010f 08       		.byte	8
 301 0110 93       		.byte	-109
 302 0111 01       		.byte	1
 303 0112 97       		.byte	-105
 304 0113 80       		.byte	-128
 305 0114 9C       		.byte	-100
 306 0115 08       		.byte	8
 307 0116 A6       		.byte	-90
 308 0117 40       		.byte	64
 309 0118 A8       		.byte	-88
 310 0119 40       		.byte	64
 311 011a B7       		.byte	-73
 312 011b 20       		.byte	32
 313 011c E0       		.byte	-32
 314 011d 01       		.byte	1
 315 011e E2       		.byte	-30
 316 011f 08       		.byte	8
 317 0120 EA       		.byte	-22
 318 0121 40       		.byte	64
 319 0122 21       		.byte	33
 320 0123 02       		.byte	2
 321 0124 23       		.byte	35
 322 0125 01       		.byte	1
 323 0126 25       		.byte	37
 324 0127 01       		.byte	1
 325 0128 27       		.byte	39
 326 0129 02       		.byte	2
 327 012a 31       		.byte	49
 328 012b 03       		.byte	3
 329 012c 3F       		.byte	63
 330 012d 01       		.byte	1
 331 012e 40       		.byte	64
 332 012f 20       		.byte	32
 333 0130 41       		.byte	65
 334 0131 03       		.byte	3
 335 0132 49       		.byte	73
 336 0133 FF       		.byte	-1
 337 0134 4A       		.byte	74
 338 0135 FF       		.byte	-1
 339 0136 4B       		.byte	75
 340 0137 FF       		.byte	-1
 341 0138 4D       		.byte	77
 342 0139 A0       		.byte	-96
ARM GAS  C:\Users\sdysart\AppData\Local\Temp\ccT0xUgT.s 			page 7


 343 013a 4F       		.byte	79
 344 013b 04       		.byte	4
 345 013c 50       		.byte	80
 346 013d 18       		.byte	24
 347 013e 56       		.byte	86
 348 013f 08       		.byte	8
 349 0140 59       		.byte	89
 350 0141 04       		.byte	4
 351 0142 5A       		.byte	90
 352 0143 0B       		.byte	11
 353 0144 5B       		.byte	91
 354 0145 04       		.byte	4
 355 0146 5D       		.byte	93
 356 0147 99       		.byte	-103
 357 0148 5F       		.byte	95
 358 0149 01       		.byte	1
 359 014a 60       		.byte	96
 360 014b 40       		.byte	64
 361 014c 62       		.byte	98
 362 014d C0       		.byte	-64
 363 014e 64       		.byte	100
 364 014f 40       		.byte	64
 365 0150 65       		.byte	101
 366 0151 40       		.byte	64
 367 0152 66       		.byte	102
 368 0153 C0       		.byte	-64
 369 0154 68       		.byte	104
 370 0155 C0       		.byte	-64
 371 0156 6A       		.byte	106
 372 0157 C0       		.byte	-64
 373 0158 6C       		.byte	108
 374 0159 C0       		.byte	-64
 375 015a 6E       		.byte	110
 376 015b C0       		.byte	-64
 377 015c C0       		.byte	-64
 378 015d 20       		.byte	32
 379 015e C1       		.byte	-63
 380 015f 06       		.byte	6
 381 0160 C5       		.byte	-59
 382 0161 D0       		.byte	-48
 383 0162 C6       		.byte	-58
 384 0163 21       		.byte	33
 385 0164 C8       		.byte	-56
 386 0165 0E       		.byte	14
 387 0166 C9       		.byte	-55
 388 0167 FF       		.byte	-1
 389 0168 CA       		.byte	-54
 390 0169 FF       		.byte	-1
 391 016a CB       		.byte	-53
 392 016b FF       		.byte	-1
 393 016c CD       		.byte	-51
 394 016d AF       		.byte	-81
 395 016e CE       		.byte	-50
 396 016f 0F       		.byte	15
 397 0170 CF       		.byte	-49
 398 0171 04       		.byte	4
 399 0172 D0       		.byte	-48
ARM GAS  C:\Users\sdysart\AppData\Local\Temp\ccT0xUgT.s 			page 8


 400 0173 18       		.byte	24
 401 0174 DA       		.byte	-38
 402 0175 0B       		.byte	11
 403 0176 DD       		.byte	-35
 404 0177 09       		.byte	9
 405 0178 DF       		.byte	-33
 406 0179 01       		.byte	1
 407 017a E0       		.byte	-32
 408 017b 40       		.byte	64
 409 017c E2       		.byte	-30
 410 017d C0       		.byte	-64
 411 017e E4       		.byte	-28
 412 017f 40       		.byte	64
 413 0180 E5       		.byte	-27
 414 0181 40       		.byte	64
 415 0182 E6       		.byte	-26
 416 0183 C0       		.byte	-64
 417 0184 E8       		.byte	-24
 418 0185 C0       		.byte	-64
 419 0186 EA       		.byte	-22
 420 0187 C0       		.byte	-64
 421 0188 EC       		.byte	-20
 422 0189 C0       		.byte	-64
 423 018a EE       		.byte	-18
 424 018b C0       		.byte	-64
 425 018c 24       		.byte	36
 426 018d 80       		.byte	-128
 427 018e 2F       		.byte	47
 428 018f 60       		.byte	96
 429 0190 40       		.byte	64
 430 0191 08       		.byte	8
 431 0192 44       		.byte	68
 432 0193 08       		.byte	8
 433 0194 46       		.byte	70
 434 0195 10       		.byte	16
 435 0196 4B       		.byte	75
 436 0197 21       		.byte	33
 437 0198 50       		.byte	80
 438 0199 10       		.byte	16
 439 019a 51       		.byte	81
 440 019b 40       		.byte	64
 441 019c 52       		.byte	82
 442 019d 10       		.byte	16
 443 019e 53       		.byte	83
 444 019f 10       		.byte	16
 445 01a0 5E       		.byte	94
 446 01a1 80       		.byte	-128
 447 01a2 64       		.byte	100
 448 01a3 03       		.byte	3
 449 01a4 65       		.byte	101
 450 01a5 40       		.byte	64
 451 01a6 78       		.byte	120
 452 01a7 01       		.byte	1
 453 01a8 7C       		.byte	124
 454 01a9 02       		.byte	2
 455 01aa 81       		.byte	-127
 456 01ab 40       		.byte	64
ARM GAS  C:\Users\sdysart\AppData\Local\Temp\ccT0xUgT.s 			page 9


 457 01ac 89       		.byte	-119
 458 01ad 40       		.byte	64
 459 01ae 8C       		.byte	-116
 460 01af 10       		.byte	16
 461 01b0 CA       		.byte	-54
 462 01b1 C0       		.byte	-64
 463 01b2 D0       		.byte	-48
 464 01b3 64       		.byte	100
 465 01b4 D2       		.byte	-46
 466 01b5 04       		.byte	4
 467 01b6 D6       		.byte	-42
 468 01b7 10       		.byte	16
 469 01b8 D8       		.byte	-40
 470 01b9 10       		.byte	16
 471 01ba DE       		.byte	-34
 472 01bb 81       		.byte	-127
 473 01bc E0       		.byte	-32
 474 01bd 01       		.byte	1
 475 01be 02       		.byte	2
 476 01bf 01       		.byte	1
 477 01c0 0E       		.byte	14
 478 01c1 02       		.byte	2
 479 01c2 24       		.byte	36
 480 01c3 01       		.byte	1
 481 01c4 2A       		.byte	42
 482 01c5 02       		.byte	2
 483 01c6 2F       		.byte	47
 484 01c7 01       		.byte	1
 485 01c8 30       		.byte	48
 486 01c9 01       		.byte	1
 487 01ca 34       		.byte	52
 488 01cb 02       		.byte	2
 489 01cc 35       		.byte	53
 490 01cd 01       		.byte	1
 491 01ce 3E       		.byte	62
 492 01cf 10       		.byte	16
 493 01d0 41       		.byte	65
 494 01d1 04       		.byte	4
 495 01d2 44       		.byte	68
 496 01d3 02       		.byte	2
 497 01d4 46       		.byte	70
 498 01d5 0B       		.byte	11
 499 01d6 48       		.byte	72
 500 01d7 04       		.byte	4
 501 01d8 49       		.byte	73
 502 01d9 FF       		.byte	-1
 503 01da 4A       		.byte	74
 504 01db FF       		.byte	-1
 505 01dc 4B       		.byte	75
 506 01dd FF       		.byte	-1
 507 01de 4C       		.byte	76
 508 01df EF       		.byte	-17
 509 01e0 4D       		.byte	77
 510 01e1 55       		.byte	85
 511 01e2 4E       		.byte	78
 512 01e3 70       		.byte	112
 513 01e4 4F       		.byte	79
ARM GAS  C:\Users\sdysart\AppData\Local\Temp\ccT0xUgT.s 			page 10


 514 01e5 48       		.byte	72
 515 01e6 50       		.byte	80
 516 01e7 1C       		.byte	28
 517 01e8 58       		.byte	88
 518 01e9 0B       		.byte	11
 519 01ea 59       		.byte	89
 520 01eb 0B       		.byte	11
 521 01ec 5A       		.byte	90
 522 01ed 04       		.byte	4
 523 01ee 5B       		.byte	91
 524 01ef 04       		.byte	4
 525 01f0 5C       		.byte	92
 526 01f1 99       		.byte	-103
 527 01f2 5D       		.byte	93
 528 01f3 11       		.byte	17
 529 01f4 5F       		.byte	95
 530 01f5 01       		.byte	1
 531 01f6 61       		.byte	97
 532 01f7 08       		.byte	8
 533 01f8 63       		.byte	99
 534 01f9 08       		.byte	8
 535 01fa 65       		.byte	101
 536 01fb 08       		.byte	8
 537 01fc 67       		.byte	103
 538 01fd 08       		.byte	8
 539 01fe 68       		.byte	104
 540 01ff 50       		.byte	80
 541 0200 69       		.byte	105
 542 0201 0A       		.byte	10
 543 0202 6A       		.byte	106
 544 0203 40       		.byte	64
 545 0204 6B       		.byte	107
 546 0205 A8       		.byte	-88
 547 0206 6C       		.byte	108
 548 0207 C0       		.byte	-64
 549 0208 6E       		.byte	110
 550 0209 40       		.byte	64
 551 020a 6F       		.byte	111
 552 020b A8       		.byte	-88
 553 020c C1       		.byte	-63
 554 020d 05       		.byte	5
 555 020e C4       		.byte	-60
 556 020f 02       		.byte	2
 557 0210 C9       		.byte	-55
 558 0211 FF       		.byte	-1
 559 0212 CA       		.byte	-54
 560 0213 FF       		.byte	-1
 561 0214 CB       		.byte	-53
 562 0215 FF       		.byte	-1
 563 0216 CC       		.byte	-52
 564 0217 EF       		.byte	-17
 565 0218 CD       		.byte	-51
 566 0219 55       		.byte	85
 567 021a CE       		.byte	-50
 568 021b 72       		.byte	114
 569 021c CF       		.byte	-49
 570 021d 48       		.byte	72
ARM GAS  C:\Users\sdysart\AppData\Local\Temp\ccT0xUgT.s 			page 11


 571 021e D0       		.byte	-48
 572 021f 1C       		.byte	28
 573 0220 D2       		.byte	-46
 574 0221 01       		.byte	1
 575 0222 DA       		.byte	-38
 576 0223 04       		.byte	4
 577 0224 DB       		.byte	-37
 578 0225 04       		.byte	4
 579 0226 DD       		.byte	-35
 580 0227 11       		.byte	17
 581 0228 DF       		.byte	-33
 582 0229 01       		.byte	1
 583 022a E1       		.byte	-31
 584 022b 08       		.byte	8
 585 022c E3       		.byte	-29
 586 022d 08       		.byte	8
 587 022e E5       		.byte	-27
 588 022f 08       		.byte	8
 589 0230 E7       		.byte	-25
 590 0231 08       		.byte	8
 591 0232 E8       		.byte	-24
 592 0233 50       		.byte	80
 593 0234 E9       		.byte	-23
 594 0235 0A       		.byte	10
 595 0236 EA       		.byte	-22
 596 0237 40       		.byte	64
 597 0238 EB       		.byte	-21
 598 0239 A8       		.byte	-88
 599 023a EC       		.byte	-20
 600 023b C0       		.byte	-64
 601 023c EE       		.byte	-18
 602 023d 40       		.byte	64
 603 023e EF       		.byte	-17
 604 023f A8       		.byte	-88
 605 0240 05       		.byte	5
 606 0241 40       		.byte	64
 607 0242 06       		.byte	6
 608 0243 80       		.byte	-128
 609 0244 17       		.byte	23
 610 0245 18       		.byte	24
 611 0246 1E       		.byte	30
 612 0247 48       		.byte	72
 613 0248 27       		.byte	39
 614 0249 08       		.byte	8
 615 024a 2E       		.byte	46
 616 024b 80       		.byte	-128
 617 024c 41       		.byte	65
 618 024d 20       		.byte	32
 619 024e 45       		.byte	69
 620 024f 20       		.byte	32
 621 0250 47       		.byte	71
 622 0251 02       		.byte	2
 623 0252 48       		.byte	72
 624 0253 01       		.byte	1
 625 0254 57       		.byte	87
 626 0255 80       		.byte	-128
 627 0256 5D       		.byte	93
ARM GAS  C:\Users\sdysart\AppData\Local\Temp\ccT0xUgT.s 			page 12


 628 0257 01       		.byte	1
 629 0258 66       		.byte	102
 630 0259 08       		.byte	8
 631 025a 67       		.byte	103
 632 025b 05       		.byte	5
 633 025c 68       		.byte	104
 634 025d 01       		.byte	1
 635 025e 6B       		.byte	107
 636 025f 02       		.byte	2
 637 0260 7E       		.byte	126
 638 0261 80       		.byte	-128
 639 0262 82       		.byte	-126
 640 0263 80       		.byte	-128
 641 0264 8A       		.byte	-118
 642 0265 80       		.byte	-128
 643 0266 8F       		.byte	-113
 644 0267 10       		.byte	16
 645 0268 C0       		.byte	-64
 646 0269 90       		.byte	-112
 647 026a C4       		.byte	-60
 648 026b 60       		.byte	96
 649 026c CA       		.byte	-54
 650 026d 10       		.byte	16
 651 026e D0       		.byte	-48
 652 026f A4       		.byte	-92
 653 0270 D2       		.byte	-46
 654 0271 08       		.byte	8
 655 0272 D6       		.byte	-42
 656 0273 80       		.byte	-128
 657 0274 D8       		.byte	-40
 658 0275 70       		.byte	112
 659 0276 DE       		.byte	-34
 660 0277 80       		.byte	-128
 661 0278 E0       		.byte	-32
 662 0279 80       		.byte	-128
 663 027a E4       		.byte	-28
 664 027b 40       		.byte	64
 665 027c 41       		.byte	65
 666 027d 05       		.byte	5
 667 027e 44       		.byte	68
 668 027f 02       		.byte	2
 669 0280 49       		.byte	73
 670 0281 FF       		.byte	-1
 671 0282 4A       		.byte	74
 672 0283 FF       		.byte	-1
 673 0284 4B       		.byte	75
 674 0285 FF       		.byte	-1
 675 0286 4C       		.byte	76
 676 0287 EF       		.byte	-17
 677 0288 4D       		.byte	77
 678 0289 55       		.byte	85
 679 028a 4E       		.byte	78
 680 028b 72       		.byte	114
 681 028c 4F       		.byte	79
 682 028d 48       		.byte	72
 683 028e 50       		.byte	80
 684 028f 1C       		.byte	28
ARM GAS  C:\Users\sdysart\AppData\Local\Temp\ccT0xUgT.s 			page 13


 685 0290 5A       		.byte	90
 686 0291 04       		.byte	4
 687 0292 5D       		.byte	93
 688 0293 01       		.byte	1
 689 0294 5F       		.byte	95
 690 0295 01       		.byte	1
 691 0296 61       		.byte	97
 692 0297 08       		.byte	8
 693 0298 63       		.byte	99
 694 0299 08       		.byte	8
 695 029a 65       		.byte	101
 696 029b 08       		.byte	8
 697 029c 67       		.byte	103
 698 029d 08       		.byte	8
 699 029e 68       		.byte	104
 700 029f 50       		.byte	80
 701 02a0 69       		.byte	105
 702 02a1 0A       		.byte	10
 703 02a2 6A       		.byte	106
 704 02a3 40       		.byte	64
 705 02a4 6B       		.byte	107
 706 02a5 A8       		.byte	-88
 707 02a6 6C       		.byte	108
 708 02a7 C0       		.byte	-64
 709 02a8 6E       		.byte	110
 710 02a9 40       		.byte	64
 711 02aa 6F       		.byte	111
 712 02ab A8       		.byte	-88
 713 02ac 8E       		.byte	-114
 714 02ad 01       		.byte	1
 715 02ae A2       		.byte	-94
 716 02af 01       		.byte	1
 717 02b0 AE       		.byte	-82
 718 02b1 02       		.byte	2
 719 02b2 B4       		.byte	-76
 720 02b3 01       		.byte	1
 721 02b4 B6       		.byte	-74
 722 02b5 02       		.byte	2
 723 02b6 C1       		.byte	-63
 724 02b7 04       		.byte	4
 725 02b8 C4       		.byte	-60
 726 02b9 02       		.byte	2
 727 02ba C5       		.byte	-59
 728 02bb ED       		.byte	-19
 729 02bc C6       		.byte	-58
 730 02bd 0C       		.byte	12
 731 02be C7       		.byte	-57
 732 02bf 0F       		.byte	15
 733 02c0 C8       		.byte	-56
 734 02c1 17       		.byte	23
 735 02c2 C9       		.byte	-55
 736 02c3 FF       		.byte	-1
 737 02c4 CA       		.byte	-54
 738 02c5 FF       		.byte	-1
 739 02c6 CB       		.byte	-53
 740 02c7 FF       		.byte	-1
 741 02c8 CC       		.byte	-52
ARM GAS  C:\Users\sdysart\AppData\Local\Temp\ccT0xUgT.s 			page 14


 742 02c9 EA       		.byte	-22
 743 02ca CD       		.byte	-51
 744 02cb 55       		.byte	85
 745 02cc CE       		.byte	-50
 746 02cd F2       		.byte	-14
 747 02ce CF       		.byte	-49
 748 02cf 48       		.byte	72
 749 02d0 D0       		.byte	-48
 750 02d1 1C       		.byte	28
 751 02d2 D2       		.byte	-46
 752 02d3 80       		.byte	-128
 753 02d4 D4       		.byte	-44
 754 02d5 05       		.byte	5
 755 02d6 D8       		.byte	-40
 756 02d7 0B       		.byte	11
 757 02d8 DA       		.byte	-38
 758 02d9 04       		.byte	4
 759 02da DB       		.byte	-37
 760 02db 0B       		.byte	11
 761 02dc DC       		.byte	-36
 762 02dd 09       		.byte	9
 763 02de DD       		.byte	-35
 764 02df 91       		.byte	-111
 765 02e0 DF       		.byte	-33
 766 02e1 01       		.byte	1
 767 02e2 E1       		.byte	-31
 768 02e3 08       		.byte	8
 769 02e4 E3       		.byte	-29
 770 02e5 08       		.byte	8
 771 02e6 E5       		.byte	-27
 772 02e7 08       		.byte	8
 773 02e8 E7       		.byte	-25
 774 02e9 08       		.byte	8
 775 02ea E8       		.byte	-24
 776 02eb 50       		.byte	80
 777 02ec E9       		.byte	-23
 778 02ed 0A       		.byte	10
 779 02ee EA       		.byte	-22
 780 02ef 40       		.byte	64
 781 02f0 EB       		.byte	-21
 782 02f1 A8       		.byte	-88
 783 02f2 EC       		.byte	-20
 784 02f3 C0       		.byte	-64
 785 02f4 EE       		.byte	-18
 786 02f5 40       		.byte	64
 787 02f6 EF       		.byte	-17
 788 02f7 A8       		.byte	-88
 789 02f8 01       		.byte	1
 790 02f9 01       		.byte	1
 791 02fa 02       		.byte	2
 792 02fb 40       		.byte	64
 793 02fc 05       		.byte	5
 794 02fd 40       		.byte	64
 795 02fe 16       		.byte	22
 796 02ff 80       		.byte	-128
 797 0300 17       		.byte	23
 798 0301 80       		.byte	-128
ARM GAS  C:\Users\sdysart\AppData\Local\Temp\ccT0xUgT.s 			page 15


 799 0302 1D       		.byte	29
 800 0303 60       		.byte	96
 801 0304 1F       		.byte	31
 802 0305 80       		.byte	-128
 803 0306 41       		.byte	65
 804 0307 20       		.byte	32
 805 0308 45       		.byte	69
 806 0309 20       		.byte	32
 807 030a 47       		.byte	71
 808 030b 02       		.byte	2
 809 030c 48       		.byte	72
 810 030d 01       		.byte	1
 811 030e 4F       		.byte	79
 812 030f 05       		.byte	5
 813 0310 56       		.byte	86
 814 0311 48       		.byte	72
 815 0312 5C       		.byte	92
 816 0313 01       		.byte	1
 817 0314 5E       		.byte	94
 818 0315 48       		.byte	72
 819 0316 77       		.byte	119
 820 0317 80       		.byte	-128
 821 0318 7E       		.byte	126
 822 0319 80       		.byte	-128
 823 031a 80       		.byte	-128
 824 031b 01       		.byte	1
 825 031c 85       		.byte	-123
 826 031d 20       		.byte	32
 827 031e 8F       		.byte	-113
 828 031f 80       		.byte	-128
 829 0320 92       		.byte	-110
 830 0321 40       		.byte	64
 831 0322 95       		.byte	-107
 832 0323 01       		.byte	1
 833 0324 97       		.byte	-105
 834 0325 05       		.byte	5
 835 0326 9A       		.byte	-102
 836 0327 80       		.byte	-128
 837 0328 9B       		.byte	-101
 838 0329 02       		.byte	2
 839 032a 9D       		.byte	-99
 840 032b 40       		.byte	64
 841 032c 9E       		.byte	-98
 842 032d 08       		.byte	8
 843 032e A0       		.byte	-96
 844 032f 01       		.byte	1
 845 0330 A2       		.byte	-94
 846 0331 84       		.byte	-124
 847 0332 A5       		.byte	-91
 848 0333 20       		.byte	32
 849 0334 B7       		.byte	-73
 850 0335 80       		.byte	-128
 851 0336 C0       		.byte	-64
 852 0337 80       		.byte	-128
 853 0338 C4       		.byte	-60
 854 0339 90       		.byte	-112
 855 033a D0       		.byte	-48
ARM GAS  C:\Users\sdysart\AppData\Local\Temp\ccT0xUgT.s 			page 16


 856 033b A4       		.byte	-92
 857 033c D2       		.byte	-46
 858 033d 08       		.byte	8
 859 033e D6       		.byte	-42
 860 033f D0       		.byte	-48
 861 0340 DE       		.byte	-34
 862 0341 80       		.byte	-128
 863 0342 E2       		.byte	-30
 864 0343 40       		.byte	64
 865 0344 EA       		.byte	-22
 866 0345 40       		.byte	64
 867 0346 32       		.byte	50
 868 0347 20       		.byte	32
 869 0348 CC       		.byte	-52
 870 0349 10       		.byte	16
 871 034a 55       		.byte	85
 872 034b 08       		.byte	8
 873 034c 5F       		.byte	95
 874 034d 02       		.byte	2
 875 034e A6       		.byte	-90
 876 034f 20       		.byte	32
 877 0350 D4       		.byte	-44
 878 0351 40       		.byte	64
 879 0352 D6       		.byte	-42
 880 0353 80       		.byte	-128
 881 0354 9B       		.byte	-101
 882 0355 02       		.byte	2
 883 0356 A5       		.byte	-91
 884 0357 08       		.byte	8
 885 0358 A6       		.byte	-90
 886 0359 20       		.byte	32
 887 035a AF       		.byte	-81
 888 035b 02       		.byte	2
 889 035c EE       		.byte	-18
 890 035d 40       		.byte	64
 891 035e 9B       		.byte	-101
 892 035f 02       		.byte	2
 893 0360 A5       		.byte	-91
 894 0361 08       		.byte	8
 895 0362 AE       		.byte	-82
 896 0363 20       		.byte	32
 897 0364 EE       		.byte	-18
 898 0365 40       		.byte	64
 899 0366 2B       		.byte	43
 900 0367 08       		.byte	8
 901 0368 CA       		.byte	-54
 902 0369 08       		.byte	8
 903 036a A3       		.byte	-93
 904 036b 08       		.byte	8
 905 036c AF       		.byte	-81
 906 036d 08       		.byte	8
 907 036e 9B       		.byte	-101
 908 036f 02       		.byte	2
 909 0370 A5       		.byte	-91
 910 0371 08       		.byte	8
 911 0372 02       		.byte	2
 912 0373 20       		.byte	32
ARM GAS  C:\Users\sdysart\AppData\Local\Temp\ccT0xUgT.s 			page 17


 913 0374 53       		.byte	83
 914 0375 80       		.byte	-128
 915 0376 56       		.byte	86
 916 0377 40       		.byte	64
 917 0378 5F       		.byte	95
 918 0379 02       		.byte	2
 919 037a 60       		.byte	96
 920 037b 01       		.byte	1
 921 037c 86       		.byte	-122
 922 037d 60       		.byte	96
 923 037e 90       		.byte	-112
 924 037f 01       		.byte	1
 925 0380 9B       		.byte	-101
 926 0381 02       		.byte	2
 927 0382 A3       		.byte	-93
 928 0383 80       		.byte	-128
 929 0384 A8       		.byte	-88
 930 0385 01       		.byte	1
 931 0386 A9       		.byte	-87
 932 0387 08       		.byte	8
 933 0388 B7       		.byte	-73
 934 0389 80       		.byte	-128
 935 038a C0       		.byte	-64
 936 038b 10       		.byte	16
 937 038c D4       		.byte	-44
 938 038d 60       		.byte	96
 939 038e D6       		.byte	-42
 940 038f C0       		.byte	-64
 941 0390 E2       		.byte	-30
 942 0391 10       		.byte	16
 943 0392 E4       		.byte	-28
 944 0393 40       		.byte	64
 945 0394 EA       		.byte	-22
 946 0395 80       		.byte	-128
 947 0396 00       		.byte	0
 948 0397 01       		.byte	1
 949 0398 0A       		.byte	10
 950 0399 01       		.byte	1
 951 039a 10       		.byte	16
 952 039b 02       		.byte	2
 953 039c 11       		.byte	17
 954 039d 01       		.byte	1
 955 039e 1B       		.byte	27
 956 039f 01       		.byte	1
 957 03a0 1C       		.byte	28
 958 03a1 02       		.byte	2
 959 03a2 1D       		.byte	29
 960 03a3 01       		.byte	1
 961 03a4 00       		.byte	0
 962 03a5 03       		.byte	3
 963 03a6 00       		.byte	0
 964 03a7 00       		.byte	0
 965 03a8 00       		.byte	0
 966 03a9 52       		.byte	82
 967 03aa 52       		.byte	82
 968 03ab 00       		.byte	0
 969 03ac 42       		.byte	66
ARM GAS  C:\Users\sdysart\AppData\Local\Temp\ccT0xUgT.s 			page 18


 970 03ad 00       		.byte	0
 971 03ae 01       		.byte	1
 972 03af 00       		.byte	0
 973 03b0 00       		.byte	0
 974 03b1 0B       		.byte	11
 975 03b2 0B       		.byte	11
 976 03b3 00       		.byte	0
 977 03b4 00       		.byte	0
 978 03b5 00       		.byte	0
 979 03b6 00       		.byte	0
 980 03b7 00       		.byte	0
 981 03b8 00       		.byte	0
 982 03b9 7F       		.byte	127
 983 03ba 7F       		.byte	127
 984 03bb 00       		.byte	0
 985 03bc 00       		.byte	0
 986 03bd 00       		.byte	0
 987 03be 00       		.byte	0
 988 03bf 00       		.byte	0
 989 03c0 01       		.byte	1
 990 03c1 5C       		.byte	92
 991 03c2 5C       		.byte	92
 992 03c3 00       		.byte	0
 993 03c4 5C       		.byte	92
 994 03c5 00       		.byte	0
 995 03c6 00       		.byte	0
 996 03c7 00       		.byte	0
 997              		.section	.cywolatch,"a",%progbits
 998              		.align	2
 999              		.type	cy_meta_wonvl, %object
 1000              		.size	cy_meta_wonvl, 4
 1001              	cy_meta_wonvl:
 1002 0000 BC       		.byte	-68
 1003 0001 90       		.byte	-112
 1004 0002 AC       		.byte	-84
 1005 0003 AF       		.byte	-81
 1006              		.section	.cycustnvl,"a",%progbits
 1007              		.align	2
 1008              		.type	cy_meta_custnvl, %object
 1009              		.size	cy_meta_custnvl, 4
 1010              	cy_meta_custnvl:
 1011 0000 00       		.byte	0
 1012 0001 00       		.byte	0
 1013 0002 40       		.byte	64
 1014 0003 05       		.byte	5
 1015              		.section	.cymeta,"a",%progbits
 1016              		.align	2
 1017              		.type	cy_metadata, %object
 1018              		.size	cy_metadata, 12
 1019              	cy_metadata:
 1020 0000 00       		.byte	0
 1021 0001 01       		.byte	1
 1022 0002 2E       		.byte	46
 1023 0003 16       		.byte	22
 1024 0004 10       		.byte	16
 1025 0005 69       		.byte	105
 1026 0006 00       		.byte	0
ARM GAS  C:\Users\sdysart\AppData\Local\Temp\ccT0xUgT.s 			page 19


 1027 0007 01       		.byte	1
 1028 0008 00       		.byte	0
 1029 0009 00       		.byte	0
 1030 000a 00       		.byte	0
 1031 000b 00       		.byte	0
 1032              		.section	.cyflashprotect,"a",%progbits
 1033              		.align	2
 1034              		.type	cy_meta_flashprotect, %object
 1035              		.size	cy_meta_flashprotect, 256
 1036              	cy_meta_flashprotect:
 1037 0000 00000000 		.space	256
 1037      00000000 
 1037      00000000 
 1037      00000000 
 1037      00000000 
 1038              		.text
 1039              	.Letext0:
 1040              		.file 1 "c:\\program files (x86)\\cypress\\psoc creator\\4.1\\psoc creator\\import\\gnu\\arm\\5.4.
 1041              		.file 2 "c:\\program files (x86)\\cypress\\psoc creator\\4.1\\psoc creator\\import\\gnu\\arm\\5.4.
 1042              		.file 3 "Generated_Source\\PSoC5\\cymetadata.c"
 1043              		.section	.debug_info,"",%progbits
 1044              	.Ldebug_info0:
 1045 0000 31010000 		.4byte	0x131
 1046 0004 0400     		.2byte	0x4
 1047 0006 00000000 		.4byte	.Ldebug_abbrev0
 1048 000a 04       		.byte	0x4
 1049 000b 01       		.uleb128 0x1
 1050 000c 24000000 		.4byte	.LASF17
 1051 0010 0C       		.byte	0xc
 1052 0011 C2010000 		.4byte	.LASF18
 1053 0015 72010000 		.4byte	.LASF19
 1054 0019 00000000 		.4byte	.Ldebug_line0
 1055 001d 02       		.uleb128 0x2
 1056 001e 01       		.byte	0x1
 1057 001f 06       		.byte	0x6
 1058 0020 B6010000 		.4byte	.LASF0
 1059 0024 03       		.uleb128 0x3
 1060 0025 00000000 		.4byte	.LASF9
 1061 0029 01       		.byte	0x1
 1062 002a 1D       		.byte	0x1d
 1063 002b 2F000000 		.4byte	0x2f
 1064 002f 02       		.uleb128 0x2
 1065 0030 01       		.byte	0x1
 1066 0031 08       		.byte	0x8
 1067 0032 16000000 		.4byte	.LASF1
 1068 0036 02       		.uleb128 0x2
 1069 0037 02       		.byte	0x2
 1070 0038 05       		.byte	0x5
 1071 0039 5F010000 		.4byte	.LASF2
 1072 003d 02       		.uleb128 0x2
 1073 003e 02       		.byte	0x2
 1074 003f 07       		.byte	0x7
 1075 0040 C4000000 		.4byte	.LASF3
 1076 0044 02       		.uleb128 0x2
 1077 0045 04       		.byte	0x4
 1078 0046 05       		.byte	0x5
 1079 0047 69010000 		.4byte	.LASF4
ARM GAS  C:\Users\sdysart\AppData\Local\Temp\ccT0xUgT.s 			page 20


 1080 004b 02       		.uleb128 0x2
 1081 004c 04       		.byte	0x4
 1082 004d 07       		.byte	0x7
 1083 004e B2000000 		.4byte	.LASF5
 1084 0052 02       		.uleb128 0x2
 1085 0053 08       		.byte	0x8
 1086 0054 05       		.byte	0x5
 1087 0055 51010000 		.4byte	.LASF6
 1088 0059 02       		.uleb128 0x2
 1089 005a 08       		.byte	0x8
 1090 005b 07       		.byte	0x7
 1091 005c 06010000 		.4byte	.LASF7
 1092 0060 04       		.uleb128 0x4
 1093 0061 04       		.byte	0x4
 1094 0062 05       		.byte	0x5
 1095 0063 696E7400 		.ascii	"int\000"
 1096 0067 02       		.uleb128 0x2
 1097 0068 04       		.byte	0x4
 1098 0069 07       		.byte	0x7
 1099 006a F9000000 		.4byte	.LASF8
 1100 006e 03       		.uleb128 0x3
 1101 006f 1D010000 		.4byte	.LASF10
 1102 0073 02       		.byte	0x2
 1103 0074 18       		.byte	0x18
 1104 0075 24000000 		.4byte	0x24
 1105 0079 05       		.uleb128 0x5
 1106 007a 91000000 		.4byte	0x91
 1107 007e 8A000000 		.4byte	0x8a
 1108 0082 06       		.uleb128 0x6
 1109 0083 8A000000 		.4byte	0x8a
 1110 0087 C703     		.2byte	0x3c7
 1111 0089 00       		.byte	0
 1112 008a 02       		.uleb128 0x2
 1113 008b 04       		.byte	0x4
 1114 008c 07       		.byte	0x7
 1115 008d 48010000 		.4byte	.LASF11
 1116 0091 07       		.uleb128 0x7
 1117 0092 6E000000 		.4byte	0x6e
 1118 0096 08       		.uleb128 0x8
 1119 0097 E7000000 		.4byte	.LASF12
 1120 009b 03       		.byte	0x3
 1121 009c 1F       		.byte	0x1f
 1122 009d A7000000 		.4byte	0xa7
 1123 00a1 05       		.uleb128 0x5
 1124 00a2 03       		.byte	0x3
 1125 00a3 00000000 		.4byte	cy_meta_configecc
 1126 00a7 07       		.uleb128 0x7
 1127 00a8 79000000 		.4byte	0x79
 1128 00ac 05       		.uleb128 0x5
 1129 00ad 91000000 		.4byte	0x91
 1130 00b1 BC000000 		.4byte	0xbc
 1131 00b5 09       		.uleb128 0x9
 1132 00b6 8A000000 		.4byte	0x8a
 1133 00ba 03       		.byte	0x3
 1134 00bb 00       		.byte	0
 1135 00bc 08       		.uleb128 0x8
 1136 00bd D7000000 		.4byte	.LASF13
ARM GAS  C:\Users\sdysart\AppData\Local\Temp\ccT0xUgT.s 			page 21


 1137 00c1 03       		.byte	0x3
 1138 00c2 A5       		.byte	0xa5
 1139 00c3 CD000000 		.4byte	0xcd
 1140 00c7 05       		.uleb128 0x5
 1141 00c8 03       		.byte	0x3
 1142 00c9 00000000 		.4byte	cy_meta_custnvl
 1143 00cd 07       		.uleb128 0x7
 1144 00ce AC000000 		.4byte	0xac
 1145 00d2 08       		.uleb128 0x8
 1146 00d3 3A010000 		.4byte	.LASF14
 1147 00d7 03       		.byte	0x3
 1148 00d8 B3       		.byte	0xb3
 1149 00d9 E3000000 		.4byte	0xe3
 1150 00dd 05       		.uleb128 0x5
 1151 00de 03       		.byte	0x3
 1152 00df 00000000 		.4byte	cy_meta_wonvl
 1153 00e3 07       		.uleb128 0x7
 1154 00e4 AC000000 		.4byte	0xac
 1155 00e8 05       		.uleb128 0x5
 1156 00e9 91000000 		.4byte	0x91
 1157 00ed F8000000 		.4byte	0xf8
 1158 00f1 09       		.uleb128 0x9
 1159 00f2 8A000000 		.4byte	0x8a
 1160 00f6 FF       		.byte	0xff
 1161 00f7 00       		.byte	0
 1162 00f8 08       		.uleb128 0x8
 1163 00f9 25010000 		.4byte	.LASF15
 1164 00fd 03       		.byte	0x3
 1165 00fe C1       		.byte	0xc1
 1166 00ff 09010000 		.4byte	0x109
 1167 0103 05       		.uleb128 0x5
 1168 0104 03       		.byte	0x3
 1169 0105 00000000 		.4byte	cy_meta_flashprotect
 1170 0109 07       		.uleb128 0x7
 1171 010a E8000000 		.4byte	0xe8
 1172 010e 05       		.uleb128 0x5
 1173 010f 91000000 		.4byte	0x91
 1174 0113 1E010000 		.4byte	0x11e
 1175 0117 09       		.uleb128 0x9
 1176 0118 8A000000 		.4byte	0x8a
 1177 011c 0B       		.byte	0xb
 1178 011d 00       		.byte	0
 1179 011e 08       		.uleb128 0x8
 1180 011f 0A000000 		.4byte	.LASF16
 1181 0123 03       		.byte	0x3
 1182 0124 EE       		.byte	0xee
 1183 0125 2F010000 		.4byte	0x12f
 1184 0129 05       		.uleb128 0x5
 1185 012a 03       		.byte	0x3
 1186 012b 00000000 		.4byte	cy_metadata
 1187 012f 07       		.uleb128 0x7
 1188 0130 0E010000 		.4byte	0x10e
 1189 0134 00       		.byte	0
 1190              		.section	.debug_abbrev,"",%progbits
 1191              	.Ldebug_abbrev0:
 1192 0000 01       		.uleb128 0x1
 1193 0001 11       		.uleb128 0x11
ARM GAS  C:\Users\sdysart\AppData\Local\Temp\ccT0xUgT.s 			page 22


 1194 0002 01       		.byte	0x1
 1195 0003 25       		.uleb128 0x25
 1196 0004 0E       		.uleb128 0xe
 1197 0005 13       		.uleb128 0x13
 1198 0006 0B       		.uleb128 0xb
 1199 0007 03       		.uleb128 0x3
 1200 0008 0E       		.uleb128 0xe
 1201 0009 1B       		.uleb128 0x1b
 1202 000a 0E       		.uleb128 0xe
 1203 000b 10       		.uleb128 0x10
 1204 000c 17       		.uleb128 0x17
 1205 000d 00       		.byte	0
 1206 000e 00       		.byte	0
 1207 000f 02       		.uleb128 0x2
 1208 0010 24       		.uleb128 0x24
 1209 0011 00       		.byte	0
 1210 0012 0B       		.uleb128 0xb
 1211 0013 0B       		.uleb128 0xb
 1212 0014 3E       		.uleb128 0x3e
 1213 0015 0B       		.uleb128 0xb
 1214 0016 03       		.uleb128 0x3
 1215 0017 0E       		.uleb128 0xe
 1216 0018 00       		.byte	0
 1217 0019 00       		.byte	0
 1218 001a 03       		.uleb128 0x3
 1219 001b 16       		.uleb128 0x16
 1220 001c 00       		.byte	0
 1221 001d 03       		.uleb128 0x3
 1222 001e 0E       		.uleb128 0xe
 1223 001f 3A       		.uleb128 0x3a
 1224 0020 0B       		.uleb128 0xb
 1225 0021 3B       		.uleb128 0x3b
 1226 0022 0B       		.uleb128 0xb
 1227 0023 49       		.uleb128 0x49
 1228 0024 13       		.uleb128 0x13
 1229 0025 00       		.byte	0
 1230 0026 00       		.byte	0
 1231 0027 04       		.uleb128 0x4
 1232 0028 24       		.uleb128 0x24
 1233 0029 00       		.byte	0
 1234 002a 0B       		.uleb128 0xb
 1235 002b 0B       		.uleb128 0xb
 1236 002c 3E       		.uleb128 0x3e
 1237 002d 0B       		.uleb128 0xb
 1238 002e 03       		.uleb128 0x3
 1239 002f 08       		.uleb128 0x8
 1240 0030 00       		.byte	0
 1241 0031 00       		.byte	0
 1242 0032 05       		.uleb128 0x5
 1243 0033 01       		.uleb128 0x1
 1244 0034 01       		.byte	0x1
 1245 0035 49       		.uleb128 0x49
 1246 0036 13       		.uleb128 0x13
 1247 0037 01       		.uleb128 0x1
 1248 0038 13       		.uleb128 0x13
 1249 0039 00       		.byte	0
 1250 003a 00       		.byte	0
ARM GAS  C:\Users\sdysart\AppData\Local\Temp\ccT0xUgT.s 			page 23


 1251 003b 06       		.uleb128 0x6
 1252 003c 21       		.uleb128 0x21
 1253 003d 00       		.byte	0
 1254 003e 49       		.uleb128 0x49
 1255 003f 13       		.uleb128 0x13
 1256 0040 2F       		.uleb128 0x2f
 1257 0041 05       		.uleb128 0x5
 1258 0042 00       		.byte	0
 1259 0043 00       		.byte	0
 1260 0044 07       		.uleb128 0x7
 1261 0045 26       		.uleb128 0x26
 1262 0046 00       		.byte	0
 1263 0047 49       		.uleb128 0x49
 1264 0048 13       		.uleb128 0x13
 1265 0049 00       		.byte	0
 1266 004a 00       		.byte	0
 1267 004b 08       		.uleb128 0x8
 1268 004c 34       		.uleb128 0x34
 1269 004d 00       		.byte	0
 1270 004e 03       		.uleb128 0x3
 1271 004f 0E       		.uleb128 0xe
 1272 0050 3A       		.uleb128 0x3a
 1273 0051 0B       		.uleb128 0xb
 1274 0052 3B       		.uleb128 0x3b
 1275 0053 0B       		.uleb128 0xb
 1276 0054 49       		.uleb128 0x49
 1277 0055 13       		.uleb128 0x13
 1278 0056 3F       		.uleb128 0x3f
 1279 0057 19       		.uleb128 0x19
 1280 0058 02       		.uleb128 0x2
 1281 0059 18       		.uleb128 0x18
 1282 005a 00       		.byte	0
 1283 005b 00       		.byte	0
 1284 005c 09       		.uleb128 0x9
 1285 005d 21       		.uleb128 0x21
 1286 005e 00       		.byte	0
 1287 005f 49       		.uleb128 0x49
 1288 0060 13       		.uleb128 0x13
 1289 0061 2F       		.uleb128 0x2f
 1290 0062 0B       		.uleb128 0xb
 1291 0063 00       		.byte	0
 1292 0064 00       		.byte	0
 1293 0065 00       		.byte	0
 1294              		.section	.debug_aranges,"",%progbits
 1295 0000 14000000 		.4byte	0x14
 1296 0004 0200     		.2byte	0x2
 1297 0006 00000000 		.4byte	.Ldebug_info0
 1298 000a 04       		.byte	0x4
 1299 000b 00       		.byte	0
 1300 000c 0000     		.2byte	0
 1301 000e 0000     		.2byte	0
 1302 0010 00000000 		.4byte	0
 1303 0014 00000000 		.4byte	0
 1304              		.section	.debug_line,"",%progbits
 1305              	.Ldebug_line0:
 1306 0000 3D010000 		.section	.debug_str,"MS",%progbits,1
 1306      02003701 
ARM GAS  C:\Users\sdysart\AppData\Local\Temp\ccT0xUgT.s 			page 24


 1306      00000201 
 1306      FB0E0D00 
 1306      01010101 
 1307              	.LASF9:
 1308 0000 5F5F7569 		.ascii	"__uint8_t\000"
 1308      6E74385F 
 1308      7400
 1309              	.LASF16:
 1310 000a 63795F6D 		.ascii	"cy_metadata\000"
 1310      65746164 
 1310      61746100 
 1311              	.LASF1:
 1312 0016 756E7369 		.ascii	"unsigned char\000"
 1312      676E6564 
 1312      20636861 
 1312      7200
 1313              	.LASF17:
 1314 0024 474E5520 		.ascii	"GNU C11 5.4.1 20160609 (release) [ARM/embedded-5-br"
 1314      43313120 
 1314      352E342E 
 1314      31203230 
 1314      31363036 
 1315 0057 616E6368 		.ascii	"anch revision 237715] -mcpu=cortex-m3 -mthumb -g -O"
 1315      20726576 
 1315      6973696F 
 1315      6E203233 
 1315      37373135 
 1316 008a 67202D66 		.ascii	"g -ffunction-sections -ffat-lto-objects\000"
 1316      66756E63 
 1316      74696F6E 
 1316      2D736563 
 1316      74696F6E 
 1317              	.LASF5:
 1318 00b2 6C6F6E67 		.ascii	"long unsigned int\000"
 1318      20756E73 
 1318      69676E65 
 1318      6420696E 
 1318      7400
 1319              	.LASF3:
 1320 00c4 73686F72 		.ascii	"short unsigned int\000"
 1320      7420756E 
 1320      7369676E 
 1320      65642069 
 1320      6E7400
 1321              	.LASF13:
 1322 00d7 63795F6D 		.ascii	"cy_meta_custnvl\000"
 1322      6574615F 
 1322      63757374 
 1322      6E766C00 
 1323              	.LASF12:
 1324 00e7 63795F6D 		.ascii	"cy_meta_configecc\000"
 1324      6574615F 
 1324      636F6E66 
 1324      69676563 
 1324      6300
 1325              	.LASF8:
 1326 00f9 756E7369 		.ascii	"unsigned int\000"
ARM GAS  C:\Users\sdysart\AppData\Local\Temp\ccT0xUgT.s 			page 25


 1326      676E6564 
 1326      20696E74 
 1326      00
 1327              	.LASF7:
 1328 0106 6C6F6E67 		.ascii	"long long unsigned int\000"
 1328      206C6F6E 
 1328      6720756E 
 1328      7369676E 
 1328      65642069 
 1329              	.LASF10:
 1330 011d 75696E74 		.ascii	"uint8_t\000"
 1330      385F7400 
 1331              	.LASF15:
 1332 0125 63795F6D 		.ascii	"cy_meta_flashprotect\000"
 1332      6574615F 
 1332      666C6173 
 1332      6870726F 
 1332      74656374 
 1333              	.LASF14:
 1334 013a 63795F6D 		.ascii	"cy_meta_wonvl\000"
 1334      6574615F 
 1334      776F6E76 
 1334      6C00
 1335              	.LASF11:
 1336 0148 73697A65 		.ascii	"sizetype\000"
 1336      74797065 
 1336      00
 1337              	.LASF6:
 1338 0151 6C6F6E67 		.ascii	"long long int\000"
 1338      206C6F6E 
 1338      6720696E 
 1338      7400
 1339              	.LASF2:
 1340 015f 73686F72 		.ascii	"short int\000"
 1340      7420696E 
 1340      7400
 1341              	.LASF4:
 1342 0169 6C6F6E67 		.ascii	"long int\000"
 1342      20696E74 
 1342      00
 1343              	.LASF19:
 1344 0172 433A5C55 		.ascii	"C:\\Users\\sdysart\\Documents\\UACS\\UACS\\HighFreq"
 1344      73657273 
 1344      5C736479 
 1344      73617274 
 1344      5C446F63 
 1345 019f 46534B5C 		.ascii	"FSK\\CrabsReceive.cydsn\000"
 1345      43726162 
 1345      73526563 
 1345      65697665 
 1345      2E637964 
 1346              	.LASF0:
 1347 01b6 7369676E 		.ascii	"signed char\000"
 1347      65642063 
 1347      68617200 
 1348              	.LASF18:
 1349 01c2 47656E65 		.ascii	"Generated_Source\\PSoC5\\cymetadata.c\000"
ARM GAS  C:\Users\sdysart\AppData\Local\Temp\ccT0xUgT.s 			page 26


 1349      72617465 
 1349      645F536F 
 1349      75726365 
 1349      5C50536F 
 1350              		.ident	"GCC: (GNU Tools for ARM Embedded Processors) 5.4.1 20160609 (release) [ARM/embedded-5-bran
