ARM GAS  C:\Users\sdysart\AppData\Local\Temp\ccKAUJbG.s 			page 1


   1              		.syntax unified
   2              		.cpu cortex-m3
   3              		.fpu softvfp
   4              		.eabi_attribute 20, 1
   5              		.eabi_attribute 21, 1
   6              		.eabi_attribute 23, 3
   7              		.eabi_attribute 24, 1
   8              		.eabi_attribute 25, 1
   9              		.eabi_attribute 26, 1
  10              		.eabi_attribute 30, 1
  11              		.eabi_attribute 34, 1
  12              		.eabi_attribute 18, 4
  13              		.thumb
  14              		.syntax unified
  15              		.file	"cymetadata.c"
  16              		.text
  17              	.Ltext0:
  18              		.cfi_sections	.debug_frame
  19              		.global	cy_metadata
  20              		.global	cy_meta_flashprotect
  21              		.global	cy_meta_wonvl
  22              		.global	cy_meta_custnvl
  23              		.global	cy_meta_configecc
  24              		.section	.cyconfigecc,"a",%progbits
  25              		.align	2
  26              		.type	cy_meta_configecc, %object
  27              		.size	cy_meta_configecc, 2380
  28              	cy_meta_configecc:
  29 0000 04       		.byte	4
  30 0001 52       		.byte	82
  31 0002 00       		.byte	0
  32 0003 40       		.byte	64
  33 0004 05       		.byte	5
  34 0005 64       		.byte	100
  35 0006 00       		.byte	0
  36 0007 40       		.byte	64
  37 0008 04       		.byte	4
  38 0009 65       		.byte	101
  39 000a 00       		.byte	0
  40 000b 40       		.byte	64
  41 000c 4D       		.byte	77
  42 000d 06       		.byte	6
  43 000e 01       		.byte	1
  44 000f 40       		.byte	64
  45 0010 28       		.byte	40
  46 0011 07       		.byte	7
  47 0012 01       		.byte	1
  48 0013 40       		.byte	64
  49 0014 3C       		.byte	60
  50 0015 08       		.byte	8
  51 0016 01       		.byte	1
  52 0017 40       		.byte	64
  53 0018 29       		.byte	41
  54 0019 09       		.byte	9
  55 001a 01       		.byte	1
  56 001b 40       		.byte	64
  57 001c 43       		.byte	67
ARM GAS  C:\Users\sdysart\AppData\Local\Temp\ccKAUJbG.s 			page 2


  58 001d 0A       		.byte	10
  59 001e 01       		.byte	1
  60 001f 40       		.byte	64
  61 0020 1F       		.byte	31
  62 0021 0B       		.byte	11
  63 0022 01       		.byte	1
  64 0023 40       		.byte	64
  65 0024 3F       		.byte	63
  66 0025 0C       		.byte	12
  67 0026 01       		.byte	1
  68 0027 40       		.byte	64
  69 0028 1E       		.byte	30
  70 0029 0D       		.byte	13
  71 002a 01       		.byte	1
  72 002b 40       		.byte	64
  73 002c 3F       		.byte	63
  74 002d 0E       		.byte	14
  75 002e 01       		.byte	1
  76 002f 40       		.byte	64
  77 0030 20       		.byte	32
  78 0031 0F       		.byte	15
  79 0032 01       		.byte	1
  80 0033 40       		.byte	64
  81 0034 3B       		.byte	59
  82 0035 14       		.byte	20
  83 0036 01       		.byte	1
  84 0037 40       		.byte	64
  85 0038 32       		.byte	50
  86 0039 15       		.byte	21
  87 003a 01       		.byte	1
  88 003b 40       		.byte	64
  89 003c 4D       		.byte	77
  90 003d 16       		.byte	22
  91 003e 01       		.byte	1
  92 003f 40       		.byte	64
  93 0040 34       		.byte	52
  94 0041 17       		.byte	23
  95 0042 01       		.byte	1
  96 0043 40       		.byte	64
  97 0044 52       		.byte	82
  98 0045 18       		.byte	24
  99 0046 01       		.byte	1
 100 0047 40       		.byte	64
 101 0048 2D       		.byte	45
 102 0049 19       		.byte	25
 103 004a 01       		.byte	1
 104 004b 40       		.byte	64
 105 004c 58       		.byte	88
 106 004d 1A       		.byte	26
 107 004e 01       		.byte	1
 108 004f 40       		.byte	64
 109 0050 3B       		.byte	59
 110 0051 1B       		.byte	27
 111 0052 01       		.byte	1
 112 0053 40       		.byte	64
 113 0054 06       		.byte	6
 114 0055 40       		.byte	64
ARM GAS  C:\Users\sdysart\AppData\Local\Temp\ccKAUJbG.s 			page 3


 115 0056 01       		.byte	1
 116 0057 40       		.byte	64
 117 0058 04       		.byte	4
 118 0059 41       		.byte	65
 119 005a 01       		.byte	1
 120 005b 40       		.byte	64
 121 005c 04       		.byte	4
 122 005d 42       		.byte	66
 123 005e 01       		.byte	1
 124 005f 40       		.byte	64
 125 0060 09       		.byte	9
 126 0061 43       		.byte	67
 127 0062 01       		.byte	1
 128 0063 40       		.byte	64
 129 0064 01       		.byte	1
 130 0065 44       		.byte	68
 131 0066 01       		.byte	1
 132 0067 40       		.byte	64
 133 0068 03       		.byte	3
 134 0069 45       		.byte	69
 135 006a 01       		.byte	1
 136 006b 40       		.byte	64
 137 006c 02       		.byte	2
 138 006d 46       		.byte	70
 139 006e 01       		.byte	1
 140 006f 40       		.byte	64
 141 0070 03       		.byte	3
 142 0071 47       		.byte	71
 143 0072 01       		.byte	1
 144 0073 40       		.byte	64
 145 0074 03       		.byte	3
 146 0075 48       		.byte	72
 147 0076 01       		.byte	1
 148 0077 40       		.byte	64
 149 0078 03       		.byte	3
 150 0079 49       		.byte	73
 151 007a 01       		.byte	1
 152 007b 40       		.byte	64
 153 007c 0A       		.byte	10
 154 007d 4C       		.byte	76
 155 007e 01       		.byte	1
 156 007f 40       		.byte	64
 157 0080 09       		.byte	9
 158 0081 4D       		.byte	77
 159 0082 01       		.byte	1
 160 0083 40       		.byte	64
 161 0084 0C       		.byte	12
 162 0085 50       		.byte	80
 163 0086 01       		.byte	1
 164 0087 40       		.byte	64
 165 0088 02       		.byte	2
 166 0089 51       		.byte	81
 167 008a 01       		.byte	1
 168 008b 40       		.byte	64
 169 008c 08       		.byte	8
 170 008d 60       		.byte	96
 171 008e 09       		.byte	9
ARM GAS  C:\Users\sdysart\AppData\Local\Temp\ccKAUJbG.s 			page 4


 172 008f 20       		.byte	32
 173 0090 61       		.byte	97
 174 0091 80       		.byte	-128
 175 0092 64       		.byte	100
 176 0093 40       		.byte	64
 177 0094 87       		.byte	-121
 178 0095 0D       		.byte	13
 179 0096 89       		.byte	-119
 180 0097 38       		.byte	56
 181 0098 8B       		.byte	-117
 182 0099 0D       		.byte	13
 183 009a 8D       		.byte	-115
 184 009b 0D       		.byte	13
 185 009c 8F       		.byte	-113
 186 009d 0D       		.byte	13
 187 009e 85       		.byte	-123
 188 009f 0F       		.byte	15
 189 00a0 87       		.byte	-121
 190 00a1 0D       		.byte	13
 191 00a2 89       		.byte	-119
 192 00a3 72       		.byte	114
 193 00a4 8B       		.byte	-117
 194 00a5 0D       		.byte	13
 195 00a6 01       		.byte	1
 196 00a7 0C       		.byte	12
 197 00a8 02       		.byte	2
 198 00a9 02       		.byte	2
 199 00aa 03       		.byte	3
 200 00ab 03       		.byte	3
 201 00ac 0A       		.byte	10
 202 00ad 06       		.byte	6
 203 00ae 0F       		.byte	15
 204 00af 08       		.byte	8
 205 00b0 12       		.byte	18
 206 00b1 03       		.byte	3
 207 00b2 13       		.byte	19
 208 00b3 03       		.byte	3
 209 00b4 19       		.byte	25
 210 00b5 01       		.byte	1
 211 00b6 1B       		.byte	27
 212 00b7 06       		.byte	6
 213 00b8 1E       		.byte	30
 214 00b9 01       		.byte	1
 215 00ba 2A       		.byte	42
 216 00bb 05       		.byte	5
 217 00bc 2B       		.byte	43
 218 00bd 0C       		.byte	12
 219 00be 2C       		.byte	44
 220 00bf 06       		.byte	6
 221 00c0 2D       		.byte	45
 222 00c1 01       		.byte	1
 223 00c2 2E       		.byte	46
 224 00c3 01       		.byte	1
 225 00c4 2F       		.byte	47
 226 00c5 0E       		.byte	14
 227 00c6 30       		.byte	48
 228 00c7 07       		.byte	7
ARM GAS  C:\Users\sdysart\AppData\Local\Temp\ccKAUJbG.s 			page 5


 229 00c8 31       		.byte	49
 230 00c9 0F       		.byte	15
 231 00ca 3A       		.byte	58
 232 00cb 02       		.byte	2
 233 00cc 3B       		.byte	59
 234 00cd 02       		.byte	2
 235 00ce 40       		.byte	64
 236 00cf 14       		.byte	20
 237 00d0 49       		.byte	73
 238 00d1 FF       		.byte	-1
 239 00d2 4A       		.byte	74
 240 00d3 FF       		.byte	-1
 241 00d4 4B       		.byte	75
 242 00d5 FF       		.byte	-1
 243 00d6 4F       		.byte	79
 244 00d7 01       		.byte	1
 245 00d8 50       		.byte	80
 246 00d9 18       		.byte	24
 247 00da 58       		.byte	88
 248 00db 04       		.byte	4
 249 00dc 59       		.byte	89
 250 00dd 04       		.byte	4
 251 00de 5A       		.byte	90
 252 00df 04       		.byte	4
 253 00e0 5C       		.byte	92
 254 00e1 44       		.byte	68
 255 00e2 5D       		.byte	93
 256 00e3 05       		.byte	5
 257 00e4 5F       		.byte	95
 258 00e5 01       		.byte	1
 259 00e6 60       		.byte	96
 260 00e7 40       		.byte	64
 261 00e8 62       		.byte	98
 262 00e9 40       		.byte	64
 263 00ea 64       		.byte	100
 264 00eb 40       		.byte	64
 265 00ec 65       		.byte	101
 266 00ed 40       		.byte	64
 267 00ee 66       		.byte	102
 268 00ef 80       		.byte	-128
 269 00f0 68       		.byte	104
 270 00f1 80       		.byte	-128
 271 00f2 6A       		.byte	106
 272 00f3 80       		.byte	-128
 273 00f4 6C       		.byte	108
 274 00f5 80       		.byte	-128
 275 00f6 6E       		.byte	110
 276 00f7 80       		.byte	-128
 277 00f8 82       		.byte	-126
 278 00f9 01       		.byte	1
 279 00fa 92       		.byte	-110
 280 00fb 01       		.byte	1
 281 00fc 93       		.byte	-109
 282 00fd 01       		.byte	1
 283 00fe AF       		.byte	-81
 284 00ff 01       		.byte	1
 285 0100 B6       		.byte	-74
ARM GAS  C:\Users\sdysart\AppData\Local\Temp\ccKAUJbG.s 			page 6


 286 0101 01       		.byte	1
 287 0102 B7       		.byte	-73
 288 0103 01       		.byte	1
 289 0104 BF       		.byte	-65
 290 0105 40       		.byte	64
 291 0106 C0       		.byte	-64
 292 0107 41       		.byte	65
 293 0108 C5       		.byte	-59
 294 0109 EC       		.byte	-20
 295 010a C6       		.byte	-58
 296 010b 02       		.byte	2
 297 010c C8       		.byte	-56
 298 010d 07       		.byte	7
 299 010e C9       		.byte	-55
 300 010f FF       		.byte	-1
 301 0110 CA       		.byte	-54
 302 0111 FF       		.byte	-1
 303 0112 CB       		.byte	-53
 304 0113 FF       		.byte	-1
 305 0114 CD       		.byte	-51
 306 0115 83       		.byte	-125
 307 0116 CE       		.byte	-50
 308 0117 03       		.byte	3
 309 0118 CF       		.byte	-49
 310 0119 01       		.byte	1
 311 011a D0       		.byte	-48
 312 011b 18       		.byte	24
 313 011c D2       		.byte	-46
 314 011d 80       		.byte	-128
 315 011e D4       		.byte	-44
 316 011f 01       		.byte	1
 317 0120 D8       		.byte	-40
 318 0121 04       		.byte	4
 319 0122 D9       		.byte	-39
 320 0123 04       		.byte	4
 321 0124 DA       		.byte	-38
 322 0125 04       		.byte	4
 323 0126 DB       		.byte	-37
 324 0127 04       		.byte	4
 325 0128 DC       		.byte	-36
 326 0129 05       		.byte	5
 327 012a DD       		.byte	-35
 328 012b 55       		.byte	85
 329 012c DF       		.byte	-33
 330 012d 01       		.byte	1
 331 012e E0       		.byte	-32
 332 012f 40       		.byte	64
 333 0130 E2       		.byte	-30
 334 0131 40       		.byte	64
 335 0132 E4       		.byte	-28
 336 0133 40       		.byte	64
 337 0134 E5       		.byte	-27
 338 0135 40       		.byte	64
 339 0136 E6       		.byte	-26
 340 0137 80       		.byte	-128
 341 0138 E8       		.byte	-24
 342 0139 80       		.byte	-128
ARM GAS  C:\Users\sdysart\AppData\Local\Temp\ccKAUJbG.s 			page 7


 343 013a EA       		.byte	-22
 344 013b 80       		.byte	-128
 345 013c EC       		.byte	-20
 346 013d 80       		.byte	-128
 347 013e EE       		.byte	-18
 348 013f 80       		.byte	-128
 349 0140 02       		.byte	2
 350 0141 40       		.byte	64
 351 0142 05       		.byte	5
 352 0143 20       		.byte	32
 353 0144 06       		.byte	6
 354 0145 80       		.byte	-128
 355 0146 09       		.byte	9
 356 0147 02       		.byte	2
 357 0148 0E       		.byte	14
 358 0149 42       		.byte	66
 359 014a 17       		.byte	23
 360 014b 50       		.byte	80
 361 014c 1A       		.byte	26
 362 014d 02       		.byte	2
 363 014e 1E       		.byte	30
 364 014f C0       		.byte	-64
 365 0150 22       		.byte	34
 366 0151 40       		.byte	64
 367 0152 25       		.byte	37
 368 0153 01       		.byte	1
 369 0154 27       		.byte	39
 370 0155 40       		.byte	64
 371 0156 2A       		.byte	42
 372 0157 40       		.byte	64
 373 0158 2D       		.byte	45
 374 0159 20       		.byte	32
 375 015a 2E       		.byte	46
 376 015b 40       		.byte	64
 377 015c 2F       		.byte	47
 378 015d 08       		.byte	8
 379 015e 31       		.byte	49
 380 015f 02       		.byte	2
 381 0160 36       		.byte	54
 382 0161 01       		.byte	1
 383 0162 37       		.byte	55
 384 0163 10       		.byte	16
 385 0164 3D       		.byte	61
 386 0165 82       		.byte	-126
 387 0166 3E       		.byte	62
 388 0167 80       		.byte	-128
 389 0168 41       		.byte	65
 390 0169 42       		.byte	66
 391 016a 46       		.byte	70
 392 016b 40       		.byte	64
 393 016c 47       		.byte	71
 394 016d 80       		.byte	-128
 395 016e 49       		.byte	73
 396 016f 05       		.byte	5
 397 0170 51       		.byte	81
 398 0171 40       		.byte	64
 399 0172 52       		.byte	82
ARM GAS  C:\Users\sdysart\AppData\Local\Temp\ccKAUJbG.s 			page 8


 400 0173 40       		.byte	64
 401 0174 59       		.byte	89
 402 0175 05       		.byte	5
 403 0176 5A       		.byte	90
 404 0177 80       		.byte	-128
 405 0178 71       		.byte	113
 406 0179 02       		.byte	2
 407 017a 73       		.byte	115
 408 017b 80       		.byte	-128
 409 017c C0       		.byte	-64
 410 017d 58       		.byte	88
 411 017e C2       		.byte	-62
 412 017f 98       		.byte	-104
 413 0180 C4       		.byte	-60
 414 0181 C0       		.byte	-64
 415 0182 CA       		.byte	-54
 416 0183 38       		.byte	56
 417 0184 CC       		.byte	-52
 418 0185 A1       		.byte	-95
 419 0186 CE       		.byte	-50
 420 0187 90       		.byte	-112
 421 0188 D0       		.byte	-48
 422 0189 99       		.byte	-103
 423 018a D6       		.byte	-42
 424 018b 0B       		.byte	11
 425 018c E2       		.byte	-30
 426 018d 10       		.byte	16
 427 018e E6       		.byte	-26
 428 018f 02       		.byte	2
 429 0190 81       		.byte	-127
 430 0191 07       		.byte	7
 431 0192 85       		.byte	-123
 432 0193 06       		.byte	6
 433 0194 86       		.byte	-122
 434 0195 01       		.byte	1
 435 0196 89       		.byte	-119
 436 0197 02       		.byte	2
 437 0198 8A       		.byte	-118
 438 0199 04       		.byte	4
 439 019a 8C       		.byte	-116
 440 019b 02       		.byte	2
 441 019c 8F       		.byte	-113
 442 019d 10       		.byte	16
 443 019e 94       		.byte	-108
 444 019f 02       		.byte	2
 445 01a0 95       		.byte	-107
 446 01a1 01       		.byte	1
 447 01a2 97       		.byte	-105
 448 01a3 06       		.byte	6
 449 01a4 99       		.byte	-103
 450 01a5 07       		.byte	7
 451 01a6 9A       		.byte	-102
 452 01a7 04       		.byte	4
 453 01a8 9D       		.byte	-99
 454 01a9 06       		.byte	6
 455 01aa 9E       		.byte	-98
 456 01ab 02       		.byte	2
ARM GAS  C:\Users\sdysart\AppData\Local\Temp\ccKAUJbG.s 			page 9


 457 01ac 9F       		.byte	-97
 458 01ad 01       		.byte	1
 459 01ae A2       		.byte	-94
 460 01af 01       		.byte	1
 461 01b0 A3       		.byte	-93
 462 01b1 08       		.byte	8
 463 01b2 A6       		.byte	-90
 464 01b3 02       		.byte	2
 465 01b4 A7       		.byte	-89
 466 01b5 01       		.byte	1
 467 01b6 AB       		.byte	-85
 468 01b7 10       		.byte	16
 469 01b8 AD       		.byte	-83
 470 01b9 04       		.byte	4
 471 01ba B0       		.byte	-80
 472 01bb 01       		.byte	1
 473 01bc B1       		.byte	-79
 474 01bd 18       		.byte	24
 475 01be B2       		.byte	-78
 476 01bf 02       		.byte	2
 477 01c0 B4       		.byte	-76
 478 01c1 04       		.byte	4
 479 01c2 B5       		.byte	-75
 480 01c3 07       		.byte	7
 481 01c4 B8       		.byte	-72
 482 01c5 08       		.byte	8
 483 01c6 BE       		.byte	-66
 484 01c7 11       		.byte	17
 485 01c8 BF       		.byte	-65
 486 01c9 01       		.byte	1
 487 01ca C0       		.byte	-64
 488 01cb 32       		.byte	50
 489 01cc C1       		.byte	-63
 490 01cd 04       		.byte	4
 491 01ce C2       		.byte	-62
 492 01cf 06       		.byte	6
 493 01d0 C4       		.byte	-60
 494 01d1 05       		.byte	5
 495 01d2 C5       		.byte	-59
 496 01d3 CE       		.byte	-50
 497 01d4 C8       		.byte	-56
 498 01d5 03       		.byte	3
 499 01d6 C9       		.byte	-55
 500 01d7 FF       		.byte	-1
 501 01d8 CA       		.byte	-54
 502 01d9 FF       		.byte	-1
 503 01da CB       		.byte	-53
 504 01db FF       		.byte	-1
 505 01dc CC       		.byte	-52
 506 01dd 62       		.byte	98
 507 01de CD       		.byte	-51
 508 01df A0       		.byte	-96
 509 01e0 CE       		.byte	-50
 510 01e1 F0       		.byte	-16
 511 01e2 CF       		.byte	-49
 512 01e3 41       		.byte	65
 513 01e4 D0       		.byte	-48
ARM GAS  C:\Users\sdysart\AppData\Local\Temp\ccKAUJbG.s 			page 10


 514 01e5 0C       		.byte	12
 515 01e6 D4       		.byte	-44
 516 01e7 18       		.byte	24
 517 01e8 D6       		.byte	-42
 518 01e9 04       		.byte	4
 519 01ea D8       		.byte	-40
 520 01eb 04       		.byte	4
 521 01ec D9       		.byte	-39
 522 01ed 04       		.byte	4
 523 01ee DA       		.byte	-38
 524 01ef 04       		.byte	4
 525 01f0 DB       		.byte	-37
 526 01f1 04       		.byte	4
 527 01f2 DC       		.byte	-36
 528 01f3 44       		.byte	68
 529 01f4 DD       		.byte	-35
 530 01f5 44       		.byte	68
 531 01f6 DF       		.byte	-33
 532 01f7 01       		.byte	1
 533 01f8 E6       		.byte	-26
 534 01f9 40       		.byte	64
 535 01fa E7       		.byte	-25
 536 01fb 02       		.byte	2
 537 01fc E9       		.byte	-23
 538 01fd 10       		.byte	16
 539 01fe EA       		.byte	-22
 540 01ff 30       		.byte	48
 541 0200 EB       		.byte	-21
 542 0201 10       		.byte	16
 543 0202 ED       		.byte	-19
 544 0203 10       		.byte	16
 545 0204 EE       		.byte	-18
 546 0205 10       		.byte	16
 547 0206 EF       		.byte	-17
 548 0207 12       		.byte	18
 549 0208 00       		.byte	0
 550 0209 18       		.byte	24
 551 020a 03       		.byte	3
 552 020b 01       		.byte	1
 553 020c 08       		.byte	8
 554 020d 40       		.byte	64
 555 020e 09       		.byte	9
 556 020f 08       		.byte	8
 557 0210 0B       		.byte	11
 558 0211 08       		.byte	8
 559 0212 10       		.byte	16
 560 0213 90       		.byte	-112
 561 0214 18       		.byte	24
 562 0215 14       		.byte	20
 563 0216 1B       		.byte	27
 564 0217 01       		.byte	1
 565 0218 20       		.byte	32
 566 0219 08       		.byte	8
 567 021a 22       		.byte	34
 568 021b 02       		.byte	2
 569 021c 29       		.byte	41
 570 021d 60       		.byte	96
ARM GAS  C:\Users\sdysart\AppData\Local\Temp\ccKAUJbG.s 			page 11


 571 021e 2B       		.byte	43
 572 021f A0       		.byte	-96
 573 0220 30       		.byte	48
 574 0221 50       		.byte	80
 575 0222 31       		.byte	49
 576 0223 08       		.byte	8
 577 0224 32       		.byte	50
 578 0225 40       		.byte	64
 579 0226 38       		.byte	56
 580 0227 68       		.byte	104
 581 0228 39       		.byte	57
 582 0229 02       		.byte	2
 583 022a 41       		.byte	65
 584 022b 1D       		.byte	29
 585 022c 43       		.byte	67
 586 022d 21       		.byte	33
 587 022e 48       		.byte	72
 588 022f 84       		.byte	-124
 589 0230 4A       		.byte	74
 590 0231 02       		.byte	2
 591 0232 4B       		.byte	75
 592 0233 08       		.byte	8
 593 0234 59       		.byte	89
 594 0235 01       		.byte	1
 595 0236 60       		.byte	96
 596 0237 04       		.byte	4
 597 0238 63       		.byte	99
 598 0239 42       		.byte	66
 599 023a 85       		.byte	-123
 600 023b 02       		.byte	2
 601 023c 87       		.byte	-121
 602 023d 40       		.byte	64
 603 023e 8D       		.byte	-115
 604 023f 20       		.byte	32
 605 0240 99       		.byte	-103
 606 0241 02       		.byte	2
 607 0242 C0       		.byte	-64
 608 0243 07       		.byte	7
 609 0244 C2       		.byte	-62
 610 0245 07       		.byte	7
 611 0246 C4       		.byte	-60
 612 0247 0C       		.byte	12
 613 0248 CA       		.byte	-54
 614 0249 0F       		.byte	15
 615 024a CC       		.byte	-52
 616 024b 0E       		.byte	14
 617 024c CE       		.byte	-50
 618 024d 0F       		.byte	15
 619 024e D0       		.byte	-48
 620 024f 07       		.byte	7
 621 0250 D2       		.byte	-46
 622 0251 0C       		.byte	12
 623 0252 D6       		.byte	-42
 624 0253 01       		.byte	1
 625 0254 D8       		.byte	-40
 626 0255 0D       		.byte	13
 627 0256 E2       		.byte	-30
ARM GAS  C:\Users\sdysart\AppData\Local\Temp\ccKAUJbG.s 			page 12


 628 0257 10       		.byte	16
 629 0258 E4       		.byte	-28
 630 0259 08       		.byte	8
 631 025a 0A       		.byte	10
 632 025b 02       		.byte	2
 633 025c 26       		.byte	38
 634 025d 02       		.byte	2
 635 025e 2E       		.byte	46
 636 025f 01       		.byte	1
 637 0260 30       		.byte	48
 638 0261 02       		.byte	2
 639 0262 32       		.byte	50
 640 0263 01       		.byte	1
 641 0264 40       		.byte	64
 642 0265 30       		.byte	48
 643 0266 41       		.byte	65
 644 0267 02       		.byte	2
 645 0268 49       		.byte	73
 646 0269 FF       		.byte	-1
 647 026a 4A       		.byte	74
 648 026b FF       		.byte	-1
 649 026c 4B       		.byte	75
 650 026d FF       		.byte	-1
 651 026e 4D       		.byte	77
 652 026f A0       		.byte	-96
 653 0270 4F       		.byte	79
 654 0271 04       		.byte	4
 655 0272 50       		.byte	80
 656 0273 18       		.byte	24
 657 0274 52       		.byte	82
 658 0275 80       		.byte	-128
 659 0276 58       		.byte	88
 660 0277 04       		.byte	4
 661 0278 5A       		.byte	90
 662 0279 04       		.byte	4
 663 027a 5B       		.byte	91
 664 027b 04       		.byte	4
 665 027c 5C       		.byte	92
 666 027d 03       		.byte	3
 667 027e 5D       		.byte	93
 668 027f 33       		.byte	51
 669 0280 5F       		.byte	95
 670 0281 01       		.byte	1
 671 0282 60       		.byte	96
 672 0283 40       		.byte	64
 673 0284 62       		.byte	98
 674 0285 C0       		.byte	-64
 675 0286 64       		.byte	100
 676 0287 40       		.byte	64
 677 0288 65       		.byte	101
 678 0289 40       		.byte	64
 679 028a 66       		.byte	102
 680 028b C0       		.byte	-64
 681 028c 68       		.byte	104
 682 028d C0       		.byte	-64
 683 028e 6A       		.byte	106
 684 028f C0       		.byte	-64
ARM GAS  C:\Users\sdysart\AppData\Local\Temp\ccKAUJbG.s 			page 13


 685 0290 6C       		.byte	108
 686 0291 C0       		.byte	-64
 687 0292 6E       		.byte	110
 688 0293 C0       		.byte	-64
 689 0294 8B       		.byte	-117
 690 0295 01       		.byte	1
 691 0296 9A       		.byte	-102
 692 0297 01       		.byte	1
 693 0298 A7       		.byte	-89
 694 0299 02       		.byte	2
 695 029a AB       		.byte	-85
 696 029b 01       		.byte	1
 697 029c AC       		.byte	-84
 698 029d 01       		.byte	1
 699 029e B0       		.byte	-80
 700 029f 01       		.byte	1
 701 02a0 B1       		.byte	-79
 702 02a1 02       		.byte	2
 703 02a2 B5       		.byte	-75
 704 02a3 01       		.byte	1
 705 02a4 BF       		.byte	-65
 706 02a5 10       		.byte	16
 707 02a6 C0       		.byte	-64
 708 02a7 20       		.byte	32
 709 02a8 C1       		.byte	-63
 710 02a9 03       		.byte	3
 711 02aa C5       		.byte	-59
 712 02ab D1       		.byte	-47
 713 02ac C6       		.byte	-58
 714 02ad 20       		.byte	32
 715 02ae C8       		.byte	-56
 716 02af 0B       		.byte	11
 717 02b0 C9       		.byte	-55
 718 02b1 FF       		.byte	-1
 719 02b2 CA       		.byte	-54
 720 02b3 FF       		.byte	-1
 721 02b4 CB       		.byte	-53
 722 02b5 FF       		.byte	-1
 723 02b6 CD       		.byte	-51
 724 02b7 AF       		.byte	-81
 725 02b8 CE       		.byte	-50
 726 02b9 0F       		.byte	15
 727 02ba CF       		.byte	-49
 728 02bb 04       		.byte	4
 729 02bc D0       		.byte	-48
 730 02bd 18       		.byte	24
 731 02be D4       		.byte	-44
 732 02bf 05       		.byte	5
 733 02c0 D8       		.byte	-40
 734 02c1 04       		.byte	4
 735 02c2 D9       		.byte	-39
 736 02c3 04       		.byte	4
 737 02c4 DA       		.byte	-38
 738 02c5 04       		.byte	4
 739 02c6 DB       		.byte	-37
 740 02c7 04       		.byte	4
 741 02c8 DC       		.byte	-36
ARM GAS  C:\Users\sdysart\AppData\Local\Temp\ccKAUJbG.s 			page 14


 742 02c9 33       		.byte	51
 743 02ca DD       		.byte	-35
 744 02cb 33       		.byte	51
 745 02cc DF       		.byte	-33
 746 02cd 01       		.byte	1
 747 02ce E0       		.byte	-32
 748 02cf 40       		.byte	64
 749 02d0 E2       		.byte	-30
 750 02d1 C0       		.byte	-64
 751 02d2 E4       		.byte	-28
 752 02d3 40       		.byte	64
 753 02d4 E5       		.byte	-27
 754 02d5 40       		.byte	64
 755 02d6 E6       		.byte	-26
 756 02d7 C0       		.byte	-64
 757 02d8 E8       		.byte	-24
 758 02d9 C0       		.byte	-64
 759 02da EA       		.byte	-22
 760 02db C0       		.byte	-64
 761 02dc EC       		.byte	-20
 762 02dd C0       		.byte	-64
 763 02de EE       		.byte	-18
 764 02df C0       		.byte	-64
 765 02e0 00       		.byte	0
 766 02e1 10       		.byte	16
 767 02e2 0C       		.byte	12
 768 02e3 20       		.byte	32
 769 02e4 10       		.byte	16
 770 02e5 22       		.byte	34
 771 02e6 17       		.byte	23
 772 02e7 80       		.byte	-128
 773 02e8 18       		.byte	24
 774 02e9 10       		.byte	16
 775 02ea 19       		.byte	25
 776 02eb 02       		.byte	2
 777 02ec 1B       		.byte	27
 778 02ed 08       		.byte	8
 779 02ee 1E       		.byte	30
 780 02ef 80       		.byte	-128
 781 02f0 27       		.byte	39
 782 02f1 88       		.byte	-120
 783 02f2 2C       		.byte	44
 784 02f3 24       		.byte	36
 785 02f4 2F       		.byte	47
 786 02f5 08       		.byte	8
 787 02f6 3E       		.byte	62
 788 02f7 20       		.byte	32
 789 02f8 40       		.byte	64
 790 02f9 10       		.byte	16
 791 02fa 41       		.byte	65
 792 02fb 20       		.byte	32
 793 02fc 44       		.byte	68
 794 02fd 04       		.byte	4
 795 02fe 46       		.byte	70
 796 02ff 20       		.byte	32
 797 0300 4C       		.byte	76
 798 0301 20       		.byte	32
ARM GAS  C:\Users\sdysart\AppData\Local\Temp\ccKAUJbG.s 			page 15


 799 0302 4D       		.byte	77
 800 0303 01       		.byte	1
 801 0304 55       		.byte	85
 802 0305 20       		.byte	32
 803 0306 56       		.byte	86
 804 0307 20       		.byte	32
 805 0308 5D       		.byte	93
 806 0309 01       		.byte	1
 807 030a 5E       		.byte	94
 808 030b 80       		.byte	-128
 809 030c 5F       		.byte	95
 810 030d 08       		.byte	8
 811 030e 70       		.byte	112
 812 030f 02       		.byte	2
 813 0310 C0       		.byte	-64
 814 0311 02       		.byte	2
 815 0312 C2       		.byte	-62
 816 0313 40       		.byte	64
 817 0314 C4       		.byte	-60
 818 0315 85       		.byte	-123
 819 0316 CA       		.byte	-54
 820 0317 60       		.byte	96
 821 0318 CE       		.byte	-50
 822 0319 20       		.byte	32
 823 031a D0       		.byte	-48
 824 031b 66       		.byte	102
 825 031c D6       		.byte	-42
 826 031d D0       		.byte	-48
 827 031e 40       		.byte	64
 828 031f 60       		.byte	96
 829 0320 41       		.byte	65
 830 0321 02       		.byte	2
 831 0322 49       		.byte	73
 832 0323 FF       		.byte	-1
 833 0324 4A       		.byte	74
 834 0325 FF       		.byte	-1
 835 0326 4B       		.byte	75
 836 0327 FF       		.byte	-1
 837 0328 4D       		.byte	77
 838 0329 A0       		.byte	-96
 839 032a 4F       		.byte	79
 840 032b 04       		.byte	4
 841 032c 50       		.byte	80
 842 032d 18       		.byte	24
 843 032e 5A       		.byte	90
 844 032f 04       		.byte	4
 845 0330 5D       		.byte	93
 846 0331 02       		.byte	2
 847 0332 5F       		.byte	95
 848 0333 01       		.byte	1
 849 0334 60       		.byte	96
 850 0335 40       		.byte	64
 851 0336 62       		.byte	98
 852 0337 C0       		.byte	-64
 853 0338 64       		.byte	100
 854 0339 40       		.byte	64
 855 033a 65       		.byte	101
ARM GAS  C:\Users\sdysart\AppData\Local\Temp\ccKAUJbG.s 			page 16


 856 033b 40       		.byte	64
 857 033c 66       		.byte	102
 858 033d C0       		.byte	-64
 859 033e 68       		.byte	104
 860 033f C0       		.byte	-64
 861 0340 6A       		.byte	106
 862 0341 C0       		.byte	-64
 863 0342 6C       		.byte	108
 864 0343 C0       		.byte	-64
 865 0344 6E       		.byte	110
 866 0345 C0       		.byte	-64
 867 0346 86       		.byte	-122
 868 0347 02       		.byte	2
 869 0348 87       		.byte	-121
 870 0349 02       		.byte	2
 871 034a 92       		.byte	-110
 872 034b 01       		.byte	1
 873 034c 9B       		.byte	-101
 874 034d 01       		.byte	1
 875 034e A1       		.byte	-95
 876 034f 01       		.byte	1
 877 0350 A6       		.byte	-90
 878 0351 06       		.byte	6
 879 0352 AB       		.byte	-85
 880 0353 02       		.byte	2
 881 0354 B0       		.byte	-80
 882 0355 04       		.byte	4
 883 0356 B3       		.byte	-77
 884 0357 02       		.byte	2
 885 0358 B4       		.byte	-76
 886 0359 01       		.byte	1
 887 035a B6       		.byte	-74
 888 035b 02       		.byte	2
 889 035c B7       		.byte	-73
 890 035d 01       		.byte	1
 891 035e BF       		.byte	-65
 892 035f 04       		.byte	4
 893 0360 C0       		.byte	-64
 894 0361 20       		.byte	32
 895 0362 C1       		.byte	-63
 896 0363 06       		.byte	6
 897 0364 C5       		.byte	-59
 898 0365 D1       		.byte	-47
 899 0366 C7       		.byte	-57
 900 0367 02       		.byte	2
 901 0368 C8       		.byte	-56
 902 0369 13       		.byte	19
 903 036a C9       		.byte	-55
 904 036b FF       		.byte	-1
 905 036c CA       		.byte	-54
 906 036d FF       		.byte	-1
 907 036e CB       		.byte	-53
 908 036f FF       		.byte	-1
 909 0370 CD       		.byte	-51
 910 0371 AF       		.byte	-81
 911 0372 CE       		.byte	-50
 912 0373 0F       		.byte	15
ARM GAS  C:\Users\sdysart\AppData\Local\Temp\ccKAUJbG.s 			page 17


 913 0374 CF       		.byte	-49
 914 0375 04       		.byte	4
 915 0376 D0       		.byte	-48
 916 0377 18       		.byte	24
 917 0378 D2       		.byte	-46
 918 0379 80       		.byte	-128
 919 037a D4       		.byte	-44
 920 037b 05       		.byte	5
 921 037c D8       		.byte	-40
 922 037d 04       		.byte	4
 923 037e D9       		.byte	-39
 924 037f 04       		.byte	4
 925 0380 DA       		.byte	-38
 926 0381 04       		.byte	4
 927 0382 DB       		.byte	-37
 928 0383 04       		.byte	4
 929 0384 DC       		.byte	-36
 930 0385 22       		.byte	34
 931 0386 DD       		.byte	-35
 932 0387 22       		.byte	34
 933 0388 DF       		.byte	-33
 934 0389 01       		.byte	1
 935 038a E0       		.byte	-32
 936 038b 40       		.byte	64
 937 038c E2       		.byte	-30
 938 038d C0       		.byte	-64
 939 038e E4       		.byte	-28
 940 038f 40       		.byte	64
 941 0390 E5       		.byte	-27
 942 0391 40       		.byte	64
 943 0392 E6       		.byte	-26
 944 0393 C0       		.byte	-64
 945 0394 E8       		.byte	-24
 946 0395 C0       		.byte	-64
 947 0396 EA       		.byte	-22
 948 0397 C0       		.byte	-64
 949 0398 EC       		.byte	-20
 950 0399 C0       		.byte	-64
 951 039a EE       		.byte	-18
 952 039b C0       		.byte	-64
 953 039c 00       		.byte	0
 954 039d 04       		.byte	4
 955 039e 09       		.byte	9
 956 039f 02       		.byte	2
 957 03a0 10       		.byte	16
 958 03a1 20       		.byte	32
 959 03a2 18       		.byte	24
 960 03a3 04       		.byte	4
 961 03a4 19       		.byte	25
 962 03a5 22       		.byte	34
 963 03a6 1B       		.byte	27
 964 03a7 90       		.byte	-112
 965 03a8 22       		.byte	34
 966 03a9 44       		.byte	68
 967 03aa 29       		.byte	41
 968 03ab 22       		.byte	34
 969 03ac 30       		.byte	48
ARM GAS  C:\Users\sdysart\AppData\Local\Temp\ccKAUJbG.s 			page 18


 970 03ad 20       		.byte	32
 971 03ae 3A       		.byte	58
 972 03af 04       		.byte	4
 973 03b0 40       		.byte	64
 974 03b1 04       		.byte	4
 975 03b2 46       		.byte	70
 976 03b3 04       		.byte	4
 977 03b4 48       		.byte	72
 978 03b5 28       		.byte	40
 979 03b6 49       		.byte	73
 980 03b7 01       		.byte	1
 981 03b8 4F       		.byte	79
 982 03b9 20       		.byte	32
 983 03ba 50       		.byte	80
 984 03bb 08       		.byte	8
 985 03bc 52       		.byte	82
 986 03bd 04       		.byte	4
 987 03be 59       		.byte	89
 988 03bf 01       		.byte	1
 989 03c0 5A       		.byte	90
 990 03c1 88       		.byte	-120
 991 03c2 71       		.byte	113
 992 03c3 02       		.byte	2
 993 03c4 8B       		.byte	-117
 994 03c5 80       		.byte	-128
 995 03c6 C0       		.byte	-64
 996 03c7 04       		.byte	4
 997 03c8 C2       		.byte	-62
 998 03c9 08       		.byte	8
 999 03ca C4       		.byte	-60
 1000 03cb 04       		.byte	4
 1001 03cc CA       		.byte	-54
 1002 03cd 05       		.byte	5
 1003 03ce CC       		.byte	-52
 1004 03cf 04       		.byte	4
 1005 03d0 CE       		.byte	-50
 1006 03d1 02       		.byte	2
 1007 03d2 D0       		.byte	-48
 1008 03d3 24       		.byte	36
 1009 03d4 D2       		.byte	-46
 1010 03d5 24       		.byte	36
 1011 03d6 D6       		.byte	-42
 1012 03d7 0B       		.byte	11
 1013 03d8 16       		.byte	22
 1014 03d9 01       		.byte	1
 1015 03da 2A       		.byte	42
 1016 03db 01       		.byte	1
 1017 03dc 36       		.byte	54
 1018 03dd 01       		.byte	1
 1019 03de 40       		.byte	64
 1020 03df 30       		.byte	48
 1021 03e0 41       		.byte	65
 1022 03e1 02       		.byte	2
 1023 03e2 49       		.byte	73
 1024 03e3 FF       		.byte	-1
 1025 03e4 4A       		.byte	74
 1026 03e5 FF       		.byte	-1
ARM GAS  C:\Users\sdysart\AppData\Local\Temp\ccKAUJbG.s 			page 19


 1027 03e6 4B       		.byte	75
 1028 03e7 FF       		.byte	-1
 1029 03e8 4D       		.byte	77
 1030 03e9 A0       		.byte	-96
 1031 03ea 4F       		.byte	79
 1032 03eb 04       		.byte	4
 1033 03ec 50       		.byte	80
 1034 03ed 18       		.byte	24
 1035 03ee 58       		.byte	88
 1036 03ef 04       		.byte	4
 1037 03f0 5A       		.byte	90
 1038 03f1 04       		.byte	4
 1039 03f2 5F       		.byte	95
 1040 03f3 01       		.byte	1
 1041 03f4 60       		.byte	96
 1042 03f5 40       		.byte	64
 1043 03f6 62       		.byte	98
 1044 03f7 C0       		.byte	-64
 1045 03f8 64       		.byte	100
 1046 03f9 40       		.byte	64
 1047 03fa 65       		.byte	101
 1048 03fb 40       		.byte	64
 1049 03fc 66       		.byte	102
 1050 03fd C0       		.byte	-64
 1051 03fe 68       		.byte	104
 1052 03ff C0       		.byte	-64
 1053 0400 6A       		.byte	106
 1054 0401 C0       		.byte	-64
 1055 0402 6C       		.byte	108
 1056 0403 C0       		.byte	-64
 1057 0404 6E       		.byte	110
 1058 0405 C0       		.byte	-64
 1059 0406 8A       		.byte	-118
 1060 0407 02       		.byte	2
 1061 0408 96       		.byte	-106
 1062 0409 04       		.byte	4
 1063 040a A6       		.byte	-90
 1064 040b 02       		.byte	2
 1065 040c AB       		.byte	-85
 1066 040d 01       		.byte	1
 1067 040e AD       		.byte	-83
 1068 040f 01       		.byte	1
 1069 0410 AE       		.byte	-82
 1070 0411 01       		.byte	1
 1071 0412 B0       		.byte	-80
 1072 0413 04       		.byte	4
 1073 0414 B2       		.byte	-78
 1074 0415 01       		.byte	1
 1075 0416 B4       		.byte	-76
 1076 0417 02       		.byte	2
 1077 0418 B7       		.byte	-73
 1078 0419 01       		.byte	1
 1079 041a BE       		.byte	-66
 1080 041b 10       		.byte	16
 1081 041c C0       		.byte	-64
 1082 041d 30       		.byte	48
 1083 041e C1       		.byte	-63
ARM GAS  C:\Users\sdysart\AppData\Local\Temp\ccKAUJbG.s 			page 20


 1084 041f 02       		.byte	2
 1085 0420 C5       		.byte	-59
 1086 0421 D0       		.byte	-48
 1087 0422 C6       		.byte	-58
 1088 0423 20       		.byte	32
 1089 0424 C7       		.byte	-57
 1090 0425 01       		.byte	1
 1091 0426 C8       		.byte	-56
 1092 0427 1A       		.byte	26
 1093 0428 C9       		.byte	-55
 1094 0429 FF       		.byte	-1
 1095 042a CA       		.byte	-54
 1096 042b FF       		.byte	-1
 1097 042c CB       		.byte	-53
 1098 042d FF       		.byte	-1
 1099 042e CD       		.byte	-51
 1100 042f AF       		.byte	-81
 1101 0430 CE       		.byte	-50
 1102 0431 0F       		.byte	15
 1103 0432 CF       		.byte	-49
 1104 0433 04       		.byte	4
 1105 0434 D0       		.byte	-48
 1106 0435 18       		.byte	24
 1107 0436 D2       		.byte	-46
 1108 0437 80       		.byte	-128
 1109 0438 D4       		.byte	-44
 1110 0439 05       		.byte	5
 1111 043a D8       		.byte	-40
 1112 043b 04       		.byte	4
 1113 043c D9       		.byte	-39
 1114 043d 04       		.byte	4
 1115 043e DA       		.byte	-38
 1116 043f 04       		.byte	4
 1117 0440 DB       		.byte	-37
 1118 0441 04       		.byte	4
 1119 0442 DF       		.byte	-33
 1120 0443 01       		.byte	1
 1121 0444 E0       		.byte	-32
 1122 0445 40       		.byte	64
 1123 0446 E2       		.byte	-30
 1124 0447 C0       		.byte	-64
 1125 0448 E4       		.byte	-28
 1126 0449 40       		.byte	64
 1127 044a E5       		.byte	-27
 1128 044b 40       		.byte	64
 1129 044c E6       		.byte	-26
 1130 044d C0       		.byte	-64
 1131 044e E8       		.byte	-24
 1132 044f C0       		.byte	-64
 1133 0450 EA       		.byte	-22
 1134 0451 C0       		.byte	-64
 1135 0452 EC       		.byte	-20
 1136 0453 C0       		.byte	-64
 1137 0454 EE       		.byte	-18
 1138 0455 C0       		.byte	-64
 1139 0456 04       		.byte	4
 1140 0457 10       		.byte	16
ARM GAS  C:\Users\sdysart\AppData\Local\Temp\ccKAUJbG.s 			page 21


 1141 0458 09       		.byte	9
 1142 0459 08       		.byte	8
 1143 045a 0C       		.byte	12
 1144 045b 08       		.byte	8
 1145 045c 10       		.byte	16
 1146 045d 08       		.byte	8
 1147 045e 16       		.byte	22
 1148 045f 20       		.byte	32
 1149 0460 17       		.byte	23
 1150 0461 40       		.byte	64
 1151 0462 1B       		.byte	27
 1152 0463 80       		.byte	-128
 1153 0464 1C       		.byte	28
 1154 0465 10       		.byte	16
 1155 0466 1D       		.byte	29
 1156 0467 08       		.byte	8
 1157 0468 1E       		.byte	30
 1158 0469 08       		.byte	8
 1159 046a 1F       		.byte	31
 1160 046b 02       		.byte	2
 1161 046c 26       		.byte	38
 1162 046d 40       		.byte	64
 1163 046e 2C       		.byte	44
 1164 046f 08       		.byte	8
 1165 0470 2F       		.byte	47
 1166 0471 02       		.byte	2
 1167 0472 40       		.byte	64
 1168 0473 10       		.byte	16
 1169 0474 41       		.byte	65
 1170 0475 20       		.byte	32
 1171 0476 45       		.byte	69
 1172 0477 28       		.byte	40
 1173 0478 4D       		.byte	77
 1174 0479 01       		.byte	1
 1175 047a 54       		.byte	84
 1176 047b 08       		.byte	8
 1177 047c 55       		.byte	85
 1178 047d 20       		.byte	32
 1179 047e 56       		.byte	86
 1180 047f 20       		.byte	32
 1181 0480 5D       		.byte	93
 1182 0481 01       		.byte	1
 1183 0482 5E       		.byte	94
 1184 0483 88       		.byte	-120
 1185 0484 77       		.byte	119
 1186 0485 40       		.byte	64
 1187 0486 83       		.byte	-125
 1188 0487 80       		.byte	-128
 1189 0488 C0       		.byte	-64
 1190 0489 40       		.byte	64
 1191 048a C2       		.byte	-62
 1192 048b 24       		.byte	36
 1193 048c C4       		.byte	-60
 1194 048d A2       		.byte	-94
 1195 048e CA       		.byte	-54
 1196 048f 30       		.byte	48
 1197 0490 D0       		.byte	-48
ARM GAS  C:\Users\sdysart\AppData\Local\Temp\ccKAUJbG.s 			page 22


 1198 0491 66       		.byte	102
 1199 0492 D6       		.byte	-42
 1200 0493 D0       		.byte	-48
 1201 0494 E4       		.byte	-28
 1202 0495 04       		.byte	4
 1203 0496 01       		.byte	1
 1204 0497 01       		.byte	1
 1205 0498 2E       		.byte	46
 1206 0499 01       		.byte	1
 1207 049a 30       		.byte	48
 1208 049b 01       		.byte	1
 1209 049c 31       		.byte	49
 1210 049d 01       		.byte	1
 1211 049e 3F       		.byte	63
 1212 049f 01       		.byte	1
 1213 04a0 52       		.byte	82
 1214 04a1 80       		.byte	-128
 1215 04a2 58       		.byte	88
 1216 04a3 04       		.byte	4
 1217 04a4 59       		.byte	89
 1218 04a5 04       		.byte	4
 1219 04a6 5B       		.byte	91
 1220 04a7 04       		.byte	4
 1221 04a8 5C       		.byte	92
 1222 04a9 01       		.byte	1
 1223 04aa 5D       		.byte	93
 1224 04ab 10       		.byte	16
 1225 04ac 5F       		.byte	95
 1226 04ad 01       		.byte	1
 1227 04ae 80       		.byte	-128
 1228 04af 1C       		.byte	28
 1229 04b0 81       		.byte	-127
 1230 04b1 01       		.byte	1
 1231 04b2 82       		.byte	-126
 1232 04b3 42       		.byte	66
 1233 04b4 84       		.byte	-124
 1234 04b5 10       		.byte	16
 1235 04b6 88       		.byte	-120
 1236 04b7 20       		.byte	32
 1237 04b8 8B       		.byte	-117
 1238 04b9 01       		.byte	1
 1239 04ba 8C       		.byte	-116
 1240 04bb 4C       		.byte	76
 1241 04bc 8E       		.byte	-114
 1242 04bd 11       		.byte	17
 1243 04be 92       		.byte	-110
 1244 04bf 03       		.byte	3
 1245 04c0 94       		.byte	-108
 1246 04c1 09       		.byte	9
 1247 04c2 96       		.byte	-106
 1248 04c3 10       		.byte	16
 1249 04c4 99       		.byte	-103
 1250 04c5 01       		.byte	1
 1251 04c6 9C       		.byte	-100
 1252 04c7 80       		.byte	-128
 1253 04c8 9F       		.byte	-97
 1254 04c9 01       		.byte	1
ARM GAS  C:\Users\sdysart\AppData\Local\Temp\ccKAUJbG.s 			page 23


 1255 04ca A0       		.byte	-96
 1256 04cb 14       		.byte	20
 1257 04cc A8       		.byte	-88
 1258 04cd 50       		.byte	80
 1259 04ce AA       		.byte	-86
 1260 04cf 0C       		.byte	12
 1261 04d0 AF       		.byte	-81
 1262 04d1 01       		.byte	1
 1263 04d2 B0       		.byte	-80
 1264 04d3 1F       		.byte	31
 1265 04d4 B1       		.byte	-79
 1266 04d5 01       		.byte	1
 1267 04d6 B2       		.byte	-78
 1268 04d7 C0       		.byte	-64
 1269 04d8 B4       		.byte	-76
 1270 04d9 20       		.byte	32
 1271 04da B8       		.byte	-72
 1272 04db 08       		.byte	8
 1273 04dc BE       		.byte	-66
 1274 04dd 10       		.byte	16
 1275 04de BF       		.byte	-65
 1276 04df 01       		.byte	1
 1277 04e0 C0       		.byte	-64
 1278 04e1 25       		.byte	37
 1279 04e2 C1       		.byte	-63
 1280 04e3 04       		.byte	4
 1281 04e4 C6       		.byte	-58
 1282 04e5 CB       		.byte	-53
 1283 04e6 C7       		.byte	-57
 1284 04e7 0E       		.byte	14
 1285 04e8 C8       		.byte	-56
 1286 04e9 1C       		.byte	28
 1287 04ea C9       		.byte	-55
 1288 04eb FF       		.byte	-1
 1289 04ec CA       		.byte	-54
 1290 04ed FF       		.byte	-1
 1291 04ee CB       		.byte	-53
 1292 04ef FF       		.byte	-1
 1293 04f0 CE       		.byte	-50
 1294 04f1 F0       		.byte	-16
 1295 04f2 CF       		.byte	-49
 1296 04f3 44       		.byte	68
 1297 04f4 D0       		.byte	-48
 1298 04f5 0C       		.byte	12
 1299 04f6 D4       		.byte	-44
 1300 04f7 01       		.byte	1
 1301 04f8 D8       		.byte	-40
 1302 04f9 04       		.byte	4
 1303 04fa D9       		.byte	-39
 1304 04fb 04       		.byte	4
 1305 04fc DA       		.byte	-38
 1306 04fd 04       		.byte	4
 1307 04fe DB       		.byte	-37
 1308 04ff 04       		.byte	4
 1309 0500 DC       		.byte	-36
 1310 0501 04       		.byte	4
 1311 0502 DD       		.byte	-35
ARM GAS  C:\Users\sdysart\AppData\Local\Temp\ccKAUJbG.s 			page 24


 1312 0503 44       		.byte	68
 1313 0504 DF       		.byte	-33
 1314 0505 01       		.byte	1
 1315 0506 E6       		.byte	-26
 1316 0507 C0       		.byte	-64
 1317 0508 EA       		.byte	-22
 1318 0509 40       		.byte	64
 1319 050a EB       		.byte	-21
 1320 050b 02       		.byte	2
 1321 050c 06       		.byte	6
 1322 050d 14       		.byte	20
 1323 050e 07       		.byte	7
 1324 050f 41       		.byte	65
 1325 0510 0E       		.byte	14
 1326 0511 60       		.byte	96
 1327 0512 0F       		.byte	15
 1328 0513 02       		.byte	2
 1329 0514 10       		.byte	16
 1330 0515 02       		.byte	2
 1331 0516 16       		.byte	22
 1332 0517 40       		.byte	64
 1333 0518 17       		.byte	23
 1334 0519 10       		.byte	16
 1335 051a 19       		.byte	25
 1336 051b 02       		.byte	2
 1337 051c 1E       		.byte	30
 1338 051d 68       		.byte	104
 1339 051e 1F       		.byte	31
 1340 051f 09       		.byte	9
 1341 0520 22       		.byte	34
 1342 0521 02       		.byte	2
 1343 0522 27       		.byte	39
 1344 0523 80       		.byte	-128
 1345 0524 2D       		.byte	45
 1346 0525 80       		.byte	-128
 1347 0526 2F       		.byte	47
 1348 0527 02       		.byte	2
 1349 0528 37       		.byte	55
 1350 0529 50       		.byte	80
 1351 052a 3B       		.byte	59
 1352 052b 02       		.byte	2
 1353 052c 3C       		.byte	60
 1354 052d 10       		.byte	16
 1355 052e 3D       		.byte	61
 1356 052f 02       		.byte	2
 1357 0530 3F       		.byte	63
 1358 0531 20       		.byte	32
 1359 0532 45       		.byte	69
 1360 0533 03       		.byte	3
 1361 0534 47       		.byte	71
 1362 0535 11       		.byte	17
 1363 0536 4D       		.byte	77
 1364 0537 80       		.byte	-128
 1365 0538 56       		.byte	86
 1366 0539 64       		.byte	100
 1367 053a 57       		.byte	87
 1368 053b 10       		.byte	16
ARM GAS  C:\Users\sdysart\AppData\Local\Temp\ccKAUJbG.s 			page 25


 1369 053c 5C       		.byte	92
 1370 053d 10       		.byte	16
 1371 053e 5E       		.byte	94
 1372 053f 08       		.byte	8
 1373 0540 5F       		.byte	95
 1374 0541 81       		.byte	-127
 1375 0542 70       		.byte	112
 1376 0543 02       		.byte	2
 1377 0544 82       		.byte	-126
 1378 0545 04       		.byte	4
 1379 0546 83       		.byte	-125
 1380 0547 01       		.byte	1
 1381 0548 8E       		.byte	-114
 1382 0549 02       		.byte	2
 1383 054a 9A       		.byte	-102
 1384 054b 10       		.byte	16
 1385 054c 9B       		.byte	-101
 1386 054d 50       		.byte	80
 1387 054e 9D       		.byte	-99
 1388 054f 02       		.byte	2
 1389 0550 9E       		.byte	-98
 1390 0551 20       		.byte	32
 1391 0552 A1       		.byte	-95
 1392 0553 02       		.byte	2
 1393 0554 A3       		.byte	-93
 1394 0555 03       		.byte	3
 1395 0556 A7       		.byte	-89
 1396 0557 08       		.byte	8
 1397 0558 AB       		.byte	-85
 1398 0559 08       		.byte	8
 1399 055a C0       		.byte	-64
 1400 055b F0       		.byte	-16
 1401 055c C2       		.byte	-62
 1402 055d B0       		.byte	-80
 1403 055e C4       		.byte	-60
 1404 055f 51       		.byte	81
 1405 0560 CA       		.byte	-54
 1406 0561 10       		.byte	16
 1407 0562 CC       		.byte	-52
 1408 0563 30       		.byte	48
 1409 0564 CE       		.byte	-50
 1410 0565 A1       		.byte	-95
 1411 0566 D0       		.byte	-48
 1412 0567 A0       		.byte	-96
 1413 0568 D2       		.byte	-46
 1414 0569 10       		.byte	16
 1415 056a D6       		.byte	-42
 1416 056b F0       		.byte	-16
 1417 056c E6       		.byte	-26
 1418 056d 02       		.byte	2
 1419 056e E8       		.byte	-24
 1420 056f 04       		.byte	4
 1421 0570 00       		.byte	0
 1422 0571 02       		.byte	2
 1423 0572 03       		.byte	3
 1424 0573 05       		.byte	5
 1425 0574 09       		.byte	9
ARM GAS  C:\Users\sdysart\AppData\Local\Temp\ccKAUJbG.s 			page 26


 1426 0575 03       		.byte	3
 1427 0576 0B       		.byte	11
 1428 0577 04       		.byte	4
 1429 0578 10       		.byte	16
 1430 0579 03       		.byte	3
 1431 057a 11       		.byte	17
 1432 057b 03       		.byte	3
 1433 057c 13       		.byte	19
 1434 057d 04       		.byte	4
 1435 057e 19       		.byte	25
 1436 057f 03       		.byte	3
 1437 0580 1B       		.byte	27
 1438 0581 0C       		.byte	12
 1439 0582 1E       		.byte	30
 1440 0583 01       		.byte	1
 1441 0584 28       		.byte	40
 1442 0585 03       		.byte	3
 1443 0586 2B       		.byte	43
 1444 0587 08       		.byte	8
 1445 0588 2D       		.byte	45
 1446 0589 0A       		.byte	10
 1447 058a 2F       		.byte	47
 1448 058b 04       		.byte	4
 1449 058c 33       		.byte	51
 1450 058d 0F       		.byte	15
 1451 058e 34       		.byte	52
 1452 058f 03       		.byte	3
 1453 0590 38       		.byte	56
 1454 0591 20       		.byte	32
 1455 0592 3B       		.byte	59
 1456 0593 08       		.byte	8
 1457 0594 3E       		.byte	62
 1458 0595 10       		.byte	16
 1459 0596 40       		.byte	64
 1460 0597 02       		.byte	2
 1461 0598 46       		.byte	70
 1462 0599 04       		.byte	4
 1463 059a 49       		.byte	73
 1464 059b FF       		.byte	-1
 1465 059c 4A       		.byte	74
 1466 059d 07       		.byte	7
 1467 059e 4B       		.byte	75
 1468 059f FF       		.byte	-1
 1469 05a0 4C       		.byte	76
 1470 05a1 40       		.byte	64
 1471 05a2 4D       		.byte	77
 1472 05a3 20       		.byte	32
 1473 05a4 4E       		.byte	78
 1474 05a5 F0       		.byte	-16
 1475 05a6 4F       		.byte	79
 1476 05a7 05       		.byte	5
 1477 05a8 50       		.byte	80
 1478 05a9 08       		.byte	8
 1479 05aa 58       		.byte	88
 1480 05ab 04       		.byte	4
 1481 05ac 59       		.byte	89
 1482 05ad 04       		.byte	4
ARM GAS  C:\Users\sdysart\AppData\Local\Temp\ccKAUJbG.s 			page 27


 1483 05ae 5A       		.byte	90
 1484 05af 04       		.byte	4
 1485 05b0 5C       		.byte	92
 1486 05b1 40       		.byte	64
 1487 05b2 5D       		.byte	93
 1488 05b3 04       		.byte	4
 1489 05b4 5F       		.byte	95
 1490 05b5 01       		.byte	1
 1491 05b6 60       		.byte	96
 1492 05b7 40       		.byte	64
 1493 05b8 61       		.byte	97
 1494 05b9 A8       		.byte	-88
 1495 05ba 62       		.byte	98
 1496 05bb 40       		.byte	64
 1497 05bc 63       		.byte	99
 1498 05bd 20       		.byte	32
 1499 05be 87       		.byte	-121
 1500 05bf 02       		.byte	2
 1501 05c0 88       		.byte	-120
 1502 05c1 02       		.byte	2
 1503 05c2 9B       		.byte	-101
 1504 05c3 01       		.byte	1
 1505 05c4 A3       		.byte	-93
 1506 05c5 03       		.byte	3
 1507 05c6 A6       		.byte	-90
 1508 05c7 03       		.byte	3
 1509 05c8 B2       		.byte	-78
 1510 05c9 01       		.byte	1
 1511 05ca B3       		.byte	-77
 1512 05cb 02       		.byte	2
 1513 05cc B5       		.byte	-75
 1514 05cd 01       		.byte	1
 1515 05ce B6       		.byte	-74
 1516 05cf 02       		.byte	2
 1517 05d0 BF       		.byte	-65
 1518 05d1 04       		.byte	4
 1519 05d2 C0       		.byte	-64
 1520 05d3 10       		.byte	16
 1521 05d4 C1       		.byte	-63
 1522 05d5 06       		.byte	6
 1523 05d6 C5       		.byte	-59
 1524 05d7 D1       		.byte	-47
 1525 05d8 C7       		.byte	-57
 1526 05d9 02       		.byte	2
 1527 05da C8       		.byte	-56
 1528 05db 13       		.byte	19
 1529 05dc C9       		.byte	-55
 1530 05dd FF       		.byte	-1
 1531 05de CA       		.byte	-54
 1532 05df FF       		.byte	-1
 1533 05e0 CB       		.byte	-53
 1534 05e1 FF       		.byte	-1
 1535 05e2 CD       		.byte	-51
 1536 05e3 A0       		.byte	-96
 1537 05e4 CF       		.byte	-49
 1538 05e5 04       		.byte	4
 1539 05e6 D0       		.byte	-48
ARM GAS  C:\Users\sdysart\AppData\Local\Temp\ccKAUJbG.s 			page 28


 1540 05e7 18       		.byte	24
 1541 05e8 D4       		.byte	-44
 1542 05e9 05       		.byte	5
 1543 05ea D8       		.byte	-40
 1544 05eb 04       		.byte	4
 1545 05ec D9       		.byte	-39
 1546 05ed 04       		.byte	4
 1547 05ee DA       		.byte	-38
 1548 05ef 04       		.byte	4
 1549 05f0 DB       		.byte	-37
 1550 05f1 04       		.byte	4
 1551 05f2 DC       		.byte	-36
 1552 05f3 11       		.byte	17
 1553 05f4 DD       		.byte	-35
 1554 05f5 11       		.byte	17
 1555 05f6 DF       		.byte	-33
 1556 05f7 01       		.byte	1
 1557 05f8 E0       		.byte	-32
 1558 05f9 40       		.byte	64
 1559 05fa E2       		.byte	-30
 1560 05fb C0       		.byte	-64
 1561 05fc E4       		.byte	-28
 1562 05fd 40       		.byte	64
 1563 05fe E5       		.byte	-27
 1564 05ff 40       		.byte	64
 1565 0600 E6       		.byte	-26
 1566 0601 C0       		.byte	-64
 1567 0602 E8       		.byte	-24
 1568 0603 C0       		.byte	-64
 1569 0604 EA       		.byte	-22
 1570 0605 C0       		.byte	-64
 1571 0606 EC       		.byte	-20
 1572 0607 C0       		.byte	-64
 1573 0608 EE       		.byte	-18
 1574 0609 C0       		.byte	-64
 1575 060a 00       		.byte	0
 1576 060b 10       		.byte	16
 1577 060c 06       		.byte	6
 1578 060d 80       		.byte	-128
 1579 060e 07       		.byte	7
 1580 060f 40       		.byte	64
 1581 0610 0C       		.byte	12
 1582 0611 01       		.byte	1
 1583 0612 0D       		.byte	13
 1584 0613 02       		.byte	2
 1585 0614 0E       		.byte	14
 1586 0615 82       		.byte	-126
 1587 0616 0F       		.byte	15
 1588 0617 02       		.byte	2
 1589 0618 10       		.byte	16
 1590 0619 20       		.byte	32
 1591 061a 17       		.byte	23
 1592 061b 10       		.byte	16
 1593 061c 18       		.byte	24
 1594 061d 10       		.byte	16
 1595 061e 19       		.byte	25
 1596 061f 80       		.byte	-128
ARM GAS  C:\Users\sdysart\AppData\Local\Temp\ccKAUJbG.s 			page 29


 1597 0620 1D       		.byte	29
 1598 0621 20       		.byte	32
 1599 0622 22       		.byte	34
 1600 0623 04       		.byte	4
 1601 0624 23       		.byte	35
 1602 0625 08       		.byte	8
 1603 0626 27       		.byte	39
 1604 0627 10       		.byte	16
 1605 0628 29       		.byte	41
 1606 0629 02       		.byte	2
 1607 062a 2A       		.byte	42
 1608 062b 02       		.byte	2
 1609 062c 2E       		.byte	46
 1610 062d 80       		.byte	-128
 1611 062e 2F       		.byte	47
 1612 062f 08       		.byte	8
 1613 0630 30       		.byte	48
 1614 0631 20       		.byte	32
 1615 0632 34       		.byte	52
 1616 0633 01       		.byte	1
 1617 0634 37       		.byte	55
 1618 0635 10       		.byte	16
 1619 0636 38       		.byte	56
 1620 0637 08       		.byte	8
 1621 0638 3E       		.byte	62
 1622 0639 20       		.byte	32
 1623 063a 3F       		.byte	63
 1624 063b 02       		.byte	2
 1625 063c 42       		.byte	66
 1626 063d 02       		.byte	2
 1627 063e 45       		.byte	69
 1628 063f 20       		.byte	32
 1629 0640 48       		.byte	72
 1630 0641 28       		.byte	40
 1631 0642 49       		.byte	73
 1632 0643 01       		.byte	1
 1633 0644 50       		.byte	80
 1634 0645 0C       		.byte	12
 1635 0646 55       		.byte	85
 1636 0647 40       		.byte	64
 1637 0648 57       		.byte	87
 1638 0649 03       		.byte	3
 1639 064a 59       		.byte	89
 1640 064b 81       		.byte	-127
 1641 064c 5A       		.byte	90
 1642 064d 08       		.byte	8
 1643 064e 85       		.byte	-123
 1644 064f 40       		.byte	64
 1645 0650 86       		.byte	-122
 1646 0651 10       		.byte	16
 1647 0652 9B       		.byte	-101
 1648 0653 40       		.byte	64
 1649 0654 9F       		.byte	-97
 1650 0655 10       		.byte	16
 1651 0656 A2       		.byte	-94
 1652 0657 40       		.byte	64
 1653 0658 A5       		.byte	-91
ARM GAS  C:\Users\sdysart\AppData\Local\Temp\ccKAUJbG.s 			page 30


 1654 0659 40       		.byte	64
 1655 065a A6       		.byte	-90
 1656 065b 01       		.byte	1
 1657 065c A7       		.byte	-89
 1658 065d 08       		.byte	8
 1659 065e AE       		.byte	-82
 1660 065f 01       		.byte	1
 1661 0660 C0       		.byte	-64
 1662 0661 12       		.byte	18
 1663 0662 C2       		.byte	-62
 1664 0663 90       		.byte	-112
 1665 0664 C4       		.byte	-60
 1666 0665 44       		.byte	68
 1667 0666 CA       		.byte	-54
 1668 0667 31       		.byte	49
 1669 0668 CC       		.byte	-52
 1670 0669 A4       		.byte	-92
 1671 066a CE       		.byte	-50
 1672 066b A2       		.byte	-94
 1673 066c D0       		.byte	-48
 1674 066d 28       		.byte	40
 1675 066e D2       		.byte	-46
 1676 066f 04       		.byte	4
 1677 0670 D6       		.byte	-42
 1678 0671 0B       		.byte	11
 1679 0672 40       		.byte	64
 1680 0673 43       		.byte	67
 1681 0674 49       		.byte	73
 1682 0675 FF       		.byte	-1
 1683 0676 4A       		.byte	74
 1684 0677 FF       		.byte	-1
 1685 0678 4B       		.byte	75
 1686 0679 FF       		.byte	-1
 1687 067a 4F       		.byte	79
 1688 067b 01       		.byte	1
 1689 067c 50       		.byte	80
 1690 067d 18       		.byte	24
 1691 067e 52       		.byte	82
 1692 067f 80       		.byte	-128
 1693 0680 5A       		.byte	90
 1694 0681 04       		.byte	4
 1695 0682 5B       		.byte	91
 1696 0683 04       		.byte	4
 1697 0684 5D       		.byte	93
 1698 0685 99       		.byte	-103
 1699 0686 5F       		.byte	95
 1700 0687 01       		.byte	1
 1701 0688 60       		.byte	96
 1702 0689 40       		.byte	64
 1703 068a 62       		.byte	98
 1704 068b 40       		.byte	64
 1705 068c 64       		.byte	100
 1706 068d 40       		.byte	64
 1707 068e 65       		.byte	101
 1708 068f 40       		.byte	64
 1709 0690 66       		.byte	102
 1710 0691 80       		.byte	-128
ARM GAS  C:\Users\sdysart\AppData\Local\Temp\ccKAUJbG.s 			page 31


 1711 0692 68       		.byte	104
 1712 0693 80       		.byte	-128
 1713 0694 6A       		.byte	106
 1714 0695 80       		.byte	-128
 1715 0696 6C       		.byte	108
 1716 0697 80       		.byte	-128
 1717 0698 6E       		.byte	110
 1718 0699 80       		.byte	-128
 1719 069a 80       		.byte	-128
 1720 069b 64       		.byte	100
 1721 069c 81       		.byte	-127
 1722 069d 0F       		.byte	15
 1723 069e 82       		.byte	-126
 1724 069f 18       		.byte	24
 1725 06a0 85       		.byte	-123
 1726 06a1 10       		.byte	16
 1727 06a2 86       		.byte	-122
 1728 06a3 60       		.byte	96
 1729 06a4 88       		.byte	-120
 1730 06a5 29       		.byte	41
 1731 06a6 89       		.byte	-119
 1732 06a7 10       		.byte	16
 1733 06a8 8A       		.byte	-118
 1734 06a9 86       		.byte	-122
 1735 06aa 8C       		.byte	-116
 1736 06ab 60       		.byte	96
 1737 06ac 8D       		.byte	-115
 1738 06ad 10       		.byte	16
 1739 06ae 92       		.byte	-110
 1740 06af 60       		.byte	96
 1741 06b0 95       		.byte	-107
 1742 06b1 0C       		.byte	12
 1743 06b2 9A       		.byte	-102
 1744 06b3 60       		.byte	96
 1745 06b4 9B       		.byte	-101
 1746 06b5 02       		.byte	2
 1747 06b6 9C       		.byte	-100
 1748 06b7 60       		.byte	96
 1749 06b8 9D       		.byte	-99
 1750 06b9 0D       		.byte	13
 1751 06ba 9F       		.byte	-97
 1752 06bb 02       		.byte	2
 1753 06bc A0       		.byte	-96
 1754 06bd 52       		.byte	82
 1755 06be A1       		.byte	-95
 1756 06bf 03       		.byte	3
 1757 06c0 A2       		.byte	-94
 1758 06c1 05       		.byte	5
 1759 06c2 A3       		.byte	-93
 1760 06c3 0C       		.byte	12
 1761 06c4 A4       		.byte	-92
 1762 06c5 1F       		.byte	31
 1763 06c6 A5       		.byte	-91
 1764 06c7 0D       		.byte	13
 1765 06c8 A7       		.byte	-89
 1766 06c9 02       		.byte	2
 1767 06ca A8       		.byte	-88
ARM GAS  C:\Users\sdysart\AppData\Local\Temp\ccKAUJbG.s 			page 32


 1768 06cb 1F       		.byte	31
 1769 06cc A9       		.byte	-87
 1770 06cd 04       		.byte	4
 1771 06ce AD       		.byte	-83
 1772 06cf 08       		.byte	8
 1773 06d0 B0       		.byte	-80
 1774 06d1 60       		.byte	96
 1775 06d2 B2       		.byte	-78
 1776 06d3 80       		.byte	-128
 1777 06d4 B3       		.byte	-77
 1778 06d5 01       		.byte	1
 1779 06d6 B4       		.byte	-76
 1780 06d7 03       		.byte	3
 1781 06d8 B5       		.byte	-75
 1782 06d9 10       		.byte	16
 1783 06da B6       		.byte	-74
 1784 06db 1C       		.byte	28
 1785 06dc B7       		.byte	-73
 1786 06dd 0E       		.byte	14
 1787 06de BB       		.byte	-69
 1788 06df 80       		.byte	-128
 1789 06e0 BF       		.byte	-65
 1790 06e1 04       		.byte	4
 1791 06e2 C0       		.byte	-64
 1792 06e3 43       		.byte	67
 1793 06e4 C9       		.byte	-55
 1794 06e5 FF       		.byte	-1
 1795 06e6 CA       		.byte	-54
 1796 06e7 FF       		.byte	-1
 1797 06e8 CB       		.byte	-53
 1798 06e9 FF       		.byte	-1
 1799 06ea CD       		.byte	-51
 1800 06eb 83       		.byte	-125
 1801 06ec CE       		.byte	-50
 1802 06ed 03       		.byte	3
 1803 06ee CF       		.byte	-49
 1804 06ef 01       		.byte	1
 1805 06f0 D0       		.byte	-48
 1806 06f1 18       		.byte	24
 1807 06f2 D6       		.byte	-42
 1808 06f3 02       		.byte	2
 1809 06f4 D7       		.byte	-41
 1810 06f5 12       		.byte	18
 1811 06f6 D8       		.byte	-40
 1812 06f7 04       		.byte	4
 1813 06f8 D9       		.byte	-39
 1814 06f9 04       		.byte	4
 1815 06fa DA       		.byte	-38
 1816 06fb 04       		.byte	4
 1817 06fc DB       		.byte	-37
 1818 06fd 04       		.byte	4
 1819 06fe DC       		.byte	-36
 1820 06ff 44       		.byte	68
 1821 0700 DD       		.byte	-35
 1822 0701 49       		.byte	73
 1823 0702 DF       		.byte	-33
 1824 0703 01       		.byte	1
ARM GAS  C:\Users\sdysart\AppData\Local\Temp\ccKAUJbG.s 			page 33


 1825 0704 E0       		.byte	-32
 1826 0705 40       		.byte	64
 1827 0706 E2       		.byte	-30
 1828 0707 40       		.byte	64
 1829 0708 E4       		.byte	-28
 1830 0709 40       		.byte	64
 1831 070a E5       		.byte	-27
 1832 070b 40       		.byte	64
 1833 070c E6       		.byte	-26
 1834 070d 80       		.byte	-128
 1835 070e E8       		.byte	-24
 1836 070f 80       		.byte	-128
 1837 0710 EA       		.byte	-22
 1838 0711 80       		.byte	-128
 1839 0712 EC       		.byte	-20
 1840 0713 80       		.byte	-128
 1841 0714 EE       		.byte	-18
 1842 0715 80       		.byte	-128
 1843 0716 00       		.byte	0
 1844 0717 04       		.byte	4
 1845 0718 01       		.byte	1
 1846 0719 20       		.byte	32
 1847 071a 02       		.byte	2
 1848 071b 01       		.byte	1
 1849 071c 03       		.byte	3
 1850 071d 80       		.byte	-128
 1851 071e 08       		.byte	8
 1852 071f 50       		.byte	80
 1853 0720 0A       		.byte	10
 1854 0721 80       		.byte	-128
 1855 0722 11       		.byte	17
 1856 0723 14       		.byte	20
 1857 0724 12       		.byte	18
 1858 0725 80       		.byte	-128
 1859 0726 19       		.byte	25
 1860 0727 01       		.byte	1
 1861 0728 1A       		.byte	26
 1862 0729 10       		.byte	16
 1863 072a 1B       		.byte	27
 1864 072b A0       		.byte	-96
 1865 072c 20       		.byte	32
 1866 072d 04       		.byte	4
 1867 072e 21       		.byte	33
 1868 072f 10       		.byte	16
 1869 0730 22       		.byte	34
 1870 0731 54       		.byte	84
 1871 0732 28       		.byte	40
 1872 0733 50       		.byte	80
 1873 0734 29       		.byte	41
 1874 0735 46       		.byte	70
 1875 0736 2A       		.byte	42
 1876 0737 10       		.byte	16
 1877 0738 31       		.byte	49
 1878 0739 08       		.byte	8
 1879 073a 32       		.byte	50
 1880 073b 50       		.byte	80
 1881 073c 39       		.byte	57
ARM GAS  C:\Users\sdysart\AppData\Local\Temp\ccKAUJbG.s 			page 34


 1882 073d 56       		.byte	86
 1883 073e 3A       		.byte	58
 1884 073f 01       		.byte	1
 1885 0740 42       		.byte	66
 1886 0741 A0       		.byte	-96
 1887 0742 46       		.byte	70
 1888 0743 A0       		.byte	-96
 1889 0744 5A       		.byte	90
 1890 0745 08       		.byte	8
 1891 0746 69       		.byte	105
 1892 0747 54       		.byte	84
 1893 0748 70       		.byte	112
 1894 0749 14       		.byte	20
 1895 074a 71       		.byte	113
 1896 074b 48       		.byte	72
 1897 074c 76       		.byte	118
 1898 074d 80       		.byte	-128
 1899 074e 8C       		.byte	-116
 1900 074f 40       		.byte	64
 1901 0750 8E       		.byte	-114
 1902 0751 80       		.byte	-128
 1903 0752 8F       		.byte	-113
 1904 0753 20       		.byte	32
 1905 0754 94       		.byte	-108
 1906 0755 68       		.byte	104
 1907 0756 95       		.byte	-107
 1908 0757 2A       		.byte	42
 1909 0758 96       		.byte	-106
 1910 0759 80       		.byte	-128
 1911 075a 9C       		.byte	-100
 1912 075b 10       		.byte	16
 1913 075c 9D       		.byte	-99
 1914 075d 61       		.byte	97
 1915 075e A7       		.byte	-89
 1916 075f 80       		.byte	-128
 1917 0760 C0       		.byte	-64
 1918 0761 0F       		.byte	15
 1919 0762 C2       		.byte	-62
 1920 0763 0B       		.byte	11
 1921 0764 C4       		.byte	-60
 1922 0765 0E       		.byte	14
 1923 0766 CA       		.byte	-54
 1924 0767 0F       		.byte	15
 1925 0768 CC       		.byte	-52
 1926 0769 0E       		.byte	14
 1927 076a CE       		.byte	-50
 1928 076b 0F       		.byte	15
 1929 076c D0       		.byte	-48
 1930 076d C3       		.byte	-61
 1931 076e D6       		.byte	-42
 1932 076f 02       		.byte	2
 1933 0770 00       		.byte	0
 1934 0771 07       		.byte	7
 1935 0772 02       		.byte	2
 1936 0773 18       		.byte	24
 1937 0774 06       		.byte	6
 1938 0775 03       		.byte	3
ARM GAS  C:\Users\sdysart\AppData\Local\Temp\ccKAUJbG.s 			page 35


 1939 0776 07       		.byte	7
 1940 0777 03       		.byte	3
 1941 0778 08       		.byte	8
 1942 0779 04       		.byte	4
 1943 077a 09       		.byte	9
 1944 077b 04       		.byte	4
 1945 077c 0D       		.byte	13
 1946 077d 0F       		.byte	15
 1947 077e 10       		.byte	16
 1948 077f 1C       		.byte	28
 1949 0780 11       		.byte	17
 1950 0781 03       		.byte	3
 1951 0782 12       		.byte	18
 1952 0783 01       		.byte	1
 1953 0784 13       		.byte	19
 1954 0785 0C       		.byte	12
 1955 0786 15       		.byte	21
 1956 0787 0C       		.byte	12
 1957 0788 16       		.byte	22
 1958 0789 04       		.byte	4
 1959 078a 19       		.byte	25
 1960 078b 02       		.byte	2
 1961 078c 1C       		.byte	28
 1962 078d 1C       		.byte	28
 1963 078e 1D       		.byte	29
 1964 078f 0F       		.byte	15
 1965 0790 1E       		.byte	30
 1966 0791 02       		.byte	2
 1967 0792 20       		.byte	32
 1968 0793 10       		.byte	16
 1969 0794 21       		.byte	33
 1970 0795 03       		.byte	3
 1971 0796 24       		.byte	36
 1972 0797 08       		.byte	8
 1973 0798 25       		.byte	37
 1974 0799 0C       		.byte	12
 1975 079a 27       		.byte	39
 1976 079b 03       		.byte	3
 1977 079c 28       		.byte	40
 1978 079d 18       		.byte	24
 1979 079e 29       		.byte	41
 1980 079f 01       		.byte	1
 1981 07a0 2C       		.byte	44
 1982 07a1 1F       		.byte	31
 1983 07a2 2D       		.byte	45
 1984 07a3 08       		.byte	8
 1985 07a4 32       		.byte	50
 1986 07a5 1F       		.byte	31
 1987 07a6 33       		.byte	51
 1988 07a7 0F       		.byte	15
 1989 07a8 3A       		.byte	58
 1990 07a9 08       		.byte	8
 1991 07aa 3B       		.byte	59
 1992 07ab 0A       		.byte	10
 1993 07ac 40       		.byte	64
 1994 07ad 43       		.byte	67
 1995 07ae 49       		.byte	73
ARM GAS  C:\Users\sdysart\AppData\Local\Temp\ccKAUJbG.s 			page 36


 1996 07af FF       		.byte	-1
 1997 07b0 4A       		.byte	74
 1998 07b1 FF       		.byte	-1
 1999 07b2 4B       		.byte	75
 2000 07b3 FF       		.byte	-1
 2001 07b4 4D       		.byte	77
 2002 07b5 83       		.byte	-125
 2003 07b6 4E       		.byte	78
 2004 07b7 03       		.byte	3
 2005 07b8 4F       		.byte	79
 2006 07b9 01       		.byte	1
 2007 07ba 50       		.byte	80
 2008 07bb 18       		.byte	24
 2009 07bc 58       		.byte	88
 2010 07bd 04       		.byte	4
 2011 07be 59       		.byte	89
 2012 07bf 04       		.byte	4
 2013 07c0 5A       		.byte	90
 2014 07c1 04       		.byte	4
 2015 07c2 5C       		.byte	92
 2016 07c3 44       		.byte	68
 2017 07c4 5D       		.byte	93
 2018 07c5 09       		.byte	9
 2019 07c6 5F       		.byte	95
 2020 07c7 01       		.byte	1
 2021 07c8 60       		.byte	96
 2022 07c9 40       		.byte	64
 2023 07ca 62       		.byte	98
 2024 07cb 40       		.byte	64
 2025 07cc 64       		.byte	100
 2026 07cd 40       		.byte	64
 2027 07ce 65       		.byte	101
 2028 07cf 40       		.byte	64
 2029 07d0 66       		.byte	102
 2030 07d1 80       		.byte	-128
 2031 07d2 68       		.byte	104
 2032 07d3 80       		.byte	-128
 2033 07d4 6A       		.byte	106
 2034 07d5 80       		.byte	-128
 2035 07d6 6C       		.byte	108
 2036 07d7 80       		.byte	-128
 2037 07d8 6E       		.byte	110
 2038 07d9 80       		.byte	-128
 2039 07da 86       		.byte	-122
 2040 07db 01       		.byte	1
 2041 07dc 8B       		.byte	-117
 2042 07dd 01       		.byte	1
 2043 07de A2       		.byte	-94
 2044 07df 01       		.byte	1
 2045 07e0 AF       		.byte	-81
 2046 07e1 01       		.byte	1
 2047 07e2 B2       		.byte	-78
 2048 07e3 01       		.byte	1
 2049 07e4 B7       		.byte	-73
 2050 07e5 01       		.byte	1
 2051 07e6 BF       		.byte	-65
 2052 07e7 40       		.byte	64
ARM GAS  C:\Users\sdysart\AppData\Local\Temp\ccKAUJbG.s 			page 37


 2053 07e8 C0       		.byte	-64
 2054 07e9 43       		.byte	67
 2055 07ea C5       		.byte	-59
 2056 07eb EC       		.byte	-20
 2057 07ec C6       		.byte	-58
 2058 07ed 20       		.byte	32
 2059 07ee C8       		.byte	-56
 2060 07ef 0B       		.byte	11
 2061 07f0 C9       		.byte	-55
 2062 07f1 FF       		.byte	-1
 2063 07f2 CA       		.byte	-54
 2064 07f3 FF       		.byte	-1
 2065 07f4 CB       		.byte	-53
 2066 07f5 FF       		.byte	-1
 2067 07f6 CD       		.byte	-51
 2068 07f7 83       		.byte	-125
 2069 07f8 CE       		.byte	-50
 2070 07f9 03       		.byte	3
 2071 07fa CF       		.byte	-49
 2072 07fb 01       		.byte	1
 2073 07fc D0       		.byte	-48
 2074 07fd 18       		.byte	24
 2075 07fe D4       		.byte	-44
 2076 07ff 01       		.byte	1
 2077 0800 D8       		.byte	-40
 2078 0801 04       		.byte	4
 2079 0802 D9       		.byte	-39
 2080 0803 04       		.byte	4
 2081 0804 DA       		.byte	-38
 2082 0805 04       		.byte	4
 2083 0806 DB       		.byte	-37
 2084 0807 04       		.byte	4
 2085 0808 DC       		.byte	-36
 2086 0809 09       		.byte	9
 2087 080a DD       		.byte	-35
 2088 080b 99       		.byte	-103
 2089 080c DF       		.byte	-33
 2090 080d 01       		.byte	1
 2091 080e E0       		.byte	-32
 2092 080f 40       		.byte	64
 2093 0810 E2       		.byte	-30
 2094 0811 40       		.byte	64
 2095 0812 E4       		.byte	-28
 2096 0813 40       		.byte	64
 2097 0814 E5       		.byte	-27
 2098 0815 40       		.byte	64
 2099 0816 E6       		.byte	-26
 2100 0817 80       		.byte	-128
 2101 0818 E8       		.byte	-24
 2102 0819 80       		.byte	-128
 2103 081a EA       		.byte	-22
 2104 081b 80       		.byte	-128
 2105 081c EC       		.byte	-20
 2106 081d 80       		.byte	-128
 2107 081e EE       		.byte	-18
 2108 081f 80       		.byte	-128
 2109 0820 00       		.byte	0
ARM GAS  C:\Users\sdysart\AppData\Local\Temp\ccKAUJbG.s 			page 38


 2110 0821 04       		.byte	4
 2111 0822 01       		.byte	1
 2112 0823 22       		.byte	34
 2113 0824 06       		.byte	6
 2114 0825 20       		.byte	32
 2115 0826 09       		.byte	9
 2116 0827 80       		.byte	-128
 2117 0828 0A       		.byte	10
 2118 0829 90       		.byte	-112
 2119 082a 12       		.byte	18
 2120 082b 58       		.byte	88
 2121 082c 13       		.byte	19
 2122 082d 40       		.byte	64
 2123 082e 16       		.byte	22
 2124 082f 80       		.byte	-128
 2125 0830 19       		.byte	25
 2126 0831 04       		.byte	4
 2127 0832 1F       		.byte	31
 2128 0833 08       		.byte	8
 2129 0834 21       		.byte	33
 2130 0835 05       		.byte	5
 2131 0836 22       		.byte	34
 2132 0837 04       		.byte	4
 2133 0838 23       		.byte	35
 2134 0839 40       		.byte	64
 2135 083a 26       		.byte	38
 2136 083b 40       		.byte	64
 2137 083c 29       		.byte	41
 2138 083d 64       		.byte	100
 2139 083e 2A       		.byte	42
 2140 083f 40       		.byte	64
 2141 0840 2B       		.byte	43
 2142 0841 80       		.byte	-128
 2143 0842 2E       		.byte	46
 2144 0843 80       		.byte	-128
 2145 0844 30       		.byte	48
 2146 0845 02       		.byte	2
 2147 0846 31       		.byte	49
 2148 0847 08       		.byte	8
 2149 0848 32       		.byte	50
 2150 0849 48       		.byte	72
 2151 084a 33       		.byte	51
 2152 084b 20       		.byte	32
 2153 084c 38       		.byte	56
 2154 084d 24       		.byte	36
 2155 084e 3A       		.byte	58
 2156 084f 10       		.byte	16
 2157 0850 3B       		.byte	59
 2158 0851 40       		.byte	64
 2159 0852 3E       		.byte	62
 2160 0853 20       		.byte	32
 2161 0854 42       		.byte	66
 2162 0855 A0       		.byte	-96
 2163 0856 46       		.byte	70
 2164 0857 A0       		.byte	-96
 2165 0858 4D       		.byte	77
 2166 0859 04       		.byte	4
ARM GAS  C:\Users\sdysart\AppData\Local\Temp\ccKAUJbG.s 			page 39


 2167 085a 4F       		.byte	79
 2168 085b 01       		.byte	1
 2169 085c 56       		.byte	86
 2170 085d 20       		.byte	32
 2171 085e 5D       		.byte	93
 2172 085f 04       		.byte	4
 2173 0860 5E       		.byte	94
 2174 0861 80       		.byte	-128
 2175 0862 5F       		.byte	95
 2176 0863 01       		.byte	1
 2177 0864 81       		.byte	-127
 2178 0865 84       		.byte	-124
 2179 0866 85       		.byte	-123
 2180 0867 02       		.byte	2
 2181 0868 86       		.byte	-122
 2182 0869 04       		.byte	4
 2183 086a 87       		.byte	-121
 2184 086b 08       		.byte	8
 2185 086c 88       		.byte	-120
 2186 086d 02       		.byte	2
 2187 086e 89       		.byte	-119
 2188 086f 24       		.byte	36
 2189 0870 90       		.byte	-112
 2190 0871 24       		.byte	36
 2191 0872 92       		.byte	-110
 2192 0873 90       		.byte	-112
 2193 0874 95       		.byte	-107
 2194 0875 0A       		.byte	10
 2195 0876 99       		.byte	-103
 2196 0877 40       		.byte	64
 2197 0878 9A       		.byte	-102
 2198 0879 80       		.byte	-128
 2199 087a 9D       		.byte	-99
 2200 087b 26       		.byte	38
 2201 087c 9E       		.byte	-98
 2202 087d 30       		.byte	48
 2203 087e A1       		.byte	-95
 2204 087f 08       		.byte	8
 2205 0880 A3       		.byte	-93
 2206 0881 A0       		.byte	-96
 2207 0882 C0       		.byte	-64
 2208 0883 2E       		.byte	46
 2209 0884 C2       		.byte	-62
 2210 0885 0D       		.byte	13
 2211 0886 C4       		.byte	-60
 2212 0887 1F       		.byte	31
 2213 0888 CA       		.byte	-54
 2214 0889 1F       		.byte	31
 2215 088a CC       		.byte	-52
 2216 088b 0F       		.byte	15
 2217 088c CE       		.byte	-50
 2218 088d 2E       		.byte	46
 2219 088e D0       		.byte	-48
 2220 088f C3       		.byte	-61
 2221 0890 D6       		.byte	-42
 2222 0891 D0       		.byte	-48
 2223 0892 E4       		.byte	-28
ARM GAS  C:\Users\sdysart\AppData\Local\Temp\ccKAUJbG.s 			page 40


 2224 0893 10       		.byte	16
 2225 0894 E8       		.byte	-24
 2226 0895 04       		.byte	4
 2227 0896 32       		.byte	50
 2228 0897 40       		.byte	64
 2229 0898 33       		.byte	51
 2230 0899 08       		.byte	8
 2231 089a 37       		.byte	55
 2232 089b 82       		.byte	-126
 2233 089c 3B       		.byte	59
 2234 089d 40       		.byte	64
 2235 089e CC       		.byte	-52
 2236 089f F0       		.byte	-16
 2237 08a0 CE       		.byte	-50
 2238 08a1 10       		.byte	16
 2239 08a2 96       		.byte	-106
 2240 08a3 80       		.byte	-128
 2241 08a4 97       		.byte	-105
 2242 08a5 40       		.byte	64
 2243 08a6 9F       		.byte	-97
 2244 08a7 82       		.byte	-126
 2245 08a8 A7       		.byte	-89
 2246 08a9 08       		.byte	8
 2247 08aa 96       		.byte	-106
 2248 08ab 80       		.byte	-128
 2249 08ac 97       		.byte	-105
 2250 08ad 40       		.byte	64
 2251 08ae 9F       		.byte	-97
 2252 08af 82       		.byte	-126
 2253 08b0 A7       		.byte	-89
 2254 08b1 08       		.byte	8
 2255 08b2 27       		.byte	39
 2256 08b3 80       		.byte	-128
 2257 08b4 87       		.byte	-121
 2258 08b5 08       		.byte	8
 2259 08b6 8E       		.byte	-114
 2260 08b7 40       		.byte	64
 2261 08b8 96       		.byte	-106
 2262 08b9 80       		.byte	-128
 2263 08ba 97       		.byte	-105
 2264 08bb 40       		.byte	64
 2265 08bc 9F       		.byte	-97
 2266 08bd 82       		.byte	-126
 2267 08be A7       		.byte	-89
 2268 08bf 08       		.byte	8
 2269 08c0 C8       		.byte	-56
 2270 08c1 80       		.byte	-128
 2271 08c2 E6       		.byte	-26
 2272 08c3 40       		.byte	64
 2273 08c4 81       		.byte	-127
 2274 08c5 10       		.byte	16
 2275 08c6 8B       		.byte	-117
 2276 08c7 01       		.byte	1
 2277 08c8 99       		.byte	-103
 2278 08c9 10       		.byte	16
 2279 08ca E0       		.byte	-32
 2280 08cb 01       		.byte	1
ARM GAS  C:\Users\sdysart\AppData\Local\Temp\ccKAUJbG.s 			page 41


 2281 08cc 99       		.byte	-103
 2282 08cd 10       		.byte	16
 2283 08ce A3       		.byte	-93
 2284 08cf 01       		.byte	1
 2285 08d0 87       		.byte	-121
 2286 08d1 04       		.byte	4
 2287 08d2 99       		.byte	-103
 2288 08d3 10       		.byte	16
 2289 08d4 A3       		.byte	-93
 2290 08d5 01       		.byte	1
 2291 08d6 97       		.byte	-105
 2292 08d7 40       		.byte	64
 2293 08d8 AF       		.byte	-81
 2294 08d9 02       		.byte	2
 2295 08da EE       		.byte	-18
 2296 08db 40       		.byte	64
 2297 08dc 87       		.byte	-121
 2298 08dd 40       		.byte	64
 2299 08de 97       		.byte	-105
 2300 08df 40       		.byte	64
 2301 08e0 E6       		.byte	-26
 2302 08e1 40       		.byte	64
 2303 08e2 53       		.byte	83
 2304 08e3 04       		.byte	4
 2305 08e4 5F       		.byte	95
 2306 08e5 08       		.byte	8
 2307 08e6 63       		.byte	99
 2308 08e7 02       		.byte	2
 2309 08e8 65       		.byte	101
 2310 08e9 10       		.byte	16
 2311 08ea 93       		.byte	-109
 2312 08eb 08       		.byte	8
 2313 08ec 99       		.byte	-103
 2314 08ed 10       		.byte	16
 2315 08ee A3       		.byte	-93
 2316 08ef 01       		.byte	1
 2317 08f0 D4       		.byte	-44
 2318 08f1 04       		.byte	4
 2319 08f2 D6       		.byte	-42
 2320 08f3 03       		.byte	3
 2321 08f4 D8       		.byte	-40
 2322 08f5 01       		.byte	1
 2323 08f6 10       		.byte	16
 2324 08f7 10       		.byte	16
 2325 08f8 79       		.byte	121
 2326 08f9 80       		.byte	-128
 2327 08fa 88       		.byte	-120
 2328 08fb 10       		.byte	16
 2329 08fc 8D       		.byte	-115
 2330 08fd 40       		.byte	64
 2331 08fe AB       		.byte	-85
 2332 08ff 08       		.byte	8
 2333 0900 C4       		.byte	-60
 2334 0901 08       		.byte	8
 2335 0902 DC       		.byte	-36
 2336 0903 01       		.byte	1
 2337 0904 E2       		.byte	-30
ARM GAS  C:\Users\sdysart\AppData\Local\Temp\ccKAUJbG.s 			page 42


 2338 0905 04       		.byte	4
 2339 0906 E4       		.byte	-28
 2340 0907 08       		.byte	8
 2341 0908 00       		.byte	0
 2342 0909 3D       		.byte	61
 2343 090a 01       		.byte	1
 2344 090b 01       		.byte	1
 2345 090c 0A       		.byte	10
 2346 090d 30       		.byte	48
 2347 090e 0C       		.byte	12
 2348 090f 18       		.byte	24
 2349 0910 0D       		.byte	13
 2350 0911 01       		.byte	1
 2351 0912 0E       		.byte	14
 2352 0913 05       		.byte	5
 2353 0914 10       		.byte	16
 2354 0915 12       		.byte	18
 2355 0916 11       		.byte	17
 2356 0917 01       		.byte	1
 2357 0918 1A       		.byte	26
 2358 0919 12       		.byte	18
 2359 091a 1B       		.byte	27
 2360 091b 01       		.byte	1
 2361 091c 1C       		.byte	28
 2362 091d 10       		.byte	16
 2363 091e 1D       		.byte	29
 2364 091f 01       		.byte	1
 2365 0920 00       		.byte	0
 2366 0921 FB       		.byte	-5
 2367 0922 01       		.byte	1
 2368 0923 03       		.byte	3
 2369 0924 00       		.byte	0
 2370 0925 03       		.byte	3
 2371 0926 03       		.byte	3
 2372 0927 00       		.byte	0
 2373 0928 00       		.byte	0
 2374 0929 00       		.byte	0
 2375 092a 00       		.byte	0
 2376 092b 00       		.byte	0
 2377 092c 80       		.byte	-128
 2378 092d 00       		.byte	0
 2379 092e 40       		.byte	64
 2380 092f 80       		.byte	-128
 2381 0930 80       		.byte	-128
 2382 0931 00       		.byte	0
 2383 0932 80       		.byte	-128
 2384 0933 00       		.byte	0
 2385 0934 00       		.byte	0
 2386 0935 00       		.byte	0
 2387 0936 00       		.byte	0
 2388 0937 00       		.byte	0
 2389 0938 00       		.byte	0
 2390 0939 F7       		.byte	-9
 2391 093a F7       		.byte	-9
 2392 093b 00       		.byte	0
 2393 093c 74       		.byte	116
 2394 093d 00       		.byte	0
ARM GAS  C:\Users\sdysart\AppData\Local\Temp\ccKAUJbG.s 			page 43


 2395 093e 00       		.byte	0
 2396 093f 00       		.byte	0
 2397 0940 00       		.byte	0
 2398 0941 7F       		.byte	127
 2399 0942 7F       		.byte	127
 2400 0943 00       		.byte	0
 2401 0944 00       		.byte	0
 2402 0945 00       		.byte	0
 2403 0946 00       		.byte	0
 2404 0947 00       		.byte	0
 2405 0948 01       		.byte	1
 2406 0949 00       		.byte	0
 2407 094a 14       		.byte	20
 2408 094b 01       		.byte	1
 2409              		.section	.cywolatch,"a",%progbits
 2410              		.align	2
 2411              		.type	cy_meta_wonvl, %object
 2412              		.size	cy_meta_wonvl, 4
 2413              	cy_meta_wonvl:
 2414 0000 BC       		.byte	-68
 2415 0001 90       		.byte	-112
 2416 0002 AC       		.byte	-84
 2417 0003 AF       		.byte	-81
 2418              		.section	.cycustnvl,"a",%progbits
 2419              		.align	2
 2420              		.type	cy_meta_custnvl, %object
 2421              		.size	cy_meta_custnvl, 4
 2422              	cy_meta_custnvl:
 2423 0000 00       		.byte	0
 2424 0001 00       		.byte	0
 2425 0002 40       		.byte	64
 2426 0003 05       		.byte	5
 2427              		.section	.cymeta,"a",%progbits
 2428              		.align	2
 2429              		.type	cy_metadata, %object
 2430              		.size	cy_metadata, 12
 2431              	cy_metadata:
 2432 0000 00       		.byte	0
 2433 0001 01       		.byte	1
 2434 0002 2E       		.byte	46
 2435 0003 16       		.byte	22
 2436 0004 10       		.byte	16
 2437 0005 69       		.byte	105
 2438 0006 00       		.byte	0
 2439 0007 01       		.byte	1
 2440 0008 00       		.byte	0
 2441 0009 00       		.byte	0
 2442 000a 00       		.byte	0
 2443 000b 00       		.byte	0
 2444              		.section	.cyflashprotect,"a",%progbits
 2445              		.align	2
 2446              		.type	cy_meta_flashprotect, %object
 2447              		.size	cy_meta_flashprotect, 256
 2448              	cy_meta_flashprotect:
 2449 0000 00000000 		.space	256
 2449      00000000 
 2449      00000000 
ARM GAS  C:\Users\sdysart\AppData\Local\Temp\ccKAUJbG.s 			page 44


 2449      00000000 
 2449      00000000 
 2450              		.text
 2451              	.Letext0:
 2452              		.file 1 "c:\\program files (x86)\\cypress\\psoc creator\\4.1\\psoc creator\\import\\gnu\\arm\\5.4.
 2453              		.file 2 "c:\\program files (x86)\\cypress\\psoc creator\\4.1\\psoc creator\\import\\gnu\\arm\\5.4.
 2454              		.file 3 "Generated_Source\\PSoC5\\cymetadata.c"
 2455              		.section	.debug_info,"",%progbits
 2456              	.Ldebug_info0:
 2457 0000 35010000 		.4byte	0x135
 2458 0004 0400     		.2byte	0x4
 2459 0006 00000000 		.4byte	.Ldebug_abbrev0
 2460 000a 04       		.byte	0x4
 2461 000b 01       		.uleb128 0x1
 2462 000c 24000000 		.4byte	.LASF17
 2463 0010 0C       		.byte	0xc
 2464 0011 C0010000 		.4byte	.LASF18
 2465 0015 E7000000 		.4byte	.LASF19
 2466 0019 00000000 		.4byte	.Ldebug_line0
 2467 001d 02       		.uleb128 0x2
 2468 001e 01       		.byte	0x1
 2469 001f 06       		.byte	0x6
 2470 0020 B4010000 		.4byte	.LASF0
 2471 0024 03       		.uleb128 0x3
 2472 0025 00000000 		.4byte	.LASF9
 2473 0029 01       		.byte	0x1
 2474 002a 1D       		.byte	0x1d
 2475 002b 2F000000 		.4byte	0x2f
 2476 002f 02       		.uleb128 0x2
 2477 0030 01       		.byte	0x1
 2478 0031 08       		.byte	0x8
 2479 0032 16000000 		.4byte	.LASF1
 2480 0036 02       		.uleb128 0x2
 2481 0037 02       		.byte	0x2
 2482 0038 05       		.byte	0x5
 2483 0039 A1010000 		.4byte	.LASF2
 2484 003d 02       		.uleb128 0x2
 2485 003e 02       		.byte	0x2
 2486 003f 07       		.byte	0x7
 2487 0040 C4000000 		.4byte	.LASF3
 2488 0044 02       		.uleb128 0x2
 2489 0045 04       		.byte	0x4
 2490 0046 05       		.byte	0x5
 2491 0047 AB010000 		.4byte	.LASF4
 2492 004b 02       		.uleb128 0x2
 2493 004c 04       		.byte	0x4
 2494 004d 07       		.byte	0x7
 2495 004e B2000000 		.4byte	.LASF5
 2496 0052 02       		.uleb128 0x2
 2497 0053 08       		.byte	0x8
 2498 0054 05       		.byte	0x5
 2499 0055 93010000 		.4byte	.LASF6
 2500 0059 02       		.uleb128 0x2
 2501 005a 08       		.byte	0x8
 2502 005b 07       		.byte	0x7
 2503 005c 48010000 		.4byte	.LASF7
 2504 0060 04       		.uleb128 0x4
ARM GAS  C:\Users\sdysart\AppData\Local\Temp\ccKAUJbG.s 			page 45


 2505 0061 04       		.byte	0x4
 2506 0062 05       		.byte	0x5
 2507 0063 696E7400 		.ascii	"int\000"
 2508 0067 02       		.uleb128 0x2
 2509 0068 04       		.byte	0x4
 2510 0069 07       		.byte	0x7
 2511 006a 3B010000 		.4byte	.LASF8
 2512 006e 03       		.uleb128 0x3
 2513 006f 5F010000 		.4byte	.LASF10
 2514 0073 02       		.byte	0x2
 2515 0074 18       		.byte	0x18
 2516 0075 24000000 		.4byte	0x24
 2517 0079 05       		.uleb128 0x5
 2518 007a 91000000 		.4byte	0x91
 2519 007e 8A000000 		.4byte	0x8a
 2520 0082 06       		.uleb128 0x6
 2521 0083 8A000000 		.4byte	0x8a
 2522 0087 4B09     		.2byte	0x94b
 2523 0089 00       		.byte	0
 2524 008a 02       		.uleb128 0x2
 2525 008b 04       		.byte	0x4
 2526 008c 07       		.byte	0x7
 2527 008d 8A010000 		.4byte	.LASF11
 2528 0091 07       		.uleb128 0x7
 2529 0092 6E000000 		.4byte	0x6e
 2530 0096 08       		.uleb128 0x8
 2531 0097 29010000 		.4byte	.LASF12
 2532 009b 03       		.byte	0x3
 2533 009c 1F       		.byte	0x1f
 2534 009d A7000000 		.4byte	0xa7
 2535 00a1 05       		.uleb128 0x5
 2536 00a2 03       		.byte	0x3
 2537 00a3 00000000 		.4byte	cy_meta_configecc
 2538 00a7 07       		.uleb128 0x7
 2539 00a8 79000000 		.4byte	0x79
 2540 00ac 05       		.uleb128 0x5
 2541 00ad 91000000 		.4byte	0x91
 2542 00b1 BC000000 		.4byte	0xbc
 2543 00b5 09       		.uleb128 0x9
 2544 00b6 8A000000 		.4byte	0x8a
 2545 00ba 03       		.byte	0x3
 2546 00bb 00       		.byte	0
 2547 00bc 0A       		.uleb128 0xa
 2548 00bd D7000000 		.4byte	.LASF13
 2549 00c1 03       		.byte	0x3
 2550 00c2 5601     		.2byte	0x156
 2551 00c4 CE000000 		.4byte	0xce
 2552 00c8 05       		.uleb128 0x5
 2553 00c9 03       		.byte	0x3
 2554 00ca 00000000 		.4byte	cy_meta_custnvl
 2555 00ce 07       		.uleb128 0x7
 2556 00cf AC000000 		.4byte	0xac
 2557 00d3 0A       		.uleb128 0xa
 2558 00d4 7C010000 		.4byte	.LASF14
 2559 00d8 03       		.byte	0x3
 2560 00d9 6401     		.2byte	0x164
 2561 00db E5000000 		.4byte	0xe5
ARM GAS  C:\Users\sdysart\AppData\Local\Temp\ccKAUJbG.s 			page 46


 2562 00df 05       		.uleb128 0x5
 2563 00e0 03       		.byte	0x3
 2564 00e1 00000000 		.4byte	cy_meta_wonvl
 2565 00e5 07       		.uleb128 0x7
 2566 00e6 AC000000 		.4byte	0xac
 2567 00ea 05       		.uleb128 0x5
 2568 00eb 91000000 		.4byte	0x91
 2569 00ef FA000000 		.4byte	0xfa
 2570 00f3 09       		.uleb128 0x9
 2571 00f4 8A000000 		.4byte	0x8a
 2572 00f8 FF       		.byte	0xff
 2573 00f9 00       		.byte	0
 2574 00fa 0A       		.uleb128 0xa
 2575 00fb 67010000 		.4byte	.LASF15
 2576 00ff 03       		.byte	0x3
 2577 0100 7201     		.2byte	0x172
 2578 0102 0C010000 		.4byte	0x10c
 2579 0106 05       		.uleb128 0x5
 2580 0107 03       		.byte	0x3
 2581 0108 00000000 		.4byte	cy_meta_flashprotect
 2582 010c 07       		.uleb128 0x7
 2583 010d EA000000 		.4byte	0xea
 2584 0111 05       		.uleb128 0x5
 2585 0112 91000000 		.4byte	0x91
 2586 0116 21010000 		.4byte	0x121
 2587 011a 09       		.uleb128 0x9
 2588 011b 8A000000 		.4byte	0x8a
 2589 011f 0B       		.byte	0xb
 2590 0120 00       		.byte	0
 2591 0121 0A       		.uleb128 0xa
 2592 0122 0A000000 		.4byte	.LASF16
 2593 0126 03       		.byte	0x3
 2594 0127 9F01     		.2byte	0x19f
 2595 0129 33010000 		.4byte	0x133
 2596 012d 05       		.uleb128 0x5
 2597 012e 03       		.byte	0x3
 2598 012f 00000000 		.4byte	cy_metadata
 2599 0133 07       		.uleb128 0x7
 2600 0134 11010000 		.4byte	0x111
 2601 0138 00       		.byte	0
 2602              		.section	.debug_abbrev,"",%progbits
 2603              	.Ldebug_abbrev0:
 2604 0000 01       		.uleb128 0x1
 2605 0001 11       		.uleb128 0x11
 2606 0002 01       		.byte	0x1
 2607 0003 25       		.uleb128 0x25
 2608 0004 0E       		.uleb128 0xe
 2609 0005 13       		.uleb128 0x13
 2610 0006 0B       		.uleb128 0xb
 2611 0007 03       		.uleb128 0x3
 2612 0008 0E       		.uleb128 0xe
 2613 0009 1B       		.uleb128 0x1b
 2614 000a 0E       		.uleb128 0xe
 2615 000b 10       		.uleb128 0x10
 2616 000c 17       		.uleb128 0x17
 2617 000d 00       		.byte	0
 2618 000e 00       		.byte	0
ARM GAS  C:\Users\sdysart\AppData\Local\Temp\ccKAUJbG.s 			page 47


 2619 000f 02       		.uleb128 0x2
 2620 0010 24       		.uleb128 0x24
 2621 0011 00       		.byte	0
 2622 0012 0B       		.uleb128 0xb
 2623 0013 0B       		.uleb128 0xb
 2624 0014 3E       		.uleb128 0x3e
 2625 0015 0B       		.uleb128 0xb
 2626 0016 03       		.uleb128 0x3
 2627 0017 0E       		.uleb128 0xe
 2628 0018 00       		.byte	0
 2629 0019 00       		.byte	0
 2630 001a 03       		.uleb128 0x3
 2631 001b 16       		.uleb128 0x16
 2632 001c 00       		.byte	0
 2633 001d 03       		.uleb128 0x3
 2634 001e 0E       		.uleb128 0xe
 2635 001f 3A       		.uleb128 0x3a
 2636 0020 0B       		.uleb128 0xb
 2637 0021 3B       		.uleb128 0x3b
 2638 0022 0B       		.uleb128 0xb
 2639 0023 49       		.uleb128 0x49
 2640 0024 13       		.uleb128 0x13
 2641 0025 00       		.byte	0
 2642 0026 00       		.byte	0
 2643 0027 04       		.uleb128 0x4
 2644 0028 24       		.uleb128 0x24
 2645 0029 00       		.byte	0
 2646 002a 0B       		.uleb128 0xb
 2647 002b 0B       		.uleb128 0xb
 2648 002c 3E       		.uleb128 0x3e
 2649 002d 0B       		.uleb128 0xb
 2650 002e 03       		.uleb128 0x3
 2651 002f 08       		.uleb128 0x8
 2652 0030 00       		.byte	0
 2653 0031 00       		.byte	0
 2654 0032 05       		.uleb128 0x5
 2655 0033 01       		.uleb128 0x1
 2656 0034 01       		.byte	0x1
 2657 0035 49       		.uleb128 0x49
 2658 0036 13       		.uleb128 0x13
 2659 0037 01       		.uleb128 0x1
 2660 0038 13       		.uleb128 0x13
 2661 0039 00       		.byte	0
 2662 003a 00       		.byte	0
 2663 003b 06       		.uleb128 0x6
 2664 003c 21       		.uleb128 0x21
 2665 003d 00       		.byte	0
 2666 003e 49       		.uleb128 0x49
 2667 003f 13       		.uleb128 0x13
 2668 0040 2F       		.uleb128 0x2f
 2669 0041 05       		.uleb128 0x5
 2670 0042 00       		.byte	0
 2671 0043 00       		.byte	0
 2672 0044 07       		.uleb128 0x7
 2673 0045 26       		.uleb128 0x26
 2674 0046 00       		.byte	0
 2675 0047 49       		.uleb128 0x49
ARM GAS  C:\Users\sdysart\AppData\Local\Temp\ccKAUJbG.s 			page 48


 2676 0048 13       		.uleb128 0x13
 2677 0049 00       		.byte	0
 2678 004a 00       		.byte	0
 2679 004b 08       		.uleb128 0x8
 2680 004c 34       		.uleb128 0x34
 2681 004d 00       		.byte	0
 2682 004e 03       		.uleb128 0x3
 2683 004f 0E       		.uleb128 0xe
 2684 0050 3A       		.uleb128 0x3a
 2685 0051 0B       		.uleb128 0xb
 2686 0052 3B       		.uleb128 0x3b
 2687 0053 0B       		.uleb128 0xb
 2688 0054 49       		.uleb128 0x49
 2689 0055 13       		.uleb128 0x13
 2690 0056 3F       		.uleb128 0x3f
 2691 0057 19       		.uleb128 0x19
 2692 0058 02       		.uleb128 0x2
 2693 0059 18       		.uleb128 0x18
 2694 005a 00       		.byte	0
 2695 005b 00       		.byte	0
 2696 005c 09       		.uleb128 0x9
 2697 005d 21       		.uleb128 0x21
 2698 005e 00       		.byte	0
 2699 005f 49       		.uleb128 0x49
 2700 0060 13       		.uleb128 0x13
 2701 0061 2F       		.uleb128 0x2f
 2702 0062 0B       		.uleb128 0xb
 2703 0063 00       		.byte	0
 2704 0064 00       		.byte	0
 2705 0065 0A       		.uleb128 0xa
 2706 0066 34       		.uleb128 0x34
 2707 0067 00       		.byte	0
 2708 0068 03       		.uleb128 0x3
 2709 0069 0E       		.uleb128 0xe
 2710 006a 3A       		.uleb128 0x3a
 2711 006b 0B       		.uleb128 0xb
 2712 006c 3B       		.uleb128 0x3b
 2713 006d 05       		.uleb128 0x5
 2714 006e 49       		.uleb128 0x49
 2715 006f 13       		.uleb128 0x13
 2716 0070 3F       		.uleb128 0x3f
 2717 0071 19       		.uleb128 0x19
 2718 0072 02       		.uleb128 0x2
 2719 0073 18       		.uleb128 0x18
 2720 0074 00       		.byte	0
 2721 0075 00       		.byte	0
 2722 0076 00       		.byte	0
 2723              		.section	.debug_aranges,"",%progbits
 2724 0000 14000000 		.4byte	0x14
 2725 0004 0200     		.2byte	0x2
 2726 0006 00000000 		.4byte	.Ldebug_info0
 2727 000a 04       		.byte	0x4
 2728 000b 00       		.byte	0
 2729 000c 0000     		.2byte	0
 2730 000e 0000     		.2byte	0
 2731 0010 00000000 		.4byte	0
 2732 0014 00000000 		.4byte	0
ARM GAS  C:\Users\sdysart\AppData\Local\Temp\ccKAUJbG.s 			page 49


 2733              		.section	.debug_line,"",%progbits
 2734              	.Ldebug_line0:
 2735 0000 3D010000 		.section	.debug_str,"MS",%progbits,1
 2735      02003701 
 2735      00000201 
 2735      FB0E0D00 
 2735      01010101 
 2736              	.LASF9:
 2737 0000 5F5F7569 		.ascii	"__uint8_t\000"
 2737      6E74385F 
 2737      7400
 2738              	.LASF16:
 2739 000a 63795F6D 		.ascii	"cy_metadata\000"
 2739      65746164 
 2739      61746100 
 2740              	.LASF1:
 2741 0016 756E7369 		.ascii	"unsigned char\000"
 2741      676E6564 
 2741      20636861 
 2741      7200
 2742              	.LASF17:
 2743 0024 474E5520 		.ascii	"GNU C11 5.4.1 20160609 (release) [ARM/embedded-5-br"
 2743      43313120 
 2743      352E342E 
 2743      31203230 
 2743      31363036 
 2744 0057 616E6368 		.ascii	"anch revision 237715] -mcpu=cortex-m3 -mthumb -g -O"
 2744      20726576 
 2744      6973696F 
 2744      6E203233 
 2744      37373135 
 2745 008a 67202D66 		.ascii	"g -ffunction-sections -ffat-lto-objects\000"
 2745      66756E63 
 2745      74696F6E 
 2745      2D736563 
 2745      74696F6E 
 2746              	.LASF5:
 2747 00b2 6C6F6E67 		.ascii	"long unsigned int\000"
 2747      20756E73 
 2747      69676E65 
 2747      6420696E 
 2747      7400
 2748              	.LASF3:
 2749 00c4 73686F72 		.ascii	"short unsigned int\000"
 2749      7420756E 
 2749      7369676E 
 2749      65642069 
 2749      6E7400
 2750              	.LASF13:
 2751 00d7 63795F6D 		.ascii	"cy_meta_custnvl\000"
 2751      6574615F 
 2751      63757374 
 2751      6E766C00 
 2752              	.LASF19:
 2753 00e7 433A5C55 		.ascii	"C:\\Users\\sdysart\\Documents\\UACS\\UACS\\HighFreq"
 2753      73657273 
 2753      5C736479 
ARM GAS  C:\Users\sdysart\AppData\Local\Temp\ccKAUJbG.s 			page 50


 2753      73617274 
 2753      5C446F63 
 2754 0114 46534B5C 		.ascii	"FSK\\UART_FSKTx.cydsn\000"
 2754      55415254 
 2754      5F46534B 
 2754      54782E63 
 2754      7964736E 
 2755              	.LASF12:
 2756 0129 63795F6D 		.ascii	"cy_meta_configecc\000"
 2756      6574615F 
 2756      636F6E66 
 2756      69676563 
 2756      6300
 2757              	.LASF8:
 2758 013b 756E7369 		.ascii	"unsigned int\000"
 2758      676E6564 
 2758      20696E74 
 2758      00
 2759              	.LASF7:
 2760 0148 6C6F6E67 		.ascii	"long long unsigned int\000"
 2760      206C6F6E 
 2760      6720756E 
 2760      7369676E 
 2760      65642069 
 2761              	.LASF10:
 2762 015f 75696E74 		.ascii	"uint8_t\000"
 2762      385F7400 
 2763              	.LASF15:
 2764 0167 63795F6D 		.ascii	"cy_meta_flashprotect\000"
 2764      6574615F 
 2764      666C6173 
 2764      6870726F 
 2764      74656374 
 2765              	.LASF14:
 2766 017c 63795F6D 		.ascii	"cy_meta_wonvl\000"
 2766      6574615F 
 2766      776F6E76 
 2766      6C00
 2767              	.LASF11:
 2768 018a 73697A65 		.ascii	"sizetype\000"
 2768      74797065 
 2768      00
 2769              	.LASF6:
 2770 0193 6C6F6E67 		.ascii	"long long int\000"
 2770      206C6F6E 
 2770      6720696E 
 2770      7400
 2771              	.LASF2:
 2772 01a1 73686F72 		.ascii	"short int\000"
 2772      7420696E 
 2772      7400
 2773              	.LASF4:
 2774 01ab 6C6F6E67 		.ascii	"long int\000"
 2774      20696E74 
 2774      00
 2775              	.LASF0:
 2776 01b4 7369676E 		.ascii	"signed char\000"
ARM GAS  C:\Users\sdysart\AppData\Local\Temp\ccKAUJbG.s 			page 51


 2776      65642063 
 2776      68617200 
 2777              	.LASF18:
 2778 01c0 47656E65 		.ascii	"Generated_Source\\PSoC5\\cymetadata.c\000"
 2778      72617465 
 2778      645F536F 
 2778      75726365 
 2778      5C50536F 
 2779              		.ident	"GCC: (GNU Tools for ARM Embedded Processors) 5.4.1 20160609 (release) [ARM/embedded-5-bran
