--------------- Build Started: 06/01/2018 04:43:50 Project: USBFS_UART, Configuration: ARM GCC 5.4-2016-q2-update Debug ---------------
The code generation step is up to date.
arm-none-eabi-gcc.exe -mcpu=cortex-m3 -mthumb -I. -IGenerated_Source\PSoC5 -Wa,-alh=.\ARM_GCC_541\Debug/main.lst -g -Wall -ffunction-sections -ffat-lto-objects -O0 -c main.c -o .\ARM_GCC_541\Debug\main.o
main.c: In function 'GetCrabs':
main.c:207:30: warning: pointer targets in passing argument 1 of 'strncmp' differ in signedness [-Wpointer-sign]
                 if (strncmp (buffer,"0",1) == 0){
                              ^
In file included from c:\program files (x86)\cypress\psoc creator\4.1\psoc creator\import\gnu\arm\5.4.1\arm-none-eabi\include\string.h:10:0,
                 from Generated_Source\PSoC5/CyLib.h:22,
                 from Generated_Source\PSoC5/USBUART.h:22,
                 from Generated_Source\PSoC5/project.h:23,
                 from main.c:39:
c:\program files (x86)\cypress\psoc creator\4.1\psoc creator\import\gnu\arm\5.4.1\arm-none-eabi\include\string.h:35:6: note: expected 'const char *' but argument is of type 'uint8 * {aka unsigned char *}'
 int  _EXFUN(strncmp,(const char *, const char *, size_t));
      ^
main.c:210:30: warning: pointer targets in passing argument 1 of 'strncmp' differ in signedness [-Wpointer-sign]
                 if (strncmp (buffer,"\r",1) == 0){
                              ^
In file included from c:\program files (x86)\cypress\psoc creator\4.1\psoc creator\import\gnu\arm\5.4.1\arm-none-eabi\include\string.h:10:0,
                 from Generated_Source\PSoC5/CyLib.h:22,
                 from Generated_Source\PSoC5/USBUART.h:22,
                 from Generated_Source\PSoC5/project.h:23,
                 from main.c:39:
c:\program files (x86)\cypress\psoc creator\4.1\psoc creator\import\gnu\arm\5.4.1\arm-none-eabi\include\string.h:35:6: note: expected 'const char *' but argument is of type 'uint8 * {aka unsigned char *}'
 int  _EXFUN(strncmp,(const char *, const char *, size_t));
      ^
main.c:221:43: warning: pointer targets in passing argument 1 of 'atoi' differ in signedness [-Wpointer-sign]
                     data[i] = (uint8)atoi(buffer);
                                           ^
In file included from c:\program files (x86)\cypress\psoc creator\4.1\psoc creator\import\gnu\arm\5.4.1\arm-none-eabi\include\string.h:10:0,
                 from Generated_Source\PSoC5/CyLib.h:22,
                 from Generated_Source\PSoC5/USBUART.h:22,
                 from Generated_Source\PSoC5/project.h:23,
                 from main.c:39:
c:\program files (x86)\cypress\psoc creator\4.1\psoc creator\import\gnu\arm\5.4.1\arm-none-eabi\include\stdlib.h:77:5: note: expected 'const char *' but argument is of type 'uint8 * {aka unsigned char *}'
 int _EXFUN(atoi,(const char *__nptr));
     ^
main.c:169:12: warning: unused variable 'crabs' [-Wunused-variable]
     uint16 crabs = 0;
            ^
arm-none-eabi-ar.exe -rs .\ARM_GCC_541\Debug\USBFS_UART.a .\ARM_GCC_541\Debug\CyScBoostClk.o .\ARM_GCC_541\Debug\USBUART.o .\ARM_GCC_541\Debug\USBUART_audio.o .\ARM_GCC_541\Debug\USBUART_boot.o .\ARM_GCC_541\Debug\USBUART_cdc.o .\ARM_GCC_541\Debug\USBUART_cls.o .\ARM_GCC_541\Debug\USBUART_descr.o .\ARM_GCC_541\Debug\USBUART_drv.o .\ARM_GCC_541\Debug\USBUART_episr.o .\ARM_GCC_541\Debug\USBUART_hid.o .\ARM_GCC_541\Debug\USBUART_pm.o .\ARM_GCC_541\Debug\USBUART_std.o .\ARM_GCC_541\Debug\USBUART_vnd.o .\ARM_GCC_541\Debug\USBUART_midi.o .\ARM_GCC_541\Debug\USBUART_msc.o .\ARM_GCC_541\Debug\LCD.o .\ARM_GCC_541\Debug\LCD_PM.o .\ARM_GCC_541\Debug\UART.o .\ARM_GCC_541\Debug\UART_PM.o .\ARM_GCC_541\Debug\UART_INT.o .\ARM_GCC_541\Debug\UART_BOOT.o .\ARM_GCC_541\Debug\isr_rx.o .\ARM_GCC_541\Debug\USBUART_Dm.o .\ARM_GCC_541\Debug\USBUART_Dp.o .\ARM_GCC_541\Debug\LCD_LCDPort.o .\ARM_GCC_541\Debug\UART_IntClock.o .\ARM_GCC_541\Debug\CyDmac.o .\ARM_GCC_541\Debug\CyFlash.o .\ARM_GCC_541\Debug\CyLib.o .\ARM_GCC_541\Debug\cyPm.o .\ARM_GCC_541\Debug\CySpc.o .\ARM_GCC_541\Debug\cyutils.o .\ARM_GCC_541\Debug\Data_Timer.o .\ARM_GCC_541\Debug\Data_Timer_PM.o .\ARM_GCC_541\Debug\tx_done.o .\ARM_GCC_541\Debug\rts.o .\ARM_GCC_541\Debug\cts.o .\ARM_GCC_541\Debug\CyBootAsmGnu.o
arm-none-eabi-ar.exe: creating .\ARM_GCC_541\Debug\USBFS_UART.a
arm-none-eabi-gcc.exe -Wl,--start-group -o C:\Users\sdysart\Documents\UACS\UACS\HighFreqFSK\USBFS_UART.cydsn\ARM_GCC_541\Debug\USBFS_UART.elf .\ARM_GCC_541\Debug\main.o .\ARM_GCC_541\Debug\cyfitter_cfg.o .\ARM_GCC_541\Debug\cymetadata.o .\ARM_GCC_541\Debug\Cm3Start.o .\ARM_GCC_541\Debug\USBFS_UART.a "C:\Program Files (x86)\Cypress\PSoC Creator\4.1\PSoC Creator\psoc\content\cycomponentlibrary\CyComponentLibrary.cylib\CortexM3\ARM_GCC_541\Debug\CyComponentLibrary.a" -mcpu=cortex-m3 -mthumb -L Generated_Source\PSoC5 -Wl,-Map,.\ARM_GCC_541\Debug/USBFS_UART.map -T Generated_Source\PSoC5\cm3gcc.ld -specs=nano.specs -Wl,--gc-sections -g -ffunction-sections -O0 -ffat-lto-objects -Wl,--end-group
cyelftool.exe -C C:\Users\sdysart\Documents\UACS\UACS\HighFreqFSK\USBFS_UART.cydsn\ARM_GCC_541\Debug\USBFS_UART.elf --flash_row_size 256 --flash_size 262144 --flash_offset 0x00000000
cyelftool.exe -S C:\Users\sdysart\Documents\UACS\UACS\HighFreqFSK\USBFS_UART.cydsn\ARM_GCC_541\Debug\USBFS_UART.elf
Flash used: 20112 of 262144 bytes (7.7%).
SRAM used: 2941 of 65536 bytes (4.5%). Stack: 2048 bytes. Heap: 128 bytes.
--------------- Build Succeeded: 06/01/2018 04:43:51 ---------------
