Loading plugins phase: Elapsed time ==> 0s.169ms
<CYPRESSTAG name="CyDsfit arguments...">
cydsfit arguments: -.fdsnotice -.fdswarpdepfile=warp_dependencies.txt -.fdselabdepfile=elab_dependencies.txt -.fdsbldfile=generated_files.txt -.fdsreffile=referenced_files.txt -p C:\Users\sdysart\Documents\UACS\UACS\HighFreqFSK\CrabsTransmit.cydsn\CrabsTransmit.cyprj -d CY8C5888LTI-LP097 -s C:\Users\sdysart\Documents\UACS\UACS\HighFreqFSK\CrabsTransmit.cydsn\Generated_Source\PSoC5 -- -yv2 -q10 -ygs -o2 -v3 -.fftcfgtype=LE
</CYPRESSTAG>
<CYPRESSTAG name="Design elaboration results...">
</CYPRESSTAG>
Elaboration phase: Elapsed time ==> 1s.436ms
<CYPRESSTAG name="HDL generation results...">
</CYPRESSTAG>
HDL generation phase: Elapsed time ==> 0s.053ms
<CYPRESSTAG name="Synthesis results...">

     | | | | | | |
   _________________
  -|               |-
  -|               |-
  -|               |-
  -|    CYPRESS    |-
  -|               |-
  -|               |-   Warp Verilog Synthesis Compiler: Version 6.3 IR 41
  -|               |-   Copyright (C) 1991-2001 Cypress Semiconductor
   |_______________|
     | | | | | | |

======================================================================
Compiling:  CrabsTransmit.v
Program  :   C:\Program Files (x86)\Cypress\PSoC Creator\4.1\PSoC Creator\warp\bin\warp.exe
Options  :    -yv2 -q10 -ygs -o2 -v3 -.fftcfgtype=LE -ya -.fftprj=C:\Users\sdysart\Documents\UACS\UACS\HighFreqFSK\CrabsTransmit.cydsn\CrabsTransmit.cyprj -dcpsoc3 CrabsTransmit.v -verilog
======================================================================

======================================================================
Compiling:  CrabsTransmit.v
Program  :   C:\Program Files (x86)\Cypress\PSoC Creator\4.1\PSoC Creator\warp\bin\warp.exe
Options  :    -yv2 -q10 -ygs -o2 -v3 -.fftcfgtype=LE -ya -.fftprj=C:\Users\sdysart\Documents\UACS\UACS\HighFreqFSK\CrabsTransmit.cydsn\CrabsTransmit.cyprj -dcpsoc3 CrabsTransmit.v -verilog
======================================================================

======================================================================
Compiling:  CrabsTransmit.v
Program  :   vlogfe
Options  :    -yv2 -q10 -ygs -o2 -v3 -.fftcfgtype=LE -ya -.fftprj=C:\Users\sdysart\Documents\UACS\UACS\HighFreqFSK\CrabsTransmit.cydsn\CrabsTransmit.cyprj -dcpsoc3 -verilog CrabsTransmit.v
======================================================================

vlogfe V6.3 IR 41:  Verilog parser
Mon May 21 20:41:08 2018


======================================================================
Compiling:  CrabsTransmit.v
Program  :   vpp
Options  :    -yv2 -q10 CrabsTransmit.v
======================================================================

vpp V6.3 IR 41:  Verilog Pre-Processor
Mon May 21 20:41:08 2018

Flattening file 'C:\Program Files (x86)\Cypress\PSoC Creator\4.1\PSoC Creator\psoc\content\CyComponentLibrary\CyComponentLibrary.cylib\B_PWM_v3_30\B_PWM_v3_30.v'
Flattening file 'C:\Program Files (x86)\Cypress\PSoC Creator\4.1\PSoC Creator\warp\lib\common\cypress.v'
Flattening file 'C:\Program Files (x86)\Cypress\PSoC Creator\4.1\PSoC Creator\warp\lib\common\cy_psoc3_inc.v'
Flattening file 'C:\Program Files (x86)\Cypress\PSoC Creator\4.1\PSoC Creator\psoc\content\CyPrimitives\cyprimitives.cylib\cy_virtualmux_v1_0\cy_virtualmux_v1_0.v'
Flattening file 'C:\Program Files (x86)\Cypress\PSoC Creator\4.1\PSoC Creator\psoc\content\CyPrimitives\cyprimitives.cylib\OneTerminal\OneTerminal.v'
Flattening file 'C:\Program Files (x86)\Cypress\PSoC Creator\4.1\PSoC Creator\psoc\content\CyPrimitives\cyprimitives.cylib\ZeroTerminal\ZeroTerminal.v'
Flattening file 'C:\Program Files (x86)\Cypress\PSoC Creator\4.1\PSoC Creator\psoc\content\CyComponentLibrary\CyComponentLibrary.cylib\B_Timer_v2_70\B_Timer_v2_70.v'
Flattening file 'C:\Program Files (x86)\Cypress\PSoC Creator\4.1\PSoC Creator\warp\lib\common\cypress.v'

vpp:  No errors.

Library 'work' => directory 'lcpsoc3'
General_symbol_table
General_symbol_table
Linking 'C:\Program Files (x86)\Cypress\PSoC Creator\4.1\PSoC Creator\warp\lib\common\std.vhd'.
Linking 'C:\Program Files (x86)\Cypress\PSoC Creator\4.1\PSoC Creator\warp\lib\common\cypress.vhd'.
Linking 'C:\Program Files (x86)\Cypress\PSoC Creator\4.1\PSoC Creator\warp\lib\common\work\cypress.vif'.
Linking 'C:\Program Files (x86)\Cypress\PSoC Creator\4.1\PSoC Creator\warp\lib\ieee\work\stdlogic.vif'.
Linking 'C:\Program Files (x86)\Cypress\PSoC Creator\4.1\PSoC Creator\warp\lib\common\stdlogic\lpmpkg.vif'.
Linking 'C:\Program Files (x86)\Cypress\PSoC Creator\4.1\PSoC Creator\warp\lib\common\stdlogic\rtlpkg.vif'.
Linking 'C:\Program Files (x86)\Cypress\PSoC Creator\4.1\PSoC Creator\warp\lib\common\stdlogic\mod_cnst.vif'.
Linking 'C:\Program Files (x86)\Cypress\PSoC Creator\4.1\PSoC Creator\warp\lib\common\stdlogic\mod_mthv.vif'.
Linking 'C:\Program Files (x86)\Cypress\PSoC Creator\4.1\PSoC Creator\warp\lib\common\stdlogic\mod_genv.vif'.
Using control file 'CrabsTransmit.ctl'.
C:\Program Files (x86)\Cypress\PSoC Creator\4.1\PSoC Creator\psoc\content\CyComponentLibrary\CyComponentLibrary.cylib\B_PWM_v3_30\B_PWM_v3_30.v (line 947, col 46):  Note: Substituting module 'sub_vi_vv' for '-'.
C:\Program Files (x86)\Cypress\PSoC Creator\4.1\PSoC Creator\psoc\content\CyComponentLibrary\CyComponentLibrary.cylib\B_PWM_v3_30\B_PWM_v3_30.v (line 977, col 46):  Note: Substituting module 'add_vi_vv' for '+'.
C:\Program Files (x86)\Cypress\PSoC Creator\4.1\PSoC Creator\psoc\content\CyComponentLibrary\CyComponentLibrary.cylib\B_Timer_v2_70\B_Timer_v2_70.v (line 368, col 46):  Note: Substituting module 'cmp_vv_vv' for '='.
C:\Program Files (x86)\Cypress\PSoC Creator\4.1\PSoC Creator\psoc\content\CyComponentLibrary\CyComponentLibrary.cylib\B_Timer_v2_70\B_Timer_v2_70.v (line 374, col 62):  Note: Substituting module 'add_vv_vv' for '+'.
Linking 'C:\Program Files (x86)\Cypress\PSoC Creator\4.1\PSoC Creator\warp\lib\common\stdlogic\cy_psoc3pkg.vif'.
Linking 'C:\Program Files (x86)\Cypress\PSoC Creator\4.1\PSoC Creator\warp\lib\common\stdlogic\cy_psoc3.vif'.

vlogfe:  No errors.


======================================================================
Compiling:  CrabsTransmit.v
Program  :   tovif
Options  :    -yv2 -q10 -ygs -o2 -v3 -.fftcfgtype=LE -ya -.fftprj=C:\Users\sdysart\Documents\UACS\UACS\HighFreqFSK\CrabsTransmit.cydsn\CrabsTransmit.cyprj -dcpsoc3 -verilog CrabsTransmit.v
======================================================================

tovif V6.3 IR 41:  High-level synthesis
Mon May 21 20:41:09 2018

Linking 'C:\Program Files (x86)\Cypress\PSoC Creator\4.1\PSoC Creator\warp\lib\common\std.vhd'.
Linking 'C:\Program Files (x86)\Cypress\PSoC Creator\4.1\PSoC Creator\warp\lib\common\cypress.vhd'.
Linking 'C:\Program Files (x86)\Cypress\PSoC Creator\4.1\PSoC Creator\warp\lib\common\work\cypress.vif'.
Linking 'C:\Program Files (x86)\Cypress\PSoC Creator\4.1\PSoC Creator\warp\lib\ieee\work\stdlogic.vif'.
Linking 'C:\Program Files (x86)\Cypress\PSoC Creator\4.1\PSoC Creator\warp\lib\common\stdlogic\lpmpkg.vif'.
Linking 'C:\Program Files (x86)\Cypress\PSoC Creator\4.1\PSoC Creator\warp\lib\common\stdlogic\rtlpkg.vif'.
Linking 'C:\Program Files (x86)\Cypress\PSoC Creator\4.1\PSoC Creator\warp\lib\common\stdlogic\mod_cnst.vif'.
Linking 'C:\Program Files (x86)\Cypress\PSoC Creator\4.1\PSoC Creator\warp\lib\common\stdlogic\mod_mthv.vif'.
Linking 'C:\Program Files (x86)\Cypress\PSoC Creator\4.1\PSoC Creator\warp\lib\common\stdlogic\mod_genv.vif'.
Linking 'C:\Users\sdysart\Documents\UACS\UACS\HighFreqFSK\CrabsTransmit.cydsn\codegentemp\CrabsTransmit.ctl'.
Linking 'C:\Program Files (x86)\Cypress\PSoC Creator\4.1\PSoC Creator\psoc\content\CyComponentLibrary\CyComponentLibrary.cylib\B_PWM_v3_30\B_PWM_v3_30.v'.
Linking 'C:\Program Files (x86)\Cypress\PSoC Creator\4.1\PSoC Creator\warp\lib\common\cypress.v'.
Linking 'C:\Program Files (x86)\Cypress\PSoC Creator\4.1\PSoC Creator\warp\lib\common\cy_psoc3_inc.v'.
Linking 'C:\Users\sdysart\Documents\UACS\UACS\HighFreqFSK\CrabsTransmit.cydsn\codegentemp\CrabsTransmit.v'.
Linking 'C:\Program Files (x86)\Cypress\PSoC Creator\4.1\PSoC Creator\psoc\content\CyPrimitives\cyprimitives.cylib\cy_virtualmux_v1_0\cy_virtualmux_v1_0.v'.
Linking 'C:\Program Files (x86)\Cypress\PSoC Creator\4.1\PSoC Creator\psoc\content\CyPrimitives\cyprimitives.cylib\OneTerminal\OneTerminal.v'.
Linking 'C:\Program Files (x86)\Cypress\PSoC Creator\4.1\PSoC Creator\psoc\content\CyPrimitives\cyprimitives.cylib\ZeroTerminal\ZeroTerminal.v'.
Linking 'C:\Program Files (x86)\Cypress\PSoC Creator\4.1\PSoC Creator\psoc\content\CyComponentLibrary\CyComponentLibrary.cylib\B_Timer_v2_70\B_Timer_v2_70.v'.
Linking 'C:\Program Files (x86)\Cypress\PSoC Creator\4.1\PSoC Creator\warp\lib\common\stdlogic\cy_psoc3pkg.vif'.
Linking 'C:\Program Files (x86)\Cypress\PSoC Creator\4.1\PSoC Creator\warp\lib\common\stdlogic\cy_psoc3.vif'.
Linking 'C:\Program Files (x86)\Cypress\PSoC Creator\4.1\PSoC Creator\warp\lib\lcpsoc3\stdlogic\mod_cnst.vif'.

tovif:  No errors.


======================================================================
Compiling:  CrabsTransmit.v
Program  :   topld
Options  :    -yv2 -q10 -ygs -o2 -v3 -.fftcfgtype=LE -ya -.fftprj=C:\Users\sdysart\Documents\UACS\UACS\HighFreqFSK\CrabsTransmit.cydsn\CrabsTransmit.cyprj -dcpsoc3 -verilog CrabsTransmit.v
======================================================================

topld V6.3 IR 41:  Synthesis and optimization
Mon May 21 20:41:09 2018

Linking 'C:\Program Files (x86)\Cypress\PSoC Creator\4.1\PSoC Creator\warp\lib\common\std.vhd'.
Linking 'C:\Program Files (x86)\Cypress\PSoC Creator\4.1\PSoC Creator\warp\lib\common\cypress.vhd'.
Linking 'C:\Program Files (x86)\Cypress\PSoC Creator\4.1\PSoC Creator\warp\lib\common\work\cypress.vif'.
Linking 'C:\Program Files (x86)\Cypress\PSoC Creator\4.1\PSoC Creator\warp\lib\ieee\work\stdlogic.vif'.
Linking 'C:\Program Files (x86)\Cypress\PSoC Creator\4.1\PSoC Creator\warp\lib\common\stdlogic\lpmpkg.vif'.
Linking 'C:\Program Files (x86)\Cypress\PSoC Creator\4.1\PSoC Creator\warp\lib\common\stdlogic\rtlpkg.vif'.
Linking 'C:\Program Files (x86)\Cypress\PSoC Creator\4.1\PSoC Creator\warp\lib\common\stdlogic\mod_cnst.vif'.
Linking 'C:\Program Files (x86)\Cypress\PSoC Creator\4.1\PSoC Creator\warp\lib\common\stdlogic\mod_mthv.vif'.
Linking 'C:\Program Files (x86)\Cypress\PSoC Creator\4.1\PSoC Creator\warp\lib\common\stdlogic\mod_genv.vif'.
Linking 'C:\Users\sdysart\Documents\UACS\UACS\HighFreqFSK\CrabsTransmit.cydsn\codegentemp\CrabsTransmit.ctl'.
Linking 'C:\Program Files (x86)\Cypress\PSoC Creator\4.1\PSoC Creator\psoc\content\CyComponentLibrary\CyComponentLibrary.cylib\B_PWM_v3_30\B_PWM_v3_30.v'.
Linking 'C:\Program Files (x86)\Cypress\PSoC Creator\4.1\PSoC Creator\warp\lib\common\cypress.v'.
Linking 'C:\Program Files (x86)\Cypress\PSoC Creator\4.1\PSoC Creator\warp\lib\common\cy_psoc3_inc.v'.
Linking 'C:\Users\sdysart\Documents\UACS\UACS\HighFreqFSK\CrabsTransmit.cydsn\codegentemp\CrabsTransmit.v'.
Linking 'C:\Program Files (x86)\Cypress\PSoC Creator\4.1\PSoC Creator\psoc\content\CyPrimitives\cyprimitives.cylib\cy_virtualmux_v1_0\cy_virtualmux_v1_0.v'.
Linking 'C:\Program Files (x86)\Cypress\PSoC Creator\4.1\PSoC Creator\psoc\content\CyPrimitives\cyprimitives.cylib\OneTerminal\OneTerminal.v'.
Linking 'C:\Program Files (x86)\Cypress\PSoC Creator\4.1\PSoC Creator\psoc\content\CyPrimitives\cyprimitives.cylib\ZeroTerminal\ZeroTerminal.v'.
Linking 'C:\Program Files (x86)\Cypress\PSoC Creator\4.1\PSoC Creator\psoc\content\CyComponentLibrary\CyComponentLibrary.cylib\B_Timer_v2_70\B_Timer_v2_70.v'.
Linking 'C:\Program Files (x86)\Cypress\PSoC Creator\4.1\PSoC Creator\warp\lib\common\stdlogic\cy_psoc3pkg.vif'.
Linking 'C:\Program Files (x86)\Cypress\PSoC Creator\4.1\PSoC Creator\warp\lib\common\stdlogic\cy_psoc3.vif'.
Linking 'C:\Program Files (x86)\Cypress\PSoC Creator\4.1\PSoC Creator\warp\lib\lcpsoc3\stdlogic\mod_cnst.vif'.
Linking 'C:\Program Files (x86)\Cypress\PSoC Creator\4.1\PSoC Creator\warp\lib\lcpsoc3\stdlogic\cpsoc3.vif'.

----------------------------------------------------------
Detecting unused logic.
----------------------------------------------------------
    User names
	\PWM_Modulator:PWMUDB:km_run\
	\PWM_Modulator:PWMUDB:ctrl_cmpmode2_2\
	\PWM_Modulator:PWMUDB:ctrl_cmpmode2_1\
	\PWM_Modulator:PWMUDB:ctrl_cmpmode2_0\
	\PWM_Modulator:PWMUDB:ctrl_cmpmode1_2\
	\PWM_Modulator:PWMUDB:ctrl_cmpmode1_1\
	\PWM_Modulator:PWMUDB:ctrl_cmpmode1_0\
	\PWM_Modulator:PWMUDB:capt_rising\
	\PWM_Modulator:PWMUDB:capt_falling\
	\PWM_Modulator:PWMUDB:trig_rise\
	\PWM_Modulator:PWMUDB:trig_fall\
	\PWM_Modulator:PWMUDB:sc_kill\
	\PWM_Modulator:PWMUDB:min_kill\
	\PWM_Modulator:PWMUDB:km_tc\
	\PWM_Modulator:PWMUDB:db_tc\
	\PWM_Modulator:PWMUDB:dith_sel\
	\PWM_Modulator:PWMUDB:compare2\
	\PWM_Modulator:Net_101\
	Net_88
	Net_89
	\PWM_Modulator:PWMUDB:MODULE_1:b_31\
	\PWM_Modulator:PWMUDB:MODULE_1:b_30\
	\PWM_Modulator:PWMUDB:MODULE_1:b_29\
	\PWM_Modulator:PWMUDB:MODULE_1:b_28\
	\PWM_Modulator:PWMUDB:MODULE_1:b_27\
	\PWM_Modulator:PWMUDB:MODULE_1:b_26\
	\PWM_Modulator:PWMUDB:MODULE_1:b_25\
	\PWM_Modulator:PWMUDB:MODULE_1:b_24\
	\PWM_Modulator:PWMUDB:MODULE_1:b_23\
	\PWM_Modulator:PWMUDB:MODULE_1:b_22\
	\PWM_Modulator:PWMUDB:MODULE_1:b_21\
	\PWM_Modulator:PWMUDB:MODULE_1:b_20\
	\PWM_Modulator:PWMUDB:MODULE_1:b_19\
	\PWM_Modulator:PWMUDB:MODULE_1:b_18\
	\PWM_Modulator:PWMUDB:MODULE_1:b_17\
	\PWM_Modulator:PWMUDB:MODULE_1:b_16\
	\PWM_Modulator:PWMUDB:MODULE_1:b_15\
	\PWM_Modulator:PWMUDB:MODULE_1:b_14\
	\PWM_Modulator:PWMUDB:MODULE_1:b_13\
	\PWM_Modulator:PWMUDB:MODULE_1:b_12\
	\PWM_Modulator:PWMUDB:MODULE_1:b_11\
	\PWM_Modulator:PWMUDB:MODULE_1:b_10\
	\PWM_Modulator:PWMUDB:MODULE_1:b_9\
	\PWM_Modulator:PWMUDB:MODULE_1:b_8\
	\PWM_Modulator:PWMUDB:MODULE_1:b_7\
	\PWM_Modulator:PWMUDB:MODULE_1:b_6\
	\PWM_Modulator:PWMUDB:MODULE_1:b_5\
	\PWM_Modulator:PWMUDB:MODULE_1:b_4\
	\PWM_Modulator:PWMUDB:MODULE_1:b_3\
	\PWM_Modulator:PWMUDB:MODULE_1:b_2\
	\PWM_Modulator:PWMUDB:MODULE_1:b_1\
	\PWM_Modulator:PWMUDB:MODULE_1:b_0\
	\PWM_Modulator:PWMUDB:MODULE_1:g2:a0:a_31\
	\PWM_Modulator:PWMUDB:MODULE_1:g2:a0:a_30\
	\PWM_Modulator:PWMUDB:MODULE_1:g2:a0:a_29\
	\PWM_Modulator:PWMUDB:MODULE_1:g2:a0:a_28\
	\PWM_Modulator:PWMUDB:MODULE_1:g2:a0:a_27\
	\PWM_Modulator:PWMUDB:MODULE_1:g2:a0:a_26\
	\PWM_Modulator:PWMUDB:MODULE_1:g2:a0:a_25\
	\PWM_Modulator:PWMUDB:MODULE_1:g2:a0:a_24\
	\PWM_Modulator:PWMUDB:MODULE_1:g2:a0:b_31\
	\PWM_Modulator:PWMUDB:MODULE_1:g2:a0:b_30\
	\PWM_Modulator:PWMUDB:MODULE_1:g2:a0:b_29\
	\PWM_Modulator:PWMUDB:MODULE_1:g2:a0:b_28\
	\PWM_Modulator:PWMUDB:MODULE_1:g2:a0:b_27\
	\PWM_Modulator:PWMUDB:MODULE_1:g2:a0:b_26\
	\PWM_Modulator:PWMUDB:MODULE_1:g2:a0:b_25\
	\PWM_Modulator:PWMUDB:MODULE_1:g2:a0:b_24\
	\PWM_Modulator:PWMUDB:MODULE_1:g2:a0:b_23\
	\PWM_Modulator:PWMUDB:MODULE_1:g2:a0:b_22\
	\PWM_Modulator:PWMUDB:MODULE_1:g2:a0:b_21\
	\PWM_Modulator:PWMUDB:MODULE_1:g2:a0:b_20\
	\PWM_Modulator:PWMUDB:MODULE_1:g2:a0:b_19\
	\PWM_Modulator:PWMUDB:MODULE_1:g2:a0:b_18\
	\PWM_Modulator:PWMUDB:MODULE_1:g2:a0:b_17\
	\PWM_Modulator:PWMUDB:MODULE_1:g2:a0:b_16\
	\PWM_Modulator:PWMUDB:MODULE_1:g2:a0:b_15\
	\PWM_Modulator:PWMUDB:MODULE_1:g2:a0:b_14\
	\PWM_Modulator:PWMUDB:MODULE_1:g2:a0:b_13\
	\PWM_Modulator:PWMUDB:MODULE_1:g2:a0:b_12\
	\PWM_Modulator:PWMUDB:MODULE_1:g2:a0:b_11\
	\PWM_Modulator:PWMUDB:MODULE_1:g2:a0:b_10\
	\PWM_Modulator:PWMUDB:MODULE_1:g2:a0:b_9\
	\PWM_Modulator:PWMUDB:MODULE_1:g2:a0:b_8\
	\PWM_Modulator:PWMUDB:MODULE_1:g2:a0:b_7\
	\PWM_Modulator:PWMUDB:MODULE_1:g2:a0:b_6\
	\PWM_Modulator:PWMUDB:MODULE_1:g2:a0:b_5\
	\PWM_Modulator:PWMUDB:MODULE_1:g2:a0:b_4\
	\PWM_Modulator:PWMUDB:MODULE_1:g2:a0:b_3\
	\PWM_Modulator:PWMUDB:MODULE_1:g2:a0:b_2\
	\PWM_Modulator:PWMUDB:MODULE_1:g2:a0:b_1\
	\PWM_Modulator:PWMUDB:MODULE_1:g2:a0:b_0\
	\PWM_Modulator:PWMUDB:MODULE_1:g2:a0:s_31\
	\PWM_Modulator:PWMUDB:MODULE_1:g2:a0:s_30\
	\PWM_Modulator:PWMUDB:MODULE_1:g2:a0:s_29\
	\PWM_Modulator:PWMUDB:MODULE_1:g2:a0:s_28\
	\PWM_Modulator:PWMUDB:MODULE_1:g2:a0:s_27\
	\PWM_Modulator:PWMUDB:MODULE_1:g2:a0:s_26\
	\PWM_Modulator:PWMUDB:MODULE_1:g2:a0:s_25\
	\PWM_Modulator:PWMUDB:MODULE_1:g2:a0:s_24\
	\PWM_Modulator:PWMUDB:MODULE_1:g2:a0:s_23\
	\PWM_Modulator:PWMUDB:MODULE_1:g2:a0:s_22\
	\PWM_Modulator:PWMUDB:MODULE_1:g2:a0:s_21\
	\PWM_Modulator:PWMUDB:MODULE_1:g2:a0:s_20\
	\PWM_Modulator:PWMUDB:MODULE_1:g2:a0:s_19\
	\PWM_Modulator:PWMUDB:MODULE_1:g2:a0:s_18\
	\PWM_Modulator:PWMUDB:MODULE_1:g2:a0:s_17\
	\PWM_Modulator:PWMUDB:MODULE_1:g2:a0:s_16\
	\PWM_Modulator:PWMUDB:MODULE_1:g2:a0:s_15\
	\PWM_Modulator:PWMUDB:MODULE_1:g2:a0:s_14\
	\PWM_Modulator:PWMUDB:MODULE_1:g2:a0:s_13\
	\PWM_Modulator:PWMUDB:MODULE_1:g2:a0:s_12\
	\PWM_Modulator:PWMUDB:MODULE_1:g2:a0:s_11\
	\PWM_Modulator:PWMUDB:MODULE_1:g2:a0:s_10\
	\PWM_Modulator:PWMUDB:MODULE_1:g2:a0:s_9\
	\PWM_Modulator:PWMUDB:MODULE_1:g2:a0:s_8\
	\PWM_Modulator:PWMUDB:MODULE_1:g2:a0:s_7\
	\PWM_Modulator:PWMUDB:MODULE_1:g2:a0:s_6\
	\PWM_Modulator:PWMUDB:MODULE_1:g2:a0:s_5\
	\PWM_Modulator:PWMUDB:MODULE_1:g2:a0:s_4\
	\PWM_Modulator:PWMUDB:MODULE_1:g2:a0:s_3\
	\PWM_Modulator:PWMUDB:MODULE_1:g2:a0:s_2\
	\PWM_Modulator:PWMUDB:MODULE_1:g2:a0:g1:z1:s0:g1:u0:c_31\
	\PWM_Modulator:PWMUDB:MODULE_1:g2:a0:g1:z1:s0:g1:u0:c_30\
	\PWM_Modulator:PWMUDB:MODULE_1:g2:a0:g1:z1:s0:g1:u0:c_29\
	\PWM_Modulator:PWMUDB:MODULE_1:g2:a0:g1:z1:s0:g1:u0:c_28\
	\PWM_Modulator:PWMUDB:MODULE_1:g2:a0:g1:z1:s0:g1:u0:c_27\
	\PWM_Modulator:PWMUDB:MODULE_1:g2:a0:g1:z1:s0:g1:u0:c_26\
	\PWM_Modulator:PWMUDB:MODULE_1:g2:a0:g1:z1:s0:g1:u0:c_25\
	Net_90
	Net_86
	\PWM_Modulator:Net_113\
	\PWM_Modulator:Net_107\
	\PWM_Modulator:Net_114\
	\PWM_Switch_Timer:Net_260\
	Net_17
	\PWM_Switch_Timer:TimerUDB:ctrl_ten\
	\PWM_Switch_Timer:TimerUDB:ctrl_cmode_0\
	\PWM_Switch_Timer:TimerUDB:ctrl_tmode_1\
	\PWM_Switch_Timer:TimerUDB:ctrl_tmode_0\
	\PWM_Switch_Timer:TimerUDB:ctrl_ic_1\
	\PWM_Switch_Timer:TimerUDB:ctrl_ic_0\
	Net_21
	\PWM_Switch_Timer:TimerUDB:zeros_3\
	\PWM_Switch_Timer:TimerUDB:zeros_2\
	\PWM_Switch_Timer:Net_102\
	\PWM_Switch_Timer:Net_266\

    Synthesized names
	\PWM_Modulator:PWMUDB:add_vi_vv_MODGEN_1_31\
	\PWM_Modulator:PWMUDB:add_vi_vv_MODGEN_1_30\
	\PWM_Modulator:PWMUDB:add_vi_vv_MODGEN_1_29\
	\PWM_Modulator:PWMUDB:add_vi_vv_MODGEN_1_28\
	\PWM_Modulator:PWMUDB:add_vi_vv_MODGEN_1_27\
	\PWM_Modulator:PWMUDB:add_vi_vv_MODGEN_1_26\
	\PWM_Modulator:PWMUDB:add_vi_vv_MODGEN_1_25\
	\PWM_Modulator:PWMUDB:add_vi_vv_MODGEN_1_24\
	\PWM_Modulator:PWMUDB:add_vi_vv_MODGEN_1_23\
	\PWM_Modulator:PWMUDB:add_vi_vv_MODGEN_1_22\
	\PWM_Modulator:PWMUDB:add_vi_vv_MODGEN_1_21\
	\PWM_Modulator:PWMUDB:add_vi_vv_MODGEN_1_20\
	\PWM_Modulator:PWMUDB:add_vi_vv_MODGEN_1_19\
	\PWM_Modulator:PWMUDB:add_vi_vv_MODGEN_1_18\
	\PWM_Modulator:PWMUDB:add_vi_vv_MODGEN_1_17\
	\PWM_Modulator:PWMUDB:add_vi_vv_MODGEN_1_16\
	\PWM_Modulator:PWMUDB:add_vi_vv_MODGEN_1_15\
	\PWM_Modulator:PWMUDB:add_vi_vv_MODGEN_1_14\
	\PWM_Modulator:PWMUDB:add_vi_vv_MODGEN_1_13\
	\PWM_Modulator:PWMUDB:add_vi_vv_MODGEN_1_12\
	\PWM_Modulator:PWMUDB:add_vi_vv_MODGEN_1_11\
	\PWM_Modulator:PWMUDB:add_vi_vv_MODGEN_1_10\
	\PWM_Modulator:PWMUDB:add_vi_vv_MODGEN_1_9\
	\PWM_Modulator:PWMUDB:add_vi_vv_MODGEN_1_8\
	\PWM_Modulator:PWMUDB:add_vi_vv_MODGEN_1_7\
	\PWM_Modulator:PWMUDB:add_vi_vv_MODGEN_1_6\
	\PWM_Modulator:PWMUDB:add_vi_vv_MODGEN_1_5\
	\PWM_Modulator:PWMUDB:add_vi_vv_MODGEN_1_4\
	\PWM_Modulator:PWMUDB:add_vi_vv_MODGEN_1_3\
	\PWM_Modulator:PWMUDB:add_vi_vv_MODGEN_1_2\

Deleted 147 User equations/components.
Deleted 30 Synthesized equations/components.

------------------------------------------------------
Alias Detection
------------------------------------------------------
Aliasing \PWM_Modulator:PWMUDB:hwCapture\ to zero
Aliasing \PWM_Modulator:PWMUDB:trig_out\ to one
Aliasing \PWM_Modulator:PWMUDB:runmode_enable\\R\ to zero
Aliasing \PWM_Modulator:PWMUDB:runmode_enable\\S\ to zero
Aliasing \PWM_Modulator:PWMUDB:ltch_kill_reg\\R\ to zero
Aliasing \PWM_Modulator:PWMUDB:ltch_kill_reg\\S\ to zero
Aliasing \PWM_Modulator:PWMUDB:min_kill_reg\\R\ to zero
Aliasing \PWM_Modulator:PWMUDB:min_kill_reg\\S\ to zero
Aliasing \PWM_Modulator:PWMUDB:final_kill\ to one
Aliasing \PWM_Modulator:PWMUDB:dith_count_1\\R\ to zero
Aliasing \PWM_Modulator:PWMUDB:dith_count_1\\S\ to zero
Aliasing \PWM_Modulator:PWMUDB:dith_count_0\\R\ to zero
Aliasing \PWM_Modulator:PWMUDB:dith_count_0\\S\ to zero
Aliasing \PWM_Modulator:PWMUDB:reset\ to zero
Aliasing \PWM_Modulator:PWMUDB:status_6\ to zero
Aliasing \PWM_Modulator:PWMUDB:status_4\ to zero
Aliasing \PWM_Modulator:PWMUDB:cmp2\ to zero
Aliasing \PWM_Modulator:PWMUDB:cmp1_status_reg\\R\ to zero
Aliasing \PWM_Modulator:PWMUDB:cmp1_status_reg\\S\ to zero
Aliasing \PWM_Modulator:PWMUDB:cmp2_status_reg\\R\ to zero
Aliasing \PWM_Modulator:PWMUDB:cmp2_status_reg\\S\ to zero
Aliasing \PWM_Modulator:PWMUDB:final_kill_reg\\R\ to zero
Aliasing \PWM_Modulator:PWMUDB:final_kill_reg\\S\ to zero
Aliasing \PWM_Modulator:PWMUDB:cs_addr_0\ to zero
Aliasing \PWM_Modulator:PWMUDB:pwm1_i\ to zero
Aliasing \PWM_Modulator:PWMUDB:pwm2_i\ to zero
Aliasing \PWM_Modulator:PWMUDB:MODULE_1:g2:a0:a_23\ to zero
Aliasing \PWM_Modulator:PWMUDB:MODULE_1:g2:a0:a_22\ to zero
Aliasing \PWM_Modulator:PWMUDB:MODULE_1:g2:a0:a_21\ to zero
Aliasing \PWM_Modulator:PWMUDB:MODULE_1:g2:a0:a_20\ to zero
Aliasing \PWM_Modulator:PWMUDB:MODULE_1:g2:a0:a_19\ to zero
Aliasing \PWM_Modulator:PWMUDB:MODULE_1:g2:a0:a_18\ to zero
Aliasing \PWM_Modulator:PWMUDB:MODULE_1:g2:a0:a_17\ to zero
Aliasing \PWM_Modulator:PWMUDB:MODULE_1:g2:a0:a_16\ to zero
Aliasing \PWM_Modulator:PWMUDB:MODULE_1:g2:a0:a_15\ to zero
Aliasing \PWM_Modulator:PWMUDB:MODULE_1:g2:a0:a_14\ to zero
Aliasing \PWM_Modulator:PWMUDB:MODULE_1:g2:a0:a_13\ to zero
Aliasing \PWM_Modulator:PWMUDB:MODULE_1:g2:a0:a_12\ to zero
Aliasing \PWM_Modulator:PWMUDB:MODULE_1:g2:a0:a_11\ to zero
Aliasing \PWM_Modulator:PWMUDB:MODULE_1:g2:a0:a_10\ to zero
Aliasing \PWM_Modulator:PWMUDB:MODULE_1:g2:a0:a_9\ to zero
Aliasing \PWM_Modulator:PWMUDB:MODULE_1:g2:a0:a_8\ to zero
Aliasing \PWM_Modulator:PWMUDB:MODULE_1:g2:a0:a_7\ to zero
Aliasing \PWM_Modulator:PWMUDB:MODULE_1:g2:a0:a_6\ to zero
Aliasing \PWM_Modulator:PWMUDB:MODULE_1:g2:a0:a_5\ to zero
Aliasing \PWM_Modulator:PWMUDB:MODULE_1:g2:a0:a_4\ to zero
Aliasing \PWM_Modulator:PWMUDB:MODULE_1:g2:a0:a_3\ to zero
Aliasing \PWM_Modulator:PWMUDB:MODULE_1:g2:a0:a_2\ to zero
Aliasing \PWM_Modulator:PWMUDB:MODULE_1:g2:a0:g1:z1:s0:g1:u0:b_0\ to one
Aliasing tmpOE__PWM_Out_net_0 to one
Aliasing Net_16 to zero
Aliasing \PWM_Switch_Timer:TimerUDB:ctrl_cmode_1\ to zero
Aliasing \PWM_Switch_Timer:TimerUDB:trigger_enable\ to one
Aliasing \PWM_Switch_Timer:TimerUDB:status_6\ to zero
Aliasing \PWM_Switch_Timer:TimerUDB:status_5\ to zero
Aliasing \PWM_Switch_Timer:TimerUDB:status_4\ to zero
Aliasing \PWM_Switch_Timer:TimerUDB:status_0\ to \PWM_Switch_Timer:TimerUDB:tc_i\
Aliasing tmpOE__HighVoltage_net_0 to one
Aliasing tmpOE__SignalBase_net_0 to one
Aliasing \PWM_Modulator:PWMUDB:min_kill_reg\\D\ to one
Aliasing \PWM_Modulator:PWMUDB:prevCapture\\D\ to zero
Aliasing \PWM_Modulator:PWMUDB:trig_last\\D\ to zero
Aliasing \PWM_Modulator:PWMUDB:ltch_kill_reg\\D\ to one
Aliasing \PWM_Modulator:PWMUDB:prevCompare1\\D\ to \PWM_Modulator:PWMUDB:pwm_temp\
Aliasing \PWM_Modulator:PWMUDB:tc_i_reg\\D\ to \PWM_Modulator:PWMUDB:status_2\
Aliasing \PWM_Switch_Timer:TimerUDB:capture_last\\D\ to zero
Aliasing \PWM_Switch_Timer:TimerUDB:hwEnable_reg\\D\ to \PWM_Switch_Timer:TimerUDB:run_mode\
Aliasing \PWM_Switch_Timer:TimerUDB:capture_out_reg_i\\D\ to \PWM_Switch_Timer:TimerUDB:capt_fifo_load_int\
Removing Lhs of wire \PWM_Modulator:PWMUDB:ctrl_enable\[16] = \PWM_Modulator:PWMUDB:control_7\[8]
Removing Lhs of wire \PWM_Modulator:PWMUDB:hwCapture\[26] = zero[7]
Removing Lhs of wire \PWM_Modulator:PWMUDB:hwEnable\[27] = \PWM_Modulator:PWMUDB:control_7\[8]
Removing Lhs of wire \PWM_Modulator:PWMUDB:trig_out\[31] = one[4]
Removing Lhs of wire \PWM_Modulator:PWMUDB:runmode_enable\\R\[33] = zero[7]
Removing Lhs of wire \PWM_Modulator:PWMUDB:runmode_enable\\S\[34] = zero[7]
Removing Lhs of wire \PWM_Modulator:PWMUDB:final_enable\[35] = \PWM_Modulator:PWMUDB:runmode_enable\[32]
Removing Lhs of wire \PWM_Modulator:PWMUDB:ltch_kill_reg\\R\[39] = zero[7]
Removing Lhs of wire \PWM_Modulator:PWMUDB:ltch_kill_reg\\S\[40] = zero[7]
Removing Lhs of wire \PWM_Modulator:PWMUDB:min_kill_reg\\R\[41] = zero[7]
Removing Lhs of wire \PWM_Modulator:PWMUDB:min_kill_reg\\S\[42] = zero[7]
Removing Lhs of wire \PWM_Modulator:PWMUDB:final_kill\[45] = one[4]
Removing Lhs of wire \PWM_Modulator:PWMUDB:add_vi_vv_MODGEN_1_1\[49] = \PWM_Modulator:PWMUDB:MODULE_1:g2:a0:s_1\[289]
Removing Lhs of wire \PWM_Modulator:PWMUDB:add_vi_vv_MODGEN_1_0\[51] = \PWM_Modulator:PWMUDB:MODULE_1:g2:a0:s_0\[290]
Removing Lhs of wire \PWM_Modulator:PWMUDB:dith_count_1\\R\[52] = zero[7]
Removing Lhs of wire \PWM_Modulator:PWMUDB:dith_count_1\\S\[53] = zero[7]
Removing Lhs of wire \PWM_Modulator:PWMUDB:dith_count_0\\R\[54] = zero[7]
Removing Lhs of wire \PWM_Modulator:PWMUDB:dith_count_0\\S\[55] = zero[7]
Removing Lhs of wire \PWM_Modulator:PWMUDB:reset\[58] = zero[7]
Removing Lhs of wire \PWM_Modulator:PWMUDB:status_6\[59] = zero[7]
Removing Rhs of wire \PWM_Modulator:PWMUDB:status_5\[60] = \PWM_Modulator:PWMUDB:final_kill_reg\[74]
Removing Lhs of wire \PWM_Modulator:PWMUDB:status_4\[61] = zero[7]
Removing Rhs of wire \PWM_Modulator:PWMUDB:status_3\[62] = \PWM_Modulator:PWMUDB:fifo_full\[81]
Removing Rhs of wire \PWM_Modulator:PWMUDB:status_1\[64] = \PWM_Modulator:PWMUDB:cmp2_status_reg\[73]
Removing Rhs of wire \PWM_Modulator:PWMUDB:status_0\[65] = \PWM_Modulator:PWMUDB:cmp1_status_reg\[72]
Removing Lhs of wire \PWM_Modulator:PWMUDB:cmp2_status\[70] = zero[7]
Removing Lhs of wire \PWM_Modulator:PWMUDB:cmp2\[71] = zero[7]
Removing Lhs of wire \PWM_Modulator:PWMUDB:cmp1_status_reg\\R\[75] = zero[7]
Removing Lhs of wire \PWM_Modulator:PWMUDB:cmp1_status_reg\\S\[76] = zero[7]
Removing Lhs of wire \PWM_Modulator:PWMUDB:cmp2_status_reg\\R\[77] = zero[7]
Removing Lhs of wire \PWM_Modulator:PWMUDB:cmp2_status_reg\\S\[78] = zero[7]
Removing Lhs of wire \PWM_Modulator:PWMUDB:final_kill_reg\\R\[79] = zero[7]
Removing Lhs of wire \PWM_Modulator:PWMUDB:final_kill_reg\\S\[80] = zero[7]
Removing Lhs of wire \PWM_Modulator:PWMUDB:cs_addr_2\[82] = \PWM_Modulator:PWMUDB:tc_i\[37]
Removing Lhs of wire \PWM_Modulator:PWMUDB:cs_addr_1\[83] = \PWM_Modulator:PWMUDB:runmode_enable\[32]
Removing Lhs of wire \PWM_Modulator:PWMUDB:cs_addr_0\[84] = zero[7]
Removing Lhs of wire \PWM_Modulator:PWMUDB:compare1\[117] = \PWM_Modulator:PWMUDB:cmp1_less\[88]
Removing Lhs of wire \PWM_Modulator:PWMUDB:pwm1_i\[122] = zero[7]
Removing Lhs of wire \PWM_Modulator:PWMUDB:pwm2_i\[124] = zero[7]
Removing Rhs of wire \PWM_Modulator:Net_96\[127] = \PWM_Modulator:PWMUDB:pwm_i_reg\[119]
Removing Lhs of wire \PWM_Modulator:PWMUDB:pwm_temp\[130] = \PWM_Modulator:PWMUDB:cmp1\[68]
Removing Lhs of wire \PWM_Modulator:PWMUDB:MODULE_1:g2:a0:a_23\[171] = zero[7]
Removing Lhs of wire \PWM_Modulator:PWMUDB:MODULE_1:g2:a0:a_22\[172] = zero[7]
Removing Lhs of wire \PWM_Modulator:PWMUDB:MODULE_1:g2:a0:a_21\[173] = zero[7]
Removing Lhs of wire \PWM_Modulator:PWMUDB:MODULE_1:g2:a0:a_20\[174] = zero[7]
Removing Lhs of wire \PWM_Modulator:PWMUDB:MODULE_1:g2:a0:a_19\[175] = zero[7]
Removing Lhs of wire \PWM_Modulator:PWMUDB:MODULE_1:g2:a0:a_18\[176] = zero[7]
Removing Lhs of wire \PWM_Modulator:PWMUDB:MODULE_1:g2:a0:a_17\[177] = zero[7]
Removing Lhs of wire \PWM_Modulator:PWMUDB:MODULE_1:g2:a0:a_16\[178] = zero[7]
Removing Lhs of wire \PWM_Modulator:PWMUDB:MODULE_1:g2:a0:a_15\[179] = zero[7]
Removing Lhs of wire \PWM_Modulator:PWMUDB:MODULE_1:g2:a0:a_14\[180] = zero[7]
Removing Lhs of wire \PWM_Modulator:PWMUDB:MODULE_1:g2:a0:a_13\[181] = zero[7]
Removing Lhs of wire \PWM_Modulator:PWMUDB:MODULE_1:g2:a0:a_12\[182] = zero[7]
Removing Lhs of wire \PWM_Modulator:PWMUDB:MODULE_1:g2:a0:a_11\[183] = zero[7]
Removing Lhs of wire \PWM_Modulator:PWMUDB:MODULE_1:g2:a0:a_10\[184] = zero[7]
Removing Lhs of wire \PWM_Modulator:PWMUDB:MODULE_1:g2:a0:a_9\[185] = zero[7]
Removing Lhs of wire \PWM_Modulator:PWMUDB:MODULE_1:g2:a0:a_8\[186] = zero[7]
Removing Lhs of wire \PWM_Modulator:PWMUDB:MODULE_1:g2:a0:a_7\[187] = zero[7]
Removing Lhs of wire \PWM_Modulator:PWMUDB:MODULE_1:g2:a0:a_6\[188] = zero[7]
Removing Lhs of wire \PWM_Modulator:PWMUDB:MODULE_1:g2:a0:a_5\[189] = zero[7]
Removing Lhs of wire \PWM_Modulator:PWMUDB:MODULE_1:g2:a0:a_4\[190] = zero[7]
Removing Lhs of wire \PWM_Modulator:PWMUDB:MODULE_1:g2:a0:a_3\[191] = zero[7]
Removing Lhs of wire \PWM_Modulator:PWMUDB:MODULE_1:g2:a0:a_2\[192] = zero[7]
Removing Lhs of wire \PWM_Modulator:PWMUDB:MODULE_1:g2:a0:a_1\[193] = \PWM_Modulator:PWMUDB:MODIN1_1\[194]
Removing Lhs of wire \PWM_Modulator:PWMUDB:MODIN1_1\[194] = \PWM_Modulator:PWMUDB:dith_count_1\[48]
Removing Lhs of wire \PWM_Modulator:PWMUDB:MODULE_1:g2:a0:a_0\[195] = \PWM_Modulator:PWMUDB:MODIN1_0\[196]
Removing Lhs of wire \PWM_Modulator:PWMUDB:MODIN1_0\[196] = \PWM_Modulator:PWMUDB:dith_count_0\[50]
Removing Lhs of wire \PWM_Modulator:PWMUDB:MODULE_1:g2:a0:g1:z1:s0:g1:u0:c_0\[328] = one[4]
Removing Lhs of wire \PWM_Modulator:PWMUDB:MODULE_1:g2:a0:g1:z1:s0:g1:u0:b_0\[329] = one[4]
Removing Rhs of wire Net_87[330] = \PWM_Modulator:Net_96\[127]
Removing Lhs of wire tmpOE__PWM_Out_net_0[338] = one[4]
Removing Lhs of wire Net_16[345] = zero[7]
Removing Rhs of wire Net_145[349] = \PWM_Switch_Timer:Net_53\[350]
Removing Rhs of wire Net_145[349] = \PWM_Switch_Timer:TimerUDB:tc_reg_i\[382]
Removing Lhs of wire \PWM_Switch_Timer:TimerUDB:ctrl_enable\[364] = \PWM_Switch_Timer:TimerUDB:control_7\[356]
Removing Lhs of wire \PWM_Switch_Timer:TimerUDB:ctrl_cmode_1\[366] = zero[7]
Removing Rhs of wire \PWM_Switch_Timer:TimerUDB:timer_enable\[375] = \PWM_Switch_Timer:TimerUDB:runmode_enable\[387]
Removing Rhs of wire \PWM_Switch_Timer:TimerUDB:run_mode\[376] = \PWM_Switch_Timer:TimerUDB:hwEnable\[377]
Removing Lhs of wire \PWM_Switch_Timer:TimerUDB:run_mode\[376] = \PWM_Switch_Timer:TimerUDB:control_7\[356]
Removing Lhs of wire \PWM_Switch_Timer:TimerUDB:trigger_enable\[379] = one[4]
Removing Lhs of wire \PWM_Switch_Timer:TimerUDB:tc_i\[381] = \PWM_Switch_Timer:TimerUDB:status_tc\[378]
Removing Lhs of wire \PWM_Switch_Timer:TimerUDB:capt_fifo_load_int\[386] = \PWM_Switch_Timer:TimerUDB:capt_fifo_load\[374]
Removing Lhs of wire \PWM_Switch_Timer:TimerUDB:status_6\[389] = zero[7]
Removing Lhs of wire \PWM_Switch_Timer:TimerUDB:status_5\[390] = zero[7]
Removing Lhs of wire \PWM_Switch_Timer:TimerUDB:status_4\[391] = zero[7]
Removing Lhs of wire \PWM_Switch_Timer:TimerUDB:status_0\[392] = \PWM_Switch_Timer:TimerUDB:status_tc\[378]
Removing Lhs of wire \PWM_Switch_Timer:TimerUDB:status_1\[393] = \PWM_Switch_Timer:TimerUDB:capt_fifo_load\[374]
Removing Rhs of wire \PWM_Switch_Timer:TimerUDB:status_2\[394] = \PWM_Switch_Timer:TimerUDB:fifo_full\[395]
Removing Rhs of wire \PWM_Switch_Timer:TimerUDB:status_3\[396] = \PWM_Switch_Timer:TimerUDB:fifo_nempty\[397]
Removing Lhs of wire \PWM_Switch_Timer:TimerUDB:cs_addr_2\[399] = zero[7]
Removing Lhs of wire \PWM_Switch_Timer:TimerUDB:cs_addr_1\[400] = \PWM_Switch_Timer:TimerUDB:trig_reg\[388]
Removing Lhs of wire \PWM_Switch_Timer:TimerUDB:cs_addr_0\[401] = \PWM_Switch_Timer:TimerUDB:per_zero\[380]
Removing Lhs of wire tmpOE__HighVoltage_net_0[486] = one[4]
Removing Lhs of wire tmpOE__SignalBase_net_0[492] = one[4]
Removing Lhs of wire \PWM_Modulator:PWMUDB:min_kill_reg\\D\[497] = one[4]
Removing Lhs of wire \PWM_Modulator:PWMUDB:prevCapture\\D\[498] = zero[7]
Removing Lhs of wire \PWM_Modulator:PWMUDB:trig_last\\D\[499] = zero[7]
Removing Lhs of wire \PWM_Modulator:PWMUDB:ltch_kill_reg\\D\[502] = one[4]
Removing Lhs of wire \PWM_Modulator:PWMUDB:prevCompare1\\D\[505] = \PWM_Modulator:PWMUDB:cmp1\[68]
Removing Lhs of wire \PWM_Modulator:PWMUDB:cmp1_status_reg\\D\[506] = \PWM_Modulator:PWMUDB:cmp1_status\[69]
Removing Lhs of wire \PWM_Modulator:PWMUDB:cmp2_status_reg\\D\[507] = zero[7]
Removing Lhs of wire \PWM_Modulator:PWMUDB:pwm_i_reg\\D\[509] = \PWM_Modulator:PWMUDB:pwm_i\[120]
Removing Lhs of wire \PWM_Modulator:PWMUDB:pwm1_i_reg\\D\[510] = zero[7]
Removing Lhs of wire \PWM_Modulator:PWMUDB:pwm2_i_reg\\D\[511] = zero[7]
Removing Lhs of wire \PWM_Modulator:PWMUDB:tc_i_reg\\D\[512] = \PWM_Modulator:PWMUDB:status_2\[63]
Removing Lhs of wire \PWM_Switch_Timer:TimerUDB:capture_last\\D\[513] = zero[7]
Removing Lhs of wire \PWM_Switch_Timer:TimerUDB:tc_reg_i\\D\[514] = \PWM_Switch_Timer:TimerUDB:status_tc\[378]
Removing Lhs of wire \PWM_Switch_Timer:TimerUDB:hwEnable_reg\\D\[515] = \PWM_Switch_Timer:TimerUDB:control_7\[356]
Removing Lhs of wire \PWM_Switch_Timer:TimerUDB:capture_out_reg_i\\D\[516] = \PWM_Switch_Timer:TimerUDB:capt_fifo_load\[374]

------------------------------------------------------
Aliased 0 equations, 109 wires.
------------------------------------------------------

----------------------------------------------------------
Circuit simplification
----------------------------------------------------------

Substituting virtuals - pass 1:

Note:  Expanding virtual equation for 'one' (cost = 0):
one <=  ('1') ;

Note:  Expanding virtual equation for 'zero' (cost = 0):
zero <=  ('0') ;

Note:  Expanding virtual equation for '\PWM_Modulator:PWMUDB:cmp1\' (cost = 0):
\PWM_Modulator:PWMUDB:cmp1\ <= (\PWM_Modulator:PWMUDB:cmp1_less\);

Note:  Expanding virtual equation for '\PWM_Modulator:PWMUDB:MODULE_1:g2:a0:g1:z1:s0:g1:u0:c_1\' (cost = 0):
\PWM_Modulator:PWMUDB:MODULE_1:g2:a0:g1:z1:s0:g1:u0:c_1\ <= (\PWM_Modulator:PWMUDB:dith_count_0\);

Note:  Expanding virtual equation for '\PWM_Modulator:PWMUDB:MODULE_1:g2:a0:s_0\' (cost = 0):
\PWM_Modulator:PWMUDB:MODULE_1:g2:a0:s_0\ <= (not \PWM_Modulator:PWMUDB:dith_count_0\);

Note:  Expanding virtual equation for '\PWM_Modulator:PWMUDB:MODULE_1:g2:a0:g1:z1:s0:g1:u0:c_17\' (cost = 0):
\PWM_Modulator:PWMUDB:MODULE_1:g2:a0:g1:z1:s0:g1:u0:c_17\ <=  ('0') ;

Note:  Expanding virtual equation for '\PWM_Modulator:PWMUDB:MODULE_1:g2:a0:g1:z1:s0:g1:u0:c_9\' (cost = 0):
\PWM_Modulator:PWMUDB:MODULE_1:g2:a0:g1:z1:s0:g1:u0:c_9\ <=  ('0') ;

Note:  Expanding virtual equation for '\PWM_Modulator:PWMUDB:MODULE_1:g2:a0:g1:z1:s0:g1:u0:c_2\' (cost = 0):
\PWM_Modulator:PWMUDB:MODULE_1:g2:a0:g1:z1:s0:g1:u0:c_2\ <= ((\PWM_Modulator:PWMUDB:dith_count_1\ and \PWM_Modulator:PWMUDB:dith_count_0\));

Note:  Expanding virtual equation for '\PWM_Switch_Timer:TimerUDB:fifo_load_polarized\' (cost = 0):
\PWM_Switch_Timer:TimerUDB:fifo_load_polarized\ <=  ('0') ;

Note:  Expanding virtual equation for '\PWM_Switch_Timer:TimerUDB:timer_enable\' (cost = 0):
\PWM_Switch_Timer:TimerUDB:timer_enable\ <= (\PWM_Switch_Timer:TimerUDB:control_7\);


Substituting virtuals - pass 2:

Note:  Expanding virtual equation for '\PWM_Modulator:PWMUDB:MODULE_1:g2:a0:s_1\' (cost = 2):
\PWM_Modulator:PWMUDB:MODULE_1:g2:a0:s_1\ <= ((not \PWM_Modulator:PWMUDB:dith_count_0\ and \PWM_Modulator:PWMUDB:dith_count_1\)
	OR (not \PWM_Modulator:PWMUDB:dith_count_1\ and \PWM_Modulator:PWMUDB:dith_count_0\));

Note:  Expanding virtual equation for '\PWM_Modulator:PWMUDB:MODULE_1:g2:a0:g1:z1:s0:g1:u0:c_18\' (cost = 0):
\PWM_Modulator:PWMUDB:MODULE_1:g2:a0:g1:z1:s0:g1:u0:c_18\ <=  ('0') ;

Note:  Expanding virtual equation for '\PWM_Modulator:PWMUDB:MODULE_1:g2:a0:g1:z1:s0:g1:u0:c_10\' (cost = 0):
\PWM_Modulator:PWMUDB:MODULE_1:g2:a0:g1:z1:s0:g1:u0:c_10\ <=  ('0') ;

Note:  Expanding virtual equation for '\PWM_Modulator:PWMUDB:MODULE_1:g2:a0:g1:z1:s0:g1:u0:c_3\' (cost = 0):
\PWM_Modulator:PWMUDB:MODULE_1:g2:a0:g1:z1:s0:g1:u0:c_3\ <=  ('0') ;


Substituting virtuals - pass 3:

Note:  Expanding virtual equation for '\PWM_Modulator:PWMUDB:MODULE_1:g2:a0:g1:z1:s0:g1:u0:c_19\' (cost = 0):
\PWM_Modulator:PWMUDB:MODULE_1:g2:a0:g1:z1:s0:g1:u0:c_19\ <=  ('0') ;

Note:  Expanding virtual equation for '\PWM_Modulator:PWMUDB:MODULE_1:g2:a0:g1:z1:s0:g1:u0:c_11\' (cost = 0):
\PWM_Modulator:PWMUDB:MODULE_1:g2:a0:g1:z1:s0:g1:u0:c_11\ <=  ('0') ;

Note:  Expanding virtual equation for '\PWM_Modulator:PWMUDB:MODULE_1:g2:a0:g1:z1:s0:g1:u0:c_4\' (cost = 0):
\PWM_Modulator:PWMUDB:MODULE_1:g2:a0:g1:z1:s0:g1:u0:c_4\ <=  ('0') ;


Substituting virtuals - pass 4:

Note:  Expanding virtual equation for '\PWM_Modulator:PWMUDB:MODULE_1:g2:a0:g1:z1:s0:g1:u0:c_20\' (cost = 0):
\PWM_Modulator:PWMUDB:MODULE_1:g2:a0:g1:z1:s0:g1:u0:c_20\ <=  ('0') ;

Note:  Expanding virtual equation for '\PWM_Modulator:PWMUDB:MODULE_1:g2:a0:g1:z1:s0:g1:u0:c_12\' (cost = 0):
\PWM_Modulator:PWMUDB:MODULE_1:g2:a0:g1:z1:s0:g1:u0:c_12\ <=  ('0') ;

Note:  Expanding virtual equation for '\PWM_Modulator:PWMUDB:MODULE_1:g2:a0:g1:z1:s0:g1:u0:c_5\' (cost = 0):
\PWM_Modulator:PWMUDB:MODULE_1:g2:a0:g1:z1:s0:g1:u0:c_5\ <=  ('0') ;


Substituting virtuals - pass 5:

Note:  Expanding virtual equation for '\PWM_Modulator:PWMUDB:MODULE_1:g2:a0:g1:z1:s0:g1:u0:c_21\' (cost = 0):
\PWM_Modulator:PWMUDB:MODULE_1:g2:a0:g1:z1:s0:g1:u0:c_21\ <=  ('0') ;

Note:  Expanding virtual equation for '\PWM_Modulator:PWMUDB:MODULE_1:g2:a0:g1:z1:s0:g1:u0:c_13\' (cost = 0):
\PWM_Modulator:PWMUDB:MODULE_1:g2:a0:g1:z1:s0:g1:u0:c_13\ <=  ('0') ;

Note:  Expanding virtual equation for '\PWM_Modulator:PWMUDB:MODULE_1:g2:a0:g1:z1:s0:g1:u0:c_6\' (cost = 0):
\PWM_Modulator:PWMUDB:MODULE_1:g2:a0:g1:z1:s0:g1:u0:c_6\ <=  ('0') ;


Substituting virtuals - pass 6:

Note:  Expanding virtual equation for '\PWM_Modulator:PWMUDB:MODULE_1:g2:a0:g1:z1:s0:g1:u0:c_22\' (cost = 0):
\PWM_Modulator:PWMUDB:MODULE_1:g2:a0:g1:z1:s0:g1:u0:c_22\ <=  ('0') ;

Note:  Expanding virtual equation for '\PWM_Modulator:PWMUDB:MODULE_1:g2:a0:g1:z1:s0:g1:u0:c_14\' (cost = 0):
\PWM_Modulator:PWMUDB:MODULE_1:g2:a0:g1:z1:s0:g1:u0:c_14\ <=  ('0') ;

Note:  Expanding virtual equation for '\PWM_Modulator:PWMUDB:MODULE_1:g2:a0:g1:z1:s0:g1:u0:c_7\' (cost = 0):
\PWM_Modulator:PWMUDB:MODULE_1:g2:a0:g1:z1:s0:g1:u0:c_7\ <=  ('0') ;


Substituting virtuals - pass 7:

Note:  Expanding virtual equation for '\PWM_Modulator:PWMUDB:MODULE_1:g2:a0:g1:z1:s0:g1:u0:c_23\' (cost = 0):
\PWM_Modulator:PWMUDB:MODULE_1:g2:a0:g1:z1:s0:g1:u0:c_23\ <=  ('0') ;

Note:  Expanding virtual equation for '\PWM_Modulator:PWMUDB:MODULE_1:g2:a0:g1:z1:s0:g1:u0:c_15\' (cost = 0):
\PWM_Modulator:PWMUDB:MODULE_1:g2:a0:g1:z1:s0:g1:u0:c_15\ <=  ('0') ;


Substituting virtuals - pass 8:


----------------------------------------------------------
Circuit simplification results:

	Expanded 28 signals.
	Turned 0 signals into soft nodes.
	Maximum default expansion cost was set at 3.
----------------------------------------------------------

------------------------------------------------------
Alias Detection
------------------------------------------------------
Aliasing \PWM_Modulator:PWMUDB:final_capture\ to zero
Aliasing \PWM_Modulator:PWMUDB:MODULE_1:g2:a0:g1:z1:s0:g1:u0:b_24\ to zero
Aliasing \PWM_Modulator:PWMUDB:MODULE_1:g2:a0:g1:z1:s0:g1:u0:b_16\ to zero
Aliasing \PWM_Modulator:PWMUDB:MODULE_1:g2:a0:g1:z1:s0:g1:u0:b_8\ to zero
Aliasing \PWM_Switch_Timer:TimerUDB:capt_fifo_load\ to zero
Aliasing \PWM_Modulator:PWMUDB:final_kill_reg\\D\ to zero
Removing Lhs of wire \PWM_Modulator:PWMUDB:final_capture\[86] = zero[7]
Removing Lhs of wire \PWM_Modulator:PWMUDB:MODULE_1:g2:a0:g1:z1:s0:g1:u0:b_24\[299] = zero[7]
Removing Lhs of wire \PWM_Modulator:PWMUDB:MODULE_1:g2:a0:g1:z1:s0:g1:u0:b_16\[309] = zero[7]
Removing Lhs of wire \PWM_Modulator:PWMUDB:MODULE_1:g2:a0:g1:z1:s0:g1:u0:b_8\[319] = zero[7]
Removing Lhs of wire \PWM_Switch_Timer:TimerUDB:capt_fifo_load\[374] = zero[7]
Removing Lhs of wire \PWM_Switch_Timer:TimerUDB:trig_reg\[388] = \PWM_Switch_Timer:TimerUDB:control_7\[356]
Removing Lhs of wire \PWM_Modulator:PWMUDB:runmode_enable\\D\[500] = \PWM_Modulator:PWMUDB:control_7\[8]
Removing Lhs of wire \PWM_Modulator:PWMUDB:final_kill_reg\\D\[508] = zero[7]

------------------------------------------------------
Aliased 0 equations, 8 wires.
------------------------------------------------------

----------------------------------------------------------
Circuit simplification
----------------------------------------------------------

Eliminating unused logic - pass 1:


Eliminating unused logic - pass 2:


Substituting virtuals - pass 1:


----------------------------------------------------------
Circuit simplification results:

	Expanded 0 signals.
	Turned 0 signals into soft nodes.
	Maximum default expansion cost was set at 3.
----------------------------------------------------------

topld:  No errors.

CYPRESS_DIR    : C:\Program Files (x86)\Cypress\PSoC Creator\4.1\PSoC Creator\warp
Warp Program   : C:\Program Files (x86)\Cypress\PSoC Creator\4.1\PSoC Creator\warp\bin\warp.exe
Warp Arguments : -yv2 -q10 -ygs -o2 -v3 -.fftcfgtype=LE -ya -.fftprj=C:\Users\sdysart\Documents\UACS\UACS\HighFreqFSK\CrabsTransmit.cydsn\CrabsTransmit.cyprj -dcpsoc3 CrabsTransmit.v -verilog
</CYPRESSTAG>
Warp synthesis phase: Elapsed time ==> 1s.068ms
<CYPRESSTAG name="Fitter results...">
<CYPRESSTAG name="Fitter startup details...">
cyp3fit: V4.1.0.3210, Family: PSoC3, Started at: Monday, 21 May 2018 20:41:09
Options: -yv2 -q10 -ygs -o2 -v3 -.fftcfgtype=LE -ya -.fftprj=C:\Users\sdysart\Documents\UACS\UACS\HighFreqFSK\CrabsTransmit.cydsn\CrabsTransmit.cyprj -d CY8C5888LTI-LP097 CrabsTransmit.v -verilog
</CYPRESSTAG>
<CYPRESSTAG name="Design parsing">
Design parsing phase: Elapsed time ==> 0s.000ms
</CYPRESSTAG>
<CYPRESSTAG name="Tech Mapping">
<CYPRESSTAG name="Initial Mapping" icon="FILE_RPT_TECHM">
    Removed wire end \PWM_Modulator:PWMUDB:MODULE_1:g2:a0:g1:z1:s0:g1:u0:c_24\ kept zero
    Removed wire end \PWM_Modulator:PWMUDB:MODULE_1:g2:a0:g1:z1:s0:g1:u0:c_16\ kept zero
    Removed wire end \PWM_Modulator:PWMUDB:MODULE_1:g2:a0:g1:z1:s0:g1:u0:c_8\ kept zero
    Converted constant MacroCell: \PWM_Modulator:PWMUDB:prevCapture\ from registered to combinatorial
    Converted constant MacroCell: \PWM_Modulator:PWMUDB:trig_last\ from registered to combinatorial
    Converted constant MacroCell: \PWM_Modulator:PWMUDB:status_1\ from registered to combinatorial
    Converted constant MacroCell: \PWM_Modulator:PWMUDB:status_5\ from registered to combinatorial
    Converted constant MacroCell: \PWM_Modulator:PWMUDB:pwm1_i_reg\ from registered to combinatorial
    Converted constant MacroCell: \PWM_Modulator:PWMUDB:pwm2_i_reg\ from registered to combinatorial
    Converted constant MacroCell: \PWM_Switch_Timer:TimerUDB:capture_last\ from registered to combinatorial
    Converted constant MacroCell: \PWM_Switch_Timer:TimerUDB:capture_out_reg_i\ from registered to combinatorial
<CYPRESSTAG name="Global Clock Selection" icon="FILE_RPT_TECHM">
    Digital Clock 0: Automatic-assigning  clock 'PWM_Clock'. Fanout=1, Signal=Net_46
    Digital Clock 1: Automatic-assigning  clock 'timer_clock'. Fanout=2, Signal=Net_14
</CYPRESSTAG>

Removing unused cells resulting from optimization
Done removing unused cells.
<CYPRESSTAG name="UDB Clock/Enable Remapping Results">
    UDB Clk/Enable \PWM_Modulator:PWMUDB:clock_enable_block\: with output requested to be synchronous
        ClockIn: PWM_Clock was determined to be a global clock that is synchronous to BUS_CLK
        EnableIn: Constant 1 was determined to be synchronous to ClockIn
        ClockOut: PWM_Clock, EnableOut: Constant 1
    UDB Clk/Enable \PWM_Switch_Timer:TimerUDB:clock_enable_block\: with output requested to be synchronous
        ClockIn: timer_clock was determined to be a global clock that is synchronous to BUS_CLK
        EnableIn: Constant 1 was determined to be synchronous to ClockIn
        ClockOut: timer_clock, EnableOut: Constant 1
    UDB Clk/Enable \PWM_Switch_Timer:TimerUDB:sCTRLReg:SyncCtl:cy_psoc3_udb_Ctl_Clk_Sync\: with output requested to be synchronous
        ClockIn: timer_clock was determined to be a global clock that is synchronous to BUS_CLK
        EnableIn: Constant 1 was determined to be synchronous to ClockIn
        ClockOut: timer_clock, EnableOut: Constant 1
</CYPRESSTAG>

Removing unused cells resulting from optimization
Done removing unused cells.
<CYPRESSTAG name="Duplicate Macrocell detection">
</CYPRESSTAG>
</CYPRESSTAG>
<CYPRESSTAG name="Duplicate Macrocell detection">

Removing unused cells resulting from optimization
Done removing unused cells.
</CYPRESSTAG>
<CYPRESSTAG name="Design Equations" icon="FILE_RPT_EQUATION">

------------------------------------------------------------
Design Equations
------------------------------------------------------------
    <CYPRESSTAG name="Pin listing">

    ------------------------------------------------------------
    Pin listing
    ------------------------------------------------------------

    Pin : Name = PWM_Out(0)
        Attributes:
            In Group/Port: True
            In Sync Option: AUTO
            Out Sync Option: NOSYNC
            Interrupt generated: False
            Interrupt mode: NONE
            Drive mode: CMOS_OUT
            VTrip: EITHER
            Slew: FAST
            Input Sync needed: False
            Output Sync needed: False
            SC shield enabled: False
            POR State: ANY
            LCD Mode: COMMON
            Register Mode: RegComb
            CaSense Mode: NEITHER
            Treat as pin: True
            Is OE Registered: False
            Uses Analog: False
            Can contain Digital: True
            Is SIO: False
            SIO Output Buf: NONREGULATED
            SIO Input Buf: SINGLE_ENDED
            SIO HiFreq: LOW
            SIO Hyst: DISABLED
            SIO Vtrip: MULTIPLIER_0_5
            SIO Multiplier Index: 0
            SIO RefSel: VCC_IO
            Required Capabilities: DIGITAL, ROUTABLE
            Initial Value: 0
            IO Voltage: 0
        PORT MAP (
            pa_out => PWM_Out(0)__PA ,
            pin_input => Net_87 ,
            pad => PWM_Out(0)_PAD );
        Properties:
        {
        }

    Pin : Name = HighVoltage(0)
        Attributes:
            In Group/Port: True
            In Sync Option: AUTO
            Out Sync Option: NOSYNC
            Interrupt generated: False
            Interrupt mode: NONE
            Drive mode: CMOS_OUT
            VTrip: EITHER
            Slew: FAST
            Input Sync needed: False
            Output Sync needed: False
            SC shield enabled: False
            POR State: ANY
            LCD Mode: COMMON
            Register Mode: RegComb
            CaSense Mode: NEITHER
            Treat as pin: True
            Is OE Registered: False
            Uses Analog: False
            Can contain Digital: True
            Is SIO: False
            SIO Output Buf: NONREGULATED
            SIO Input Buf: SINGLE_ENDED
            SIO HiFreq: LOW
            SIO Hyst: DISABLED
            SIO Vtrip: MULTIPLIER_0_5
            SIO Multiplier Index: 0
            SIO RefSel: VCC_IO
            Required Capabilities: DIGITAL
            Initial Value: 0
            IO Voltage: 0
        PORT MAP (
            pa_out => HighVoltage(0)__PA ,
            pad => HighVoltage(0)_PAD );
        Properties:
        {
        }

    Pin : Name = SignalBase(0)
        Attributes:
            In Group/Port: True
            In Sync Option: AUTO
            Out Sync Option: NOSYNC
            Interrupt generated: False
            Interrupt mode: NONE
            Drive mode: CMOS_OUT
            VTrip: EITHER
            Slew: FAST
            Input Sync needed: False
            Output Sync needed: False
            SC shield enabled: False
            POR State: ANY
            LCD Mode: COMMON
            Register Mode: RegComb
            CaSense Mode: NEITHER
            Treat as pin: True
            Is OE Registered: False
            Uses Analog: False
            Can contain Digital: True
            Is SIO: False
            SIO Output Buf: NONREGULATED
            SIO Input Buf: SINGLE_ENDED
            SIO HiFreq: LOW
            SIO Hyst: DISABLED
            SIO Vtrip: MULTIPLIER_0_5
            SIO Multiplier Index: 0
            SIO RefSel: VCC_IO
            Required Capabilities: DIGITAL
            Initial Value: 0
            IO Voltage: 0
        PORT MAP (
            pa_out => SignalBase(0)__PA ,
            pad => SignalBase(0)_PAD );
        Properties:
        {
        }
    </CYPRESSTAG>
    <CYPRESSTAG name="Macrocell listing" icon="FILE_RPT_EQUATION">

    ------------------------------------------------------------
    Macrocell listing
    ------------------------------------------------------------

    MacroCell: Name=\PWM_Modulator:PWMUDB:status_2\, Mode=(Combinatorial)
        Total # of inputs        : 2
        Total # of product terms : 1
            Clock Enable: True
        Main Equation            : 1 pterm
        (
              \PWM_Modulator:PWMUDB:runmode_enable\ * 
              \PWM_Modulator:PWMUDB:tc_i\
        );
        Output = \PWM_Modulator:PWMUDB:status_2\ (fanout=1)

    MacroCell: Name=\PWM_Switch_Timer:TimerUDB:status_tc\, Mode=(Combinatorial)
        Total # of inputs        : 2
        Total # of product terms : 1
            Clock Enable: True
        Main Equation            : 1 pterm
        (
              \PWM_Switch_Timer:TimerUDB:control_7\ * 
              \PWM_Switch_Timer:TimerUDB:per_zero\
        );
        Output = \PWM_Switch_Timer:TimerUDB:status_tc\ (fanout=1)

    MacroCell: Name=\PWM_Modulator:PWMUDB:runmode_enable\, Mode=(D-Register)
        Total # of inputs        : 1
        Total # of product terms : 1
        List of special equations: 
            Clock  = (Net_46) => Global
            Clock Enable: True
        Main Equation            : 1 pterm
        (
              \PWM_Modulator:PWMUDB:control_7\
        );
        Output = \PWM_Modulator:PWMUDB:runmode_enable\ (fanout=3)

    MacroCell: Name=\PWM_Modulator:PWMUDB:prevCompare1\, Mode=(D-Register)
        Total # of inputs        : 1
        Total # of product terms : 1
        List of special equations: 
            Clock  = (Net_46) => Global
            Clock Enable: True
        Main Equation            : 1 pterm
        (
              \PWM_Modulator:PWMUDB:cmp1_less\
        );
        Output = \PWM_Modulator:PWMUDB:prevCompare1\ (fanout=1)

    MacroCell: Name=\PWM_Modulator:PWMUDB:status_0\, Mode=(D-Register)
        Total # of inputs        : 2
        Total # of product terms : 1
        List of special equations: 
            Clock  = (Net_46) => Global
            Clock Enable: True
        Main Equation            : 1 pterm
        (
              !\PWM_Modulator:PWMUDB:prevCompare1\ * 
              \PWM_Modulator:PWMUDB:cmp1_less\
        );
        Output = \PWM_Modulator:PWMUDB:status_0\ (fanout=1)

    MacroCell: Name=Net_87, Mode=(D-Register)
        Total # of inputs        : 2
        Total # of product terms : 1
        List of special equations: 
            Clock  = (Net_46) => Global
            Clock Enable: True
        Main Equation            : 1 pterm
        (
              \PWM_Modulator:PWMUDB:runmode_enable\ * 
              \PWM_Modulator:PWMUDB:cmp1_less\
        );
        Output = Net_87 (fanout=1)

    MacroCell: Name=Net_145, Mode=(D-Register)
        Total # of inputs        : 2
        Total # of product terms : 1
        List of special equations: 
            Clock  = (Net_14) => Global
            Clock Enable: True
        Main Equation            : 1 pterm
        (
              \PWM_Switch_Timer:TimerUDB:control_7\ * 
              \PWM_Switch_Timer:TimerUDB:per_zero\
        );
        Output = Net_145 (fanout=1)
    </CYPRESSTAG>
    <CYPRESSTAG name="Datapath listing">

    ------------------------------------------------------------
    Datapath listing
    ------------------------------------------------------------

    datapathcell: Name =\PWM_Modulator:PWMUDB:sP8:pwmdp:u0\
        PORT MAP (
            clock => Net_46 ,
            cs_addr_2 => \PWM_Modulator:PWMUDB:tc_i\ ,
            cs_addr_1 => \PWM_Modulator:PWMUDB:runmode_enable\ ,
            cl0_comb => \PWM_Modulator:PWMUDB:cmp1_less\ ,
            z0_comb => \PWM_Modulator:PWMUDB:tc_i\ ,
            f1_blk_stat_comb => \PWM_Modulator:PWMUDB:status_3\ );
        Properties:
        {
            a0_init = "00000000"
            a1_init = "00000000"
            ce0_sync = 1
            ce1_sync = 1
            cl0_sync = 1
            cl1_sync = 1
            cmsb_sync = 1
            co_msb_sync = 1
            cy_dpconfig = "0000000001000000000000001100000001000000010000000000000011000000000000001100000000000000110000000000000011000000000000001100000011111111000000001111111111111111101000000000000000000100000000000000000000011000"
            d0_init = "00000000"
            d1_init = "00000000"
            f0_blk_sync = 1
            f0_bus_sync = 1
            f1_blk_sync = 1
            f1_bus_sync = 1
            ff0_sync = 1
            ff1_sync = 1
            ov_msb_sync = 1
            so_sync = 1
            z0_sync = 1
            z1_sync = 1
        }
        Clock Polarity: Active High
        Clock Enable: True

    datapathcell: Name =\PWM_Switch_Timer:TimerUDB:sT16:timerdp:u0\
        PORT MAP (
            clock => Net_14 ,
            cs_addr_1 => \PWM_Switch_Timer:TimerUDB:control_7\ ,
            cs_addr_0 => \PWM_Switch_Timer:TimerUDB:per_zero\ ,
            chain_out => \PWM_Switch_Timer:TimerUDB:sT16:timerdp:carry\ );
        Properties:
        {
            a0_init = "00000000"
            a1_init = "00000000"
            ce0_sync = 1
            ce1_sync = 1
            cl0_sync = 1
            cl1_sync = 1
            cmsb_sync = 1
            co_msb_sync = 1
            cy_dpconfig = "0000000001000000000000000100000001000000010000000000000010000000000000001000000000000000100000000000000010000000000000001000000011111111000000001111111111111111000000000000000000000001000000000000000000011000"
            d0_init = "00000000"
            d1_init = "00000000"
            f0_blk_sync = 1
            f0_bus_sync = 1
            f1_blk_sync = 1
            f1_bus_sync = 1
            ff0_sync = 1
            ff1_sync = 1
            ov_msb_sync = 1
            so_sync = 1
            z0_sync = 1
            z1_sync = 1
        }
        Clock Polarity: Active High
        Clock Enable: True
        Next in chain : \PWM_Switch_Timer:TimerUDB:sT16:timerdp:u1\

    datapathcell: Name =\PWM_Switch_Timer:TimerUDB:sT16:timerdp:u1\
        PORT MAP (
            clock => Net_14 ,
            cs_addr_1 => \PWM_Switch_Timer:TimerUDB:control_7\ ,
            cs_addr_0 => \PWM_Switch_Timer:TimerUDB:per_zero\ ,
            z0_comb => \PWM_Switch_Timer:TimerUDB:per_zero\ ,
            f0_bus_stat_comb => \PWM_Switch_Timer:TimerUDB:status_3\ ,
            f0_blk_stat_comb => \PWM_Switch_Timer:TimerUDB:status_2\ ,
            chain_in => \PWM_Switch_Timer:TimerUDB:sT16:timerdp:carry\ );
        Properties:
        {
            a0_init = "00000000"
            a1_init = "00000000"
            ce0_sync = 1
            ce1_sync = 1
            cl0_sync = 1
            cl1_sync = 1
            cmsb_sync = 1
            co_msb_sync = 1
            cy_dpconfig = "0000000001000000000000000100000001000000010000000000000010000000000000001000000000000000100000000000000010000000000000001000000011111111000000001111111111111111100000110000000000000001000000110000000000011000"
            d0_init = "00000000"
            d1_init = "00000000"
            f0_blk_sync = 1
            f0_bus_sync = 1
            f1_blk_sync = 1
            f1_bus_sync = 1
            ff0_sync = 1
            ff1_sync = 1
            ov_msb_sync = 1
            so_sync = 1
            z0_sync = 1
            z1_sync = 1
        }
        Clock Polarity: Active High
        Clock Enable: True
        Previous in chain : \PWM_Switch_Timer:TimerUDB:sT16:timerdp:u0\
    </CYPRESSTAG>
    <CYPRESSTAG name="Status register listing">
    </CYPRESSTAG>
    <CYPRESSTAG name="StatusI register listing">

    ------------------------------------------------------------
    StatusI register listing
    ------------------------------------------------------------

    statusicell: Name =\PWM_Modulator:PWMUDB:genblk8:stsreg\
        PORT MAP (
            clock => Net_46 ,
            status_3 => \PWM_Modulator:PWMUDB:status_3\ ,
            status_2 => \PWM_Modulator:PWMUDB:status_2\ ,
            status_0 => \PWM_Modulator:PWMUDB:status_0\ );
        Properties:
        {
            cy_force_order = 1
            cy_int_mask = "1111111"
            cy_md_select = "0100111"
        }
        Clock Polarity: Active High
        Clock Enable: True

    statusicell: Name =\PWM_Switch_Timer:TimerUDB:rstSts:stsreg\
        PORT MAP (
            clock => Net_14 ,
            status_3 => \PWM_Switch_Timer:TimerUDB:status_3\ ,
            status_2 => \PWM_Switch_Timer:TimerUDB:status_2\ ,
            status_0 => \PWM_Switch_Timer:TimerUDB:status_tc\ );
        Properties:
        {
            cy_force_order = 1
            cy_int_mask = "1111111"
            cy_md_select = "0000011"
        }
        Clock Polarity: Active High
        Clock Enable: True
    </CYPRESSTAG>
    <CYPRESSTAG name="Sync listing">
    </CYPRESSTAG>
    <CYPRESSTAG name="Control register listing">

    ------------------------------------------------------------
    Control register listing
    ------------------------------------------------------------

    controlcell: Name =\PWM_Modulator:PWMUDB:genblk1:ctrlreg\
        PORT MAP (
            clock => Net_46 ,
            control_7 => \PWM_Modulator:PWMUDB:control_7\ ,
            control_6 => \PWM_Modulator:PWMUDB:control_6\ ,
            control_5 => \PWM_Modulator:PWMUDB:control_5\ ,
            control_4 => \PWM_Modulator:PWMUDB:control_4\ ,
            control_3 => \PWM_Modulator:PWMUDB:control_3\ ,
            control_2 => \PWM_Modulator:PWMUDB:control_2\ ,
            control_1 => \PWM_Modulator:PWMUDB:control_1\ ,
            control_0 => \PWM_Modulator:PWMUDB:control_0\ );
        Properties:
        {
            cy_ctrl_mode_0 = "11111111"
            cy_ctrl_mode_1 = "00000000"
            cy_ext_reset = 0
            cy_force_order = 1
            cy_init_value = "00000000"
        }
        Clock Polarity: Active High
        Clock Enable: True

    controlcell: Name =\PWM_Switch_Timer:TimerUDB:sCTRLReg:SyncCtl:ctrlreg\
        PORT MAP (
            clock => Net_14 ,
            control_7 => \PWM_Switch_Timer:TimerUDB:control_7\ ,
            control_6 => \PWM_Switch_Timer:TimerUDB:control_6\ ,
            control_5 => \PWM_Switch_Timer:TimerUDB:control_5\ ,
            control_4 => \PWM_Switch_Timer:TimerUDB:control_4\ ,
            control_3 => \PWM_Switch_Timer:TimerUDB:control_3\ ,
            control_2 => \PWM_Switch_Timer:TimerUDB:control_2\ ,
            control_1 => \PWM_Switch_Timer:TimerUDB:control_1\ ,
            control_0 => \PWM_Switch_Timer:TimerUDB:control_0\ );
        Properties:
        {
            cy_ctrl_mode_0 = "11111111"
            cy_ctrl_mode_1 = "00000000"
            cy_ext_reset = 0
            cy_force_order = 1
            cy_init_value = "00000000"
        }
        Clock Polarity: Active High
        Clock Enable: True
    </CYPRESSTAG>
    <CYPRESSTAG name="Count7 listing">
    </CYPRESSTAG>
    <CYPRESSTAG name="DRQ listing">
    </CYPRESSTAG>
    <CYPRESSTAG name="Interrupt listing">

    ------------------------------------------------------------
    Interrupt listing
    ------------------------------------------------------------

    interrupt: Name =isr_sec
        PORT MAP (
            interrupt => Net_145 );
        Properties:
        {
            int_type = "10"
            is_nmi = 0
        }
    </CYPRESSTAG>
</CYPRESSTAG>
<CYPRESSTAG name="Technology mapping summary" expanded>

------------------------------------------------------------
Technology mapping summary
------------------------------------------------------------

Resource Type                 : Used : Free :  Max :  % Used
============================================================
Digital Clocks                :    2 :    6 :    8 : 25.00 %
Analog Clocks                 :    0 :    4 :    4 :  0.00 %
CapSense Buffers              :    0 :    2 :    2 :  0.00 %
Digital Filter Block          :    0 :    1 :    1 :  0.00 %
Interrupts                    :    1 :   31 :   32 :  3.13 %
IO                            :    6 :   42 :   48 : 12.50 %
Segment LCD                   :    0 :    1 :    1 :  0.00 %
CAN 2.0b                      :    0 :    1 :    1 :  0.00 %
I2C                           :    0 :    1 :    1 :  0.00 %
USB                           :    0 :    1 :    1 :  0.00 %
DMA Channels                  :    0 :   24 :   24 :  0.00 %
Timer                         :    0 :    4 :    4 :  0.00 %
UDB                           :      :      :      :        
  Macrocells                  :    7 :  185 :  192 :  3.65 %
  Unique P-terms              :    6 :  378 :  384 :  1.56 %
  Total P-terms               :    7 :      :      :        
  Datapath Cells              :    3 :   21 :   24 : 12.50 %
  Status Cells                :    2 :   22 :   24 :  8.33 %
    StatusI Registers         :    2 :      :      :        
  Control Cells               :    2 :   22 :   24 :  8.33 %
    Control Registers         :    2 :      :      :        
Opamp                         :    0 :    4 :    4 :  0.00 %
Comparator                    :    0 :    4 :    4 :  0.00 %
Delta-Sigma ADC               :    0 :    1 :    1 :  0.00 %
LPF                           :    0 :    2 :    2 :  0.00 %
SAR ADC                       :    0 :    2 :    2 :  0.00 %
Analog (SC/CT) Blocks         :    0 :    4 :    4 :  0.00 %
DAC                           :      :      :      :        
  VIDAC                       :    0 :    4 :    4 :  0.00 %
</CYPRESSTAG>
Technology Mapping: Elapsed time ==> 0s.046ms
Tech Mapping phase: Elapsed time ==> 0s.147ms
</CYPRESSTAG>
<CYPRESSTAG name="Analog Placement">
Initial Analog Placement Results:
IO_7@[IOP=(1)][IoId=(7)] : HighVoltage(0) (fixed)
IO_2@[IOP=(1)][IoId=(2)] : PWM_Out(0) (fixed)
IO_6@[IOP=(2)][IoId=(6)] : SignalBase(0) (fixed)
Analog Placement phase: Elapsed time ==> 0s.015ms
</CYPRESSTAG>
<CYPRESSTAG name="Analog Routing">
Analog Routing phase: Elapsed time ==> 0s.000ms
</CYPRESSTAG>
<CYPRESSTAG name="Analog Code Generation">
============ Analog Final Answer Routes ============
Dump of CyAnalogRoutingResultsDB
Map of net to items {
}
Map of item to net {
}
Mux Info {
}
Dump of CyP35AnalogRoutingResultsDB
IsVddaHalfUsedForComp = False
IsVddaHalfUsedForSar0 = False
IsVddaHalfUsedForSar1 = False
Analog Code Generation phase: Elapsed time ==> 0s.300ms
</CYPRESSTAG>
<CYPRESSTAG name="Digital Placement">
<CYPRESSTAG name="Detailed placement messages">
I2076: Total run-time: 0.6 sec.

</CYPRESSTAG>
<CYPRESSTAG name="PLD Packing">
<CYPRESSTAG name="PLD Packing Summary" expanded>

------------------------------------------------------------
PLD Packing Summary
------------------------------------------------------------
            Resource Type : Used : Free :  Max :  % Used
    ====================================================
                     PLDs :    4 :   44 :   48 :   8.33%

<CYPRESSTAG name="PLD Statistics">

        PLD Resource Type :     Average/LAB
    =======================================
                   Inputs :            2.50
                   Pterms :            1.75
               Macrocells :            1.75
</CYPRESSTAG>
<CYPRESSTAG name="Packed PLD Contents">
Packed PLD Contents not displayed at this verbose level.</CYPRESSTAG>
</CYPRESSTAG>
PLD Packing: Elapsed time ==> 0s.001ms
</CYPRESSTAG>
<CYPRESSTAG name="Partitioning">
<CYPRESSTAG name="Initial Partitioning Summary">
Initial Partitioning Summary not displayed at this verbose level.</CYPRESSTAG>
<CYPRESSTAG name="Final Partitioning Summary">
Final Partitioning Summary not displayed at this verbose level.</CYPRESSTAG>
Partitioning: Elapsed time ==> 0s.007ms
</CYPRESSTAG>
<CYPRESSTAG name="Final Placement Summary">

------------------------------------------------------------
Final Placement Summary
------------------------------------------------------------

       Resource Type :      Count : Avg Inputs : Avg Outputs
    ========================================================
                 UDB :          3 :       3.00 :       2.33
<CYPRESSTAG name="Final Placement Details">
<CYPRESSTAG name="Component Details">

------------------------------------------------------------
Component Placement Details
------------------------------------------------------------
UDB [UDB=(0,0)] is empty.
UDB [UDB=(0,1)] is empty.
UDB [UDB=(0,2)] is empty.
UDB [UDB=(0,3)] contents:
LAB@[UDB=(0,3)][LB=0] #macrocells=1, #inputs=2, #pterms=1
{
    [McSlotId=0]:     MacroCell: Name=Net_145, Mode=(D-Register) @ [UDB=(0,3)][LB=0][MC=0]
        Total # of inputs        : 2
        Total # of product terms : 1
        List of special equations: 
            Clock  = (Net_14) => Global
            Clock Enable: True
        Main Equation            : 1 pterm
        (
              \PWM_Switch_Timer:TimerUDB:control_7\ * 
              \PWM_Switch_Timer:TimerUDB:per_zero\
        );
        Output = Net_145 (fanout=1)
        Properties               : 
        {
        }

    [McSlotId=1]: (empty)
    [McSlotId=2]: (empty)
    [McSlotId=3]: (empty)
}

datapathcell: Name =\PWM_Switch_Timer:TimerUDB:sT16:timerdp:u0\
    PORT MAP (
        clock => Net_14 ,
        cs_addr_1 => \PWM_Switch_Timer:TimerUDB:control_7\ ,
        cs_addr_0 => \PWM_Switch_Timer:TimerUDB:per_zero\ ,
        chain_out => \PWM_Switch_Timer:TimerUDB:sT16:timerdp:carry\ );
    Properties:
    {
        a0_init = "00000000"
        a1_init = "00000000"
        ce0_sync = 1
        ce1_sync = 1
        cl0_sync = 1
        cl1_sync = 1
        cmsb_sync = 1
        co_msb_sync = 1
        cy_dpconfig = "0000000001000000000000000100000001000000010000000000000010000000000000001000000000000000100000000000000010000000000000001000000011111111000000001111111111111111000000000000000000000001000000000000000000011000"
        d0_init = "00000000"
        d1_init = "00000000"
        f0_blk_sync = 1
        f0_bus_sync = 1
        f1_blk_sync = 1
        f1_bus_sync = 1
        ff0_sync = 1
        ff1_sync = 1
        ov_msb_sync = 1
        so_sync = 1
        z0_sync = 1
        z1_sync = 1
    }
    Clock Polarity: Active High
    Clock Enable: True
    Next in chain : \PWM_Switch_Timer:TimerUDB:sT16:timerdp:u1\

UDB [UDB=(0,4)] is empty.
UDB [UDB=(0,5)] is empty.
UDB [UDB=(1,0)] is empty.
UDB [UDB=(1,1)] contents:
LAB@[UDB=(1,1)][LB=0] #macrocells=4, #inputs=4, #pterms=4
{
    [McSlotId=0]:     MacroCell: Name=\PWM_Modulator:PWMUDB:status_0\, Mode=(D-Register) @ [UDB=(1,1)][LB=0][MC=0]
        Total # of inputs        : 2
        Total # of product terms : 1
        List of special equations: 
            Clock  = (Net_46) => Global
            Clock Enable: True
        Main Equation            : 1 pterm
        (
              !\PWM_Modulator:PWMUDB:prevCompare1\ * 
              \PWM_Modulator:PWMUDB:cmp1_less\
        );
        Output = \PWM_Modulator:PWMUDB:status_0\ (fanout=1)
        Properties               : 
        {
        }

    [McSlotId=1]:     MacroCell: Name=\PWM_Modulator:PWMUDB:prevCompare1\, Mode=(D-Register) @ [UDB=(1,1)][LB=0][MC=1]
        Total # of inputs        : 1
        Total # of product terms : 1
        List of special equations: 
            Clock  = (Net_46) => Global
            Clock Enable: True
        Main Equation            : 1 pterm
        (
              \PWM_Modulator:PWMUDB:cmp1_less\
        );
        Output = \PWM_Modulator:PWMUDB:prevCompare1\ (fanout=1)
        Properties               : 
        {
        }

    [McSlotId=2]:     MacroCell: Name=Net_87, Mode=(D-Register) @ [UDB=(1,1)][LB=0][MC=2]
        Total # of inputs        : 2
        Total # of product terms : 1
        List of special equations: 
            Clock  = (Net_46) => Global
            Clock Enable: True
        Main Equation            : 1 pterm
        (
              \PWM_Modulator:PWMUDB:runmode_enable\ * 
              \PWM_Modulator:PWMUDB:cmp1_less\
        );
        Output = Net_87 (fanout=1)
        Properties               : 
        {
        }

    [McSlotId=3]:     MacroCell: Name=\PWM_Modulator:PWMUDB:runmode_enable\, Mode=(D-Register) @ [UDB=(1,1)][LB=0][MC=3]
        Total # of inputs        : 1
        Total # of product terms : 1
        List of special equations: 
            Clock  = (Net_46) => Global
            Clock Enable: True
        Main Equation            : 1 pterm
        (
              \PWM_Modulator:PWMUDB:control_7\
        );
        Output = \PWM_Modulator:PWMUDB:runmode_enable\ (fanout=3)
        Properties               : 
        {
        }
}

LAB@[UDB=(1,1)][LB=1] #macrocells=1, #inputs=2, #pterms=1
{
    [McSlotId=0]:     MacroCell: Name=\PWM_Modulator:PWMUDB:status_2\, Mode=(Combinatorial) @ [UDB=(1,1)][LB=1][MC=0]
        Total # of inputs        : 2
        Total # of product terms : 1
            Clock Enable: True
        Main Equation            : 1 pterm
        (
              \PWM_Modulator:PWMUDB:runmode_enable\ * 
              \PWM_Modulator:PWMUDB:tc_i\
        );
        Output = \PWM_Modulator:PWMUDB:status_2\ (fanout=1)
        Properties               : 
        {
        }

    [McSlotId=1]: (empty)
    [McSlotId=2]: (empty)
    [McSlotId=3]: (empty)
}

datapathcell: Name =\PWM_Modulator:PWMUDB:sP8:pwmdp:u0\
    PORT MAP (
        clock => Net_46 ,
        cs_addr_2 => \PWM_Modulator:PWMUDB:tc_i\ ,
        cs_addr_1 => \PWM_Modulator:PWMUDB:runmode_enable\ ,
        cl0_comb => \PWM_Modulator:PWMUDB:cmp1_less\ ,
        z0_comb => \PWM_Modulator:PWMUDB:tc_i\ ,
        f1_blk_stat_comb => \PWM_Modulator:PWMUDB:status_3\ );
    Properties:
    {
        a0_init = "00000000"
        a1_init = "00000000"
        ce0_sync = 1
        ce1_sync = 1
        cl0_sync = 1
        cl1_sync = 1
        cmsb_sync = 1
        co_msb_sync = 1
        cy_dpconfig = "0000000001000000000000001100000001000000010000000000000011000000000000001100000000000000110000000000000011000000000000001100000011111111000000001111111111111111101000000000000000000100000000000000000000011000"
        d0_init = "00000000"
        d1_init = "00000000"
        f0_blk_sync = 1
        f0_bus_sync = 1
        f1_blk_sync = 1
        f1_bus_sync = 1
        ff0_sync = 1
        ff1_sync = 1
        ov_msb_sync = 1
        so_sync = 1
        z0_sync = 1
        z1_sync = 1
    }
    Clock Polarity: Active High
    Clock Enable: True

statusicell: Name =\PWM_Modulator:PWMUDB:genblk8:stsreg\
    PORT MAP (
        clock => Net_46 ,
        status_3 => \PWM_Modulator:PWMUDB:status_3\ ,
        status_2 => \PWM_Modulator:PWMUDB:status_2\ ,
        status_0 => \PWM_Modulator:PWMUDB:status_0\ );
    Properties:
    {
        cy_force_order = 1
        cy_int_mask = "1111111"
        cy_md_select = "0100111"
    }
    Clock Polarity: Active High
    Clock Enable: True

controlcell: Name =\PWM_Modulator:PWMUDB:genblk1:ctrlreg\
    PORT MAP (
        clock => Net_46 ,
        control_7 => \PWM_Modulator:PWMUDB:control_7\ ,
        control_6 => \PWM_Modulator:PWMUDB:control_6\ ,
        control_5 => \PWM_Modulator:PWMUDB:control_5\ ,
        control_4 => \PWM_Modulator:PWMUDB:control_4\ ,
        control_3 => \PWM_Modulator:PWMUDB:control_3\ ,
        control_2 => \PWM_Modulator:PWMUDB:control_2\ ,
        control_1 => \PWM_Modulator:PWMUDB:control_1\ ,
        control_0 => \PWM_Modulator:PWMUDB:control_0\ );
    Properties:
    {
        cy_ctrl_mode_0 = "11111111"
        cy_ctrl_mode_1 = "00000000"
        cy_ext_reset = 0
        cy_force_order = 1
        cy_init_value = "00000000"
    }
    Clock Polarity: Active High
    Clock Enable: True

UDB [UDB=(1,2)] is empty.
UDB [UDB=(1,3)] contents:
LAB@[UDB=(1,3)][LB=0] #macrocells=1, #inputs=2, #pterms=1
{
    [McSlotId=0]: (empty)
    [McSlotId=1]:     MacroCell: Name=\PWM_Switch_Timer:TimerUDB:status_tc\, Mode=(Combinatorial) @ [UDB=(1,3)][LB=0][MC=1]
        Total # of inputs        : 2
        Total # of product terms : 1
            Clock Enable: True
        Main Equation            : 1 pterm
        (
              \PWM_Switch_Timer:TimerUDB:control_7\ * 
              \PWM_Switch_Timer:TimerUDB:per_zero\
        );
        Output = \PWM_Switch_Timer:TimerUDB:status_tc\ (fanout=1)
        Properties               : 
        {
        }

    [McSlotId=2]: (empty)
    [McSlotId=3]: (empty)
}

datapathcell: Name =\PWM_Switch_Timer:TimerUDB:sT16:timerdp:u1\
    PORT MAP (
        clock => Net_14 ,
        cs_addr_1 => \PWM_Switch_Timer:TimerUDB:control_7\ ,
        cs_addr_0 => \PWM_Switch_Timer:TimerUDB:per_zero\ ,
        z0_comb => \PWM_Switch_Timer:TimerUDB:per_zero\ ,
        f0_bus_stat_comb => \PWM_Switch_Timer:TimerUDB:status_3\ ,
        f0_blk_stat_comb => \PWM_Switch_Timer:TimerUDB:status_2\ ,
        chain_in => \PWM_Switch_Timer:TimerUDB:sT16:timerdp:carry\ );
    Properties:
    {
        a0_init = "00000000"
        a1_init = "00000000"
        ce0_sync = 1
        ce1_sync = 1
        cl0_sync = 1
        cl1_sync = 1
        cmsb_sync = 1
        co_msb_sync = 1
        cy_dpconfig = "0000000001000000000000000100000001000000010000000000000010000000000000001000000000000000100000000000000010000000000000001000000011111111000000001111111111111111100000110000000000000001000000110000000000011000"
        d0_init = "00000000"
        d1_init = "00000000"
        f0_blk_sync = 1
        f0_bus_sync = 1
        f1_blk_sync = 1
        f1_bus_sync = 1
        ff0_sync = 1
        ff1_sync = 1
        ov_msb_sync = 1
        so_sync = 1
        z0_sync = 1
        z1_sync = 1
    }
    Clock Polarity: Active High
    Clock Enable: True
    Previous in chain : \PWM_Switch_Timer:TimerUDB:sT16:timerdp:u0\

statusicell: Name =\PWM_Switch_Timer:TimerUDB:rstSts:stsreg\
    PORT MAP (
        clock => Net_14 ,
        status_3 => \PWM_Switch_Timer:TimerUDB:status_3\ ,
        status_2 => \PWM_Switch_Timer:TimerUDB:status_2\ ,
        status_0 => \PWM_Switch_Timer:TimerUDB:status_tc\ );
    Properties:
    {
        cy_force_order = 1
        cy_int_mask = "1111111"
        cy_md_select = "0000011"
    }
    Clock Polarity: Active High
    Clock Enable: True

controlcell: Name =\PWM_Switch_Timer:TimerUDB:sCTRLReg:SyncCtl:ctrlreg\
    PORT MAP (
        clock => Net_14 ,
        control_7 => \PWM_Switch_Timer:TimerUDB:control_7\ ,
        control_6 => \PWM_Switch_Timer:TimerUDB:control_6\ ,
        control_5 => \PWM_Switch_Timer:TimerUDB:control_5\ ,
        control_4 => \PWM_Switch_Timer:TimerUDB:control_4\ ,
        control_3 => \PWM_Switch_Timer:TimerUDB:control_3\ ,
        control_2 => \PWM_Switch_Timer:TimerUDB:control_2\ ,
        control_1 => \PWM_Switch_Timer:TimerUDB:control_1\ ,
        control_0 => \PWM_Switch_Timer:TimerUDB:control_0\ );
    Properties:
    {
        cy_ctrl_mode_0 = "11111111"
        cy_ctrl_mode_1 = "00000000"
        cy_ext_reset = 0
        cy_force_order = 1
        cy_init_value = "00000000"
    }
    Clock Polarity: Active High
    Clock Enable: True

UDB [UDB=(1,4)] is empty.
UDB [UDB=(1,5)] is empty.
UDB [UDB=(2,0)] is empty.
UDB [UDB=(2,1)] is empty.
UDB [UDB=(2,2)] is empty.
UDB [UDB=(2,3)] is empty.
UDB [UDB=(2,4)] is empty.
UDB [UDB=(2,5)] is empty.
UDB [UDB=(3,0)] is empty.
UDB [UDB=(3,1)] is empty.
UDB [UDB=(3,2)] is empty.
UDB [UDB=(3,3)] is empty.
UDB [UDB=(3,4)] is empty.
UDB [UDB=(3,5)] is empty.
Intr container @ [IntrContainer=(0)]: 
  Intr@ [IntrContainer=(0)][IntrId=(0)] 
    interrupt: Name =isr_sec
        PORT MAP (
            interrupt => Net_145 );
        Properties:
        {
            int_type = "10"
            is_nmi = 0
        }
Drq container @ [DrqContainer=(0)]: empty
Port 0 contains the following IO cells:
Port 1 contains the following IO cells:
[IoId=2]: 
Pin : Name = PWM_Out(0)
    Attributes:
        In Group/Port: True
        In Sync Option: AUTO
        Out Sync Option: NOSYNC
        Interrupt generated: False
        Interrupt mode: NONE
        Drive mode: CMOS_OUT
        VTrip: EITHER
        Slew: FAST
        Input Sync needed: False
        Output Sync needed: False
        SC shield enabled: False
        POR State: ANY
        LCD Mode: COMMON
        Register Mode: RegComb
        CaSense Mode: NEITHER
        Treat as pin: True
        Is OE Registered: False
        Uses Analog: False
        Can contain Digital: True
        Is SIO: False
        SIO Output Buf: NONREGULATED
        SIO Input Buf: SINGLE_ENDED
        SIO HiFreq: LOW
        SIO Hyst: DISABLED
        SIO Vtrip: MULTIPLIER_0_5
        SIO Multiplier Index: 0
        SIO RefSel: VCC_IO
        Required Capabilities: DIGITAL, ROUTABLE
        Initial Value: 0
        IO Voltage: 0
    PORT MAP (
        pa_out => PWM_Out(0)__PA ,
        pin_input => Net_87 ,
        pad => PWM_Out(0)_PAD );
    Properties:
    {
    }

[IoId=7]: 
Pin : Name = HighVoltage(0)
    Attributes:
        In Group/Port: True
        In Sync Option: AUTO
        Out Sync Option: NOSYNC
        Interrupt generated: False
        Interrupt mode: NONE
        Drive mode: CMOS_OUT
        VTrip: EITHER
        Slew: FAST
        Input Sync needed: False
        Output Sync needed: False
        SC shield enabled: False
        POR State: ANY
        LCD Mode: COMMON
        Register Mode: RegComb
        CaSense Mode: NEITHER
        Treat as pin: True
        Is OE Registered: False
        Uses Analog: False
        Can contain Digital: True
        Is SIO: False
        SIO Output Buf: NONREGULATED
        SIO Input Buf: SINGLE_ENDED
        SIO HiFreq: LOW
        SIO Hyst: DISABLED
        SIO Vtrip: MULTIPLIER_0_5
        SIO Multiplier Index: 0
        SIO RefSel: VCC_IO
        Required Capabilities: DIGITAL
        Initial Value: 0
        IO Voltage: 0
    PORT MAP (
        pa_out => HighVoltage(0)__PA ,
        pad => HighVoltage(0)_PAD );
    Properties:
    {
    }

Port 2 contains the following IO cells:
[IoId=6]: 
Pin : Name = SignalBase(0)
    Attributes:
        In Group/Port: True
        In Sync Option: AUTO
        Out Sync Option: NOSYNC
        Interrupt generated: False
        Interrupt mode: NONE
        Drive mode: CMOS_OUT
        VTrip: EITHER
        Slew: FAST
        Input Sync needed: False
        Output Sync needed: False
        SC shield enabled: False
        POR State: ANY
        LCD Mode: COMMON
        Register Mode: RegComb
        CaSense Mode: NEITHER
        Treat as pin: True
        Is OE Registered: False
        Uses Analog: False
        Can contain Digital: True
        Is SIO: False
        SIO Output Buf: NONREGULATED
        SIO Input Buf: SINGLE_ENDED
        SIO HiFreq: LOW
        SIO Hyst: DISABLED
        SIO Vtrip: MULTIPLIER_0_5
        SIO Multiplier Index: 0
        SIO RefSel: VCC_IO
        Required Capabilities: DIGITAL
        Initial Value: 0
        IO Voltage: 0
    PORT MAP (
        pa_out => SignalBase(0)__PA ,
        pad => SignalBase(0)_PAD );
    Properties:
    {
    }

Port 3 contains the following IO cells:
Port 12 contains the following IO cells:
Port 15 contains the following IO cells:
ARM group 0: empty
CAN group 0: empty
Cache group 0: empty
CapSense group 0: empty
Clock group 0: 
    Clock Block @ F(Clock,0): 
    clockblockcell: Name =ClockBlock
        PORT MAP (
            imo => ClockBlock_IMO ,
            pllout => ClockBlock_PLL_OUT ,
            ilo => ClockBlock_ILO ,
            clk_100k => ClockBlock_100k ,
            clk_1k => ClockBlock_1k ,
            clk_32k => ClockBlock_32k ,
            xtal => ClockBlock_XTAL ,
            clk_32k_xtal => ClockBlock_XTAL_32KHZ ,
            clk_sync => ClockBlock_MASTER_CLK ,
            clk_bus_glb => ClockBlock_BUS_CLK ,
            clk_bus => ClockBlock_BUS_CLK_local ,
            dclk_glb_0 => Net_46 ,
            dclk_0 => Net_46_local ,
            dclk_glb_1 => Net_14 ,
            dclk_1 => Net_14_local );
        Properties:
        {
        }
Comparator group 0: empty
DFB group 0: empty
DSM group 0: empty
Decimator group 0: empty
EMIF group 0: empty
I2C group 0: empty
LCD group 0: empty
LVD group 0: empty
PICU group 0: empty
PM group 0: empty
SC group 0: empty
SPC group 0: empty
Timer group 0: empty
USB group 0: empty
VIDAC group 0: empty
OpAmp group 0: empty
CsAbuf group 0: empty
Vref group 0: empty
LPF group 0: empty
SAR group 0: empty
ANAIF group 0: empty
PHUB group 0: empty
</CYPRESSTAG>
<CYPRESSTAG name="Port Configuration Details">

------------------------------------------------------------
Port Configuration report
------------------------------------------------------------
     |     |       | Interrupt |                  |                | 
Port | Pin | Fixed |      Type |       Drive Mode |           Name | Connections
-----+-----+-------+-----------+------------------+----------------+------------
   1 |   2 |     * |      NONE |         CMOS_OUT |     PWM_Out(0) | In(Net_87)
     |   7 |     * |      NONE |         CMOS_OUT | HighVoltage(0) | 
-----+-----+-------+-----------+------------------+----------------+------------
   2 |   6 |     * |      NONE |         CMOS_OUT |  SignalBase(0) | 
--------------------------------------------------------------------------------
</CYPRESSTAG>
</CYPRESSTAG>
</CYPRESSTAG>
Digital component placer commit/Report: Elapsed time ==> 0s.015ms
Digital Placement phase: Elapsed time ==> 0s.945ms
</CYPRESSTAG>
<CYPRESSTAG name="Digital Routing">
"C:\Program Files (x86)\Cypress\PSoC Creator\4.1\PSoC Creator\bin/sjrouter.exe" --xml-path "C:\Program Files (x86)\Cypress\PSoC Creator\4.1\PSoC Creator\dev\psoc5/psoc5lp/route_arch-rrg.cydata" --vh2-path "CrabsTransmit_r.vh2" --pcf-path "CrabsTransmit.pco" --des-name "CrabsTransmit" --dsf-path "CrabsTransmit.dsf" --sdc-path "CrabsTransmit.sdc" --lib-path "CrabsTransmit_r.lib"
Routing successful.
Digital Routing phase: Elapsed time ==> 1s.362ms
</CYPRESSTAG>
<CYPRESSTAG name="Bitstream Generation">
Bitstream Generation phase: Elapsed time ==> 0s.247ms
</CYPRESSTAG>
<CYPRESSTAG name="Bitstream Verification">
Bitstream Verification phase: Elapsed time ==> 0s.037ms
</CYPRESSTAG>
<CYPRESSTAG name="Static timing analysis">
Timing report is in CrabsTransmit_timing.html.
Static timing analysis phase: Elapsed time ==> 0s.318ms
</CYPRESSTAG>
<CYPRESSTAG name="Data reporting">
Data reporting phase: Elapsed time ==> 0s.000ms
</CYPRESSTAG>
<CYPRESSTAG name="Database update...">
Design database save phase: Elapsed time ==> 0s.201ms
</CYPRESSTAG>
cydsfit: Elapsed time ==> 3s.625ms
</CYPRESSTAG>
Fitter phase: Elapsed time ==> 3s.625ms
API generation phase: Elapsed time ==> 1s.067ms
Dependency generation phase: Elapsed time ==> 0s.031ms
Cleanup phase: Elapsed time ==> 0s.000ms
