ARM GAS  C:\Users\sdysart\AppData\Local\Temp\ccZRln2e.s 			page 1


   1              		.syntax unified
   2              		.cpu cortex-m3
   3              		.fpu softvfp
   4              		.eabi_attribute 20, 1
   5              		.eabi_attribute 21, 1
   6              		.eabi_attribute 23, 3
   7              		.eabi_attribute 24, 1
   8              		.eabi_attribute 25, 1
   9              		.eabi_attribute 26, 1
  10              		.eabi_attribute 30, 1
  11              		.eabi_attribute 34, 1
  12              		.eabi_attribute 18, 4
  13              		.thumb
  14              		.syntax unified
  15              		.file	"cymetadata.c"
  16              		.text
  17              	.Ltext0:
  18              		.cfi_sections	.debug_frame
  19              		.global	cy_metadata
  20              		.global	cy_meta_flashprotect
  21              		.global	cy_meta_wonvl
  22              		.global	cy_meta_custnvl
  23              		.global	cy_meta_configecc
  24              		.section	.cyconfigecc,"a",%progbits
  25              		.align	2
  26              		.type	cy_meta_configecc, %object
  27              		.size	cy_meta_configecc, 932
  28              	cy_meta_configecc:
  29 0000 03       		.byte	3
  30 0001 52       		.byte	82
  31 0002 00       		.byte	0
  32 0003 40       		.byte	64
  33 0004 01       		.byte	1
  34 0005 64       		.byte	100
  35 0006 00       		.byte	0
  36 0007 40       		.byte	64
  37 0008 01       		.byte	1
  38 0009 65       		.byte	101
  39 000a 00       		.byte	0
  40 000b 40       		.byte	64
  41 000c 2E       		.byte	46
  42 000d 02       		.byte	2
  43 000e 01       		.byte	1
  44 000f 40       		.byte	64
  45 0010 11       		.byte	17
  46 0011 03       		.byte	3
  47 0012 01       		.byte	1
  48 0013 40       		.byte	64
  49 0014 33       		.byte	51
  50 0015 04       		.byte	4
  51 0016 01       		.byte	1
  52 0017 40       		.byte	64
  53 0018 1F       		.byte	31
  54 0019 05       		.byte	5
  55 001a 01       		.byte	1
  56 001b 40       		.byte	64
  57 001c 07       		.byte	7
ARM GAS  C:\Users\sdysart\AppData\Local\Temp\ccZRln2e.s 			page 2


  58 001d 07       		.byte	7
  59 001e 01       		.byte	1
  60 001f 40       		.byte	64
  61 0020 01       		.byte	1
  62 0021 0D       		.byte	13
  63 0022 01       		.byte	1
  64 0023 40       		.byte	64
  65 0024 3C       		.byte	60
  66 0025 14       		.byte	20
  67 0026 01       		.byte	1
  68 0027 40       		.byte	64
  69 0028 1F       		.byte	31
  70 0029 15       		.byte	21
  71 002a 01       		.byte	1
  72 002b 40       		.byte	64
  73 002c 46       		.byte	70
  74 002d 16       		.byte	22
  75 002e 01       		.byte	1
  76 002f 40       		.byte	64
  77 0030 23       		.byte	35
  78 0031 17       		.byte	23
  79 0032 01       		.byte	1
  80 0033 40       		.byte	64
  81 0034 02       		.byte	2
  82 0035 40       		.byte	64
  83 0036 01       		.byte	1
  84 0037 40       		.byte	64
  85 0038 09       		.byte	9
  86 0039 41       		.byte	65
  87 003a 01       		.byte	1
  88 003b 40       		.byte	64
  89 003c 05       		.byte	5
  90 003d 42       		.byte	66
  91 003e 01       		.byte	1
  92 003f 40       		.byte	64
  93 0040 04       		.byte	4
  94 0041 43       		.byte	67
  95 0042 01       		.byte	1
  96 0043 40       		.byte	64
  97 0044 02       		.byte	2
  98 0045 44       		.byte	68
  99 0046 01       		.byte	1
 100 0047 40       		.byte	64
 101 0048 02       		.byte	2
 102 0049 45       		.byte	69
 103 004a 01       		.byte	1
 104 004b 40       		.byte	64
 105 004c 02       		.byte	2
 106 004d 48       		.byte	72
 107 004e 01       		.byte	1
 108 004f 40       		.byte	64
 109 0050 0E       		.byte	14
 110 0051 49       		.byte	73
 111 0052 01       		.byte	1
 112 0053 40       		.byte	64
 113 0054 08       		.byte	8
 114 0055 50       		.byte	80
ARM GAS  C:\Users\sdysart\AppData\Local\Temp\ccZRln2e.s 			page 3


 115 0056 01       		.byte	1
 116 0057 40       		.byte	64
 117 0058 01       		.byte	1
 118 0059 51       		.byte	81
 119 005a 01       		.byte	1
 120 005b 40       		.byte	64
 121 005c 00       		.byte	0
 122 005d 42       		.byte	66
 123 005e 18       		.byte	24
 124 005f 50       		.byte	80
 125 0060 19       		.byte	25
 126 0061 44       		.byte	68
 127 0062 85       		.byte	-123
 128 0063 0D       		.byte	13
 129 0064 87       		.byte	-121
 130 0065 0D       		.byte	13
 131 0066 40       		.byte	64
 132 0067 60       		.byte	96
 133 0068 41       		.byte	65
 134 0069 05       		.byte	5
 135 006a 49       		.byte	73
 136 006b FF       		.byte	-1
 137 006c 4A       		.byte	74
 138 006d FF       		.byte	-1
 139 006e 4B       		.byte	75
 140 006f FF       		.byte	-1
 141 0070 4D       		.byte	77
 142 0071 A0       		.byte	-96
 143 0072 4F       		.byte	79
 144 0073 04       		.byte	4
 145 0074 50       		.byte	80
 146 0075 18       		.byte	24
 147 0076 5A       		.byte	90
 148 0077 0B       		.byte	11
 149 0078 5D       		.byte	93
 150 0079 09       		.byte	9
 151 007a 5F       		.byte	95
 152 007b 01       		.byte	1
 153 007c 60       		.byte	96
 154 007d 40       		.byte	64
 155 007e 62       		.byte	98
 156 007f C0       		.byte	-64
 157 0080 64       		.byte	100
 158 0081 40       		.byte	64
 159 0082 65       		.byte	101
 160 0083 40       		.byte	64
 161 0084 66       		.byte	102
 162 0085 C0       		.byte	-64
 163 0086 68       		.byte	104
 164 0087 C0       		.byte	-64
 165 0088 6A       		.byte	106
 166 0089 C0       		.byte	-64
 167 008a 6C       		.byte	108
 168 008b C0       		.byte	-64
 169 008c 6E       		.byte	110
 170 008d C0       		.byte	-64
 171 008e C0       		.byte	-64
ARM GAS  C:\Users\sdysart\AppData\Local\Temp\ccZRln2e.s 			page 4


 172 008f 20       		.byte	32
 173 0090 C1       		.byte	-63
 174 0091 05       		.byte	5
 175 0092 C5       		.byte	-59
 176 0093 D0       		.byte	-48
 177 0094 C7       		.byte	-57
 178 0095 21       		.byte	33
 179 0096 C8       		.byte	-56
 180 0097 32       		.byte	50
 181 0098 C9       		.byte	-55
 182 0099 FF       		.byte	-1
 183 009a CA       		.byte	-54
 184 009b FF       		.byte	-1
 185 009c CB       		.byte	-53
 186 009d FF       		.byte	-1
 187 009e CD       		.byte	-51
 188 009f AF       		.byte	-81
 189 00a0 CE       		.byte	-50
 190 00a1 0F       		.byte	15
 191 00a2 CF       		.byte	-49
 192 00a3 04       		.byte	4
 193 00a4 D0       		.byte	-48
 194 00a5 18       		.byte	24
 195 00a6 D6       		.byte	-42
 196 00a7 08       		.byte	8
 197 00a8 DA       		.byte	-38
 198 00a9 0B       		.byte	11
 199 00aa DB       		.byte	-37
 200 00ab 04       		.byte	4
 201 00ac DD       		.byte	-35
 202 00ad 99       		.byte	-103
 203 00ae DF       		.byte	-33
 204 00af 01       		.byte	1
 205 00b0 E0       		.byte	-32
 206 00b1 40       		.byte	64
 207 00b2 E2       		.byte	-30
 208 00b3 C0       		.byte	-64
 209 00b4 E4       		.byte	-28
 210 00b5 40       		.byte	64
 211 00b6 E5       		.byte	-27
 212 00b7 40       		.byte	64
 213 00b8 E6       		.byte	-26
 214 00b9 C0       		.byte	-64
 215 00ba E8       		.byte	-24
 216 00bb C0       		.byte	-64
 217 00bc EA       		.byte	-22
 218 00bd C0       		.byte	-64
 219 00be EC       		.byte	-20
 220 00bf C0       		.byte	-64
 221 00c0 EE       		.byte	-18
 222 00c1 C0       		.byte	-64
 223 00c2 40       		.byte	64
 224 00c3 04       		.byte	4
 225 00c4 49       		.byte	73
 226 00c5 02       		.byte	2
 227 00c6 4A       		.byte	74
 228 00c7 02       		.byte	2
ARM GAS  C:\Users\sdysart\AppData\Local\Temp\ccZRln2e.s 			page 5


 229 00c8 4E       		.byte	78
 230 00c9 06       		.byte	6
 231 00ca 50       		.byte	80
 232 00cb 08       		.byte	8
 233 00cc 52       		.byte	82
 234 00cd 02       		.byte	2
 235 00ce 5B       		.byte	91
 236 00cf 80       		.byte	-128
 237 00d0 60       		.byte	96
 238 00d1 02       		.byte	2
 239 00d2 62       		.byte	98
 240 00d3 80       		.byte	-128
 241 00d4 78       		.byte	120
 242 00d5 02       		.byte	2
 243 00d6 7E       		.byte	126
 244 00d7 80       		.byte	-128
 245 00d8 D0       		.byte	-48
 246 00d9 04       		.byte	4
 247 00da D2       		.byte	-46
 248 00db 38       		.byte	56
 249 00dc D6       		.byte	-42
 250 00dd 08       		.byte	8
 251 00de D8       		.byte	-40
 252 00df 08       		.byte	8
 253 00e0 DE       		.byte	-34
 254 00e1 81       		.byte	-127
 255 00e2 E6       		.byte	-26
 256 00e3 04       		.byte	4
 257 00e4 1F       		.byte	31
 258 00e5 01       		.byte	1
 259 00e6 23       		.byte	35
 260 00e7 01       		.byte	1
 261 00e8 31       		.byte	49
 262 00e9 01       		.byte	1
 263 00ea 40       		.byte	64
 264 00eb 51       		.byte	81
 265 00ec 49       		.byte	73
 266 00ed FF       		.byte	-1
 267 00ee 4A       		.byte	74
 268 00ef FF       		.byte	-1
 269 00f0 4B       		.byte	75
 270 00f1 FF       		.byte	-1
 271 00f2 4F       		.byte	79
 272 00f3 01       		.byte	1
 273 00f4 50       		.byte	80
 274 00f5 18       		.byte	24
 275 00f6 59       		.byte	89
 276 00f7 04       		.byte	4
 277 00f8 5A       		.byte	90
 278 00f9 04       		.byte	4
 279 00fa 5F       		.byte	95
 280 00fb 01       		.byte	1
 281 00fc 60       		.byte	96
 282 00fd 40       		.byte	64
 283 00fe 62       		.byte	98
 284 00ff 40       		.byte	64
 285 0100 64       		.byte	100
ARM GAS  C:\Users\sdysart\AppData\Local\Temp\ccZRln2e.s 			page 6


 286 0101 40       		.byte	64
 287 0102 65       		.byte	101
 288 0103 40       		.byte	64
 289 0104 66       		.byte	102
 290 0105 80       		.byte	-128
 291 0106 68       		.byte	104
 292 0107 80       		.byte	-128
 293 0108 6A       		.byte	106
 294 0109 80       		.byte	-128
 295 010a 6C       		.byte	108
 296 010b 80       		.byte	-128
 297 010c 6E       		.byte	110
 298 010d 80       		.byte	-128
 299 010e 92       		.byte	-110
 300 010f 01       		.byte	1
 301 0110 AE       		.byte	-82
 302 0111 01       		.byte	1
 303 0112 B0       		.byte	-80
 304 0113 01       		.byte	1
 305 0114 BE       		.byte	-66
 306 0115 01       		.byte	1
 307 0116 C0       		.byte	-64
 308 0117 15       		.byte	21
 309 0118 C5       		.byte	-59
 310 0119 EC       		.byte	-20
 311 011a C6       		.byte	-58
 312 011b 02       		.byte	2
 313 011c C8       		.byte	-56
 314 011d 07       		.byte	7
 315 011e C9       		.byte	-55
 316 011f FF       		.byte	-1
 317 0120 CA       		.byte	-54
 318 0121 FF       		.byte	-1
 319 0122 CB       		.byte	-53
 320 0123 FF       		.byte	-1
 321 0124 CD       		.byte	-51
 322 0125 83       		.byte	-125
 323 0126 CE       		.byte	-50
 324 0127 03       		.byte	3
 325 0128 CF       		.byte	-49
 326 0129 01       		.byte	1
 327 012a D0       		.byte	-48
 328 012b 18       		.byte	24
 329 012c D2       		.byte	-46
 330 012d 80       		.byte	-128
 331 012e D4       		.byte	-44
 332 012f 01       		.byte	1
 333 0130 D8       		.byte	-40
 334 0131 04       		.byte	4
 335 0132 DA       		.byte	-38
 336 0133 04       		.byte	4
 337 0134 DB       		.byte	-37
 338 0135 04       		.byte	4
 339 0136 DF       		.byte	-33
 340 0137 01       		.byte	1
 341 0138 E0       		.byte	-32
 342 0139 40       		.byte	64
ARM GAS  C:\Users\sdysart\AppData\Local\Temp\ccZRln2e.s 			page 7


 343 013a E2       		.byte	-30
 344 013b 40       		.byte	64
 345 013c E4       		.byte	-28
 346 013d 40       		.byte	64
 347 013e E5       		.byte	-27
 348 013f 40       		.byte	64
 349 0140 E6       		.byte	-26
 350 0141 80       		.byte	-128
 351 0142 E8       		.byte	-24
 352 0143 80       		.byte	-128
 353 0144 EA       		.byte	-22
 354 0145 80       		.byte	-128
 355 0146 EC       		.byte	-20
 356 0147 80       		.byte	-128
 357 0148 EE       		.byte	-18
 358 0149 80       		.byte	-128
 359 014a 0F       		.byte	15
 360 014b 80       		.byte	-128
 361 014c 17       		.byte	23
 362 014d 40       		.byte	64
 363 014e 1E       		.byte	30
 364 014f 80       		.byte	-128
 365 0150 21       		.byte	33
 366 0151 01       		.byte	1
 367 0152 2B       		.byte	43
 368 0153 80       		.byte	-128
 369 0154 33       		.byte	51
 370 0155 40       		.byte	64
 371 0156 43       		.byte	67
 372 0157 80       		.byte	-128
 373 0158 47       		.byte	71
 374 0159 40       		.byte	64
 375 015a 48       		.byte	72
 376 015b 01       		.byte	1
 377 015c 4D       		.byte	77
 378 015d 04       		.byte	4
 379 015e 4F       		.byte	79
 380 015f 81       		.byte	-127
 381 0160 57       		.byte	87
 382 0161 C0       		.byte	-64
 383 0162 5D       		.byte	93
 384 0163 04       		.byte	4
 385 0164 5E       		.byte	94
 386 0165 80       		.byte	-128
 387 0166 5F       		.byte	95
 388 0167 01       		.byte	1
 389 0168 74       		.byte	116
 390 0169 01       		.byte	1
 391 016a 77       		.byte	119
 392 016b 40       		.byte	64
 393 016c 94       		.byte	-108
 394 016d 04       		.byte	4
 395 016e 96       		.byte	-106
 396 016f 08       		.byte	8
 397 0170 98       		.byte	-104
 398 0171 02       		.byte	2
 399 0172 99       		.byte	-103
ARM GAS  C:\Users\sdysart\AppData\Local\Temp\ccZRln2e.s 			page 8


 400 0173 02       		.byte	2
 401 0174 A0       		.byte	-96
 402 0175 08       		.byte	8
 403 0176 A2       		.byte	-94
 404 0177 02       		.byte	2
 405 0178 AF       		.byte	-81
 406 0179 80       		.byte	-128
 407 017a C2       		.byte	-62
 408 017b 10       		.byte	16
 409 017c C4       		.byte	-60
 410 017d 80       		.byte	-128
 411 017e CA       		.byte	-54
 412 017f 01       		.byte	1
 413 0180 CC       		.byte	-52
 414 0181 08       		.byte	8
 415 0182 D0       		.byte	-48
 416 0183 18       		.byte	24
 417 0184 D2       		.byte	-46
 418 0185 18       		.byte	24
 419 0186 D6       		.byte	-42
 420 0187 D0       		.byte	-48
 421 0188 94       		.byte	-108
 422 0189 04       		.byte	4
 423 018a 96       		.byte	-106
 424 018b 08       		.byte	8
 425 018c 98       		.byte	-104
 426 018d 02       		.byte	2
 427 018e 99       		.byte	-103
 428 018f 02       		.byte	2
 429 0190 A0       		.byte	-96
 430 0191 08       		.byte	8
 431 0192 A2       		.byte	-94
 432 0193 02       		.byte	2
 433 0194 AD       		.byte	-83
 434 0195 01       		.byte	1
 435 0196 E6       		.byte	-26
 436 0197 04       		.byte	4
 437 0198 41       		.byte	65
 438 0199 05       		.byte	5
 439 019a 44       		.byte	68
 440 019b 04       		.byte	4
 441 019c 47       		.byte	71
 442 019d B0       		.byte	-80
 443 019e 48       		.byte	72
 444 019f 20       		.byte	32
 445 01a0 49       		.byte	73
 446 01a1 FF       		.byte	-1
 447 01a2 4A       		.byte	74
 448 01a3 FF       		.byte	-1
 449 01a4 4B       		.byte	75
 450 01a5 FF       		.byte	-1
 451 01a6 4C       		.byte	76
 452 01a7 EF       		.byte	-17
 453 01a8 4D       		.byte	77
 454 01a9 55       		.byte	85
 455 01aa 4E       		.byte	78
 456 01ab 70       		.byte	112
ARM GAS  C:\Users\sdysart\AppData\Local\Temp\ccZRln2e.s 			page 9


 457 01ac 4F       		.byte	79
 458 01ad 48       		.byte	72
 459 01ae 50       		.byte	80
 460 01af 1C       		.byte	28
 461 01b0 5A       		.byte	90
 462 01b1 04       		.byte	4
 463 01b2 5B       		.byte	91
 464 01b3 04       		.byte	4
 465 01b4 5D       		.byte	93
 466 01b5 11       		.byte	17
 467 01b6 5F       		.byte	95
 468 01b7 01       		.byte	1
 469 01b8 61       		.byte	97
 470 01b9 08       		.byte	8
 471 01ba 63       		.byte	99
 472 01bb 08       		.byte	8
 473 01bc 65       		.byte	101
 474 01bd 08       		.byte	8
 475 01be 67       		.byte	103
 476 01bf 08       		.byte	8
 477 01c0 68       		.byte	104
 478 01c1 50       		.byte	80
 479 01c2 69       		.byte	105
 480 01c3 0A       		.byte	10
 481 01c4 6A       		.byte	106
 482 01c5 40       		.byte	64
 483 01c6 6B       		.byte	107
 484 01c7 A8       		.byte	-88
 485 01c8 6C       		.byte	108
 486 01c9 C0       		.byte	-64
 487 01ca 6E       		.byte	110
 488 01cb 40       		.byte	64
 489 01cc 6F       		.byte	111
 490 01cd A8       		.byte	-88
 491 01ce 8D       		.byte	-115
 492 01cf 01       		.byte	1
 493 01d0 8F       		.byte	-113
 494 01d1 02       		.byte	2
 495 01d2 AD       		.byte	-83
 496 01d3 02       		.byte	2
 497 01d4 AF       		.byte	-81
 498 01d5 01       		.byte	1
 499 01d6 B7       		.byte	-73
 500 01d7 03       		.byte	3
 501 01d8 BF       		.byte	-65
 502 01d9 40       		.byte	64
 503 01da C1       		.byte	-63
 504 01db 04       		.byte	4
 505 01dc C4       		.byte	-60
 506 01dd 05       		.byte	5
 507 01de C9       		.byte	-55
 508 01df FF       		.byte	-1
 509 01e0 CA       		.byte	-54
 510 01e1 FF       		.byte	-1
 511 01e2 CB       		.byte	-53
 512 01e3 FF       		.byte	-1
 513 01e4 CC       		.byte	-52
ARM GAS  C:\Users\sdysart\AppData\Local\Temp\ccZRln2e.s 			page 10


 514 01e5 EF       		.byte	-17
 515 01e6 CD       		.byte	-51
 516 01e7 55       		.byte	85
 517 01e8 CE       		.byte	-50
 518 01e9 72       		.byte	114
 519 01ea CF       		.byte	-49
 520 01eb 48       		.byte	72
 521 01ec D0       		.byte	-48
 522 01ed 1C       		.byte	28
 523 01ee D2       		.byte	-46
 524 01ef 01       		.byte	1
 525 01f0 D9       		.byte	-39
 526 01f1 04       		.byte	4
 527 01f2 DA       		.byte	-38
 528 01f3 04       		.byte	4
 529 01f4 DB       		.byte	-37
 530 01f5 04       		.byte	4
 531 01f6 DD       		.byte	-35
 532 01f7 11       		.byte	17
 533 01f8 DF       		.byte	-33
 534 01f9 01       		.byte	1
 535 01fa E1       		.byte	-31
 536 01fb 08       		.byte	8
 537 01fc E3       		.byte	-29
 538 01fd 08       		.byte	8
 539 01fe E5       		.byte	-27
 540 01ff 08       		.byte	8
 541 0200 E7       		.byte	-25
 542 0201 08       		.byte	8
 543 0202 E8       		.byte	-24
 544 0203 50       		.byte	80
 545 0204 E9       		.byte	-23
 546 0205 0A       		.byte	10
 547 0206 EA       		.byte	-22
 548 0207 40       		.byte	64
 549 0208 EB       		.byte	-21
 550 0209 A8       		.byte	-88
 551 020a EC       		.byte	-20
 552 020b C0       		.byte	-64
 553 020c EE       		.byte	-18
 554 020d 40       		.byte	64
 555 020e EF       		.byte	-17
 556 020f A8       		.byte	-88
 557 0210 25       		.byte	37
 558 0211 40       		.byte	64
 559 0212 2F       		.byte	47
 560 0213 02       		.byte	2
 561 0214 3C       		.byte	60
 562 0215 40       		.byte	64
 563 0216 3F       		.byte	63
 564 0217 80       		.byte	-128
 565 0218 40       		.byte	64
 566 0219 40       		.byte	64
 567 021a 47       		.byte	71
 568 021b 01       		.byte	1
 569 021c 48       		.byte	72
 570 021d 02       		.byte	2
ARM GAS  C:\Users\sdysart\AppData\Local\Temp\ccZRln2e.s 			page 11


 571 021e 4F       		.byte	79
 572 021f 80       		.byte	-128
 573 0220 52       		.byte	82
 574 0221 01       		.byte	1
 575 0222 53       		.byte	83
 576 0223 02       		.byte	2
 577 0224 59       		.byte	89
 578 0225 01       		.byte	1
 579 0226 61       		.byte	97
 580 0227 A0       		.byte	-96
 581 0228 62       		.byte	98
 582 0229 08       		.byte	8
 583 022a 6C       		.byte	108
 584 022b 02       		.byte	2
 585 022c 6F       		.byte	111
 586 022d 01       		.byte	1
 587 022e 82       		.byte	-126
 588 022f 01       		.byte	1
 589 0230 89       		.byte	-119
 590 0231 40       		.byte	64
 591 0232 90       		.byte	-112
 592 0233 40       		.byte	64
 593 0234 99       		.byte	-103
 594 0235 01       		.byte	1
 595 0236 A1       		.byte	-95
 596 0237 A0       		.byte	-96
 597 0238 A2       		.byte	-94
 598 0239 08       		.byte	8
 599 023a A4       		.byte	-92
 600 023b 02       		.byte	2
 601 023c B4       		.byte	-76
 602 023d 48       		.byte	72
 603 023e CA       		.byte	-54
 604 023f 10       		.byte	16
 605 0240 CE       		.byte	-50
 606 0241 10       		.byte	16
 607 0242 D0       		.byte	-48
 608 0243 81       		.byte	-127
 609 0244 D2       		.byte	-46
 610 0245 18       		.byte	24
 611 0246 D6       		.byte	-42
 612 0247 01       		.byte	1
 613 0248 D8       		.byte	-40
 614 0249 0E       		.byte	14
 615 024a E6       		.byte	-26
 616 024b 20       		.byte	32
 617 024c EA       		.byte	-22
 618 024d 40       		.byte	64
 619 024e 41       		.byte	65
 620 024f 05       		.byte	5
 621 0250 44       		.byte	68
 622 0251 02       		.byte	2
 623 0252 49       		.byte	73
 624 0253 FF       		.byte	-1
 625 0254 4A       		.byte	74
 626 0255 FF       		.byte	-1
 627 0256 4B       		.byte	75
ARM GAS  C:\Users\sdysart\AppData\Local\Temp\ccZRln2e.s 			page 12


 628 0257 FF       		.byte	-1
 629 0258 4C       		.byte	76
 630 0259 EF       		.byte	-17
 631 025a 4D       		.byte	77
 632 025b 55       		.byte	85
 633 025c 4E       		.byte	78
 634 025d 72       		.byte	114
 635 025e 4F       		.byte	79
 636 025f 48       		.byte	72
 637 0260 50       		.byte	80
 638 0261 1C       		.byte	28
 639 0262 5A       		.byte	90
 640 0263 04       		.byte	4
 641 0264 5D       		.byte	93
 642 0265 01       		.byte	1
 643 0266 5F       		.byte	95
 644 0267 01       		.byte	1
 645 0268 61       		.byte	97
 646 0269 08       		.byte	8
 647 026a 63       		.byte	99
 648 026b 08       		.byte	8
 649 026c 65       		.byte	101
 650 026d 08       		.byte	8
 651 026e 67       		.byte	103
 652 026f 08       		.byte	8
 653 0270 68       		.byte	104
 654 0271 50       		.byte	80
 655 0272 69       		.byte	105
 656 0273 0A       		.byte	10
 657 0274 6A       		.byte	106
 658 0275 40       		.byte	64
 659 0276 6B       		.byte	107
 660 0277 A8       		.byte	-88
 661 0278 6C       		.byte	108
 662 0279 C0       		.byte	-64
 663 027a 6E       		.byte	110
 664 027b 40       		.byte	64
 665 027c 6F       		.byte	111
 666 027d A8       		.byte	-88
 667 027e 8E       		.byte	-114
 668 027f 04       		.byte	4
 669 0280 91       		.byte	-111
 670 0281 02       		.byte	2
 671 0282 92       		.byte	-110
 672 0283 02       		.byte	2
 673 0284 97       		.byte	-105
 674 0285 03       		.byte	3
 675 0286 9A       		.byte	-102
 676 0287 05       		.byte	5
 677 0288 AA       		.byte	-86
 678 0289 01       		.byte	1
 679 028a B0       		.byte	-80
 680 028b 01       		.byte	1
 681 028c B1       		.byte	-79
 682 028d 01       		.byte	1
 683 028e B2       		.byte	-78
 684 028f 04       		.byte	4
ARM GAS  C:\Users\sdysart\AppData\Local\Temp\ccZRln2e.s 			page 13


 685 0290 B4       		.byte	-76
 686 0291 02       		.byte	2
 687 0292 B7       		.byte	-73
 688 0293 02       		.byte	2
 689 0294 BE       		.byte	-66
 690 0295 04       		.byte	4
 691 0296 C1       		.byte	-63
 692 0297 05       		.byte	5
 693 0298 C4       		.byte	-60
 694 0299 04       		.byte	4
 695 029a C5       		.byte	-59
 696 029b C0       		.byte	-64
 697 029c C6       		.byte	-58
 698 029d DE       		.byte	-34
 699 029e C7       		.byte	-57
 700 029f 0F       		.byte	15
 701 02a0 C8       		.byte	-56
 702 02a1 1E       		.byte	30
 703 02a2 C9       		.byte	-55
 704 02a3 FF       		.byte	-1
 705 02a4 CA       		.byte	-54
 706 02a5 FF       		.byte	-1
 707 02a6 CB       		.byte	-53
 708 02a7 FF       		.byte	-1
 709 02a8 CC       		.byte	-52
 710 02a9 EA       		.byte	-22
 711 02aa CD       		.byte	-51
 712 02ab 55       		.byte	85
 713 02ac CE       		.byte	-50
 714 02ad F2       		.byte	-14
 715 02ae CF       		.byte	-49
 716 02af 48       		.byte	72
 717 02b0 D0       		.byte	-48
 718 02b1 1C       		.byte	28
 719 02b2 D2       		.byte	-46
 720 02b3 80       		.byte	-128
 721 02b4 D4       		.byte	-44
 722 02b5 05       		.byte	5
 723 02b6 D8       		.byte	-40
 724 02b7 0B       		.byte	11
 725 02b8 D9       		.byte	-39
 726 02b9 0B       		.byte	11
 727 02ba DA       		.byte	-38
 728 02bb 04       		.byte	4
 729 02bc DB       		.byte	-37
 730 02bd 0B       		.byte	11
 731 02be DC       		.byte	-36
 732 02bf 99       		.byte	-103
 733 02c0 DD       		.byte	-35
 734 02c1 91       		.byte	-111
 735 02c2 DF       		.byte	-33
 736 02c3 01       		.byte	1
 737 02c4 E1       		.byte	-31
 738 02c5 08       		.byte	8
 739 02c6 E3       		.byte	-29
 740 02c7 08       		.byte	8
 741 02c8 E5       		.byte	-27
ARM GAS  C:\Users\sdysart\AppData\Local\Temp\ccZRln2e.s 			page 14


 742 02c9 08       		.byte	8
 743 02ca E7       		.byte	-25
 744 02cb 08       		.byte	8
 745 02cc E8       		.byte	-24
 746 02cd 50       		.byte	80
 747 02ce E9       		.byte	-23
 748 02cf 0A       		.byte	10
 749 02d0 EA       		.byte	-22
 750 02d1 40       		.byte	64
 751 02d2 EB       		.byte	-21
 752 02d3 A8       		.byte	-88
 753 02d4 EC       		.byte	-20
 754 02d5 C0       		.byte	-64
 755 02d6 EE       		.byte	-18
 756 02d7 40       		.byte	64
 757 02d8 EF       		.byte	-17
 758 02d9 A8       		.byte	-88
 759 02da 02       		.byte	2
 760 02db 02       		.byte	2
 761 02dc 0A       		.byte	10
 762 02dd 48       		.byte	72
 763 02de 10       		.byte	16
 764 02df 08       		.byte	8
 765 02e0 18       		.byte	24
 766 02e1 44       		.byte	68
 767 02e2 19       		.byte	25
 768 02e3 08       		.byte	8
 769 02e4 1A       		.byte	26
 770 02e5 08       		.byte	8
 771 02e6 21       		.byte	33
 772 02e7 02       		.byte	2
 773 02e8 22       		.byte	34
 774 02e9 40       		.byte	64
 775 02ea 30       		.byte	48
 776 02eb 08       		.byte	8
 777 02ec 31       		.byte	49
 778 02ed 02       		.byte	2
 779 02ee 40       		.byte	64
 780 02ef 40       		.byte	64
 781 02f0 44       		.byte	68
 782 02f1 08       		.byte	8
 783 02f2 48       		.byte	72
 784 02f3 02       		.byte	2
 785 02f4 49       		.byte	73
 786 02f5 01       		.byte	1
 787 02f6 4C       		.byte	76
 788 02f7 02       		.byte	2
 789 02f8 51       		.byte	81
 790 02f9 A0       		.byte	-96
 791 02fa 52       		.byte	82
 792 02fb 08       		.byte	8
 793 02fc 59       		.byte	89
 794 02fd 0A       		.byte	10
 795 02fe 5A       		.byte	90
 796 02ff 80       		.byte	-128
 797 0300 72       		.byte	114
 798 0301 40       		.byte	64
ARM GAS  C:\Users\sdysart\AppData\Local\Temp\ccZRln2e.s 			page 15


 799 0302 78       		.byte	120
 800 0303 02       		.byte	2
 801 0304 94       		.byte	-108
 802 0305 04       		.byte	4
 803 0306 96       		.byte	-106
 804 0307 08       		.byte	8
 805 0308 98       		.byte	-104
 806 0309 02       		.byte	2
 807 030a 99       		.byte	-103
 808 030b 02       		.byte	2
 809 030c A0       		.byte	-96
 810 030d 08       		.byte	8
 811 030e A2       		.byte	-94
 812 030f 02       		.byte	2
 813 0310 C0       		.byte	-64
 814 0311 01       		.byte	1
 815 0312 C2       		.byte	-62
 816 0313 0A       		.byte	10
 817 0314 C4       		.byte	-60
 818 0315 02       		.byte	2
 819 0316 CC       		.byte	-52
 820 0317 03       		.byte	3
 821 0318 D0       		.byte	-48
 822 0319 21       		.byte	33
 823 031a D2       		.byte	-46
 824 031b 18       		.byte	24
 825 031c D6       		.byte	-42
 826 031d 0B       		.byte	11
 827 031e DE       		.byte	-34
 828 031f 01       		.byte	1
 829 0320 32       		.byte	50
 830 0321 20       		.byte	32
 831 0322 CC       		.byte	-52
 832 0323 10       		.byte	16
 833 0324 0E       		.byte	14
 834 0325 04       		.byte	4
 835 0326 56       		.byte	86
 836 0327 80       		.byte	-128
 837 0328 5D       		.byte	93
 838 0329 02       		.byte	2
 839 032a 81       		.byte	-127
 840 032b 02       		.byte	2
 841 032c A6       		.byte	-90
 842 032d 20       		.byte	32
 843 032e C2       		.byte	-62
 844 032f 80       		.byte	-128
 845 0330 D4       		.byte	-44
 846 0331 40       		.byte	64
 847 0332 D6       		.byte	-42
 848 0333 80       		.byte	-128
 849 0334 E6       		.byte	-26
 850 0335 20       		.byte	32
 851 0336 99       		.byte	-103
 852 0337 02       		.byte	2
 853 0338 9E       		.byte	-98
 854 0339 80       		.byte	-128
 855 033a A6       		.byte	-90
ARM GAS  C:\Users\sdysart\AppData\Local\Temp\ccZRln2e.s 			page 16


 856 033b 20       		.byte	32
 857 033c AE       		.byte	-82
 858 033d 04       		.byte	4
 859 033e E8       		.byte	-24
 860 033f 40       		.byte	64
 861 0340 99       		.byte	-103
 862 0341 02       		.byte	2
 863 0342 9E       		.byte	-98
 864 0343 80       		.byte	-128
 865 0344 AE       		.byte	-82
 866 0345 20       		.byte	32
 867 0346 EE       		.byte	-18
 868 0347 40       		.byte	64
 869 0348 2B       		.byte	43
 870 0349 04       		.byte	4
 871 034a CA       		.byte	-54
 872 034b 08       		.byte	8
 873 034c 83       		.byte	-125
 874 034d 04       		.byte	4
 875 034e A3       		.byte	-93
 876 034f 04       		.byte	4
 877 0350 99       		.byte	-103
 878 0351 02       		.byte	2
 879 0352 9E       		.byte	-98
 880 0353 80       		.byte	-128
 881 0354 50       		.byte	80
 882 0355 01       		.byte	1
 883 0356 52       		.byte	82
 884 0357 08       		.byte	8
 885 0358 65       		.byte	101
 886 0359 02       		.byte	2
 887 035a 66       		.byte	102
 888 035b 80       		.byte	-128
 889 035c 82       		.byte	-126
 890 035d 08       		.byte	8
 891 035e 8A       		.byte	-118
 892 035f 80       		.byte	-128
 893 0360 90       		.byte	-112
 894 0361 02       		.byte	2
 895 0362 99       		.byte	-103
 896 0363 02       		.byte	2
 897 0364 9E       		.byte	-98
 898 0365 80       		.byte	-128
 899 0366 B4       		.byte	-76
 900 0367 01       		.byte	1
 901 0368 D4       		.byte	-44
 902 0369 A0       		.byte	-96
 903 036a D6       		.byte	-42
 904 036b 80       		.byte	-128
 905 036c D8       		.byte	-40
 906 036d 80       		.byte	-128
 907 036e E2       		.byte	-30
 908 036f 20       		.byte	32
 909 0370 00       		.byte	0
 910 0371 01       		.byte	1
 911 0372 01       		.byte	1
 912 0373 01       		.byte	1
ARM GAS  C:\Users\sdysart\AppData\Local\Temp\ccZRln2e.s 			page 17


 913 0374 09       		.byte	9
 914 0375 01       		.byte	1
 915 0376 0A       		.byte	10
 916 0377 01       		.byte	1
 917 0378 10       		.byte	16
 918 0379 02       		.byte	2
 919 037a 11       		.byte	17
 920 037b 01       		.byte	1
 921 037c 1A       		.byte	26
 922 037d 02       		.byte	2
 923 037e 1B       		.byte	27
 924 037f 01       		.byte	1
 925 0380 00       		.byte	0
 926 0381 03       		.byte	3
 927 0382 00       		.byte	0
 928 0383 00       		.byte	0
 929 0384 80       		.byte	-128
 930 0385 76       		.byte	118
 931 0386 76       		.byte	118
 932 0387 00       		.byte	0
 933 0388 42       		.byte	66
 934 0389 00       		.byte	0
 935 038a 01       		.byte	1
 936 038b 00       		.byte	0
 937 038c 00       		.byte	0
 938 038d 0B       		.byte	11
 939 038e 0B       		.byte	11
 940 038f 00       		.byte	0
 941 0390 00       		.byte	0
 942 0391 00       		.byte	0
 943 0392 00       		.byte	0
 944 0393 00       		.byte	0
 945 0394 00       		.byte	0
 946 0395 7F       		.byte	127
 947 0396 7F       		.byte	127
 948 0397 00       		.byte	0
 949 0398 00       		.byte	0
 950 0399 00       		.byte	0
 951 039a 00       		.byte	0
 952 039b 00       		.byte	0
 953 039c 00       		.byte	0
 954 039d 5C       		.byte	92
 955 039e 5C       		.byte	92
 956 039f 00       		.byte	0
 957 03a0 5C       		.byte	92
 958 03a1 00       		.byte	0
 959 03a2 00       		.byte	0
 960 03a3 00       		.byte	0
 961              		.section	.cywolatch,"a",%progbits
 962              		.align	2
 963              		.type	cy_meta_wonvl, %object
 964              		.size	cy_meta_wonvl, 4
 965              	cy_meta_wonvl:
 966 0000 BC       		.byte	-68
 967 0001 90       		.byte	-112
 968 0002 AC       		.byte	-84
 969 0003 AF       		.byte	-81
ARM GAS  C:\Users\sdysart\AppData\Local\Temp\ccZRln2e.s 			page 18


 970              		.section	.cycustnvl,"a",%progbits
 971              		.align	2
 972              		.type	cy_meta_custnvl, %object
 973              		.size	cy_meta_custnvl, 4
 974              	cy_meta_custnvl:
 975 0000 00       		.byte	0
 976 0001 00       		.byte	0
 977 0002 40       		.byte	64
 978 0003 05       		.byte	5
 979              		.section	.cymeta,"a",%progbits
 980              		.align	2
 981              		.type	cy_metadata, %object
 982              		.size	cy_metadata, 12
 983              	cy_metadata:
 984 0000 00       		.byte	0
 985 0001 01       		.byte	1
 986 0002 2E       		.byte	46
 987 0003 16       		.byte	22
 988 0004 10       		.byte	16
 989 0005 69       		.byte	105
 990 0006 00       		.byte	0
 991 0007 01       		.byte	1
 992 0008 00       		.byte	0
 993 0009 00       		.byte	0
 994 000a 00       		.byte	0
 995 000b 00       		.byte	0
 996              		.section	.cyflashprotect,"a",%progbits
 997              		.align	2
 998              		.type	cy_meta_flashprotect, %object
 999              		.size	cy_meta_flashprotect, 256
 1000              	cy_meta_flashprotect:
 1001 0000 00000000 		.space	256
 1001      00000000 
 1001      00000000 
 1001      00000000 
 1001      00000000 
 1002              		.text
 1003              	.Letext0:
 1004              		.file 1 "c:\\program files (x86)\\cypress\\psoc creator\\4.1\\psoc creator\\import\\gnu\\arm\\5.4.
 1005              		.file 2 "c:\\program files (x86)\\cypress\\psoc creator\\4.1\\psoc creator\\import\\gnu\\arm\\5.4.
 1006              		.file 3 "Generated_Source\\PSoC5\\cymetadata.c"
 1007              		.section	.debug_info,"",%progbits
 1008              	.Ldebug_info0:
 1009 0000 31010000 		.4byte	0x131
 1010 0004 0400     		.2byte	0x4
 1011 0006 00000000 		.4byte	.Ldebug_abbrev0
 1012 000a 04       		.byte	0x4
 1013 000b 01       		.uleb128 0x1
 1014 000c 24000000 		.4byte	.LASF17
 1015 0010 0C       		.byte	0xc
 1016 0011 BF010000 		.4byte	.LASF18
 1017 0015 F9000000 		.4byte	.LASF19
 1018 0019 00000000 		.4byte	.Ldebug_line0
 1019 001d 02       		.uleb128 0x2
 1020 001e 01       		.byte	0x1
 1021 001f 06       		.byte	0x6
 1022 0020 B3010000 		.4byte	.LASF0
ARM GAS  C:\Users\sdysart\AppData\Local\Temp\ccZRln2e.s 			page 19


 1023 0024 03       		.uleb128 0x3
 1024 0025 00000000 		.4byte	.LASF9
 1025 0029 01       		.byte	0x1
 1026 002a 1D       		.byte	0x1d
 1027 002b 2F000000 		.4byte	0x2f
 1028 002f 02       		.uleb128 0x2
 1029 0030 01       		.byte	0x1
 1030 0031 08       		.byte	0x8
 1031 0032 16000000 		.4byte	.LASF1
 1032 0036 02       		.uleb128 0x2
 1033 0037 02       		.byte	0x2
 1034 0038 05       		.byte	0x5
 1035 0039 A0010000 		.4byte	.LASF2
 1036 003d 02       		.uleb128 0x2
 1037 003e 02       		.byte	0x2
 1038 003f 07       		.byte	0x7
 1039 0040 C4000000 		.4byte	.LASF3
 1040 0044 02       		.uleb128 0x2
 1041 0045 04       		.byte	0x4
 1042 0046 05       		.byte	0x5
 1043 0047 AA010000 		.4byte	.LASF4
 1044 004b 02       		.uleb128 0x2
 1045 004c 04       		.byte	0x4
 1046 004d 07       		.byte	0x7
 1047 004e B2000000 		.4byte	.LASF5
 1048 0052 02       		.uleb128 0x2
 1049 0053 08       		.byte	0x8
 1050 0054 05       		.byte	0x5
 1051 0055 92010000 		.4byte	.LASF6
 1052 0059 02       		.uleb128 0x2
 1053 005a 08       		.byte	0x8
 1054 005b 07       		.byte	0x7
 1055 005c 47010000 		.4byte	.LASF7
 1056 0060 04       		.uleb128 0x4
 1057 0061 04       		.byte	0x4
 1058 0062 05       		.byte	0x5
 1059 0063 696E7400 		.ascii	"int\000"
 1060 0067 02       		.uleb128 0x2
 1061 0068 04       		.byte	0x4
 1062 0069 07       		.byte	0x7
 1063 006a 3A010000 		.4byte	.LASF8
 1064 006e 03       		.uleb128 0x3
 1065 006f 5E010000 		.4byte	.LASF10
 1066 0073 02       		.byte	0x2
 1067 0074 18       		.byte	0x18
 1068 0075 24000000 		.4byte	0x24
 1069 0079 05       		.uleb128 0x5
 1070 007a 91000000 		.4byte	0x91
 1071 007e 8A000000 		.4byte	0x8a
 1072 0082 06       		.uleb128 0x6
 1073 0083 8A000000 		.4byte	0x8a
 1074 0087 A303     		.2byte	0x3a3
 1075 0089 00       		.byte	0
 1076 008a 02       		.uleb128 0x2
 1077 008b 04       		.byte	0x4
 1078 008c 07       		.byte	0x7
 1079 008d 89010000 		.4byte	.LASF11
ARM GAS  C:\Users\sdysart\AppData\Local\Temp\ccZRln2e.s 			page 20


 1080 0091 07       		.uleb128 0x7
 1081 0092 6E000000 		.4byte	0x6e
 1082 0096 08       		.uleb128 0x8
 1083 0097 E7000000 		.4byte	.LASF12
 1084 009b 03       		.byte	0x3
 1085 009c 1F       		.byte	0x1f
 1086 009d A7000000 		.4byte	0xa7
 1087 00a1 05       		.uleb128 0x5
 1088 00a2 03       		.byte	0x3
 1089 00a3 00000000 		.4byte	cy_meta_configecc
 1090 00a7 07       		.uleb128 0x7
 1091 00a8 79000000 		.4byte	0x79
 1092 00ac 05       		.uleb128 0x5
 1093 00ad 91000000 		.4byte	0x91
 1094 00b1 BC000000 		.4byte	0xbc
 1095 00b5 09       		.uleb128 0x9
 1096 00b6 8A000000 		.4byte	0x8a
 1097 00ba 03       		.byte	0x3
 1098 00bb 00       		.byte	0
 1099 00bc 08       		.uleb128 0x8
 1100 00bd D7000000 		.4byte	.LASF13
 1101 00c1 03       		.byte	0x3
 1102 00c2 A1       		.byte	0xa1
 1103 00c3 CD000000 		.4byte	0xcd
 1104 00c7 05       		.uleb128 0x5
 1105 00c8 03       		.byte	0x3
 1106 00c9 00000000 		.4byte	cy_meta_custnvl
 1107 00cd 07       		.uleb128 0x7
 1108 00ce AC000000 		.4byte	0xac
 1109 00d2 08       		.uleb128 0x8
 1110 00d3 7B010000 		.4byte	.LASF14
 1111 00d7 03       		.byte	0x3
 1112 00d8 AF       		.byte	0xaf
 1113 00d9 E3000000 		.4byte	0xe3
 1114 00dd 05       		.uleb128 0x5
 1115 00de 03       		.byte	0x3
 1116 00df 00000000 		.4byte	cy_meta_wonvl
 1117 00e3 07       		.uleb128 0x7
 1118 00e4 AC000000 		.4byte	0xac
 1119 00e8 05       		.uleb128 0x5
 1120 00e9 91000000 		.4byte	0x91
 1121 00ed F8000000 		.4byte	0xf8
 1122 00f1 09       		.uleb128 0x9
 1123 00f2 8A000000 		.4byte	0x8a
 1124 00f6 FF       		.byte	0xff
 1125 00f7 00       		.byte	0
 1126 00f8 08       		.uleb128 0x8
 1127 00f9 66010000 		.4byte	.LASF15
 1128 00fd 03       		.byte	0x3
 1129 00fe BD       		.byte	0xbd
 1130 00ff 09010000 		.4byte	0x109
 1131 0103 05       		.uleb128 0x5
 1132 0104 03       		.byte	0x3
 1133 0105 00000000 		.4byte	cy_meta_flashprotect
 1134 0109 07       		.uleb128 0x7
 1135 010a E8000000 		.4byte	0xe8
 1136 010e 05       		.uleb128 0x5
ARM GAS  C:\Users\sdysart\AppData\Local\Temp\ccZRln2e.s 			page 21


 1137 010f 91000000 		.4byte	0x91
 1138 0113 1E010000 		.4byte	0x11e
 1139 0117 09       		.uleb128 0x9
 1140 0118 8A000000 		.4byte	0x8a
 1141 011c 0B       		.byte	0xb
 1142 011d 00       		.byte	0
 1143 011e 08       		.uleb128 0x8
 1144 011f 0A000000 		.4byte	.LASF16
 1145 0123 03       		.byte	0x3
 1146 0124 EA       		.byte	0xea
 1147 0125 2F010000 		.4byte	0x12f
 1148 0129 05       		.uleb128 0x5
 1149 012a 03       		.byte	0x3
 1150 012b 00000000 		.4byte	cy_metadata
 1151 012f 07       		.uleb128 0x7
 1152 0130 0E010000 		.4byte	0x10e
 1153 0134 00       		.byte	0
 1154              		.section	.debug_abbrev,"",%progbits
 1155              	.Ldebug_abbrev0:
 1156 0000 01       		.uleb128 0x1
 1157 0001 11       		.uleb128 0x11
 1158 0002 01       		.byte	0x1
 1159 0003 25       		.uleb128 0x25
 1160 0004 0E       		.uleb128 0xe
 1161 0005 13       		.uleb128 0x13
 1162 0006 0B       		.uleb128 0xb
 1163 0007 03       		.uleb128 0x3
 1164 0008 0E       		.uleb128 0xe
 1165 0009 1B       		.uleb128 0x1b
 1166 000a 0E       		.uleb128 0xe
 1167 000b 10       		.uleb128 0x10
 1168 000c 17       		.uleb128 0x17
 1169 000d 00       		.byte	0
 1170 000e 00       		.byte	0
 1171 000f 02       		.uleb128 0x2
 1172 0010 24       		.uleb128 0x24
 1173 0011 00       		.byte	0
 1174 0012 0B       		.uleb128 0xb
 1175 0013 0B       		.uleb128 0xb
 1176 0014 3E       		.uleb128 0x3e
 1177 0015 0B       		.uleb128 0xb
 1178 0016 03       		.uleb128 0x3
 1179 0017 0E       		.uleb128 0xe
 1180 0018 00       		.byte	0
 1181 0019 00       		.byte	0
 1182 001a 03       		.uleb128 0x3
 1183 001b 16       		.uleb128 0x16
 1184 001c 00       		.byte	0
 1185 001d 03       		.uleb128 0x3
 1186 001e 0E       		.uleb128 0xe
 1187 001f 3A       		.uleb128 0x3a
 1188 0020 0B       		.uleb128 0xb
 1189 0021 3B       		.uleb128 0x3b
 1190 0022 0B       		.uleb128 0xb
 1191 0023 49       		.uleb128 0x49
 1192 0024 13       		.uleb128 0x13
 1193 0025 00       		.byte	0
ARM GAS  C:\Users\sdysart\AppData\Local\Temp\ccZRln2e.s 			page 22


 1194 0026 00       		.byte	0
 1195 0027 04       		.uleb128 0x4
 1196 0028 24       		.uleb128 0x24
 1197 0029 00       		.byte	0
 1198 002a 0B       		.uleb128 0xb
 1199 002b 0B       		.uleb128 0xb
 1200 002c 3E       		.uleb128 0x3e
 1201 002d 0B       		.uleb128 0xb
 1202 002e 03       		.uleb128 0x3
 1203 002f 08       		.uleb128 0x8
 1204 0030 00       		.byte	0
 1205 0031 00       		.byte	0
 1206 0032 05       		.uleb128 0x5
 1207 0033 01       		.uleb128 0x1
 1208 0034 01       		.byte	0x1
 1209 0035 49       		.uleb128 0x49
 1210 0036 13       		.uleb128 0x13
 1211 0037 01       		.uleb128 0x1
 1212 0038 13       		.uleb128 0x13
 1213 0039 00       		.byte	0
 1214 003a 00       		.byte	0
 1215 003b 06       		.uleb128 0x6
 1216 003c 21       		.uleb128 0x21
 1217 003d 00       		.byte	0
 1218 003e 49       		.uleb128 0x49
 1219 003f 13       		.uleb128 0x13
 1220 0040 2F       		.uleb128 0x2f
 1221 0041 05       		.uleb128 0x5
 1222 0042 00       		.byte	0
 1223 0043 00       		.byte	0
 1224 0044 07       		.uleb128 0x7
 1225 0045 26       		.uleb128 0x26
 1226 0046 00       		.byte	0
 1227 0047 49       		.uleb128 0x49
 1228 0048 13       		.uleb128 0x13
 1229 0049 00       		.byte	0
 1230 004a 00       		.byte	0
 1231 004b 08       		.uleb128 0x8
 1232 004c 34       		.uleb128 0x34
 1233 004d 00       		.byte	0
 1234 004e 03       		.uleb128 0x3
 1235 004f 0E       		.uleb128 0xe
 1236 0050 3A       		.uleb128 0x3a
 1237 0051 0B       		.uleb128 0xb
 1238 0052 3B       		.uleb128 0x3b
 1239 0053 0B       		.uleb128 0xb
 1240 0054 49       		.uleb128 0x49
 1241 0055 13       		.uleb128 0x13
 1242 0056 3F       		.uleb128 0x3f
 1243 0057 19       		.uleb128 0x19
 1244 0058 02       		.uleb128 0x2
 1245 0059 18       		.uleb128 0x18
 1246 005a 00       		.byte	0
 1247 005b 00       		.byte	0
 1248 005c 09       		.uleb128 0x9
 1249 005d 21       		.uleb128 0x21
 1250 005e 00       		.byte	0
ARM GAS  C:\Users\sdysart\AppData\Local\Temp\ccZRln2e.s 			page 23


 1251 005f 49       		.uleb128 0x49
 1252 0060 13       		.uleb128 0x13
 1253 0061 2F       		.uleb128 0x2f
 1254 0062 0B       		.uleb128 0xb
 1255 0063 00       		.byte	0
 1256 0064 00       		.byte	0
 1257 0065 00       		.byte	0
 1258              		.section	.debug_aranges,"",%progbits
 1259 0000 14000000 		.4byte	0x14
 1260 0004 0200     		.2byte	0x2
 1261 0006 00000000 		.4byte	.Ldebug_info0
 1262 000a 04       		.byte	0x4
 1263 000b 00       		.byte	0
 1264 000c 0000     		.2byte	0
 1265 000e 0000     		.2byte	0
 1266 0010 00000000 		.4byte	0
 1267 0014 00000000 		.4byte	0
 1268              		.section	.debug_line,"",%progbits
 1269              	.Ldebug_line0:
 1270 0000 3D010000 		.section	.debug_str,"MS",%progbits,1
 1270      02003701 
 1270      00000201 
 1270      FB0E0D00 
 1270      01010101 
 1271              	.LASF9:
 1272 0000 5F5F7569 		.ascii	"__uint8_t\000"
 1272      6E74385F 
 1272      7400
 1273              	.LASF16:
 1274 000a 63795F6D 		.ascii	"cy_metadata\000"
 1274      65746164 
 1274      61746100 
 1275              	.LASF1:
 1276 0016 756E7369 		.ascii	"unsigned char\000"
 1276      676E6564 
 1276      20636861 
 1276      7200
 1277              	.LASF17:
 1278 0024 474E5520 		.ascii	"GNU C11 5.4.1 20160609 (release) [ARM/embedded-5-br"
 1278      43313120 
 1278      352E342E 
 1278      31203230 
 1278      31363036 
 1279 0057 616E6368 		.ascii	"anch revision 237715] -mcpu=cortex-m3 -mthumb -g -O"
 1279      20726576 
 1279      6973696F 
 1279      6E203233 
 1279      37373135 
 1280 008a 67202D66 		.ascii	"g -ffunction-sections -ffat-lto-objects\000"
 1280      66756E63 
 1280      74696F6E 
 1280      2D736563 
 1280      74696F6E 
 1281              	.LASF5:
 1282 00b2 6C6F6E67 		.ascii	"long unsigned int\000"
 1282      20756E73 
 1282      69676E65 
ARM GAS  C:\Users\sdysart\AppData\Local\Temp\ccZRln2e.s 			page 24


 1282      6420696E 
 1282      7400
 1283              	.LASF3:
 1284 00c4 73686F72 		.ascii	"short unsigned int\000"
 1284      7420756E 
 1284      7369676E 
 1284      65642069 
 1284      6E7400
 1285              	.LASF13:
 1286 00d7 63795F6D 		.ascii	"cy_meta_custnvl\000"
 1286      6574615F 
 1286      63757374 
 1286      6E766C00 
 1287              	.LASF12:
 1288 00e7 63795F6D 		.ascii	"cy_meta_configecc\000"
 1288      6574615F 
 1288      636F6E66 
 1288      69676563 
 1288      6300
 1289              	.LASF19:
 1290 00f9 433A5C55 		.ascii	"C:\\Users\\sdysart\\Documents\\UACS\\UACS\\HighFreq"
 1290      73657273 
 1290      5C736479 
 1290      73617274 
 1290      5C446F63 
 1291 0126 46534B5C 		.ascii	"FSK\\HighFSKRx.cydsn\000"
 1291      48696768 
 1291      46534B52 
 1291      782E6379 
 1291      64736E00 
 1292              	.LASF8:
 1293 013a 756E7369 		.ascii	"unsigned int\000"
 1293      676E6564 
 1293      20696E74 
 1293      00
 1294              	.LASF7:
 1295 0147 6C6F6E67 		.ascii	"long long unsigned int\000"
 1295      206C6F6E 
 1295      6720756E 
 1295      7369676E 
 1295      65642069 
 1296              	.LASF10:
 1297 015e 75696E74 		.ascii	"uint8_t\000"
 1297      385F7400 
 1298              	.LASF15:
 1299 0166 63795F6D 		.ascii	"cy_meta_flashprotect\000"
 1299      6574615F 
 1299      666C6173 
 1299      6870726F 
 1299      74656374 
 1300              	.LASF14:
 1301 017b 63795F6D 		.ascii	"cy_meta_wonvl\000"
 1301      6574615F 
 1301      776F6E76 
 1301      6C00
 1302              	.LASF11:
 1303 0189 73697A65 		.ascii	"sizetype\000"
ARM GAS  C:\Users\sdysart\AppData\Local\Temp\ccZRln2e.s 			page 25


 1303      74797065 
 1303      00
 1304              	.LASF6:
 1305 0192 6C6F6E67 		.ascii	"long long int\000"
 1305      206C6F6E 
 1305      6720696E 
 1305      7400
 1306              	.LASF2:
 1307 01a0 73686F72 		.ascii	"short int\000"
 1307      7420696E 
 1307      7400
 1308              	.LASF4:
 1309 01aa 6C6F6E67 		.ascii	"long int\000"
 1309      20696E74 
 1309      00
 1310              	.LASF0:
 1311 01b3 7369676E 		.ascii	"signed char\000"
 1311      65642063 
 1311      68617200 
 1312              	.LASF18:
 1313 01bf 47656E65 		.ascii	"Generated_Source\\PSoC5\\cymetadata.c\000"
 1313      72617465 
 1313      645F536F 
 1313      75726365 
 1313      5C50536F 
 1314              		.ident	"GCC: (GNU Tools for ARM Embedded Processors) 5.4.1 20160609 (release) [ARM/embedded-5-bran
