ARM GAS  C:\Users\sdysart\AppData\Local\Temp\ccWKmqFu.s 			page 1


   1              		.syntax unified
   2              		.cpu cortex-m3
   3              		.fpu softvfp
   4              		.eabi_attribute 20, 1
   5              		.eabi_attribute 21, 1
   6              		.eabi_attribute 23, 3
   7              		.eabi_attribute 24, 1
   8              		.eabi_attribute 25, 1
   9              		.eabi_attribute 26, 1
  10              		.eabi_attribute 30, 1
  11              		.eabi_attribute 34, 1
  12              		.eabi_attribute 18, 4
  13              		.thumb
  14              		.syntax unified
  15              		.file	"cymetadata.c"
  16              		.text
  17              	.Ltext0:
  18              		.cfi_sections	.debug_frame
  19              		.global	cy_metadata
  20              		.global	cy_meta_flashprotect
  21              		.global	cy_meta_wonvl
  22              		.global	cy_meta_custnvl
  23              		.global	cy_meta_configecc
  24              		.section	.cyconfigecc,"a",%progbits
  25              		.align	2
  26              		.type	cy_meta_configecc, %object
  27              		.size	cy_meta_configecc, 512
  28              	cy_meta_configecc:
  29 0000 02       		.byte	2
  30 0001 52       		.byte	82
  31 0002 00       		.byte	0
  32 0003 40       		.byte	64
  33 0004 02       		.byte	2
  34 0005 64       		.byte	100
  35 0006 00       		.byte	0
  36 0007 40       		.byte	64
  37 0008 4B       		.byte	75
  38 0009 02       		.byte	2
  39 000a 01       		.byte	1
  40 000b 40       		.byte	64
  41 000c 2C       		.byte	44
  42 000d 03       		.byte	3
  43 000e 01       		.byte	1
  44 000f 40       		.byte	64
  45 0010 39       		.byte	57
  46 0011 04       		.byte	4
  47 0012 01       		.byte	1
  48 0013 40       		.byte	64
  49 0014 18       		.byte	24
  50 0015 05       		.byte	5
  51 0016 01       		.byte	1
  52 0017 40       		.byte	64
  53 0018 03       		.byte	3
  54 0019 40       		.byte	64
  55 001a 01       		.byte	1
  56 001b 40       		.byte	64
  57 001c 0C       		.byte	12
ARM GAS  C:\Users\sdysart\AppData\Local\Temp\ccWKmqFu.s 			page 2


  58 001d 41       		.byte	65
  59 001e 01       		.byte	1
  60 001f 40       		.byte	64
  61 0020 03       		.byte	3
  62 0021 50       		.byte	80
  63 0022 01       		.byte	1
  64 0023 40       		.byte	64
  65 0024 01       		.byte	1
  66 0025 51       		.byte	81
  67 0026 01       		.byte	1
  68 0027 40       		.byte	64
  69 0028 00       		.byte	0
  70 0029 02       		.byte	2
  71 002a 01       		.byte	1
  72 002b 02       		.byte	2
  73 002c 82       		.byte	-126
  74 002d 0D       		.byte	13
  75 002e 85       		.byte	-123
  76 002f 0D       		.byte	13
  77 0030 02       		.byte	2
  78 0031 01       		.byte	1
  79 0032 07       		.byte	7
  80 0033 02       		.byte	2
  81 0034 0E       		.byte	14
  82 0035 02       		.byte	2
  83 0036 11       		.byte	17
  84 0037 10       		.byte	16
  85 0038 15       		.byte	21
  86 0039 02       		.byte	2
  87 003a 16       		.byte	22
  88 003b 06       		.byte	6
  89 003c 17       		.byte	23
  90 003d 01       		.byte	1
  91 003e 1B       		.byte	27
  92 003f 04       		.byte	4
  93 0040 2B       		.byte	43
  94 0041 1C       		.byte	28
  95 0042 2E       		.byte	46
  96 0043 04       		.byte	4
  97 0044 2F       		.byte	47
  98 0045 01       		.byte	1
  99 0046 30       		.byte	48
 100 0047 04       		.byte	4
 101 0048 31       		.byte	49
 102 0049 08       		.byte	8
 103 004a 32       		.byte	50
 104 004b 01       		.byte	1
 105 004c 33       		.byte	51
 106 004d 03       		.byte	3
 107 004e 34       		.byte	52
 108 004f 02       		.byte	2
 109 0050 35       		.byte	53
 110 0051 04       		.byte	4
 111 0052 36       		.byte	54
 112 0053 02       		.byte	2
 113 0054 37       		.byte	55
 114 0055 10       		.byte	16
ARM GAS  C:\Users\sdysart\AppData\Local\Temp\ccWKmqFu.s 			page 3


 115 0056 3E       		.byte	62
 116 0057 10       		.byte	16
 117 0058 3F       		.byte	63
 118 0059 04       		.byte	4
 119 005a 40       		.byte	64
 120 005b 30       		.byte	48
 121 005c 41       		.byte	65
 122 005d 05       		.byte	5
 123 005e 49       		.byte	73
 124 005f FF       		.byte	-1
 125 0060 4A       		.byte	74
 126 0061 FF       		.byte	-1
 127 0062 4B       		.byte	75
 128 0063 FF       		.byte	-1
 129 0064 4D       		.byte	77
 130 0065 A0       		.byte	-96
 131 0066 4F       		.byte	79
 132 0067 04       		.byte	4
 133 0068 50       		.byte	80
 134 0069 18       		.byte	24
 135 006a 52       		.byte	82
 136 006b 80       		.byte	-128
 137 006c 54       		.byte	84
 138 006d 05       		.byte	5
 139 006e 58       		.byte	88
 140 006f 04       		.byte	4
 141 0070 59       		.byte	89
 142 0071 04       		.byte	4
 143 0072 5A       		.byte	90
 144 0073 04       		.byte	4
 145 0074 5B       		.byte	91
 146 0075 04       		.byte	4
 147 0076 5C       		.byte	92
 148 0077 10       		.byte	16
 149 0078 5F       		.byte	95
 150 0079 01       		.byte	1
 151 007a 60       		.byte	96
 152 007b 40       		.byte	64
 153 007c 62       		.byte	98
 154 007d C0       		.byte	-64
 155 007e 64       		.byte	100
 156 007f 40       		.byte	64
 157 0080 65       		.byte	101
 158 0081 40       		.byte	64
 159 0082 66       		.byte	102
 160 0083 C0       		.byte	-64
 161 0084 68       		.byte	104
 162 0085 C0       		.byte	-64
 163 0086 6A       		.byte	106
 164 0087 C0       		.byte	-64
 165 0088 6C       		.byte	108
 166 0089 C0       		.byte	-64
 167 008a 6E       		.byte	110
 168 008b C0       		.byte	-64
 169 008c 8C       		.byte	-116
 170 008d 02       		.byte	2
 171 008e A2       		.byte	-94
ARM GAS  C:\Users\sdysart\AppData\Local\Temp\ccWKmqFu.s 			page 4


 172 008f 03       		.byte	3
 173 0090 B0       		.byte	-80
 174 0091 01       		.byte	1
 175 0092 B6       		.byte	-74
 176 0093 02       		.byte	2
 177 0094 C0       		.byte	-64
 178 0095 30       		.byte	48
 179 0096 C1       		.byte	-63
 180 0097 05       		.byte	5
 181 0098 C5       		.byte	-59
 182 0099 D0       		.byte	-48
 183 009a C6       		.byte	-58
 184 009b 01       		.byte	1
 185 009c C7       		.byte	-57
 186 009d 20       		.byte	32
 187 009e C8       		.byte	-56
 188 009f 26       		.byte	38
 189 00a0 C9       		.byte	-55
 190 00a1 FF       		.byte	-1
 191 00a2 CA       		.byte	-54
 192 00a3 FF       		.byte	-1
 193 00a4 CB       		.byte	-53
 194 00a5 FF       		.byte	-1
 195 00a6 CD       		.byte	-51
 196 00a7 AF       		.byte	-81
 197 00a8 CE       		.byte	-50
 198 00a9 0F       		.byte	15
 199 00aa CF       		.byte	-49
 200 00ab 04       		.byte	4
 201 00ac D0       		.byte	-48
 202 00ad 18       		.byte	24
 203 00ae D8       		.byte	-40
 204 00af 04       		.byte	4
 205 00b0 DA       		.byte	-38
 206 00b1 04       		.byte	4
 207 00b2 DF       		.byte	-33
 208 00b3 01       		.byte	1
 209 00b4 E0       		.byte	-32
 210 00b5 40       		.byte	64
 211 00b6 E2       		.byte	-30
 212 00b7 C0       		.byte	-64
 213 00b8 E4       		.byte	-28
 214 00b9 40       		.byte	64
 215 00ba E5       		.byte	-27
 216 00bb 40       		.byte	64
 217 00bc E6       		.byte	-26
 218 00bd C0       		.byte	-64
 219 00be E8       		.byte	-24
 220 00bf C0       		.byte	-64
 221 00c0 EA       		.byte	-22
 222 00c1 C0       		.byte	-64
 223 00c2 EC       		.byte	-20
 224 00c3 C0       		.byte	-64
 225 00c4 EE       		.byte	-18
 226 00c5 C0       		.byte	-64
 227 00c6 00       		.byte	0
 228 00c7 40       		.byte	64
ARM GAS  C:\Users\sdysart\AppData\Local\Temp\ccWKmqFu.s 			page 5


 229 00c8 06       		.byte	6
 230 00c9 01       		.byte	1
 231 00ca 07       		.byte	7
 232 00cb 40       		.byte	64
 233 00cc 0D       		.byte	13
 234 00cd 08       		.byte	8
 235 00ce 10       		.byte	16
 236 00cf 80       		.byte	-128
 237 00d0 15       		.byte	21
 238 00d1 80       		.byte	-128
 239 00d2 18       		.byte	24
 240 00d3 40       		.byte	64
 241 00d4 19       		.byte	25
 242 00d5 80       		.byte	-128
 243 00d6 1C       		.byte	28
 244 00d7 02       		.byte	2
 245 00d8 1D       		.byte	29
 246 00d9 08       		.byte	8
 247 00da 1E       		.byte	30
 248 00db 08       		.byte	8
 249 00dc 1F       		.byte	31
 250 00dd 01       		.byte	1
 251 00de 24       		.byte	36
 252 00df 04       		.byte	4
 253 00e0 26       		.byte	38
 254 00e1 41       		.byte	65
 255 00e2 27       		.byte	39
 256 00e3 20       		.byte	32
 257 00e4 2F       		.byte	47
 258 00e5 09       		.byte	9
 259 00e6 36       		.byte	54
 260 00e7 11       		.byte	17
 261 00e8 37       		.byte	55
 262 00e9 08       		.byte	8
 263 00ea 3C       		.byte	60
 264 00eb 04       		.byte	4
 265 00ec 41       		.byte	65
 266 00ed 08       		.byte	8
 267 00ee 45       		.byte	69
 268 00ef 08       		.byte	8
 269 00f0 4A       		.byte	74
 270 00f1 02       		.byte	2
 271 00f2 4B       		.byte	75
 272 00f3 01       		.byte	1
 273 00f4 4E       		.byte	78
 274 00f5 02       		.byte	2
 275 00f6 50       		.byte	80
 276 00f7 80       		.byte	-128
 277 00f8 51       		.byte	81
 278 00f9 40       		.byte	64
 279 00fa 52       		.byte	82
 280 00fb 03       		.byte	3
 281 00fc 5D       		.byte	93
 282 00fd 80       		.byte	-128
 283 00fe 5E       		.byte	94
 284 00ff 08       		.byte	8
 285 0100 5F       		.byte	95
ARM GAS  C:\Users\sdysart\AppData\Local\Temp\ccWKmqFu.s 			page 6


 286 0101 01       		.byte	1
 287 0102 77       		.byte	119
 288 0103 40       		.byte	64
 289 0104 83       		.byte	-125
 290 0105 28       		.byte	40
 291 0106 84       		.byte	-124
 292 0107 01       		.byte	1
 293 0108 8D       		.byte	-115
 294 0109 01       		.byte	1
 295 010a C0       		.byte	-64
 296 010b 91       		.byte	-111
 297 010c C2       		.byte	-62
 298 010d 20       		.byte	32
 299 010e C4       		.byte	-60
 300 010f 88       		.byte	-120
 301 0110 CA       		.byte	-54
 302 0111 30       		.byte	48
 303 0112 CC       		.byte	-52
 304 0113 E0       		.byte	-32
 305 0114 CE       		.byte	-50
 306 0115 40       		.byte	64
 307 0116 D0       		.byte	-48
 308 0117 42       		.byte	66
 309 0118 D2       		.byte	-46
 310 0119 18       		.byte	24
 311 011a D6       		.byte	-42
 312 011b D0       		.byte	-48
 313 011c E6       		.byte	-26
 314 011d 40       		.byte	64
 315 011e 40       		.byte	64
 316 011f 30       		.byte	48
 317 0120 41       		.byte	65
 318 0121 02       		.byte	2
 319 0122 49       		.byte	73
 320 0123 FF       		.byte	-1
 321 0124 4A       		.byte	74
 322 0125 FF       		.byte	-1
 323 0126 4B       		.byte	75
 324 0127 FF       		.byte	-1
 325 0128 4D       		.byte	77
 326 0129 A0       		.byte	-96
 327 012a 4F       		.byte	79
 328 012b 04       		.byte	4
 329 012c 50       		.byte	80
 330 012d 18       		.byte	24
 331 012e 5A       		.byte	90
 332 012f 04       		.byte	4
 333 0130 5D       		.byte	93
 334 0131 01       		.byte	1
 335 0132 5F       		.byte	95
 336 0133 01       		.byte	1
 337 0134 60       		.byte	96
 338 0135 40       		.byte	64
 339 0136 62       		.byte	98
 340 0137 C0       		.byte	-64
 341 0138 64       		.byte	100
 342 0139 40       		.byte	64
ARM GAS  C:\Users\sdysart\AppData\Local\Temp\ccWKmqFu.s 			page 7


 343 013a 65       		.byte	101
 344 013b 40       		.byte	64
 345 013c 66       		.byte	102
 346 013d C0       		.byte	-64
 347 013e 68       		.byte	104
 348 013f C0       		.byte	-64
 349 0140 6A       		.byte	106
 350 0141 C0       		.byte	-64
 351 0142 6C       		.byte	108
 352 0143 C0       		.byte	-64
 353 0144 6E       		.byte	110
 354 0145 C0       		.byte	-64
 355 0146 8A       		.byte	-118
 356 0147 02       		.byte	2
 357 0148 9A       		.byte	-102
 358 0149 02       		.byte	2
 359 014a AE       		.byte	-82
 360 014b 01       		.byte	1
 361 014c B0       		.byte	-80
 362 014d 02       		.byte	2
 363 014e B2       		.byte	-78
 364 014f 01       		.byte	1
 365 0150 B4       		.byte	-76
 366 0151 02       		.byte	2
 367 0152 BE       		.byte	-66
 368 0153 10       		.byte	16
 369 0154 C0       		.byte	-64
 370 0155 30       		.byte	48
 371 0156 C1       		.byte	-63
 372 0157 02       		.byte	2
 373 0158 C5       		.byte	-59
 374 0159 D0       		.byte	-48
 375 015a C6       		.byte	-58
 376 015b 20       		.byte	32
 377 015c C7       		.byte	-57
 378 015d 01       		.byte	1
 379 015e C8       		.byte	-56
 380 015f 1A       		.byte	26
 381 0160 C9       		.byte	-55
 382 0161 FF       		.byte	-1
 383 0162 CA       		.byte	-54
 384 0163 FF       		.byte	-1
 385 0164 CB       		.byte	-53
 386 0165 FF       		.byte	-1
 387 0166 CD       		.byte	-51
 388 0167 AF       		.byte	-81
 389 0168 CE       		.byte	-50
 390 0169 0F       		.byte	15
 391 016a CF       		.byte	-49
 392 016b 04       		.byte	4
 393 016c D0       		.byte	-48
 394 016d 18       		.byte	24
 395 016e D2       		.byte	-46
 396 016f 80       		.byte	-128
 397 0170 D4       		.byte	-44
 398 0171 05       		.byte	5
 399 0172 D8       		.byte	-40
ARM GAS  C:\Users\sdysart\AppData\Local\Temp\ccWKmqFu.s 			page 8


 400 0173 04       		.byte	4
 401 0174 DA       		.byte	-38
 402 0175 04       		.byte	4
 403 0176 DB       		.byte	-37
 404 0177 04       		.byte	4
 405 0178 DC       		.byte	-36
 406 0179 01       		.byte	1
 407 017a DD       		.byte	-35
 408 017b 11       		.byte	17
 409 017c DF       		.byte	-33
 410 017d 01       		.byte	1
 411 017e E0       		.byte	-32
 412 017f 40       		.byte	64
 413 0180 E2       		.byte	-30
 414 0181 C0       		.byte	-64
 415 0182 E4       		.byte	-28
 416 0183 40       		.byte	64
 417 0184 E5       		.byte	-27
 418 0185 40       		.byte	64
 419 0186 E6       		.byte	-26
 420 0187 C0       		.byte	-64
 421 0188 E8       		.byte	-24
 422 0189 C0       		.byte	-64
 423 018a EA       		.byte	-22
 424 018b C0       		.byte	-64
 425 018c EC       		.byte	-20
 426 018d C0       		.byte	-64
 427 018e EE       		.byte	-18
 428 018f C0       		.byte	-64
 429 0190 04       		.byte	4
 430 0191 10       		.byte	16
 431 0192 0D       		.byte	13
 432 0193 20       		.byte	32
 433 0194 17       		.byte	23
 434 0195 40       		.byte	64
 435 0196 1C       		.byte	28
 436 0197 10       		.byte	16
 437 0198 1D       		.byte	29
 438 0199 09       		.byte	9
 439 019a 1E       		.byte	30
 440 019b 28       		.byte	40
 441 019c 40       		.byte	64
 442 019d 10       		.byte	16
 443 019e 41       		.byte	65
 444 019f 20       		.byte	32
 445 01a0 45       		.byte	69
 446 01a1 28       		.byte	40
 447 01a2 4F       		.byte	79
 448 01a3 01       		.byte	1
 449 01a4 55       		.byte	85
 450 01a5 20       		.byte	32
 451 01a6 57       		.byte	87
 452 01a7 08       		.byte	8
 453 01a8 5E       		.byte	94
 454 01a9 88       		.byte	-120
 455 01aa 5F       		.byte	95
 456 01ab 01       		.byte	1
ARM GAS  C:\Users\sdysart\AppData\Local\Temp\ccWKmqFu.s 			page 9


 457 01ac 77       		.byte	119
 458 01ad 40       		.byte	64
 459 01ae 9D       		.byte	-99
 460 01af 01       		.byte	1
 461 01b0 A2       		.byte	-94
 462 01b1 40       		.byte	64
 463 01b2 A6       		.byte	-90
 464 01b3 10       		.byte	16
 465 01b4 A7       		.byte	-89
 466 01b5 08       		.byte	8
 467 01b6 C0       		.byte	-64
 468 01b7 40       		.byte	64
 469 01b8 C2       		.byte	-62
 470 01b9 40       		.byte	64
 471 01ba C4       		.byte	-60
 472 01bb 80       		.byte	-128
 473 01bc D0       		.byte	-48
 474 01bd 66       		.byte	102
 475 01be D6       		.byte	-42
 476 01bf D0       		.byte	-48
 477 01c0 30       		.byte	48
 478 01c1 40       		.byte	64
 479 01c2 35       		.byte	53
 480 01c3 80       		.byte	-128
 481 01c4 CC       		.byte	-52
 482 01c5 30       		.byte	48
 483 01c6 03       		.byte	3
 484 01c7 10       		.byte	16
 485 01c8 5F       		.byte	95
 486 01c9 80       		.byte	-128
 487 01ca 83       		.byte	-125
 488 01cb 90       		.byte	-112
 489 01cc 84       		.byte	-124
 490 01cd 40       		.byte	64
 491 01ce 8D       		.byte	-115
 492 01cf 80       		.byte	-128
 493 01d0 9C       		.byte	-100
 494 01d1 40       		.byte	64
 495 01d2 9D       		.byte	-99
 496 01d3 80       		.byte	-128
 497 01d4 C0       		.byte	-64
 498 01d5 10       		.byte	16
 499 01d6 D6       		.byte	-42
 500 01d7 20       		.byte	32
 501 01d8 E0       		.byte	-32
 502 01d9 20       		.byte	32
 503 01da E2       		.byte	-30
 504 01db 80       		.byte	-128
 505 01dc E6       		.byte	-26
 506 01dd 10       		.byte	16
 507 01de 00       		.byte	0
 508 01df 03       		.byte	3
 509 01e0 08       		.byte	8
 510 01e1 03       		.byte	3
 511 01e2 0A       		.byte	10
 512 01e3 02       		.byte	2
 513 01e4 00       		.byte	0
ARM GAS  C:\Users\sdysart\AppData\Local\Temp\ccWKmqFu.s 			page 10


 514 01e5 0F       		.byte	15
 515 01e6 00       		.byte	0
 516 01e7 00       		.byte	0
 517 01e8 01       		.byte	1
 518 01e9 06       		.byte	6
 519 01ea 06       		.byte	6
 520 01eb 00       		.byte	0
 521 01ec 02       		.byte	2
 522 01ed 00       		.byte	0
 523 01ee 00       		.byte	0
 524 01ef 00       		.byte	0
 525 01f0 00       		.byte	0
 526 01f1 0B       		.byte	11
 527 01f2 0B       		.byte	11
 528 01f3 00       		.byte	0
 529 01f4 00       		.byte	0
 530 01f5 00       		.byte	0
 531 01f6 00       		.byte	0
 532 01f7 00       		.byte	0
 533 01f8 00       		.byte	0
 534 01f9 80       		.byte	-128
 535 01fa 80       		.byte	-128
 536 01fb 00       		.byte	0
 537 01fc 00       		.byte	0
 538 01fd 00       		.byte	0
 539 01fe 00       		.byte	0
 540 01ff 00       		.byte	0
 541              		.section	.cywolatch,"a",%progbits
 542              		.align	2
 543              		.type	cy_meta_wonvl, %object
 544              		.size	cy_meta_wonvl, 4
 545              	cy_meta_wonvl:
 546 0000 BC       		.byte	-68
 547 0001 90       		.byte	-112
 548 0002 AC       		.byte	-84
 549 0003 AF       		.byte	-81
 550              		.section	.cycustnvl,"a",%progbits
 551              		.align	2
 552              		.type	cy_meta_custnvl, %object
 553              		.size	cy_meta_custnvl, 4
 554              	cy_meta_custnvl:
 555 0000 00       		.byte	0
 556 0001 00       		.byte	0
 557 0002 40       		.byte	64
 558 0003 05       		.byte	5
 559              		.section	.cymeta,"a",%progbits
 560              		.align	2
 561              		.type	cy_metadata, %object
 562              		.size	cy_metadata, 12
 563              	cy_metadata:
 564 0000 00       		.byte	0
 565 0001 01       		.byte	1
 566 0002 2E       		.byte	46
 567 0003 16       		.byte	22
 568 0004 10       		.byte	16
 569 0005 69       		.byte	105
 570 0006 00       		.byte	0
ARM GAS  C:\Users\sdysart\AppData\Local\Temp\ccWKmqFu.s 			page 11


 571 0007 01       		.byte	1
 572 0008 00       		.byte	0
 573 0009 00       		.byte	0
 574 000a 00       		.byte	0
 575 000b 00       		.byte	0
 576              		.section	.cyflashprotect,"a",%progbits
 577              		.align	2
 578              		.type	cy_meta_flashprotect, %object
 579              		.size	cy_meta_flashprotect, 256
 580              	cy_meta_flashprotect:
 581 0000 00000000 		.space	256
 581      00000000 
 581      00000000 
 581      00000000 
 581      00000000 
 582              		.text
 583              	.Letext0:
 584              		.file 1 "c:\\program files (x86)\\cypress\\psoc creator\\4.1\\psoc creator\\import\\gnu\\arm\\5.4.
 585              		.file 2 "c:\\program files (x86)\\cypress\\psoc creator\\4.1\\psoc creator\\import\\gnu\\arm\\5.4.
 586              		.file 3 "Generated_Source\\PSoC5\\cymetadata.c"
 587              		.section	.debug_info,"",%progbits
 588              	.Ldebug_info0:
 589 0000 31010000 		.4byte	0x131
 590 0004 0400     		.2byte	0x4
 591 0006 00000000 		.4byte	.Ldebug_abbrev0
 592 000a 04       		.byte	0x4
 593 000b 01       		.uleb128 0x1
 594 000c 5A000000 		.4byte	.LASF17
 595 0010 0C       		.byte	0xc
 596 0011 B4010000 		.4byte	.LASF18
 597 0015 16000000 		.4byte	.LASF19
 598 0019 00000000 		.4byte	.Ldebug_line0
 599 001d 02       		.uleb128 0x2
 600 001e 01       		.byte	0x1
 601 001f 06       		.byte	0x6
 602 0020 A8010000 		.4byte	.LASF0
 603 0024 03       		.uleb128 0x3
 604 0025 0C000000 		.4byte	.LASF9
 605 0029 01       		.byte	0x1
 606 002a 1D       		.byte	0x1d
 607 002b 2F000000 		.4byte	0x2f
 608 002f 02       		.uleb128 0x2
 609 0030 01       		.byte	0x1
 610 0031 08       		.byte	0x8
 611 0032 4C000000 		.4byte	.LASF1
 612 0036 02       		.uleb128 0x2
 613 0037 02       		.byte	0x2
 614 0038 05       		.byte	0x5
 615 0039 95010000 		.4byte	.LASF2
 616 003d 02       		.uleb128 0x2
 617 003e 02       		.byte	0x2
 618 003f 07       		.byte	0x7
 619 0040 FA000000 		.4byte	.LASF3
 620 0044 02       		.uleb128 0x2
 621 0045 04       		.byte	0x4
 622 0046 05       		.byte	0x5
 623 0047 9F010000 		.4byte	.LASF4
ARM GAS  C:\Users\sdysart\AppData\Local\Temp\ccWKmqFu.s 			page 12


 624 004b 02       		.uleb128 0x2
 625 004c 04       		.byte	0x4
 626 004d 07       		.byte	0x7
 627 004e E8000000 		.4byte	.LASF5
 628 0052 02       		.uleb128 0x2
 629 0053 08       		.byte	0x8
 630 0054 05       		.byte	0x5
 631 0055 87010000 		.4byte	.LASF6
 632 0059 02       		.uleb128 0x2
 633 005a 08       		.byte	0x8
 634 005b 07       		.byte	0x7
 635 005c 3C010000 		.4byte	.LASF7
 636 0060 04       		.uleb128 0x4
 637 0061 04       		.byte	0x4
 638 0062 05       		.byte	0x5
 639 0063 696E7400 		.ascii	"int\000"
 640 0067 02       		.uleb128 0x2
 641 0068 04       		.byte	0x4
 642 0069 07       		.byte	0x7
 643 006a 2F010000 		.4byte	.LASF8
 644 006e 03       		.uleb128 0x3
 645 006f 53010000 		.4byte	.LASF10
 646 0073 02       		.byte	0x2
 647 0074 18       		.byte	0x18
 648 0075 24000000 		.4byte	0x24
 649 0079 05       		.uleb128 0x5
 650 007a 91000000 		.4byte	0x91
 651 007e 8A000000 		.4byte	0x8a
 652 0082 06       		.uleb128 0x6
 653 0083 8A000000 		.4byte	0x8a
 654 0087 FF01     		.2byte	0x1ff
 655 0089 00       		.byte	0
 656 008a 02       		.uleb128 0x2
 657 008b 04       		.byte	0x4
 658 008c 07       		.byte	0x7
 659 008d 7E010000 		.4byte	.LASF11
 660 0091 07       		.uleb128 0x7
 661 0092 6E000000 		.4byte	0x6e
 662 0096 08       		.uleb128 0x8
 663 0097 1D010000 		.4byte	.LASF12
 664 009b 03       		.byte	0x3
 665 009c 1F       		.byte	0x1f
 666 009d A7000000 		.4byte	0xa7
 667 00a1 05       		.uleb128 0x5
 668 00a2 03       		.byte	0x3
 669 00a3 00000000 		.4byte	cy_meta_configecc
 670 00a7 07       		.uleb128 0x7
 671 00a8 79000000 		.4byte	0x79
 672 00ac 05       		.uleb128 0x5
 673 00ad 91000000 		.4byte	0x91
 674 00b1 BC000000 		.4byte	0xbc
 675 00b5 09       		.uleb128 0x9
 676 00b6 8A000000 		.4byte	0x8a
 677 00ba 03       		.byte	0x3
 678 00bb 00       		.byte	0
 679 00bc 08       		.uleb128 0x8
 680 00bd 0D010000 		.4byte	.LASF13
ARM GAS  C:\Users\sdysart\AppData\Local\Temp\ccWKmqFu.s 			page 13


 681 00c1 03       		.byte	0x3
 682 00c2 6C       		.byte	0x6c
 683 00c3 CD000000 		.4byte	0xcd
 684 00c7 05       		.uleb128 0x5
 685 00c8 03       		.byte	0x3
 686 00c9 00000000 		.4byte	cy_meta_custnvl
 687 00cd 07       		.uleb128 0x7
 688 00ce AC000000 		.4byte	0xac
 689 00d2 08       		.uleb128 0x8
 690 00d3 70010000 		.4byte	.LASF14
 691 00d7 03       		.byte	0x3
 692 00d8 7A       		.byte	0x7a
 693 00d9 E3000000 		.4byte	0xe3
 694 00dd 05       		.uleb128 0x5
 695 00de 03       		.byte	0x3
 696 00df 00000000 		.4byte	cy_meta_wonvl
 697 00e3 07       		.uleb128 0x7
 698 00e4 AC000000 		.4byte	0xac
 699 00e8 05       		.uleb128 0x5
 700 00e9 91000000 		.4byte	0x91
 701 00ed F8000000 		.4byte	0xf8
 702 00f1 09       		.uleb128 0x9
 703 00f2 8A000000 		.4byte	0x8a
 704 00f6 FF       		.byte	0xff
 705 00f7 00       		.byte	0
 706 00f8 08       		.uleb128 0x8
 707 00f9 5B010000 		.4byte	.LASF15
 708 00fd 03       		.byte	0x3
 709 00fe 88       		.byte	0x88
 710 00ff 09010000 		.4byte	0x109
 711 0103 05       		.uleb128 0x5
 712 0104 03       		.byte	0x3
 713 0105 00000000 		.4byte	cy_meta_flashprotect
 714 0109 07       		.uleb128 0x7
 715 010a E8000000 		.4byte	0xe8
 716 010e 05       		.uleb128 0x5
 717 010f 91000000 		.4byte	0x91
 718 0113 1E010000 		.4byte	0x11e
 719 0117 09       		.uleb128 0x9
 720 0118 8A000000 		.4byte	0x8a
 721 011c 0B       		.byte	0xb
 722 011d 00       		.byte	0
 723 011e 08       		.uleb128 0x8
 724 011f 00000000 		.4byte	.LASF16
 725 0123 03       		.byte	0x3
 726 0124 B5       		.byte	0xb5
 727 0125 2F010000 		.4byte	0x12f
 728 0129 05       		.uleb128 0x5
 729 012a 03       		.byte	0x3
 730 012b 00000000 		.4byte	cy_metadata
 731 012f 07       		.uleb128 0x7
 732 0130 0E010000 		.4byte	0x10e
 733 0134 00       		.byte	0
 734              		.section	.debug_abbrev,"",%progbits
 735              	.Ldebug_abbrev0:
 736 0000 01       		.uleb128 0x1
 737 0001 11       		.uleb128 0x11
ARM GAS  C:\Users\sdysart\AppData\Local\Temp\ccWKmqFu.s 			page 14


 738 0002 01       		.byte	0x1
 739 0003 25       		.uleb128 0x25
 740 0004 0E       		.uleb128 0xe
 741 0005 13       		.uleb128 0x13
 742 0006 0B       		.uleb128 0xb
 743 0007 03       		.uleb128 0x3
 744 0008 0E       		.uleb128 0xe
 745 0009 1B       		.uleb128 0x1b
 746 000a 0E       		.uleb128 0xe
 747 000b 10       		.uleb128 0x10
 748 000c 17       		.uleb128 0x17
 749 000d 00       		.byte	0
 750 000e 00       		.byte	0
 751 000f 02       		.uleb128 0x2
 752 0010 24       		.uleb128 0x24
 753 0011 00       		.byte	0
 754 0012 0B       		.uleb128 0xb
 755 0013 0B       		.uleb128 0xb
 756 0014 3E       		.uleb128 0x3e
 757 0015 0B       		.uleb128 0xb
 758 0016 03       		.uleb128 0x3
 759 0017 0E       		.uleb128 0xe
 760 0018 00       		.byte	0
 761 0019 00       		.byte	0
 762 001a 03       		.uleb128 0x3
 763 001b 16       		.uleb128 0x16
 764 001c 00       		.byte	0
 765 001d 03       		.uleb128 0x3
 766 001e 0E       		.uleb128 0xe
 767 001f 3A       		.uleb128 0x3a
 768 0020 0B       		.uleb128 0xb
 769 0021 3B       		.uleb128 0x3b
 770 0022 0B       		.uleb128 0xb
 771 0023 49       		.uleb128 0x49
 772 0024 13       		.uleb128 0x13
 773 0025 00       		.byte	0
 774 0026 00       		.byte	0
 775 0027 04       		.uleb128 0x4
 776 0028 24       		.uleb128 0x24
 777 0029 00       		.byte	0
 778 002a 0B       		.uleb128 0xb
 779 002b 0B       		.uleb128 0xb
 780 002c 3E       		.uleb128 0x3e
 781 002d 0B       		.uleb128 0xb
 782 002e 03       		.uleb128 0x3
 783 002f 08       		.uleb128 0x8
 784 0030 00       		.byte	0
 785 0031 00       		.byte	0
 786 0032 05       		.uleb128 0x5
 787 0033 01       		.uleb128 0x1
 788 0034 01       		.byte	0x1
 789 0035 49       		.uleb128 0x49
 790 0036 13       		.uleb128 0x13
 791 0037 01       		.uleb128 0x1
 792 0038 13       		.uleb128 0x13
 793 0039 00       		.byte	0
 794 003a 00       		.byte	0
ARM GAS  C:\Users\sdysart\AppData\Local\Temp\ccWKmqFu.s 			page 15


 795 003b 06       		.uleb128 0x6
 796 003c 21       		.uleb128 0x21
 797 003d 00       		.byte	0
 798 003e 49       		.uleb128 0x49
 799 003f 13       		.uleb128 0x13
 800 0040 2F       		.uleb128 0x2f
 801 0041 05       		.uleb128 0x5
 802 0042 00       		.byte	0
 803 0043 00       		.byte	0
 804 0044 07       		.uleb128 0x7
 805 0045 26       		.uleb128 0x26
 806 0046 00       		.byte	0
 807 0047 49       		.uleb128 0x49
 808 0048 13       		.uleb128 0x13
 809 0049 00       		.byte	0
 810 004a 00       		.byte	0
 811 004b 08       		.uleb128 0x8
 812 004c 34       		.uleb128 0x34
 813 004d 00       		.byte	0
 814 004e 03       		.uleb128 0x3
 815 004f 0E       		.uleb128 0xe
 816 0050 3A       		.uleb128 0x3a
 817 0051 0B       		.uleb128 0xb
 818 0052 3B       		.uleb128 0x3b
 819 0053 0B       		.uleb128 0xb
 820 0054 49       		.uleb128 0x49
 821 0055 13       		.uleb128 0x13
 822 0056 3F       		.uleb128 0x3f
 823 0057 19       		.uleb128 0x19
 824 0058 02       		.uleb128 0x2
 825 0059 18       		.uleb128 0x18
 826 005a 00       		.byte	0
 827 005b 00       		.byte	0
 828 005c 09       		.uleb128 0x9
 829 005d 21       		.uleb128 0x21
 830 005e 00       		.byte	0
 831 005f 49       		.uleb128 0x49
 832 0060 13       		.uleb128 0x13
 833 0061 2F       		.uleb128 0x2f
 834 0062 0B       		.uleb128 0xb
 835 0063 00       		.byte	0
 836 0064 00       		.byte	0
 837 0065 00       		.byte	0
 838              		.section	.debug_aranges,"",%progbits
 839 0000 14000000 		.4byte	0x14
 840 0004 0200     		.2byte	0x2
 841 0006 00000000 		.4byte	.Ldebug_info0
 842 000a 04       		.byte	0x4
 843 000b 00       		.byte	0
 844 000c 0000     		.2byte	0
 845 000e 0000     		.2byte	0
 846 0010 00000000 		.4byte	0
 847 0014 00000000 		.4byte	0
 848              		.section	.debug_line,"",%progbits
 849              	.Ldebug_line0:
 850 0000 3D010000 		.section	.debug_str,"MS",%progbits,1
 850      02003701 
ARM GAS  C:\Users\sdysart\AppData\Local\Temp\ccWKmqFu.s 			page 16


 850      00000201 
 850      FB0E0D00 
 850      01010101 
 851              	.LASF16:
 852 0000 63795F6D 		.ascii	"cy_metadata\000"
 852      65746164 
 852      61746100 
 853              	.LASF9:
 854 000c 5F5F7569 		.ascii	"__uint8_t\000"
 854      6E74385F 
 854      7400
 855              	.LASF19:
 856 0016 433A5C55 		.ascii	"C:\\Users\\sdysart\\Documents\\UACS\\UACS\\FSK\\Low"
 856      73657273 
 856      5C736479 
 856      73617274 
 856      5C446F63 
 857 0042 4654782E 		.ascii	"FTx.cydsn\000"
 857      63796473 
 857      6E00
 858              	.LASF1:
 859 004c 756E7369 		.ascii	"unsigned char\000"
 859      676E6564 
 859      20636861 
 859      7200
 860              	.LASF17:
 861 005a 474E5520 		.ascii	"GNU C11 5.4.1 20160609 (release) [ARM/embedded-5-br"
 861      43313120 
 861      352E342E 
 861      31203230 
 861      31363036 
 862 008d 616E6368 		.ascii	"anch revision 237715] -mcpu=cortex-m3 -mthumb -g -O"
 862      20726576 
 862      6973696F 
 862      6E203233 
 862      37373135 
 863 00c0 67202D66 		.ascii	"g -ffunction-sections -ffat-lto-objects\000"
 863      66756E63 
 863      74696F6E 
 863      2D736563 
 863      74696F6E 
 864              	.LASF5:
 865 00e8 6C6F6E67 		.ascii	"long unsigned int\000"
 865      20756E73 
 865      69676E65 
 865      6420696E 
 865      7400
 866              	.LASF3:
 867 00fa 73686F72 		.ascii	"short unsigned int\000"
 867      7420756E 
 867      7369676E 
 867      65642069 
 867      6E7400
 868              	.LASF13:
 869 010d 63795F6D 		.ascii	"cy_meta_custnvl\000"
 869      6574615F 
 869      63757374 
ARM GAS  C:\Users\sdysart\AppData\Local\Temp\ccWKmqFu.s 			page 17


 869      6E766C00 
 870              	.LASF12:
 871 011d 63795F6D 		.ascii	"cy_meta_configecc\000"
 871      6574615F 
 871      636F6E66 
 871      69676563 
 871      6300
 872              	.LASF8:
 873 012f 756E7369 		.ascii	"unsigned int\000"
 873      676E6564 
 873      20696E74 
 873      00
 874              	.LASF7:
 875 013c 6C6F6E67 		.ascii	"long long unsigned int\000"
 875      206C6F6E 
 875      6720756E 
 875      7369676E 
 875      65642069 
 876              	.LASF10:
 877 0153 75696E74 		.ascii	"uint8_t\000"
 877      385F7400 
 878              	.LASF15:
 879 015b 63795F6D 		.ascii	"cy_meta_flashprotect\000"
 879      6574615F 
 879      666C6173 
 879      6870726F 
 879      74656374 
 880              	.LASF14:
 881 0170 63795F6D 		.ascii	"cy_meta_wonvl\000"
 881      6574615F 
 881      776F6E76 
 881      6C00
 882              	.LASF11:
 883 017e 73697A65 		.ascii	"sizetype\000"
 883      74797065 
 883      00
 884              	.LASF6:
 885 0187 6C6F6E67 		.ascii	"long long int\000"
 885      206C6F6E 
 885      6720696E 
 885      7400
 886              	.LASF2:
 887 0195 73686F72 		.ascii	"short int\000"
 887      7420696E 
 887      7400
 888              	.LASF4:
 889 019f 6C6F6E67 		.ascii	"long int\000"
 889      20696E74 
 889      00
 890              	.LASF0:
 891 01a8 7369676E 		.ascii	"signed char\000"
 891      65642063 
 891      68617200 
 892              	.LASF18:
 893 01b4 47656E65 		.ascii	"Generated_Source\\PSoC5\\cymetadata.c\000"
 893      72617465 
 893      645F536F 
ARM GAS  C:\Users\sdysart\AppData\Local\Temp\ccWKmqFu.s 			page 18


 893      75726365 
 893      5C50536F 
 894              		.ident	"GCC: (GNU Tools for ARM Embedded Processors) 5.4.1 20160609 (release) [ARM/embedded-5-bran
