ARM GAS  C:\Users\ipfajard\AppData\Local\Temp\ccfJ5COB.s 			page 1


   1              		.syntax unified
   2              		.cpu cortex-m3
   3              		.fpu softvfp
   4              		.eabi_attribute 20, 1
   5              		.eabi_attribute 21, 1
   6              		.eabi_attribute 23, 3
   7              		.eabi_attribute 24, 1
   8              		.eabi_attribute 25, 1
   9              		.eabi_attribute 26, 1
  10              		.eabi_attribute 30, 1
  11              		.eabi_attribute 34, 1
  12              		.eabi_attribute 18, 4
  13              		.thumb
  14              		.syntax unified
  15              		.file	"FSKOutput.c"
  16              		.text
  17              	.Ltext0:
  18              		.cfi_sections	.debug_frame
  19              		.section	.text.FSKOutput_Enable,"ax",%progbits
  20              		.align	2
  21              		.global	FSKOutput_Enable
  22              		.thumb
  23              		.thumb_func
  24              		.type	FSKOutput_Enable, %function
  25              	FSKOutput_Enable:
  26              	.LFB1:
  27              		.file 1 "Generated_Source\\PSoC5\\FSKOutput.c"
   1:Generated_Source\PSoC5/FSKOutput.c **** /*******************************************************************************
   2:Generated_Source\PSoC5/FSKOutput.c **** * File Name: FSKOutput.c  
   3:Generated_Source\PSoC5/FSKOutput.c **** * Version 1.90
   4:Generated_Source\PSoC5/FSKOutput.c **** *
   5:Generated_Source\PSoC5/FSKOutput.c **** * Description:
   6:Generated_Source\PSoC5/FSKOutput.c **** *  This file provides the source code to the API for the 8-bit Voltage DAC 
   7:Generated_Source\PSoC5/FSKOutput.c **** *  (VDAC8) User Module.
   8:Generated_Source\PSoC5/FSKOutput.c **** *
   9:Generated_Source\PSoC5/FSKOutput.c **** * Note:
  10:Generated_Source\PSoC5/FSKOutput.c **** *  Any unusual or non-standard behavior should be noted here. Other-
  11:Generated_Source\PSoC5/FSKOutput.c **** *  wise, this section should remain blank.
  12:Generated_Source\PSoC5/FSKOutput.c **** *
  13:Generated_Source\PSoC5/FSKOutput.c **** ********************************************************************************
  14:Generated_Source\PSoC5/FSKOutput.c **** * Copyright 2008-2012, Cypress Semiconductor Corporation.  All rights reserved.
  15:Generated_Source\PSoC5/FSKOutput.c **** * You may use this file only in accordance with the license, terms, conditions, 
  16:Generated_Source\PSoC5/FSKOutput.c **** * disclaimers, and limitations in the end user license agreement accompanying 
  17:Generated_Source\PSoC5/FSKOutput.c **** * the software package with which this file was provided.
  18:Generated_Source\PSoC5/FSKOutput.c **** *******************************************************************************/
  19:Generated_Source\PSoC5/FSKOutput.c **** 
  20:Generated_Source\PSoC5/FSKOutput.c **** #include "cytypes.h"
  21:Generated_Source\PSoC5/FSKOutput.c **** #include "FSKOutput.h"
  22:Generated_Source\PSoC5/FSKOutput.c **** 
  23:Generated_Source\PSoC5/FSKOutput.c **** #if (CY_PSOC5A)
  24:Generated_Source\PSoC5/FSKOutput.c **** #include <CyLib.h>
  25:Generated_Source\PSoC5/FSKOutput.c **** #endif /* CY_PSOC5A */
  26:Generated_Source\PSoC5/FSKOutput.c **** 
  27:Generated_Source\PSoC5/FSKOutput.c **** uint8 FSKOutput_initVar = 0u;
  28:Generated_Source\PSoC5/FSKOutput.c **** 
  29:Generated_Source\PSoC5/FSKOutput.c **** #if (CY_PSOC5A)
  30:Generated_Source\PSoC5/FSKOutput.c ****     static uint8 FSKOutput_restoreVal = 0u;
ARM GAS  C:\Users\ipfajard\AppData\Local\Temp\ccfJ5COB.s 			page 2


  31:Generated_Source\PSoC5/FSKOutput.c **** #endif /* CY_PSOC5A */
  32:Generated_Source\PSoC5/FSKOutput.c **** 
  33:Generated_Source\PSoC5/FSKOutput.c **** #if (CY_PSOC5A)
  34:Generated_Source\PSoC5/FSKOutput.c ****     static FSKOutput_backupStruct FSKOutput_backup;
  35:Generated_Source\PSoC5/FSKOutput.c **** #endif /* CY_PSOC5A */
  36:Generated_Source\PSoC5/FSKOutput.c **** 
  37:Generated_Source\PSoC5/FSKOutput.c **** 
  38:Generated_Source\PSoC5/FSKOutput.c **** /*******************************************************************************
  39:Generated_Source\PSoC5/FSKOutput.c **** * Function Name: FSKOutput_Init
  40:Generated_Source\PSoC5/FSKOutput.c **** ********************************************************************************
  41:Generated_Source\PSoC5/FSKOutput.c **** * Summary:
  42:Generated_Source\PSoC5/FSKOutput.c **** *  Initialize to the schematic state.
  43:Generated_Source\PSoC5/FSKOutput.c **** * 
  44:Generated_Source\PSoC5/FSKOutput.c **** * Parameters:
  45:Generated_Source\PSoC5/FSKOutput.c **** *  void:
  46:Generated_Source\PSoC5/FSKOutput.c **** *
  47:Generated_Source\PSoC5/FSKOutput.c **** * Return:
  48:Generated_Source\PSoC5/FSKOutput.c **** *  void
  49:Generated_Source\PSoC5/FSKOutput.c **** *
  50:Generated_Source\PSoC5/FSKOutput.c **** * Theory:
  51:Generated_Source\PSoC5/FSKOutput.c **** *
  52:Generated_Source\PSoC5/FSKOutput.c **** * Side Effects:
  53:Generated_Source\PSoC5/FSKOutput.c **** *
  54:Generated_Source\PSoC5/FSKOutput.c **** *******************************************************************************/
  55:Generated_Source\PSoC5/FSKOutput.c **** void FSKOutput_Init(void) 
  56:Generated_Source\PSoC5/FSKOutput.c **** {
  57:Generated_Source\PSoC5/FSKOutput.c ****     FSKOutput_CR0 = (FSKOutput_MODE_V );
  58:Generated_Source\PSoC5/FSKOutput.c **** 
  59:Generated_Source\PSoC5/FSKOutput.c ****     /* Set default data source */
  60:Generated_Source\PSoC5/FSKOutput.c ****     #if(FSKOutput_DEFAULT_DATA_SRC != 0 )
  61:Generated_Source\PSoC5/FSKOutput.c ****         FSKOutput_CR1 = (FSKOutput_DEFAULT_CNTL | FSKOutput_DACBUS_ENABLE) ;
  62:Generated_Source\PSoC5/FSKOutput.c ****     #else
  63:Generated_Source\PSoC5/FSKOutput.c ****         FSKOutput_CR1 = (FSKOutput_DEFAULT_CNTL | FSKOutput_DACBUS_DISABLE) ;
  64:Generated_Source\PSoC5/FSKOutput.c ****     #endif /* (FSKOutput_DEFAULT_DATA_SRC != 0 ) */
  65:Generated_Source\PSoC5/FSKOutput.c **** 
  66:Generated_Source\PSoC5/FSKOutput.c ****     /* Set default strobe mode */
  67:Generated_Source\PSoC5/FSKOutput.c ****     #if(FSKOutput_DEFAULT_STRB != 0)
  68:Generated_Source\PSoC5/FSKOutput.c ****         FSKOutput_Strobe |= FSKOutput_STRB_EN ;
  69:Generated_Source\PSoC5/FSKOutput.c ****     #endif/* (FSKOutput_DEFAULT_STRB != 0) */
  70:Generated_Source\PSoC5/FSKOutput.c **** 
  71:Generated_Source\PSoC5/FSKOutput.c ****     /* Set default range */
  72:Generated_Source\PSoC5/FSKOutput.c ****     FSKOutput_SetRange(FSKOutput_DEFAULT_RANGE); 
  73:Generated_Source\PSoC5/FSKOutput.c **** 
  74:Generated_Source\PSoC5/FSKOutput.c ****     /* Set default speed */
  75:Generated_Source\PSoC5/FSKOutput.c ****     FSKOutput_SetSpeed(FSKOutput_DEFAULT_SPEED);
  76:Generated_Source\PSoC5/FSKOutput.c **** }
  77:Generated_Source\PSoC5/FSKOutput.c **** 
  78:Generated_Source\PSoC5/FSKOutput.c **** 
  79:Generated_Source\PSoC5/FSKOutput.c **** /*******************************************************************************
  80:Generated_Source\PSoC5/FSKOutput.c **** * Function Name: FSKOutput_Enable
  81:Generated_Source\PSoC5/FSKOutput.c **** ********************************************************************************
  82:Generated_Source\PSoC5/FSKOutput.c **** * Summary:
  83:Generated_Source\PSoC5/FSKOutput.c **** *  Enable the VDAC8
  84:Generated_Source\PSoC5/FSKOutput.c **** * 
  85:Generated_Source\PSoC5/FSKOutput.c **** * Parameters:
  86:Generated_Source\PSoC5/FSKOutput.c **** *  void
  87:Generated_Source\PSoC5/FSKOutput.c **** *
ARM GAS  C:\Users\ipfajard\AppData\Local\Temp\ccfJ5COB.s 			page 3


  88:Generated_Source\PSoC5/FSKOutput.c **** * Return:
  89:Generated_Source\PSoC5/FSKOutput.c **** *  void
  90:Generated_Source\PSoC5/FSKOutput.c **** *
  91:Generated_Source\PSoC5/FSKOutput.c **** * Theory:
  92:Generated_Source\PSoC5/FSKOutput.c **** *
  93:Generated_Source\PSoC5/FSKOutput.c **** * Side Effects:
  94:Generated_Source\PSoC5/FSKOutput.c **** *
  95:Generated_Source\PSoC5/FSKOutput.c **** *******************************************************************************/
  96:Generated_Source\PSoC5/FSKOutput.c **** void FSKOutput_Enable(void) 
  97:Generated_Source\PSoC5/FSKOutput.c **** {
  28              		.loc 1 97 0
  29              		.cfi_startproc
  30              		@ args = 0, pretend = 0, frame = 0
  31              		@ frame_needed = 0, uses_anonymous_args = 0
  32              		@ link register save eliminated.
  98:Generated_Source\PSoC5/FSKOutput.c ****     FSKOutput_PWRMGR |= FSKOutput_ACT_PWR_EN;
  33              		.loc 1 98 0
  34 0000 054A     		ldr	r2, .L2
  35 0002 1378     		ldrb	r3, [r2]	@ zero_extendqisi2
  36 0004 43F00803 		orr	r3, r3, #8
  37 0008 1370     		strb	r3, [r2]
  99:Generated_Source\PSoC5/FSKOutput.c ****     FSKOutput_STBY_PWRMGR |= FSKOutput_STBY_PWR_EN;
  38              		.loc 1 99 0
  39 000a 1032     		adds	r2, r2, #16
  40 000c 1378     		ldrb	r3, [r2]	@ zero_extendqisi2
  41 000e 43F00803 		orr	r3, r3, #8
  42 0012 1370     		strb	r3, [r2]
  43 0014 7047     		bx	lr
  44              	.L3:
  45 0016 00BF     		.align	2
  46              	.L2:
  47 0018 A8430040 		.word	1073759144
  48              		.cfi_endproc
  49              	.LFE1:
  50              		.size	FSKOutput_Enable, .-FSKOutput_Enable
  51              		.section	.text.FSKOutput_Stop,"ax",%progbits
  52              		.align	2
  53              		.global	FSKOutput_Stop
  54              		.thumb
  55              		.thumb_func
  56              		.type	FSKOutput_Stop, %function
  57              	FSKOutput_Stop:
  58              	.LFB3:
 100:Generated_Source\PSoC5/FSKOutput.c **** 
 101:Generated_Source\PSoC5/FSKOutput.c ****     /*This is to restore the value of register CR0 ,
 102:Generated_Source\PSoC5/FSKOutput.c ****     which is modified  in Stop API , this prevents misbehaviour of VDAC */
 103:Generated_Source\PSoC5/FSKOutput.c ****     #if (CY_PSOC5A)
 104:Generated_Source\PSoC5/FSKOutput.c ****         if(FSKOutput_restoreVal == 1u) 
 105:Generated_Source\PSoC5/FSKOutput.c ****         {
 106:Generated_Source\PSoC5/FSKOutput.c ****              FSKOutput_CR0 = FSKOutput_backup.data_value;
 107:Generated_Source\PSoC5/FSKOutput.c ****              FSKOutput_restoreVal = 0u;
 108:Generated_Source\PSoC5/FSKOutput.c ****         }
 109:Generated_Source\PSoC5/FSKOutput.c ****     #endif /* CY_PSOC5A */
 110:Generated_Source\PSoC5/FSKOutput.c **** }
 111:Generated_Source\PSoC5/FSKOutput.c **** 
 112:Generated_Source\PSoC5/FSKOutput.c **** 
 113:Generated_Source\PSoC5/FSKOutput.c **** /*******************************************************************************
ARM GAS  C:\Users\ipfajard\AppData\Local\Temp\ccfJ5COB.s 			page 4


 114:Generated_Source\PSoC5/FSKOutput.c **** * Function Name: FSKOutput_Start
 115:Generated_Source\PSoC5/FSKOutput.c **** ********************************************************************************
 116:Generated_Source\PSoC5/FSKOutput.c **** *
 117:Generated_Source\PSoC5/FSKOutput.c **** * Summary:
 118:Generated_Source\PSoC5/FSKOutput.c **** *  The start function initializes the voltage DAC with the default values, 
 119:Generated_Source\PSoC5/FSKOutput.c **** *  and sets the power to the given level.  A power level of 0, is the same as
 120:Generated_Source\PSoC5/FSKOutput.c **** *  executing the stop function.
 121:Generated_Source\PSoC5/FSKOutput.c **** *
 122:Generated_Source\PSoC5/FSKOutput.c **** * Parameters:
 123:Generated_Source\PSoC5/FSKOutput.c **** *  Power: Sets power level between off (0) and (3) high power
 124:Generated_Source\PSoC5/FSKOutput.c **** *
 125:Generated_Source\PSoC5/FSKOutput.c **** * Return:
 126:Generated_Source\PSoC5/FSKOutput.c **** *  void 
 127:Generated_Source\PSoC5/FSKOutput.c **** *
 128:Generated_Source\PSoC5/FSKOutput.c **** * Global variables:
 129:Generated_Source\PSoC5/FSKOutput.c **** *  FSKOutput_initVar: Is modified when this function is called for the 
 130:Generated_Source\PSoC5/FSKOutput.c **** *  first time. Is used to ensure that initialization happens only once.
 131:Generated_Source\PSoC5/FSKOutput.c **** *
 132:Generated_Source\PSoC5/FSKOutput.c **** *******************************************************************************/
 133:Generated_Source\PSoC5/FSKOutput.c **** void FSKOutput_Start(void)  
 134:Generated_Source\PSoC5/FSKOutput.c **** {
 135:Generated_Source\PSoC5/FSKOutput.c ****     /* Hardware initiazation only needs to occure the first time */
 136:Generated_Source\PSoC5/FSKOutput.c ****     if(FSKOutput_initVar == 0u)
 137:Generated_Source\PSoC5/FSKOutput.c ****     { 
 138:Generated_Source\PSoC5/FSKOutput.c ****         FSKOutput_Init();
 139:Generated_Source\PSoC5/FSKOutput.c ****         FSKOutput_initVar = 1u;
 140:Generated_Source\PSoC5/FSKOutput.c ****     }
 141:Generated_Source\PSoC5/FSKOutput.c **** 
 142:Generated_Source\PSoC5/FSKOutput.c ****     /* Enable power to DAC */
 143:Generated_Source\PSoC5/FSKOutput.c ****     FSKOutput_Enable();
 144:Generated_Source\PSoC5/FSKOutput.c **** 
 145:Generated_Source\PSoC5/FSKOutput.c ****     /* Set default value */
 146:Generated_Source\PSoC5/FSKOutput.c ****     FSKOutput_SetValue(FSKOutput_DEFAULT_DATA); 
 147:Generated_Source\PSoC5/FSKOutput.c **** }
 148:Generated_Source\PSoC5/FSKOutput.c **** 
 149:Generated_Source\PSoC5/FSKOutput.c **** 
 150:Generated_Source\PSoC5/FSKOutput.c **** /*******************************************************************************
 151:Generated_Source\PSoC5/FSKOutput.c **** * Function Name: FSKOutput_Stop
 152:Generated_Source\PSoC5/FSKOutput.c **** ********************************************************************************
 153:Generated_Source\PSoC5/FSKOutput.c **** *
 154:Generated_Source\PSoC5/FSKOutput.c **** * Summary:
 155:Generated_Source\PSoC5/FSKOutput.c **** *  Powers down DAC to lowest power state.
 156:Generated_Source\PSoC5/FSKOutput.c **** *
 157:Generated_Source\PSoC5/FSKOutput.c **** * Parameters:
 158:Generated_Source\PSoC5/FSKOutput.c **** *  void
 159:Generated_Source\PSoC5/FSKOutput.c **** *
 160:Generated_Source\PSoC5/FSKOutput.c **** * Return:
 161:Generated_Source\PSoC5/FSKOutput.c **** *  void
 162:Generated_Source\PSoC5/FSKOutput.c **** *
 163:Generated_Source\PSoC5/FSKOutput.c **** * Theory:
 164:Generated_Source\PSoC5/FSKOutput.c **** *
 165:Generated_Source\PSoC5/FSKOutput.c **** * Side Effects:
 166:Generated_Source\PSoC5/FSKOutput.c **** *
 167:Generated_Source\PSoC5/FSKOutput.c **** *******************************************************************************/
 168:Generated_Source\PSoC5/FSKOutput.c **** void FSKOutput_Stop(void) 
 169:Generated_Source\PSoC5/FSKOutput.c **** {
  59              		.loc 1 169 0
ARM GAS  C:\Users\ipfajard\AppData\Local\Temp\ccfJ5COB.s 			page 5


  60              		.cfi_startproc
  61              		@ args = 0, pretend = 0, frame = 0
  62              		@ frame_needed = 0, uses_anonymous_args = 0
  63              		@ link register save eliminated.
 170:Generated_Source\PSoC5/FSKOutput.c ****     /* Disble power to DAC */
 171:Generated_Source\PSoC5/FSKOutput.c ****     FSKOutput_PWRMGR &= (uint8)(~FSKOutput_ACT_PWR_EN);
  64              		.loc 1 171 0
  65 0000 054A     		ldr	r2, .L5
  66 0002 1378     		ldrb	r3, [r2]	@ zero_extendqisi2
  67 0004 03F0F703 		and	r3, r3, #247
  68 0008 1370     		strb	r3, [r2]
 172:Generated_Source\PSoC5/FSKOutput.c ****     FSKOutput_STBY_PWRMGR &= (uint8)(~FSKOutput_STBY_PWR_EN);
  69              		.loc 1 172 0
  70 000a 1032     		adds	r2, r2, #16
  71 000c 1378     		ldrb	r3, [r2]	@ zero_extendqisi2
  72 000e 03F0F703 		and	r3, r3, #247
  73 0012 1370     		strb	r3, [r2]
  74 0014 7047     		bx	lr
  75              	.L6:
  76 0016 00BF     		.align	2
  77              	.L5:
  78 0018 A8430040 		.word	1073759144
  79              		.cfi_endproc
  80              	.LFE3:
  81              		.size	FSKOutput_Stop, .-FSKOutput_Stop
  82              		.section	.text.FSKOutput_SetSpeed,"ax",%progbits
  83              		.align	2
  84              		.global	FSKOutput_SetSpeed
  85              		.thumb
  86              		.thumb_func
  87              		.type	FSKOutput_SetSpeed, %function
  88              	FSKOutput_SetSpeed:
  89              	.LFB4:
 173:Generated_Source\PSoC5/FSKOutput.c **** 
 174:Generated_Source\PSoC5/FSKOutput.c ****     /* This is a work around for PSoC5A  ,
 175:Generated_Source\PSoC5/FSKOutput.c ****     this sets VDAC to current mode with output off */
 176:Generated_Source\PSoC5/FSKOutput.c ****     #if (CY_PSOC5A)
 177:Generated_Source\PSoC5/FSKOutput.c ****         FSKOutput_backup.data_value = FSKOutput_CR0;
 178:Generated_Source\PSoC5/FSKOutput.c ****         FSKOutput_CR0 = FSKOutput_CUR_MODE_OUT_OFF;
 179:Generated_Source\PSoC5/FSKOutput.c ****         FSKOutput_restoreVal = 1u;
 180:Generated_Source\PSoC5/FSKOutput.c ****     #endif /* CY_PSOC5A */
 181:Generated_Source\PSoC5/FSKOutput.c **** }
 182:Generated_Source\PSoC5/FSKOutput.c **** 
 183:Generated_Source\PSoC5/FSKOutput.c **** 
 184:Generated_Source\PSoC5/FSKOutput.c **** /*******************************************************************************
 185:Generated_Source\PSoC5/FSKOutput.c **** * Function Name: FSKOutput_SetSpeed
 186:Generated_Source\PSoC5/FSKOutput.c **** ********************************************************************************
 187:Generated_Source\PSoC5/FSKOutput.c **** *
 188:Generated_Source\PSoC5/FSKOutput.c **** * Summary:
 189:Generated_Source\PSoC5/FSKOutput.c **** *  Set DAC speed
 190:Generated_Source\PSoC5/FSKOutput.c **** *
 191:Generated_Source\PSoC5/FSKOutput.c **** * Parameters:
 192:Generated_Source\PSoC5/FSKOutput.c **** *  power: Sets speed value
 193:Generated_Source\PSoC5/FSKOutput.c **** *
 194:Generated_Source\PSoC5/FSKOutput.c **** * Return:
 195:Generated_Source\PSoC5/FSKOutput.c **** *  void
 196:Generated_Source\PSoC5/FSKOutput.c **** *
ARM GAS  C:\Users\ipfajard\AppData\Local\Temp\ccfJ5COB.s 			page 6


 197:Generated_Source\PSoC5/FSKOutput.c **** * Theory:
 198:Generated_Source\PSoC5/FSKOutput.c **** *
 199:Generated_Source\PSoC5/FSKOutput.c **** * Side Effects:
 200:Generated_Source\PSoC5/FSKOutput.c **** *
 201:Generated_Source\PSoC5/FSKOutput.c **** *******************************************************************************/
 202:Generated_Source\PSoC5/FSKOutput.c **** void FSKOutput_SetSpeed(uint8 speed) 
 203:Generated_Source\PSoC5/FSKOutput.c **** {
  90              		.loc 1 203 0
  91              		.cfi_startproc
  92              		@ args = 0, pretend = 0, frame = 0
  93              		@ frame_needed = 0, uses_anonymous_args = 0
  94              		@ link register save eliminated.
  95              	.LVL0:
 204:Generated_Source\PSoC5/FSKOutput.c ****     /* Clear power mask then write in new value */
 205:Generated_Source\PSoC5/FSKOutput.c ****     FSKOutput_CR0 &= (uint8)(~FSKOutput_HS_MASK);
  96              		.loc 1 205 0
  97 0000 054B     		ldr	r3, .L8
  98 0002 1A78     		ldrb	r2, [r3]	@ zero_extendqisi2
  99 0004 02F0FD02 		and	r2, r2, #253
 100 0008 1A70     		strb	r2, [r3]
 206:Generated_Source\PSoC5/FSKOutput.c ****     FSKOutput_CR0 |=  (speed & FSKOutput_HS_MASK);
 101              		.loc 1 206 0
 102 000a 1A78     		ldrb	r2, [r3]	@ zero_extendqisi2
 103 000c 00F00200 		and	r0, r0, #2
 104              	.LVL1:
 105 0010 1043     		orrs	r0, r0, r2
 106 0012 1870     		strb	r0, [r3]
 107 0014 7047     		bx	lr
 108              	.L9:
 109 0016 00BF     		.align	2
 110              	.L8:
 111 0018 2C580040 		.word	1073764396
 112              		.cfi_endproc
 113              	.LFE4:
 114              		.size	FSKOutput_SetSpeed, .-FSKOutput_SetSpeed
 115              		.section	.text.FSKOutput_SetValue,"ax",%progbits
 116              		.align	2
 117              		.global	FSKOutput_SetValue
 118              		.thumb
 119              		.thumb_func
 120              		.type	FSKOutput_SetValue, %function
 121              	FSKOutput_SetValue:
 122              	.LFB6:
 207:Generated_Source\PSoC5/FSKOutput.c **** }
 208:Generated_Source\PSoC5/FSKOutput.c **** 
 209:Generated_Source\PSoC5/FSKOutput.c **** 
 210:Generated_Source\PSoC5/FSKOutput.c **** /*******************************************************************************
 211:Generated_Source\PSoC5/FSKOutput.c **** * Function Name: FSKOutput_SetRange
 212:Generated_Source\PSoC5/FSKOutput.c **** ********************************************************************************
 213:Generated_Source\PSoC5/FSKOutput.c **** *
 214:Generated_Source\PSoC5/FSKOutput.c **** * Summary:
 215:Generated_Source\PSoC5/FSKOutput.c **** *  Set one of three current ranges.
 216:Generated_Source\PSoC5/FSKOutput.c **** *
 217:Generated_Source\PSoC5/FSKOutput.c **** * Parameters:
 218:Generated_Source\PSoC5/FSKOutput.c **** *  Range: Sets one of Three valid ranges.
 219:Generated_Source\PSoC5/FSKOutput.c **** *
 220:Generated_Source\PSoC5/FSKOutput.c **** * Return:
ARM GAS  C:\Users\ipfajard\AppData\Local\Temp\ccfJ5COB.s 			page 7


 221:Generated_Source\PSoC5/FSKOutput.c **** *  void 
 222:Generated_Source\PSoC5/FSKOutput.c **** *
 223:Generated_Source\PSoC5/FSKOutput.c **** * Theory:
 224:Generated_Source\PSoC5/FSKOutput.c **** *
 225:Generated_Source\PSoC5/FSKOutput.c **** * Side Effects:
 226:Generated_Source\PSoC5/FSKOutput.c **** *
 227:Generated_Source\PSoC5/FSKOutput.c **** *******************************************************************************/
 228:Generated_Source\PSoC5/FSKOutput.c **** void FSKOutput_SetRange(uint8 range) 
 229:Generated_Source\PSoC5/FSKOutput.c **** {
 230:Generated_Source\PSoC5/FSKOutput.c ****     FSKOutput_CR0 &= (uint8)(~FSKOutput_RANGE_MASK);      /* Clear existing mode */
 231:Generated_Source\PSoC5/FSKOutput.c ****     FSKOutput_CR0 |= (range & FSKOutput_RANGE_MASK);      /*  Set Range  */
 232:Generated_Source\PSoC5/FSKOutput.c ****     FSKOutput_DacTrim();
 233:Generated_Source\PSoC5/FSKOutput.c **** }
 234:Generated_Source\PSoC5/FSKOutput.c **** 
 235:Generated_Source\PSoC5/FSKOutput.c **** 
 236:Generated_Source\PSoC5/FSKOutput.c **** /*******************************************************************************
 237:Generated_Source\PSoC5/FSKOutput.c **** * Function Name: FSKOutput_SetValue
 238:Generated_Source\PSoC5/FSKOutput.c **** ********************************************************************************
 239:Generated_Source\PSoC5/FSKOutput.c **** *
 240:Generated_Source\PSoC5/FSKOutput.c **** * Summary:
 241:Generated_Source\PSoC5/FSKOutput.c **** *  Set 8-bit DAC value
 242:Generated_Source\PSoC5/FSKOutput.c **** *
 243:Generated_Source\PSoC5/FSKOutput.c **** * Parameters:  
 244:Generated_Source\PSoC5/FSKOutput.c **** *  value:  Sets DAC value between 0 and 255.
 245:Generated_Source\PSoC5/FSKOutput.c **** *
 246:Generated_Source\PSoC5/FSKOutput.c **** * Return: 
 247:Generated_Source\PSoC5/FSKOutput.c **** *  void 
 248:Generated_Source\PSoC5/FSKOutput.c **** *
 249:Generated_Source\PSoC5/FSKOutput.c **** * Theory: 
 250:Generated_Source\PSoC5/FSKOutput.c **** *
 251:Generated_Source\PSoC5/FSKOutput.c **** * Side Effects:
 252:Generated_Source\PSoC5/FSKOutput.c **** *
 253:Generated_Source\PSoC5/FSKOutput.c **** *******************************************************************************/
 254:Generated_Source\PSoC5/FSKOutput.c **** void FSKOutput_SetValue(uint8 value) 
 255:Generated_Source\PSoC5/FSKOutput.c **** {
 123              		.loc 1 255 0
 124              		.cfi_startproc
 125              		@ args = 0, pretend = 0, frame = 0
 126              		@ frame_needed = 0, uses_anonymous_args = 0
 127              		@ link register save eliminated.
 128              	.LVL2:
 256:Generated_Source\PSoC5/FSKOutput.c ****     #if (CY_PSOC5A)
 257:Generated_Source\PSoC5/FSKOutput.c ****         uint8 FSKOutput_intrStatus = CyEnterCriticalSection();
 258:Generated_Source\PSoC5/FSKOutput.c ****     #endif /* CY_PSOC5A */
 259:Generated_Source\PSoC5/FSKOutput.c **** 
 260:Generated_Source\PSoC5/FSKOutput.c ****     FSKOutput_Data = value;                /*  Set Value  */
 129              		.loc 1 260 0
 130 0000 014B     		ldr	r3, .L11
 131 0002 1870     		strb	r0, [r3]
 132 0004 7047     		bx	lr
 133              	.L12:
 134 0006 00BF     		.align	2
 135              	.L11:
 136 0008 835B0040 		.word	1073765251
 137              		.cfi_endproc
 138              	.LFE6:
 139              		.size	FSKOutput_SetValue, .-FSKOutput_SetValue
ARM GAS  C:\Users\ipfajard\AppData\Local\Temp\ccfJ5COB.s 			page 8


 140              		.section	.text.FSKOutput_DacTrim,"ax",%progbits
 141              		.align	2
 142              		.global	FSKOutput_DacTrim
 143              		.thumb
 144              		.thumb_func
 145              		.type	FSKOutput_DacTrim, %function
 146              	FSKOutput_DacTrim:
 147              	.LFB7:
 261:Generated_Source\PSoC5/FSKOutput.c **** 
 262:Generated_Source\PSoC5/FSKOutput.c ****     /* PSOC5A requires a double write */
 263:Generated_Source\PSoC5/FSKOutput.c ****     /* Exit Critical Section */
 264:Generated_Source\PSoC5/FSKOutput.c ****     #if (CY_PSOC5A)
 265:Generated_Source\PSoC5/FSKOutput.c ****         FSKOutput_Data = value;
 266:Generated_Source\PSoC5/FSKOutput.c ****         CyExitCriticalSection(FSKOutput_intrStatus);
 267:Generated_Source\PSoC5/FSKOutput.c ****     #endif /* CY_PSOC5A */
 268:Generated_Source\PSoC5/FSKOutput.c **** }
 269:Generated_Source\PSoC5/FSKOutput.c **** 
 270:Generated_Source\PSoC5/FSKOutput.c **** 
 271:Generated_Source\PSoC5/FSKOutput.c **** /*******************************************************************************
 272:Generated_Source\PSoC5/FSKOutput.c **** * Function Name: FSKOutput_DacTrim
 273:Generated_Source\PSoC5/FSKOutput.c **** ********************************************************************************
 274:Generated_Source\PSoC5/FSKOutput.c **** *
 275:Generated_Source\PSoC5/FSKOutput.c **** * Summary:
 276:Generated_Source\PSoC5/FSKOutput.c **** *  Set the trim value for the given range.
 277:Generated_Source\PSoC5/FSKOutput.c **** *
 278:Generated_Source\PSoC5/FSKOutput.c **** * Parameters:
 279:Generated_Source\PSoC5/FSKOutput.c **** *  range:  1V or 4V range.  See constants.
 280:Generated_Source\PSoC5/FSKOutput.c **** *
 281:Generated_Source\PSoC5/FSKOutput.c **** * Return:
 282:Generated_Source\PSoC5/FSKOutput.c **** *  void
 283:Generated_Source\PSoC5/FSKOutput.c **** *
 284:Generated_Source\PSoC5/FSKOutput.c **** * Theory: 
 285:Generated_Source\PSoC5/FSKOutput.c **** *
 286:Generated_Source\PSoC5/FSKOutput.c **** * Side Effects:
 287:Generated_Source\PSoC5/FSKOutput.c **** *
 288:Generated_Source\PSoC5/FSKOutput.c **** *******************************************************************************/
 289:Generated_Source\PSoC5/FSKOutput.c **** void FSKOutput_DacTrim(void) 
 290:Generated_Source\PSoC5/FSKOutput.c **** {
 148              		.loc 1 290 0
 149              		.cfi_startproc
 150              		@ args = 0, pretend = 0, frame = 0
 151              		@ frame_needed = 0, uses_anonymous_args = 0
 152              		@ link register save eliminated.
 291:Generated_Source\PSoC5/FSKOutput.c ****     uint8 mode;
 292:Generated_Source\PSoC5/FSKOutput.c **** 
 293:Generated_Source\PSoC5/FSKOutput.c ****     mode = (uint8)((FSKOutput_CR0 & FSKOutput_RANGE_MASK) >> 2) + FSKOutput_TRIM_M7_1V_RNG_OFFSET;
 153              		.loc 1 293 0
 154 0000 064B     		ldr	r3, .L14
 155 0002 1B78     		ldrb	r3, [r3]	@ zero_extendqisi2
 156 0004 C3F38103 		ubfx	r3, r3, #2, #2
 157              	.LVL3:
 294:Generated_Source\PSoC5/FSKOutput.c ****     FSKOutput_TR = CY_GET_XTND_REG8((uint8 *)(FSKOutput_DAC_TRIM_BASE + mode));
 158              		.loc 1 294 0
 159 0008 03F19243 		add	r3, r3, #1224736768
 160              	.LVL4:
 161 000c 0633     		adds	r3, r3, #6
 162              	.LVL5:
ARM GAS  C:\Users\ipfajard\AppData\Local\Temp\ccfJ5COB.s 			page 9


 163 000e 93F83831 		ldrb	r3, [r3, #312]	@ zero_extendqisi2
 164              	.LVL6:
 165 0012 DBB2     		uxtb	r3, r3
 166 0014 024A     		ldr	r2, .L14+4
 167 0016 1370     		strb	r3, [r2]
 168 0018 7047     		bx	lr
 169              	.L15:
 170 001a 00BF     		.align	2
 171              	.L14:
 172 001c 2C580040 		.word	1073764396
 173 0020 0B460040 		.word	1073759755
 174              		.cfi_endproc
 175              	.LFE7:
 176              		.size	FSKOutput_DacTrim, .-FSKOutput_DacTrim
 177              		.section	.text.FSKOutput_SetRange,"ax",%progbits
 178              		.align	2
 179              		.global	FSKOutput_SetRange
 180              		.thumb
 181              		.thumb_func
 182              		.type	FSKOutput_SetRange, %function
 183              	FSKOutput_SetRange:
 184              	.LFB5:
 229:Generated_Source\PSoC5/FSKOutput.c ****     FSKOutput_CR0 &= (uint8)(~FSKOutput_RANGE_MASK);      /* Clear existing mode */
 185              		.loc 1 229 0
 186              		.cfi_startproc
 187              		@ args = 0, pretend = 0, frame = 0
 188              		@ frame_needed = 0, uses_anonymous_args = 0
 189              	.LVL7:
 190 0000 08B5     		push	{r3, lr}
 191              		.cfi_def_cfa_offset 8
 192              		.cfi_offset 3, -8
 193              		.cfi_offset 14, -4
 230:Generated_Source\PSoC5/FSKOutput.c ****     FSKOutput_CR0 |= (range & FSKOutput_RANGE_MASK);      /*  Set Range  */
 194              		.loc 1 230 0
 195 0002 064B     		ldr	r3, .L18
 196 0004 1A78     		ldrb	r2, [r3]	@ zero_extendqisi2
 197 0006 02F0F302 		and	r2, r2, #243
 198 000a 1A70     		strb	r2, [r3]
 231:Generated_Source\PSoC5/FSKOutput.c ****     FSKOutput_DacTrim();
 199              		.loc 1 231 0
 200 000c 1A78     		ldrb	r2, [r3]	@ zero_extendqisi2
 201 000e 00F00C00 		and	r0, r0, #12
 202              	.LVL8:
 203 0012 1043     		orrs	r0, r0, r2
 204 0014 1870     		strb	r0, [r3]
 232:Generated_Source\PSoC5/FSKOutput.c **** }
 205              		.loc 1 232 0
 206 0016 FFF7FEFF 		bl	FSKOutput_DacTrim
 207              	.LVL9:
 208 001a 08BD     		pop	{r3, pc}
 209              	.L19:
 210              		.align	2
 211              	.L18:
 212 001c 2C580040 		.word	1073764396
 213              		.cfi_endproc
 214              	.LFE5:
 215              		.size	FSKOutput_SetRange, .-FSKOutput_SetRange
ARM GAS  C:\Users\ipfajard\AppData\Local\Temp\ccfJ5COB.s 			page 10


 216              		.section	.text.FSKOutput_Init,"ax",%progbits
 217              		.align	2
 218              		.global	FSKOutput_Init
 219              		.thumb
 220              		.thumb_func
 221              		.type	FSKOutput_Init, %function
 222              	FSKOutput_Init:
 223              	.LFB0:
  56:Generated_Source\PSoC5/FSKOutput.c ****     FSKOutput_CR0 = (FSKOutput_MODE_V );
 224              		.loc 1 56 0
 225              		.cfi_startproc
 226              		@ args = 0, pretend = 0, frame = 0
 227              		@ frame_needed = 0, uses_anonymous_args = 0
 228 0000 10B5     		push	{r4, lr}
 229              		.cfi_def_cfa_offset 8
 230              		.cfi_offset 4, -8
 231              		.cfi_offset 14, -4
  57:Generated_Source\PSoC5/FSKOutput.c **** 
 232              		.loc 1 57 0
 233 0002 0024     		movs	r4, #0
 234 0004 074B     		ldr	r3, .L22
 235 0006 1C70     		strb	r4, [r3]
  63:Generated_Source\PSoC5/FSKOutput.c ****     #endif /* (FSKOutput_DEFAULT_DATA_SRC != 0 ) */
 236              		.loc 1 63 0
 237 0008 0133     		adds	r3, r3, #1
 238 000a 1C70     		strb	r4, [r3]
  68:Generated_Source\PSoC5/FSKOutput.c ****     #endif/* (FSKOutput_DEFAULT_STRB != 0) */
 239              		.loc 1 68 0
 240 000c 064A     		ldr	r2, .L22+4
 241 000e 1378     		ldrb	r3, [r2]	@ zero_extendqisi2
 242 0010 43F00803 		orr	r3, r3, #8
 243 0014 1370     		strb	r3, [r2]
  72:Generated_Source\PSoC5/FSKOutput.c **** 
 244              		.loc 1 72 0
 245 0016 2046     		mov	r0, r4
 246 0018 FFF7FEFF 		bl	FSKOutput_SetRange
 247              	.LVL10:
  75:Generated_Source\PSoC5/FSKOutput.c **** }
 248              		.loc 1 75 0
 249 001c 2046     		mov	r0, r4
 250 001e FFF7FEFF 		bl	FSKOutput_SetSpeed
 251              	.LVL11:
 252 0022 10BD     		pop	{r4, pc}
 253              	.L23:
 254              		.align	2
 255              	.L22:
 256 0024 2C580040 		.word	1073764396
 257 0028 9F5A0040 		.word	1073765023
 258              		.cfi_endproc
 259              	.LFE0:
 260              		.size	FSKOutput_Init, .-FSKOutput_Init
 261              		.section	.text.FSKOutput_Start,"ax",%progbits
 262              		.align	2
 263              		.global	FSKOutput_Start
 264              		.thumb
 265              		.thumb_func
 266              		.type	FSKOutput_Start, %function
ARM GAS  C:\Users\ipfajard\AppData\Local\Temp\ccfJ5COB.s 			page 11


 267              	FSKOutput_Start:
 268              	.LFB2:
 134:Generated_Source\PSoC5/FSKOutput.c ****     /* Hardware initiazation only needs to occure the first time */
 269              		.loc 1 134 0
 270              		.cfi_startproc
 271              		@ args = 0, pretend = 0, frame = 0
 272              		@ frame_needed = 0, uses_anonymous_args = 0
 273 0000 08B5     		push	{r3, lr}
 274              		.cfi_def_cfa_offset 8
 275              		.cfi_offset 3, -8
 276              		.cfi_offset 14, -4
 136:Generated_Source\PSoC5/FSKOutput.c ****     { 
 277              		.loc 1 136 0
 278 0002 074B     		ldr	r3, .L27
 279 0004 1B78     		ldrb	r3, [r3]	@ zero_extendqisi2
 280 0006 23B9     		cbnz	r3, .L25
 138:Generated_Source\PSoC5/FSKOutput.c ****         FSKOutput_initVar = 1u;
 281              		.loc 1 138 0
 282 0008 FFF7FEFF 		bl	FSKOutput_Init
 283              	.LVL12:
 139:Generated_Source\PSoC5/FSKOutput.c ****     }
 284              		.loc 1 139 0
 285 000c 0122     		movs	r2, #1
 286 000e 044B     		ldr	r3, .L27
 287 0010 1A70     		strb	r2, [r3]
 288              	.L25:
 143:Generated_Source\PSoC5/FSKOutput.c **** 
 289              		.loc 1 143 0
 290 0012 FFF7FEFF 		bl	FSKOutput_Enable
 291              	.LVL13:
 146:Generated_Source\PSoC5/FSKOutput.c **** }
 292              		.loc 1 146 0
 293 0016 6420     		movs	r0, #100
 294 0018 FFF7FEFF 		bl	FSKOutput_SetValue
 295              	.LVL14:
 296 001c 08BD     		pop	{r3, pc}
 297              	.L28:
 298 001e 00BF     		.align	2
 299              	.L27:
 300 0020 00000000 		.word	.LANCHOR0
 301              		.cfi_endproc
 302              	.LFE2:
 303              		.size	FSKOutput_Start, .-FSKOutput_Start
 304              		.global	FSKOutput_initVar
 305              		.bss
 306              		.set	.LANCHOR0,. + 0
 307              		.type	FSKOutput_initVar, %object
 308              		.size	FSKOutput_initVar, 1
 309              	FSKOutput_initVar:
 310 0000 00       		.space	1
 311              		.text
 312              	.Letext0:
 313              		.file 2 "Generated_Source\\PSoC5\\cytypes.h"
 314              		.section	.debug_info,"",%progbits
 315              	.Ldebug_info0:
 316 0000 DC010000 		.4byte	0x1dc
 317 0004 0400     		.2byte	0x4
ARM GAS  C:\Users\ipfajard\AppData\Local\Temp\ccfJ5COB.s 			page 12


 318 0006 00000000 		.4byte	.Ldebug_abbrev0
 319 000a 04       		.byte	0x4
 320 000b 01       		.uleb128 0x1
 321 000c 5E000000 		.4byte	.LASF25
 322 0010 0C       		.byte	0xc
 323 0011 A8010000 		.4byte	.LASF26
 324 0015 6E010000 		.4byte	.LASF27
 325 0019 00000000 		.4byte	.Ldebug_ranges0+0
 326 001d 00000000 		.4byte	0
 327 0021 00000000 		.4byte	.Ldebug_line0
 328 0025 02       		.uleb128 0x2
 329 0026 01       		.byte	0x1
 330 0027 06       		.byte	0x6
 331 0028 33020000 		.4byte	.LASF0
 332 002c 02       		.uleb128 0x2
 333 002d 01       		.byte	0x1
 334 002e 08       		.byte	0x8
 335 002f 50000000 		.4byte	.LASF1
 336 0033 02       		.uleb128 0x2
 337 0034 02       		.byte	0x2
 338 0035 05       		.byte	0x5
 339 0036 09020000 		.4byte	.LASF2
 340 003a 02       		.uleb128 0x2
 341 003b 02       		.byte	0x2
 342 003c 07       		.byte	0x7
 343 003d 03010000 		.4byte	.LASF3
 344 0041 02       		.uleb128 0x2
 345 0042 04       		.byte	0x4
 346 0043 05       		.byte	0x5
 347 0044 2A020000 		.4byte	.LASF4
 348 0048 02       		.uleb128 0x2
 349 0049 04       		.byte	0x4
 350 004a 07       		.byte	0x7
 351 004b F1000000 		.4byte	.LASF5
 352 004f 02       		.uleb128 0x2
 353 0050 08       		.byte	0x8
 354 0051 05       		.byte	0x5
 355 0052 D1010000 		.4byte	.LASF6
 356 0056 02       		.uleb128 0x2
 357 0057 08       		.byte	0x8
 358 0058 07       		.byte	0x7
 359 0059 52010000 		.4byte	.LASF7
 360 005d 03       		.uleb128 0x3
 361 005e 04       		.byte	0x4
 362 005f 05       		.byte	0x5
 363 0060 696E7400 		.ascii	"int\000"
 364 0064 02       		.uleb128 0x2
 365 0065 04       		.byte	0x4
 366 0066 07       		.byte	0x7
 367 0067 45010000 		.4byte	.LASF8
 368 006b 04       		.uleb128 0x4
 369 006c 13020000 		.4byte	.LASF12
 370 0070 02       		.byte	0x2
 371 0071 9201     		.2byte	0x192
 372 0073 2C000000 		.4byte	0x2c
 373 0077 02       		.uleb128 0x2
 374 0078 04       		.byte	0x4
ARM GAS  C:\Users\ipfajard\AppData\Local\Temp\ccfJ5COB.s 			page 13


 375 0079 04       		.byte	0x4
 376 007a 4A000000 		.4byte	.LASF9
 377 007e 02       		.uleb128 0x2
 378 007f 08       		.byte	0x8
 379 0080 04       		.byte	0x4
 380 0081 2F010000 		.4byte	.LASF10
 381 0085 02       		.uleb128 0x2
 382 0086 01       		.byte	0x1
 383 0087 08       		.byte	0x8
 384 0088 DF010000 		.4byte	.LASF11
 385 008c 04       		.uleb128 0x4
 386 008d EC000000 		.4byte	.LASF13
 387 0091 02       		.byte	0x2
 388 0092 3C02     		.2byte	0x23c
 389 0094 98000000 		.4byte	0x98
 390 0098 05       		.uleb128 0x5
 391 0099 6B000000 		.4byte	0x6b
 392 009d 06       		.uleb128 0x6
 393 009e 19020000 		.4byte	.LASF14
 394 00a2 01       		.byte	0x1
 395 00a3 60       		.byte	0x60
 396 00a4 00000000 		.4byte	.LFB1
 397 00a8 1C000000 		.4byte	.LFE1-.LFB1
 398 00ac 01       		.uleb128 0x1
 399 00ad 9C       		.byte	0x9c
 400 00ae 06       		.uleb128 0x6
 401 00af 36010000 		.4byte	.LASF15
 402 00b3 01       		.byte	0x1
 403 00b4 A8       		.byte	0xa8
 404 00b5 00000000 		.4byte	.LFB3
 405 00b9 1C000000 		.4byte	.LFE3-.LFB3
 406 00bd 01       		.uleb128 0x1
 407 00be 9C       		.byte	0x9c
 408 00bf 07       		.uleb128 0x7
 409 00c0 37000000 		.4byte	.LASF16
 410 00c4 01       		.byte	0x1
 411 00c5 CA       		.byte	0xca
 412 00c6 00000000 		.4byte	.LFB4
 413 00ca 1C000000 		.4byte	.LFE4-.LFB4
 414 00ce 01       		.uleb128 0x1
 415 00cf 9C       		.byte	0x9c
 416 00d0 E4000000 		.4byte	0xe4
 417 00d4 08       		.uleb128 0x8
 418 00d5 CB010000 		.4byte	.LASF18
 419 00d9 01       		.byte	0x1
 420 00da CA       		.byte	0xca
 421 00db 6B000000 		.4byte	0x6b
 422 00df 00000000 		.4byte	.LLST0
 423 00e3 00       		.byte	0
 424 00e4 07       		.uleb128 0x7
 425 00e5 E4010000 		.4byte	.LASF17
 426 00e9 01       		.byte	0x1
 427 00ea FE       		.byte	0xfe
 428 00eb 00000000 		.4byte	.LFB6
 429 00ef 0C000000 		.4byte	.LFE6-.LFB6
 430 00f3 01       		.uleb128 0x1
 431 00f4 9C       		.byte	0x9c
ARM GAS  C:\Users\ipfajard\AppData\Local\Temp\ccfJ5COB.s 			page 14


 432 00f5 07010000 		.4byte	0x107
 433 00f9 09       		.uleb128 0x9
 434 00fa 22000000 		.4byte	.LASF19
 435 00fe 01       		.byte	0x1
 436 00ff FE       		.byte	0xfe
 437 0100 6B000000 		.4byte	0x6b
 438 0104 01       		.uleb128 0x1
 439 0105 50       		.byte	0x50
 440 0106 00       		.byte	0
 441 0107 0A       		.uleb128 0xa
 442 0108 00000000 		.4byte	.LASF20
 443 010c 01       		.byte	0x1
 444 010d 2101     		.2byte	0x121
 445 010f 00000000 		.4byte	.LFB7
 446 0113 24000000 		.4byte	.LFE7-.LFB7
 447 0117 01       		.uleb128 0x1
 448 0118 9C       		.byte	0x9c
 449 0119 2E010000 		.4byte	0x12e
 450 011d 0B       		.uleb128 0xb
 451 011e 69010000 		.4byte	.LASF28
 452 0122 01       		.byte	0x1
 453 0123 2301     		.2byte	0x123
 454 0125 6B000000 		.4byte	0x6b
 455 0129 21000000 		.4byte	.LLST1
 456 012d 00       		.byte	0
 457 012e 07       		.uleb128 0x7
 458 012f 1C010000 		.4byte	.LASF21
 459 0133 01       		.byte	0x1
 460 0134 E4       		.byte	0xe4
 461 0135 00000000 		.4byte	.LFB5
 462 0139 20000000 		.4byte	.LFE5-.LFB5
 463 013d 01       		.uleb128 0x1
 464 013e 9C       		.byte	0x9c
 465 013f 5C010000 		.4byte	0x15c
 466 0143 08       		.uleb128 0x8
 467 0144 16010000 		.4byte	.LASF22
 468 0148 01       		.byte	0x1
 469 0149 E4       		.byte	0xe4
 470 014a 6B000000 		.4byte	0x6b
 471 014e 58000000 		.4byte	.LLST2
 472 0152 0C       		.uleb128 0xc
 473 0153 1A000000 		.4byte	.LVL9
 474 0157 07010000 		.4byte	0x107
 475 015b 00       		.byte	0
 476 015c 07       		.uleb128 0x7
 477 015d 28000000 		.4byte	.LASF23
 478 0161 01       		.byte	0x1
 479 0162 37       		.byte	0x37
 480 0163 00000000 		.4byte	.LFB0
 481 0167 2C000000 		.4byte	.LFE0-.LFB0
 482 016b 01       		.uleb128 0x1
 483 016c 9C       		.byte	0x9c
 484 016d 96010000 		.4byte	0x196
 485 0171 0D       		.uleb128 0xd
 486 0172 1C000000 		.4byte	.LVL10
 487 0176 2E010000 		.4byte	0x12e
 488 017a 85010000 		.4byte	0x185
ARM GAS  C:\Users\ipfajard\AppData\Local\Temp\ccfJ5COB.s 			page 15


 489 017e 0E       		.uleb128 0xe
 490 017f 01       		.uleb128 0x1
 491 0180 50       		.byte	0x50
 492 0181 02       		.uleb128 0x2
 493 0182 74       		.byte	0x74
 494 0183 00       		.sleb128 0
 495 0184 00       		.byte	0
 496 0185 0F       		.uleb128 0xf
 497 0186 22000000 		.4byte	.LVL11
 498 018a BF000000 		.4byte	0xbf
 499 018e 0E       		.uleb128 0xe
 500 018f 01       		.uleb128 0x1
 501 0190 50       		.byte	0x50
 502 0191 02       		.uleb128 0x2
 503 0192 74       		.byte	0x74
 504 0193 00       		.sleb128 0
 505 0194 00       		.byte	0
 506 0195 00       		.byte	0
 507 0196 07       		.uleb128 0x7
 508 0197 12000000 		.4byte	.LASF24
 509 019b 01       		.byte	0x1
 510 019c 85       		.byte	0x85
 511 019d 00000000 		.4byte	.LFB2
 512 01a1 24000000 		.4byte	.LFE2-.LFB2
 513 01a5 01       		.uleb128 0x1
 514 01a6 9C       		.byte	0x9c
 515 01a7 CE010000 		.4byte	0x1ce
 516 01ab 0C       		.uleb128 0xc
 517 01ac 0C000000 		.4byte	.LVL12
 518 01b0 5C010000 		.4byte	0x15c
 519 01b4 0C       		.uleb128 0xc
 520 01b5 16000000 		.4byte	.LVL13
 521 01b9 9D000000 		.4byte	0x9d
 522 01bd 0F       		.uleb128 0xf
 523 01be 1C000000 		.4byte	.LVL14
 524 01c2 E4000000 		.4byte	0xe4
 525 01c6 0E       		.uleb128 0xe
 526 01c7 01       		.uleb128 0x1
 527 01c8 50       		.byte	0x50
 528 01c9 02       		.uleb128 0x2
 529 01ca 08       		.byte	0x8
 530 01cb 64       		.byte	0x64
 531 01cc 00       		.byte	0
 532 01cd 00       		.byte	0
 533 01ce 10       		.uleb128 0x10
 534 01cf F7010000 		.4byte	.LASF29
 535 01d3 01       		.byte	0x1
 536 01d4 1B       		.byte	0x1b
 537 01d5 6B000000 		.4byte	0x6b
 538 01d9 05       		.uleb128 0x5
 539 01da 03       		.byte	0x3
 540 01db 00000000 		.4byte	FSKOutput_initVar
 541 01df 00       		.byte	0
 542              		.section	.debug_abbrev,"",%progbits
 543              	.Ldebug_abbrev0:
 544 0000 01       		.uleb128 0x1
 545 0001 11       		.uleb128 0x11
ARM GAS  C:\Users\ipfajard\AppData\Local\Temp\ccfJ5COB.s 			page 16


 546 0002 01       		.byte	0x1
 547 0003 25       		.uleb128 0x25
 548 0004 0E       		.uleb128 0xe
 549 0005 13       		.uleb128 0x13
 550 0006 0B       		.uleb128 0xb
 551 0007 03       		.uleb128 0x3
 552 0008 0E       		.uleb128 0xe
 553 0009 1B       		.uleb128 0x1b
 554 000a 0E       		.uleb128 0xe
 555 000b 55       		.uleb128 0x55
 556 000c 17       		.uleb128 0x17
 557 000d 11       		.uleb128 0x11
 558 000e 01       		.uleb128 0x1
 559 000f 10       		.uleb128 0x10
 560 0010 17       		.uleb128 0x17
 561 0011 00       		.byte	0
 562 0012 00       		.byte	0
 563 0013 02       		.uleb128 0x2
 564 0014 24       		.uleb128 0x24
 565 0015 00       		.byte	0
 566 0016 0B       		.uleb128 0xb
 567 0017 0B       		.uleb128 0xb
 568 0018 3E       		.uleb128 0x3e
 569 0019 0B       		.uleb128 0xb
 570 001a 03       		.uleb128 0x3
 571 001b 0E       		.uleb128 0xe
 572 001c 00       		.byte	0
 573 001d 00       		.byte	0
 574 001e 03       		.uleb128 0x3
 575 001f 24       		.uleb128 0x24
 576 0020 00       		.byte	0
 577 0021 0B       		.uleb128 0xb
 578 0022 0B       		.uleb128 0xb
 579 0023 3E       		.uleb128 0x3e
 580 0024 0B       		.uleb128 0xb
 581 0025 03       		.uleb128 0x3
 582 0026 08       		.uleb128 0x8
 583 0027 00       		.byte	0
 584 0028 00       		.byte	0
 585 0029 04       		.uleb128 0x4
 586 002a 16       		.uleb128 0x16
 587 002b 00       		.byte	0
 588 002c 03       		.uleb128 0x3
 589 002d 0E       		.uleb128 0xe
 590 002e 3A       		.uleb128 0x3a
 591 002f 0B       		.uleb128 0xb
 592 0030 3B       		.uleb128 0x3b
 593 0031 05       		.uleb128 0x5
 594 0032 49       		.uleb128 0x49
 595 0033 13       		.uleb128 0x13
 596 0034 00       		.byte	0
 597 0035 00       		.byte	0
 598 0036 05       		.uleb128 0x5
 599 0037 35       		.uleb128 0x35
 600 0038 00       		.byte	0
 601 0039 49       		.uleb128 0x49
 602 003a 13       		.uleb128 0x13
ARM GAS  C:\Users\ipfajard\AppData\Local\Temp\ccfJ5COB.s 			page 17


 603 003b 00       		.byte	0
 604 003c 00       		.byte	0
 605 003d 06       		.uleb128 0x6
 606 003e 2E       		.uleb128 0x2e
 607 003f 00       		.byte	0
 608 0040 3F       		.uleb128 0x3f
 609 0041 19       		.uleb128 0x19
 610 0042 03       		.uleb128 0x3
 611 0043 0E       		.uleb128 0xe
 612 0044 3A       		.uleb128 0x3a
 613 0045 0B       		.uleb128 0xb
 614 0046 3B       		.uleb128 0x3b
 615 0047 0B       		.uleb128 0xb
 616 0048 27       		.uleb128 0x27
 617 0049 19       		.uleb128 0x19
 618 004a 11       		.uleb128 0x11
 619 004b 01       		.uleb128 0x1
 620 004c 12       		.uleb128 0x12
 621 004d 06       		.uleb128 0x6
 622 004e 40       		.uleb128 0x40
 623 004f 18       		.uleb128 0x18
 624 0050 9742     		.uleb128 0x2117
 625 0052 19       		.uleb128 0x19
 626 0053 00       		.byte	0
 627 0054 00       		.byte	0
 628 0055 07       		.uleb128 0x7
 629 0056 2E       		.uleb128 0x2e
 630 0057 01       		.byte	0x1
 631 0058 3F       		.uleb128 0x3f
 632 0059 19       		.uleb128 0x19
 633 005a 03       		.uleb128 0x3
 634 005b 0E       		.uleb128 0xe
 635 005c 3A       		.uleb128 0x3a
 636 005d 0B       		.uleb128 0xb
 637 005e 3B       		.uleb128 0x3b
 638 005f 0B       		.uleb128 0xb
 639 0060 27       		.uleb128 0x27
 640 0061 19       		.uleb128 0x19
 641 0062 11       		.uleb128 0x11
 642 0063 01       		.uleb128 0x1
 643 0064 12       		.uleb128 0x12
 644 0065 06       		.uleb128 0x6
 645 0066 40       		.uleb128 0x40
 646 0067 18       		.uleb128 0x18
 647 0068 9742     		.uleb128 0x2117
 648 006a 19       		.uleb128 0x19
 649 006b 01       		.uleb128 0x1
 650 006c 13       		.uleb128 0x13
 651 006d 00       		.byte	0
 652 006e 00       		.byte	0
 653 006f 08       		.uleb128 0x8
 654 0070 05       		.uleb128 0x5
 655 0071 00       		.byte	0
 656 0072 03       		.uleb128 0x3
 657 0073 0E       		.uleb128 0xe
 658 0074 3A       		.uleb128 0x3a
 659 0075 0B       		.uleb128 0xb
ARM GAS  C:\Users\ipfajard\AppData\Local\Temp\ccfJ5COB.s 			page 18


 660 0076 3B       		.uleb128 0x3b
 661 0077 0B       		.uleb128 0xb
 662 0078 49       		.uleb128 0x49
 663 0079 13       		.uleb128 0x13
 664 007a 02       		.uleb128 0x2
 665 007b 17       		.uleb128 0x17
 666 007c 00       		.byte	0
 667 007d 00       		.byte	0
 668 007e 09       		.uleb128 0x9
 669 007f 05       		.uleb128 0x5
 670 0080 00       		.byte	0
 671 0081 03       		.uleb128 0x3
 672 0082 0E       		.uleb128 0xe
 673 0083 3A       		.uleb128 0x3a
 674 0084 0B       		.uleb128 0xb
 675 0085 3B       		.uleb128 0x3b
 676 0086 0B       		.uleb128 0xb
 677 0087 49       		.uleb128 0x49
 678 0088 13       		.uleb128 0x13
 679 0089 02       		.uleb128 0x2
 680 008a 18       		.uleb128 0x18
 681 008b 00       		.byte	0
 682 008c 00       		.byte	0
 683 008d 0A       		.uleb128 0xa
 684 008e 2E       		.uleb128 0x2e
 685 008f 01       		.byte	0x1
 686 0090 3F       		.uleb128 0x3f
 687 0091 19       		.uleb128 0x19
 688 0092 03       		.uleb128 0x3
 689 0093 0E       		.uleb128 0xe
 690 0094 3A       		.uleb128 0x3a
 691 0095 0B       		.uleb128 0xb
 692 0096 3B       		.uleb128 0x3b
 693 0097 05       		.uleb128 0x5
 694 0098 27       		.uleb128 0x27
 695 0099 19       		.uleb128 0x19
 696 009a 11       		.uleb128 0x11
 697 009b 01       		.uleb128 0x1
 698 009c 12       		.uleb128 0x12
 699 009d 06       		.uleb128 0x6
 700 009e 40       		.uleb128 0x40
 701 009f 18       		.uleb128 0x18
 702 00a0 9742     		.uleb128 0x2117
 703 00a2 19       		.uleb128 0x19
 704 00a3 01       		.uleb128 0x1
 705 00a4 13       		.uleb128 0x13
 706 00a5 00       		.byte	0
 707 00a6 00       		.byte	0
 708 00a7 0B       		.uleb128 0xb
 709 00a8 34       		.uleb128 0x34
 710 00a9 00       		.byte	0
 711 00aa 03       		.uleb128 0x3
 712 00ab 0E       		.uleb128 0xe
 713 00ac 3A       		.uleb128 0x3a
 714 00ad 0B       		.uleb128 0xb
 715 00ae 3B       		.uleb128 0x3b
 716 00af 05       		.uleb128 0x5
ARM GAS  C:\Users\ipfajard\AppData\Local\Temp\ccfJ5COB.s 			page 19


 717 00b0 49       		.uleb128 0x49
 718 00b1 13       		.uleb128 0x13
 719 00b2 02       		.uleb128 0x2
 720 00b3 17       		.uleb128 0x17
 721 00b4 00       		.byte	0
 722 00b5 00       		.byte	0
 723 00b6 0C       		.uleb128 0xc
 724 00b7 898201   		.uleb128 0x4109
 725 00ba 00       		.byte	0
 726 00bb 11       		.uleb128 0x11
 727 00bc 01       		.uleb128 0x1
 728 00bd 31       		.uleb128 0x31
 729 00be 13       		.uleb128 0x13
 730 00bf 00       		.byte	0
 731 00c0 00       		.byte	0
 732 00c1 0D       		.uleb128 0xd
 733 00c2 898201   		.uleb128 0x4109
 734 00c5 01       		.byte	0x1
 735 00c6 11       		.uleb128 0x11
 736 00c7 01       		.uleb128 0x1
 737 00c8 31       		.uleb128 0x31
 738 00c9 13       		.uleb128 0x13
 739 00ca 01       		.uleb128 0x1
 740 00cb 13       		.uleb128 0x13
 741 00cc 00       		.byte	0
 742 00cd 00       		.byte	0
 743 00ce 0E       		.uleb128 0xe
 744 00cf 8A8201   		.uleb128 0x410a
 745 00d2 00       		.byte	0
 746 00d3 02       		.uleb128 0x2
 747 00d4 18       		.uleb128 0x18
 748 00d5 9142     		.uleb128 0x2111
 749 00d7 18       		.uleb128 0x18
 750 00d8 00       		.byte	0
 751 00d9 00       		.byte	0
 752 00da 0F       		.uleb128 0xf
 753 00db 898201   		.uleb128 0x4109
 754 00de 01       		.byte	0x1
 755 00df 11       		.uleb128 0x11
 756 00e0 01       		.uleb128 0x1
 757 00e1 31       		.uleb128 0x31
 758 00e2 13       		.uleb128 0x13
 759 00e3 00       		.byte	0
 760 00e4 00       		.byte	0
 761 00e5 10       		.uleb128 0x10
 762 00e6 34       		.uleb128 0x34
 763 00e7 00       		.byte	0
 764 00e8 03       		.uleb128 0x3
 765 00e9 0E       		.uleb128 0xe
 766 00ea 3A       		.uleb128 0x3a
 767 00eb 0B       		.uleb128 0xb
 768 00ec 3B       		.uleb128 0x3b
 769 00ed 0B       		.uleb128 0xb
 770 00ee 49       		.uleb128 0x49
 771 00ef 13       		.uleb128 0x13
 772 00f0 3F       		.uleb128 0x3f
 773 00f1 19       		.uleb128 0x19
ARM GAS  C:\Users\ipfajard\AppData\Local\Temp\ccfJ5COB.s 			page 20


 774 00f2 02       		.uleb128 0x2
 775 00f3 18       		.uleb128 0x18
 776 00f4 00       		.byte	0
 777 00f5 00       		.byte	0
 778 00f6 00       		.byte	0
 779              		.section	.debug_loc,"",%progbits
 780              	.Ldebug_loc0:
 781              	.LLST0:
 782 0000 00000000 		.4byte	.LVL0
 783 0004 10000000 		.4byte	.LVL1
 784 0008 0100     		.2byte	0x1
 785 000a 50       		.byte	0x50
 786 000b 10000000 		.4byte	.LVL1
 787 000f 1C000000 		.4byte	.LFE4
 788 0013 0400     		.2byte	0x4
 789 0015 F3       		.byte	0xf3
 790 0016 01       		.uleb128 0x1
 791 0017 50       		.byte	0x50
 792 0018 9F       		.byte	0x9f
 793 0019 00000000 		.4byte	0
 794 001d 00000000 		.4byte	0
 795              	.LLST1:
 796 0021 08000000 		.4byte	.LVL3
 797 0025 0C000000 		.4byte	.LVL4
 798 0029 0300     		.2byte	0x3
 799 002b 73       		.byte	0x73
 800 002c 06       		.sleb128 6
 801 002d 9F       		.byte	0x9f
 802 002e 0C000000 		.4byte	.LVL4
 803 0032 0E000000 		.4byte	.LVL5
 804 0036 0700     		.2byte	0x7
 805 0038 73       		.byte	0x73
 806 0039 868080B8 		.sleb128 -1224736762
 806      7B
 807 003e 9F       		.byte	0x9f
 808 003f 0E000000 		.4byte	.LVL5
 809 0043 12000000 		.4byte	.LVL6
 810 0047 0700     		.2byte	0x7
 811 0049 73       		.byte	0x73
 812 004a 808080B8 		.sleb128 -1224736768
 812      7B
 813 004f 9F       		.byte	0x9f
 814 0050 00000000 		.4byte	0
 815 0054 00000000 		.4byte	0
 816              	.LLST2:
 817 0058 00000000 		.4byte	.LVL7
 818 005c 12000000 		.4byte	.LVL8
 819 0060 0100     		.2byte	0x1
 820 0062 50       		.byte	0x50
 821 0063 12000000 		.4byte	.LVL8
 822 0067 20000000 		.4byte	.LFE5
 823 006b 0400     		.2byte	0x4
 824 006d F3       		.byte	0xf3
 825 006e 01       		.uleb128 0x1
 826 006f 50       		.byte	0x50
 827 0070 9F       		.byte	0x9f
 828 0071 00000000 		.4byte	0
ARM GAS  C:\Users\ipfajard\AppData\Local\Temp\ccfJ5COB.s 			page 21


 829 0075 00000000 		.4byte	0
 830              		.section	.debug_aranges,"",%progbits
 831 0000 54000000 		.4byte	0x54
 832 0004 0200     		.2byte	0x2
 833 0006 00000000 		.4byte	.Ldebug_info0
 834 000a 04       		.byte	0x4
 835 000b 00       		.byte	0
 836 000c 0000     		.2byte	0
 837 000e 0000     		.2byte	0
 838 0010 00000000 		.4byte	.LFB1
 839 0014 1C000000 		.4byte	.LFE1-.LFB1
 840 0018 00000000 		.4byte	.LFB3
 841 001c 1C000000 		.4byte	.LFE3-.LFB3
 842 0020 00000000 		.4byte	.LFB4
 843 0024 1C000000 		.4byte	.LFE4-.LFB4
 844 0028 00000000 		.4byte	.LFB6
 845 002c 0C000000 		.4byte	.LFE6-.LFB6
 846 0030 00000000 		.4byte	.LFB7
 847 0034 24000000 		.4byte	.LFE7-.LFB7
 848 0038 00000000 		.4byte	.LFB5
 849 003c 20000000 		.4byte	.LFE5-.LFB5
 850 0040 00000000 		.4byte	.LFB0
 851 0044 2C000000 		.4byte	.LFE0-.LFB0
 852 0048 00000000 		.4byte	.LFB2
 853 004c 24000000 		.4byte	.LFE2-.LFB2
 854 0050 00000000 		.4byte	0
 855 0054 00000000 		.4byte	0
 856              		.section	.debug_ranges,"",%progbits
 857              	.Ldebug_ranges0:
 858 0000 00000000 		.4byte	.LFB1
 859 0004 1C000000 		.4byte	.LFE1
 860 0008 00000000 		.4byte	.LFB3
 861 000c 1C000000 		.4byte	.LFE3
 862 0010 00000000 		.4byte	.LFB4
 863 0014 1C000000 		.4byte	.LFE4
 864 0018 00000000 		.4byte	.LFB6
 865 001c 0C000000 		.4byte	.LFE6
 866 0020 00000000 		.4byte	.LFB7
 867 0024 24000000 		.4byte	.LFE7
 868 0028 00000000 		.4byte	.LFB5
 869 002c 20000000 		.4byte	.LFE5
 870 0030 00000000 		.4byte	.LFB0
 871 0034 2C000000 		.4byte	.LFE0
 872 0038 00000000 		.4byte	.LFB2
 873 003c 24000000 		.4byte	.LFE2
 874 0040 00000000 		.4byte	0
 875 0044 00000000 		.4byte	0
 876              		.section	.debug_line,"",%progbits
 877              	.Ldebug_line0:
 878 0000 E1000000 		.section	.debug_str,"MS",%progbits,1
 878      02004600 
 878      00000201 
 878      FB0E0D00 
 878      01010101 
 879              	.LASF20:
 880 0000 46534B4F 		.ascii	"FSKOutput_DacTrim\000"
 880      75747075 
ARM GAS  C:\Users\ipfajard\AppData\Local\Temp\ccfJ5COB.s 			page 22


 880      745F4461 
 880      63547269 
 880      6D00
 881              	.LASF24:
 882 0012 46534B4F 		.ascii	"FSKOutput_Start\000"
 882      75747075 
 882      745F5374 
 882      61727400 
 883              	.LASF19:
 884 0022 76616C75 		.ascii	"value\000"
 884      6500
 885              	.LASF23:
 886 0028 46534B4F 		.ascii	"FSKOutput_Init\000"
 886      75747075 
 886      745F496E 
 886      697400
 887              	.LASF16:
 888 0037 46534B4F 		.ascii	"FSKOutput_SetSpeed\000"
 888      75747075 
 888      745F5365 
 888      74537065 
 888      656400
 889              	.LASF9:
 890 004a 666C6F61 		.ascii	"float\000"
 890      7400
 891              	.LASF1:
 892 0050 756E7369 		.ascii	"unsigned char\000"
 892      676E6564 
 892      20636861 
 892      7200
 893              	.LASF25:
 894 005e 474E5520 		.ascii	"GNU C11 5.4.1 20160609 (release) [ARM/embedded-5-br"
 894      43313120 
 894      352E342E 
 894      31203230 
 894      31363036 
 895 0091 616E6368 		.ascii	"anch revision 237715] -mcpu=cortex-m3 -mthumb -g -O"
 895      20726576 
 895      6973696F 
 895      6E203233 
 895      37373135 
 896 00c4 67202D66 		.ascii	"g -ffunction-sections -ffat-lto-objects\000"
 896      66756E63 
 896      74696F6E 
 896      2D736563 
 896      74696F6E 
 897              	.LASF13:
 898 00ec 72656738 		.ascii	"reg8\000"
 898      00
 899              	.LASF5:
 900 00f1 6C6F6E67 		.ascii	"long unsigned int\000"
 900      20756E73 
 900      69676E65 
 900      6420696E 
 900      7400
 901              	.LASF3:
 902 0103 73686F72 		.ascii	"short unsigned int\000"
ARM GAS  C:\Users\ipfajard\AppData\Local\Temp\ccfJ5COB.s 			page 23


 902      7420756E 
 902      7369676E 
 902      65642069 
 902      6E7400
 903              	.LASF22:
 904 0116 72616E67 		.ascii	"range\000"
 904      6500
 905              	.LASF21:
 906 011c 46534B4F 		.ascii	"FSKOutput_SetRange\000"
 906      75747075 
 906      745F5365 
 906      7452616E 
 906      676500
 907              	.LASF10:
 908 012f 646F7562 		.ascii	"double\000"
 908      6C6500
 909              	.LASF15:
 910 0136 46534B4F 		.ascii	"FSKOutput_Stop\000"
 910      75747075 
 910      745F5374 
 910      6F7000
 911              	.LASF8:
 912 0145 756E7369 		.ascii	"unsigned int\000"
 912      676E6564 
 912      20696E74 
 912      00
 913              	.LASF7:
 914 0152 6C6F6E67 		.ascii	"long long unsigned int\000"
 914      206C6F6E 
 914      6720756E 
 914      7369676E 
 914      65642069 
 915              	.LASF28:
 916 0169 6D6F6465 		.ascii	"mode\000"
 916      00
 917              	.LASF27:
 918 016e 433A5C55 		.ascii	"C:\\Users\\ipfajard\\Documents\\PSoC Creator\\FSK\\"
 918      73657273 
 918      5C697066 
 918      616A6172 
 918      645C446F 
 919 019b 4C6F7746 		.ascii	"LowFTx.cydsn\000"
 919      54782E63 
 919      7964736E 
 919      00
 920              	.LASF26:
 921 01a8 47656E65 		.ascii	"Generated_Source\\PSoC5\\FSKOutput.c\000"
 921      72617465 
 921      645F536F 
 921      75726365 
 921      5C50536F 
 922              	.LASF18:
 923 01cb 73706565 		.ascii	"speed\000"
 923      6400
 924              	.LASF6:
 925 01d1 6C6F6E67 		.ascii	"long long int\000"
 925      206C6F6E 
ARM GAS  C:\Users\ipfajard\AppData\Local\Temp\ccfJ5COB.s 			page 24


 925      6720696E 
 925      7400
 926              	.LASF11:
 927 01df 63686172 		.ascii	"char\000"
 927      00
 928              	.LASF17:
 929 01e4 46534B4F 		.ascii	"FSKOutput_SetValue\000"
 929      75747075 
 929      745F5365 
 929      7456616C 
 929      756500
 930              	.LASF29:
 931 01f7 46534B4F 		.ascii	"FSKOutput_initVar\000"
 931      75747075 
 931      745F696E 
 931      69745661 
 931      7200
 932              	.LASF2:
 933 0209 73686F72 		.ascii	"short int\000"
 933      7420696E 
 933      7400
 934              	.LASF12:
 935 0213 75696E74 		.ascii	"uint8\000"
 935      3800
 936              	.LASF14:
 937 0219 46534B4F 		.ascii	"FSKOutput_Enable\000"
 937      75747075 
 937      745F456E 
 937      61626C65 
 937      00
 938              	.LASF4:
 939 022a 6C6F6E67 		.ascii	"long int\000"
 939      20696E74 
 939      00
 940              	.LASF0:
 941 0233 7369676E 		.ascii	"signed char\000"
 941      65642063 
 941      68617200 
 942              		.ident	"GCC: (GNU Tools for ARM Embedded Processors) 5.4.1 20160609 (release) [ARM/embedded-5-bran
