ARM GAS  C:\Users\User\AppData\Local\Temp\ccJI4oXj.s 			page 1


   1              		.cpu cortex-m0
   2              		.fpu softvfp
   3              		.eabi_attribute 20, 1
   4              		.eabi_attribute 21, 1
   5              		.eabi_attribute 23, 3
   6              		.eabi_attribute 24, 1
   7              		.eabi_attribute 25, 1
   8              		.eabi_attribute 26, 1
   9              		.eabi_attribute 30, 1
  10              		.eabi_attribute 34, 0
  11              		.eabi_attribute 18, 4
  12              		.code	16
  13              		.file	"ssd1306x.c"
  14              		.text
  15              	.Ltext0:
  16              		.cfi_sections	.debug_frame
  17              		.section	.text.oled_draw_channel0,"ax",%progbits
  18              		.align	2
  19              		.global	oled_draw_channel0
  20              		.code	16
  21              		.thumb_func
  22              		.type	oled_draw_channel0, %function
  23              	oled_draw_channel0:
  24              	.LFB34:
  25              		.file 1 ".\\ssd1306x.c"
   1:.\ssd1306x.c  **** /**************
   2:.\ssd1306x.c  ****  * FFT on PSoC4
   3:.\ssd1306x.c  ****  **************
   4:.\ssd1306x.c  ****  * A project by @KaiserHaz
   5:.\ssd1306x.c  ****  * 
   6:.\ssd1306x.c  ****  * Extra display libraries. Extension to ssd1306.h. Function implementations
   7:.\ssd1306x.c  ****  * 
   8:.\ssd1306x.c  ****  */
   9:.\ssd1306x.c  **** 
  10:.\ssd1306x.c  **** #include <project.h>
  11:.\ssd1306x.c  **** #include <stdlib.h>
  12:.\ssd1306x.c  **** #include <math.h>
  13:.\ssd1306x.c  **** #include "ssd1306x.h"
  14:.\ssd1306x.c  **** 
  15:.\ssd1306x.c  **** oled_eq_chan* _oled_eq_chan_tab_;
  16:.\ssd1306x.c  **** 
  17:.\ssd1306x.c  **** /**
  18:.\ssd1306x.c  ****  * Method : oled_draw_channel0
  19:.\ssd1306x.c  ****  * Args   : int16_t chan  : Channel number
  20:.\ssd1306x.c  ****  *          int16_t mag   : Magnitude
  21:.\ssd1306x.c  ****  *          uint16_t color: Display color
  22:.\ssd1306x.c  ****  * Returns: -
  23:.\ssd1306x.c  ****  * Descr  : Draws channel chan with the given magnitude mag. Standalone ver
  24:.\ssd1306x.c  ****  *
  25:.\ssd1306x.c  ****  */
  26:.\ssd1306x.c  **** void oled_draw_channel0( int16_t chan, int16_t mag, uint16_t color ){
  26              		.loc 1 26 0
  27              		.cfi_startproc
  28              	.LVL0:
  29 0000 F0B5     		push	{r4, r5, r6, r7, lr}
  30              		.cfi_def_cfa_offset 20
  31              		.cfi_offset 4, -20
ARM GAS  C:\Users\User\AppData\Local\Temp\ccJI4oXj.s 			page 2


  32              		.cfi_offset 5, -16
  33              		.cfi_offset 6, -12
  34              		.cfi_offset 7, -8
  35              		.cfi_offset 14, -4
  36 0002 83B0     		sub	sp, sp, #12
  37              		.cfi_def_cfa_offset 32
  38 0004 071C     		mov	r7, r0
  39 0006 0D1C     		mov	r5, r1
  40 0008 161C     		mov	r6, r2
  41              	.LVL1:
  27:.\ssd1306x.c  ****     
  28:.\ssd1306x.c  ****     uint8_t ii = 0;
  29:.\ssd1306x.c  ****     
  30:.\ssd1306x.c  ****     display_clear();
  42              		.loc 1 30 0
  43 000a FFF7FEFF 		bl	display_clear
  44              	.LVL2:
  31:.\ssd1306x.c  ****     
  32:.\ssd1306x.c  ****     for( ii = 0 ; ii < mag ; ii++ ){
  45              		.loc 1 32 0
  46 000e 0024     		mov	r4, #0
  47 0010 0CE0     		b	.L2
  48              	.LVL3:
  49              	.L3:
  33:.\ssd1306x.c  ****         gfx_drawLine( (chan*_OLED_EQ_CHAN_MULT_)+_OLED_EQ_ACT_OFF_, ii,
  50              		.loc 1 33 0 discriminator 3
  51 0012 FA00     		lsl	r2, r7, #3
  52 0014 92B2     		uxth	r2, r2
  53 0016 501C     		add	r0, r2, #1
  54 0018 00B2     		sxth	r0, r0
  55 001a 231C     		mov	r3, r4
  56 001c 0632     		add	r2, r2, #6
  57 001e 12B2     		sxth	r2, r2
  58 0020 0096     		str	r6, [sp]
  59 0022 211C     		mov	r1, r4
  60 0024 FFF7FEFF 		bl	gfx_drawLine
  61              	.LVL4:
  32:.\ssd1306x.c  ****         gfx_drawLine( (chan*_OLED_EQ_CHAN_MULT_)+_OLED_EQ_ACT_OFF_, ii,
  62              		.loc 1 32 0 discriminator 3
  63 0028 0134     		add	r4, r4, #1
  64              	.LVL5:
  65 002a E4B2     		uxtb	r4, r4
  66              	.LVL6:
  67              	.L2:
  32:.\ssd1306x.c  ****         gfx_drawLine( (chan*_OLED_EQ_CHAN_MULT_)+_OLED_EQ_ACT_OFF_, ii,
  68              		.loc 1 32 0 is_stmt 0 discriminator 1
  69 002c AC42     		cmp	r4, r5
  70 002e F0DB     		blt	.L3
  34:.\ssd1306x.c  ****                       (chan*_OLED_EQ_CHAN_MULT_)+_OLED_EQ_BBUF_OFF_-_OLED_EQ_ACT_OFF_, ii, color );
  35:.\ssd1306x.c  ****     }
  36:.\ssd1306x.c  ****     
  37:.\ssd1306x.c  ****     display_update();
  71              		.loc 1 37 0 is_stmt 1
  72 0030 FFF7FEFF 		bl	display_update
  73              	.LVL7:
  38:.\ssd1306x.c  ****     
  39:.\ssd1306x.c  **** }
ARM GAS  C:\Users\User\AppData\Local\Temp\ccJI4oXj.s 			page 3


  74              		.loc 1 39 0
  75 0034 03B0     		add	sp, sp, #12
  76              		@ sp needed
  77              	.LVL8:
  78 0036 F0BD     		pop	{r4, r5, r6, r7, pc}
  79              		.cfi_endproc
  80              	.LFE34:
  81              		.size	oled_draw_channel0, .-oled_draw_channel0
  82              		.section	.text.oled_draw_channel1,"ax",%progbits
  83              		.align	2
  84              		.global	oled_draw_channel1
  85              		.code	16
  86              		.thumb_func
  87              		.type	oled_draw_channel1, %function
  88              	oled_draw_channel1:
  89              	.LFB35:
  40:.\ssd1306x.c  **** 
  41:.\ssd1306x.c  **** /**
  42:.\ssd1306x.c  ****  * Method : oled_draw_channel1
  43:.\ssd1306x.c  ****  * Args   : int16_t chan  : Channel number
  44:.\ssd1306x.c  ****  *          int16_t mag   : Magnitude
  45:.\ssd1306x.c  ****  *          uint16_t color: Display color
  46:.\ssd1306x.c  ****  * Returns: -
  47:.\ssd1306x.c  ****  * Descr  : Draws channel chan with the given magnitude mag
  48:.\ssd1306x.c  ****  *
  49:.\ssd1306x.c  ****  */
  50:.\ssd1306x.c  **** void oled_draw_channel1( int16_t chan, int16_t mag, uint16_t color ){
  90              		.loc 1 50 0
  91              		.cfi_startproc
  92              	.LVL9:
  93 0000 F0B5     		push	{r4, r5, r6, r7, lr}
  94              		.cfi_def_cfa_offset 20
  95              		.cfi_offset 4, -20
  96              		.cfi_offset 5, -16
  97              		.cfi_offset 6, -12
  98              		.cfi_offset 7, -8
  99              		.cfi_offset 14, -4
 100 0002 83B0     		sub	sp, sp, #12
 101              		.cfi_def_cfa_offset 32
 102 0004 071C     		mov	r7, r0
 103 0006 0D1C     		mov	r5, r1
 104 0008 161C     		mov	r6, r2
 105              	.LVL10:
  51:.\ssd1306x.c  ****     
  52:.\ssd1306x.c  ****     uint8_t ii = 0;
  53:.\ssd1306x.c  ****     
  54:.\ssd1306x.c  ****     for( ii = 0 ; ii < mag ; ii++ ){
 106              		.loc 1 54 0
 107 000a 0024     		mov	r4, #0
 108 000c 0CE0     		b	.L5
 109              	.LVL11:
 110              	.L6:
  55:.\ssd1306x.c  ****         gfx_drawLine( (chan*_OLED_EQ_CHAN_MULT_)+_OLED_EQ_ACT_OFF_, ii,
 111              		.loc 1 55 0 discriminator 3
 112 000e FA00     		lsl	r2, r7, #3
 113 0010 92B2     		uxth	r2, r2
 114 0012 501C     		add	r0, r2, #1
ARM GAS  C:\Users\User\AppData\Local\Temp\ccJI4oXj.s 			page 4


 115 0014 00B2     		sxth	r0, r0
 116 0016 231C     		mov	r3, r4
 117 0018 0632     		add	r2, r2, #6
 118 001a 12B2     		sxth	r2, r2
 119 001c 0096     		str	r6, [sp]
 120 001e 211C     		mov	r1, r4
 121 0020 FFF7FEFF 		bl	gfx_drawLine
 122              	.LVL12:
  54:.\ssd1306x.c  ****         gfx_drawLine( (chan*_OLED_EQ_CHAN_MULT_)+_OLED_EQ_ACT_OFF_, ii,
 123              		.loc 1 54 0 discriminator 3
 124 0024 0134     		add	r4, r4, #1
 125              	.LVL13:
 126 0026 E4B2     		uxtb	r4, r4
 127              	.LVL14:
 128              	.L5:
  54:.\ssd1306x.c  ****         gfx_drawLine( (chan*_OLED_EQ_CHAN_MULT_)+_OLED_EQ_ACT_OFF_, ii,
 129              		.loc 1 54 0 is_stmt 0 discriminator 1
 130 0028 AC42     		cmp	r4, r5
 131 002a F0DB     		blt	.L6
  56:.\ssd1306x.c  ****                       (chan*_OLED_EQ_CHAN_MULT_)+_OLED_EQ_BBUF_OFF_-_OLED_EQ_ACT_OFF_, ii, color );
  57:.\ssd1306x.c  ****     }
  58:.\ssd1306x.c  ****     
  59:.\ssd1306x.c  **** }
 132              		.loc 1 59 0 is_stmt 1
 133 002c 03B0     		add	sp, sp, #12
 134              		@ sp needed
 135              	.LVL15:
 136 002e F0BD     		pop	{r4, r5, r6, r7, pc}
 137              		.cfi_endproc
 138              	.LFE35:
 139              		.size	oled_draw_channel1, .-oled_draw_channel1
 140              		.section	.text.oled_draw_channel2,"ax",%progbits
 141              		.align	2
 142              		.global	oled_draw_channel2
 143              		.code	16
 144              		.thumb_func
 145              		.type	oled_draw_channel2, %function
 146              	oled_draw_channel2:
 147              	.LFB36:
  60:.\ssd1306x.c  **** 
  61:.\ssd1306x.c  **** /**
  62:.\ssd1306x.c  ****  * Method : oled_draw_channel2
  63:.\ssd1306x.c  ****  * Args   : oled_eq_chan chan  : Channel structure
  64:.\ssd1306x.c  ****  *          uint16_t color     : Display color
  65:.\ssd1306x.c  ****  * Returns: -
  66:.\ssd1306x.c  ****  * Descr  : Draws channel chan. Just calls the above method really
  67:.\ssd1306x.c  ****  *
  68:.\ssd1306x.c  ****  */
  69:.\ssd1306x.c  **** void oled_draw_channel2( oled_eq_chan chan, uint16_t color ){
 148              		.loc 1 69 0
 149              		.cfi_startproc
 150              	.LVL16:
 151 0000 10B5     		push	{r4, lr}
 152              		.cfi_def_cfa_offset 8
 153              		.cfi_offset 4, -8
 154              		.cfi_offset 14, -4
 155 0002 82B0     		sub	sp, sp, #8
ARM GAS  C:\Users\User\AppData\Local\Temp\ccJI4oXj.s 			page 5


 156              		.cfi_def_cfa_offset 16
 157 0004 031C     		mov	r3, r0
 158 0006 0190     		str	r0, [sp, #4]
 159 0008 0A1C     		mov	r2, r1
  70:.\ssd1306x.c  ****     oled_draw_channel1(chan._oled_eq_chan_num,
 160              		.loc 1 70 0
 161 000a 00B2     		sxth	r0, r0
 162 000c 1914     		asr	r1, r3, #16
 163              	.LVL17:
 164 000e FFF7FEFF 		bl	oled_draw_channel1
 165              	.LVL18:
  71:.\ssd1306x.c  ****                        chan._oled_eq_chan_mag, color);
  72:.\ssd1306x.c  **** }
 166              		.loc 1 72 0
 167 0012 02B0     		add	sp, sp, #8
 168              		@ sp needed
 169 0014 10BD     		pop	{r4, pc}
 170              		.cfi_endproc
 171              	.LFE36:
 172              		.size	oled_draw_channel2, .-oled_draw_channel2
 173 0016 C046     		.section	.text.oled_eq_chan_init,"ax",%progbits
 174              		.align	2
 175              		.global	oled_eq_chan_init
 176              		.code	16
 177              		.thumb_func
 178              		.type	oled_eq_chan_init, %function
 179              	oled_eq_chan_init:
 180              	.LFB37:
  73:.\ssd1306x.c  **** 
  74:.\ssd1306x.c  **** /**
  75:.\ssd1306x.c  ****  * Method : oled_eq_chan_init
  76:.\ssd1306x.c  ****  * Args   : -
  77:.\ssd1306x.c  ****  * Returns: -
  78:.\ssd1306x.c  ****  * Descr  : Initializes channel structure array
  79:.\ssd1306x.c  ****  *
  80:.\ssd1306x.c  ****  */
  81:.\ssd1306x.c  **** void oled_eq_chan_init(){
 181              		.loc 1 81 0
 182              		.cfi_startproc
 183 0000 10B5     		push	{r4, lr}
 184              		.cfi_def_cfa_offset 8
 185              		.cfi_offset 4, -8
 186              		.cfi_offset 14, -4
  82:.\ssd1306x.c  ****     
  83:.\ssd1306x.c  ****     uint8_t ii;
  84:.\ssd1306x.c  ****     
  85:.\ssd1306x.c  ****     _oled_eq_chan_tab_ = (oled_eq_chan*) malloc(_OLED_EQ_CHAN_CNT_*sizeof(oled_eq_chan));
 187              		.loc 1 85 0
 188 0002 4020     		mov	r0, #64
 189 0004 FFF7FEFF 		bl	malloc
 190              	.LVL19:
 191 0008 0D4B     		ldr	r3, .L11
 192 000a 1860     		str	r0, [r3]
 193              	.LVL20:
  86:.\ssd1306x.c  ****     
  87:.\ssd1306x.c  ****     for(ii = 0; ii < _OLED_EQ_CHAN_CNT_; ii++){
 194              		.loc 1 87 0
ARM GAS  C:\Users\User\AppData\Local\Temp\ccJI4oXj.s 			page 6


 195 000c 0024     		mov	r4, #0
 196 000e 12E0     		b	.L9
 197              	.LVL21:
 198              	.L10:
  88:.\ssd1306x.c  ****         
  89:.\ssd1306x.c  ****         _oled_eq_chan_tab_[ii]._oled_eq_chan_num = ii;     // Should be consts
 199              		.loc 1 89 0 discriminator 3
 200 0010 A300     		lsl	r3, r4, #2
 201 0012 0B4A     		ldr	r2, .L11
 202 0014 1168     		ldr	r1, [r2]
 203 0016 CC52     		strh	r4, [r1, r3]
  90:.\ssd1306x.c  ****                                                            //  here but meh...
  91:.\ssd1306x.c  ****         _oled_eq_chan_tab_[ii]._oled_eq_chan_mag = 1;
 204              		.loc 1 91 0 discriminator 3
 205 0018 1168     		ldr	r1, [r2]
 206 001a C918     		add	r1, r1, r3
 207 001c 0120     		mov	r0, #1
 208 001e 4880     		strh	r0, [r1, #2]
  92:.\ssd1306x.c  ****     
  93:.\ssd1306x.c  ****         oled_draw_channel2(_oled_eq_chan_tab_[ii], WHITE);
 209              		.loc 1 93 0 discriminator 3
 210 0020 1268     		ldr	r2, [r2]
 211 0022 D318     		add	r3, r2, r3
 212 0024 1A88     		ldrh	r2, [r3]
 213 0026 5888     		ldrh	r0, [r3, #2]
 214 0028 0004     		lsl	r0, r0, #16
 215 002a 1043     		orr	r0, r2
 216 002c 0121     		mov	r1, #1
 217 002e FFF7FEFF 		bl	oled_draw_channel2
 218              	.LVL22:
  87:.\ssd1306x.c  ****         
 219              		.loc 1 87 0 discriminator 3
 220 0032 0134     		add	r4, r4, #1
 221              	.LVL23:
 222 0034 E4B2     		uxtb	r4, r4
 223              	.LVL24:
 224              	.L9:
  87:.\ssd1306x.c  ****         
 225              		.loc 1 87 0 is_stmt 0 discriminator 1
 226 0036 0F2C     		cmp	r4, #15
 227 0038 EAD9     		bls	.L10
  94:.\ssd1306x.c  ****         
  95:.\ssd1306x.c  ****     }
  96:.\ssd1306x.c  ****     
  97:.\ssd1306x.c  ****     display_update();
 228              		.loc 1 97 0 is_stmt 1
 229 003a FFF7FEFF 		bl	display_update
 230              	.LVL25:
  98:.\ssd1306x.c  ****     
  99:.\ssd1306x.c  **** }
 231              		.loc 1 99 0
 232              		@ sp needed
 233              	.LVL26:
 234 003e 10BD     		pop	{r4, pc}
 235              	.L12:
 236              		.align	2
 237              	.L11:
ARM GAS  C:\Users\User\AppData\Local\Temp\ccJI4oXj.s 			page 7


 238 0040 00000000 		.word	_oled_eq_chan_tab_
 239              		.cfi_endproc
 240              	.LFE37:
 241              		.size	oled_eq_chan_init, .-oled_eq_chan_init
 242              		.section	.text.oled_update_channel_mag,"ax",%progbits
 243              		.align	2
 244              		.global	oled_update_channel_mag
 245              		.code	16
 246              		.thumb_func
 247              		.type	oled_update_channel_mag, %function
 248              	oled_update_channel_mag:
 249              	.LFB38:
 100:.\ssd1306x.c  **** 
 101:.\ssd1306x.c  **** /**
 102:.\ssd1306x.c  ****  * Method : oled_update_channel_mag
 103:.\ssd1306x.c  ****  * Args   : int16_t chan
 104:.\ssd1306x.c  ****  *          int16_t mag
 105:.\ssd1306x.c  ****  * Returns: -
 106:.\ssd1306x.c  ****  * Descr  : Update channel magnitude for specified channel
 107:.\ssd1306x.c  ****  *
 108:.\ssd1306x.c  ****  */
 109:.\ssd1306x.c  **** void oled_update_channel_mag( int16_t chan, int16_t mag ){
 250              		.loc 1 109 0
 251              		.cfi_startproc
 252              	.LVL27:
 110:.\ssd1306x.c  ****     
 111:.\ssd1306x.c  ****     _oled_eq_chan_tab_[chan]._oled_eq_chan_mag = mag;      // Hardcoded 8 to
 253              		.loc 1 111 0
 254 0000 8000     		lsl	r0, r0, #2
 255              	.LVL28:
 256 0002 024B     		ldr	r3, .L14
 257 0004 1B68     		ldr	r3, [r3]
 258 0006 1818     		add	r0, r3, r0
 259 0008 4180     		strh	r1, [r0, #2]
 112:.\ssd1306x.c  ****                                                            //  save process
 113:.\ssd1306x.c  ****                                                            //  time?
 114:.\ssd1306x.c  ****     
 115:.\ssd1306x.c  **** }
 260              		.loc 1 115 0
 261              		@ sp needed
 262 000a 7047     		bx	lr
 263              	.L15:
 264              		.align	2
 265              	.L14:
 266 000c 00000000 		.word	_oled_eq_chan_tab_
 267              		.cfi_endproc
 268              	.LFE38:
 269              		.size	oled_update_channel_mag, .-oled_update_channel_mag
 270              		.section	.text.oled_update_channels_mag,"ax",%progbits
 271              		.align	2
 272              		.global	oled_update_channels_mag
 273              		.code	16
 274              		.thumb_func
 275              		.type	oled_update_channels_mag, %function
 276              	oled_update_channels_mag:
 277              	.LFB39:
 116:.\ssd1306x.c  **** 
ARM GAS  C:\Users\User\AppData\Local\Temp\ccJI4oXj.s 			page 8


 117:.\ssd1306x.c  **** /**
 118:.\ssd1306x.c  ****  * Method : oled_update_channels_mag
 119:.\ssd1306x.c  ****  * Args   : int16_t chan
 120:.\ssd1306x.c  ****  *          int16_t mag
 121:.\ssd1306x.c  ****  * Returns: -
 122:.\ssd1306x.c  ****  * Descr  : Update all channel magnitudes
 123:.\ssd1306x.c  ****  *
 124:.\ssd1306x.c  ****  */
 125:.\ssd1306x.c  **** void oled_update_channels_mag( int16_t* mag ){
 278              		.loc 1 125 0
 279              		.cfi_startproc
 280              	.LVL29:
 281 0000 38B5     		push	{r3, r4, r5, lr}
 282              		.cfi_def_cfa_offset 16
 283              		.cfi_offset 3, -16
 284              		.cfi_offset 4, -12
 285              		.cfi_offset 5, -8
 286              		.cfi_offset 14, -4
 287 0002 051C     		mov	r5, r0
 288              	.LVL30:
 126:.\ssd1306x.c  ****     
 127:.\ssd1306x.c  ****     uint8_t ii;
 128:.\ssd1306x.c  ****     
 129:.\ssd1306x.c  ****     for( ii = 0; ii < _OLED_EQ_CHAN_CNT_; ii++ ){
 289              		.loc 1 129 0
 290 0004 0024     		mov	r4, #0
 291 0006 06E0     		b	.L17
 292              	.LVL31:
 293              	.L18:
 130:.\ssd1306x.c  ****         
 131:.\ssd1306x.c  ****         oled_update_channel_mag(ii, (int16_t)mag[ii]);
 294              		.loc 1 131 0 discriminator 3
 295 0008 6300     		lsl	r3, r4, #1
 296 000a 20B2     		sxth	r0, r4
 297 000c E95E     		ldrsh	r1, [r5, r3]
 298 000e FFF7FEFF 		bl	oled_update_channel_mag
 299              	.LVL32:
 129:.\ssd1306x.c  ****         
 300              		.loc 1 129 0 discriminator 3
 301 0012 0134     		add	r4, r4, #1
 302              	.LVL33:
 303 0014 E4B2     		uxtb	r4, r4
 304              	.LVL34:
 305              	.L17:
 129:.\ssd1306x.c  ****         
 306              		.loc 1 129 0 is_stmt 0 discriminator 1
 307 0016 0F2C     		cmp	r4, #15
 308 0018 F6D9     		bls	.L18
 132:.\ssd1306x.c  ****         
 133:.\ssd1306x.c  ****     }
 134:.\ssd1306x.c  ****     
 135:.\ssd1306x.c  **** }
 309              		.loc 1 135 0 is_stmt 1
 310              		@ sp needed
 311              	.LVL35:
 312              	.LVL36:
 313 001a 38BD     		pop	{r3, r4, r5, pc}
ARM GAS  C:\Users\User\AppData\Local\Temp\ccJI4oXj.s 			page 9


 314              		.cfi_endproc
 315              	.LFE39:
 316              		.size	oled_update_channels_mag, .-oled_update_channels_mag
 317              		.section	.text.oled_update_channel,"ax",%progbits
 318              		.align	2
 319              		.global	oled_update_channel
 320              		.code	16
 321              		.thumb_func
 322              		.type	oled_update_channel, %function
 323              	oled_update_channel:
 324              	.LFB40:
 136:.\ssd1306x.c  **** 
 137:.\ssd1306x.c  **** /**
 138:.\ssd1306x.c  ****  * Method : oled_update_channel
 139:.\ssd1306x.c  ****  * Args   : -
 140:.\ssd1306x.c  ****  * Returns: -
 141:.\ssd1306x.c  ****  * Descr  : Update channel display. Basically redraws the whole display
 142:.\ssd1306x.c  ****  *
 143:.\ssd1306x.c  ****  */
 144:.\ssd1306x.c  **** void oled_update_channel(){
 325              		.loc 1 144 0
 326              		.cfi_startproc
 327 0000 10B5     		push	{r4, lr}
 328              		.cfi_def_cfa_offset 8
 329              		.cfi_offset 4, -8
 330              		.cfi_offset 14, -4
 145:.\ssd1306x.c  ****     
 146:.\ssd1306x.c  ****     uint8_t ii;
 147:.\ssd1306x.c  ****     
 148:.\ssd1306x.c  ****     display_clear();
 331              		.loc 1 148 0
 332 0002 FFF7FEFF 		bl	display_clear
 333              	.LVL37:
 149:.\ssd1306x.c  ****     
 150:.\ssd1306x.c  ****     for( ii = 0; ii < _OLED_EQ_CHAN_CNT_; ii++ ){
 334              		.loc 1 150 0
 335 0006 0024     		mov	r4, #0
 336 0008 0CE0     		b	.L20
 337              	.LVL38:
 338              	.L21:
 151:.\ssd1306x.c  ****         
 152:.\ssd1306x.c  ****         oled_draw_channel2(_oled_eq_chan_tab_[ii], WHITE);
 339              		.loc 1 152 0 discriminator 3
 340 000a A300     		lsl	r3, r4, #2
 341 000c 084A     		ldr	r2, .L22
 342 000e 1268     		ldr	r2, [r2]
 343 0010 D318     		add	r3, r2, r3
 344 0012 1A88     		ldrh	r2, [r3]
 345 0014 5888     		ldrh	r0, [r3, #2]
 346 0016 0004     		lsl	r0, r0, #16
 347 0018 1043     		orr	r0, r2
 348 001a 0121     		mov	r1, #1
 349 001c FFF7FEFF 		bl	oled_draw_channel2
 350              	.LVL39:
 150:.\ssd1306x.c  ****         
 351              		.loc 1 150 0 discriminator 3
 352 0020 0134     		add	r4, r4, #1
ARM GAS  C:\Users\User\AppData\Local\Temp\ccJI4oXj.s 			page 10


 353              	.LVL40:
 354 0022 E4B2     		uxtb	r4, r4
 355              	.LVL41:
 356              	.L20:
 150:.\ssd1306x.c  ****         
 357              		.loc 1 150 0 is_stmt 0 discriminator 1
 358 0024 0F2C     		cmp	r4, #15
 359 0026 F0D9     		bls	.L21
 153:.\ssd1306x.c  ****         
 154:.\ssd1306x.c  ****     }
 155:.\ssd1306x.c  ****     
 156:.\ssd1306x.c  ****     display_update();
 360              		.loc 1 156 0 is_stmt 1
 361 0028 FFF7FEFF 		bl	display_update
 362              	.LVL42:
 157:.\ssd1306x.c  ****     
 158:.\ssd1306x.c  **** }
 363              		.loc 1 158 0
 364              		@ sp needed
 365              	.LVL43:
 366 002c 10BD     		pop	{r4, pc}
 367              	.L23:
 368 002e C046     		.align	2
 369              	.L22:
 370 0030 00000000 		.word	_oled_eq_chan_tab_
 371              		.cfi_endproc
 372              	.LFE40:
 373              		.size	oled_update_channel, .-oled_update_channel
 374              		.global	__aeabi_dmul
 375              		.section	.text.oled_normalize_channel_mag,"ax",%progbits
 376              		.align	2
 377              		.global	oled_normalize_channel_mag
 378              		.code	16
 379              		.thumb_func
 380              		.type	oled_normalize_channel_mag, %function
 381              	oled_normalize_channel_mag:
 382              	.LFB41:
 159:.\ssd1306x.c  **** 
 160:.\ssd1306x.c  **** /**
 161:.\ssd1306x.c  ****  * Method : oled_normalize_channel_mag
 162:.\ssd1306x.c  ****  * Args   : double mag
 163:.\ssd1306x.c  ****  * Returns: double
 164:.\ssd1306x.c  ****  * Descr  : Normalize channel magnitude to follow a 20 log scale
 165:.\ssd1306x.c  ****  *
 166:.\ssd1306x.c  ****  */
 167:.\ssd1306x.c  **** double oled_normalize_channel_mag( double mag ){
 383              		.loc 1 167 0
 384              		.cfi_startproc
 385              	.LVL44:
 386 0000 08B5     		push	{r3, lr}
 387              		.cfi_def_cfa_offset 8
 388              		.cfi_offset 3, -8
 389              		.cfi_offset 14, -4
 168:.\ssd1306x.c  ****     
 169:.\ssd1306x.c  ****     double res;
 170:.\ssd1306x.c  ****     
 171:.\ssd1306x.c  ****     res = 20*log(mag);
ARM GAS  C:\Users\User\AppData\Local\Temp\ccJI4oXj.s 			page 11


 390              		.loc 1 171 0
 391 0002 FFF7FEFF 		bl	log
 392              	.LVL45:
 393 0006 0022     		mov	r2, #0
 394 0008 014B     		ldr	r3, .L25
 395 000a FFF7FEFF 		bl	__aeabi_dmul
 396              	.LVL46:
 172:.\ssd1306x.c  ****     
 173:.\ssd1306x.c  ****     return res;
 174:.\ssd1306x.c  ****     
 175:.\ssd1306x.c  **** }
 397              		.loc 1 175 0
 398              		@ sp needed
 399 000e 08BD     		pop	{r3, pc}
 400              	.L26:
 401              		.align	2
 402              	.L25:
 403 0010 00003440 		.word	1077149696
 404              		.cfi_endproc
 405              	.LFE41:
 406              		.size	oled_normalize_channel_mag, .-oled_normalize_channel_mag
 407              		.global	__aeabi_dcmpgt
 408              		.global	__aeabi_ddiv
 409              		.global	__aeabi_i2d
 410              		.global	__aeabi_d2iz
 411              		.section	.text.oled_normalize_channels_mag,"ax",%progbits
 412              		.align	2
 413              		.global	oled_normalize_channels_mag
 414              		.code	16
 415              		.thumb_func
 416              		.type	oled_normalize_channels_mag, %function
 417              	oled_normalize_channels_mag:
 418              	.LFB42:
 176:.\ssd1306x.c  **** 
 177:.\ssd1306x.c  **** /**
 178:.\ssd1306x.c  ****  * Method : oled_normalize_channels_mag
 179:.\ssd1306x.c  ****  * Args   : double* mag
 180:.\ssd1306x.c  ****  *          int16_t* nmag 
 181:.\ssd1306x.c  ****  * Returns: -
 182:.\ssd1306x.c  ****  * Descr  : Normalize all channel magnitudes and log-limits them
 183:.\ssd1306x.c  ****  *
 184:.\ssd1306x.c  ****  */
 185:.\ssd1306x.c  **** void oled_normalize_channels_mag( double* mag, int16_t* nmag ){
 419              		.loc 1 185 0
 420              		.cfi_startproc
 421              	.LVL47:
 422 0000 F0B5     		push	{r4, r5, r6, r7, lr}
 423              		.cfi_def_cfa_offset 20
 424              		.cfi_offset 4, -20
 425              		.cfi_offset 5, -16
 426              		.cfi_offset 6, -12
 427              		.cfi_offset 7, -8
 428              		.cfi_offset 14, -4
 429 0002 4746     		mov	r7, r8
 430 0004 80B4     		push	{r7}
 431              		.cfi_def_cfa_offset 24
 432              		.cfi_offset 8, -24
ARM GAS  C:\Users\User\AppData\Local\Temp\ccJI4oXj.s 			page 12


 433 0006 84B0     		sub	sp, sp, #16
 434              		.cfi_def_cfa_offset 40
 435 0008 061C     		mov	r6, r0
 436 000a 8846     		mov	r8, r1
 437              	.LVL48:
 186:.\ssd1306x.c  ****     
 187:.\ssd1306x.c  ****     uint8 ii;
 188:.\ssd1306x.c  ****     double max = 0;
 189:.\ssd1306x.c  ****     
 190:.\ssd1306x.c  ****     for(ii=0; ii<_OLED_EQ_CHAN_CNT_; ii++){
 438              		.loc 1 190 0
 439 000c 0024     		mov	r4, #0
 440 000e 09E0     		b	.L28
 441              	.LVL49:
 442              	.L29:
 191:.\ssd1306x.c  ****         mag[ii] = oled_normalize_channel_mag(mag[ii]);
 443              		.loc 1 191 0 discriminator 3
 444 0010 E500     		lsl	r5, r4, #3
 445 0012 7519     		add	r5, r6, r5
 446 0014 2868     		ldr	r0, [r5]
 447 0016 6968     		ldr	r1, [r5, #4]
 448 0018 FFF7FEFF 		bl	oled_normalize_channel_mag
 449              	.LVL50:
 450 001c 2860     		str	r0, [r5]
 451 001e 6960     		str	r1, [r5, #4]
 190:.\ssd1306x.c  ****         mag[ii] = oled_normalize_channel_mag(mag[ii]);
 452              		.loc 1 190 0 discriminator 3
 453 0020 0134     		add	r4, r4, #1
 454              	.LVL51:
 455 0022 E4B2     		uxtb	r4, r4
 456              	.LVL52:
 457              	.L28:
 190:.\ssd1306x.c  ****         mag[ii] = oled_normalize_channel_mag(mag[ii]);
 458              		.loc 1 190 0 is_stmt 0 discriminator 1
 459 0024 0F2C     		cmp	r4, #15
 460 0026 F3D9     		bls	.L29
 461 0028 0023     		mov	r3, #0
 462 002a 0024     		mov	r4, #0
 463              	.LVL53:
 464 002c 0093     		str	r3, [sp]
 465 002e 0194     		str	r4, [sp, #4]
 466 0030 0027     		mov	r7, #0
 467 0032 0FE0     		b	.L30
 468              	.LVL54:
 469              	.L33:
 192:.\ssd1306x.c  ****     }
 193:.\ssd1306x.c  ****     for(ii=0; ii<_OLED_EQ_CHAN_CNT_; ii++){
 194:.\ssd1306x.c  ****         max = (max < mag[ii]) ? mag[ii]:max;
 470              		.loc 1 194 0 is_stmt 1
 471 0034 FB00     		lsl	r3, r7, #3
 472 0036 F318     		add	r3, r6, r3
 473 0038 1C68     		ldr	r4, [r3]
 474 003a 5D68     		ldr	r5, [r3, #4]
 475 003c 201C     		mov	r0, r4
 476 003e 291C     		mov	r1, r5
 477 0040 009A     		ldr	r2, [sp]
 478 0042 019B     		ldr	r3, [sp, #4]
ARM GAS  C:\Users\User\AppData\Local\Temp\ccJI4oXj.s 			page 13


 479 0044 FFF7FEFF 		bl	__aeabi_dcmpgt
 480              	.LVL55:
 481 0048 0028     		cmp	r0, #0
 482 004a 01D0     		beq	.L31
 483 004c 0094     		str	r4, [sp]
 484 004e 0195     		str	r5, [sp, #4]
 485              	.LVL56:
 486              	.L31:
 193:.\ssd1306x.c  ****         max = (max < mag[ii]) ? mag[ii]:max;
 487              		.loc 1 193 0 discriminator 4
 488 0050 7B1C     		add	r3, r7, #1
 489 0052 DFB2     		uxtb	r7, r3
 490              	.LVL57:
 491              	.L30:
 193:.\ssd1306x.c  ****         max = (max < mag[ii]) ? mag[ii]:max;
 492              		.loc 1 193 0 is_stmt 0 discriminator 2
 493 0054 0F2F     		cmp	r7, #15
 494 0056 EDD9     		bls	.L33
 495 0058 0024     		mov	r4, #0
 496 005a 17E0     		b	.L34
 497              	.LVL58:
 498              	.L35:
 195:.\ssd1306x.c  ****     }
 196:.\ssd1306x.c  ****     for(ii=0; ii<_OLED_EQ_CHAN_CNT_; ii++){
 197:.\ssd1306x.c  ****         mag[ii] = (mag[ii]/max)*((double)gfx_height());
 499              		.loc 1 197 0 is_stmt 1 discriminator 3
 500 005c E300     		lsl	r3, r4, #3
 501 005e F518     		add	r5, r6, r3
 502 0060 2868     		ldr	r0, [r5]
 503 0062 6968     		ldr	r1, [r5, #4]
 504 0064 009A     		ldr	r2, [sp]
 505 0066 019B     		ldr	r3, [sp, #4]
 506 0068 FFF7FEFF 		bl	__aeabi_ddiv
 507              	.LVL59:
 508 006c 0290     		str	r0, [sp, #8]
 509 006e 0391     		str	r1, [sp, #12]
 510 0070 FFF7FEFF 		bl	gfx_height
 511              	.LVL60:
 512 0074 FFF7FEFF 		bl	__aeabi_i2d
 513              	.LVL61:
 514 0078 021C     		mov	r2, r0
 515 007a 0B1C     		mov	r3, r1
 516 007c 0298     		ldr	r0, [sp, #8]
 517 007e 0399     		ldr	r1, [sp, #12]
 518 0080 FFF7FEFF 		bl	__aeabi_dmul
 519              	.LVL62:
 520 0084 2860     		str	r0, [r5]
 521 0086 6960     		str	r1, [r5, #4]
 196:.\ssd1306x.c  ****         mag[ii] = (mag[ii]/max)*((double)gfx_height());
 522              		.loc 1 196 0 discriminator 3
 523 0088 631C     		add	r3, r4, #1
 524 008a DCB2     		uxtb	r4, r3
 525              	.LVL63:
 526              	.L34:
 196:.\ssd1306x.c  ****         mag[ii] = (mag[ii]/max)*((double)gfx_height());
 527              		.loc 1 196 0 is_stmt 0 discriminator 1
 528 008c 0F2C     		cmp	r4, #15
ARM GAS  C:\Users\User\AppData\Local\Temp\ccJI4oXj.s 			page 14


 529 008e E5D9     		bls	.L35
 530 0090 0024     		mov	r4, #0
 531              	.LVL64:
 532 0092 0AE0     		b	.L36
 533              	.LVL65:
 534              	.L37:
 198:.\ssd1306x.c  ****     }
 199:.\ssd1306x.c  ****     for(ii=0; ii<_OLED_EQ_CHAN_CNT_; ii++){
 200:.\ssd1306x.c  ****         nmag[ii] = (int16_t) mag[ii];
 535              		.loc 1 200 0 is_stmt 1 discriminator 3
 536 0094 6500     		lsl	r5, r4, #1
 537 0096 4544     		add	r5, r5, r8
 538 0098 E300     		lsl	r3, r4, #3
 539 009a F318     		add	r3, r6, r3
 540 009c 1868     		ldr	r0, [r3]
 541 009e 5968     		ldr	r1, [r3, #4]
 542 00a0 FFF7FEFF 		bl	__aeabi_d2iz
 543              	.LVL66:
 544 00a4 2880     		strh	r0, [r5]
 199:.\ssd1306x.c  ****         nmag[ii] = (int16_t) mag[ii];
 545              		.loc 1 199 0 discriminator 3
 546 00a6 0134     		add	r4, r4, #1
 547              	.LVL67:
 548 00a8 E4B2     		uxtb	r4, r4
 549              	.LVL68:
 550              	.L36:
 199:.\ssd1306x.c  ****         nmag[ii] = (int16_t) mag[ii];
 551              		.loc 1 199 0 is_stmt 0 discriminator 1
 552 00aa 0F2C     		cmp	r4, #15
 553 00ac F2D9     		bls	.L37
 201:.\ssd1306x.c  ****     }
 202:.\ssd1306x.c  ****     
 203:.\ssd1306x.c  **** }
 554              		.loc 1 203 0 is_stmt 1
 555 00ae 04B0     		add	sp, sp, #16
 556              	.LVL69:
 557              		@ sp needed
 558              	.LVL70:
 559              	.LVL71:
 560              	.LVL72:
 561 00b0 04BC     		pop	{r2}
 562 00b2 9046     		mov	r8, r2
 563 00b4 F0BD     		pop	{r4, r5, r6, r7, pc}
 564              		.cfi_endproc
 565              	.LFE42:
 566              		.size	oled_normalize_channels_mag, .-oled_normalize_channels_mag
 567              		.comm	_oled_eq_chan_tab_,4,4
 568 00b6 C046     		.text
 569              	.Letext0:
 570              		.file 2 "d:\\cypress\\psoc creator\\3.3\\psoc creator\\import\\gnu\\arm\\4.9.3\\arm-none-eabi\\inc
 571              		.file 3 "d:\\cypress\\psoc creator\\3.3\\psoc creator\\import\\gnu\\arm\\4.9.3\\arm-none-eabi\\inc
 572              		.file 4 "Generated_Source\\PSoC4/cytypes.h"
 573              		.file 5 "d:\\cypress\\psoc creator\\3.3\\psoc creator\\import\\gnu\\arm\\4.9.3\\lib\\gcc\\arm-none
 574              		.file 6 ".\\ssd1306x.h"
 575              		.file 7 ".\\ssd1306.h"
 576              		.file 8 "d:\\cypress\\psoc creator\\3.3\\psoc creator\\import\\gnu\\arm\\4.9.3\\arm-none-eabi\\inc
 577              		.file 9 "d:\\cypress\\psoc creator\\3.3\\psoc creator\\import\\gnu\\arm\\4.9.3\\arm-none-eabi\\inc
ARM GAS  C:\Users\User\AppData\Local\Temp\ccJI4oXj.s 			page 15


 578              		.section	.debug_info,"",%progbits
 579              	.Ldebug_info0:
 580 0000 CB040000 		.4byte	0x4cb
 581 0004 0400     		.2byte	0x4
 582 0006 00000000 		.4byte	.Ldebug_abbrev0
 583 000a 04       		.byte	0x4
 584 000b 01       		.uleb128 0x1
 585 000c F8010000 		.4byte	.LASF39
 586 0010 01       		.byte	0x1
 587 0011 70000000 		.4byte	.LASF40
 588 0015 BC000000 		.4byte	.LASF41
 589 0019 00000000 		.4byte	.Ldebug_ranges0+0
 590 001d 00000000 		.4byte	0
 591 0021 00000000 		.4byte	.Ldebug_line0
 592 0025 02       		.uleb128 0x2
 593 0026 08       		.byte	0x8
 594 0027 04       		.byte	0x4
 595 0028 1A010000 		.4byte	.LASF0
 596 002c 02       		.uleb128 0x2
 597 002d 01       		.byte	0x1
 598 002e 06       		.byte	0x6
 599 002f 02030000 		.4byte	.LASF1
 600 0033 03       		.uleb128 0x3
 601 0034 00000000 		.4byte	.LASF3
 602 0038 02       		.byte	0x2
 603 0039 1D       		.byte	0x1d
 604 003a 3E000000 		.4byte	0x3e
 605 003e 02       		.uleb128 0x2
 606 003f 01       		.byte	0x1
 607 0040 08       		.byte	0x8
 608 0041 01010000 		.4byte	.LASF2
 609 0045 03       		.uleb128 0x3
 610 0046 11000000 		.4byte	.LASF4
 611 004a 02       		.byte	0x2
 612 004b 29       		.byte	0x29
 613 004c 50000000 		.4byte	0x50
 614 0050 02       		.uleb128 0x2
 615 0051 02       		.byte	0x2
 616 0052 05       		.byte	0x5
 617 0053 C0020000 		.4byte	.LASF5
 618 0057 03       		.uleb128 0x3
 619 0058 0F010000 		.4byte	.LASF6
 620 005c 02       		.byte	0x2
 621 005d 2B       		.byte	0x2b
 622 005e 62000000 		.4byte	0x62
 623 0062 02       		.uleb128 0x2
 624 0063 02       		.byte	0x2
 625 0064 07       		.byte	0x7
 626 0065 21000000 		.4byte	.LASF7
 627 0069 02       		.uleb128 0x2
 628 006a 04       		.byte	0x4
 629 006b 05       		.byte	0x5
 630 006c E8020000 		.4byte	.LASF8
 631 0070 02       		.uleb128 0x2
 632 0071 04       		.byte	0x4
 633 0072 07       		.byte	0x7
 634 0073 C0010000 		.4byte	.LASF9
ARM GAS  C:\Users\User\AppData\Local\Temp\ccJI4oXj.s 			page 16


 635 0077 02       		.uleb128 0x2
 636 0078 08       		.byte	0x8
 637 0079 05       		.byte	0x5
 638 007a 91020000 		.4byte	.LASF10
 639 007e 02       		.uleb128 0x2
 640 007f 08       		.byte	0x8
 641 0080 07       		.byte	0x7
 642 0081 5A010000 		.4byte	.LASF11
 643 0085 04       		.uleb128 0x4
 644 0086 04       		.byte	0x4
 645 0087 05       		.byte	0x5
 646 0088 696E7400 		.ascii	"int\000"
 647 008c 02       		.uleb128 0x2
 648 008d 04       		.byte	0x4
 649 008e 07       		.byte	0x7
 650 008f 48010000 		.4byte	.LASF12
 651 0093 03       		.uleb128 0x3
 652 0094 CA020000 		.4byte	.LASF13
 653 0098 03       		.byte	0x3
 654 0099 15       		.byte	0x15
 655 009a 33000000 		.4byte	0x33
 656 009e 03       		.uleb128 0x3
 657 009f B8010000 		.4byte	.LASF14
 658 00a3 03       		.byte	0x3
 659 00a4 20       		.byte	0x20
 660 00a5 45000000 		.4byte	0x45
 661 00a9 03       		.uleb128 0x3
 662 00aa DF020000 		.4byte	.LASF15
 663 00ae 03       		.byte	0x3
 664 00af 21       		.byte	0x21
 665 00b0 57000000 		.4byte	0x57
 666 00b4 05       		.uleb128 0x5
 667 00b5 B6000000 		.4byte	.LASF16
 668 00b9 04       		.byte	0x4
 669 00ba 3801     		.2byte	0x138
 670 00bc 3E000000 		.4byte	0x3e
 671 00c0 02       		.uleb128 0x2
 672 00c1 04       		.byte	0x4
 673 00c2 04       		.byte	0x4
 674 00c3 1B000000 		.4byte	.LASF17
 675 00c7 02       		.uleb128 0x2
 676 00c8 01       		.byte	0x1
 677 00c9 08       		.byte	0x8
 678 00ca F1020000 		.4byte	.LASF18
 679 00ce 03       		.uleb128 0x3
 680 00cf 0A000000 		.4byte	.LASF19
 681 00d3 05       		.byte	0x5
 682 00d4 D4       		.byte	0xd4
 683 00d5 8C000000 		.4byte	0x8c
 684 00d9 02       		.uleb128 0x2
 685 00da 04       		.byte	0x4
 686 00db 07       		.byte	0x7
 687 00dc EF010000 		.4byte	.LASF20
 688 00e0 06       		.uleb128 0x6
 689 00e1 04       		.byte	0x4
 690 00e2 02       		.uleb128 0x2
 691 00e3 08       		.byte	0x8
ARM GAS  C:\Users\User\AppData\Local\Temp\ccJI4oXj.s 			page 17


 692 00e4 04       		.byte	0x4
 693 00e5 F6020000 		.4byte	.LASF21
 694 00e9 07       		.uleb128 0x7
 695 00ea 04       		.byte	0x4
 696 00eb 06       		.byte	0x6
 697 00ec 2C       		.byte	0x2c
 698 00ed 0A010000 		.4byte	0x10a
 699 00f1 08       		.uleb128 0x8
 700 00f2 EF000000 		.4byte	.LASF22
 701 00f6 06       		.byte	0x6
 702 00f7 2D       		.byte	0x2d
 703 00f8 9E000000 		.4byte	0x9e
 704 00fc 00       		.byte	0
 705 00fd 08       		.uleb128 0x8
 706 00fe 21010000 		.4byte	.LASF23
 707 0102 06       		.byte	0x6
 708 0103 2E       		.byte	0x2e
 709 0104 9E000000 		.4byte	0x9e
 710 0108 02       		.byte	0x2
 711 0109 00       		.byte	0
 712 010a 03       		.uleb128 0x3
 713 010b D2020000 		.4byte	.LASF24
 714 010f 06       		.byte	0x6
 715 0110 2F       		.byte	0x2f
 716 0111 E9000000 		.4byte	0xe9
 717 0115 09       		.uleb128 0x9
 718 0116 7D000000 		.4byte	.LASF27
 719 011a 01       		.byte	0x1
 720 011b 1A       		.byte	0x1a
 721 011c 00000000 		.4byte	.LFB34
 722 0120 38000000 		.4byte	.LFE34-.LFB34
 723 0124 01       		.uleb128 0x1
 724 0125 9C       		.byte	0x9c
 725 0126 B5010000 		.4byte	0x1b5
 726 012a 0A       		.uleb128 0xa
 727 012b EA010000 		.4byte	.LASF25
 728 012f 01       		.byte	0x1
 729 0130 1A       		.byte	0x1a
 730 0131 9E000000 		.4byte	0x9e
 731 0135 00000000 		.4byte	.LLST0
 732 0139 0B       		.uleb128 0xb
 733 013a 6D616700 		.ascii	"mag\000"
 734 013e 01       		.byte	0x1
 735 013f 1A       		.byte	0x1a
 736 0140 9E000000 		.4byte	0x9e
 737 0144 21000000 		.4byte	.LLST1
 738 0148 0A       		.uleb128 0xa
 739 0149 42010000 		.4byte	.LASF26
 740 014d 01       		.byte	0x1
 741 014e 1A       		.byte	0x1a
 742 014f A9000000 		.4byte	0xa9
 743 0153 42000000 		.4byte	.LLST2
 744 0157 0C       		.uleb128 0xc
 745 0158 696900   		.ascii	"ii\000"
 746 015b 01       		.byte	0x1
 747 015c 1C       		.byte	0x1c
 748 015d 93000000 		.4byte	0x93
ARM GAS  C:\Users\User\AppData\Local\Temp\ccJI4oXj.s 			page 18


 749 0161 63000000 		.4byte	.LLST3
 750 0165 0D       		.uleb128 0xd
 751 0166 0E000000 		.4byte	.LVL2
 752 016a 66040000 		.4byte	0x466
 753 016e 0E       		.uleb128 0xe
 754 016f 28000000 		.4byte	.LVL4
 755 0173 6D040000 		.4byte	0x46d
 756 0177 AB010000 		.4byte	0x1ab
 757 017b 0F       		.uleb128 0xf
 758 017c 01       		.uleb128 0x1
 759 017d 53       		.byte	0x53
 760 017e 02       		.uleb128 0x2
 761 017f 74       		.byte	0x74
 762 0180 00       		.sleb128 0
 763 0181 0F       		.uleb128 0xf
 764 0182 01       		.uleb128 0x1
 765 0183 52       		.byte	0x52
 766 0184 0A       		.uleb128 0xa
 767 0185 77       		.byte	0x77
 768 0186 00       		.sleb128 0
 769 0187 33       		.byte	0x33
 770 0188 24       		.byte	0x24
 771 0189 0A       		.byte	0xa
 772 018a FFFF     		.2byte	0xffff
 773 018c 1A       		.byte	0x1a
 774 018d 23       		.byte	0x23
 775 018e 06       		.uleb128 0x6
 776 018f 0F       		.uleb128 0xf
 777 0190 01       		.uleb128 0x1
 778 0191 51       		.byte	0x51
 779 0192 02       		.uleb128 0x2
 780 0193 74       		.byte	0x74
 781 0194 00       		.sleb128 0
 782 0195 0F       		.uleb128 0xf
 783 0196 01       		.uleb128 0x1
 784 0197 50       		.byte	0x50
 785 0198 0A       		.uleb128 0xa
 786 0199 77       		.byte	0x77
 787 019a 00       		.sleb128 0
 788 019b 33       		.byte	0x33
 789 019c 24       		.byte	0x24
 790 019d 0A       		.byte	0xa
 791 019e FFFF     		.2byte	0xffff
 792 01a0 1A       		.byte	0x1a
 793 01a1 23       		.byte	0x23
 794 01a2 01       		.uleb128 0x1
 795 01a3 0F       		.uleb128 0xf
 796 01a4 02       		.uleb128 0x2
 797 01a5 7D       		.byte	0x7d
 798 01a6 00       		.sleb128 0
 799 01a7 02       		.uleb128 0x2
 800 01a8 76       		.byte	0x76
 801 01a9 00       		.sleb128 0
 802 01aa 00       		.byte	0
 803 01ab 0D       		.uleb128 0xd
 804 01ac 34000000 		.4byte	.LVL7
 805 01b0 92040000 		.4byte	0x492
ARM GAS  C:\Users\User\AppData\Local\Temp\ccJI4oXj.s 			page 19


 806 01b4 00       		.byte	0
 807 01b5 09       		.uleb128 0x9
 808 01b6 90000000 		.4byte	.LASF28
 809 01ba 01       		.byte	0x1
 810 01bb 32       		.byte	0x32
 811 01bc 00000000 		.4byte	.LFB35
 812 01c0 30000000 		.4byte	.LFE35-.LFB35
 813 01c4 01       		.uleb128 0x1
 814 01c5 9C       		.byte	0x9c
 815 01c6 3F020000 		.4byte	0x23f
 816 01ca 0A       		.uleb128 0xa
 817 01cb EA010000 		.4byte	.LASF25
 818 01cf 01       		.byte	0x1
 819 01d0 32       		.byte	0x32
 820 01d1 9E000000 		.4byte	0x9e
 821 01d5 8D000000 		.4byte	.LLST4
 822 01d9 0B       		.uleb128 0xb
 823 01da 6D616700 		.ascii	"mag\000"
 824 01de 01       		.byte	0x1
 825 01df 32       		.byte	0x32
 826 01e0 9E000000 		.4byte	0x9e
 827 01e4 AE000000 		.4byte	.LLST5
 828 01e8 0A       		.uleb128 0xa
 829 01e9 42010000 		.4byte	.LASF26
 830 01ed 01       		.byte	0x1
 831 01ee 32       		.byte	0x32
 832 01ef A9000000 		.4byte	0xa9
 833 01f3 CF000000 		.4byte	.LLST6
 834 01f7 0C       		.uleb128 0xc
 835 01f8 696900   		.ascii	"ii\000"
 836 01fb 01       		.byte	0x1
 837 01fc 34       		.byte	0x34
 838 01fd 93000000 		.4byte	0x93
 839 0201 F0000000 		.4byte	.LLST7
 840 0205 10       		.uleb128 0x10
 841 0206 24000000 		.4byte	.LVL12
 842 020a 6D040000 		.4byte	0x46d
 843 020e 0F       		.uleb128 0xf
 844 020f 01       		.uleb128 0x1
 845 0210 53       		.byte	0x53
 846 0211 02       		.uleb128 0x2
 847 0212 74       		.byte	0x74
 848 0213 00       		.sleb128 0
 849 0214 0F       		.uleb128 0xf
 850 0215 01       		.uleb128 0x1
 851 0216 52       		.byte	0x52
 852 0217 0A       		.uleb128 0xa
 853 0218 77       		.byte	0x77
 854 0219 00       		.sleb128 0
 855 021a 33       		.byte	0x33
 856 021b 24       		.byte	0x24
 857 021c 0A       		.byte	0xa
 858 021d FFFF     		.2byte	0xffff
 859 021f 1A       		.byte	0x1a
 860 0220 23       		.byte	0x23
 861 0221 06       		.uleb128 0x6
 862 0222 0F       		.uleb128 0xf
ARM GAS  C:\Users\User\AppData\Local\Temp\ccJI4oXj.s 			page 20


 863 0223 01       		.uleb128 0x1
 864 0224 51       		.byte	0x51
 865 0225 02       		.uleb128 0x2
 866 0226 74       		.byte	0x74
 867 0227 00       		.sleb128 0
 868 0228 0F       		.uleb128 0xf
 869 0229 01       		.uleb128 0x1
 870 022a 50       		.byte	0x50
 871 022b 0A       		.uleb128 0xa
 872 022c 77       		.byte	0x77
 873 022d 00       		.sleb128 0
 874 022e 33       		.byte	0x33
 875 022f 24       		.byte	0x24
 876 0230 0A       		.byte	0xa
 877 0231 FFFF     		.2byte	0xffff
 878 0233 1A       		.byte	0x1a
 879 0234 23       		.byte	0x23
 880 0235 01       		.uleb128 0x1
 881 0236 0F       		.uleb128 0xf
 882 0237 02       		.uleb128 0x2
 883 0238 7D       		.byte	0x7d
 884 0239 00       		.sleb128 0
 885 023a 02       		.uleb128 0x2
 886 023b 76       		.byte	0x76
 887 023c 00       		.sleb128 0
 888 023d 00       		.byte	0
 889 023e 00       		.byte	0
 890 023f 09       		.uleb128 0x9
 891 0240 A3000000 		.4byte	.LASF29
 892 0244 01       		.byte	0x1
 893 0245 45       		.byte	0x45
 894 0246 00000000 		.4byte	.LFB36
 895 024a 16000000 		.4byte	.LFE36-.LFB36
 896 024e 01       		.uleb128 0x1
 897 024f 9C       		.byte	0x9c
 898 0250 7B020000 		.4byte	0x27b
 899 0254 11       		.uleb128 0x11
 900 0255 EA010000 		.4byte	.LASF25
 901 0259 01       		.byte	0x1
 902 025a 45       		.byte	0x45
 903 025b 0A010000 		.4byte	0x10a
 904 025f 02       		.uleb128 0x2
 905 0260 91       		.byte	0x91
 906 0261 74       		.sleb128 -12
 907 0262 0A       		.uleb128 0xa
 908 0263 42010000 		.4byte	.LASF26
 909 0267 01       		.byte	0x1
 910 0268 45       		.byte	0x45
 911 0269 A9000000 		.4byte	0xa9
 912 026d 1A010000 		.4byte	.LLST8
 913 0271 0D       		.uleb128 0xd
 914 0272 12000000 		.4byte	.LVL18
 915 0276 B5010000 		.4byte	0x1b5
 916 027a 00       		.byte	0
 917 027b 12       		.uleb128 0x12
 918 027c 34000000 		.4byte	.LASF32
 919 0280 01       		.byte	0x1
ARM GAS  C:\Users\User\AppData\Local\Temp\ccJI4oXj.s 			page 21


 920 0281 51       		.byte	0x51
 921 0282 00000000 		.4byte	.LFB37
 922 0286 44000000 		.4byte	.LFE37-.LFB37
 923 028a 01       		.uleb128 0x1
 924 028b 9C       		.byte	0x9c
 925 028c CF020000 		.4byte	0x2cf
 926 0290 0C       		.uleb128 0xc
 927 0291 696900   		.ascii	"ii\000"
 928 0294 01       		.byte	0x1
 929 0295 53       		.byte	0x53
 930 0296 93000000 		.4byte	0x93
 931 029a 3B010000 		.4byte	.LLST9
 932 029e 0E       		.uleb128 0xe
 933 029f 08000000 		.4byte	.LVL19
 934 02a3 99040000 		.4byte	0x499
 935 02a7 B2020000 		.4byte	0x2b2
 936 02ab 0F       		.uleb128 0xf
 937 02ac 01       		.uleb128 0x1
 938 02ad 50       		.byte	0x50
 939 02ae 02       		.uleb128 0x2
 940 02af 08       		.byte	0x8
 941 02b0 40       		.byte	0x40
 942 02b1 00       		.byte	0
 943 02b2 0E       		.uleb128 0xe
 944 02b3 32000000 		.4byte	.LVL22
 945 02b7 3F020000 		.4byte	0x23f
 946 02bb C5020000 		.4byte	0x2c5
 947 02bf 0F       		.uleb128 0xf
 948 02c0 01       		.uleb128 0x1
 949 02c1 51       		.byte	0x51
 950 02c2 01       		.uleb128 0x1
 951 02c3 31       		.byte	0x31
 952 02c4 00       		.byte	0
 953 02c5 0D       		.uleb128 0xd
 954 02c6 3E000000 		.4byte	.LVL25
 955 02ca 92040000 		.4byte	0x492
 956 02ce 00       		.byte	0
 957 02cf 09       		.uleb128 0x9
 958 02d0 D2010000 		.4byte	.LASF30
 959 02d4 01       		.byte	0x1
 960 02d5 6D       		.byte	0x6d
 961 02d6 00000000 		.4byte	.LFB38
 962 02da 10000000 		.4byte	.LFE38-.LFB38
 963 02de 01       		.uleb128 0x1
 964 02df 9C       		.byte	0x9c
 965 02e0 01030000 		.4byte	0x301
 966 02e4 0A       		.uleb128 0xa
 967 02e5 EA010000 		.4byte	.LASF25
 968 02e9 01       		.byte	0x1
 969 02ea 6D       		.byte	0x6d
 970 02eb 9E000000 		.4byte	0x9e
 971 02ef 65010000 		.4byte	.LLST10
 972 02f3 13       		.uleb128 0x13
 973 02f4 6D616700 		.ascii	"mag\000"
 974 02f8 01       		.byte	0x1
 975 02f9 6D       		.byte	0x6d
 976 02fa 9E000000 		.4byte	0x9e
ARM GAS  C:\Users\User\AppData\Local\Temp\ccJI4oXj.s 			page 22


 977 02fe 01       		.uleb128 0x1
 978 02ff 51       		.byte	0x51
 979 0300 00       		.byte	0
 980 0301 09       		.uleb128 0x9
 981 0302 71010000 		.4byte	.LASF31
 982 0306 01       		.byte	0x1
 983 0307 7D       		.byte	0x7d
 984 0308 00000000 		.4byte	.LFB39
 985 030c 1C000000 		.4byte	.LFE39-.LFB39
 986 0310 01       		.uleb128 0x1
 987 0311 9C       		.byte	0x9c
 988 0312 44030000 		.4byte	0x344
 989 0316 0B       		.uleb128 0xb
 990 0317 6D616700 		.ascii	"mag\000"
 991 031b 01       		.byte	0x1
 992 031c 7D       		.byte	0x7d
 993 031d 44030000 		.4byte	0x344
 994 0321 86010000 		.4byte	.LLST11
 995 0325 0C       		.uleb128 0xc
 996 0326 696900   		.ascii	"ii\000"
 997 0329 01       		.byte	0x1
 998 032a 7F       		.byte	0x7f
 999 032b 93000000 		.4byte	0x93
 1000 032f B2010000 		.4byte	.LLST12
 1001 0333 10       		.uleb128 0x10
 1002 0334 12000000 		.4byte	.LVL32
 1003 0338 CF020000 		.4byte	0x2cf
 1004 033c 0F       		.uleb128 0xf
 1005 033d 01       		.uleb128 0x1
 1006 033e 50       		.byte	0x50
 1007 033f 02       		.uleb128 0x2
 1008 0340 74       		.byte	0x74
 1009 0341 00       		.sleb128 0
 1010 0342 00       		.byte	0
 1011 0343 00       		.byte	0
 1012 0344 14       		.uleb128 0x14
 1013 0345 04       		.byte	0x4
 1014 0346 9E000000 		.4byte	0x9e
 1015 034a 12       		.uleb128 0x12
 1016 034b AC020000 		.4byte	.LASF33
 1017 034f 01       		.byte	0x1
 1018 0350 90       		.byte	0x90
 1019 0351 00000000 		.4byte	.LFB40
 1020 0355 34000000 		.4byte	.LFE40-.LFB40
 1021 0359 01       		.uleb128 0x1
 1022 035a 9C       		.byte	0x9c
 1023 035b 93030000 		.4byte	0x393
 1024 035f 0C       		.uleb128 0xc
 1025 0360 696900   		.ascii	"ii\000"
 1026 0363 01       		.byte	0x1
 1027 0364 92       		.byte	0x92
 1028 0365 93000000 		.4byte	0x93
 1029 0369 DC010000 		.4byte	.LLST13
 1030 036d 0D       		.uleb128 0xd
 1031 036e 06000000 		.4byte	.LVL37
 1032 0372 66040000 		.4byte	0x466
 1033 0376 0E       		.uleb128 0xe
ARM GAS  C:\Users\User\AppData\Local\Temp\ccJI4oXj.s 			page 23


 1034 0377 20000000 		.4byte	.LVL39
 1035 037b 3F020000 		.4byte	0x23f
 1036 037f 89030000 		.4byte	0x389
 1037 0383 0F       		.uleb128 0xf
 1038 0384 01       		.uleb128 0x1
 1039 0385 51       		.byte	0x51
 1040 0386 01       		.uleb128 0x1
 1041 0387 31       		.byte	0x31
 1042 0388 00       		.byte	0
 1043 0389 0D       		.uleb128 0xd
 1044 038a 2C000000 		.4byte	.LVL42
 1045 038e 92040000 		.4byte	0x492
 1046 0392 00       		.byte	0
 1047 0393 15       		.uleb128 0x15
 1048 0394 9D010000 		.4byte	.LASF42
 1049 0398 01       		.byte	0x1
 1050 0399 A7       		.byte	0xa7
 1051 039a 25000000 		.4byte	0x25
 1052 039e 00000000 		.4byte	.LFB41
 1053 03a2 14000000 		.4byte	.LFE41-.LFB41
 1054 03a6 01       		.uleb128 0x1
 1055 03a7 9C       		.byte	0x9c
 1056 03a8 E6030000 		.4byte	0x3e6
 1057 03ac 0B       		.uleb128 0xb
 1058 03ad 6D616700 		.ascii	"mag\000"
 1059 03b1 01       		.byte	0x1
 1060 03b2 A7       		.byte	0xa7
 1061 03b3 25000000 		.4byte	0x25
 1062 03b7 06020000 		.4byte	.LLST14
 1063 03bb 16       		.uleb128 0x16
 1064 03bc 72657300 		.ascii	"res\000"
 1065 03c0 01       		.byte	0x1
 1066 03c1 A9       		.byte	0xa9
 1067 03c2 25000000 		.4byte	0x25
 1068 03c6 06       		.uleb128 0x6
 1069 03c7 50       		.byte	0x50
 1070 03c8 93       		.byte	0x93
 1071 03c9 04       		.uleb128 0x4
 1072 03ca 51       		.byte	0x51
 1073 03cb 93       		.byte	0x93
 1074 03cc 04       		.uleb128 0x4
 1075 03cd 10       		.uleb128 0x10
 1076 03ce 06000000 		.4byte	.LVL45
 1077 03d2 AE040000 		.4byte	0x4ae
 1078 03d6 0F       		.uleb128 0xf
 1079 03d7 06       		.uleb128 0x6
 1080 03d8 50       		.byte	0x50
 1081 03d9 93       		.byte	0x93
 1082 03da 04       		.uleb128 0x4
 1083 03db 51       		.byte	0x51
 1084 03dc 93       		.byte	0x93
 1085 03dd 04       		.uleb128 0x4
 1086 03de 05       		.uleb128 0x5
 1087 03df F3       		.byte	0xf3
 1088 03e0 03       		.uleb128 0x3
 1089 03e1 F5       		.byte	0xf5
 1090 03e2 00       		.uleb128 0
ARM GAS  C:\Users\User\AppData\Local\Temp\ccJI4oXj.s 			page 24


 1091 03e3 25       		.uleb128 0x25
 1092 03e4 00       		.byte	0
 1093 03e5 00       		.byte	0
 1094 03e6 17       		.uleb128 0x17
 1095 03e7 54000000 		.4byte	.LASF34
 1096 03eb 01       		.byte	0x1
 1097 03ec B9       		.byte	0xb9
 1098 03ed 00000000 		.4byte	.LFB42
 1099 03f1 B6000000 		.4byte	.LFE42-.LFB42
 1100 03f5 01       		.uleb128 0x1
 1101 03f6 9C       		.byte	0x9c
 1102 03f7 49040000 		.4byte	0x449
 1103 03fb 0B       		.uleb128 0xb
 1104 03fc 6D616700 		.ascii	"mag\000"
 1105 0400 01       		.byte	0x1
 1106 0401 B9       		.byte	0xb9
 1107 0402 49040000 		.4byte	0x449
 1108 0406 2E020000 		.4byte	.LLST15
 1109 040a 0A       		.uleb128 0xa
 1110 040b 55010000 		.4byte	.LASF35
 1111 040f 01       		.byte	0x1
 1112 0410 B9       		.byte	0xb9
 1113 0411 44030000 		.4byte	0x344
 1114 0415 5A020000 		.4byte	.LLST16
 1115 0419 0C       		.uleb128 0xc
 1116 041a 696900   		.ascii	"ii\000"
 1117 041d 01       		.byte	0x1
 1118 041e BB       		.byte	0xbb
 1119 041f B4000000 		.4byte	0xb4
 1120 0423 86020000 		.4byte	.LLST17
 1121 0427 0C       		.uleb128 0xc
 1122 0428 6D617800 		.ascii	"max\000"
 1123 042c 01       		.byte	0x1
 1124 042d BC       		.byte	0xbc
 1125 042e 25000000 		.4byte	0x25
 1126 0432 DC020000 		.4byte	.LLST18
 1127 0436 0D       		.uleb128 0xd
 1128 0437 1C000000 		.4byte	.LVL50
 1129 043b 93030000 		.4byte	0x393
 1130 043f 0D       		.uleb128 0xd
 1131 0440 74000000 		.4byte	.LVL60
 1132 0444 C3040000 		.4byte	0x4c3
 1133 0448 00       		.byte	0
 1134 0449 14       		.uleb128 0x14
 1135 044a 04       		.byte	0x4
 1136 044b 25000000 		.4byte	0x25
 1137 044f 18       		.uleb128 0x18
 1138 0450 8A010000 		.4byte	.LASF43
 1139 0454 01       		.byte	0x1
 1140 0455 0F       		.byte	0xf
 1141 0456 60040000 		.4byte	0x460
 1142 045a 05       		.uleb128 0x5
 1143 045b 03       		.byte	0x3
 1144 045c 00000000 		.4byte	_oled_eq_chan_tab_
 1145 0460 14       		.uleb128 0x14
 1146 0461 04       		.byte	0x4
 1147 0462 0A010000 		.4byte	0x10a
ARM GAS  C:\Users\User\AppData\Local\Temp\ccJI4oXj.s 			page 25


 1148 0466 19       		.uleb128 0x19
 1149 0467 46000000 		.4byte	.LASF36
 1150 046b 07       		.byte	0x7
 1151 046c 36       		.byte	0x36
 1152 046d 1A       		.uleb128 0x1a
 1153 046e 9F020000 		.4byte	.LASF44
 1154 0472 07       		.byte	0x7
 1155 0473 40       		.byte	0x40
 1156 0474 92040000 		.4byte	0x492
 1157 0478 1B       		.uleb128 0x1b
 1158 0479 9E000000 		.4byte	0x9e
 1159 047d 1B       		.uleb128 0x1b
 1160 047e 9E000000 		.4byte	0x9e
 1161 0482 1B       		.uleb128 0x1b
 1162 0483 9E000000 		.4byte	0x9e
 1163 0487 1B       		.uleb128 0x1b
 1164 0488 9E000000 		.4byte	0x9e
 1165 048c 1B       		.uleb128 0x1b
 1166 048d A9000000 		.4byte	0xa9
 1167 0491 00       		.byte	0
 1168 0492 19       		.uleb128 0x19
 1169 0493 33010000 		.4byte	.LASF37
 1170 0497 07       		.byte	0x7
 1171 0498 35       		.byte	0x35
 1172 0499 1C       		.uleb128 0x1c
 1173 049a 0E030000 		.4byte	.LASF38
 1174 049e 08       		.byte	0x8
 1175 049f 61       		.byte	0x61
 1176 04a0 E0000000 		.4byte	0xe0
 1177 04a4 AE040000 		.4byte	0x4ae
 1178 04a8 1B       		.uleb128 0x1b
 1179 04a9 CE000000 		.4byte	0xce
 1180 04ad 00       		.byte	0
 1181 04ae 1D       		.uleb128 0x1d
 1182 04af 6C6F6700 		.ascii	"log\000"
 1183 04b3 09       		.byte	0x9
 1184 04b4 83       		.byte	0x83
 1185 04b5 25000000 		.4byte	0x25
 1186 04b9 C3040000 		.4byte	0x4c3
 1187 04bd 1B       		.uleb128 0x1b
 1188 04be 25000000 		.4byte	0x25
 1189 04c2 00       		.byte	0
 1190 04c3 1E       		.uleb128 0x1e
 1191 04c4 86020000 		.4byte	.LASF45
 1192 04c8 07       		.byte	0x7
 1193 04c9 47       		.byte	0x47
 1194 04ca 9E000000 		.4byte	0x9e
 1195 04ce 00       		.byte	0
 1196              		.section	.debug_abbrev,"",%progbits
 1197              	.Ldebug_abbrev0:
 1198 0000 01       		.uleb128 0x1
 1199 0001 11       		.uleb128 0x11
 1200 0002 01       		.byte	0x1
 1201 0003 25       		.uleb128 0x25
 1202 0004 0E       		.uleb128 0xe
 1203 0005 13       		.uleb128 0x13
 1204 0006 0B       		.uleb128 0xb
ARM GAS  C:\Users\User\AppData\Local\Temp\ccJI4oXj.s 			page 26


 1205 0007 03       		.uleb128 0x3
 1206 0008 0E       		.uleb128 0xe
 1207 0009 1B       		.uleb128 0x1b
 1208 000a 0E       		.uleb128 0xe
 1209 000b 55       		.uleb128 0x55
 1210 000c 17       		.uleb128 0x17
 1211 000d 11       		.uleb128 0x11
 1212 000e 01       		.uleb128 0x1
 1213 000f 10       		.uleb128 0x10
 1214 0010 17       		.uleb128 0x17
 1215 0011 00       		.byte	0
 1216 0012 00       		.byte	0
 1217 0013 02       		.uleb128 0x2
 1218 0014 24       		.uleb128 0x24
 1219 0015 00       		.byte	0
 1220 0016 0B       		.uleb128 0xb
 1221 0017 0B       		.uleb128 0xb
 1222 0018 3E       		.uleb128 0x3e
 1223 0019 0B       		.uleb128 0xb
 1224 001a 03       		.uleb128 0x3
 1225 001b 0E       		.uleb128 0xe
 1226 001c 00       		.byte	0
 1227 001d 00       		.byte	0
 1228 001e 03       		.uleb128 0x3
 1229 001f 16       		.uleb128 0x16
 1230 0020 00       		.byte	0
 1231 0021 03       		.uleb128 0x3
 1232 0022 0E       		.uleb128 0xe
 1233 0023 3A       		.uleb128 0x3a
 1234 0024 0B       		.uleb128 0xb
 1235 0025 3B       		.uleb128 0x3b
 1236 0026 0B       		.uleb128 0xb
 1237 0027 49       		.uleb128 0x49
 1238 0028 13       		.uleb128 0x13
 1239 0029 00       		.byte	0
 1240 002a 00       		.byte	0
 1241 002b 04       		.uleb128 0x4
 1242 002c 24       		.uleb128 0x24
 1243 002d 00       		.byte	0
 1244 002e 0B       		.uleb128 0xb
 1245 002f 0B       		.uleb128 0xb
 1246 0030 3E       		.uleb128 0x3e
 1247 0031 0B       		.uleb128 0xb
 1248 0032 03       		.uleb128 0x3
 1249 0033 08       		.uleb128 0x8
 1250 0034 00       		.byte	0
 1251 0035 00       		.byte	0
 1252 0036 05       		.uleb128 0x5
 1253 0037 16       		.uleb128 0x16
 1254 0038 00       		.byte	0
 1255 0039 03       		.uleb128 0x3
 1256 003a 0E       		.uleb128 0xe
 1257 003b 3A       		.uleb128 0x3a
 1258 003c 0B       		.uleb128 0xb
 1259 003d 3B       		.uleb128 0x3b
 1260 003e 05       		.uleb128 0x5
 1261 003f 49       		.uleb128 0x49
ARM GAS  C:\Users\User\AppData\Local\Temp\ccJI4oXj.s 			page 27


 1262 0040 13       		.uleb128 0x13
 1263 0041 00       		.byte	0
 1264 0042 00       		.byte	0
 1265 0043 06       		.uleb128 0x6
 1266 0044 0F       		.uleb128 0xf
 1267 0045 00       		.byte	0
 1268 0046 0B       		.uleb128 0xb
 1269 0047 0B       		.uleb128 0xb
 1270 0048 00       		.byte	0
 1271 0049 00       		.byte	0
 1272 004a 07       		.uleb128 0x7
 1273 004b 13       		.uleb128 0x13
 1274 004c 01       		.byte	0x1
 1275 004d 0B       		.uleb128 0xb
 1276 004e 0B       		.uleb128 0xb
 1277 004f 3A       		.uleb128 0x3a
 1278 0050 0B       		.uleb128 0xb
 1279 0051 3B       		.uleb128 0x3b
 1280 0052 0B       		.uleb128 0xb
 1281 0053 01       		.uleb128 0x1
 1282 0054 13       		.uleb128 0x13
 1283 0055 00       		.byte	0
 1284 0056 00       		.byte	0
 1285 0057 08       		.uleb128 0x8
 1286 0058 0D       		.uleb128 0xd
 1287 0059 00       		.byte	0
 1288 005a 03       		.uleb128 0x3
 1289 005b 0E       		.uleb128 0xe
 1290 005c 3A       		.uleb128 0x3a
 1291 005d 0B       		.uleb128 0xb
 1292 005e 3B       		.uleb128 0x3b
 1293 005f 0B       		.uleb128 0xb
 1294 0060 49       		.uleb128 0x49
 1295 0061 13       		.uleb128 0x13
 1296 0062 38       		.uleb128 0x38
 1297 0063 0B       		.uleb128 0xb
 1298 0064 00       		.byte	0
 1299 0065 00       		.byte	0
 1300 0066 09       		.uleb128 0x9
 1301 0067 2E       		.uleb128 0x2e
 1302 0068 01       		.byte	0x1
 1303 0069 3F       		.uleb128 0x3f
 1304 006a 19       		.uleb128 0x19
 1305 006b 03       		.uleb128 0x3
 1306 006c 0E       		.uleb128 0xe
 1307 006d 3A       		.uleb128 0x3a
 1308 006e 0B       		.uleb128 0xb
 1309 006f 3B       		.uleb128 0x3b
 1310 0070 0B       		.uleb128 0xb
 1311 0071 27       		.uleb128 0x27
 1312 0072 19       		.uleb128 0x19
 1313 0073 11       		.uleb128 0x11
 1314 0074 01       		.uleb128 0x1
 1315 0075 12       		.uleb128 0x12
 1316 0076 06       		.uleb128 0x6
 1317 0077 40       		.uleb128 0x40
 1318 0078 18       		.uleb128 0x18
ARM GAS  C:\Users\User\AppData\Local\Temp\ccJI4oXj.s 			page 28


 1319 0079 9742     		.uleb128 0x2117
 1320 007b 19       		.uleb128 0x19
 1321 007c 01       		.uleb128 0x1
 1322 007d 13       		.uleb128 0x13
 1323 007e 00       		.byte	0
 1324 007f 00       		.byte	0
 1325 0080 0A       		.uleb128 0xa
 1326 0081 05       		.uleb128 0x5
 1327 0082 00       		.byte	0
 1328 0083 03       		.uleb128 0x3
 1329 0084 0E       		.uleb128 0xe
 1330 0085 3A       		.uleb128 0x3a
 1331 0086 0B       		.uleb128 0xb
 1332 0087 3B       		.uleb128 0x3b
 1333 0088 0B       		.uleb128 0xb
 1334 0089 49       		.uleb128 0x49
 1335 008a 13       		.uleb128 0x13
 1336 008b 02       		.uleb128 0x2
 1337 008c 17       		.uleb128 0x17
 1338 008d 00       		.byte	0
 1339 008e 00       		.byte	0
 1340 008f 0B       		.uleb128 0xb
 1341 0090 05       		.uleb128 0x5
 1342 0091 00       		.byte	0
 1343 0092 03       		.uleb128 0x3
 1344 0093 08       		.uleb128 0x8
 1345 0094 3A       		.uleb128 0x3a
 1346 0095 0B       		.uleb128 0xb
 1347 0096 3B       		.uleb128 0x3b
 1348 0097 0B       		.uleb128 0xb
 1349 0098 49       		.uleb128 0x49
 1350 0099 13       		.uleb128 0x13
 1351 009a 02       		.uleb128 0x2
 1352 009b 17       		.uleb128 0x17
 1353 009c 00       		.byte	0
 1354 009d 00       		.byte	0
 1355 009e 0C       		.uleb128 0xc
 1356 009f 34       		.uleb128 0x34
 1357 00a0 00       		.byte	0
 1358 00a1 03       		.uleb128 0x3
 1359 00a2 08       		.uleb128 0x8
 1360 00a3 3A       		.uleb128 0x3a
 1361 00a4 0B       		.uleb128 0xb
 1362 00a5 3B       		.uleb128 0x3b
 1363 00a6 0B       		.uleb128 0xb
 1364 00a7 49       		.uleb128 0x49
 1365 00a8 13       		.uleb128 0x13
 1366 00a9 02       		.uleb128 0x2
 1367 00aa 17       		.uleb128 0x17
 1368 00ab 00       		.byte	0
 1369 00ac 00       		.byte	0
 1370 00ad 0D       		.uleb128 0xd
 1371 00ae 898201   		.uleb128 0x4109
 1372 00b1 00       		.byte	0
 1373 00b2 11       		.uleb128 0x11
 1374 00b3 01       		.uleb128 0x1
 1375 00b4 31       		.uleb128 0x31
ARM GAS  C:\Users\User\AppData\Local\Temp\ccJI4oXj.s 			page 29


 1376 00b5 13       		.uleb128 0x13
 1377 00b6 00       		.byte	0
 1378 00b7 00       		.byte	0
 1379 00b8 0E       		.uleb128 0xe
 1380 00b9 898201   		.uleb128 0x4109
 1381 00bc 01       		.byte	0x1
 1382 00bd 11       		.uleb128 0x11
 1383 00be 01       		.uleb128 0x1
 1384 00bf 31       		.uleb128 0x31
 1385 00c0 13       		.uleb128 0x13
 1386 00c1 01       		.uleb128 0x1
 1387 00c2 13       		.uleb128 0x13
 1388 00c3 00       		.byte	0
 1389 00c4 00       		.byte	0
 1390 00c5 0F       		.uleb128 0xf
 1391 00c6 8A8201   		.uleb128 0x410a
 1392 00c9 00       		.byte	0
 1393 00ca 02       		.uleb128 0x2
 1394 00cb 18       		.uleb128 0x18
 1395 00cc 9142     		.uleb128 0x2111
 1396 00ce 18       		.uleb128 0x18
 1397 00cf 00       		.byte	0
 1398 00d0 00       		.byte	0
 1399 00d1 10       		.uleb128 0x10
 1400 00d2 898201   		.uleb128 0x4109
 1401 00d5 01       		.byte	0x1
 1402 00d6 11       		.uleb128 0x11
 1403 00d7 01       		.uleb128 0x1
 1404 00d8 31       		.uleb128 0x31
 1405 00d9 13       		.uleb128 0x13
 1406 00da 00       		.byte	0
 1407 00db 00       		.byte	0
 1408 00dc 11       		.uleb128 0x11
 1409 00dd 05       		.uleb128 0x5
 1410 00de 00       		.byte	0
 1411 00df 03       		.uleb128 0x3
 1412 00e0 0E       		.uleb128 0xe
 1413 00e1 3A       		.uleb128 0x3a
 1414 00e2 0B       		.uleb128 0xb
 1415 00e3 3B       		.uleb128 0x3b
 1416 00e4 0B       		.uleb128 0xb
 1417 00e5 49       		.uleb128 0x49
 1418 00e6 13       		.uleb128 0x13
 1419 00e7 02       		.uleb128 0x2
 1420 00e8 18       		.uleb128 0x18
 1421 00e9 00       		.byte	0
 1422 00ea 00       		.byte	0
 1423 00eb 12       		.uleb128 0x12
 1424 00ec 2E       		.uleb128 0x2e
 1425 00ed 01       		.byte	0x1
 1426 00ee 3F       		.uleb128 0x3f
 1427 00ef 19       		.uleb128 0x19
 1428 00f0 03       		.uleb128 0x3
 1429 00f1 0E       		.uleb128 0xe
 1430 00f2 3A       		.uleb128 0x3a
 1431 00f3 0B       		.uleb128 0xb
 1432 00f4 3B       		.uleb128 0x3b
ARM GAS  C:\Users\User\AppData\Local\Temp\ccJI4oXj.s 			page 30


 1433 00f5 0B       		.uleb128 0xb
 1434 00f6 11       		.uleb128 0x11
 1435 00f7 01       		.uleb128 0x1
 1436 00f8 12       		.uleb128 0x12
 1437 00f9 06       		.uleb128 0x6
 1438 00fa 40       		.uleb128 0x40
 1439 00fb 18       		.uleb128 0x18
 1440 00fc 9742     		.uleb128 0x2117
 1441 00fe 19       		.uleb128 0x19
 1442 00ff 01       		.uleb128 0x1
 1443 0100 13       		.uleb128 0x13
 1444 0101 00       		.byte	0
 1445 0102 00       		.byte	0
 1446 0103 13       		.uleb128 0x13
 1447 0104 05       		.uleb128 0x5
 1448 0105 00       		.byte	0
 1449 0106 03       		.uleb128 0x3
 1450 0107 08       		.uleb128 0x8
 1451 0108 3A       		.uleb128 0x3a
 1452 0109 0B       		.uleb128 0xb
 1453 010a 3B       		.uleb128 0x3b
 1454 010b 0B       		.uleb128 0xb
 1455 010c 49       		.uleb128 0x49
 1456 010d 13       		.uleb128 0x13
 1457 010e 02       		.uleb128 0x2
 1458 010f 18       		.uleb128 0x18
 1459 0110 00       		.byte	0
 1460 0111 00       		.byte	0
 1461 0112 14       		.uleb128 0x14
 1462 0113 0F       		.uleb128 0xf
 1463 0114 00       		.byte	0
 1464 0115 0B       		.uleb128 0xb
 1465 0116 0B       		.uleb128 0xb
 1466 0117 49       		.uleb128 0x49
 1467 0118 13       		.uleb128 0x13
 1468 0119 00       		.byte	0
 1469 011a 00       		.byte	0
 1470 011b 15       		.uleb128 0x15
 1471 011c 2E       		.uleb128 0x2e
 1472 011d 01       		.byte	0x1
 1473 011e 3F       		.uleb128 0x3f
 1474 011f 19       		.uleb128 0x19
 1475 0120 03       		.uleb128 0x3
 1476 0121 0E       		.uleb128 0xe
 1477 0122 3A       		.uleb128 0x3a
 1478 0123 0B       		.uleb128 0xb
 1479 0124 3B       		.uleb128 0x3b
 1480 0125 0B       		.uleb128 0xb
 1481 0126 27       		.uleb128 0x27
 1482 0127 19       		.uleb128 0x19
 1483 0128 49       		.uleb128 0x49
 1484 0129 13       		.uleb128 0x13
 1485 012a 11       		.uleb128 0x11
 1486 012b 01       		.uleb128 0x1
 1487 012c 12       		.uleb128 0x12
 1488 012d 06       		.uleb128 0x6
 1489 012e 40       		.uleb128 0x40
ARM GAS  C:\Users\User\AppData\Local\Temp\ccJI4oXj.s 			page 31


 1490 012f 18       		.uleb128 0x18
 1491 0130 9642     		.uleb128 0x2116
 1492 0132 19       		.uleb128 0x19
 1493 0133 01       		.uleb128 0x1
 1494 0134 13       		.uleb128 0x13
 1495 0135 00       		.byte	0
 1496 0136 00       		.byte	0
 1497 0137 16       		.uleb128 0x16
 1498 0138 34       		.uleb128 0x34
 1499 0139 00       		.byte	0
 1500 013a 03       		.uleb128 0x3
 1501 013b 08       		.uleb128 0x8
 1502 013c 3A       		.uleb128 0x3a
 1503 013d 0B       		.uleb128 0xb
 1504 013e 3B       		.uleb128 0x3b
 1505 013f 0B       		.uleb128 0xb
 1506 0140 49       		.uleb128 0x49
 1507 0141 13       		.uleb128 0x13
 1508 0142 02       		.uleb128 0x2
 1509 0143 18       		.uleb128 0x18
 1510 0144 00       		.byte	0
 1511 0145 00       		.byte	0
 1512 0146 17       		.uleb128 0x17
 1513 0147 2E       		.uleb128 0x2e
 1514 0148 01       		.byte	0x1
 1515 0149 3F       		.uleb128 0x3f
 1516 014a 19       		.uleb128 0x19
 1517 014b 03       		.uleb128 0x3
 1518 014c 0E       		.uleb128 0xe
 1519 014d 3A       		.uleb128 0x3a
 1520 014e 0B       		.uleb128 0xb
 1521 014f 3B       		.uleb128 0x3b
 1522 0150 0B       		.uleb128 0xb
 1523 0151 27       		.uleb128 0x27
 1524 0152 19       		.uleb128 0x19
 1525 0153 11       		.uleb128 0x11
 1526 0154 01       		.uleb128 0x1
 1527 0155 12       		.uleb128 0x12
 1528 0156 06       		.uleb128 0x6
 1529 0157 40       		.uleb128 0x40
 1530 0158 18       		.uleb128 0x18
 1531 0159 9642     		.uleb128 0x2116
 1532 015b 19       		.uleb128 0x19
 1533 015c 01       		.uleb128 0x1
 1534 015d 13       		.uleb128 0x13
 1535 015e 00       		.byte	0
 1536 015f 00       		.byte	0
 1537 0160 18       		.uleb128 0x18
 1538 0161 34       		.uleb128 0x34
 1539 0162 00       		.byte	0
 1540 0163 03       		.uleb128 0x3
 1541 0164 0E       		.uleb128 0xe
 1542 0165 3A       		.uleb128 0x3a
 1543 0166 0B       		.uleb128 0xb
 1544 0167 3B       		.uleb128 0x3b
 1545 0168 0B       		.uleb128 0xb
 1546 0169 49       		.uleb128 0x49
ARM GAS  C:\Users\User\AppData\Local\Temp\ccJI4oXj.s 			page 32


 1547 016a 13       		.uleb128 0x13
 1548 016b 3F       		.uleb128 0x3f
 1549 016c 19       		.uleb128 0x19
 1550 016d 02       		.uleb128 0x2
 1551 016e 18       		.uleb128 0x18
 1552 016f 00       		.byte	0
 1553 0170 00       		.byte	0
 1554 0171 19       		.uleb128 0x19
 1555 0172 2E       		.uleb128 0x2e
 1556 0173 00       		.byte	0
 1557 0174 3F       		.uleb128 0x3f
 1558 0175 19       		.uleb128 0x19
 1559 0176 03       		.uleb128 0x3
 1560 0177 0E       		.uleb128 0xe
 1561 0178 3A       		.uleb128 0x3a
 1562 0179 0B       		.uleb128 0xb
 1563 017a 3B       		.uleb128 0x3b
 1564 017b 0B       		.uleb128 0xb
 1565 017c 27       		.uleb128 0x27
 1566 017d 19       		.uleb128 0x19
 1567 017e 3C       		.uleb128 0x3c
 1568 017f 19       		.uleb128 0x19
 1569 0180 00       		.byte	0
 1570 0181 00       		.byte	0
 1571 0182 1A       		.uleb128 0x1a
 1572 0183 2E       		.uleb128 0x2e
 1573 0184 01       		.byte	0x1
 1574 0185 3F       		.uleb128 0x3f
 1575 0186 19       		.uleb128 0x19
 1576 0187 03       		.uleb128 0x3
 1577 0188 0E       		.uleb128 0xe
 1578 0189 3A       		.uleb128 0x3a
 1579 018a 0B       		.uleb128 0xb
 1580 018b 3B       		.uleb128 0x3b
 1581 018c 0B       		.uleb128 0xb
 1582 018d 27       		.uleb128 0x27
 1583 018e 19       		.uleb128 0x19
 1584 018f 3C       		.uleb128 0x3c
 1585 0190 19       		.uleb128 0x19
 1586 0191 01       		.uleb128 0x1
 1587 0192 13       		.uleb128 0x13
 1588 0193 00       		.byte	0
 1589 0194 00       		.byte	0
 1590 0195 1B       		.uleb128 0x1b
 1591 0196 05       		.uleb128 0x5
 1592 0197 00       		.byte	0
 1593 0198 49       		.uleb128 0x49
 1594 0199 13       		.uleb128 0x13
 1595 019a 00       		.byte	0
 1596 019b 00       		.byte	0
 1597 019c 1C       		.uleb128 0x1c
 1598 019d 2E       		.uleb128 0x2e
 1599 019e 01       		.byte	0x1
 1600 019f 3F       		.uleb128 0x3f
 1601 01a0 19       		.uleb128 0x19
 1602 01a1 03       		.uleb128 0x3
 1603 01a2 0E       		.uleb128 0xe
ARM GAS  C:\Users\User\AppData\Local\Temp\ccJI4oXj.s 			page 33


 1604 01a3 3A       		.uleb128 0x3a
 1605 01a4 0B       		.uleb128 0xb
 1606 01a5 3B       		.uleb128 0x3b
 1607 01a6 0B       		.uleb128 0xb
 1608 01a7 27       		.uleb128 0x27
 1609 01a8 19       		.uleb128 0x19
 1610 01a9 49       		.uleb128 0x49
 1611 01aa 13       		.uleb128 0x13
 1612 01ab 3C       		.uleb128 0x3c
 1613 01ac 19       		.uleb128 0x19
 1614 01ad 01       		.uleb128 0x1
 1615 01ae 13       		.uleb128 0x13
 1616 01af 00       		.byte	0
 1617 01b0 00       		.byte	0
 1618 01b1 1D       		.uleb128 0x1d
 1619 01b2 2E       		.uleb128 0x2e
 1620 01b3 01       		.byte	0x1
 1621 01b4 3F       		.uleb128 0x3f
 1622 01b5 19       		.uleb128 0x19
 1623 01b6 03       		.uleb128 0x3
 1624 01b7 08       		.uleb128 0x8
 1625 01b8 3A       		.uleb128 0x3a
 1626 01b9 0B       		.uleb128 0xb
 1627 01ba 3B       		.uleb128 0x3b
 1628 01bb 0B       		.uleb128 0xb
 1629 01bc 27       		.uleb128 0x27
 1630 01bd 19       		.uleb128 0x19
 1631 01be 49       		.uleb128 0x49
 1632 01bf 13       		.uleb128 0x13
 1633 01c0 3C       		.uleb128 0x3c
 1634 01c1 19       		.uleb128 0x19
 1635 01c2 01       		.uleb128 0x1
 1636 01c3 13       		.uleb128 0x13
 1637 01c4 00       		.byte	0
 1638 01c5 00       		.byte	0
 1639 01c6 1E       		.uleb128 0x1e
 1640 01c7 2E       		.uleb128 0x2e
 1641 01c8 00       		.byte	0
 1642 01c9 3F       		.uleb128 0x3f
 1643 01ca 19       		.uleb128 0x19
 1644 01cb 03       		.uleb128 0x3
 1645 01cc 0E       		.uleb128 0xe
 1646 01cd 3A       		.uleb128 0x3a
 1647 01ce 0B       		.uleb128 0xb
 1648 01cf 3B       		.uleb128 0x3b
 1649 01d0 0B       		.uleb128 0xb
 1650 01d1 27       		.uleb128 0x27
 1651 01d2 19       		.uleb128 0x19
 1652 01d3 49       		.uleb128 0x49
 1653 01d4 13       		.uleb128 0x13
 1654 01d5 3C       		.uleb128 0x3c
 1655 01d6 19       		.uleb128 0x19
 1656 01d7 00       		.byte	0
 1657 01d8 00       		.byte	0
 1658 01d9 00       		.byte	0
 1659              		.section	.debug_loc,"",%progbits
 1660              	.Ldebug_loc0:
ARM GAS  C:\Users\User\AppData\Local\Temp\ccJI4oXj.s 			page 34


 1661              	.LLST0:
 1662 0000 00000000 		.4byte	.LVL0
 1663 0004 0D000000 		.4byte	.LVL2-1
 1664 0008 0100     		.2byte	0x1
 1665 000a 50       		.byte	0x50
 1666 000b 0D000000 		.4byte	.LVL2-1
 1667 000f 38000000 		.4byte	.LFE34
 1668 0013 0400     		.2byte	0x4
 1669 0015 F3       		.byte	0xf3
 1670 0016 01       		.uleb128 0x1
 1671 0017 50       		.byte	0x50
 1672 0018 9F       		.byte	0x9f
 1673 0019 00000000 		.4byte	0
 1674 001d 00000000 		.4byte	0
 1675              	.LLST1:
 1676 0021 00000000 		.4byte	.LVL0
 1677 0025 0D000000 		.4byte	.LVL2-1
 1678 0029 0100     		.2byte	0x1
 1679 002b 51       		.byte	0x51
 1680 002c 0D000000 		.4byte	.LVL2-1
 1681 0030 38000000 		.4byte	.LFE34
 1682 0034 0400     		.2byte	0x4
 1683 0036 F3       		.byte	0xf3
 1684 0037 01       		.uleb128 0x1
 1685 0038 51       		.byte	0x51
 1686 0039 9F       		.byte	0x9f
 1687 003a 00000000 		.4byte	0
 1688 003e 00000000 		.4byte	0
 1689              	.LLST2:
 1690 0042 00000000 		.4byte	.LVL0
 1691 0046 0D000000 		.4byte	.LVL2-1
 1692 004a 0100     		.2byte	0x1
 1693 004c 52       		.byte	0x52
 1694 004d 0D000000 		.4byte	.LVL2-1
 1695 0051 38000000 		.4byte	.LFE34
 1696 0055 0400     		.2byte	0x4
 1697 0057 F3       		.byte	0xf3
 1698 0058 01       		.uleb128 0x1
 1699 0059 52       		.byte	0x52
 1700 005a 9F       		.byte	0x9f
 1701 005b 00000000 		.4byte	0
 1702 005f 00000000 		.4byte	0
 1703              	.LLST3:
 1704 0063 0A000000 		.4byte	.LVL1
 1705 0067 12000000 		.4byte	.LVL3
 1706 006b 0200     		.2byte	0x2
 1707 006d 30       		.byte	0x30
 1708 006e 9F       		.byte	0x9f
 1709 006f 12000000 		.4byte	.LVL3
 1710 0073 2A000000 		.4byte	.LVL5
 1711 0077 0100     		.2byte	0x1
 1712 0079 54       		.byte	0x54
 1713 007a 2C000000 		.4byte	.LVL6
 1714 007e 36000000 		.4byte	.LVL8
 1715 0082 0100     		.2byte	0x1
 1716 0084 54       		.byte	0x54
 1717 0085 00000000 		.4byte	0
ARM GAS  C:\Users\User\AppData\Local\Temp\ccJI4oXj.s 			page 35


 1718 0089 00000000 		.4byte	0
 1719              	.LLST4:
 1720 008d 00000000 		.4byte	.LVL9
 1721 0091 0E000000 		.4byte	.LVL11
 1722 0095 0100     		.2byte	0x1
 1723 0097 50       		.byte	0x50
 1724 0098 0E000000 		.4byte	.LVL11
 1725 009c 30000000 		.4byte	.LFE35
 1726 00a0 0400     		.2byte	0x4
 1727 00a2 F3       		.byte	0xf3
 1728 00a3 01       		.uleb128 0x1
 1729 00a4 50       		.byte	0x50
 1730 00a5 9F       		.byte	0x9f
 1731 00a6 00000000 		.4byte	0
 1732 00aa 00000000 		.4byte	0
 1733              	.LLST5:
 1734 00ae 00000000 		.4byte	.LVL9
 1735 00b2 0E000000 		.4byte	.LVL11
 1736 00b6 0100     		.2byte	0x1
 1737 00b8 51       		.byte	0x51
 1738 00b9 0E000000 		.4byte	.LVL11
 1739 00bd 30000000 		.4byte	.LFE35
 1740 00c1 0400     		.2byte	0x4
 1741 00c3 F3       		.byte	0xf3
 1742 00c4 01       		.uleb128 0x1
 1743 00c5 51       		.byte	0x51
 1744 00c6 9F       		.byte	0x9f
 1745 00c7 00000000 		.4byte	0
 1746 00cb 00000000 		.4byte	0
 1747              	.LLST6:
 1748 00cf 00000000 		.4byte	.LVL9
 1749 00d3 0E000000 		.4byte	.LVL11
 1750 00d7 0100     		.2byte	0x1
 1751 00d9 52       		.byte	0x52
 1752 00da 0E000000 		.4byte	.LVL11
 1753 00de 30000000 		.4byte	.LFE35
 1754 00e2 0400     		.2byte	0x4
 1755 00e4 F3       		.byte	0xf3
 1756 00e5 01       		.uleb128 0x1
 1757 00e6 52       		.byte	0x52
 1758 00e7 9F       		.byte	0x9f
 1759 00e8 00000000 		.4byte	0
 1760 00ec 00000000 		.4byte	0
 1761              	.LLST7:
 1762 00f0 0A000000 		.4byte	.LVL10
 1763 00f4 0E000000 		.4byte	.LVL11
 1764 00f8 0200     		.2byte	0x2
 1765 00fa 30       		.byte	0x30
 1766 00fb 9F       		.byte	0x9f
 1767 00fc 0E000000 		.4byte	.LVL11
 1768 0100 26000000 		.4byte	.LVL13
 1769 0104 0100     		.2byte	0x1
 1770 0106 54       		.byte	0x54
 1771 0107 28000000 		.4byte	.LVL14
 1772 010b 2E000000 		.4byte	.LVL15
 1773 010f 0100     		.2byte	0x1
 1774 0111 54       		.byte	0x54
ARM GAS  C:\Users\User\AppData\Local\Temp\ccJI4oXj.s 			page 36


 1775 0112 00000000 		.4byte	0
 1776 0116 00000000 		.4byte	0
 1777              	.LLST8:
 1778 011a 00000000 		.4byte	.LVL16
 1779 011e 0E000000 		.4byte	.LVL17
 1780 0122 0100     		.2byte	0x1
 1781 0124 51       		.byte	0x51
 1782 0125 0E000000 		.4byte	.LVL17
 1783 0129 16000000 		.4byte	.LFE36
 1784 012d 0400     		.2byte	0x4
 1785 012f F3       		.byte	0xf3
 1786 0130 01       		.uleb128 0x1
 1787 0131 51       		.byte	0x51
 1788 0132 9F       		.byte	0x9f
 1789 0133 00000000 		.4byte	0
 1790 0137 00000000 		.4byte	0
 1791              	.LLST9:
 1792 013b 0C000000 		.4byte	.LVL20
 1793 013f 10000000 		.4byte	.LVL21
 1794 0143 0200     		.2byte	0x2
 1795 0145 30       		.byte	0x30
 1796 0146 9F       		.byte	0x9f
 1797 0147 10000000 		.4byte	.LVL21
 1798 014b 34000000 		.4byte	.LVL23
 1799 014f 0100     		.2byte	0x1
 1800 0151 54       		.byte	0x54
 1801 0152 36000000 		.4byte	.LVL24
 1802 0156 3E000000 		.4byte	.LVL26
 1803 015a 0100     		.2byte	0x1
 1804 015c 54       		.byte	0x54
 1805 015d 00000000 		.4byte	0
 1806 0161 00000000 		.4byte	0
 1807              	.LLST10:
 1808 0165 00000000 		.4byte	.LVL27
 1809 0169 02000000 		.4byte	.LVL28
 1810 016d 0100     		.2byte	0x1
 1811 016f 50       		.byte	0x50
 1812 0170 02000000 		.4byte	.LVL28
 1813 0174 10000000 		.4byte	.LFE38
 1814 0178 0400     		.2byte	0x4
 1815 017a F3       		.byte	0xf3
 1816 017b 01       		.uleb128 0x1
 1817 017c 50       		.byte	0x50
 1818 017d 9F       		.byte	0x9f
 1819 017e 00000000 		.4byte	0
 1820 0182 00000000 		.4byte	0
 1821              	.LLST11:
 1822 0186 00000000 		.4byte	.LVL29
 1823 018a 08000000 		.4byte	.LVL31
 1824 018e 0100     		.2byte	0x1
 1825 0190 50       		.byte	0x50
 1826 0191 08000000 		.4byte	.LVL31
 1827 0195 1A000000 		.4byte	.LVL36
 1828 0199 0100     		.2byte	0x1
 1829 019b 55       		.byte	0x55
 1830 019c 1A000000 		.4byte	.LVL36
 1831 01a0 1C000000 		.4byte	.LFE39
ARM GAS  C:\Users\User\AppData\Local\Temp\ccJI4oXj.s 			page 37


 1832 01a4 0400     		.2byte	0x4
 1833 01a6 F3       		.byte	0xf3
 1834 01a7 01       		.uleb128 0x1
 1835 01a8 50       		.byte	0x50
 1836 01a9 9F       		.byte	0x9f
 1837 01aa 00000000 		.4byte	0
 1838 01ae 00000000 		.4byte	0
 1839              	.LLST12:
 1840 01b2 04000000 		.4byte	.LVL30
 1841 01b6 08000000 		.4byte	.LVL31
 1842 01ba 0200     		.2byte	0x2
 1843 01bc 30       		.byte	0x30
 1844 01bd 9F       		.byte	0x9f
 1845 01be 08000000 		.4byte	.LVL31
 1846 01c2 14000000 		.4byte	.LVL33
 1847 01c6 0100     		.2byte	0x1
 1848 01c8 54       		.byte	0x54
 1849 01c9 16000000 		.4byte	.LVL34
 1850 01cd 1A000000 		.4byte	.LVL35
 1851 01d1 0100     		.2byte	0x1
 1852 01d3 54       		.byte	0x54
 1853 01d4 00000000 		.4byte	0
 1854 01d8 00000000 		.4byte	0
 1855              	.LLST13:
 1856 01dc 06000000 		.4byte	.LVL37
 1857 01e0 0A000000 		.4byte	.LVL38
 1858 01e4 0200     		.2byte	0x2
 1859 01e6 30       		.byte	0x30
 1860 01e7 9F       		.byte	0x9f
 1861 01e8 0A000000 		.4byte	.LVL38
 1862 01ec 22000000 		.4byte	.LVL40
 1863 01f0 0100     		.2byte	0x1
 1864 01f2 54       		.byte	0x54
 1865 01f3 24000000 		.4byte	.LVL41
 1866 01f7 2C000000 		.4byte	.LVL43
 1867 01fb 0100     		.2byte	0x1
 1868 01fd 54       		.byte	0x54
 1869 01fe 00000000 		.4byte	0
 1870 0202 00000000 		.4byte	0
 1871              	.LLST14:
 1872 0206 00000000 		.4byte	.LVL44
 1873 020a 05000000 		.4byte	.LVL45-1
 1874 020e 0600     		.2byte	0x6
 1875 0210 50       		.byte	0x50
 1876 0211 93       		.byte	0x93
 1877 0212 04       		.uleb128 0x4
 1878 0213 51       		.byte	0x51
 1879 0214 93       		.byte	0x93
 1880 0215 04       		.uleb128 0x4
 1881 0216 05000000 		.4byte	.LVL45-1
 1882 021a 14000000 		.4byte	.LFE41
 1883 021e 0600     		.2byte	0x6
 1884 0220 F3       		.byte	0xf3
 1885 0221 03       		.uleb128 0x3
 1886 0222 F5       		.byte	0xf5
 1887 0223 00       		.uleb128 0
 1888 0224 25       		.uleb128 0x25
ARM GAS  C:\Users\User\AppData\Local\Temp\ccJI4oXj.s 			page 38


 1889 0225 9F       		.byte	0x9f
 1890 0226 00000000 		.4byte	0
 1891 022a 00000000 		.4byte	0
 1892              	.LLST15:
 1893 022e 00000000 		.4byte	.LVL47
 1894 0232 10000000 		.4byte	.LVL49
 1895 0236 0100     		.2byte	0x1
 1896 0238 50       		.byte	0x50
 1897 0239 10000000 		.4byte	.LVL49
 1898 023d B0000000 		.4byte	.LVL71
 1899 0241 0100     		.2byte	0x1
 1900 0243 56       		.byte	0x56
 1901 0244 B0000000 		.4byte	.LVL71
 1902 0248 B6000000 		.4byte	.LFE42
 1903 024c 0400     		.2byte	0x4
 1904 024e F3       		.byte	0xf3
 1905 024f 01       		.uleb128 0x1
 1906 0250 50       		.byte	0x50
 1907 0251 9F       		.byte	0x9f
 1908 0252 00000000 		.4byte	0
 1909 0256 00000000 		.4byte	0
 1910              	.LLST16:
 1911 025a 00000000 		.4byte	.LVL47
 1912 025e 10000000 		.4byte	.LVL49
 1913 0262 0100     		.2byte	0x1
 1914 0264 51       		.byte	0x51
 1915 0265 10000000 		.4byte	.LVL49
 1916 0269 B0000000 		.4byte	.LVL72
 1917 026d 0100     		.2byte	0x1
 1918 026f 58       		.byte	0x58
 1919 0270 B0000000 		.4byte	.LVL72
 1920 0274 B6000000 		.4byte	.LFE42
 1921 0278 0400     		.2byte	0x4
 1922 027a F3       		.byte	0xf3
 1923 027b 01       		.uleb128 0x1
 1924 027c 51       		.byte	0x51
 1925 027d 9F       		.byte	0x9f
 1926 027e 00000000 		.4byte	0
 1927 0282 00000000 		.4byte	0
 1928              	.LLST17:
 1929 0286 0C000000 		.4byte	.LVL48
 1930 028a 10000000 		.4byte	.LVL49
 1931 028e 0200     		.2byte	0x2
 1932 0290 30       		.byte	0x30
 1933 0291 9F       		.byte	0x9f
 1934 0292 10000000 		.4byte	.LVL49
 1935 0296 22000000 		.4byte	.LVL51
 1936 029a 0100     		.2byte	0x1
 1937 029c 54       		.byte	0x54
 1938 029d 24000000 		.4byte	.LVL52
 1939 02a1 2C000000 		.4byte	.LVL53
 1940 02a5 0100     		.2byte	0x1
 1941 02a7 54       		.byte	0x54
 1942 02a8 34000000 		.4byte	.LVL54
 1943 02ac 5C000000 		.4byte	.LVL58
 1944 02b0 0100     		.2byte	0x1
 1945 02b2 57       		.byte	0x57
ARM GAS  C:\Users\User\AppData\Local\Temp\ccJI4oXj.s 			page 39


 1946 02b3 5C000000 		.4byte	.LVL58
 1947 02b7 92000000 		.4byte	.LVL64
 1948 02bb 0100     		.2byte	0x1
 1949 02bd 54       		.byte	0x54
 1950 02be 94000000 		.4byte	.LVL65
 1951 02c2 A8000000 		.4byte	.LVL67
 1952 02c6 0100     		.2byte	0x1
 1953 02c8 54       		.byte	0x54
 1954 02c9 AA000000 		.4byte	.LVL68
 1955 02cd B0000000 		.4byte	.LVL70
 1956 02d1 0100     		.2byte	0x1
 1957 02d3 54       		.byte	0x54
 1958 02d4 00000000 		.4byte	0
 1959 02d8 00000000 		.4byte	0
 1960              	.LLST18:
 1961 02dc 0C000000 		.4byte	.LVL48
 1962 02e0 34000000 		.4byte	.LVL54
 1963 02e4 0A00     		.2byte	0xa
 1964 02e6 9E       		.byte	0x9e
 1965 02e7 08       		.uleb128 0x8
 1966 02e8 00000000 		.4byte	0
 1967 02ec 00000000 		.4byte	0
 1968 02f0 34000000 		.4byte	.LVL54
 1969 02f4 B0000000 		.4byte	.LVL69
 1970 02f8 0200     		.2byte	0x2
 1971 02fa 7D       		.byte	0x7d
 1972 02fb 00       		.sleb128 0
 1973 02fc B0000000 		.4byte	.LVL69
 1974 0300 B6000000 		.4byte	.LFE42
 1975 0304 0200     		.2byte	0x2
 1976 0306 91       		.byte	0x91
 1977 0307 58       		.sleb128 -40
 1978 0308 00000000 		.4byte	0
 1979 030c 00000000 		.4byte	0
 1980              		.section	.debug_aranges,"",%progbits
 1981 0000 5C000000 		.4byte	0x5c
 1982 0004 0200     		.2byte	0x2
 1983 0006 00000000 		.4byte	.Ldebug_info0
 1984 000a 04       		.byte	0x4
 1985 000b 00       		.byte	0
 1986 000c 0000     		.2byte	0
 1987 000e 0000     		.2byte	0
 1988 0010 00000000 		.4byte	.LFB34
 1989 0014 38000000 		.4byte	.LFE34-.LFB34
 1990 0018 00000000 		.4byte	.LFB35
 1991 001c 30000000 		.4byte	.LFE35-.LFB35
 1992 0020 00000000 		.4byte	.LFB36
 1993 0024 16000000 		.4byte	.LFE36-.LFB36
 1994 0028 00000000 		.4byte	.LFB37
 1995 002c 44000000 		.4byte	.LFE37-.LFB37
 1996 0030 00000000 		.4byte	.LFB38
 1997 0034 10000000 		.4byte	.LFE38-.LFB38
 1998 0038 00000000 		.4byte	.LFB39
 1999 003c 1C000000 		.4byte	.LFE39-.LFB39
 2000 0040 00000000 		.4byte	.LFB40
 2001 0044 34000000 		.4byte	.LFE40-.LFB40
 2002 0048 00000000 		.4byte	.LFB41
ARM GAS  C:\Users\User\AppData\Local\Temp\ccJI4oXj.s 			page 40


 2003 004c 14000000 		.4byte	.LFE41-.LFB41
 2004 0050 00000000 		.4byte	.LFB42
 2005 0054 B6000000 		.4byte	.LFE42-.LFB42
 2006 0058 00000000 		.4byte	0
 2007 005c 00000000 		.4byte	0
 2008              		.section	.debug_ranges,"",%progbits
 2009              	.Ldebug_ranges0:
 2010 0000 00000000 		.4byte	.LFB34
 2011 0004 38000000 		.4byte	.LFE34
 2012 0008 00000000 		.4byte	.LFB35
 2013 000c 30000000 		.4byte	.LFE35
 2014 0010 00000000 		.4byte	.LFB36
 2015 0014 16000000 		.4byte	.LFE36
 2016 0018 00000000 		.4byte	.LFB37
 2017 001c 44000000 		.4byte	.LFE37
 2018 0020 00000000 		.4byte	.LFB38
 2019 0024 10000000 		.4byte	.LFE38
 2020 0028 00000000 		.4byte	.LFB39
 2021 002c 1C000000 		.4byte	.LFE39
 2022 0030 00000000 		.4byte	.LFB40
 2023 0034 34000000 		.4byte	.LFE40
 2024 0038 00000000 		.4byte	.LFB41
 2025 003c 14000000 		.4byte	.LFE41
 2026 0040 00000000 		.4byte	.LFB42
 2027 0044 B6000000 		.4byte	.LFE42
 2028 0048 00000000 		.4byte	0
 2029 004c 00000000 		.4byte	0
 2030              		.section	.debug_line,"",%progbits
 2031              	.Ldebug_line0:
 2032 0000 0A030000 		.section	.debug_str,"MS",%progbits,1
 2032      0200BA01 
 2032      00000201 
 2032      FB0E0D00 
 2032      01010101 
 2033              	.LASF3:
 2034 0000 5F5F7569 		.ascii	"__uint8_t\000"
 2034      6E74385F 
 2034      7400
 2035              	.LASF19:
 2036 000a 73697A65 		.ascii	"size_t\000"
 2036      5F7400
 2037              	.LASF4:
 2038 0011 5F5F696E 		.ascii	"__int16_t\000"
 2038      7431365F 
 2038      7400
 2039              	.LASF17:
 2040 001b 666C6F61 		.ascii	"float\000"
 2040      7400
 2041              	.LASF7:
 2042 0021 73686F72 		.ascii	"short unsigned int\000"
 2042      7420756E 
 2042      7369676E 
 2042      65642069 
 2042      6E7400
 2043              	.LASF32:
 2044 0034 6F6C6564 		.ascii	"oled_eq_chan_init\000"
 2044      5F65715F 
ARM GAS  C:\Users\User\AppData\Local\Temp\ccJI4oXj.s 			page 41


 2044      6368616E 
 2044      5F696E69 
 2044      7400
 2045              	.LASF36:
 2046 0046 64697370 		.ascii	"display_clear\000"
 2046      6C61795F 
 2046      636C6561 
 2046      7200
 2047              	.LASF34:
 2048 0054 6F6C6564 		.ascii	"oled_normalize_channels_mag\000"
 2048      5F6E6F72 
 2048      6D616C69 
 2048      7A655F63 
 2048      68616E6E 
 2049              	.LASF40:
 2050 0070 2E5C7373 		.ascii	".\\ssd1306x.c\000"
 2050      64313330 
 2050      36782E63 
 2050      00
 2051              	.LASF27:
 2052 007d 6F6C6564 		.ascii	"oled_draw_channel0\000"
 2052      5F647261 
 2052      775F6368 
 2052      616E6E65 
 2052      6C3000
 2053              	.LASF28:
 2054 0090 6F6C6564 		.ascii	"oled_draw_channel1\000"
 2054      5F647261 
 2054      775F6368 
 2054      616E6E65 
 2054      6C3100
 2055              	.LASF29:
 2056 00a3 6F6C6564 		.ascii	"oled_draw_channel2\000"
 2056      5F647261 
 2056      775F6368 
 2056      616E6E65 
 2056      6C3200
 2057              	.LASF16:
 2058 00b6 75696E74 		.ascii	"uint8\000"
 2058      3800
 2059              	.LASF41:
 2060 00bc 433A5C55 		.ascii	"C:\\Users\\User\\Documents\\PSoC Creator\\FFT\\FFT."
 2060      73657273 
 2060      5C557365 
 2060      725C446F 
 2060      63756D65 
 2061 00e9 63796473 		.ascii	"cydsn\000"
 2061      6E00
 2062              	.LASF22:
 2063 00ef 5F6F6C65 		.ascii	"_oled_eq_chan_num\000"
 2063      645F6571 
 2063      5F636861 
 2063      6E5F6E75 
 2063      6D00
 2064              	.LASF2:
 2065 0101 756E7369 		.ascii	"unsigned char\000"
 2065      676E6564 
ARM GAS  C:\Users\User\AppData\Local\Temp\ccJI4oXj.s 			page 42


 2065      20636861 
 2065      7200
 2066              	.LASF6:
 2067 010f 5F5F7569 		.ascii	"__uint16_t\000"
 2067      6E743136 
 2067      5F7400
 2068              	.LASF0:
 2069 011a 646F7562 		.ascii	"double\000"
 2069      6C6500
 2070              	.LASF23:
 2071 0121 5F6F6C65 		.ascii	"_oled_eq_chan_mag\000"
 2071      645F6571 
 2071      5F636861 
 2071      6E5F6D61 
 2071      6700
 2072              	.LASF37:
 2073 0133 64697370 		.ascii	"display_update\000"
 2073      6C61795F 
 2073      75706461 
 2073      746500
 2074              	.LASF26:
 2075 0142 636F6C6F 		.ascii	"color\000"
 2075      7200
 2076              	.LASF12:
 2077 0148 756E7369 		.ascii	"unsigned int\000"
 2077      676E6564 
 2077      20696E74 
 2077      00
 2078              	.LASF35:
 2079 0155 6E6D6167 		.ascii	"nmag\000"
 2079      00
 2080              	.LASF11:
 2081 015a 6C6F6E67 		.ascii	"long long unsigned int\000"
 2081      206C6F6E 
 2081      6720756E 
 2081      7369676E 
 2081      65642069 
 2082              	.LASF31:
 2083 0171 6F6C6564 		.ascii	"oled_update_channels_mag\000"
 2083      5F757064 
 2083      6174655F 
 2083      6368616E 
 2083      6E656C73 
 2084              	.LASF43:
 2085 018a 5F6F6C65 		.ascii	"_oled_eq_chan_tab_\000"
 2085      645F6571 
 2085      5F636861 
 2085      6E5F7461 
 2085      625F00
 2086              	.LASF42:
 2087 019d 6F6C6564 		.ascii	"oled_normalize_channel_mag\000"
 2087      5F6E6F72 
 2087      6D616C69 
 2087      7A655F63 
 2087      68616E6E 
 2088              	.LASF14:
 2089 01b8 696E7431 		.ascii	"int16_t\000"
ARM GAS  C:\Users\User\AppData\Local\Temp\ccJI4oXj.s 			page 43


 2089      365F7400 
 2090              	.LASF9:
 2091 01c0 6C6F6E67 		.ascii	"long unsigned int\000"
 2091      20756E73 
 2091      69676E65 
 2091      6420696E 
 2091      7400
 2092              	.LASF30:
 2093 01d2 6F6C6564 		.ascii	"oled_update_channel_mag\000"
 2093      5F757064 
 2093      6174655F 
 2093      6368616E 
 2093      6E656C5F 
 2094              	.LASF25:
 2095 01ea 6368616E 		.ascii	"chan\000"
 2095      00
 2096              	.LASF20:
 2097 01ef 73697A65 		.ascii	"sizetype\000"
 2097      74797065 
 2097      00
 2098              	.LASF39:
 2099 01f8 474E5520 		.ascii	"GNU C 4.9.3 20150303 (release) [ARM/embedded-4_9-br"
 2099      4320342E 
 2099      392E3320 
 2099      32303135 
 2099      30333033 
 2100 022b 616E6368 		.ascii	"anch revision 221220] -mcpu=cortex-m0 -mthumb -g -O"
 2100      20726576 
 2100      6973696F 
 2100      6E203232 
 2100      31323230 
 2101 025e 67202D66 		.ascii	"g -ffunction-sections -ffat-lto-objects\000"
 2101      66756E63 
 2101      74696F6E 
 2101      2D736563 
 2101      74696F6E 
 2102              	.LASF45:
 2103 0286 6766785F 		.ascii	"gfx_height\000"
 2103      68656967 
 2103      687400
 2104              	.LASF10:
 2105 0291 6C6F6E67 		.ascii	"long long int\000"
 2105      206C6F6E 
 2105      6720696E 
 2105      7400
 2106              	.LASF44:
 2107 029f 6766785F 		.ascii	"gfx_drawLine\000"
 2107      64726177 
 2107      4C696E65 
 2107      00
 2108              	.LASF33:
 2109 02ac 6F6C6564 		.ascii	"oled_update_channel\000"
 2109      5F757064 
 2109      6174655F 
 2109      6368616E 
 2109      6E656C00 
 2110              	.LASF5:
ARM GAS  C:\Users\User\AppData\Local\Temp\ccJI4oXj.s 			page 44


 2111 02c0 73686F72 		.ascii	"short int\000"
 2111      7420696E 
 2111      7400
 2112              	.LASF13:
 2113 02ca 75696E74 		.ascii	"uint8_t\000"
 2113      385F7400 
 2114              	.LASF24:
 2115 02d2 6F6C6564 		.ascii	"oled_eq_chan\000"
 2115      5F65715F 
 2115      6368616E 
 2115      00
 2116              	.LASF15:
 2117 02df 75696E74 		.ascii	"uint16_t\000"
 2117      31365F74 
 2117      00
 2118              	.LASF8:
 2119 02e8 6C6F6E67 		.ascii	"long int\000"
 2119      20696E74 
 2119      00
 2120              	.LASF18:
 2121 02f1 63686172 		.ascii	"char\000"
 2121      00
 2122              	.LASF21:
 2123 02f6 6C6F6E67 		.ascii	"long double\000"
 2123      20646F75 
 2123      626C6500 
 2124              	.LASF1:
 2125 0302 7369676E 		.ascii	"signed char\000"
 2125      65642063 
 2125      68617200 
 2126              	.LASF38:
 2127 030e 6D616C6C 		.ascii	"malloc\000"
 2127      6F6300
 2128              		.ident	"GCC: (GNU Tools for ARM Embedded Processors) 4.9.3 20150303 (release) [ARM/embedded-4_9-br
