--------------- Rebuild Started: 03/22/2018 04:25:35 Project: FSKRx, Configuration: ARM GCC 5.4-2016-q2-update Debug ---------------
Deleting file ".\FSKRx.cycdx"
Deleting file ".\FSKRx.svd"
Deleting file ".\FSKRx.rpt"
Deleting file ".\FSKRx_timing.html"
cydsfit.exe -.appdatapath "C:\Users\sdysart\AppData\Local\Cypress Semiconductor\PSoC Creator\4.1" -.fdsnotice -.fdswarpdepfile=warp_dependencies.txt -.fdselabdepfile=elab_dependencies.txt -.fdsbldfile=generated_files.txt -.fdsreffile=referenced_files.txt -p C:\Users\sdysart\Documents\UACS\UACS\FSK\FSKRx.cydsn\FSKRx.cyprj -d CY8C5888LTI-LP097 -s C:\Users\sdysart\Documents\UACS\UACS\FSK\FSKRx.cydsn\Generated_Source\PSoC5 -- -yv2 -q10 -ygs -o2 -v3 -.fftcfgtype=LE
Elaborating Design...
HDL Generation...
Synthesis...
Tech Mapping...
Info: plm.M0038: The pin named CompOut(0) at location P3[7] prevents usage of special purposes: OpAmp:out. (App=cydsfit)
Info: plm.M0038: The pin named LPFOut(0) at location P3[6] prevents usage of special purposes: OpAmp:out. (App=cydsfit)
Analog Placement...
Log: apr.M0058: The analog placement iterative improvement is 42% done. (App=cydsfit)
Log: apr.M0058: The analog placement iterative improvement is 65% done. (App=cydsfit)
Log: apr.M0058: The analog placement iterative improvement is 85% done. (App=cydsfit)
Analog Routing...
Analog Code Generation...
Digital Placement...
Digital Routing...
Bitstream Generation...
Bitstream Verification...
Static timing analysis...
API Generation...
Dependency Generation...
Cleanup...
arm-none-eabi-gcc.exe -mcpu=cortex-m3 -mthumb -I. -IGenerated_Source\PSoC5 -Wa,-alh=.\CortexM3\ARM_GCC_541\Debug/main.lst -g -D DEBUG -D CY_CORE_ID=0 -Wall -ffunction-sections -ffat-lto-objects -Og -c main.c -o .\CortexM3\ARM_GCC_541\Debug\main.o
arm-none-eabi-gcc.exe -mcpu=cortex-m3 -mthumb -I. -IGenerated_Source\PSoC5 -Wa,-alh=.\CortexM3\ARM_GCC_541\Debug/cyfitter_cfg.lst -g -D DEBUG -D CY_CORE_ID=0 -Wall -ffunction-sections -ffat-lto-objects -Og -c Generated_Source\PSoC5\cyfitter_cfg.c -o .\CortexM3\ARM_GCC_541\Debug\cyfitter_cfg.o
arm-none-eabi-gcc.exe -mcpu=cortex-m3 -mthumb -I. -IGenerated_Source\PSoC5 -Wa,-alh=.\CortexM3\ARM_GCC_541\Debug/cymetadata.lst -g -D DEBUG -D CY_CORE_ID=0 -Wall -ffunction-sections -ffat-lto-objects -Og -c Generated_Source\PSoC5\cymetadata.c -o .\CortexM3\ARM_GCC_541\Debug\cymetadata.o
arm-none-eabi-gcc.exe -mcpu=cortex-m3 -mthumb -I. -IGenerated_Source\PSoC5 -Wa,-alh=.\CortexM3\ARM_GCC_541\Debug/BPF_Comp.lst -g -D DEBUG -D CY_CORE_ID=0 -Wall -ffunction-sections -ffat-lto-objects -Og -c Generated_Source\PSoC5\BPF_Comp.c -o .\CortexM3\ARM_GCC_541\Debug\BPF_Comp.o
arm-none-eabi-gcc.exe -mcpu=cortex-m3 -mthumb -I. -IGenerated_Source\PSoC5 -Wa,-alh=.\CortexM3\ARM_GCC_541\Debug/BPF_Comp_PM.lst -g -D DEBUG -D CY_CORE_ID=0 -Wall -ffunction-sections -ffat-lto-objects -Og -c Generated_Source\PSoC5\BPF_Comp_PM.c -o .\CortexM3\ARM_GCC_541\Debug\BPF_Comp_PM.o
arm-none-eabi-gcc.exe -mcpu=cortex-m3 -mthumb -I. -IGenerated_Source\PSoC5 -Wa,-alh=.\CortexM3\ARM_GCC_541\Debug/ShiftReg.lst -g -D DEBUG -D CY_CORE_ID=0 -Wall -ffunction-sections -ffat-lto-objects -Og -c Generated_Source\PSoC5\ShiftReg.c -o .\CortexM3\ARM_GCC_541\Debug\ShiftReg.o
arm-none-eabi-gcc.exe -mcpu=cortex-m3 -mthumb -I. -IGenerated_Source\PSoC5 -Wa,-alh=.\CortexM3\ARM_GCC_541\Debug/ShiftReg_PM.lst -g -D DEBUG -D CY_CORE_ID=0 -Wall -ffunction-sections -ffat-lto-objects -Og -c Generated_Source\PSoC5\ShiftReg_PM.c -o .\CortexM3\ARM_GCC_541\Debug\ShiftReg_PM.o
arm-none-eabi-gcc.exe -mcpu=cortex-m3 -mthumb -I. -IGenerated_Source\PSoC5 -Wa,-alh=.\CortexM3\ARM_GCC_541\Debug/DelayClk.lst -g -D DEBUG -D CY_CORE_ID=0 -Wall -ffunction-sections -ffat-lto-objects -Og -c Generated_Source\PSoC5\DelayClk.c -o .\CortexM3\ARM_GCC_541\Debug\DelayClk.o
arm-none-eabi-gcc.exe -mcpu=cortex-m3 -mthumb -I. -IGenerated_Source\PSoC5 -Wa,-alh=.\CortexM3\ARM_GCC_541\Debug/ShiftOut.lst -g -D DEBUG -D CY_CORE_ID=0 -Wall -ffunction-sections -ffat-lto-objects -Og -c Generated_Source\PSoC5\ShiftOut.c -o .\CortexM3\ARM_GCC_541\Debug\ShiftOut.o
arm-none-eabi-gcc.exe -mcpu=cortex-m3 -mthumb -I. -IGenerated_Source\PSoC5 -Wa,-alh=.\CortexM3\ARM_GCC_541\Debug/CompOut.lst -g -D DEBUG -D CY_CORE_ID=0 -Wall -ffunction-sections -ffat-lto-objects -Og -c Generated_Source\PSoC5\CompOut.c -o .\CortexM3\ARM_GCC_541\Debug\CompOut.o
arm-none-eabi-gcc.exe -mcpu=cortex-m3 -mthumb -I. -IGenerated_Source\PSoC5 -Wa,-alh=.\CortexM3\ARM_GCC_541\Debug/BPFIn.lst -g -D DEBUG -D CY_CORE_ID=0 -Wall -ffunction-sections -ffat-lto-objects -Og -c Generated_Source\PSoC5\BPFIn.c -o .\CortexM3\ARM_GCC_541\Debug\BPFIn.o
arm-none-eabi-gcc.exe -mcpu=cortex-m3 -mthumb -I. -IGenerated_Source\PSoC5 -Wa,-alh=.\CortexM3\ARM_GCC_541\Debug/Cm3Start.lst -g -D DEBUG -D CY_CORE_ID=0 -Wall -ffunction-sections -ffat-lto-objects -Og -c Generated_Source\PSoC5\Cm3Start.c -o .\CortexM3\ARM_GCC_541\Debug\Cm3Start.o
arm-none-eabi-gcc.exe -mcpu=cortex-m3 -mthumb -I. -IGenerated_Source\PSoC5 -Wa,-alh=.\CortexM3\ARM_GCC_541\Debug/CyDmac.lst -g -D DEBUG -D CY_CORE_ID=0 -Wall -ffunction-sections -ffat-lto-objects -Og -c Generated_Source\PSoC5\CyDmac.c -o .\CortexM3\ARM_GCC_541\Debug\CyDmac.o
arm-none-eabi-gcc.exe -mcpu=cortex-m3 -mthumb -I. -IGenerated_Source\PSoC5 -Wa,-alh=.\CortexM3\ARM_GCC_541\Debug/CyFlash.lst -g -D DEBUG -D CY_CORE_ID=0 -Wall -ffunction-sections -ffat-lto-objects -Og -c Generated_Source\PSoC5\CyFlash.c -o .\CortexM3\ARM_GCC_541\Debug\CyFlash.o
arm-none-eabi-gcc.exe -mcpu=cortex-m3 -mthumb -I. -IGenerated_Source\PSoC5 -Wa,-alh=.\CortexM3\ARM_GCC_541\Debug/CyLib.lst -g -D DEBUG -D CY_CORE_ID=0 -Wall -ffunction-sections -ffat-lto-objects -Og -c Generated_Source\PSoC5\CyLib.c -o .\CortexM3\ARM_GCC_541\Debug\CyLib.o
arm-none-eabi-gcc.exe -mcpu=cortex-m3 -mthumb -I. -IGenerated_Source\PSoC5 -Wa,-alh=.\CortexM3\ARM_GCC_541\Debug/cyPm.lst -g -D DEBUG -D CY_CORE_ID=0 -Wall -ffunction-sections -ffat-lto-objects -Og -c Generated_Source\PSoC5\cyPm.c -o .\CortexM3\ARM_GCC_541\Debug\cyPm.o
arm-none-eabi-gcc.exe -mcpu=cortex-m3 -mthumb -I. -IGenerated_Source\PSoC5 -Wa,-alh=.\CortexM3\ARM_GCC_541\Debug/CySpc.lst -g -D DEBUG -D CY_CORE_ID=0 -Wall -ffunction-sections -ffat-lto-objects -Og -c Generated_Source\PSoC5\CySpc.c -o .\CortexM3\ARM_GCC_541\Debug\CySpc.o
arm-none-eabi-gcc.exe -mcpu=cortex-m3 -mthumb -I. -IGenerated_Source\PSoC5 -Wa,-alh=.\CortexM3\ARM_GCC_541\Debug/cyutils.lst -g -D DEBUG -D CY_CORE_ID=0 -Wall -ffunction-sections -ffat-lto-objects -Og -c Generated_Source\PSoC5\cyutils.c -o .\CortexM3\ARM_GCC_541\Debug\cyutils.o
arm-none-eabi-gcc.exe -mcpu=cortex-m3 -mthumb -I. -IGenerated_Source\PSoC5 -Wa,-alh=.\CortexM3\ARM_GCC_541\Debug/XOR_Out.lst -g -D DEBUG -D CY_CORE_ID=0 -Wall -ffunction-sections -ffat-lto-objects -Og -c Generated_Source\PSoC5\XOR_Out.c -o .\CortexM3\ARM_GCC_541\Debug\XOR_Out.o
arm-none-eabi-gcc.exe -mcpu=cortex-m3 -mthumb -I. -IGenerated_Source\PSoC5 -Wa,-alh=.\CortexM3\ARM_GCC_541\Debug/Ref_OpAmp.lst -g -D DEBUG -D CY_CORE_ID=0 -Wall -ffunction-sections -ffat-lto-objects -Og -c Generated_Source\PSoC5\Ref_OpAmp.c -o .\CortexM3\ARM_GCC_541\Debug\Ref_OpAmp.o
arm-none-eabi-gcc.exe -mcpu=cortex-m3 -mthumb -I. -IGenerated_Source\PSoC5 -Wa,-alh=.\CortexM3\ARM_GCC_541\Debug/Ref_OpAmp_PM.lst -g -D DEBUG -D CY_CORE_ID=0 -Wall -ffunction-sections -ffat-lto-objects -Og -c Generated_Source\PSoC5\Ref_OpAmp_PM.c -o .\CortexM3\ARM_GCC_541\Debug\Ref_OpAmp_PM.o
arm-none-eabi-gcc.exe -mcpu=cortex-m3 -mthumb -I. -IGenerated_Source\PSoC5 -Wa,-alh=.\CortexM3\ARM_GCC_541\Debug/RefOut.lst -g -D DEBUG -D CY_CORE_ID=0 -Wall -ffunction-sections -ffat-lto-objects -Og -c Generated_Source\PSoC5\RefOut.c -o .\CortexM3\ARM_GCC_541\Debug\RefOut.o
arm-none-eabi-gcc.exe -mcpu=cortex-m3 -mthumb -I. -IGenerated_Source\PSoC5 -Wa,-alh=.\CortexM3\ARM_GCC_541\Debug/LPFIn.lst -g -D DEBUG -D CY_CORE_ID=0 -Wall -ffunction-sections -ffat-lto-objects -Og -c Generated_Source\PSoC5\LPFIn.c -o .\CortexM3\ARM_GCC_541\Debug\LPFIn.o
arm-none-eabi-gcc.exe -mcpu=cortex-m3 -mthumb -I. -IGenerated_Source\PSoC5 -Wa,-alh=.\CortexM3\ARM_GCC_541\Debug/PGA.lst -g -D DEBUG -D CY_CORE_ID=0 -Wall -ffunction-sections -ffat-lto-objects -Og -c Generated_Source\PSoC5\PGA.c -o .\CortexM3\ARM_GCC_541\Debug\PGA.o
arm-none-eabi-gcc.exe -mcpu=cortex-m3 -mthumb -I. -IGenerated_Source\PSoC5 -Wa,-alh=.\CortexM3\ARM_GCC_541\Debug/PGA_PM.lst -g -D DEBUG -D CY_CORE_ID=0 -Wall -ffunction-sections -ffat-lto-objects -Og -c Generated_Source\PSoC5\PGA_PM.c -o .\CortexM3\ARM_GCC_541\Debug\PGA_PM.o
arm-none-eabi-gcc.exe -mcpu=cortex-m3 -mthumb -I. -IGenerated_Source\PSoC5 -Wa,-alh=.\CortexM3\ARM_GCC_541\Debug/LPFOut.lst -g -D DEBUG -D CY_CORE_ID=0 -Wall -ffunction-sections -ffat-lto-objects -Og -c Generated_Source\PSoC5\LPFOut.c -o .\CortexM3\ARM_GCC_541\Debug\LPFOut.o
arm-none-eabi-gcc.exe -mcpu=cortex-m3 -mthumb -I. -IGenerated_Source\PSoC5 -Wa,-alh=.\CortexM3\ARM_GCC_541\Debug/DemodOut.lst -g -D DEBUG -D CY_CORE_ID=0 -Wall -ffunction-sections -ffat-lto-objects -Og -c Generated_Source\PSoC5\DemodOut.c -o .\CortexM3\ARM_GCC_541\Debug\DemodOut.o
arm-none-eabi-gcc.exe -mcpu=cortex-m3 -mthumb -I. -IGenerated_Source\PSoC5 -Wa,-alh=.\CortexM3\ARM_GCC_541\Debug/OutComp.lst -g -D DEBUG -D CY_CORE_ID=0 -Wall -ffunction-sections -ffat-lto-objects -Og -c Generated_Source\PSoC5\OutComp.c -o .\CortexM3\ARM_GCC_541\Debug\OutComp.o
arm-none-eabi-gcc.exe -mcpu=cortex-m3 -mthumb -I. -IGenerated_Source\PSoC5 -Wa,-alh=.\CortexM3\ARM_GCC_541\Debug/OutComp_PM.lst -g -D DEBUG -D CY_CORE_ID=0 -Wall -ffunction-sections -ffat-lto-objects -Og -c Generated_Source\PSoC5\OutComp_PM.c -o .\CortexM3\ARM_GCC_541\Debug\OutComp_PM.o
arm-none-eabi-gcc.exe -mcpu=cortex-m3 -mthumb -I. -IGenerated_Source\PSoC5 -Wa,-alh=.\CortexM3\ARM_GCC_541\Debug/LevelCount.lst -g -D DEBUG -D CY_CORE_ID=0 -Wall -ffunction-sections -ffat-lto-objects -Og -c Generated_Source\PSoC5\LevelCount.c -o .\CortexM3\ARM_GCC_541\Debug\LevelCount.o
arm-none-eabi-gcc.exe -mcpu=cortex-m3 -mthumb -I. -IGenerated_Source\PSoC5 -Wa,-alh=.\CortexM3\ARM_GCC_541\Debug/LevelCount_PM.lst -g -D DEBUG -D CY_CORE_ID=0 -Wall -ffunction-sections -ffat-lto-objects -Og -c Generated_Source\PSoC5\LevelCount_PM.c -o .\CortexM3\ARM_GCC_541\Debug\LevelCount_PM.o
arm-none-eabi-gcc.exe -mcpu=cortex-m3 -mthumb -I. -IGenerated_Source\PSoC5 -Wa,-alh=.\CortexM3\ARM_GCC_541\Debug/LevelCountClk.lst -g -D DEBUG -D CY_CORE_ID=0 -Wall -ffunction-sections -ffat-lto-objects -Og -c Generated_Source\PSoC5\LevelCountClk.c -o .\CortexM3\ARM_GCC_541\Debug\LevelCountClk.o
arm-none-eabi-gcc.exe -mcpu=cortex-m3 -mthumb -I. -IGenerated_Source\PSoC5 -Wa,-alh=.\CortexM3\ARM_GCC_541\Debug/CountOut.lst -g -D DEBUG -D CY_CORE_ID=0 -Wall -ffunction-sections -ffat-lto-objects -Og -c Generated_Source\PSoC5\CountOut.c -o .\CortexM3\ARM_GCC_541\Debug\CountOut.o
arm-none-eabi-gcc.exe -mcpu=cortex-m3 -mthumb -I. -IGenerated_Source\PSoC5 -Wa,-alh=.\CortexM3\ARM_GCC_541\Debug/HighF_BPF_Comp.lst -g -D DEBUG -D CY_CORE_ID=0 -Wall -ffunction-sections -ffat-lto-objects -Og -c Generated_Source\PSoC5\HighF_BPF_Comp.c -o .\CortexM3\ARM_GCC_541\Debug\HighF_BPF_Comp.o
arm-none-eabi-gcc.exe -mcpu=cortex-m3 -mthumb -I. -IGenerated_Source\PSoC5 -Wa,-alh=.\CortexM3\ARM_GCC_541\Debug/HighF_BPF_Comp_PM.lst -g -D DEBUG -D CY_CORE_ID=0 -Wall -ffunction-sections -ffat-lto-objects -Og -c Generated_Source\PSoC5\HighF_BPF_Comp_PM.c -o .\CortexM3\ARM_GCC_541\Debug\HighF_BPF_Comp_PM.o
arm-none-eabi-gcc.exe -mcpu=cortex-m3 -mthumb -I. -IGenerated_Source\PSoC5 -Wa,-alh=.\CortexM3\ARM_GCC_541\Debug/HighF_ShiftReg.lst -g -D DEBUG -D CY_CORE_ID=0 -Wall -ffunction-sections -ffat-lto-objects -Og -c Generated_Source\PSoC5\HighF_ShiftReg.c -o .\CortexM3\ARM_GCC_541\Debug\HighF_ShiftReg.o
arm-none-eabi-gcc.exe -mcpu=cortex-m3 -mthumb -I. -IGenerated_Source\PSoC5 -Wa,-alh=.\CortexM3\ARM_GCC_541\Debug/HighF_ShiftReg_PM.lst -g -D DEBUG -D CY_CORE_ID=0 -Wall -ffunction-sections -ffat-lto-objects -Og -c Generated_Source\PSoC5\HighF_ShiftReg_PM.c -o .\CortexM3\ARM_GCC_541\Debug\HighF_ShiftReg_PM.o
arm-none-eabi-gcc.exe -mcpu=cortex-m3 -mthumb -I. -IGenerated_Source\PSoC5 -Wa,-alh=.\CortexM3\ARM_GCC_541\Debug/HighF_DelayClk.lst -g -D DEBUG -D CY_CORE_ID=0 -Wall -ffunction-sections -ffat-lto-objects -Og -c Generated_Source\PSoC5\HighF_DelayClk.c -o .\CortexM3\ARM_GCC_541\Debug\HighF_DelayClk.o
arm-none-eabi-gcc.exe -mcpu=cortex-m3 -mthumb -I. -IGenerated_Source\PSoC5 -Wa,-alh=.\CortexM3\ARM_GCC_541\Debug/HighF_ShiftOut.lst -g -D DEBUG -D CY_CORE_ID=0 -Wall -ffunction-sections -ffat-lto-objects -Og -c Generated_Source\PSoC5\HighF_ShiftOut.c -o .\CortexM3\ARM_GCC_541\Debug\HighF_ShiftOut.o
arm-none-eabi-gcc.exe -mcpu=cortex-m3 -mthumb -I. -IGenerated_Source\PSoC5 -Wa,-alh=.\CortexM3\ARM_GCC_541\Debug/HighF_CompOut.lst -g -D DEBUG -D CY_CORE_ID=0 -Wall -ffunction-sections -ffat-lto-objects -Og -c Generated_Source\PSoC5\HighF_CompOut.c -o .\CortexM3\ARM_GCC_541\Debug\HighF_CompOut.o
arm-none-eabi-gcc.exe -mcpu=cortex-m3 -mthumb -I. -IGenerated_Source\PSoC5 -Wa,-alh=.\CortexM3\ARM_GCC_541\Debug/HighF_BPFIn.lst -g -D DEBUG -D CY_CORE_ID=0 -Wall -ffunction-sections -ffat-lto-objects -Og -c Generated_Source\PSoC5\HighF_BPFIn.c -o .\CortexM3\ARM_GCC_541\Debug\HighF_BPFIn.o
arm-none-eabi-gcc.exe -mcpu=cortex-m3 -mthumb -I. -IGenerated_Source\PSoC5 -Wa,-alh=.\CortexM3\ARM_GCC_541\Debug/HighF_XOR_Out.lst -g -D DEBUG -D CY_CORE_ID=0 -Wall -ffunction-sections -ffat-lto-objects -Og -c Generated_Source\PSoC5\HighF_XOR_Out.c -o .\CortexM3\ARM_GCC_541\Debug\HighF_XOR_Out.o
arm-none-eabi-gcc.exe -mcpu=cortex-m3 -mthumb -I. -IGenerated_Source\PSoC5 -Wa,-alh=.\CortexM3\ARM_GCC_541\Debug/HighF_Ref_OpAmp.lst -g -D DEBUG -D CY_CORE_ID=0 -Wall -ffunction-sections -ffat-lto-objects -Og -c Generated_Source\PSoC5\HighF_Ref_OpAmp.c -o .\CortexM3\ARM_GCC_541\Debug\HighF_Ref_OpAmp.o
arm-none-eabi-gcc.exe -mcpu=cortex-m3 -mthumb -I. -IGenerated_Source\PSoC5 -Wa,-alh=.\CortexM3\ARM_GCC_541\Debug/HighF_Ref_OpAmp_PM.lst -g -D DEBUG -D CY_CORE_ID=0 -Wall -ffunction-sections -ffat-lto-objects -Og -c Generated_Source\PSoC5\HighF_Ref_OpAmp_PM.c -o .\CortexM3\ARM_GCC_541\Debug\HighF_Ref_OpAmp_PM.o
arm-none-eabi-gcc.exe -mcpu=cortex-m3 -mthumb -I. -IGenerated_Source\PSoC5 -Wa,-alh=.\CortexM3\ARM_GCC_541\Debug/HighF_RefOut.lst -g -D DEBUG -D CY_CORE_ID=0 -Wall -ffunction-sections -ffat-lto-objects -Og -c Generated_Source\PSoC5\HighF_RefOut.c -o .\CortexM3\ARM_GCC_541\Debug\HighF_RefOut.o
arm-none-eabi-gcc.exe -mcpu=cortex-m3 -mthumb -I. -IGenerated_Source\PSoC5 -Wa,-alh=.\CortexM3\ARM_GCC_541\Debug/HighF_PGA.lst -g -D DEBUG -D CY_CORE_ID=0 -Wall -ffunction-sections -ffat-lto-objects -Og -c Generated_Source\PSoC5\HighF_PGA.c -o .\CortexM3\ARM_GCC_541\Debug\HighF_PGA.o
arm-none-eabi-gcc.exe -mcpu=cortex-m3 -mthumb -I. -IGenerated_Source\PSoC5 -Wa,-alh=.\CortexM3\ARM_GCC_541\Debug/HighF_PGA_PM.lst -g -D DEBUG -D CY_CORE_ID=0 -Wall -ffunction-sections -ffat-lto-objects -Og -c Generated_Source\PSoC5\HighF_PGA_PM.c -o .\CortexM3\ARM_GCC_541\Debug\HighF_PGA_PM.o
arm-none-eabi-gcc.exe -mcpu=cortex-m3 -mthumb -I. -IGenerated_Source\PSoC5 -Wa,-alh=.\CortexM3\ARM_GCC_541\Debug/HighF_LPFIn.lst -g -D DEBUG -D CY_CORE_ID=0 -Wall -ffunction-sections -ffat-lto-objects -Og -c Generated_Source\PSoC5\HighF_LPFIn.c -o .\CortexM3\ARM_GCC_541\Debug\HighF_LPFIn.o
arm-none-eabi-gcc.exe -mcpu=cortex-m3 -mthumb -I. -IGenerated_Source\PSoC5 -Wa,-alh=.\CortexM3\ARM_GCC_541\Debug/HighF_LPFOut.lst -g -D DEBUG -D CY_CORE_ID=0 -Wall -ffunction-sections -ffat-lto-objects -Og -c Generated_Source\PSoC5\HighF_LPFOut.c -o .\CortexM3\ARM_GCC_541\Debug\HighF_LPFOut.o
arm-none-eabi-gcc.exe -mcpu=cortex-m3 -mthumb -I. -IGenerated_Source\PSoC5 -Wa,-alh=.\CortexM3\ARM_GCC_541\Debug/HighF_OutComp.lst -g -D DEBUG -D CY_CORE_ID=0 -Wall -ffunction-sections -ffat-lto-objects -Og -c Generated_Source\PSoC5\HighF_OutComp.c -o .\CortexM3\ARM_GCC_541\Debug\HighF_OutComp.o
arm-none-eabi-gcc.exe -mcpu=cortex-m3 -mthumb -I. -IGenerated_Source\PSoC5 -Wa,-alh=.\CortexM3\ARM_GCC_541\Debug/HighF_OutComp_PM.lst -g -D DEBUG -D CY_CORE_ID=0 -Wall -ffunction-sections -ffat-lto-objects -Og -c Generated_Source\PSoC5\HighF_OutComp_PM.c -o .\CortexM3\ARM_GCC_541\Debug\HighF_OutComp_PM.o
arm-none-eabi-gcc.exe -mcpu=cortex-m3 -mthumb -I. -IGenerated_Source\PSoC5 -Wa,-alh=.\CortexM3\ARM_GCC_541\Debug/HighF_DemodOut.lst -g -D DEBUG -D CY_CORE_ID=0 -Wall -ffunction-sections -ffat-lto-objects -Og -c Generated_Source\PSoC5\HighF_DemodOut.c -o .\CortexM3\ARM_GCC_541\Debug\HighF_DemodOut.o
arm-none-eabi-gcc.exe -mcpu=cortex-m3 -mthumb -I. -IGenerated_Source\PSoC5 -Wa,-alh=.\CortexM3\ARM_GCC_541\Debug/HighF_LevelCount.lst -g -D DEBUG -D CY_CORE_ID=0 -Wall -ffunction-sections -ffat-lto-objects -Og -c Generated_Source\PSoC5\HighF_LevelCount.c -o .\CortexM3\ARM_GCC_541\Debug\HighF_LevelCount.o
arm-none-eabi-gcc.exe -mcpu=cortex-m3 -mthumb -I. -IGenerated_Source\PSoC5 -Wa,-alh=.\CortexM3\ARM_GCC_541\Debug/HighF_LevelCount_PM.lst -g -D DEBUG -D CY_CORE_ID=0 -Wall -ffunction-sections -ffat-lto-objects -Og -c Generated_Source\PSoC5\HighF_LevelCount_PM.c -o .\CortexM3\ARM_GCC_541\Debug\HighF_LevelCount_PM.o
arm-none-eabi-gcc.exe -mcpu=cortex-m3 -mthumb -I. -IGenerated_Source\PSoC5 -Wa,-alh=.\CortexM3\ARM_GCC_541\Debug/HighF_LevelCountClk.lst -g -D DEBUG -D CY_CORE_ID=0 -Wall -ffunction-sections -ffat-lto-objects -Og -c Generated_Source\PSoC5\HighF_LevelCountClk.c -o .\CortexM3\ARM_GCC_541\Debug\HighF_LevelCountClk.o
arm-none-eabi-gcc.exe -mcpu=cortex-m3 -mthumb -I. -IGenerated_Source\PSoC5 -Wa,-alh=.\CortexM3\ARM_GCC_541\Debug/HighF_CountOut.lst -g -D DEBUG -D CY_CORE_ID=0 -Wall -ffunction-sections -ffat-lto-objects -Og -c Generated_Source\PSoC5\HighF_CountOut.c -o .\CortexM3\ARM_GCC_541\Debug\HighF_CountOut.o
arm-none-eabi-gcc.exe -mcpu=cortex-m3 -mthumb -I. -IGenerated_Source\PSoC5 -Wa,-alh=.\CortexM3\ARM_GCC_541\Debug/HighF_LeveCountISR.lst -g -D DEBUG -D CY_CORE_ID=0 -Wall -ffunction-sections -ffat-lto-objects -Og -c Generated_Source\PSoC5\HighF_LeveCountISR.c -o .\CortexM3\ARM_GCC_541\Debug\HighF_LeveCountISR.o
arm-none-eabi-gcc.exe -mcpu=cortex-m3 -mthumb -I. -IGenerated_Source\PSoC5 -Wa,-alh=.\CortexM3\ARM_GCC_541\Debug/LevelCountISR.lst -g -D DEBUG -D CY_CORE_ID=0 -Wall -ffunction-sections -ffat-lto-objects -Og -c Generated_Source\PSoC5\LevelCountISR.c -o .\CortexM3\ARM_GCC_541\Debug\LevelCountISR.o
arm-none-eabi-gcc.exe -mcpu=cortex-m3 -mthumb -I. -IGenerated_Source\PSoC5 -Wa,-alh=.\CortexM3\ARM_GCC_541\Debug/LCD_Char.lst -g -D DEBUG -D CY_CORE_ID=0 -Wall -ffunction-sections -ffat-lto-objects -Og -c Generated_Source\PSoC5\LCD_Char.c -o .\CortexM3\ARM_GCC_541\Debug\LCD_Char.o
arm-none-eabi-gcc.exe -mcpu=cortex-m3 -mthumb -I. -IGenerated_Source\PSoC5 -Wa,-alh=.\CortexM3\ARM_GCC_541\Debug/LCD_Char_PM.lst -g -D DEBUG -D CY_CORE_ID=0 -Wall -ffunction-sections -ffat-lto-objects -Og -c Generated_Source\PSoC5\LCD_Char_PM.c -o .\CortexM3\ARM_GCC_541\Debug\LCD_Char_PM.o
arm-none-eabi-gcc.exe -mcpu=cortex-m3 -mthumb -I. -IGenerated_Source\PSoC5 -Wa,-alh=.\CortexM3\ARM_GCC_541\Debug/LCD_Char_LCDPort.lst -g -D DEBUG -D CY_CORE_ID=0 -Wall -ffunction-sections -ffat-lto-objects -Og -c Generated_Source\PSoC5\LCD_Char_LCDPort.c -o .\CortexM3\ARM_GCC_541\Debug\LCD_Char_LCDPort.o
arm-none-eabi-as.exe -mcpu=cortex-m3 -mthumb -I. -IGenerated_Source\PSoC5 -alh=.\CortexM3\ARM_GCC_541\Debug/CyBootAsmGnu.lst -g -W -o .\CortexM3\ARM_GCC_541\Debug\CyBootAsmGnu.o Generated_Source\PSoC5\CyBootAsmGnu.s
arm-none-eabi-ar.exe -rs .\CortexM3\ARM_GCC_541\Debug\FSKRx.a .\CortexM3\ARM_GCC_541\Debug\BPF_Comp.o .\CortexM3\ARM_GCC_541\Debug\BPF_Comp_PM.o .\CortexM3\ARM_GCC_541\Debug\ShiftReg.o .\CortexM3\ARM_GCC_541\Debug\ShiftReg_PM.o .\CortexM3\ARM_GCC_541\Debug\DelayClk.o .\CortexM3\ARM_GCC_541\Debug\ShiftOut.o .\CortexM3\ARM_GCC_541\Debug\CompOut.o .\CortexM3\ARM_GCC_541\Debug\BPFIn.o .\CortexM3\ARM_GCC_541\Debug\CyDmac.o .\CortexM3\ARM_GCC_541\Debug\CyFlash.o .\CortexM3\ARM_GCC_541\Debug\CyLib.o .\CortexM3\ARM_GCC_541\Debug\cyPm.o .\CortexM3\ARM_GCC_541\Debug\CySpc.o .\CortexM3\ARM_GCC_541\Debug\cyutils.o .\CortexM3\ARM_GCC_541\Debug\XOR_Out.o .\CortexM3\ARM_GCC_541\Debug\Ref_OpAmp.o .\CortexM3\ARM_GCC_541\Debug\Ref_OpAmp_PM.o .\CortexM3\ARM_GCC_541\Debug\RefOut.o .\CortexM3\ARM_GCC_541\Debug\LPFIn.o .\CortexM3\ARM_GCC_541\Debug\PGA.o .\CortexM3\ARM_GCC_541\Debug\PGA_PM.o .\CortexM3\ARM_GCC_541\Debug\LPFOut.o .\CortexM3\ARM_GCC_541\Debug\DemodOut.o .\CortexM3\ARM_GCC_541\Debug\OutComp.o .\CortexM3\ARM_GCC_541\Debug\OutComp_PM.o .\CortexM3\ARM_GCC_541\Debug\LevelCount.o .\CortexM3\ARM_GCC_541\Debug\LevelCount_PM.o .\CortexM3\ARM_GCC_541\Debug\LevelCountClk.o .\CortexM3\ARM_GCC_541\Debug\CountOut.o .\CortexM3\ARM_GCC_541\Debug\HighF_BPF_Comp.o .\CortexM3\ARM_GCC_541\Debug\HighF_BPF_Comp_PM.o .\CortexM3\ARM_GCC_541\Debug\HighF_ShiftReg.o .\CortexM3\ARM_GCC_541\Debug\HighF_ShiftReg_PM.o .\CortexM3\ARM_GCC_541\Debug\HighF_DelayClk.o .\CortexM3\ARM_GCC_541\Debug\HighF_ShiftOut.o .\CortexM3\ARM_GCC_541\Debug\HighF_CompOut.o .\CortexM3\ARM_GCC_541\Debug\HighF_BPFIn.o .\CortexM3\ARM_GCC_541\Debug\HighF_XOR_Out.o .\CortexM3\ARM_GCC_541\Debug\HighF_Ref_OpAmp.o .\CortexM3\ARM_GCC_541\Debug\HighF_Ref_OpAmp_PM.o .\CortexM3\ARM_GCC_541\Debug\HighF_RefOut.o .\CortexM3\ARM_GCC_541\Debug\HighF_PGA.o .\CortexM3\ARM_GCC_541\Debug\HighF_PGA_PM.o .\CortexM3\ARM_GCC_541\Debug\HighF_LPFIn.o .\CortexM3\ARM_GCC_541\Debug\HighF_LPFOut.o .\CortexM3\ARM_GCC_541\Debug\HighF_OutComp.o .\CortexM3\ARM_GCC_541\Debug\HighF_OutComp_PM.o .\CortexM3\ARM_GCC_541\Debug\HighF_DemodOut.o .\CortexM3\ARM_GCC_541\Debug\HighF_LevelCount.o .\CortexM3\ARM_GCC_541\Debug\HighF_LevelCount_PM.o .\CortexM3\ARM_GCC_541\Debug\HighF_LevelCountClk.o .\CortexM3\ARM_GCC_541\Debug\HighF_CountOut.o .\CortexM3\ARM_GCC_541\Debug\HighF_LeveCountISR.o .\CortexM3\ARM_GCC_541\Debug\LevelCountISR.o .\CortexM3\ARM_GCC_541\Debug\LCD_Char.o .\CortexM3\ARM_GCC_541\Debug\LCD_Char_PM.o .\CortexM3\ARM_GCC_541\Debug\LCD_Char_LCDPort.o .\CortexM3\ARM_GCC_541\Debug\CyBootAsmGnu.o
arm-none-eabi-ar.exe: creating .\CortexM3\ARM_GCC_541\Debug\FSKRx.a
arm-none-eabi-gcc.exe -Wl,--start-group -o C:\Users\sdysart\Documents\UACS\UACS\FSK\FSKRx.cydsn\CortexM3\ARM_GCC_541\Debug\FSKRx.elf .\CortexM3\ARM_GCC_541\Debug\main.o .\CortexM3\ARM_GCC_541\Debug\cyfitter_cfg.o .\CortexM3\ARM_GCC_541\Debug\cymetadata.o .\CortexM3\ARM_GCC_541\Debug\Cm3Start.o .\CortexM3\ARM_GCC_541\Debug\FSKRx.a "C:\Program Files (x86)\Cypress\PSoC Creator\4.1\PSoC Creator\psoc\content\cycomponentlibrary\CyComponentLibrary.cylib\CortexM3\ARM_GCC_541\Debug\CyComponentLibrary.a" -mcpu=cortex-m3 -mthumb -L Generated_Source\PSoC5 -Wl,-Map,.\CortexM3\ARM_GCC_541\Debug/FSKRx.map -T Generated_Source\PSoC5\cm3gcc.ld -specs=nano.specs -Wl,--gc-sections -g -ffunction-sections -Og -ffat-lto-objects -Wl,--end-group
cyelftool.exe -C C:\Users\sdysart\Documents\UACS\UACS\FSK\FSKRx.cydsn\CortexM3\ARM_GCC_541\Debug\FSKRx.elf --flash_row_size 256 --flash_size 262144 --flash_offset 0x00000000
cyelftool.exe -S C:\Users\sdysart\Documents\UACS\UACS\FSK\FSKRx.cydsn\CortexM3\ARM_GCC_541\Debug\FSKRx.elf
Flash used: 7104 of 262144 bytes (2.7%).
SRAM used: 2561 of 65536 bytes (3.9%). Stack: 2048 bytes. Heap: 128 bytes.
--------------- Rebuild Succeeded: 03/22/2018 04:26:55 ---------------
