ARM GAS  C:\Users\ipfajard\AppData\Local\Temp\ccZA3PGK.s 			page 1


   1              		.syntax unified
   2              		.cpu cortex-m3
   3              		.fpu softvfp
   4              		.eabi_attribute 20, 1
   5              		.eabi_attribute 21, 1
   6              		.eabi_attribute 23, 3
   7              		.eabi_attribute 24, 1
   8              		.eabi_attribute 25, 1
   9              		.eabi_attribute 26, 1
  10              		.eabi_attribute 30, 1
  11              		.eabi_attribute 34, 1
  12              		.eabi_attribute 18, 4
  13              		.thumb
  14              		.syntax unified
  15              		.file	"cymetadata.c"
  16              		.text
  17              	.Ltext0:
  18              		.cfi_sections	.debug_frame
  19              		.global	cy_metadata
  20              		.global	cy_meta_flashprotect
  21              		.global	cy_meta_wonvl
  22              		.global	cy_meta_custnvl
  23              		.global	cy_meta_configecc
  24              		.section	.cyconfigecc,"a",%progbits
  25              		.align	2
  26              		.type	cy_meta_configecc, %object
  27              		.size	cy_meta_configecc, 888
  28              	cy_meta_configecc:
  29 0000 03       		.byte	3
  30 0001 4F       		.byte	79
  31 0002 00       		.byte	0
  32 0003 40       		.byte	64
  33 0004 06       		.byte	6
  34 0005 52       		.byte	82
  35 0006 00       		.byte	0
  36 0007 40       		.byte	64
  37 0008 03       		.byte	3
  38 0009 02       		.byte	2
  39 000a 01       		.byte	1
  40 000b 40       		.byte	64
  41 000c 02       		.byte	2
  42 000d 03       		.byte	3
  43 000e 01       		.byte	1
  44 000f 40       		.byte	64
  45 0010 3B       		.byte	59
  46 0011 04       		.byte	4
  47 0012 01       		.byte	1
  48 0013 40       		.byte	64
  49 0014 13       		.byte	19
  50 0015 05       		.byte	5
  51 0016 01       		.byte	1
  52 0017 40       		.byte	64
  53 0018 21       		.byte	33
  54 0019 06       		.byte	6
  55 001a 01       		.byte	1
  56 001b 40       		.byte	64
  57 001c 11       		.byte	17
ARM GAS  C:\Users\ipfajard\AppData\Local\Temp\ccZA3PGK.s 			page 2


  58 001d 07       		.byte	7
  59 001e 01       		.byte	1
  60 001f 40       		.byte	64
  61 0020 01       		.byte	1
  62 0021 0B       		.byte	11
  63 0022 01       		.byte	1
  64 0023 40       		.byte	64
  65 0024 01       		.byte	1
  66 0025 0D       		.byte	13
  67 0026 01       		.byte	1
  68 0027 40       		.byte	64
  69 0028 39       		.byte	57
  70 0029 14       		.byte	20
  71 002a 01       		.byte	1
  72 002b 40       		.byte	64
  73 002c 0D       		.byte	13
  74 002d 15       		.byte	21
  75 002e 01       		.byte	1
  76 002f 40       		.byte	64
  77 0030 35       		.byte	53
  78 0031 16       		.byte	22
  79 0032 01       		.byte	1
  80 0033 40       		.byte	64
  81 0034 12       		.byte	18
  82 0035 17       		.byte	23
  83 0036 01       		.byte	1
  84 0037 40       		.byte	64
  85 0038 02       		.byte	2
  86 0039 19       		.byte	25
  87 003a 01       		.byte	1
  88 003b 40       		.byte	64
  89 003c 01       		.byte	1
  90 003d 1B       		.byte	27
  91 003e 01       		.byte	1
  92 003f 40       		.byte	64
  93 0040 03       		.byte	3
  94 0041 40       		.byte	64
  95 0042 01       		.byte	1
  96 0043 40       		.byte	64
  97 0044 06       		.byte	6
  98 0045 41       		.byte	65
  99 0046 01       		.byte	1
 100 0047 40       		.byte	64
 101 0048 0F       		.byte	15
 102 0049 42       		.byte	66
 103 004a 01       		.byte	1
 104 004b 40       		.byte	64
 105 004c 03       		.byte	3
 106 004d 43       		.byte	67
 107 004e 01       		.byte	1
 108 004f 40       		.byte	64
 109 0050 02       		.byte	2
 110 0051 44       		.byte	68
 111 0052 01       		.byte	1
 112 0053 40       		.byte	64
 113 0054 08       		.byte	8
 114 0055 45       		.byte	69
ARM GAS  C:\Users\ipfajard\AppData\Local\Temp\ccZA3PGK.s 			page 3


 115 0056 01       		.byte	1
 116 0057 40       		.byte	64
 117 0058 07       		.byte	7
 118 0059 46       		.byte	70
 119 005a 01       		.byte	1
 120 005b 40       		.byte	64
 121 005c 06       		.byte	6
 122 005d 47       		.byte	71
 123 005e 01       		.byte	1
 124 005f 40       		.byte	64
 125 0060 03       		.byte	3
 126 0061 48       		.byte	72
 127 0062 01       		.byte	1
 128 0063 40       		.byte	64
 129 0064 08       		.byte	8
 130 0065 49       		.byte	73
 131 0066 01       		.byte	1
 132 0067 40       		.byte	64
 133 0068 07       		.byte	7
 134 0069 4C       		.byte	76
 135 006a 01       		.byte	1
 136 006b 40       		.byte	64
 137 006c 02       		.byte	2
 138 006d 4D       		.byte	77
 139 006e 01       		.byte	1
 140 006f 40       		.byte	64
 141 0070 08       		.byte	8
 142 0071 50       		.byte	80
 143 0072 01       		.byte	1
 144 0073 40       		.byte	64
 145 0074 01       		.byte	1
 146 0075 51       		.byte	81
 147 0076 01       		.byte	1
 148 0077 40       		.byte	64
 149 0078 01       		.byte	1
 150 0079 10       		.byte	16
 151 007a 0A       		.byte	10
 152 007b 4B       		.byte	75
 153 007c 16       		.byte	22
 154 007d 4B       		.byte	75
 155 007e 00       		.byte	0
 156 007f 80       		.byte	-128
 157 0080 09       		.byte	9
 158 0081 80       		.byte	-128
 159 0082 10       		.byte	16
 160 0083 10       		.byte	16
 161 0084 11       		.byte	17
 162 0085 94       		.byte	-108
 163 0086 18       		.byte	24
 164 0087 22       		.byte	34
 165 0088 19       		.byte	25
 166 0089 82       		.byte	-126
 167 008a BE       		.byte	-66
 168 008b 40       		.byte	64
 169 008c D8       		.byte	-40
 170 008d 04       		.byte	4
 171 008e DF       		.byte	-33
ARM GAS  C:\Users\ipfajard\AppData\Local\Temp\ccZA3PGK.s 			page 4


 172 008f 01       		.byte	1
 173 0090 1A       		.byte	26
 174 0091 02       		.byte	2
 175 0092 EA       		.byte	-22
 176 0093 02       		.byte	2
 177 0094 0C       		.byte	12
 178 0095 01       		.byte	1
 179 0096 0E       		.byte	14
 180 0097 02       		.byte	2
 181 0098 18       		.byte	24
 182 0099 02       		.byte	2
 183 009a 1A       		.byte	26
 184 009b 01       		.byte	1
 185 009c 32       		.byte	50
 186 009d 03       		.byte	3
 187 009e 3E       		.byte	62
 188 009f 04       		.byte	4
 189 00a0 41       		.byte	65
 190 00a1 04       		.byte	4
 191 00a2 44       		.byte	68
 192 00a3 02       		.byte	2
 193 00a4 47       		.byte	71
 194 00a5 0B       		.byte	11
 195 00a6 48       		.byte	72
 196 00a7 10       		.byte	16
 197 00a8 49       		.byte	73
 198 00a9 FF       		.byte	-1
 199 00aa 4A       		.byte	74
 200 00ab FF       		.byte	-1
 201 00ac 4B       		.byte	75
 202 00ad FF       		.byte	-1
 203 00ae 4C       		.byte	76
 204 00af EF       		.byte	-17
 205 00b0 4D       		.byte	77
 206 00b1 55       		.byte	85
 207 00b2 4E       		.byte	78
 208 00b3 70       		.byte	112
 209 00b4 4F       		.byte	79
 210 00b5 48       		.byte	72
 211 00b6 50       		.byte	80
 212 00b7 1C       		.byte	28
 213 00b8 52       		.byte	82
 214 00b9 01       		.byte	1
 215 00ba 58       		.byte	88
 216 00bb 04       		.byte	4
 217 00bc 5A       		.byte	90
 218 00bd 04       		.byte	4
 219 00be 5B       		.byte	91
 220 00bf 04       		.byte	4
 221 00c0 5D       		.byte	93
 222 00c1 33       		.byte	51
 223 00c2 5F       		.byte	95
 224 00c3 01       		.byte	1
 225 00c4 61       		.byte	97
 226 00c5 08       		.byte	8
 227 00c6 63       		.byte	99
 228 00c7 08       		.byte	8
ARM GAS  C:\Users\ipfajard\AppData\Local\Temp\ccZA3PGK.s 			page 5


 229 00c8 65       		.byte	101
 230 00c9 08       		.byte	8
 231 00ca 67       		.byte	103
 232 00cb 08       		.byte	8
 233 00cc 68       		.byte	104
 234 00cd 50       		.byte	80
 235 00ce 69       		.byte	105
 236 00cf 0A       		.byte	10
 237 00d0 6A       		.byte	106
 238 00d1 40       		.byte	64
 239 00d2 6B       		.byte	107
 240 00d3 A8       		.byte	-88
 241 00d4 6C       		.byte	108
 242 00d5 C0       		.byte	-64
 243 00d6 6E       		.byte	110
 244 00d7 40       		.byte	64
 245 00d8 6F       		.byte	111
 246 00d9 A8       		.byte	-88
 247 00da C1       		.byte	-63
 248 00db 04       		.byte	4
 249 00dc C4       		.byte	-60
 250 00dd 02       		.byte	2
 251 00de C9       		.byte	-55
 252 00df FF       		.byte	-1
 253 00e0 CA       		.byte	-54
 254 00e1 FF       		.byte	-1
 255 00e2 CB       		.byte	-53
 256 00e3 FF       		.byte	-1
 257 00e4 CC       		.byte	-52
 258 00e5 EF       		.byte	-17
 259 00e6 CD       		.byte	-51
 260 00e7 55       		.byte	85
 261 00e8 CE       		.byte	-50
 262 00e9 72       		.byte	114
 263 00ea CF       		.byte	-49
 264 00eb 48       		.byte	72
 265 00ec D0       		.byte	-48
 266 00ed 1C       		.byte	28
 267 00ee DA       		.byte	-38
 268 00ef 04       		.byte	4
 269 00f0 DD       		.byte	-35
 270 00f1 03       		.byte	3
 271 00f2 DF       		.byte	-33
 272 00f3 01       		.byte	1
 273 00f4 E1       		.byte	-31
 274 00f5 08       		.byte	8
 275 00f6 E3       		.byte	-29
 276 00f7 08       		.byte	8
 277 00f8 E5       		.byte	-27
 278 00f9 08       		.byte	8
 279 00fa E7       		.byte	-25
 280 00fb 08       		.byte	8
 281 00fc E8       		.byte	-24
 282 00fd 50       		.byte	80
 283 00fe E9       		.byte	-23
 284 00ff 0A       		.byte	10
 285 0100 EA       		.byte	-22
ARM GAS  C:\Users\ipfajard\AppData\Local\Temp\ccZA3PGK.s 			page 6


 286 0101 40       		.byte	64
 287 0102 EB       		.byte	-21
 288 0103 A8       		.byte	-88
 289 0104 EC       		.byte	-20
 290 0105 C0       		.byte	-64
 291 0106 EE       		.byte	-18
 292 0107 40       		.byte	64
 293 0108 EF       		.byte	-17
 294 0109 A8       		.byte	-88
 295 010a 00       		.byte	0
 296 010b 40       		.byte	64
 297 010c 0B       		.byte	11
 298 010d 08       		.byte	8
 299 010e 19       		.byte	25
 300 010f 08       		.byte	8
 301 0110 43       		.byte	67
 302 0111 21       		.byte	33
 303 0112 44       		.byte	68
 304 0113 08       		.byte	8
 305 0114 47       		.byte	71
 306 0115 01       		.byte	1
 307 0116 50       		.byte	80
 308 0117 04       		.byte	4
 309 0118 53       		.byte	83
 310 0119 04       		.byte	4
 311 011a 6B       		.byte	107
 312 011b 01       		.byte	1
 313 011c 80       		.byte	-128
 314 011d 48       		.byte	72
 315 011e 83       		.byte	-125
 316 011f 20       		.byte	32
 317 0120 8C       		.byte	-116
 318 0121 04       		.byte	4
 319 0122 8D       		.byte	-115
 320 0123 08       		.byte	8
 321 0124 AE       		.byte	-82
 322 0125 01       		.byte	1
 323 0126 C0       		.byte	-64
 324 0127 01       		.byte	1
 325 0128 C2       		.byte	-62
 326 0129 02       		.byte	2
 327 012a D0       		.byte	-48
 328 012b A5       		.byte	-91
 329 012c E2       		.byte	-30
 330 012d 50       		.byte	80
 331 012e E6       		.byte	-26
 332 012f 04       		.byte	4
 333 0130 41       		.byte	65
 334 0131 04       		.byte	4
 335 0132 44       		.byte	68
 336 0133 02       		.byte	2
 337 0134 45       		.byte	69
 338 0135 0D       		.byte	13
 339 0136 46       		.byte	70
 340 0137 0E       		.byte	14
 341 0138 47       		.byte	71
 342 0139 CF       		.byte	-49
ARM GAS  C:\Users\ipfajard\AppData\Local\Temp\ccZA3PGK.s 			page 7


 343 013a 48       		.byte	72
 344 013b 35       		.byte	53
 345 013c 49       		.byte	73
 346 013d FF       		.byte	-1
 347 013e 4A       		.byte	74
 348 013f FF       		.byte	-1
 349 0140 4B       		.byte	75
 350 0141 FF       		.byte	-1
 351 0142 4C       		.byte	76
 352 0143 EA       		.byte	-22
 353 0144 4D       		.byte	77
 354 0145 55       		.byte	85
 355 0146 4E       		.byte	78
 356 0147 F2       		.byte	-14
 357 0148 4F       		.byte	79
 358 0149 48       		.byte	72
 359 014a 50       		.byte	80
 360 014b 1C       		.byte	28
 361 014c 5A       		.byte	90
 362 014d 04       		.byte	4
 363 014e 5B       		.byte	91
 364 014f 04       		.byte	4
 365 0150 5D       		.byte	93
 366 0151 33       		.byte	51
 367 0152 5F       		.byte	95
 368 0153 01       		.byte	1
 369 0154 61       		.byte	97
 370 0155 08       		.byte	8
 371 0156 63       		.byte	99
 372 0157 08       		.byte	8
 373 0158 65       		.byte	101
 374 0159 08       		.byte	8
 375 015a 67       		.byte	103
 376 015b 08       		.byte	8
 377 015c 68       		.byte	104
 378 015d 50       		.byte	80
 379 015e 69       		.byte	105
 380 015f 0A       		.byte	10
 381 0160 6A       		.byte	106
 382 0161 40       		.byte	64
 383 0162 6B       		.byte	107
 384 0163 A8       		.byte	-88
 385 0164 6C       		.byte	108
 386 0165 C0       		.byte	-64
 387 0166 6E       		.byte	110
 388 0167 40       		.byte	64
 389 0168 6F       		.byte	111
 390 0169 A8       		.byte	-88
 391 016a D2       		.byte	-46
 392 016b 01       		.byte	1
 393 016c DB       		.byte	-37
 394 016d 04       		.byte	4
 395 016e DD       		.byte	-35
 396 016f 20       		.byte	32
 397 0170 DF       		.byte	-33
 398 0171 01       		.byte	1
 399 0172 44       		.byte	68
ARM GAS  C:\Users\ipfajard\AppData\Local\Temp\ccZA3PGK.s 			page 8


 400 0173 08       		.byte	8
 401 0174 47       		.byte	71
 402 0175 01       		.byte	1
 403 0176 4F       		.byte	79
 404 0177 04       		.byte	4
 405 0178 56       		.byte	86
 406 0179 48       		.byte	72
 407 017a 57       		.byte	87
 408 017b 02       		.byte	2
 409 017c 5E       		.byte	94
 410 017d 02       		.byte	2
 411 017e 66       		.byte	102
 412 017f 48       		.byte	72
 413 0180 67       		.byte	103
 414 0181 04       		.byte	4
 415 0182 6A       		.byte	106
 416 0183 40       		.byte	64
 417 0184 6B       		.byte	107
 418 0185 02       		.byte	2
 419 0186 7A       		.byte	122
 420 0187 01       		.byte	1
 421 0188 7B       		.byte	123
 422 0189 02       		.byte	2
 423 018a 98       		.byte	-104
 424 018b 08       		.byte	8
 425 018c 9B       		.byte	-101
 426 018d 01       		.byte	1
 427 018e D0       		.byte	-48
 428 018f A0       		.byte	-96
 429 0190 D6       		.byte	-42
 430 0191 80       		.byte	-128
 431 0192 D8       		.byte	-40
 432 0193 70       		.byte	112
 433 0194 E6       		.byte	-26
 434 0195 04       		.byte	4
 435 0196 EA       		.byte	-22
 436 0197 02       		.byte	2
 437 0198 00       		.byte	0
 438 0199 02       		.byte	2
 439 019a 02       		.byte	2
 440 019b 01       		.byte	1
 441 019c 04       		.byte	4
 442 019d 01       		.byte	1
 443 019e 06       		.byte	6
 444 019f 02       		.byte	2
 445 01a0 36       		.byte	54
 446 01a1 03       		.byte	3
 447 01a2 3E       		.byte	62
 448 01a3 40       		.byte	64
 449 01a4 41       		.byte	65
 450 01a5 04       		.byte	4
 451 01a6 44       		.byte	68
 452 01a7 02       		.byte	2
 453 01a8 46       		.byte	70
 454 01a9 0B       		.byte	11
 455 01aa 48       		.byte	72
 456 01ab 04       		.byte	4
ARM GAS  C:\Users\ipfajard\AppData\Local\Temp\ccZA3PGK.s 			page 9


 457 01ac 49       		.byte	73
 458 01ad FF       		.byte	-1
 459 01ae 4A       		.byte	74
 460 01af FF       		.byte	-1
 461 01b0 4B       		.byte	75
 462 01b1 FF       		.byte	-1
 463 01b2 4C       		.byte	76
 464 01b3 EF       		.byte	-17
 465 01b4 4D       		.byte	77
 466 01b5 55       		.byte	85
 467 01b6 4E       		.byte	78
 468 01b7 70       		.byte	112
 469 01b8 4F       		.byte	79
 470 01b9 48       		.byte	72
 471 01ba 50       		.byte	80
 472 01bb 1C       		.byte	28
 473 01bc 58       		.byte	88
 474 01bd 04       		.byte	4
 475 01be 5A       		.byte	90
 476 01bf 04       		.byte	4
 477 01c0 5D       		.byte	93
 478 01c1 02       		.byte	2
 479 01c2 5F       		.byte	95
 480 01c3 01       		.byte	1
 481 01c4 61       		.byte	97
 482 01c5 08       		.byte	8
 483 01c6 63       		.byte	99
 484 01c7 08       		.byte	8
 485 01c8 65       		.byte	101
 486 01c9 08       		.byte	8
 487 01ca 67       		.byte	103
 488 01cb 08       		.byte	8
 489 01cc 68       		.byte	104
 490 01cd 50       		.byte	80
 491 01ce 69       		.byte	105
 492 01cf 0A       		.byte	10
 493 01d0 6A       		.byte	106
 494 01d1 40       		.byte	64
 495 01d2 6B       		.byte	107
 496 01d3 A8       		.byte	-88
 497 01d4 6C       		.byte	108
 498 01d5 C0       		.byte	-64
 499 01d6 6E       		.byte	110
 500 01d7 40       		.byte	64
 501 01d8 6F       		.byte	111
 502 01d9 A8       		.byte	-88
 503 01da C1       		.byte	-63
 504 01db 04       		.byte	4
 505 01dc C4       		.byte	-60
 506 01dd 02       		.byte	2
 507 01de C9       		.byte	-55
 508 01df FF       		.byte	-1
 509 01e0 CA       		.byte	-54
 510 01e1 FF       		.byte	-1
 511 01e2 CB       		.byte	-53
 512 01e3 FF       		.byte	-1
 513 01e4 CC       		.byte	-52
ARM GAS  C:\Users\ipfajard\AppData\Local\Temp\ccZA3PGK.s 			page 10


 514 01e5 EF       		.byte	-17
 515 01e6 CD       		.byte	-51
 516 01e7 55       		.byte	85
 517 01e8 CE       		.byte	-50
 518 01e9 72       		.byte	114
 519 01ea CF       		.byte	-49
 520 01eb 48       		.byte	72
 521 01ec D0       		.byte	-48
 522 01ed 1C       		.byte	28
 523 01ee DA       		.byte	-38
 524 01ef 04       		.byte	4
 525 01f0 DD       		.byte	-35
 526 01f1 02       		.byte	2
 527 01f2 DF       		.byte	-33
 528 01f3 01       		.byte	1
 529 01f4 E1       		.byte	-31
 530 01f5 08       		.byte	8
 531 01f6 E3       		.byte	-29
 532 01f7 08       		.byte	8
 533 01f8 E5       		.byte	-27
 534 01f9 08       		.byte	8
 535 01fa E7       		.byte	-25
 536 01fb 08       		.byte	8
 537 01fc E8       		.byte	-24
 538 01fd 50       		.byte	80
 539 01fe E9       		.byte	-23
 540 01ff 0A       		.byte	10
 541 0200 EA       		.byte	-22
 542 0201 40       		.byte	64
 543 0202 EB       		.byte	-21
 544 0203 A8       		.byte	-88
 545 0204 EC       		.byte	-20
 546 0205 C0       		.byte	-64
 547 0206 EE       		.byte	-18
 548 0207 40       		.byte	64
 549 0208 EF       		.byte	-17
 550 0209 A8       		.byte	-88
 551 020a 03       		.byte	3
 552 020b 90       		.byte	-112
 553 020c 1A       		.byte	26
 554 020d 02       		.byte	2
 555 020e 42       		.byte	66
 556 020f 40       		.byte	64
 557 0210 43       		.byte	67
 558 0211 10       		.byte	16
 559 0212 47       		.byte	71
 560 0213 12       		.byte	18
 561 0214 53       		.byte	83
 562 0215 80       		.byte	-128
 563 0216 87       		.byte	-121
 564 0217 80       		.byte	-128
 565 0218 92       		.byte	-110
 566 0219 40       		.byte	64
 567 021a 96       		.byte	-106
 568 021b 02       		.byte	2
 569 021c 9B       		.byte	-101
 570 021d 12       		.byte	18
ARM GAS  C:\Users\ipfajard\AppData\Local\Temp\ccZA3PGK.s 			page 11


 571 021e C0       		.byte	-64
 572 021f 0C       		.byte	12
 573 0220 D0       		.byte	-48
 574 0221 A5       		.byte	-91
 575 0222 E4       		.byte	-28
 576 0223 08       		.byte	8
 577 0224 41       		.byte	65
 578 0225 04       		.byte	4
 579 0226 44       		.byte	68
 580 0227 02       		.byte	2
 581 0228 49       		.byte	73
 582 0229 FF       		.byte	-1
 583 022a 4A       		.byte	74
 584 022b FF       		.byte	-1
 585 022c 4B       		.byte	75
 586 022d FF       		.byte	-1
 587 022e 4C       		.byte	76
 588 022f EF       		.byte	-17
 589 0230 4D       		.byte	77
 590 0231 55       		.byte	85
 591 0232 4E       		.byte	78
 592 0233 72       		.byte	114
 593 0234 4F       		.byte	79
 594 0235 48       		.byte	72
 595 0236 50       		.byte	80
 596 0237 1C       		.byte	28
 597 0238 5A       		.byte	90
 598 0239 04       		.byte	4
 599 023a 5D       		.byte	93
 600 023b 02       		.byte	2
 601 023c 5F       		.byte	95
 602 023d 01       		.byte	1
 603 023e 61       		.byte	97
 604 023f 08       		.byte	8
 605 0240 63       		.byte	99
 606 0241 08       		.byte	8
 607 0242 65       		.byte	101
 608 0243 08       		.byte	8
 609 0244 67       		.byte	103
 610 0245 08       		.byte	8
 611 0246 68       		.byte	104
 612 0247 50       		.byte	80
 613 0248 69       		.byte	105
 614 0249 0A       		.byte	10
 615 024a 6A       		.byte	106
 616 024b 40       		.byte	64
 617 024c 6B       		.byte	107
 618 024d A8       		.byte	-88
 619 024e 6C       		.byte	108
 620 024f C0       		.byte	-64
 621 0250 6E       		.byte	110
 622 0251 40       		.byte	64
 623 0252 6F       		.byte	111
 624 0253 A8       		.byte	-88
 625 0254 C1       		.byte	-63
 626 0255 04       		.byte	4
 627 0256 C4       		.byte	-60
ARM GAS  C:\Users\ipfajard\AppData\Local\Temp\ccZA3PGK.s 			page 12


 628 0257 02       		.byte	2
 629 0258 C5       		.byte	-59
 630 0259 C0       		.byte	-64
 631 025a C6       		.byte	-58
 632 025b DE       		.byte	-34
 633 025c C7       		.byte	-57
 634 025d 0F       		.byte	15
 635 025e C8       		.byte	-56
 636 025f 1E       		.byte	30
 637 0260 C9       		.byte	-55
 638 0261 FF       		.byte	-1
 639 0262 CA       		.byte	-54
 640 0263 FF       		.byte	-1
 641 0264 CB       		.byte	-53
 642 0265 FF       		.byte	-1
 643 0266 CC       		.byte	-52
 644 0267 EA       		.byte	-22
 645 0268 CD       		.byte	-51
 646 0269 55       		.byte	85
 647 026a CE       		.byte	-50
 648 026b F2       		.byte	-14
 649 026c CF       		.byte	-49
 650 026d 48       		.byte	72
 651 026e D0       		.byte	-48
 652 026f 1C       		.byte	28
 653 0270 DA       		.byte	-38
 654 0271 04       		.byte	4
 655 0272 DB       		.byte	-37
 656 0273 04       		.byte	4
 657 0274 DD       		.byte	-35
 658 0275 22       		.byte	34
 659 0276 DF       		.byte	-33
 660 0277 01       		.byte	1
 661 0278 E1       		.byte	-31
 662 0279 08       		.byte	8
 663 027a E3       		.byte	-29
 664 027b 08       		.byte	8
 665 027c E5       		.byte	-27
 666 027d 08       		.byte	8
 667 027e E7       		.byte	-25
 668 027f 08       		.byte	8
 669 0280 E8       		.byte	-24
 670 0281 50       		.byte	80
 671 0282 E9       		.byte	-23
 672 0283 0A       		.byte	10
 673 0284 EA       		.byte	-22
 674 0285 40       		.byte	64
 675 0286 EB       		.byte	-21
 676 0287 A8       		.byte	-88
 677 0288 EC       		.byte	-20
 678 0289 C0       		.byte	-64
 679 028a EE       		.byte	-18
 680 028b 40       		.byte	64
 681 028c EF       		.byte	-17
 682 028d A8       		.byte	-88
 683 028e 42       		.byte	66
 684 028f 40       		.byte	64
ARM GAS  C:\Users\ipfajard\AppData\Local\Temp\ccZA3PGK.s 			page 13


 685 0290 43       		.byte	67
 686 0291 10       		.byte	16
 687 0292 47       		.byte	71
 688 0293 12       		.byte	18
 689 0294 49       		.byte	73
 690 0295 01       		.byte	1
 691 0296 51       		.byte	81
 692 0297 88       		.byte	-120
 693 0298 52       		.byte	82
 694 0299 10       		.byte	16
 695 029a 59       		.byte	89
 696 029b 01       		.byte	1
 697 029c 61       		.byte	97
 698 029d 88       		.byte	-120
 699 029e 62       		.byte	98
 700 029f 10       		.byte	16
 701 02a0 83       		.byte	-125
 702 02a1 10       		.byte	16
 703 02a2 86       		.byte	-122
 704 02a3 01       		.byte	1
 705 02a4 92       		.byte	-110
 706 02a5 40       		.byte	64
 707 02a6 9B       		.byte	-101
 708 02a7 02       		.byte	2
 709 02a8 D0       		.byte	-48
 710 02a9 A5       		.byte	-91
 711 02aa D6       		.byte	-42
 712 02ab 01       		.byte	1
 713 02ac D8       		.byte	-40
 714 02ad 0E       		.byte	14
 715 02ae E2       		.byte	-30
 716 02af 04       		.byte	4
 717 02b0 E4       		.byte	-28
 718 02b1 02       		.byte	2
 719 02b2 E2       		.byte	-30
 720 02b3 04       		.byte	4
 721 02b4 E4       		.byte	-28
 722 02b5 02       		.byte	2
 723 02b6 E4       		.byte	-28
 724 02b7 08       		.byte	8
 725 02b8 30       		.byte	48
 726 02b9 10       		.byte	16
 727 02ba 34       		.byte	52
 728 02bb 80       		.byte	-128
 729 02bc CC       		.byte	-52
 730 02bd 30       		.byte	48
 731 02be 5D       		.byte	93
 732 02bf 02       		.byte	2
 733 02c0 9B       		.byte	-101
 734 02c1 80       		.byte	-128
 735 02c2 9C       		.byte	-100
 736 02c3 90       		.byte	-112
 737 02c4 AF       		.byte	-81
 738 02c5 80       		.byte	-128
 739 02c6 D6       		.byte	-42
 740 02c7 80       		.byte	-128
 741 02c8 EA       		.byte	-22
ARM GAS  C:\Users\ipfajard\AppData\Local\Temp\ccZA3PGK.s 			page 14


 742 02c9 40       		.byte	64
 743 02ca 10       		.byte	16
 744 02cb 10       		.byte	16
 745 02cc 14       		.byte	20
 746 02cd 80       		.byte	-128
 747 02ce 5B       		.byte	91
 748 02cf 02       		.byte	2
 749 02d0 5F       		.byte	95
 750 02d1 02       		.byte	2
 751 02d2 83       		.byte	-125
 752 02d3 04       		.byte	4
 753 02d4 8D       		.byte	-115
 754 02d5 02       		.byte	2
 755 02d6 8E       		.byte	-114
 756 02d7 01       		.byte	1
 757 02d8 9B       		.byte	-101
 758 02d9 82       		.byte	-126
 759 02da 9C       		.byte	-100
 760 02db 90       		.byte	-112
 761 02dc 9D       		.byte	-99
 762 02dd 02       		.byte	2
 763 02de AF       		.byte	-81
 764 02df 02       		.byte	2
 765 02e0 C4       		.byte	-60
 766 02e1 30       		.byte	48
 767 02e2 D6       		.byte	-42
 768 02e3 C0       		.byte	-64
 769 02e4 E6       		.byte	-26
 770 02e5 20       		.byte	32
 771 02e6 EE       		.byte	-18
 772 02e7 40       		.byte	64
 773 02e8 9B       		.byte	-101
 774 02e9 80       		.byte	-128
 775 02ea A2       		.byte	-94
 776 02eb 01       		.byte	1
 777 02ec A3       		.byte	-93
 778 02ed 04       		.byte	4
 779 02ee 2A       		.byte	42
 780 02ef 80       		.byte	-128
 781 02f0 CA       		.byte	-54
 782 02f1 08       		.byte	8
 783 02f2 12       		.byte	18
 784 02f3 80       		.byte	-128
 785 02f4 58       		.byte	88
 786 02f5 10       		.byte	16
 787 02f6 60       		.byte	96
 788 02f7 04       		.byte	4
 789 02f8 67       		.byte	103
 790 02f9 08       		.byte	8
 791 02fa AE       		.byte	-82
 792 02fb 80       		.byte	-128
 793 02fc C4       		.byte	-60
 794 02fd 08       		.byte	8
 795 02fe D4       		.byte	-44
 796 02ff 01       		.byte	1
 797 0300 D8       		.byte	-40
 798 0301 03       		.byte	3
ARM GAS  C:\Users\ipfajard\AppData\Local\Temp\ccZA3PGK.s 			page 15


 799 0302 00       		.byte	0
 800 0303 10       		.byte	16
 801 0304 82       		.byte	-126
 802 0305 80       		.byte	-128
 803 0306 94       		.byte	-108
 804 0307 04       		.byte	4
 805 0308 97       		.byte	-105
 806 0309 08       		.byte	8
 807 030a 9C       		.byte	-100
 808 030b 10       		.byte	16
 809 030c A2       		.byte	-94
 810 030d 80       		.byte	-128
 811 030e C0       		.byte	-64
 812 030f 02       		.byte	2
 813 0310 00       		.byte	0
 814 0311 04       		.byte	4
 815 0312 90       		.byte	-112
 816 0313 10       		.byte	16
 817 0314 94       		.byte	-108
 818 0315 04       		.byte	4
 819 0316 97       		.byte	-105
 820 0317 08       		.byte	8
 821 0318 9C       		.byte	-100
 822 0319 10       		.byte	16
 823 031a C0       		.byte	-64
 824 031b 08       		.byte	8
 825 031c 9B       		.byte	-101
 826 031d 80       		.byte	-128
 827 031e A2       		.byte	-94
 828 031f 01       		.byte	1
 829 0320 A3       		.byte	-93
 830 0321 04       		.byte	4
 831 0322 5E       		.byte	94
 832 0323 02       		.byte	2
 833 0324 5F       		.byte	95
 834 0325 80       		.byte	-128
 835 0326 63       		.byte	99
 836 0327 08       		.byte	8
 837 0328 9B       		.byte	-101
 838 0329 80       		.byte	-128
 839 032a A2       		.byte	-94
 840 032b 01       		.byte	1
 841 032c A3       		.byte	-93
 842 032d 04       		.byte	4
 843 032e D6       		.byte	-42
 844 032f A0       		.byte	-96
 845 0330 D8       		.byte	-40
 846 0331 40       		.byte	64
 847 0332 60       		.byte	96
 848 0333 10       		.byte	16
 849 0334 80       		.byte	-128
 850 0335 04       		.byte	4
 851 0336 84       		.byte	-124
 852 0337 10       		.byte	16
 853 0338 90       		.byte	-112
 854 0339 14       		.byte	20
 855 033a 97       		.byte	-105
ARM GAS  C:\Users\ipfajard\AppData\Local\Temp\ccZA3PGK.s 			page 16


 856 033b 08       		.byte	8
 857 033c 9C       		.byte	-100
 858 033d 10       		.byte	16
 859 033e D8       		.byte	-40
 860 033f 02       		.byte	2
 861 0340 87       		.byte	-121
 862 0341 04       		.byte	4
 863 0342 97       		.byte	-105
 864 0343 08       		.byte	8
 865 0344 00       		.byte	0
 866 0345 0C       		.byte	12
 867 0346 01       		.byte	1
 868 0347 01       		.byte	1
 869 0348 0A       		.byte	10
 870 0349 0C       		.byte	12
 871 034a 0B       		.byte	11
 872 034b 01       		.byte	1
 873 034c 10       		.byte	16
 874 034d 04       		.byte	4
 875 034e 11       		.byte	17
 876 034f 01       		.byte	1
 877 0350 1A       		.byte	26
 878 0351 04       		.byte	4
 879 0352 1B       		.byte	27
 880 0353 01       		.byte	1
 881 0354 00       		.byte	0
 882 0355 0A       		.byte	10
 883 0356 00       		.byte	0
 884 0357 00       		.byte	0
 885 0358 00       		.byte	0
 886 0359 80       		.byte	-128
 887 035a 80       		.byte	-128
 888 035b 00       		.byte	0
 889 035c 80       		.byte	-128
 890 035d 00       		.byte	0
 891 035e 12       		.byte	18
 892 035f 00       		.byte	0
 893 0360 00       		.byte	0
 894 0361 8B       		.byte	-117
 895 0362 8B       		.byte	-117
 896 0363 00       		.byte	0
 897 0364 80       		.byte	-128
 898 0365 00       		.byte	0
 899 0366 54       		.byte	84
 900 0367 00       		.byte	0
 901 0368 00       		.byte	0
 902 0369 D4       		.byte	-44
 903 036a D4       		.byte	-44
 904 036b 00       		.byte	0
 905 036c 94       		.byte	-108
 906 036d 00       		.byte	0
 907 036e 02       		.byte	2
 908 036f 00       		.byte	0
 909 0370 00       		.byte	0
 910 0371 A6       		.byte	-90
 911 0372 A6       		.byte	-90
 912 0373 00       		.byte	0
ARM GAS  C:\Users\ipfajard\AppData\Local\Temp\ccZA3PGK.s 			page 17


 913 0374 A2       		.byte	-94
 914 0375 00       		.byte	0
 915 0376 41       		.byte	65
 916 0377 00       		.byte	0
 917              		.section	.cywolatch,"a",%progbits
 918              		.align	2
 919              		.type	cy_meta_wonvl, %object
 920              		.size	cy_meta_wonvl, 4
 921              	cy_meta_wonvl:
 922 0000 BC       		.byte	-68
 923 0001 90       		.byte	-112
 924 0002 AC       		.byte	-84
 925 0003 AF       		.byte	-81
 926              		.section	.cycustnvl,"a",%progbits
 927              		.align	2
 928              		.type	cy_meta_custnvl, %object
 929              		.size	cy_meta_custnvl, 4
 930              	cy_meta_custnvl:
 931 0000 00       		.byte	0
 932 0001 00       		.byte	0
 933 0002 40       		.byte	64
 934 0003 05       		.byte	5
 935              		.section	.cymeta,"a",%progbits
 936              		.align	2
 937              		.type	cy_metadata, %object
 938              		.size	cy_metadata, 12
 939              	cy_metadata:
 940 0000 00       		.byte	0
 941 0001 01       		.byte	1
 942 0002 2E       		.byte	46
 943 0003 16       		.byte	22
 944 0004 10       		.byte	16
 945 0005 69       		.byte	105
 946 0006 00       		.byte	0
 947 0007 01       		.byte	1
 948 0008 00       		.byte	0
 949 0009 00       		.byte	0
 950 000a 00       		.byte	0
 951 000b 00       		.byte	0
 952              		.section	.cyflashprotect,"a",%progbits
 953              		.align	2
 954              		.type	cy_meta_flashprotect, %object
 955              		.size	cy_meta_flashprotect, 256
 956              	cy_meta_flashprotect:
 957 0000 00000000 		.space	256
 957      00000000 
 957      00000000 
 957      00000000 
 957      00000000 
 958              		.text
 959              	.Letext0:
 960              		.file 1 "c:\\program files (x86)\\cypress\\psoc creator\\4.1\\psoc creator\\import\\gnu\\arm\\5.4.
 961              		.file 2 "c:\\program files (x86)\\cypress\\psoc creator\\4.1\\psoc creator\\import\\gnu\\arm\\5.4.
 962              		.file 3 "Generated_Source\\PSoC5\\cymetadata.c"
 963              		.section	.debug_info,"",%progbits
 964              	.Ldebug_info0:
 965 0000 31010000 		.4byte	0x131
ARM GAS  C:\Users\ipfajard\AppData\Local\Temp\ccZA3PGK.s 			page 18


 966 0004 0400     		.2byte	0x4
 967 0006 00000000 		.4byte	.Ldebug_abbrev0
 968 000a 04       		.byte	0x4
 969 000b 01       		.uleb128 0x1
 970 000c 2D000000 		.4byte	.LASF17
 971 0010 0C       		.byte	0xc
 972 0011 B7010000 		.4byte	.LASF18
 973 0015 72010000 		.4byte	.LASF19
 974 0019 00000000 		.4byte	.Ldebug_line0
 975 001d 02       		.uleb128 0x2
 976 001e 01       		.byte	0x1
 977 001f 06       		.byte	0x6
 978 0020 AB010000 		.4byte	.LASF0
 979 0024 03       		.uleb128 0x3
 980 0025 00000000 		.4byte	.LASF9
 981 0029 01       		.byte	0x1
 982 002a 1D       		.byte	0x1d
 983 002b 2F000000 		.4byte	0x2f
 984 002f 02       		.uleb128 0x2
 985 0030 01       		.byte	0x1
 986 0031 08       		.byte	0x8
 987 0032 1F000000 		.4byte	.LASF1
 988 0036 02       		.uleb128 0x2
 989 0037 02       		.byte	0x2
 990 0038 05       		.byte	0x5
 991 0039 68010000 		.4byte	.LASF2
 992 003d 02       		.uleb128 0x2
 993 003e 02       		.byte	0x2
 994 003f 07       		.byte	0x7
 995 0040 CD000000 		.4byte	.LASF3
 996 0044 02       		.uleb128 0x2
 997 0045 04       		.byte	0x4
 998 0046 05       		.byte	0x5
 999 0047 0A000000 		.4byte	.LASF4
 1000 004b 02       		.uleb128 0x2
 1001 004c 04       		.byte	0x4
 1002 004d 07       		.byte	0x7
 1003 004e BB000000 		.4byte	.LASF5
 1004 0052 02       		.uleb128 0x2
 1005 0053 08       		.byte	0x8
 1006 0054 05       		.byte	0x5
 1007 0055 5A010000 		.4byte	.LASF6
 1008 0059 02       		.uleb128 0x2
 1009 005a 08       		.byte	0x8
 1010 005b 07       		.byte	0x7
 1011 005c 0F010000 		.4byte	.LASF7
 1012 0060 04       		.uleb128 0x4
 1013 0061 04       		.byte	0x4
 1014 0062 05       		.byte	0x5
 1015 0063 696E7400 		.ascii	"int\000"
 1016 0067 02       		.uleb128 0x2
 1017 0068 04       		.byte	0x4
 1018 0069 07       		.byte	0x7
 1019 006a 02010000 		.4byte	.LASF8
 1020 006e 03       		.uleb128 0x3
 1021 006f 26010000 		.4byte	.LASF10
 1022 0073 02       		.byte	0x2
ARM GAS  C:\Users\ipfajard\AppData\Local\Temp\ccZA3PGK.s 			page 19


 1023 0074 18       		.byte	0x18
 1024 0075 24000000 		.4byte	0x24
 1025 0079 05       		.uleb128 0x5
 1026 007a 91000000 		.4byte	0x91
 1027 007e 8A000000 		.4byte	0x8a
 1028 0082 06       		.uleb128 0x6
 1029 0083 8A000000 		.4byte	0x8a
 1030 0087 7703     		.2byte	0x377
 1031 0089 00       		.byte	0
 1032 008a 02       		.uleb128 0x2
 1033 008b 04       		.byte	0x4
 1034 008c 07       		.byte	0x7
 1035 008d 51010000 		.4byte	.LASF11
 1036 0091 07       		.uleb128 0x7
 1037 0092 6E000000 		.4byte	0x6e
 1038 0096 08       		.uleb128 0x8
 1039 0097 F0000000 		.4byte	.LASF12
 1040 009b 03       		.byte	0x3
 1041 009c 1F       		.byte	0x1f
 1042 009d A7000000 		.4byte	0xa7
 1043 00a1 05       		.uleb128 0x5
 1044 00a2 03       		.byte	0x3
 1045 00a3 00000000 		.4byte	cy_meta_configecc
 1046 00a7 07       		.uleb128 0x7
 1047 00a8 79000000 		.4byte	0x79
 1048 00ac 05       		.uleb128 0x5
 1049 00ad 91000000 		.4byte	0x91
 1050 00b1 BC000000 		.4byte	0xbc
 1051 00b5 09       		.uleb128 0x9
 1052 00b6 8A000000 		.4byte	0x8a
 1053 00ba 03       		.byte	0x3
 1054 00bb 00       		.byte	0
 1055 00bc 08       		.uleb128 0x8
 1056 00bd E0000000 		.4byte	.LASF13
 1057 00c1 03       		.byte	0x3
 1058 00c2 9B       		.byte	0x9b
 1059 00c3 CD000000 		.4byte	0xcd
 1060 00c7 05       		.uleb128 0x5
 1061 00c8 03       		.byte	0x3
 1062 00c9 00000000 		.4byte	cy_meta_custnvl
 1063 00cd 07       		.uleb128 0x7
 1064 00ce AC000000 		.4byte	0xac
 1065 00d2 08       		.uleb128 0x8
 1066 00d3 43010000 		.4byte	.LASF14
 1067 00d7 03       		.byte	0x3
 1068 00d8 A9       		.byte	0xa9
 1069 00d9 E3000000 		.4byte	0xe3
 1070 00dd 05       		.uleb128 0x5
 1071 00de 03       		.byte	0x3
 1072 00df 00000000 		.4byte	cy_meta_wonvl
 1073 00e3 07       		.uleb128 0x7
 1074 00e4 AC000000 		.4byte	0xac
 1075 00e8 05       		.uleb128 0x5
 1076 00e9 91000000 		.4byte	0x91
 1077 00ed F8000000 		.4byte	0xf8
 1078 00f1 09       		.uleb128 0x9
 1079 00f2 8A000000 		.4byte	0x8a
ARM GAS  C:\Users\ipfajard\AppData\Local\Temp\ccZA3PGK.s 			page 20


 1080 00f6 FF       		.byte	0xff
 1081 00f7 00       		.byte	0
 1082 00f8 08       		.uleb128 0x8
 1083 00f9 2E010000 		.4byte	.LASF15
 1084 00fd 03       		.byte	0x3
 1085 00fe B7       		.byte	0xb7
 1086 00ff 09010000 		.4byte	0x109
 1087 0103 05       		.uleb128 0x5
 1088 0104 03       		.byte	0x3
 1089 0105 00000000 		.4byte	cy_meta_flashprotect
 1090 0109 07       		.uleb128 0x7
 1091 010a E8000000 		.4byte	0xe8
 1092 010e 05       		.uleb128 0x5
 1093 010f 91000000 		.4byte	0x91
 1094 0113 1E010000 		.4byte	0x11e
 1095 0117 09       		.uleb128 0x9
 1096 0118 8A000000 		.4byte	0x8a
 1097 011c 0B       		.byte	0xb
 1098 011d 00       		.byte	0
 1099 011e 08       		.uleb128 0x8
 1100 011f 13000000 		.4byte	.LASF16
 1101 0123 03       		.byte	0x3
 1102 0124 E4       		.byte	0xe4
 1103 0125 2F010000 		.4byte	0x12f
 1104 0129 05       		.uleb128 0x5
 1105 012a 03       		.byte	0x3
 1106 012b 00000000 		.4byte	cy_metadata
 1107 012f 07       		.uleb128 0x7
 1108 0130 0E010000 		.4byte	0x10e
 1109 0134 00       		.byte	0
 1110              		.section	.debug_abbrev,"",%progbits
 1111              	.Ldebug_abbrev0:
 1112 0000 01       		.uleb128 0x1
 1113 0001 11       		.uleb128 0x11
 1114 0002 01       		.byte	0x1
 1115 0003 25       		.uleb128 0x25
 1116 0004 0E       		.uleb128 0xe
 1117 0005 13       		.uleb128 0x13
 1118 0006 0B       		.uleb128 0xb
 1119 0007 03       		.uleb128 0x3
 1120 0008 0E       		.uleb128 0xe
 1121 0009 1B       		.uleb128 0x1b
 1122 000a 0E       		.uleb128 0xe
 1123 000b 10       		.uleb128 0x10
 1124 000c 17       		.uleb128 0x17
 1125 000d 00       		.byte	0
 1126 000e 00       		.byte	0
 1127 000f 02       		.uleb128 0x2
 1128 0010 24       		.uleb128 0x24
 1129 0011 00       		.byte	0
 1130 0012 0B       		.uleb128 0xb
 1131 0013 0B       		.uleb128 0xb
 1132 0014 3E       		.uleb128 0x3e
 1133 0015 0B       		.uleb128 0xb
 1134 0016 03       		.uleb128 0x3
 1135 0017 0E       		.uleb128 0xe
 1136 0018 00       		.byte	0
ARM GAS  C:\Users\ipfajard\AppData\Local\Temp\ccZA3PGK.s 			page 21


 1137 0019 00       		.byte	0
 1138 001a 03       		.uleb128 0x3
 1139 001b 16       		.uleb128 0x16
 1140 001c 00       		.byte	0
 1141 001d 03       		.uleb128 0x3
 1142 001e 0E       		.uleb128 0xe
 1143 001f 3A       		.uleb128 0x3a
 1144 0020 0B       		.uleb128 0xb
 1145 0021 3B       		.uleb128 0x3b
 1146 0022 0B       		.uleb128 0xb
 1147 0023 49       		.uleb128 0x49
 1148 0024 13       		.uleb128 0x13
 1149 0025 00       		.byte	0
 1150 0026 00       		.byte	0
 1151 0027 04       		.uleb128 0x4
 1152 0028 24       		.uleb128 0x24
 1153 0029 00       		.byte	0
 1154 002a 0B       		.uleb128 0xb
 1155 002b 0B       		.uleb128 0xb
 1156 002c 3E       		.uleb128 0x3e
 1157 002d 0B       		.uleb128 0xb
 1158 002e 03       		.uleb128 0x3
 1159 002f 08       		.uleb128 0x8
 1160 0030 00       		.byte	0
 1161 0031 00       		.byte	0
 1162 0032 05       		.uleb128 0x5
 1163 0033 01       		.uleb128 0x1
 1164 0034 01       		.byte	0x1
 1165 0035 49       		.uleb128 0x49
 1166 0036 13       		.uleb128 0x13
 1167 0037 01       		.uleb128 0x1
 1168 0038 13       		.uleb128 0x13
 1169 0039 00       		.byte	0
 1170 003a 00       		.byte	0
 1171 003b 06       		.uleb128 0x6
 1172 003c 21       		.uleb128 0x21
 1173 003d 00       		.byte	0
 1174 003e 49       		.uleb128 0x49
 1175 003f 13       		.uleb128 0x13
 1176 0040 2F       		.uleb128 0x2f
 1177 0041 05       		.uleb128 0x5
 1178 0042 00       		.byte	0
 1179 0043 00       		.byte	0
 1180 0044 07       		.uleb128 0x7
 1181 0045 26       		.uleb128 0x26
 1182 0046 00       		.byte	0
 1183 0047 49       		.uleb128 0x49
 1184 0048 13       		.uleb128 0x13
 1185 0049 00       		.byte	0
 1186 004a 00       		.byte	0
 1187 004b 08       		.uleb128 0x8
 1188 004c 34       		.uleb128 0x34
 1189 004d 00       		.byte	0
 1190 004e 03       		.uleb128 0x3
 1191 004f 0E       		.uleb128 0xe
 1192 0050 3A       		.uleb128 0x3a
 1193 0051 0B       		.uleb128 0xb
ARM GAS  C:\Users\ipfajard\AppData\Local\Temp\ccZA3PGK.s 			page 22


 1194 0052 3B       		.uleb128 0x3b
 1195 0053 0B       		.uleb128 0xb
 1196 0054 49       		.uleb128 0x49
 1197 0055 13       		.uleb128 0x13
 1198 0056 3F       		.uleb128 0x3f
 1199 0057 19       		.uleb128 0x19
 1200 0058 02       		.uleb128 0x2
 1201 0059 18       		.uleb128 0x18
 1202 005a 00       		.byte	0
 1203 005b 00       		.byte	0
 1204 005c 09       		.uleb128 0x9
 1205 005d 21       		.uleb128 0x21
 1206 005e 00       		.byte	0
 1207 005f 49       		.uleb128 0x49
 1208 0060 13       		.uleb128 0x13
 1209 0061 2F       		.uleb128 0x2f
 1210 0062 0B       		.uleb128 0xb
 1211 0063 00       		.byte	0
 1212 0064 00       		.byte	0
 1213 0065 00       		.byte	0
 1214              		.section	.debug_aranges,"",%progbits
 1215 0000 14000000 		.4byte	0x14
 1216 0004 0200     		.2byte	0x2
 1217 0006 00000000 		.4byte	.Ldebug_info0
 1218 000a 04       		.byte	0x4
 1219 000b 00       		.byte	0
 1220 000c 0000     		.2byte	0
 1221 000e 0000     		.2byte	0
 1222 0010 00000000 		.4byte	0
 1223 0014 00000000 		.4byte	0
 1224              		.section	.debug_line,"",%progbits
 1225              	.Ldebug_line0:
 1226 0000 3D010000 		.section	.debug_str,"MS",%progbits,1
 1226      02003701 
 1226      00000201 
 1226      FB0E0D00 
 1226      01010101 
 1227              	.LASF9:
 1228 0000 5F5F7569 		.ascii	"__uint8_t\000"
 1228      6E74385F 
 1228      7400
 1229              	.LASF4:
 1230 000a 6C6F6E67 		.ascii	"long int\000"
 1230      20696E74 
 1230      00
 1231              	.LASF16:
 1232 0013 63795F6D 		.ascii	"cy_metadata\000"
 1232      65746164 
 1232      61746100 
 1233              	.LASF1:
 1234 001f 756E7369 		.ascii	"unsigned char\000"
 1234      676E6564 
 1234      20636861 
 1234      7200
 1235              	.LASF17:
 1236 002d 474E5520 		.ascii	"GNU C11 5.4.1 20160609 (release) [ARM/embedded-5-br"
 1236      43313120 
ARM GAS  C:\Users\ipfajard\AppData\Local\Temp\ccZA3PGK.s 			page 23


 1236      352E342E 
 1236      31203230 
 1236      31363036 
 1237 0060 616E6368 		.ascii	"anch revision 237715] -mcpu=cortex-m3 -mthumb -g -O"
 1237      20726576 
 1237      6973696F 
 1237      6E203233 
 1237      37373135 
 1238 0093 67202D66 		.ascii	"g -ffunction-sections -ffat-lto-objects\000"
 1238      66756E63 
 1238      74696F6E 
 1238      2D736563 
 1238      74696F6E 
 1239              	.LASF5:
 1240 00bb 6C6F6E67 		.ascii	"long unsigned int\000"
 1240      20756E73 
 1240      69676E65 
 1240      6420696E 
 1240      7400
 1241              	.LASF3:
 1242 00cd 73686F72 		.ascii	"short unsigned int\000"
 1242      7420756E 
 1242      7369676E 
 1242      65642069 
 1242      6E7400
 1243              	.LASF13:
 1244 00e0 63795F6D 		.ascii	"cy_meta_custnvl\000"
 1244      6574615F 
 1244      63757374 
 1244      6E766C00 
 1245              	.LASF12:
 1246 00f0 63795F6D 		.ascii	"cy_meta_configecc\000"
 1246      6574615F 
 1246      636F6E66 
 1246      69676563 
 1246      6300
 1247              	.LASF8:
 1248 0102 756E7369 		.ascii	"unsigned int\000"
 1248      676E6564 
 1248      20696E74 
 1248      00
 1249              	.LASF7:
 1250 010f 6C6F6E67 		.ascii	"long long unsigned int\000"
 1250      206C6F6E 
 1250      6720756E 
 1250      7369676E 
 1250      65642069 
 1251              	.LASF10:
 1252 0126 75696E74 		.ascii	"uint8_t\000"
 1252      385F7400 
 1253              	.LASF15:
 1254 012e 63795F6D 		.ascii	"cy_meta_flashprotect\000"
 1254      6574615F 
 1254      666C6173 
 1254      6870726F 
 1254      74656374 
 1255              	.LASF14:
ARM GAS  C:\Users\ipfajard\AppData\Local\Temp\ccZA3PGK.s 			page 24


 1256 0143 63795F6D 		.ascii	"cy_meta_wonvl\000"
 1256      6574615F 
 1256      776F6E76 
 1256      6C00
 1257              	.LASF11:
 1258 0151 73697A65 		.ascii	"sizetype\000"
 1258      74797065 
 1258      00
 1259              	.LASF6:
 1260 015a 6C6F6E67 		.ascii	"long long int\000"
 1260      206C6F6E 
 1260      6720696E 
 1260      7400
 1261              	.LASF2:
 1262 0168 73686F72 		.ascii	"short int\000"
 1262      7420696E 
 1262      7400
 1263              	.LASF19:
 1264 0172 433A5C55 		.ascii	"C:\\Users\\ipfajard\\Documents\\PSoC Creator\\FSK\\"
 1264      73657273 
 1264      5C697066 
 1264      616A6172 
 1264      645C446F 
 1265 019f 46534B52 		.ascii	"FSKRx.cydsn\000"
 1265      782E6379 
 1265      64736E00 
 1266              	.LASF0:
 1267 01ab 7369676E 		.ascii	"signed char\000"
 1267      65642063 
 1267      68617200 
 1268              	.LASF18:
 1269 01b7 47656E65 		.ascii	"Generated_Source\\PSoC5\\cymetadata.c\000"
 1269      72617465 
 1269      645F536F 
 1269      75726365 
 1269      5C50536F 
 1270              		.ident	"GCC: (GNU Tools for ARM Embedded Processors) 5.4.1 20160609 (release) [ARM/embedded-5-bran
