ARM GAS  C:\Users\sdysart\AppData\Local\Temp\ccItCPax.s 			page 1


   1              		.syntax unified
   2              		.cpu cortex-m3
   3              		.fpu softvfp
   4              		.eabi_attribute 20, 1
   5              		.eabi_attribute 21, 1
   6              		.eabi_attribute 23, 3
   7              		.eabi_attribute 24, 1
   8              		.eabi_attribute 25, 1
   9              		.eabi_attribute 26, 1
  10              		.eabi_attribute 30, 1
  11              		.eabi_attribute 34, 1
  12              		.eabi_attribute 18, 4
  13              		.thumb
  14              		.syntax unified
  15              		.file	"HighF_LevelCount.c"
  16              		.text
  17              	.Ltext0:
  18              		.cfi_sections	.debug_frame
  19              		.section	.text.HighF_LevelCount_Enable,"ax",%progbits
  20              		.align	2
  21              		.global	HighF_LevelCount_Enable
  22              		.thumb
  23              		.thumb_func
  24              		.type	HighF_LevelCount_Enable, %function
  25              	HighF_LevelCount_Enable:
  26              	.LFB1:
  27              		.file 1 "Generated_Source\\PSoC5\\HighF_LevelCount.c"
   1:Generated_Source\PSoC5/HighF_LevelCount.c **** /*******************************************************************************
   2:Generated_Source\PSoC5/HighF_LevelCount.c **** * File Name: HighF_LevelCount.c  
   3:Generated_Source\PSoC5/HighF_LevelCount.c **** * Version 3.0
   4:Generated_Source\PSoC5/HighF_LevelCount.c **** *
   5:Generated_Source\PSoC5/HighF_LevelCount.c **** *  Description:
   6:Generated_Source\PSoC5/HighF_LevelCount.c **** *     The Counter component consists of a 8, 16, 24 or 32-bit counter with
   7:Generated_Source\PSoC5/HighF_LevelCount.c **** *     a selectable period between 2 and 2^Width - 1.  
   8:Generated_Source\PSoC5/HighF_LevelCount.c **** *
   9:Generated_Source\PSoC5/HighF_LevelCount.c **** *   Note:
  10:Generated_Source\PSoC5/HighF_LevelCount.c **** *     None
  11:Generated_Source\PSoC5/HighF_LevelCount.c **** *
  12:Generated_Source\PSoC5/HighF_LevelCount.c **** ********************************************************************************
  13:Generated_Source\PSoC5/HighF_LevelCount.c **** * Copyright 2008-2012, Cypress Semiconductor Corporation.  All rights reserved.
  14:Generated_Source\PSoC5/HighF_LevelCount.c **** * You may use this file only in accordance with the license, terms, conditions, 
  15:Generated_Source\PSoC5/HighF_LevelCount.c **** * disclaimers, and limitations in the end user license agreement accompanying 
  16:Generated_Source\PSoC5/HighF_LevelCount.c **** * the software package with which this file was provided.
  17:Generated_Source\PSoC5/HighF_LevelCount.c **** *******************************************************************************/
  18:Generated_Source\PSoC5/HighF_LevelCount.c **** 
  19:Generated_Source\PSoC5/HighF_LevelCount.c **** #include "HighF_LevelCount.h"
  20:Generated_Source\PSoC5/HighF_LevelCount.c **** 
  21:Generated_Source\PSoC5/HighF_LevelCount.c **** uint8 HighF_LevelCount_initVar = 0u;
  22:Generated_Source\PSoC5/HighF_LevelCount.c **** 
  23:Generated_Source\PSoC5/HighF_LevelCount.c **** 
  24:Generated_Source\PSoC5/HighF_LevelCount.c **** /*******************************************************************************
  25:Generated_Source\PSoC5/HighF_LevelCount.c **** * Function Name: HighF_LevelCount_Init
  26:Generated_Source\PSoC5/HighF_LevelCount.c **** ********************************************************************************
  27:Generated_Source\PSoC5/HighF_LevelCount.c **** * Summary:
  28:Generated_Source\PSoC5/HighF_LevelCount.c **** *     Initialize to the schematic state
  29:Generated_Source\PSoC5/HighF_LevelCount.c **** * 
  30:Generated_Source\PSoC5/HighF_LevelCount.c **** * Parameters:  
ARM GAS  C:\Users\sdysart\AppData\Local\Temp\ccItCPax.s 			page 2


  31:Generated_Source\PSoC5/HighF_LevelCount.c **** *  void  
  32:Generated_Source\PSoC5/HighF_LevelCount.c **** *
  33:Generated_Source\PSoC5/HighF_LevelCount.c **** * Return: 
  34:Generated_Source\PSoC5/HighF_LevelCount.c **** *  void
  35:Generated_Source\PSoC5/HighF_LevelCount.c **** *
  36:Generated_Source\PSoC5/HighF_LevelCount.c **** *******************************************************************************/
  37:Generated_Source\PSoC5/HighF_LevelCount.c **** void HighF_LevelCount_Init(void) 
  38:Generated_Source\PSoC5/HighF_LevelCount.c **** {
  39:Generated_Source\PSoC5/HighF_LevelCount.c ****         #if (!HighF_LevelCount_UsingFixedFunction && !HighF_LevelCount_ControlRegRemoved)
  40:Generated_Source\PSoC5/HighF_LevelCount.c ****             uint8 ctrl;
  41:Generated_Source\PSoC5/HighF_LevelCount.c ****         #endif /* (!HighF_LevelCount_UsingFixedFunction && !HighF_LevelCount_ControlRegRemoved) */
  42:Generated_Source\PSoC5/HighF_LevelCount.c ****         
  43:Generated_Source\PSoC5/HighF_LevelCount.c ****         #if(!HighF_LevelCount_UsingFixedFunction) 
  44:Generated_Source\PSoC5/HighF_LevelCount.c ****             /* Interrupt State Backup for Critical Region*/
  45:Generated_Source\PSoC5/HighF_LevelCount.c ****             uint8 HighF_LevelCount_interruptState;
  46:Generated_Source\PSoC5/HighF_LevelCount.c ****         #endif /* (!HighF_LevelCount_UsingFixedFunction) */
  47:Generated_Source\PSoC5/HighF_LevelCount.c ****         
  48:Generated_Source\PSoC5/HighF_LevelCount.c ****         #if (HighF_LevelCount_UsingFixedFunction)
  49:Generated_Source\PSoC5/HighF_LevelCount.c ****             /* Clear all bits but the enable bit (if it's already set for Timer operation */
  50:Generated_Source\PSoC5/HighF_LevelCount.c ****             HighF_LevelCount_CONTROL &= HighF_LevelCount_CTRL_ENABLE;
  51:Generated_Source\PSoC5/HighF_LevelCount.c ****             
  52:Generated_Source\PSoC5/HighF_LevelCount.c ****             /* Clear the mode bits for continuous run mode */
  53:Generated_Source\PSoC5/HighF_LevelCount.c ****             #if (CY_PSOC5A)
  54:Generated_Source\PSoC5/HighF_LevelCount.c ****                 HighF_LevelCount_CONTROL2 &= ((uint8)(~HighF_LevelCount_CTRL_MODE_MASK));
  55:Generated_Source\PSoC5/HighF_LevelCount.c ****             #endif /* (CY_PSOC5A) */
  56:Generated_Source\PSoC5/HighF_LevelCount.c ****             #if (CY_PSOC3 || CY_PSOC5LP)
  57:Generated_Source\PSoC5/HighF_LevelCount.c ****                 HighF_LevelCount_CONTROL3 &= ((uint8)(~HighF_LevelCount_CTRL_MODE_MASK));          
  58:Generated_Source\PSoC5/HighF_LevelCount.c ****             #endif /* (CY_PSOC3 || CY_PSOC5LP) */
  59:Generated_Source\PSoC5/HighF_LevelCount.c ****             /* Check if One Shot mode is enabled i.e. RunMode !=0*/
  60:Generated_Source\PSoC5/HighF_LevelCount.c ****             #if (HighF_LevelCount_RunModeUsed != 0x0u)
  61:Generated_Source\PSoC5/HighF_LevelCount.c ****                 /* Set 3rd bit of Control register to enable one shot mode */
  62:Generated_Source\PSoC5/HighF_LevelCount.c ****                 HighF_LevelCount_CONTROL |= HighF_LevelCount_ONESHOT;
  63:Generated_Source\PSoC5/HighF_LevelCount.c ****             #endif /* (HighF_LevelCount_RunModeUsed != 0x0u) */
  64:Generated_Source\PSoC5/HighF_LevelCount.c ****             
  65:Generated_Source\PSoC5/HighF_LevelCount.c ****             /* Set the IRQ to use the status register interrupts */
  66:Generated_Source\PSoC5/HighF_LevelCount.c ****             HighF_LevelCount_CONTROL2 |= HighF_LevelCount_CTRL2_IRQ_SEL;
  67:Generated_Source\PSoC5/HighF_LevelCount.c ****             
  68:Generated_Source\PSoC5/HighF_LevelCount.c ****             /* Clear and Set SYNCTC and SYNCCMP bits of RT1 register */
  69:Generated_Source\PSoC5/HighF_LevelCount.c ****             HighF_LevelCount_RT1 &= ((uint8)(~HighF_LevelCount_RT1_MASK));
  70:Generated_Source\PSoC5/HighF_LevelCount.c ****             HighF_LevelCount_RT1 |= HighF_LevelCount_SYNC;     
  71:Generated_Source\PSoC5/HighF_LevelCount.c ****                     
  72:Generated_Source\PSoC5/HighF_LevelCount.c ****             /*Enable DSI Sync all all inputs of the Timer*/
  73:Generated_Source\PSoC5/HighF_LevelCount.c ****             HighF_LevelCount_RT1 &= ((uint8)(~HighF_LevelCount_SYNCDSI_MASK));
  74:Generated_Source\PSoC5/HighF_LevelCount.c ****             HighF_LevelCount_RT1 |= HighF_LevelCount_SYNCDSI_EN;
  75:Generated_Source\PSoC5/HighF_LevelCount.c **** 
  76:Generated_Source\PSoC5/HighF_LevelCount.c ****         #else
  77:Generated_Source\PSoC5/HighF_LevelCount.c ****             #if(!HighF_LevelCount_ControlRegRemoved)
  78:Generated_Source\PSoC5/HighF_LevelCount.c ****             /* Set the default compare mode defined in the parameter */
  79:Generated_Source\PSoC5/HighF_LevelCount.c ****             ctrl = HighF_LevelCount_CONTROL & ((uint8)(~HighF_LevelCount_CTRL_CMPMODE_MASK));
  80:Generated_Source\PSoC5/HighF_LevelCount.c ****             HighF_LevelCount_CONTROL = ctrl | HighF_LevelCount_DEFAULT_COMPARE_MODE;
  81:Generated_Source\PSoC5/HighF_LevelCount.c ****             
  82:Generated_Source\PSoC5/HighF_LevelCount.c ****             /* Set the default capture mode defined in the parameter */
  83:Generated_Source\PSoC5/HighF_LevelCount.c ****             ctrl = HighF_LevelCount_CONTROL & ((uint8)(~HighF_LevelCount_CTRL_CAPMODE_MASK));
  84:Generated_Source\PSoC5/HighF_LevelCount.c ****             
  85:Generated_Source\PSoC5/HighF_LevelCount.c ****             #if( 0 != HighF_LevelCount_CAPTURE_MODE_CONF)
  86:Generated_Source\PSoC5/HighF_LevelCount.c ****                 HighF_LevelCount_CONTROL = ctrl | HighF_LevelCount_DEFAULT_CAPTURE_MODE;
  87:Generated_Source\PSoC5/HighF_LevelCount.c ****             #else
ARM GAS  C:\Users\sdysart\AppData\Local\Temp\ccItCPax.s 			page 3


  88:Generated_Source\PSoC5/HighF_LevelCount.c ****                 HighF_LevelCount_CONTROL = ctrl;
  89:Generated_Source\PSoC5/HighF_LevelCount.c ****             #endif /* 0 != HighF_LevelCount_CAPTURE_MODE */ 
  90:Generated_Source\PSoC5/HighF_LevelCount.c ****             
  91:Generated_Source\PSoC5/HighF_LevelCount.c ****             #endif /* (!HighF_LevelCount_ControlRegRemoved) */
  92:Generated_Source\PSoC5/HighF_LevelCount.c ****         #endif /* (HighF_LevelCount_UsingFixedFunction) */
  93:Generated_Source\PSoC5/HighF_LevelCount.c ****         
  94:Generated_Source\PSoC5/HighF_LevelCount.c ****         /* Clear all data in the FIFO's */
  95:Generated_Source\PSoC5/HighF_LevelCount.c ****         #if (!HighF_LevelCount_UsingFixedFunction)
  96:Generated_Source\PSoC5/HighF_LevelCount.c ****             HighF_LevelCount_ClearFIFO();
  97:Generated_Source\PSoC5/HighF_LevelCount.c ****         #endif /* (!HighF_LevelCount_UsingFixedFunction) */
  98:Generated_Source\PSoC5/HighF_LevelCount.c ****         
  99:Generated_Source\PSoC5/HighF_LevelCount.c ****         /* Set Initial values from Configuration */
 100:Generated_Source\PSoC5/HighF_LevelCount.c ****         HighF_LevelCount_WritePeriod(HighF_LevelCount_INIT_PERIOD_VALUE);
 101:Generated_Source\PSoC5/HighF_LevelCount.c ****         #if (!(HighF_LevelCount_UsingFixedFunction && (CY_PSOC5A)))
 102:Generated_Source\PSoC5/HighF_LevelCount.c ****             HighF_LevelCount_WriteCounter(HighF_LevelCount_INIT_COUNTER_VALUE);
 103:Generated_Source\PSoC5/HighF_LevelCount.c ****         #endif /* (!(HighF_LevelCount_UsingFixedFunction && (CY_PSOC5A))) */
 104:Generated_Source\PSoC5/HighF_LevelCount.c ****         HighF_LevelCount_SetInterruptMode(HighF_LevelCount_INIT_INTERRUPTS_MASK);
 105:Generated_Source\PSoC5/HighF_LevelCount.c ****         
 106:Generated_Source\PSoC5/HighF_LevelCount.c ****         #if (!HighF_LevelCount_UsingFixedFunction)
 107:Generated_Source\PSoC5/HighF_LevelCount.c ****             /* Read the status register to clear the unwanted interrupts */
 108:Generated_Source\PSoC5/HighF_LevelCount.c ****             (void)HighF_LevelCount_ReadStatusRegister();
 109:Generated_Source\PSoC5/HighF_LevelCount.c ****             /* Set the compare value (only available to non-fixed function implementation */
 110:Generated_Source\PSoC5/HighF_LevelCount.c ****             HighF_LevelCount_WriteCompare(HighF_LevelCount_INIT_COMPARE_VALUE);
 111:Generated_Source\PSoC5/HighF_LevelCount.c ****             /* Use the interrupt output of the status register for IRQ output */
 112:Generated_Source\PSoC5/HighF_LevelCount.c ****             
 113:Generated_Source\PSoC5/HighF_LevelCount.c ****             /* CyEnterCriticalRegion and CyExitCriticalRegion are used to mark following region cri
 114:Generated_Source\PSoC5/HighF_LevelCount.c ****             /* Enter Critical Region*/
 115:Generated_Source\PSoC5/HighF_LevelCount.c ****             HighF_LevelCount_interruptState = CyEnterCriticalSection();
 116:Generated_Source\PSoC5/HighF_LevelCount.c ****             
 117:Generated_Source\PSoC5/HighF_LevelCount.c ****             HighF_LevelCount_STATUS_AUX_CTRL |= HighF_LevelCount_STATUS_ACTL_INT_EN_MASK;
 118:Generated_Source\PSoC5/HighF_LevelCount.c ****             
 119:Generated_Source\PSoC5/HighF_LevelCount.c ****             /* Exit Critical Region*/
 120:Generated_Source\PSoC5/HighF_LevelCount.c ****             CyExitCriticalSection(HighF_LevelCount_interruptState);
 121:Generated_Source\PSoC5/HighF_LevelCount.c ****             
 122:Generated_Source\PSoC5/HighF_LevelCount.c ****         #endif /* (!HighF_LevelCount_UsingFixedFunction) */
 123:Generated_Source\PSoC5/HighF_LevelCount.c **** }
 124:Generated_Source\PSoC5/HighF_LevelCount.c **** 
 125:Generated_Source\PSoC5/HighF_LevelCount.c **** 
 126:Generated_Source\PSoC5/HighF_LevelCount.c **** /*******************************************************************************
 127:Generated_Source\PSoC5/HighF_LevelCount.c **** * Function Name: HighF_LevelCount_Enable
 128:Generated_Source\PSoC5/HighF_LevelCount.c **** ********************************************************************************
 129:Generated_Source\PSoC5/HighF_LevelCount.c **** * Summary:
 130:Generated_Source\PSoC5/HighF_LevelCount.c **** *     Enable the Counter
 131:Generated_Source\PSoC5/HighF_LevelCount.c **** * 
 132:Generated_Source\PSoC5/HighF_LevelCount.c **** * Parameters:  
 133:Generated_Source\PSoC5/HighF_LevelCount.c **** *  void  
 134:Generated_Source\PSoC5/HighF_LevelCount.c **** *
 135:Generated_Source\PSoC5/HighF_LevelCount.c **** * Return: 
 136:Generated_Source\PSoC5/HighF_LevelCount.c **** *  void
 137:Generated_Source\PSoC5/HighF_LevelCount.c **** *
 138:Generated_Source\PSoC5/HighF_LevelCount.c **** * Side Effects: 
 139:Generated_Source\PSoC5/HighF_LevelCount.c **** *   If the Enable mode is set to Hardware only then this function has no effect 
 140:Generated_Source\PSoC5/HighF_LevelCount.c **** *   on the operation of the counter.
 141:Generated_Source\PSoC5/HighF_LevelCount.c **** *
 142:Generated_Source\PSoC5/HighF_LevelCount.c **** *******************************************************************************/
 143:Generated_Source\PSoC5/HighF_LevelCount.c **** void HighF_LevelCount_Enable(void) 
 144:Generated_Source\PSoC5/HighF_LevelCount.c **** {
ARM GAS  C:\Users\sdysart\AppData\Local\Temp\ccItCPax.s 			page 4


  28              		.loc 1 144 0
  29              		.cfi_startproc
  30              		@ args = 0, pretend = 0, frame = 0
  31              		@ frame_needed = 0, uses_anonymous_args = 0
  32              		@ link register save eliminated.
 145:Generated_Source\PSoC5/HighF_LevelCount.c ****     /* Globally Enable the Fixed Function Block chosen */
 146:Generated_Source\PSoC5/HighF_LevelCount.c ****     #if (HighF_LevelCount_UsingFixedFunction)
 147:Generated_Source\PSoC5/HighF_LevelCount.c ****         HighF_LevelCount_GLOBAL_ENABLE |= HighF_LevelCount_BLOCK_EN_MASK;
  33              		.loc 1 147 0
  34 0000 084A     		ldr	r2, .L2
  35 0002 1378     		ldrb	r3, [r2]	@ zero_extendqisi2
  36 0004 43F00103 		orr	r3, r3, #1
  37 0008 1370     		strb	r3, [r2]
 148:Generated_Source\PSoC5/HighF_LevelCount.c ****         HighF_LevelCount_GLOBAL_STBY_ENABLE |= HighF_LevelCount_BLOCK_STBY_EN_MASK;
  38              		.loc 1 148 0
  39 000a 1032     		adds	r2, r2, #16
  40 000c 1378     		ldrb	r3, [r2]	@ zero_extendqisi2
  41 000e 43F00103 		orr	r3, r3, #1
  42 0012 1370     		strb	r3, [r2]
 149:Generated_Source\PSoC5/HighF_LevelCount.c ****     #endif /* (HighF_LevelCount_UsingFixedFunction) */  
 150:Generated_Source\PSoC5/HighF_LevelCount.c ****         
 151:Generated_Source\PSoC5/HighF_LevelCount.c ****     /* Enable the counter from the control register  */
 152:Generated_Source\PSoC5/HighF_LevelCount.c ****     /* If Fixed Function then make sure Mode is set correctly */
 153:Generated_Source\PSoC5/HighF_LevelCount.c ****     /* else make sure reset is clear */
 154:Generated_Source\PSoC5/HighF_LevelCount.c ****     #if(!HighF_LevelCount_ControlRegRemoved || HighF_LevelCount_UsingFixedFunction)
 155:Generated_Source\PSoC5/HighF_LevelCount.c ****         HighF_LevelCount_CONTROL |= HighF_LevelCount_CTRL_ENABLE;                
  43              		.loc 1 155 0
  44 0014 02F64D32 		addw	r2, r2, #2893
  45 0018 1378     		ldrb	r3, [r2]	@ zero_extendqisi2
  46 001a 43F00103 		orr	r3, r3, #1
  47 001e 1370     		strb	r3, [r2]
  48 0020 7047     		bx	lr
  49              	.L3:
  50 0022 00BF     		.align	2
  51              	.L2:
  52 0024 A3430040 		.word	1073759139
  53              		.cfi_endproc
  54              	.LFE1:
  55              		.size	HighF_LevelCount_Enable, .-HighF_LevelCount_Enable
  56              		.section	.text.HighF_LevelCount_Stop,"ax",%progbits
  57              		.align	2
  58              		.global	HighF_LevelCount_Stop
  59              		.thumb
  60              		.thumb_func
  61              		.type	HighF_LevelCount_Stop, %function
  62              	HighF_LevelCount_Stop:
  63              	.LFB3:
 156:Generated_Source\PSoC5/HighF_LevelCount.c ****     #endif /* (!HighF_LevelCount_ControlRegRemoved || HighF_LevelCount_UsingFixedFunction) */
 157:Generated_Source\PSoC5/HighF_LevelCount.c ****     
 158:Generated_Source\PSoC5/HighF_LevelCount.c **** }
 159:Generated_Source\PSoC5/HighF_LevelCount.c **** 
 160:Generated_Source\PSoC5/HighF_LevelCount.c **** 
 161:Generated_Source\PSoC5/HighF_LevelCount.c **** /*******************************************************************************
 162:Generated_Source\PSoC5/HighF_LevelCount.c **** * Function Name: HighF_LevelCount_Start
 163:Generated_Source\PSoC5/HighF_LevelCount.c **** ********************************************************************************
 164:Generated_Source\PSoC5/HighF_LevelCount.c **** * Summary:
 165:Generated_Source\PSoC5/HighF_LevelCount.c **** *  Enables the counter for operation 
ARM GAS  C:\Users\sdysart\AppData\Local\Temp\ccItCPax.s 			page 5


 166:Generated_Source\PSoC5/HighF_LevelCount.c **** *
 167:Generated_Source\PSoC5/HighF_LevelCount.c **** * Parameters:  
 168:Generated_Source\PSoC5/HighF_LevelCount.c **** *  void  
 169:Generated_Source\PSoC5/HighF_LevelCount.c **** *
 170:Generated_Source\PSoC5/HighF_LevelCount.c **** * Return: 
 171:Generated_Source\PSoC5/HighF_LevelCount.c **** *  void
 172:Generated_Source\PSoC5/HighF_LevelCount.c **** *
 173:Generated_Source\PSoC5/HighF_LevelCount.c **** * Global variables:
 174:Generated_Source\PSoC5/HighF_LevelCount.c **** *  HighF_LevelCount_initVar: Is modified when this function is called for the  
 175:Generated_Source\PSoC5/HighF_LevelCount.c **** *   first time. Is used to ensure that initialization happens only once.
 176:Generated_Source\PSoC5/HighF_LevelCount.c **** *
 177:Generated_Source\PSoC5/HighF_LevelCount.c **** *******************************************************************************/
 178:Generated_Source\PSoC5/HighF_LevelCount.c **** void HighF_LevelCount_Start(void) 
 179:Generated_Source\PSoC5/HighF_LevelCount.c **** {
 180:Generated_Source\PSoC5/HighF_LevelCount.c ****     if(HighF_LevelCount_initVar == 0u)
 181:Generated_Source\PSoC5/HighF_LevelCount.c ****     {
 182:Generated_Source\PSoC5/HighF_LevelCount.c ****         HighF_LevelCount_Init();
 183:Generated_Source\PSoC5/HighF_LevelCount.c ****         
 184:Generated_Source\PSoC5/HighF_LevelCount.c ****         HighF_LevelCount_initVar = 1u; /* Clear this bit for Initialization */        
 185:Generated_Source\PSoC5/HighF_LevelCount.c ****     }
 186:Generated_Source\PSoC5/HighF_LevelCount.c ****     
 187:Generated_Source\PSoC5/HighF_LevelCount.c ****     /* Enable the Counter */
 188:Generated_Source\PSoC5/HighF_LevelCount.c ****     HighF_LevelCount_Enable();        
 189:Generated_Source\PSoC5/HighF_LevelCount.c **** }
 190:Generated_Source\PSoC5/HighF_LevelCount.c **** 
 191:Generated_Source\PSoC5/HighF_LevelCount.c **** 
 192:Generated_Source\PSoC5/HighF_LevelCount.c **** /*******************************************************************************
 193:Generated_Source\PSoC5/HighF_LevelCount.c **** * Function Name: HighF_LevelCount_Stop
 194:Generated_Source\PSoC5/HighF_LevelCount.c **** ********************************************************************************
 195:Generated_Source\PSoC5/HighF_LevelCount.c **** * Summary:
 196:Generated_Source\PSoC5/HighF_LevelCount.c **** * Halts the counter, but does not change any modes or disable interrupts.
 197:Generated_Source\PSoC5/HighF_LevelCount.c **** *
 198:Generated_Source\PSoC5/HighF_LevelCount.c **** * Parameters:  
 199:Generated_Source\PSoC5/HighF_LevelCount.c **** *  void  
 200:Generated_Source\PSoC5/HighF_LevelCount.c **** *
 201:Generated_Source\PSoC5/HighF_LevelCount.c **** * Return: 
 202:Generated_Source\PSoC5/HighF_LevelCount.c **** *  void
 203:Generated_Source\PSoC5/HighF_LevelCount.c **** *
 204:Generated_Source\PSoC5/HighF_LevelCount.c **** * Side Effects: If the Enable mode is set to Hardware only then this function
 205:Generated_Source\PSoC5/HighF_LevelCount.c **** *               has no effect on the operation of the counter.
 206:Generated_Source\PSoC5/HighF_LevelCount.c **** *
 207:Generated_Source\PSoC5/HighF_LevelCount.c **** *******************************************************************************/
 208:Generated_Source\PSoC5/HighF_LevelCount.c **** void HighF_LevelCount_Stop(void) 
 209:Generated_Source\PSoC5/HighF_LevelCount.c **** {
  64              		.loc 1 209 0
  65              		.cfi_startproc
  66              		@ args = 0, pretend = 0, frame = 0
  67              		@ frame_needed = 0, uses_anonymous_args = 0
  68              		@ link register save eliminated.
 210:Generated_Source\PSoC5/HighF_LevelCount.c ****     /* Disable Counter */
 211:Generated_Source\PSoC5/HighF_LevelCount.c ****     #if(!HighF_LevelCount_ControlRegRemoved || HighF_LevelCount_UsingFixedFunction)
 212:Generated_Source\PSoC5/HighF_LevelCount.c ****         HighF_LevelCount_CONTROL &= ((uint8)(~HighF_LevelCount_CTRL_ENABLE));        
  69              		.loc 1 212 0
  70 0000 084A     		ldr	r2, .L5
  71 0002 1378     		ldrb	r3, [r2]	@ zero_extendqisi2
  72 0004 03F0FE03 		and	r3, r3, #254
  73 0008 1370     		strb	r3, [r2]
ARM GAS  C:\Users\sdysart\AppData\Local\Temp\ccItCPax.s 			page 6


 213:Generated_Source\PSoC5/HighF_LevelCount.c ****     #endif /* (!HighF_LevelCount_ControlRegRemoved || HighF_LevelCount_UsingFixedFunction) */
 214:Generated_Source\PSoC5/HighF_LevelCount.c ****     
 215:Generated_Source\PSoC5/HighF_LevelCount.c ****     /* Globally disable the Fixed Function Block chosen */
 216:Generated_Source\PSoC5/HighF_LevelCount.c ****     #if (HighF_LevelCount_UsingFixedFunction)
 217:Generated_Source\PSoC5/HighF_LevelCount.c ****         HighF_LevelCount_GLOBAL_ENABLE &= ((uint8)(~HighF_LevelCount_BLOCK_EN_MASK));
  74              		.loc 1 217 0
  75 000a A2F65D32 		subw	r2, r2, #2909
  76 000e 1378     		ldrb	r3, [r2]	@ zero_extendqisi2
  77 0010 03F0FE03 		and	r3, r3, #254
  78 0014 1370     		strb	r3, [r2]
 218:Generated_Source\PSoC5/HighF_LevelCount.c ****         HighF_LevelCount_GLOBAL_STBY_ENABLE &= ((uint8)(~HighF_LevelCount_BLOCK_STBY_EN_MASK));
  79              		.loc 1 218 0
  80 0016 1032     		adds	r2, r2, #16
  81 0018 1378     		ldrb	r3, [r2]	@ zero_extendqisi2
  82 001a 03F0FE03 		and	r3, r3, #254
  83 001e 1370     		strb	r3, [r2]
  84 0020 7047     		bx	lr
  85              	.L6:
  86 0022 00BF     		.align	2
  87              	.L5:
  88 0024 004F0040 		.word	1073762048
  89              		.cfi_endproc
  90              	.LFE3:
  91              		.size	HighF_LevelCount_Stop, .-HighF_LevelCount_Stop
  92              		.section	.text.HighF_LevelCount_SetInterruptMode,"ax",%progbits
  93              		.align	2
  94              		.global	HighF_LevelCount_SetInterruptMode
  95              		.thumb
  96              		.thumb_func
  97              		.type	HighF_LevelCount_SetInterruptMode, %function
  98              	HighF_LevelCount_SetInterruptMode:
  99              	.LFB4:
 219:Generated_Source\PSoC5/HighF_LevelCount.c ****     #endif /* (HighF_LevelCount_UsingFixedFunction) */
 220:Generated_Source\PSoC5/HighF_LevelCount.c **** }
 221:Generated_Source\PSoC5/HighF_LevelCount.c **** 
 222:Generated_Source\PSoC5/HighF_LevelCount.c **** 
 223:Generated_Source\PSoC5/HighF_LevelCount.c **** /*******************************************************************************
 224:Generated_Source\PSoC5/HighF_LevelCount.c **** * Function Name: HighF_LevelCount_SetInterruptMode
 225:Generated_Source\PSoC5/HighF_LevelCount.c **** ********************************************************************************
 226:Generated_Source\PSoC5/HighF_LevelCount.c **** * Summary:
 227:Generated_Source\PSoC5/HighF_LevelCount.c **** * Configures which interrupt sources are enabled to generate the final interrupt
 228:Generated_Source\PSoC5/HighF_LevelCount.c **** *
 229:Generated_Source\PSoC5/HighF_LevelCount.c **** * Parameters:  
 230:Generated_Source\PSoC5/HighF_LevelCount.c **** *  InterruptsMask: This parameter is an or'd collection of the status bits
 231:Generated_Source\PSoC5/HighF_LevelCount.c **** *                   which will be allowed to generate the counters interrupt.   
 232:Generated_Source\PSoC5/HighF_LevelCount.c **** *
 233:Generated_Source\PSoC5/HighF_LevelCount.c **** * Return: 
 234:Generated_Source\PSoC5/HighF_LevelCount.c **** *  void
 235:Generated_Source\PSoC5/HighF_LevelCount.c **** *
 236:Generated_Source\PSoC5/HighF_LevelCount.c **** *******************************************************************************/
 237:Generated_Source\PSoC5/HighF_LevelCount.c **** void HighF_LevelCount_SetInterruptMode(uint8 interruptsMask) 
 238:Generated_Source\PSoC5/HighF_LevelCount.c **** {
 100              		.loc 1 238 0
 101              		.cfi_startproc
 102              		@ args = 0, pretend = 0, frame = 0
 103              		@ frame_needed = 0, uses_anonymous_args = 0
 104              		@ link register save eliminated.
ARM GAS  C:\Users\sdysart\AppData\Local\Temp\ccItCPax.s 			page 7


 105              	.LVL0:
 239:Generated_Source\PSoC5/HighF_LevelCount.c ****     HighF_LevelCount_STATUS_MASK = interruptsMask;
 106              		.loc 1 239 0
 107 0000 014B     		ldr	r3, .L8
 108 0002 1870     		strb	r0, [r3]
 109 0004 7047     		bx	lr
 110              	.L9:
 111 0006 00BF     		.align	2
 112              	.L8:
 113 0008 034F0040 		.word	1073762051
 114              		.cfi_endproc
 115              	.LFE4:
 116              		.size	HighF_LevelCount_SetInterruptMode, .-HighF_LevelCount_SetInterruptMode
 117              		.section	.text.HighF_LevelCount_ReadStatusRegister,"ax",%progbits
 118              		.align	2
 119              		.global	HighF_LevelCount_ReadStatusRegister
 120              		.thumb
 121              		.thumb_func
 122              		.type	HighF_LevelCount_ReadStatusRegister, %function
 123              	HighF_LevelCount_ReadStatusRegister:
 124              	.LFB5:
 240:Generated_Source\PSoC5/HighF_LevelCount.c **** }
 241:Generated_Source\PSoC5/HighF_LevelCount.c **** 
 242:Generated_Source\PSoC5/HighF_LevelCount.c **** 
 243:Generated_Source\PSoC5/HighF_LevelCount.c **** /*******************************************************************************
 244:Generated_Source\PSoC5/HighF_LevelCount.c **** * Function Name: HighF_LevelCount_ReadStatusRegister
 245:Generated_Source\PSoC5/HighF_LevelCount.c **** ********************************************************************************
 246:Generated_Source\PSoC5/HighF_LevelCount.c **** * Summary:
 247:Generated_Source\PSoC5/HighF_LevelCount.c **** *   Reads the status register and returns it's state. This function should use
 248:Generated_Source\PSoC5/HighF_LevelCount.c **** *       defined types for the bit-field information as the bits in this
 249:Generated_Source\PSoC5/HighF_LevelCount.c **** *       register may be permuteable.
 250:Generated_Source\PSoC5/HighF_LevelCount.c **** *
 251:Generated_Source\PSoC5/HighF_LevelCount.c **** * Parameters:  
 252:Generated_Source\PSoC5/HighF_LevelCount.c **** *  void
 253:Generated_Source\PSoC5/HighF_LevelCount.c **** *
 254:Generated_Source\PSoC5/HighF_LevelCount.c **** * Return: 
 255:Generated_Source\PSoC5/HighF_LevelCount.c **** *  (uint8) The contents of the status register
 256:Generated_Source\PSoC5/HighF_LevelCount.c **** *
 257:Generated_Source\PSoC5/HighF_LevelCount.c **** * Side Effects:
 258:Generated_Source\PSoC5/HighF_LevelCount.c **** *   Status register bits may be clear on read. 
 259:Generated_Source\PSoC5/HighF_LevelCount.c **** *
 260:Generated_Source\PSoC5/HighF_LevelCount.c **** *******************************************************************************/
 261:Generated_Source\PSoC5/HighF_LevelCount.c **** uint8   HighF_LevelCount_ReadStatusRegister(void) 
 262:Generated_Source\PSoC5/HighF_LevelCount.c **** {
 125              		.loc 1 262 0
 126              		.cfi_startproc
 127              		@ args = 0, pretend = 0, frame = 0
 128              		@ frame_needed = 0, uses_anonymous_args = 0
 129              		@ link register save eliminated.
 263:Generated_Source\PSoC5/HighF_LevelCount.c ****     return HighF_LevelCount_STATUS;
 130              		.loc 1 263 0
 131 0000 014B     		ldr	r3, .L11
 132 0002 1878     		ldrb	r0, [r3]	@ zero_extendqisi2
 264:Generated_Source\PSoC5/HighF_LevelCount.c **** }
 133              		.loc 1 264 0
 134 0004 7047     		bx	lr
 135              	.L12:
ARM GAS  C:\Users\sdysart\AppData\Local\Temp\ccItCPax.s 			page 8


 136 0006 00BF     		.align	2
 137              	.L11:
 138 0008 034F0040 		.word	1073762051
 139              		.cfi_endproc
 140              	.LFE5:
 141              		.size	HighF_LevelCount_ReadStatusRegister, .-HighF_LevelCount_ReadStatusRegister
 142              		.section	.text.HighF_LevelCount_ReadControlRegister,"ax",%progbits
 143              		.align	2
 144              		.global	HighF_LevelCount_ReadControlRegister
 145              		.thumb
 146              		.thumb_func
 147              		.type	HighF_LevelCount_ReadControlRegister, %function
 148              	HighF_LevelCount_ReadControlRegister:
 149              	.LFB6:
 265:Generated_Source\PSoC5/HighF_LevelCount.c **** 
 266:Generated_Source\PSoC5/HighF_LevelCount.c **** 
 267:Generated_Source\PSoC5/HighF_LevelCount.c **** #if(!HighF_LevelCount_ControlRegRemoved)
 268:Generated_Source\PSoC5/HighF_LevelCount.c **** /*******************************************************************************
 269:Generated_Source\PSoC5/HighF_LevelCount.c **** * Function Name: HighF_LevelCount_ReadControlRegister
 270:Generated_Source\PSoC5/HighF_LevelCount.c **** ********************************************************************************
 271:Generated_Source\PSoC5/HighF_LevelCount.c **** * Summary:
 272:Generated_Source\PSoC5/HighF_LevelCount.c **** *   Reads the control register and returns it's state. This function should use
 273:Generated_Source\PSoC5/HighF_LevelCount.c **** *       defined types for the bit-field information as the bits in this
 274:Generated_Source\PSoC5/HighF_LevelCount.c **** *       register may be permuteable.
 275:Generated_Source\PSoC5/HighF_LevelCount.c **** *
 276:Generated_Source\PSoC5/HighF_LevelCount.c **** * Parameters:  
 277:Generated_Source\PSoC5/HighF_LevelCount.c **** *  void
 278:Generated_Source\PSoC5/HighF_LevelCount.c **** *
 279:Generated_Source\PSoC5/HighF_LevelCount.c **** * Return: 
 280:Generated_Source\PSoC5/HighF_LevelCount.c **** *  (uint8) The contents of the control register
 281:Generated_Source\PSoC5/HighF_LevelCount.c **** *
 282:Generated_Source\PSoC5/HighF_LevelCount.c **** *******************************************************************************/
 283:Generated_Source\PSoC5/HighF_LevelCount.c **** uint8   HighF_LevelCount_ReadControlRegister(void) 
 284:Generated_Source\PSoC5/HighF_LevelCount.c **** {
 150              		.loc 1 284 0
 151              		.cfi_startproc
 152              		@ args = 0, pretend = 0, frame = 0
 153              		@ frame_needed = 0, uses_anonymous_args = 0
 154              		@ link register save eliminated.
 285:Generated_Source\PSoC5/HighF_LevelCount.c ****     return HighF_LevelCount_CONTROL;
 155              		.loc 1 285 0
 156 0000 014B     		ldr	r3, .L14
 157 0002 1878     		ldrb	r0, [r3]	@ zero_extendqisi2
 286:Generated_Source\PSoC5/HighF_LevelCount.c **** }
 158              		.loc 1 286 0
 159 0004 7047     		bx	lr
 160              	.L15:
 161 0006 00BF     		.align	2
 162              	.L14:
 163 0008 004F0040 		.word	1073762048
 164              		.cfi_endproc
 165              	.LFE6:
 166              		.size	HighF_LevelCount_ReadControlRegister, .-HighF_LevelCount_ReadControlRegister
 167              		.section	.text.HighF_LevelCount_WriteControlRegister,"ax",%progbits
 168              		.align	2
 169              		.global	HighF_LevelCount_WriteControlRegister
 170              		.thumb
ARM GAS  C:\Users\sdysart\AppData\Local\Temp\ccItCPax.s 			page 9


 171              		.thumb_func
 172              		.type	HighF_LevelCount_WriteControlRegister, %function
 173              	HighF_LevelCount_WriteControlRegister:
 174              	.LFB7:
 287:Generated_Source\PSoC5/HighF_LevelCount.c **** 
 288:Generated_Source\PSoC5/HighF_LevelCount.c **** 
 289:Generated_Source\PSoC5/HighF_LevelCount.c **** /*******************************************************************************
 290:Generated_Source\PSoC5/HighF_LevelCount.c **** * Function Name: HighF_LevelCount_WriteControlRegister
 291:Generated_Source\PSoC5/HighF_LevelCount.c **** ********************************************************************************
 292:Generated_Source\PSoC5/HighF_LevelCount.c **** * Summary:
 293:Generated_Source\PSoC5/HighF_LevelCount.c **** *   Sets the bit-field of the control register.  This function should use
 294:Generated_Source\PSoC5/HighF_LevelCount.c **** *       defined types for the bit-field information as the bits in this
 295:Generated_Source\PSoC5/HighF_LevelCount.c **** *       register may be permuteable.
 296:Generated_Source\PSoC5/HighF_LevelCount.c **** *
 297:Generated_Source\PSoC5/HighF_LevelCount.c **** * Parameters:  
 298:Generated_Source\PSoC5/HighF_LevelCount.c **** *  void
 299:Generated_Source\PSoC5/HighF_LevelCount.c **** *
 300:Generated_Source\PSoC5/HighF_LevelCount.c **** * Return: 
 301:Generated_Source\PSoC5/HighF_LevelCount.c **** *  (uint8) The contents of the control register
 302:Generated_Source\PSoC5/HighF_LevelCount.c **** *
 303:Generated_Source\PSoC5/HighF_LevelCount.c **** *******************************************************************************/
 304:Generated_Source\PSoC5/HighF_LevelCount.c **** void    HighF_LevelCount_WriteControlRegister(uint8 control) 
 305:Generated_Source\PSoC5/HighF_LevelCount.c **** {
 175              		.loc 1 305 0
 176              		.cfi_startproc
 177              		@ args = 0, pretend = 0, frame = 0
 178              		@ frame_needed = 0, uses_anonymous_args = 0
 179              		@ link register save eliminated.
 180              	.LVL1:
 306:Generated_Source\PSoC5/HighF_LevelCount.c ****     HighF_LevelCount_CONTROL = control;
 181              		.loc 1 306 0
 182 0000 014B     		ldr	r3, .L17
 183 0002 1870     		strb	r0, [r3]
 184 0004 7047     		bx	lr
 185              	.L18:
 186 0006 00BF     		.align	2
 187              	.L17:
 188 0008 004F0040 		.word	1073762048
 189              		.cfi_endproc
 190              	.LFE7:
 191              		.size	HighF_LevelCount_WriteControlRegister, .-HighF_LevelCount_WriteControlRegister
 192              		.section	.text.HighF_LevelCount_WriteCounter,"ax",%progbits
 193              		.align	2
 194              		.global	HighF_LevelCount_WriteCounter
 195              		.thumb
 196              		.thumb_func
 197              		.type	HighF_LevelCount_WriteCounter, %function
 198              	HighF_LevelCount_WriteCounter:
 199              	.LFB8:
 307:Generated_Source\PSoC5/HighF_LevelCount.c **** }
 308:Generated_Source\PSoC5/HighF_LevelCount.c **** 
 309:Generated_Source\PSoC5/HighF_LevelCount.c **** #endif  /* (!HighF_LevelCount_ControlRegRemoved) */
 310:Generated_Source\PSoC5/HighF_LevelCount.c **** 
 311:Generated_Source\PSoC5/HighF_LevelCount.c **** 
 312:Generated_Source\PSoC5/HighF_LevelCount.c **** #if (!(HighF_LevelCount_UsingFixedFunction && (CY_PSOC5A)))
 313:Generated_Source\PSoC5/HighF_LevelCount.c **** /*******************************************************************************
 314:Generated_Source\PSoC5/HighF_LevelCount.c **** * Function Name: HighF_LevelCount_WriteCounter
ARM GAS  C:\Users\sdysart\AppData\Local\Temp\ccItCPax.s 			page 10


 315:Generated_Source\PSoC5/HighF_LevelCount.c **** ********************************************************************************
 316:Generated_Source\PSoC5/HighF_LevelCount.c **** * Summary:
 317:Generated_Source\PSoC5/HighF_LevelCount.c **** *   This funtion is used to set the counter to a specific value
 318:Generated_Source\PSoC5/HighF_LevelCount.c **** *
 319:Generated_Source\PSoC5/HighF_LevelCount.c **** * Parameters:  
 320:Generated_Source\PSoC5/HighF_LevelCount.c **** *  counter:  New counter value. 
 321:Generated_Source\PSoC5/HighF_LevelCount.c **** *
 322:Generated_Source\PSoC5/HighF_LevelCount.c **** * Return: 
 323:Generated_Source\PSoC5/HighF_LevelCount.c **** *  void 
 324:Generated_Source\PSoC5/HighF_LevelCount.c **** *
 325:Generated_Source\PSoC5/HighF_LevelCount.c **** *******************************************************************************/
 326:Generated_Source\PSoC5/HighF_LevelCount.c **** void HighF_LevelCount_WriteCounter(uint16 counter) \
 327:Generated_Source\PSoC5/HighF_LevelCount.c ****                                    
 328:Generated_Source\PSoC5/HighF_LevelCount.c **** {
 200              		.loc 1 328 0
 201              		.cfi_startproc
 202              		@ args = 0, pretend = 0, frame = 0
 203              		@ frame_needed = 0, uses_anonymous_args = 0
 204              	.LVL2:
 205 0000 10B5     		push	{r4, lr}
 206              		.cfi_def_cfa_offset 8
 207              		.cfi_offset 4, -8
 208              		.cfi_offset 14, -4
 209 0002 0446     		mov	r4, r0
 329:Generated_Source\PSoC5/HighF_LevelCount.c ****     #if(HighF_LevelCount_UsingFixedFunction)
 330:Generated_Source\PSoC5/HighF_LevelCount.c ****         /* assert if block is already enabled */
 331:Generated_Source\PSoC5/HighF_LevelCount.c ****         CYASSERT (0u == (HighF_LevelCount_GLOBAL_ENABLE & HighF_LevelCount_BLOCK_EN_MASK));
 210              		.loc 1 331 0
 211 0004 094B     		ldr	r3, .L22
 212 0006 1B78     		ldrb	r3, [r3]	@ zero_extendqisi2
 213 0008 13F0010F 		tst	r3, #1
 214 000c 02D0     		beq	.L20
 215              		.loc 1 331 0 is_stmt 0 discriminator 1
 216 000e 0020     		movs	r0, #0
 217              	.LVL3:
 218 0010 FFF7FEFF 		bl	CyHalt
 219              	.LVL4:
 220              	.L20:
 332:Generated_Source\PSoC5/HighF_LevelCount.c ****         /* If block is disabled, enable it and then write the counter */
 333:Generated_Source\PSoC5/HighF_LevelCount.c ****         HighF_LevelCount_GLOBAL_ENABLE |= HighF_LevelCount_BLOCK_EN_MASK;
 221              		.loc 1 333 0 is_stmt 1
 222 0014 054B     		ldr	r3, .L22
 223 0016 1A78     		ldrb	r2, [r3]	@ zero_extendqisi2
 224 0018 42F00102 		orr	r2, r2, #1
 225 001c 1A70     		strb	r2, [r3]
 334:Generated_Source\PSoC5/HighF_LevelCount.c ****         CY_SET_REG16(HighF_LevelCount_COUNTER_LSB_PTR, (uint16)counter);
 226              		.loc 1 334 0
 227 001e 044A     		ldr	r2, .L22+4
 228 0020 1480     		strh	r4, [r2]	@ movhi
 335:Generated_Source\PSoC5/HighF_LevelCount.c ****         HighF_LevelCount_GLOBAL_ENABLE &= ((uint8)(~HighF_LevelCount_BLOCK_EN_MASK));
 229              		.loc 1 335 0
 230 0022 1A78     		ldrb	r2, [r3]	@ zero_extendqisi2
 231 0024 02F0FE02 		and	r2, r2, #254
 232 0028 1A70     		strb	r2, [r3]
 233 002a 10BD     		pop	{r4, pc}
 234              	.L23:
 235              		.align	2
ARM GAS  C:\Users\sdysart\AppData\Local\Temp\ccItCPax.s 			page 11


 236              	.L22:
 237 002c A3430040 		.word	1073759139
 238 0030 064F0040 		.word	1073762054
 239              		.cfi_endproc
 240              	.LFE8:
 241              		.size	HighF_LevelCount_WriteCounter, .-HighF_LevelCount_WriteCounter
 242              		.section	.text.HighF_LevelCount_ReadCounter,"ax",%progbits
 243              		.align	2
 244              		.global	HighF_LevelCount_ReadCounter
 245              		.thumb
 246              		.thumb_func
 247              		.type	HighF_LevelCount_ReadCounter, %function
 248              	HighF_LevelCount_ReadCounter:
 249              	.LFB9:
 336:Generated_Source\PSoC5/HighF_LevelCount.c ****     #else
 337:Generated_Source\PSoC5/HighF_LevelCount.c ****         CY_SET_REG16(HighF_LevelCount_COUNTER_LSB_PTR, counter);
 338:Generated_Source\PSoC5/HighF_LevelCount.c ****     #endif /* (HighF_LevelCount_UsingFixedFunction) */
 339:Generated_Source\PSoC5/HighF_LevelCount.c **** }
 340:Generated_Source\PSoC5/HighF_LevelCount.c **** #endif /* (!(HighF_LevelCount_UsingFixedFunction && (CY_PSOC5A))) */
 341:Generated_Source\PSoC5/HighF_LevelCount.c **** 
 342:Generated_Source\PSoC5/HighF_LevelCount.c **** 
 343:Generated_Source\PSoC5/HighF_LevelCount.c **** /*******************************************************************************
 344:Generated_Source\PSoC5/HighF_LevelCount.c **** * Function Name: HighF_LevelCount_ReadCounter
 345:Generated_Source\PSoC5/HighF_LevelCount.c **** ********************************************************************************
 346:Generated_Source\PSoC5/HighF_LevelCount.c **** * Summary:
 347:Generated_Source\PSoC5/HighF_LevelCount.c **** * Returns the current value of the counter.  It doesn't matter
 348:Generated_Source\PSoC5/HighF_LevelCount.c **** * if the counter is enabled or running.
 349:Generated_Source\PSoC5/HighF_LevelCount.c **** *
 350:Generated_Source\PSoC5/HighF_LevelCount.c **** * Parameters:  
 351:Generated_Source\PSoC5/HighF_LevelCount.c **** *  void:  
 352:Generated_Source\PSoC5/HighF_LevelCount.c **** *
 353:Generated_Source\PSoC5/HighF_LevelCount.c **** * Return: 
 354:Generated_Source\PSoC5/HighF_LevelCount.c **** *  (uint16) The present value of the counter.
 355:Generated_Source\PSoC5/HighF_LevelCount.c **** *
 356:Generated_Source\PSoC5/HighF_LevelCount.c **** *******************************************************************************/
 357:Generated_Source\PSoC5/HighF_LevelCount.c **** uint16 HighF_LevelCount_ReadCounter(void) 
 358:Generated_Source\PSoC5/HighF_LevelCount.c **** {
 250              		.loc 1 358 0
 251              		.cfi_startproc
 252              		@ args = 0, pretend = 0, frame = 0
 253              		@ frame_needed = 0, uses_anonymous_args = 0
 254              		@ link register save eliminated.
 359:Generated_Source\PSoC5/HighF_LevelCount.c ****     /* Force capture by reading Accumulator */
 360:Generated_Source\PSoC5/HighF_LevelCount.c ****     /* Must first do a software capture to be able to read the counter */
 361:Generated_Source\PSoC5/HighF_LevelCount.c ****     /* It is up to the user code to make sure there isn't already captured data in the FIFO */
 362:Generated_Source\PSoC5/HighF_LevelCount.c ****     #if(HighF_LevelCount_UsingFixedFunction)
 363:Generated_Source\PSoC5/HighF_LevelCount.c **** 		(void)CY_GET_REG16(HighF_LevelCount_COUNTER_LSB_PTR);
 255              		.loc 1 363 0
 256 0000 024B     		ldr	r3, .L25
 257 0002 1B88     		ldrh	r3, [r3]
 364:Generated_Source\PSoC5/HighF_LevelCount.c **** 	#else
 365:Generated_Source\PSoC5/HighF_LevelCount.c **** 		(void)CY_GET_REG8(HighF_LevelCount_COUNTER_LSB_PTR_8BIT);
 366:Generated_Source\PSoC5/HighF_LevelCount.c **** 	#endif/* (HighF_LevelCount_UsingFixedFunction) */
 367:Generated_Source\PSoC5/HighF_LevelCount.c ****     
 368:Generated_Source\PSoC5/HighF_LevelCount.c ****     /* Read the data from the FIFO (or capture register for Fixed Function)*/
 369:Generated_Source\PSoC5/HighF_LevelCount.c ****     #if(HighF_LevelCount_UsingFixedFunction)
 370:Generated_Source\PSoC5/HighF_LevelCount.c ****         return ((uint16)CY_GET_REG16(HighF_LevelCount_STATICCOUNT_LSB_PTR));
ARM GAS  C:\Users\sdysart\AppData\Local\Temp\ccItCPax.s 			page 12


 258              		.loc 1 370 0
 259 0004 024B     		ldr	r3, .L25+4
 260 0006 1888     		ldrh	r0, [r3]
 371:Generated_Source\PSoC5/HighF_LevelCount.c ****     #else
 372:Generated_Source\PSoC5/HighF_LevelCount.c ****         return (CY_GET_REG16(HighF_LevelCount_STATICCOUNT_LSB_PTR));
 373:Generated_Source\PSoC5/HighF_LevelCount.c ****     #endif /* (HighF_LevelCount_UsingFixedFunction) */
 374:Generated_Source\PSoC5/HighF_LevelCount.c **** }
 261              		.loc 1 374 0
 262 0008 80B2     		uxth	r0, r0
 263 000a 7047     		bx	lr
 264              	.L26:
 265              		.align	2
 266              	.L25:
 267 000c 064F0040 		.word	1073762054
 268 0010 084F0040 		.word	1073762056
 269              		.cfi_endproc
 270              	.LFE9:
 271              		.size	HighF_LevelCount_ReadCounter, .-HighF_LevelCount_ReadCounter
 272              		.section	.text.HighF_LevelCount_ReadCapture,"ax",%progbits
 273              		.align	2
 274              		.global	HighF_LevelCount_ReadCapture
 275              		.thumb
 276              		.thumb_func
 277              		.type	HighF_LevelCount_ReadCapture, %function
 278              	HighF_LevelCount_ReadCapture:
 279              	.LFB10:
 375:Generated_Source\PSoC5/HighF_LevelCount.c **** 
 376:Generated_Source\PSoC5/HighF_LevelCount.c **** 
 377:Generated_Source\PSoC5/HighF_LevelCount.c **** /*******************************************************************************
 378:Generated_Source\PSoC5/HighF_LevelCount.c **** * Function Name: HighF_LevelCount_ReadCapture
 379:Generated_Source\PSoC5/HighF_LevelCount.c **** ********************************************************************************
 380:Generated_Source\PSoC5/HighF_LevelCount.c **** * Summary:
 381:Generated_Source\PSoC5/HighF_LevelCount.c **** *   This function returns the last value captured.
 382:Generated_Source\PSoC5/HighF_LevelCount.c **** *
 383:Generated_Source\PSoC5/HighF_LevelCount.c **** * Parameters:  
 384:Generated_Source\PSoC5/HighF_LevelCount.c **** *  void
 385:Generated_Source\PSoC5/HighF_LevelCount.c **** *
 386:Generated_Source\PSoC5/HighF_LevelCount.c **** * Return: 
 387:Generated_Source\PSoC5/HighF_LevelCount.c **** *  (uint16) Present Capture value.
 388:Generated_Source\PSoC5/HighF_LevelCount.c **** *
 389:Generated_Source\PSoC5/HighF_LevelCount.c **** *******************************************************************************/
 390:Generated_Source\PSoC5/HighF_LevelCount.c **** uint16 HighF_LevelCount_ReadCapture(void) 
 391:Generated_Source\PSoC5/HighF_LevelCount.c **** {
 280              		.loc 1 391 0
 281              		.cfi_startproc
 282              		@ args = 0, pretend = 0, frame = 0
 283              		@ frame_needed = 0, uses_anonymous_args = 0
 284              		@ link register save eliminated.
 392:Generated_Source\PSoC5/HighF_LevelCount.c ****     #if(HighF_LevelCount_UsingFixedFunction)
 393:Generated_Source\PSoC5/HighF_LevelCount.c ****         return ((uint16)CY_GET_REG16(HighF_LevelCount_STATICCOUNT_LSB_PTR));
 285              		.loc 1 393 0
 286 0000 014B     		ldr	r3, .L28
 287 0002 1888     		ldrh	r0, [r3]
 394:Generated_Source\PSoC5/HighF_LevelCount.c ****     #else
 395:Generated_Source\PSoC5/HighF_LevelCount.c ****         return (CY_GET_REG16(HighF_LevelCount_STATICCOUNT_LSB_PTR));
 396:Generated_Source\PSoC5/HighF_LevelCount.c ****     #endif /* (HighF_LevelCount_UsingFixedFunction) */
 397:Generated_Source\PSoC5/HighF_LevelCount.c **** }
ARM GAS  C:\Users\sdysart\AppData\Local\Temp\ccItCPax.s 			page 13


 288              		.loc 1 397 0
 289 0004 80B2     		uxth	r0, r0
 290 0006 7047     		bx	lr
 291              	.L29:
 292              		.align	2
 293              	.L28:
 294 0008 084F0040 		.word	1073762056
 295              		.cfi_endproc
 296              	.LFE10:
 297              		.size	HighF_LevelCount_ReadCapture, .-HighF_LevelCount_ReadCapture
 298              		.section	.text.HighF_LevelCount_WritePeriod,"ax",%progbits
 299              		.align	2
 300              		.global	HighF_LevelCount_WritePeriod
 301              		.thumb
 302              		.thumb_func
 303              		.type	HighF_LevelCount_WritePeriod, %function
 304              	HighF_LevelCount_WritePeriod:
 305              	.LFB11:
 398:Generated_Source\PSoC5/HighF_LevelCount.c **** 
 399:Generated_Source\PSoC5/HighF_LevelCount.c **** 
 400:Generated_Source\PSoC5/HighF_LevelCount.c **** /*******************************************************************************
 401:Generated_Source\PSoC5/HighF_LevelCount.c **** * Function Name: HighF_LevelCount_WritePeriod
 402:Generated_Source\PSoC5/HighF_LevelCount.c **** ********************************************************************************
 403:Generated_Source\PSoC5/HighF_LevelCount.c **** * Summary:
 404:Generated_Source\PSoC5/HighF_LevelCount.c **** * Changes the period of the counter.  The new period 
 405:Generated_Source\PSoC5/HighF_LevelCount.c **** * will be loaded the next time terminal count is detected.
 406:Generated_Source\PSoC5/HighF_LevelCount.c **** *
 407:Generated_Source\PSoC5/HighF_LevelCount.c **** * Parameters:  
 408:Generated_Source\PSoC5/HighF_LevelCount.c **** *  period: (uint16) A value of 0 will result in
 409:Generated_Source\PSoC5/HighF_LevelCount.c **** *         the counter remaining at zero.  
 410:Generated_Source\PSoC5/HighF_LevelCount.c **** *
 411:Generated_Source\PSoC5/HighF_LevelCount.c **** * Return: 
 412:Generated_Source\PSoC5/HighF_LevelCount.c **** *  void
 413:Generated_Source\PSoC5/HighF_LevelCount.c **** *
 414:Generated_Source\PSoC5/HighF_LevelCount.c **** *******************************************************************************/
 415:Generated_Source\PSoC5/HighF_LevelCount.c **** void HighF_LevelCount_WritePeriod(uint16 period) 
 416:Generated_Source\PSoC5/HighF_LevelCount.c **** {
 306              		.loc 1 416 0
 307              		.cfi_startproc
 308              		@ args = 0, pretend = 0, frame = 0
 309              		@ frame_needed = 0, uses_anonymous_args = 0
 310              		@ link register save eliminated.
 311              	.LVL5:
 417:Generated_Source\PSoC5/HighF_LevelCount.c ****     #if(HighF_LevelCount_UsingFixedFunction)
 418:Generated_Source\PSoC5/HighF_LevelCount.c ****         CY_SET_REG16(HighF_LevelCount_PERIOD_LSB_PTR,(uint16)period);
 312              		.loc 1 418 0
 313 0000 014B     		ldr	r3, .L31
 314 0002 1880     		strh	r0, [r3]	@ movhi
 315 0004 7047     		bx	lr
 316              	.L32:
 317 0006 00BF     		.align	2
 318              	.L31:
 319 0008 044F0040 		.word	1073762052
 320              		.cfi_endproc
 321              	.LFE11:
 322              		.size	HighF_LevelCount_WritePeriod, .-HighF_LevelCount_WritePeriod
 323              		.section	.text.HighF_LevelCount_Init,"ax",%progbits
ARM GAS  C:\Users\sdysart\AppData\Local\Temp\ccItCPax.s 			page 14


 324              		.align	2
 325              		.global	HighF_LevelCount_Init
 326              		.thumb
 327              		.thumb_func
 328              		.type	HighF_LevelCount_Init, %function
 329              	HighF_LevelCount_Init:
 330              	.LFB0:
  38:Generated_Source\PSoC5/HighF_LevelCount.c ****         #if (!HighF_LevelCount_UsingFixedFunction && !HighF_LevelCount_ControlRegRemoved)
 331              		.loc 1 38 0
 332              		.cfi_startproc
 333              		@ args = 0, pretend = 0, frame = 0
 334              		@ frame_needed = 0, uses_anonymous_args = 0
 335 0000 08B5     		push	{r3, lr}
 336              		.cfi_def_cfa_offset 8
 337              		.cfi_offset 3, -8
 338              		.cfi_offset 14, -4
  50:Generated_Source\PSoC5/HighF_LevelCount.c ****             
 339              		.loc 1 50 0
 340 0002 154A     		ldr	r2, .L35
 341 0004 1378     		ldrb	r3, [r2]	@ zero_extendqisi2
 342 0006 03F00103 		and	r3, r3, #1
 343 000a 1370     		strb	r3, [r2]
  57:Generated_Source\PSoC5/HighF_LevelCount.c ****             #endif /* (CY_PSOC3 || CY_PSOC5LP) */
 344              		.loc 1 57 0
 345 000c 0232     		adds	r2, r2, #2
 346 000e 1378     		ldrb	r3, [r2]	@ zero_extendqisi2
 347 0010 03F0FC03 		and	r3, r3, #252
 348 0014 1370     		strb	r3, [r2]
  66:Generated_Source\PSoC5/HighF_LevelCount.c ****             
 349              		.loc 1 66 0
 350 0016 013A     		subs	r2, r2, #1
 351 0018 1378     		ldrb	r3, [r2]	@ zero_extendqisi2
 352 001a 43F00103 		orr	r3, r3, #1
 353 001e 1370     		strb	r3, [r2]
  69:Generated_Source\PSoC5/HighF_LevelCount.c ****             HighF_LevelCount_RT1 |= HighF_LevelCount_SYNC;     
 354              		.loc 1 69 0
 355 0020 0E4B     		ldr	r3, .L35+4
 356 0022 1A78     		ldrb	r2, [r3]	@ zero_extendqisi2
 357 0024 02F0CF02 		and	r2, r2, #207
 358 0028 1A70     		strb	r2, [r3]
  70:Generated_Source\PSoC5/HighF_LevelCount.c ****                     
 359              		.loc 1 70 0
 360 002a 1A78     		ldrb	r2, [r3]	@ zero_extendqisi2
 361 002c 42F03002 		orr	r2, r2, #48
 362 0030 1A70     		strb	r2, [r3]
  73:Generated_Source\PSoC5/HighF_LevelCount.c ****             HighF_LevelCount_RT1 |= HighF_LevelCount_SYNCDSI_EN;
 363              		.loc 1 73 0
 364 0032 1A78     		ldrb	r2, [r3]	@ zero_extendqisi2
 365 0034 02F0F002 		and	r2, r2, #240
 366 0038 1A70     		strb	r2, [r3]
  74:Generated_Source\PSoC5/HighF_LevelCount.c **** 
 367              		.loc 1 74 0
 368 003a 1A78     		ldrb	r2, [r3]	@ zero_extendqisi2
 369 003c 42F00F02 		orr	r2, r2, #15
 370 0040 1A70     		strb	r2, [r3]
 100:Generated_Source\PSoC5/HighF_LevelCount.c ****         #if (!(HighF_LevelCount_UsingFixedFunction && (CY_PSOC5A)))
 371              		.loc 1 100 0
ARM GAS  C:\Users\sdysart\AppData\Local\Temp\ccItCPax.s 			page 15


 372 0042 FF20     		movs	r0, #255
 373 0044 FFF7FEFF 		bl	HighF_LevelCount_WritePeriod
 374              	.LVL6:
 102:Generated_Source\PSoC5/HighF_LevelCount.c ****         #endif /* (!(HighF_LevelCount_UsingFixedFunction && (CY_PSOC5A))) */
 375              		.loc 1 102 0
 376 0048 FF20     		movs	r0, #255
 377 004a FFF7FEFF 		bl	HighF_LevelCount_WriteCounter
 378              	.LVL7:
 104:Generated_Source\PSoC5/HighF_LevelCount.c ****         
 379              		.loc 1 104 0
 380 004e 0020     		movs	r0, #0
 381 0050 FFF7FEFF 		bl	HighF_LevelCount_SetInterruptMode
 382              	.LVL8:
 383 0054 08BD     		pop	{r3, pc}
 384              	.L36:
 385 0056 00BF     		.align	2
 386              	.L35:
 387 0058 004F0040 		.word	1073762048
 388 005c 0B4F0040 		.word	1073762059
 389              		.cfi_endproc
 390              	.LFE0:
 391              		.size	HighF_LevelCount_Init, .-HighF_LevelCount_Init
 392              		.section	.text.HighF_LevelCount_Start,"ax",%progbits
 393              		.align	2
 394              		.global	HighF_LevelCount_Start
 395              		.thumb
 396              		.thumb_func
 397              		.type	HighF_LevelCount_Start, %function
 398              	HighF_LevelCount_Start:
 399              	.LFB2:
 179:Generated_Source\PSoC5/HighF_LevelCount.c ****     if(HighF_LevelCount_initVar == 0u)
 400              		.loc 1 179 0
 401              		.cfi_startproc
 402              		@ args = 0, pretend = 0, frame = 0
 403              		@ frame_needed = 0, uses_anonymous_args = 0
 404 0000 08B5     		push	{r3, lr}
 405              		.cfi_def_cfa_offset 8
 406              		.cfi_offset 3, -8
 407              		.cfi_offset 14, -4
 180:Generated_Source\PSoC5/HighF_LevelCount.c ****     {
 408              		.loc 1 180 0
 409 0002 054B     		ldr	r3, .L40
 410 0004 1B78     		ldrb	r3, [r3]	@ zero_extendqisi2
 411 0006 23B9     		cbnz	r3, .L38
 182:Generated_Source\PSoC5/HighF_LevelCount.c ****         
 412              		.loc 1 182 0
 413 0008 FFF7FEFF 		bl	HighF_LevelCount_Init
 414              	.LVL9:
 184:Generated_Source\PSoC5/HighF_LevelCount.c ****     }
 415              		.loc 1 184 0
 416 000c 0122     		movs	r2, #1
 417 000e 024B     		ldr	r3, .L40
 418 0010 1A70     		strb	r2, [r3]
 419              	.L38:
 188:Generated_Source\PSoC5/HighF_LevelCount.c **** }
 420              		.loc 1 188 0
 421 0012 FFF7FEFF 		bl	HighF_LevelCount_Enable
ARM GAS  C:\Users\sdysart\AppData\Local\Temp\ccItCPax.s 			page 16


 422              	.LVL10:
 423 0016 08BD     		pop	{r3, pc}
 424              	.L41:
 425              		.align	2
 426              	.L40:
 427 0018 00000000 		.word	.LANCHOR0
 428              		.cfi_endproc
 429              	.LFE2:
 430              		.size	HighF_LevelCount_Start, .-HighF_LevelCount_Start
 431              		.section	.text.HighF_LevelCount_ReadPeriod,"ax",%progbits
 432              		.align	2
 433              		.global	HighF_LevelCount_ReadPeriod
 434              		.thumb
 435              		.thumb_func
 436              		.type	HighF_LevelCount_ReadPeriod, %function
 437              	HighF_LevelCount_ReadPeriod:
 438              	.LFB12:
 419:Generated_Source\PSoC5/HighF_LevelCount.c ****     #else
 420:Generated_Source\PSoC5/HighF_LevelCount.c ****         CY_SET_REG16(HighF_LevelCount_PERIOD_LSB_PTR, period);
 421:Generated_Source\PSoC5/HighF_LevelCount.c ****     #endif /* (HighF_LevelCount_UsingFixedFunction) */
 422:Generated_Source\PSoC5/HighF_LevelCount.c **** }
 423:Generated_Source\PSoC5/HighF_LevelCount.c **** 
 424:Generated_Source\PSoC5/HighF_LevelCount.c **** 
 425:Generated_Source\PSoC5/HighF_LevelCount.c **** /*******************************************************************************
 426:Generated_Source\PSoC5/HighF_LevelCount.c **** * Function Name: HighF_LevelCount_ReadPeriod
 427:Generated_Source\PSoC5/HighF_LevelCount.c **** ********************************************************************************
 428:Generated_Source\PSoC5/HighF_LevelCount.c **** * Summary:
 429:Generated_Source\PSoC5/HighF_LevelCount.c **** * Reads the current period value without affecting counter operation.
 430:Generated_Source\PSoC5/HighF_LevelCount.c **** *
 431:Generated_Source\PSoC5/HighF_LevelCount.c **** * Parameters:  
 432:Generated_Source\PSoC5/HighF_LevelCount.c **** *  void:  
 433:Generated_Source\PSoC5/HighF_LevelCount.c **** *
 434:Generated_Source\PSoC5/HighF_LevelCount.c **** * Return: 
 435:Generated_Source\PSoC5/HighF_LevelCount.c **** *  (uint16) Present period value.
 436:Generated_Source\PSoC5/HighF_LevelCount.c **** *
 437:Generated_Source\PSoC5/HighF_LevelCount.c **** *******************************************************************************/
 438:Generated_Source\PSoC5/HighF_LevelCount.c **** uint16 HighF_LevelCount_ReadPeriod(void) 
 439:Generated_Source\PSoC5/HighF_LevelCount.c **** {
 439              		.loc 1 439 0
 440              		.cfi_startproc
 441              		@ args = 0, pretend = 0, frame = 0
 442              		@ frame_needed = 0, uses_anonymous_args = 0
 443              		@ link register save eliminated.
 440:Generated_Source\PSoC5/HighF_LevelCount.c ****     #if(HighF_LevelCount_UsingFixedFunction)
 441:Generated_Source\PSoC5/HighF_LevelCount.c ****         return ((uint16)CY_GET_REG16(HighF_LevelCount_PERIOD_LSB_PTR));
 444              		.loc 1 441 0
 445 0000 014B     		ldr	r3, .L43
 446 0002 1888     		ldrh	r0, [r3]
 442:Generated_Source\PSoC5/HighF_LevelCount.c ****     #else
 443:Generated_Source\PSoC5/HighF_LevelCount.c ****         return (CY_GET_REG16(HighF_LevelCount_PERIOD_LSB_PTR));
 444:Generated_Source\PSoC5/HighF_LevelCount.c ****     #endif /* (HighF_LevelCount_UsingFixedFunction) */
 445:Generated_Source\PSoC5/HighF_LevelCount.c **** }
 447              		.loc 1 445 0
 448 0004 80B2     		uxth	r0, r0
 449 0006 7047     		bx	lr
 450              	.L44:
 451              		.align	2
ARM GAS  C:\Users\sdysart\AppData\Local\Temp\ccItCPax.s 			page 17


 452              	.L43:
 453 0008 044F0040 		.word	1073762052
 454              		.cfi_endproc
 455              	.LFE12:
 456              		.size	HighF_LevelCount_ReadPeriod, .-HighF_LevelCount_ReadPeriod
 457              		.global	HighF_LevelCount_initVar
 458              		.bss
 459              		.set	.LANCHOR0,. + 0
 460              		.type	HighF_LevelCount_initVar, %object
 461              		.size	HighF_LevelCount_initVar, 1
 462              	HighF_LevelCount_initVar:
 463 0000 00       		.space	1
 464              		.text
 465              	.Letext0:
 466              		.file 2 "Generated_Source\\PSoC5\\cytypes.h"
 467              		.file 3 "Generated_Source\\PSoC5\\CyLib.h"
 468              		.section	.debug_info,"",%progbits
 469              	.Ldebug_info0:
 470 0000 89020000 		.4byte	0x289
 471 0004 0400     		.2byte	0x4
 472 0006 00000000 		.4byte	.Ldebug_abbrev0
 473 000a 04       		.byte	0x4
 474 000b 01       		.uleb128 0x1
 475 000c D9000000 		.4byte	.LASF35
 476 0010 0C       		.byte	0xc
 477 0011 49030000 		.4byte	.LASF36
 478 0015 6C010000 		.4byte	.LASF37
 479 0019 00000000 		.4byte	.Ldebug_ranges0+0
 480 001d 00000000 		.4byte	0
 481 0021 00000000 		.4byte	.Ldebug_line0
 482 0025 02       		.uleb128 0x2
 483 0026 01       		.byte	0x1
 484 0027 06       		.byte	0x6
 485 0028 26030000 		.4byte	.LASF0
 486 002c 02       		.uleb128 0x2
 487 002d 01       		.byte	0x1
 488 002e 08       		.byte	0x8
 489 002f CB000000 		.4byte	.LASF1
 490 0033 02       		.uleb128 0x2
 491 0034 02       		.byte	0x2
 492 0035 05       		.byte	0x5
 493 0036 FA020000 		.4byte	.LASF2
 494 003a 02       		.uleb128 0x2
 495 003b 02       		.byte	0x2
 496 003c 07       		.byte	0x7
 497 003d 33000000 		.4byte	.LASF3
 498 0041 02       		.uleb128 0x2
 499 0042 04       		.byte	0x4
 500 0043 05       		.byte	0x5
 501 0044 2A000000 		.4byte	.LASF4
 502 0048 02       		.uleb128 0x2
 503 0049 04       		.byte	0x4
 504 004a 07       		.byte	0x7
 505 004b A1010000 		.4byte	.LASF5
 506 004f 02       		.uleb128 0x2
 507 0050 08       		.byte	0x8
 508 0051 05       		.byte	0x5
ARM GAS  C:\Users\sdysart\AppData\Local\Temp\ccItCPax.s 			page 18


 509 0052 CA020000 		.4byte	.LASF6
 510 0056 02       		.uleb128 0x2
 511 0057 08       		.byte	0x8
 512 0058 07       		.byte	0x7
 513 0059 A3020000 		.4byte	.LASF7
 514 005d 03       		.uleb128 0x3
 515 005e 04       		.byte	0x4
 516 005f 05       		.byte	0x5
 517 0060 696E7400 		.ascii	"int\000"
 518 0064 02       		.uleb128 0x2
 519 0065 04       		.byte	0x4
 520 0066 07       		.byte	0x7
 521 0067 96020000 		.4byte	.LASF8
 522 006b 04       		.uleb128 0x4
 523 006c B3010000 		.4byte	.LASF9
 524 0070 02       		.byte	0x2
 525 0071 9201     		.2byte	0x192
 526 0073 2C000000 		.4byte	0x2c
 527 0077 04       		.uleb128 0x4
 528 0078 8F020000 		.4byte	.LASF10
 529 007c 02       		.byte	0x2
 530 007d 9301     		.2byte	0x193
 531 007f 3A000000 		.4byte	0x3a
 532 0083 02       		.uleb128 0x2
 533 0084 04       		.byte	0x4
 534 0085 04       		.byte	0x4
 535 0086 97000000 		.4byte	.LASF11
 536 008a 02       		.uleb128 0x2
 537 008b 08       		.byte	0x8
 538 008c 04       		.byte	0x4
 539 008d 16020000 		.4byte	.LASF12
 540 0091 02       		.uleb128 0x2
 541 0092 01       		.byte	0x1
 542 0093 08       		.byte	0x8
 543 0094 F5020000 		.4byte	.LASF13
 544 0098 04       		.uleb128 0x4
 545 0099 67010000 		.4byte	.LASF14
 546 009d 02       		.byte	0x2
 547 009e 3C02     		.2byte	0x23c
 548 00a0 A4000000 		.4byte	0xa4
 549 00a4 05       		.uleb128 0x5
 550 00a5 6B000000 		.4byte	0x6b
 551 00a9 04       		.uleb128 0x4
 552 00aa 00000000 		.4byte	.LASF15
 553 00ae 02       		.byte	0x2
 554 00af 3D02     		.2byte	0x23d
 555 00b1 B5000000 		.4byte	0xb5
 556 00b5 05       		.uleb128 0x5
 557 00b6 77000000 		.4byte	0x77
 558 00ba 02       		.uleb128 0x2
 559 00bb 08       		.byte	0x8
 560 00bc 04       		.byte	0x4
 561 00bd 1A030000 		.4byte	.LASF16
 562 00c1 02       		.uleb128 0x2
 563 00c2 04       		.byte	0x4
 564 00c3 07       		.byte	0x7
 565 00c4 C1020000 		.4byte	.LASF17
ARM GAS  C:\Users\sdysart\AppData\Local\Temp\ccItCPax.s 			page 19


 566 00c8 06       		.uleb128 0x6
 567 00c9 39020000 		.4byte	.LASF18
 568 00cd 01       		.byte	0x1
 569 00ce 8F       		.byte	0x8f
 570 00cf 00000000 		.4byte	.LFB1
 571 00d3 28000000 		.4byte	.LFE1-.LFB1
 572 00d7 01       		.uleb128 0x1
 573 00d8 9C       		.byte	0x9c
 574 00d9 06       		.uleb128 0x6
 575 00da 46000000 		.4byte	.LASF19
 576 00de 01       		.byte	0x1
 577 00df D0       		.byte	0xd0
 578 00e0 00000000 		.4byte	.LFB3
 579 00e4 28000000 		.4byte	.LFE3-.LFB3
 580 00e8 01       		.uleb128 0x1
 581 00e9 9C       		.byte	0x9c
 582 00ea 07       		.uleb128 0x7
 583 00eb D0010000 		.4byte	.LASF22
 584 00ef 01       		.byte	0x1
 585 00f0 ED       		.byte	0xed
 586 00f1 00000000 		.4byte	.LFB4
 587 00f5 0C000000 		.4byte	.LFE4-.LFB4
 588 00f9 01       		.uleb128 0x1
 589 00fa 9C       		.byte	0x9c
 590 00fb 0D010000 		.4byte	0x10d
 591 00ff 08       		.uleb128 0x8
 592 0100 C1010000 		.4byte	.LASF24
 593 0104 01       		.byte	0x1
 594 0105 ED       		.byte	0xed
 595 0106 6B000000 		.4byte	0x6b
 596 010a 01       		.uleb128 0x1
 597 010b 50       		.byte	0x50
 598 010c 00       		.byte	0
 599 010d 09       		.uleb128 0x9
 600 010e F2010000 		.4byte	.LASF20
 601 0112 01       		.byte	0x1
 602 0113 0501     		.2byte	0x105
 603 0115 6B000000 		.4byte	0x6b
 604 0119 00000000 		.4byte	.LFB5
 605 011d 0C000000 		.4byte	.LFE5-.LFB5
 606 0121 01       		.uleb128 0x1
 607 0122 9C       		.byte	0x9c
 608 0123 09       		.uleb128 0x9
 609 0124 51020000 		.4byte	.LASF21
 610 0128 01       		.byte	0x1
 611 0129 1B01     		.2byte	0x11b
 612 012b 6B000000 		.4byte	0x6b
 613 012f 00000000 		.4byte	.LFB6
 614 0133 0C000000 		.4byte	.LFE6-.LFB6
 615 0137 01       		.uleb128 0x1
 616 0138 9C       		.byte	0x9c
 617 0139 0A       		.uleb128 0xa
 618 013a A5000000 		.4byte	.LASF23
 619 013e 01       		.byte	0x1
 620 013f 3001     		.2byte	0x130
 621 0141 00000000 		.4byte	.LFB7
 622 0145 0C000000 		.4byte	.LFE7-.LFB7
ARM GAS  C:\Users\sdysart\AppData\Local\Temp\ccItCPax.s 			page 20


 623 0149 01       		.uleb128 0x1
 624 014a 9C       		.byte	0x9c
 625 014b 5E010000 		.4byte	0x15e
 626 014f 0B       		.uleb128 0xb
 627 0150 B9010000 		.4byte	.LASF25
 628 0154 01       		.byte	0x1
 629 0155 3001     		.2byte	0x130
 630 0157 6B000000 		.4byte	0x6b
 631 015b 01       		.uleb128 0x1
 632 015c 50       		.byte	0x50
 633 015d 00       		.byte	0
 634 015e 0A       		.uleb128 0xa
 635 015f 79000000 		.4byte	.LASF26
 636 0163 01       		.byte	0x1
 637 0164 4601     		.2byte	0x146
 638 0166 00000000 		.4byte	.LFB8
 639 016a 34000000 		.4byte	.LFE8-.LFB8
 640 016e 01       		.uleb128 0x1
 641 016f 9C       		.byte	0x9c
 642 0170 94010000 		.4byte	0x194
 643 0174 0C       		.uleb128 0xc
 644 0175 9D000000 		.4byte	.LASF27
 645 0179 01       		.byte	0x1
 646 017a 4601     		.2byte	0x146
 647 017c 77000000 		.4byte	0x77
 648 0180 00000000 		.4byte	.LLST0
 649 0184 0D       		.uleb128 0xd
 650 0185 14000000 		.4byte	.LVL4
 651 0189 81020000 		.4byte	0x281
 652 018d 0E       		.uleb128 0xe
 653 018e 01       		.uleb128 0x1
 654 018f 50       		.byte	0x50
 655 0190 01       		.uleb128 0x1
 656 0191 30       		.byte	0x30
 657 0192 00       		.byte	0
 658 0193 00       		.byte	0
 659 0194 09       		.uleb128 0x9
 660 0195 06000000 		.4byte	.LASF28
 661 0199 01       		.byte	0x1
 662 019a 6501     		.2byte	0x165
 663 019c 77000000 		.4byte	0x77
 664 01a0 00000000 		.4byte	.LFB9
 665 01a4 14000000 		.4byte	.LFE9-.LFB9
 666 01a8 01       		.uleb128 0x1
 667 01a9 9C       		.byte	0x9c
 668 01aa 09       		.uleb128 0x9
 669 01ab D8020000 		.4byte	.LASF29
 670 01af 01       		.byte	0x1
 671 01b0 8601     		.2byte	0x186
 672 01b2 77000000 		.4byte	0x77
 673 01b6 00000000 		.4byte	.LFB10
 674 01ba 0C000000 		.4byte	.LFE10-.LFB10
 675 01be 01       		.uleb128 0x1
 676 01bf 9C       		.byte	0x9c
 677 01c0 0A       		.uleb128 0xa
 678 01c1 5C000000 		.4byte	.LASF30
 679 01c5 01       		.byte	0x1
ARM GAS  C:\Users\sdysart\AppData\Local\Temp\ccItCPax.s 			page 21


 680 01c6 9F01     		.2byte	0x19f
 681 01c8 00000000 		.4byte	.LFB11
 682 01cc 0C000000 		.4byte	.LFE11-.LFB11
 683 01d0 01       		.uleb128 0x1
 684 01d1 9C       		.byte	0x9c
 685 01d2 E5010000 		.4byte	0x1e5
 686 01d6 0B       		.uleb128 0xb
 687 01d7 23000000 		.4byte	.LASF31
 688 01db 01       		.byte	0x1
 689 01dc 9F01     		.2byte	0x19f
 690 01de 77000000 		.4byte	0x77
 691 01e2 01       		.uleb128 0x1
 692 01e3 50       		.byte	0x50
 693 01e4 00       		.byte	0
 694 01e5 07       		.uleb128 0x7
 695 01e6 04030000 		.4byte	.LASF32
 696 01ea 01       		.byte	0x1
 697 01eb 25       		.byte	0x25
 698 01ec 00000000 		.4byte	.LFB0
 699 01f0 60000000 		.4byte	.LFE0-.LFB0
 700 01f4 01       		.uleb128 0x1
 701 01f5 9C       		.byte	0x9c
 702 01f6 32020000 		.4byte	0x232
 703 01fa 0F       		.uleb128 0xf
 704 01fb 48000000 		.4byte	.LVL6
 705 01ff C0010000 		.4byte	0x1c0
 706 0203 0E020000 		.4byte	0x20e
 707 0207 0E       		.uleb128 0xe
 708 0208 01       		.uleb128 0x1
 709 0209 50       		.byte	0x50
 710 020a 02       		.uleb128 0x2
 711 020b 08       		.byte	0x8
 712 020c FF       		.byte	0xff
 713 020d 00       		.byte	0
 714 020e 0F       		.uleb128 0xf
 715 020f 4E000000 		.4byte	.LVL7
 716 0213 5E010000 		.4byte	0x15e
 717 0217 22020000 		.4byte	0x222
 718 021b 0E       		.uleb128 0xe
 719 021c 01       		.uleb128 0x1
 720 021d 50       		.byte	0x50
 721 021e 02       		.uleb128 0x2
 722 021f 08       		.byte	0x8
 723 0220 FF       		.byte	0xff
 724 0221 00       		.byte	0
 725 0222 0D       		.uleb128 0xd
 726 0223 54000000 		.4byte	.LVL8
 727 0227 EA000000 		.4byte	0xea
 728 022b 0E       		.uleb128 0xe
 729 022c 01       		.uleb128 0x1
 730 022d 50       		.byte	0x50
 731 022e 01       		.uleb128 0x1
 732 022f 30       		.byte	0x30
 733 0230 00       		.byte	0
 734 0231 00       		.byte	0
 735 0232 07       		.uleb128 0x7
 736 0233 32030000 		.4byte	.LASF33
ARM GAS  C:\Users\sdysart\AppData\Local\Temp\ccItCPax.s 			page 22


 737 0237 01       		.byte	0x1
 738 0238 B2       		.byte	0xb2
 739 0239 00000000 		.4byte	.LFB2
 740 023d 1C000000 		.4byte	.LFE2-.LFB2
 741 0241 01       		.uleb128 0x1
 742 0242 9C       		.byte	0x9c
 743 0243 5A020000 		.4byte	0x25a
 744 0247 10       		.uleb128 0x10
 745 0248 0C000000 		.4byte	.LVL9
 746 024c E5010000 		.4byte	0x1e5
 747 0250 10       		.uleb128 0x10
 748 0251 16000000 		.4byte	.LVL10
 749 0255 C8000000 		.4byte	0xc8
 750 0259 00       		.byte	0
 751 025a 09       		.uleb128 0x9
 752 025b 1D020000 		.4byte	.LASF34
 753 025f 01       		.byte	0x1
 754 0260 B601     		.2byte	0x1b6
 755 0262 77000000 		.4byte	0x77
 756 0266 00000000 		.4byte	.LFB12
 757 026a 0C000000 		.4byte	.LFE12-.LFB12
 758 026e 01       		.uleb128 0x1
 759 026f 9C       		.byte	0x9c
 760 0270 11       		.uleb128 0x11
 761 0271 76020000 		.4byte	.LASF38
 762 0275 01       		.byte	0x1
 763 0276 15       		.byte	0x15
 764 0277 6B000000 		.4byte	0x6b
 765 027b 05       		.uleb128 0x5
 766 027c 03       		.byte	0x3
 767 027d 00000000 		.4byte	HighF_LevelCount_initVar
 768 0281 12       		.uleb128 0x12
 769 0282 BA020000 		.4byte	.LASF39
 770 0286 BA020000 		.4byte	.LASF39
 771 028a 03       		.byte	0x3
 772 028b 7F       		.byte	0x7f
 773 028c 00       		.byte	0
 774              		.section	.debug_abbrev,"",%progbits
 775              	.Ldebug_abbrev0:
 776 0000 01       		.uleb128 0x1
 777 0001 11       		.uleb128 0x11
 778 0002 01       		.byte	0x1
 779 0003 25       		.uleb128 0x25
 780 0004 0E       		.uleb128 0xe
 781 0005 13       		.uleb128 0x13
 782 0006 0B       		.uleb128 0xb
 783 0007 03       		.uleb128 0x3
 784 0008 0E       		.uleb128 0xe
 785 0009 1B       		.uleb128 0x1b
 786 000a 0E       		.uleb128 0xe
 787 000b 55       		.uleb128 0x55
 788 000c 17       		.uleb128 0x17
 789 000d 11       		.uleb128 0x11
 790 000e 01       		.uleb128 0x1
 791 000f 10       		.uleb128 0x10
 792 0010 17       		.uleb128 0x17
 793 0011 00       		.byte	0
ARM GAS  C:\Users\sdysart\AppData\Local\Temp\ccItCPax.s 			page 23


 794 0012 00       		.byte	0
 795 0013 02       		.uleb128 0x2
 796 0014 24       		.uleb128 0x24
 797 0015 00       		.byte	0
 798 0016 0B       		.uleb128 0xb
 799 0017 0B       		.uleb128 0xb
 800 0018 3E       		.uleb128 0x3e
 801 0019 0B       		.uleb128 0xb
 802 001a 03       		.uleb128 0x3
 803 001b 0E       		.uleb128 0xe
 804 001c 00       		.byte	0
 805 001d 00       		.byte	0
 806 001e 03       		.uleb128 0x3
 807 001f 24       		.uleb128 0x24
 808 0020 00       		.byte	0
 809 0021 0B       		.uleb128 0xb
 810 0022 0B       		.uleb128 0xb
 811 0023 3E       		.uleb128 0x3e
 812 0024 0B       		.uleb128 0xb
 813 0025 03       		.uleb128 0x3
 814 0026 08       		.uleb128 0x8
 815 0027 00       		.byte	0
 816 0028 00       		.byte	0
 817 0029 04       		.uleb128 0x4
 818 002a 16       		.uleb128 0x16
 819 002b 00       		.byte	0
 820 002c 03       		.uleb128 0x3
 821 002d 0E       		.uleb128 0xe
 822 002e 3A       		.uleb128 0x3a
 823 002f 0B       		.uleb128 0xb
 824 0030 3B       		.uleb128 0x3b
 825 0031 05       		.uleb128 0x5
 826 0032 49       		.uleb128 0x49
 827 0033 13       		.uleb128 0x13
 828 0034 00       		.byte	0
 829 0035 00       		.byte	0
 830 0036 05       		.uleb128 0x5
 831 0037 35       		.uleb128 0x35
 832 0038 00       		.byte	0
 833 0039 49       		.uleb128 0x49
 834 003a 13       		.uleb128 0x13
 835 003b 00       		.byte	0
 836 003c 00       		.byte	0
 837 003d 06       		.uleb128 0x6
 838 003e 2E       		.uleb128 0x2e
 839 003f 00       		.byte	0
 840 0040 3F       		.uleb128 0x3f
 841 0041 19       		.uleb128 0x19
 842 0042 03       		.uleb128 0x3
 843 0043 0E       		.uleb128 0xe
 844 0044 3A       		.uleb128 0x3a
 845 0045 0B       		.uleb128 0xb
 846 0046 3B       		.uleb128 0x3b
 847 0047 0B       		.uleb128 0xb
 848 0048 27       		.uleb128 0x27
 849 0049 19       		.uleb128 0x19
 850 004a 11       		.uleb128 0x11
ARM GAS  C:\Users\sdysart\AppData\Local\Temp\ccItCPax.s 			page 24


 851 004b 01       		.uleb128 0x1
 852 004c 12       		.uleb128 0x12
 853 004d 06       		.uleb128 0x6
 854 004e 40       		.uleb128 0x40
 855 004f 18       		.uleb128 0x18
 856 0050 9742     		.uleb128 0x2117
 857 0052 19       		.uleb128 0x19
 858 0053 00       		.byte	0
 859 0054 00       		.byte	0
 860 0055 07       		.uleb128 0x7
 861 0056 2E       		.uleb128 0x2e
 862 0057 01       		.byte	0x1
 863 0058 3F       		.uleb128 0x3f
 864 0059 19       		.uleb128 0x19
 865 005a 03       		.uleb128 0x3
 866 005b 0E       		.uleb128 0xe
 867 005c 3A       		.uleb128 0x3a
 868 005d 0B       		.uleb128 0xb
 869 005e 3B       		.uleb128 0x3b
 870 005f 0B       		.uleb128 0xb
 871 0060 27       		.uleb128 0x27
 872 0061 19       		.uleb128 0x19
 873 0062 11       		.uleb128 0x11
 874 0063 01       		.uleb128 0x1
 875 0064 12       		.uleb128 0x12
 876 0065 06       		.uleb128 0x6
 877 0066 40       		.uleb128 0x40
 878 0067 18       		.uleb128 0x18
 879 0068 9742     		.uleb128 0x2117
 880 006a 19       		.uleb128 0x19
 881 006b 01       		.uleb128 0x1
 882 006c 13       		.uleb128 0x13
 883 006d 00       		.byte	0
 884 006e 00       		.byte	0
 885 006f 08       		.uleb128 0x8
 886 0070 05       		.uleb128 0x5
 887 0071 00       		.byte	0
 888 0072 03       		.uleb128 0x3
 889 0073 0E       		.uleb128 0xe
 890 0074 3A       		.uleb128 0x3a
 891 0075 0B       		.uleb128 0xb
 892 0076 3B       		.uleb128 0x3b
 893 0077 0B       		.uleb128 0xb
 894 0078 49       		.uleb128 0x49
 895 0079 13       		.uleb128 0x13
 896 007a 02       		.uleb128 0x2
 897 007b 18       		.uleb128 0x18
 898 007c 00       		.byte	0
 899 007d 00       		.byte	0
 900 007e 09       		.uleb128 0x9
 901 007f 2E       		.uleb128 0x2e
 902 0080 00       		.byte	0
 903 0081 3F       		.uleb128 0x3f
 904 0082 19       		.uleb128 0x19
 905 0083 03       		.uleb128 0x3
 906 0084 0E       		.uleb128 0xe
 907 0085 3A       		.uleb128 0x3a
ARM GAS  C:\Users\sdysart\AppData\Local\Temp\ccItCPax.s 			page 25


 908 0086 0B       		.uleb128 0xb
 909 0087 3B       		.uleb128 0x3b
 910 0088 05       		.uleb128 0x5
 911 0089 27       		.uleb128 0x27
 912 008a 19       		.uleb128 0x19
 913 008b 49       		.uleb128 0x49
 914 008c 13       		.uleb128 0x13
 915 008d 11       		.uleb128 0x11
 916 008e 01       		.uleb128 0x1
 917 008f 12       		.uleb128 0x12
 918 0090 06       		.uleb128 0x6
 919 0091 40       		.uleb128 0x40
 920 0092 18       		.uleb128 0x18
 921 0093 9742     		.uleb128 0x2117
 922 0095 19       		.uleb128 0x19
 923 0096 00       		.byte	0
 924 0097 00       		.byte	0
 925 0098 0A       		.uleb128 0xa
 926 0099 2E       		.uleb128 0x2e
 927 009a 01       		.byte	0x1
 928 009b 3F       		.uleb128 0x3f
 929 009c 19       		.uleb128 0x19
 930 009d 03       		.uleb128 0x3
 931 009e 0E       		.uleb128 0xe
 932 009f 3A       		.uleb128 0x3a
 933 00a0 0B       		.uleb128 0xb
 934 00a1 3B       		.uleb128 0x3b
 935 00a2 05       		.uleb128 0x5
 936 00a3 27       		.uleb128 0x27
 937 00a4 19       		.uleb128 0x19
 938 00a5 11       		.uleb128 0x11
 939 00a6 01       		.uleb128 0x1
 940 00a7 12       		.uleb128 0x12
 941 00a8 06       		.uleb128 0x6
 942 00a9 40       		.uleb128 0x40
 943 00aa 18       		.uleb128 0x18
 944 00ab 9742     		.uleb128 0x2117
 945 00ad 19       		.uleb128 0x19
 946 00ae 01       		.uleb128 0x1
 947 00af 13       		.uleb128 0x13
 948 00b0 00       		.byte	0
 949 00b1 00       		.byte	0
 950 00b2 0B       		.uleb128 0xb
 951 00b3 05       		.uleb128 0x5
 952 00b4 00       		.byte	0
 953 00b5 03       		.uleb128 0x3
 954 00b6 0E       		.uleb128 0xe
 955 00b7 3A       		.uleb128 0x3a
 956 00b8 0B       		.uleb128 0xb
 957 00b9 3B       		.uleb128 0x3b
 958 00ba 05       		.uleb128 0x5
 959 00bb 49       		.uleb128 0x49
 960 00bc 13       		.uleb128 0x13
 961 00bd 02       		.uleb128 0x2
 962 00be 18       		.uleb128 0x18
 963 00bf 00       		.byte	0
 964 00c0 00       		.byte	0
ARM GAS  C:\Users\sdysart\AppData\Local\Temp\ccItCPax.s 			page 26


 965 00c1 0C       		.uleb128 0xc
 966 00c2 05       		.uleb128 0x5
 967 00c3 00       		.byte	0
 968 00c4 03       		.uleb128 0x3
 969 00c5 0E       		.uleb128 0xe
 970 00c6 3A       		.uleb128 0x3a
 971 00c7 0B       		.uleb128 0xb
 972 00c8 3B       		.uleb128 0x3b
 973 00c9 05       		.uleb128 0x5
 974 00ca 49       		.uleb128 0x49
 975 00cb 13       		.uleb128 0x13
 976 00cc 02       		.uleb128 0x2
 977 00cd 17       		.uleb128 0x17
 978 00ce 00       		.byte	0
 979 00cf 00       		.byte	0
 980 00d0 0D       		.uleb128 0xd
 981 00d1 898201   		.uleb128 0x4109
 982 00d4 01       		.byte	0x1
 983 00d5 11       		.uleb128 0x11
 984 00d6 01       		.uleb128 0x1
 985 00d7 31       		.uleb128 0x31
 986 00d8 13       		.uleb128 0x13
 987 00d9 00       		.byte	0
 988 00da 00       		.byte	0
 989 00db 0E       		.uleb128 0xe
 990 00dc 8A8201   		.uleb128 0x410a
 991 00df 00       		.byte	0
 992 00e0 02       		.uleb128 0x2
 993 00e1 18       		.uleb128 0x18
 994 00e2 9142     		.uleb128 0x2111
 995 00e4 18       		.uleb128 0x18
 996 00e5 00       		.byte	0
 997 00e6 00       		.byte	0
 998 00e7 0F       		.uleb128 0xf
 999 00e8 898201   		.uleb128 0x4109
 1000 00eb 01       		.byte	0x1
 1001 00ec 11       		.uleb128 0x11
 1002 00ed 01       		.uleb128 0x1
 1003 00ee 31       		.uleb128 0x31
 1004 00ef 13       		.uleb128 0x13
 1005 00f0 01       		.uleb128 0x1
 1006 00f1 13       		.uleb128 0x13
 1007 00f2 00       		.byte	0
 1008 00f3 00       		.byte	0
 1009 00f4 10       		.uleb128 0x10
 1010 00f5 898201   		.uleb128 0x4109
 1011 00f8 00       		.byte	0
 1012 00f9 11       		.uleb128 0x11
 1013 00fa 01       		.uleb128 0x1
 1014 00fb 31       		.uleb128 0x31
 1015 00fc 13       		.uleb128 0x13
 1016 00fd 00       		.byte	0
 1017 00fe 00       		.byte	0
 1018 00ff 11       		.uleb128 0x11
 1019 0100 34       		.uleb128 0x34
 1020 0101 00       		.byte	0
 1021 0102 03       		.uleb128 0x3
ARM GAS  C:\Users\sdysart\AppData\Local\Temp\ccItCPax.s 			page 27


 1022 0103 0E       		.uleb128 0xe
 1023 0104 3A       		.uleb128 0x3a
 1024 0105 0B       		.uleb128 0xb
 1025 0106 3B       		.uleb128 0x3b
 1026 0107 0B       		.uleb128 0xb
 1027 0108 49       		.uleb128 0x49
 1028 0109 13       		.uleb128 0x13
 1029 010a 3F       		.uleb128 0x3f
 1030 010b 19       		.uleb128 0x19
 1031 010c 02       		.uleb128 0x2
 1032 010d 18       		.uleb128 0x18
 1033 010e 00       		.byte	0
 1034 010f 00       		.byte	0
 1035 0110 12       		.uleb128 0x12
 1036 0111 2E       		.uleb128 0x2e
 1037 0112 00       		.byte	0
 1038 0113 3F       		.uleb128 0x3f
 1039 0114 19       		.uleb128 0x19
 1040 0115 3C       		.uleb128 0x3c
 1041 0116 19       		.uleb128 0x19
 1042 0117 6E       		.uleb128 0x6e
 1043 0118 0E       		.uleb128 0xe
 1044 0119 03       		.uleb128 0x3
 1045 011a 0E       		.uleb128 0xe
 1046 011b 3A       		.uleb128 0x3a
 1047 011c 0B       		.uleb128 0xb
 1048 011d 3B       		.uleb128 0x3b
 1049 011e 0B       		.uleb128 0xb
 1050 011f 00       		.byte	0
 1051 0120 00       		.byte	0
 1052 0121 00       		.byte	0
 1053              		.section	.debug_loc,"",%progbits
 1054              	.Ldebug_loc0:
 1055              	.LLST0:
 1056 0000 00000000 		.4byte	.LVL2
 1057 0004 10000000 		.4byte	.LVL3
 1058 0008 0100     		.2byte	0x1
 1059 000a 50       		.byte	0x50
 1060 000b 10000000 		.4byte	.LVL3
 1061 000f 34000000 		.4byte	.LFE8
 1062 0013 0400     		.2byte	0x4
 1063 0015 F3       		.byte	0xf3
 1064 0016 01       		.uleb128 0x1
 1065 0017 50       		.byte	0x50
 1066 0018 9F       		.byte	0x9f
 1067 0019 00000000 		.4byte	0
 1068 001d 00000000 		.4byte	0
 1069              		.section	.debug_aranges,"",%progbits
 1070 0000 7C000000 		.4byte	0x7c
 1071 0004 0200     		.2byte	0x2
 1072 0006 00000000 		.4byte	.Ldebug_info0
 1073 000a 04       		.byte	0x4
 1074 000b 00       		.byte	0
 1075 000c 0000     		.2byte	0
 1076 000e 0000     		.2byte	0
 1077 0010 00000000 		.4byte	.LFB1
 1078 0014 28000000 		.4byte	.LFE1-.LFB1
ARM GAS  C:\Users\sdysart\AppData\Local\Temp\ccItCPax.s 			page 28


 1079 0018 00000000 		.4byte	.LFB3
 1080 001c 28000000 		.4byte	.LFE3-.LFB3
 1081 0020 00000000 		.4byte	.LFB4
 1082 0024 0C000000 		.4byte	.LFE4-.LFB4
 1083 0028 00000000 		.4byte	.LFB5
 1084 002c 0C000000 		.4byte	.LFE5-.LFB5
 1085 0030 00000000 		.4byte	.LFB6
 1086 0034 0C000000 		.4byte	.LFE6-.LFB6
 1087 0038 00000000 		.4byte	.LFB7
 1088 003c 0C000000 		.4byte	.LFE7-.LFB7
 1089 0040 00000000 		.4byte	.LFB8
 1090 0044 34000000 		.4byte	.LFE8-.LFB8
 1091 0048 00000000 		.4byte	.LFB9
 1092 004c 14000000 		.4byte	.LFE9-.LFB9
 1093 0050 00000000 		.4byte	.LFB10
 1094 0054 0C000000 		.4byte	.LFE10-.LFB10
 1095 0058 00000000 		.4byte	.LFB11
 1096 005c 0C000000 		.4byte	.LFE11-.LFB11
 1097 0060 00000000 		.4byte	.LFB0
 1098 0064 60000000 		.4byte	.LFE0-.LFB0
 1099 0068 00000000 		.4byte	.LFB2
 1100 006c 1C000000 		.4byte	.LFE2-.LFB2
 1101 0070 00000000 		.4byte	.LFB12
 1102 0074 0C000000 		.4byte	.LFE12-.LFB12
 1103 0078 00000000 		.4byte	0
 1104 007c 00000000 		.4byte	0
 1105              		.section	.debug_ranges,"",%progbits
 1106              	.Ldebug_ranges0:
 1107 0000 00000000 		.4byte	.LFB1
 1108 0004 28000000 		.4byte	.LFE1
 1109 0008 00000000 		.4byte	.LFB3
 1110 000c 28000000 		.4byte	.LFE3
 1111 0010 00000000 		.4byte	.LFB4
 1112 0014 0C000000 		.4byte	.LFE4
 1113 0018 00000000 		.4byte	.LFB5
 1114 001c 0C000000 		.4byte	.LFE5
 1115 0020 00000000 		.4byte	.LFB6
 1116 0024 0C000000 		.4byte	.LFE6
 1117 0028 00000000 		.4byte	.LFB7
 1118 002c 0C000000 		.4byte	.LFE7
 1119 0030 00000000 		.4byte	.LFB8
 1120 0034 34000000 		.4byte	.LFE8
 1121 0038 00000000 		.4byte	.LFB9
 1122 003c 14000000 		.4byte	.LFE9
 1123 0040 00000000 		.4byte	.LFB10
 1124 0044 0C000000 		.4byte	.LFE10
 1125 0048 00000000 		.4byte	.LFB11
 1126 004c 0C000000 		.4byte	.LFE11
 1127 0050 00000000 		.4byte	.LFB0
 1128 0054 60000000 		.4byte	.LFE0
 1129 0058 00000000 		.4byte	.LFB2
 1130 005c 1C000000 		.4byte	.LFE2
 1131 0060 00000000 		.4byte	.LFB12
 1132 0064 0C000000 		.4byte	.LFE12
 1133 0068 00000000 		.4byte	0
 1134 006c 00000000 		.4byte	0
 1135              		.section	.debug_line,"",%progbits
ARM GAS  C:\Users\sdysart\AppData\Local\Temp\ccItCPax.s 			page 29


 1136              	.Ldebug_line0:
 1137 0000 60010000 		.section	.debug_str,"MS",%progbits,1
 1137      02005800 
 1137      00000201 
 1137      FB0E0D00 
 1137      01010101 
 1138              	.LASF15:
 1139 0000 72656731 		.ascii	"reg16\000"
 1139      3600
 1140              	.LASF28:
 1141 0006 48696768 		.ascii	"HighF_LevelCount_ReadCounter\000"
 1141      465F4C65 
 1141      76656C43 
 1141      6F756E74 
 1141      5F526561 
 1142              	.LASF31:
 1143 0023 70657269 		.ascii	"period\000"
 1143      6F6400
 1144              	.LASF4:
 1145 002a 6C6F6E67 		.ascii	"long int\000"
 1145      20696E74 
 1145      00
 1146              	.LASF3:
 1147 0033 73686F72 		.ascii	"short unsigned int\000"
 1147      7420756E 
 1147      7369676E 
 1147      65642069 
 1147      6E7400
 1148              	.LASF19:
 1149 0046 48696768 		.ascii	"HighF_LevelCount_Stop\000"
 1149      465F4C65 
 1149      76656C43 
 1149      6F756E74 
 1149      5F53746F 
 1150              	.LASF30:
 1151 005c 48696768 		.ascii	"HighF_LevelCount_WritePeriod\000"
 1151      465F4C65 
 1151      76656C43 
 1151      6F756E74 
 1151      5F577269 
 1152              	.LASF26:
 1153 0079 48696768 		.ascii	"HighF_LevelCount_WriteCounter\000"
 1153      465F4C65 
 1153      76656C43 
 1153      6F756E74 
 1153      5F577269 
 1154              	.LASF11:
 1155 0097 666C6F61 		.ascii	"float\000"
 1155      7400
 1156              	.LASF27:
 1157 009d 636F756E 		.ascii	"counter\000"
 1157      74657200 
 1158              	.LASF23:
 1159 00a5 48696768 		.ascii	"HighF_LevelCount_WriteControlRegister\000"
 1159      465F4C65 
 1159      76656C43 
 1159      6F756E74 
ARM GAS  C:\Users\sdysart\AppData\Local\Temp\ccItCPax.s 			page 30


 1159      5F577269 
 1160              	.LASF1:
 1161 00cb 756E7369 		.ascii	"unsigned char\000"
 1161      676E6564 
 1161      20636861 
 1161      7200
 1162              	.LASF35:
 1163 00d9 474E5520 		.ascii	"GNU C11 5.4.1 20160609 (release) [ARM/embedded-5-br"
 1163      43313120 
 1163      352E342E 
 1163      31203230 
 1163      31363036 
 1164 010c 616E6368 		.ascii	"anch revision 237715] -mcpu=cortex-m3 -mthumb -g -O"
 1164      20726576 
 1164      6973696F 
 1164      6E203233 
 1164      37373135 
 1165 013f 67202D66 		.ascii	"g -ffunction-sections -ffat-lto-objects\000"
 1165      66756E63 
 1165      74696F6E 
 1165      2D736563 
 1165      74696F6E 
 1166              	.LASF14:
 1167 0167 72656738 		.ascii	"reg8\000"
 1167      00
 1168              	.LASF37:
 1169 016c 433A5C55 		.ascii	"C:\\Users\\sdysart\\Documents\\UACS\\UACS\\FSK\\FSK"
 1169      73657273 
 1169      5C736479 
 1169      73617274 
 1169      5C446F63 
 1170 0198 52782E63 		.ascii	"Rx.cydsn\000"
 1170      7964736E 
 1170      00
 1171              	.LASF5:
 1172 01a1 6C6F6E67 		.ascii	"long unsigned int\000"
 1172      20756E73 
 1172      69676E65 
 1172      6420696E 
 1172      7400
 1173              	.LASF9:
 1174 01b3 75696E74 		.ascii	"uint8\000"
 1174      3800
 1175              	.LASF25:
 1176 01b9 636F6E74 		.ascii	"control\000"
 1176      726F6C00 
 1177              	.LASF24:
 1178 01c1 696E7465 		.ascii	"interruptsMask\000"
 1178      72727570 
 1178      74734D61 
 1178      736B00
 1179              	.LASF22:
 1180 01d0 48696768 		.ascii	"HighF_LevelCount_SetInterruptMode\000"
 1180      465F4C65 
 1180      76656C43 
 1180      6F756E74 
 1180      5F536574 
ARM GAS  C:\Users\sdysart\AppData\Local\Temp\ccItCPax.s 			page 31


 1181              	.LASF20:
 1182 01f2 48696768 		.ascii	"HighF_LevelCount_ReadStatusRegister\000"
 1182      465F4C65 
 1182      76656C43 
 1182      6F756E74 
 1182      5F526561 
 1183              	.LASF12:
 1184 0216 646F7562 		.ascii	"double\000"
 1184      6C6500
 1185              	.LASF34:
 1186 021d 48696768 		.ascii	"HighF_LevelCount_ReadPeriod\000"
 1186      465F4C65 
 1186      76656C43 
 1186      6F756E74 
 1186      5F526561 
 1187              	.LASF18:
 1188 0239 48696768 		.ascii	"HighF_LevelCount_Enable\000"
 1188      465F4C65 
 1188      76656C43 
 1188      6F756E74 
 1188      5F456E61 
 1189              	.LASF21:
 1190 0251 48696768 		.ascii	"HighF_LevelCount_ReadControlRegister\000"
 1190      465F4C65 
 1190      76656C43 
 1190      6F756E74 
 1190      5F526561 
 1191              	.LASF38:
 1192 0276 48696768 		.ascii	"HighF_LevelCount_initVar\000"
 1192      465F4C65 
 1192      76656C43 
 1192      6F756E74 
 1192      5F696E69 
 1193              	.LASF10:
 1194 028f 75696E74 		.ascii	"uint16\000"
 1194      313600
 1195              	.LASF8:
 1196 0296 756E7369 		.ascii	"unsigned int\000"
 1196      676E6564 
 1196      20696E74 
 1196      00
 1197              	.LASF7:
 1198 02a3 6C6F6E67 		.ascii	"long long unsigned int\000"
 1198      206C6F6E 
 1198      6720756E 
 1198      7369676E 
 1198      65642069 
 1199              	.LASF39:
 1200 02ba 43794861 		.ascii	"CyHalt\000"
 1200      6C7400
 1201              	.LASF17:
 1202 02c1 73697A65 		.ascii	"sizetype\000"
 1202      74797065 
 1202      00
 1203              	.LASF6:
 1204 02ca 6C6F6E67 		.ascii	"long long int\000"
 1204      206C6F6E 
ARM GAS  C:\Users\sdysart\AppData\Local\Temp\ccItCPax.s 			page 32


 1204      6720696E 
 1204      7400
 1205              	.LASF29:
 1206 02d8 48696768 		.ascii	"HighF_LevelCount_ReadCapture\000"
 1206      465F4C65 
 1206      76656C43 
 1206      6F756E74 
 1206      5F526561 
 1207              	.LASF13:
 1208 02f5 63686172 		.ascii	"char\000"
 1208      00
 1209              	.LASF2:
 1210 02fa 73686F72 		.ascii	"short int\000"
 1210      7420696E 
 1210      7400
 1211              	.LASF32:
 1212 0304 48696768 		.ascii	"HighF_LevelCount_Init\000"
 1212      465F4C65 
 1212      76656C43 
 1212      6F756E74 
 1212      5F496E69 
 1213              	.LASF16:
 1214 031a 6C6F6E67 		.ascii	"long double\000"
 1214      20646F75 
 1214      626C6500 
 1215              	.LASF0:
 1216 0326 7369676E 		.ascii	"signed char\000"
 1216      65642063 
 1216      68617200 
 1217              	.LASF33:
 1218 0332 48696768 		.ascii	"HighF_LevelCount_Start\000"
 1218      465F4C65 
 1218      76656C43 
 1218      6F756E74 
 1218      5F537461 
 1219              	.LASF36:
 1220 0349 47656E65 		.ascii	"Generated_Source\\PSoC5\\HighF_LevelCount.c\000"
 1220      72617465 
 1220      645F536F 
 1220      75726365 
 1220      5C50536F 
 1221              		.ident	"GCC: (GNU Tools for ARM Embedded Processors) 5.4.1 20160609 (release) [ARM/embedded-5-bran
