ARM GAS  C:\Users\sdysart\AppData\Local\Temp\ccvXTqAv.s 			page 1


   1              		.syntax unified
   2              		.cpu cortex-m3
   3              		.fpu softvfp
   4              		.eabi_attribute 20, 1
   5              		.eabi_attribute 21, 1
   6              		.eabi_attribute 23, 3
   7              		.eabi_attribute 24, 1
   8              		.eabi_attribute 25, 1
   9              		.eabi_attribute 26, 1
  10              		.eabi_attribute 30, 1
  11              		.eabi_attribute 34, 1
  12              		.eabi_attribute 18, 4
  13              		.thumb
  14              		.syntax unified
  15              		.file	"main.c"
  16              		.text
  17              	.Ltext0:
  18              		.cfi_sections	.debug_frame
  19              		.section	.text.LevelCount,"ax",%progbits
  20              		.align	2
  21              		.global	LevelCount
  22              		.thumb
  23              		.thumb_func
  24              		.type	LevelCount, %function
  25              	LevelCount:
  26              	.LFB65:
  27              		.file 1 "main.c"
   1:main.c        **** /* ========================================
   2:main.c        ****  *
   3:main.c        ****  * Copyright YOUR COMPANY, THE YEAR
   4:main.c        ****  * All Rights Reserved
   5:main.c        ****  * UNPUBLISHED, LICENSED SOFTWARE.
   6:main.c        ****  *
   7:main.c        ****  * CONFIDENTIAL AND PROPRIETARY INFORMATION
   8:main.c        ****  * WHICH IS THE PROPERTY OF your company.
   9:main.c        ****  *
  10:main.c        ****  * ========================================
  11:main.c        **** */
  12:main.c        **** #include "project.h"
  13:main.c        **** #include <stdio.h>
  14:main.c        **** 
  15:main.c        **** CY_ISR_PROTO(LevelCount);
  16:main.c        **** static uint16 levelCounter = 0;
  17:main.c        **** static uint8 zeroCount = 0; 
  18:main.c        **** static uint8 oneCount = 0; 
  19:main.c        **** //static uint8 messageBit = 0; 
  20:main.c        **** static uint8 currentBit = 0;
  21:main.c        **** static uint8 dataCount = 0;
  22:main.c        **** static uint8 data = 0;
  23:main.c        **** static uint8 dataFlag = 0;
  24:main.c        **** static uint8 lcdFlag = 0;
  25:main.c        **** 
  26:main.c        **** int main(void)
  27:main.c        **** {
  28:main.c        ****     CyGlobalIntEnable; /* Enable global interrupts. */
  29:main.c        ****     BPF_Comp_Start();
  30:main.c        ****     ShiftReg_Start();
ARM GAS  C:\Users\sdysart\AppData\Local\Temp\ccvXTqAv.s 			page 2


  31:main.c        ****     Ref_OpAmp_Start();
  32:main.c        ****     PGA_Start() ; 
  33:main.c        ****     OutComp_Start();
  34:main.c        ****     LevelCount_Start();
  35:main.c        ****     LevelCountISR_StartEx(LevelCount);
  36:main.c        ****     
  37:main.c        ****     HighF_BPF_Comp_Start();
  38:main.c        ****     HighF_ShiftReg_Start();
  39:main.c        ****     HighF_Ref_OpAmp_Start();
  40:main.c        ****     HighF_PGA_Start() ; 
  41:main.c        ****     HighF_OutComp_Start();
  42:main.c        ****     HighF_LevelCount_Start();
  43:main.c        ****     LCD_Char_Start();
  44:main.c        ****     //LeveCountISR_StartEx(LevelCheck);
  45:main.c        ****     /* Place your initialization/startup code here (e.g. MyInst_Start()) */
  46:main.c        **** 
  47:main.c        ****     for(;;)
  48:main.c        ****     {
  49:main.c        ****         
  50:main.c        ****         /* Place your application code here. */
  51:main.c        ****         if(lcdFlag == 1){
  52:main.c        **** 
  53:main.c        ****         char OutputString[12];
  54:main.c        **** 
  55:main.c        ****         sprintf(OutputString, "%i", data);
  56:main.c        ****         LCD_Char_Position(0u,0u);
  57:main.c        ****         LCD_Char_PrintString(OutputString);
  58:main.c        ****         }
  59:main.c        ****     }
  60:main.c        **** }
  61:main.c        **** //Bit length = 0.5s
  62:main.c        **** //counter period = 0.05s
  63:main.c        **** //will check bit 10 times, to debounce
  64:main.c        **** //will set bit after 0.4s (8 checks) 
  65:main.c        **** CY_ISR(LevelCount){
  28              		.loc 1 65 0
  29              		.cfi_startproc
  30              		@ args = 0, pretend = 0, frame = 0
  31              		@ frame_needed = 0, uses_anonymous_args = 0
  32 0000 08B5     		push	{r3, lr}
  33              		.cfi_def_cfa_offset 8
  34              		.cfi_offset 3, -8
  35              		.cfi_offset 14, -4
  66:main.c        ****     levelCounter++;
  36              		.loc 1 66 0
  37 0002 2A4A     		ldr	r2, .L10
  38 0004 1388     		ldrh	r3, [r2]
  39 0006 0133     		adds	r3, r3, #1
  40 0008 1380     		strh	r3, [r2]	@ movhi
  67:main.c        ****     
  68:main.c        ****     if(OutComp_GetCompare() != 0){
  41              		.loc 1 68 0
  42 000a FFF7FEFF 		bl	OutComp_GetCompare
  43              	.LVL0:
  44 000e 20B1     		cbz	r0, .L2
  69:main.c        ****         oneCount++;
  45              		.loc 1 69 0
ARM GAS  C:\Users\sdysart\AppData\Local\Temp\ccvXTqAv.s 			page 3


  46 0010 264A     		ldr	r2, .L10
  47 0012 9378     		ldrb	r3, [r2, #2]	@ zero_extendqisi2
  48 0014 0133     		adds	r3, r3, #1
  49 0016 9370     		strb	r3, [r2, #2]
  50 0018 03E0     		b	.L3
  51              	.L2:
  70:main.c        ****     }else{
  71:main.c        ****         zeroCount++;
  52              		.loc 1 71 0
  53 001a 244A     		ldr	r2, .L10
  54 001c D378     		ldrb	r3, [r2, #3]	@ zero_extendqisi2
  55 001e 0133     		adds	r3, r3, #1
  56 0020 D370     		strb	r3, [r2, #3]
  57              	.L3:
  72:main.c        ****     }
  73:main.c        ****     
  74:main.c        ****     //debouncing every 0.4s, with a check of 7/8 hits 
  75:main.c        ****     if(levelCounter == 8){
  58              		.loc 1 75 0
  59 0022 224B     		ldr	r3, .L10
  60 0024 1B88     		ldrh	r3, [r3]
  61 0026 082B     		cmp	r3, #8
  62 0028 3FD1     		bne	.L1
  76:main.c        ****         if(oneCount >= 7){
  63              		.loc 1 76 0
  64 002a 204B     		ldr	r3, .L10
  65 002c 9B78     		ldrb	r3, [r3, #2]	@ zero_extendqisi2
  66 002e 062B     		cmp	r3, #6
  67 0030 04D9     		bls	.L5
  77:main.c        ****             currentBit = 0x01;
  68              		.loc 1 77 0
  69 0032 1E4B     		ldr	r3, .L10
  70 0034 0122     		movs	r2, #1
  71 0036 1A71     		strb	r2, [r3, #4]
  78:main.c        ****             oneCount = 0;
  72              		.loc 1 78 0
  73 0038 0022     		movs	r2, #0
  74 003a 9A70     		strb	r2, [r3, #2]
  75              	.L5:
  79:main.c        ****         
  80:main.c        ****         }if(zeroCount >= 7){
  76              		.loc 1 80 0
  77 003c 1B4B     		ldr	r3, .L10
  78 003e DB78     		ldrb	r3, [r3, #3]	@ zero_extendqisi2
  79 0040 062B     		cmp	r3, #6
  80 0042 03D9     		bls	.L6
  81:main.c        ****             currentBit = 0x00; 
  81              		.loc 1 81 0
  82 0044 194B     		ldr	r3, .L10
  83 0046 0022     		movs	r2, #0
  84 0048 1A71     		strb	r2, [r3, #4]
  82:main.c        ****             zeroCount = 0; 
  85              		.loc 1 82 0
  86 004a DA70     		strb	r2, [r3, #3]
  87              	.L6:
  83:main.c        ****         }
  84:main.c        ****         dataCount++;
ARM GAS  C:\Users\sdysart\AppData\Local\Temp\ccvXTqAv.s 			page 4


  88              		.loc 1 84 0
  89 004c 174B     		ldr	r3, .L10
  90 004e 5A79     		ldrb	r2, [r3, #5]	@ zero_extendqisi2
  91 0050 0132     		adds	r2, r2, #1
  92 0052 D2B2     		uxtb	r2, r2
  93 0054 5A71     		strb	r2, [r3, #5]
  85:main.c        ****         levelCounter = 0;
  94              		.loc 1 85 0
  95 0056 0021     		movs	r1, #0
  96 0058 1980     		strh	r1, [r3]	@ movhi
  86:main.c        ****         //CountOut_Write(currentBit);
  87:main.c        ****         
  88:main.c        ****         //Look for pre-fix
  89:main.c        ****         data = data << 1;
  97              		.loc 1 89 0
  98 005a 9979     		ldrb	r1, [r3, #6]	@ zero_extendqisi2
  99 005c 4900     		lsls	r1, r1, #1
 100 005e C9B2     		uxtb	r1, r1
  90:main.c        ****         data = data | currentBit;
 101              		.loc 1 90 0
 102 0060 1879     		ldrb	r0, [r3, #4]	@ zero_extendqisi2
 103 0062 0143     		orrs	r1, r1, r0
 104 0064 9971     		strb	r1, [r3, #6]
  91:main.c        ****         if((data == 0xff) && (dataFlag == 0)){
 105              		.loc 1 91 0
 106 0066 FF29     		cmp	r1, #255
 107 0068 0BD1     		bne	.L7
 108              		.loc 1 91 0 is_stmt 0 discriminator 1
 109 006a DB79     		ldrb	r3, [r3, #7]	@ zero_extendqisi2
 110 006c 4BB9     		cbnz	r3, .L7
  92:main.c        ****             CountOut_Write(1);
 111              		.loc 1 92 0 is_stmt 1
 112 006e 0120     		movs	r0, #1
 113 0070 FFF7FEFF 		bl	CountOut_Write
 114              	.LVL1:
  93:main.c        ****             dataCount = 0;
 115              		.loc 1 93 0
 116 0074 0D4B     		ldr	r3, .L10
 117 0076 0022     		movs	r2, #0
 118 0078 5A71     		strb	r2, [r3, #5]
  94:main.c        ****             data = 0x00;
 119              		.loc 1 94 0
 120 007a 9A71     		strb	r2, [r3, #6]
  95:main.c        ****             dataFlag = 1;
 121              		.loc 1 95 0
 122 007c 0122     		movs	r2, #1
 123 007e DA71     		strb	r2, [r3, #7]
 124 0080 08BD     		pop	{r3, pc}
 125              	.L7:
  96:main.c        ****         // Look for data
  97:main.c        ****         }else if ((dataFlag == 1) && (dataCount < 4)){
 126              		.loc 1 97 0
 127 0082 0A4B     		ldr	r3, .L10
 128 0084 DB79     		ldrb	r3, [r3, #7]	@ zero_extendqisi2
 129 0086 012B     		cmp	r3, #1
 130 0088 05D1     		bne	.L8
 131              		.loc 1 97 0 is_stmt 0 discriminator 1
ARM GAS  C:\Users\sdysart\AppData\Local\Temp\ccvXTqAv.s 			page 5


 132 008a 032A     		cmp	r2, #3
 133 008c 03D8     		bhi	.L8
  98:main.c        ****             dataCount++;
 134              		.loc 1 98 0 is_stmt 1
 135 008e 0132     		adds	r2, r2, #1
 136 0090 064B     		ldr	r3, .L10
 137 0092 5A71     		strb	r2, [r3, #5]
 138 0094 08BD     		pop	{r3, pc}
 139              	.L8:
  99:main.c        ****         }else if((dataFlag == 1) && (dataCount > 4)){
 140              		.loc 1 99 0
 141 0096 012B     		cmp	r3, #1
 142 0098 07D1     		bne	.L1
 143              		.loc 1 99 0 is_stmt 0 discriminator 1
 144 009a 042A     		cmp	r2, #4
 145 009c 05D9     		bls	.L1
 100:main.c        ****             dataCount = 0;
 146              		.loc 1 100 0 is_stmt 1
 147 009e 034B     		ldr	r3, .L10
 148 00a0 0022     		movs	r2, #0
 149 00a2 5A71     		strb	r2, [r3, #5]
 101:main.c        ****             dataFlag = 0;
 150              		.loc 1 101 0
 151 00a4 DA71     		strb	r2, [r3, #7]
 102:main.c        ****             lcdFlag = 1;
 152              		.loc 1 102 0
 153 00a6 0122     		movs	r2, #1
 154 00a8 1A72     		strb	r2, [r3, #8]
 155              	.L1:
 156 00aa 08BD     		pop	{r3, pc}
 157              	.L11:
 158              		.align	2
 159              	.L10:
 160 00ac 00000000 		.word	.LANCHOR0
 161              		.cfi_endproc
 162              	.LFE65:
 163              		.size	LevelCount, .-LevelCount
 164              		.section	.text.main,"ax",%progbits
 165              		.align	2
 166              		.global	main
 167              		.thumb
 168              		.thumb_func
 169              		.type	main, %function
 170              	main:
 171              	.LFB64:
  27:main.c        ****     CyGlobalIntEnable; /* Enable global interrupts. */
 172              		.loc 1 27 0
 173              		.cfi_startproc
 174              		@ args = 0, pretend = 0, frame = 16
 175              		@ frame_needed = 0, uses_anonymous_args = 0
 176 0000 00B5     		push	{lr}
 177              		.cfi_def_cfa_offset 4
 178              		.cfi_offset 14, -4
 179 0002 85B0     		sub	sp, sp, #20
 180              		.cfi_def_cfa_offset 24
  28:main.c        ****     BPF_Comp_Start();
 181              		.loc 1 28 0
ARM GAS  C:\Users\sdysart\AppData\Local\Temp\ccvXTqAv.s 			page 6


 182              		.syntax unified
 183              	@ 28 "main.c" 1
 184 0004 62B6     		CPSIE   i
 185              	@ 0 "" 2
  29:main.c        ****     ShiftReg_Start();
 186              		.loc 1 29 0
 187              		.thumb
 188              		.syntax unified
 189 0006 FFF7FEFF 		bl	BPF_Comp_Start
 190              	.LVL2:
  30:main.c        ****     Ref_OpAmp_Start();
 191              		.loc 1 30 0
 192 000a FFF7FEFF 		bl	ShiftReg_Start
 193              	.LVL3:
  31:main.c        ****     PGA_Start() ; 
 194              		.loc 1 31 0
 195 000e FFF7FEFF 		bl	Ref_OpAmp_Start
 196              	.LVL4:
  32:main.c        ****     OutComp_Start();
 197              		.loc 1 32 0
 198 0012 FFF7FEFF 		bl	PGA_Start
 199              	.LVL5:
  33:main.c        ****     LevelCount_Start();
 200              		.loc 1 33 0
 201 0016 FFF7FEFF 		bl	OutComp_Start
 202              	.LVL6:
  34:main.c        ****     LevelCountISR_StartEx(LevelCount);
 203              		.loc 1 34 0
 204 001a FFF7FEFF 		bl	LevelCount_Start
 205              	.LVL7:
  35:main.c        ****     
 206              		.loc 1 35 0
 207 001e 1148     		ldr	r0, .L16
 208 0020 FFF7FEFF 		bl	LevelCountISR_StartEx
 209              	.LVL8:
  37:main.c        ****     HighF_ShiftReg_Start();
 210              		.loc 1 37 0
 211 0024 FFF7FEFF 		bl	HighF_BPF_Comp_Start
 212              	.LVL9:
  38:main.c        ****     HighF_Ref_OpAmp_Start();
 213              		.loc 1 38 0
 214 0028 FFF7FEFF 		bl	HighF_ShiftReg_Start
 215              	.LVL10:
  39:main.c        ****     HighF_PGA_Start() ; 
 216              		.loc 1 39 0
 217 002c FFF7FEFF 		bl	HighF_Ref_OpAmp_Start
 218              	.LVL11:
  40:main.c        ****     HighF_OutComp_Start();
 219              		.loc 1 40 0
 220 0030 FFF7FEFF 		bl	HighF_PGA_Start
 221              	.LVL12:
  41:main.c        ****     HighF_LevelCount_Start();
 222              		.loc 1 41 0
 223 0034 FFF7FEFF 		bl	HighF_OutComp_Start
 224              	.LVL13:
  42:main.c        ****     LCD_Char_Start();
 225              		.loc 1 42 0
ARM GAS  C:\Users\sdysart\AppData\Local\Temp\ccvXTqAv.s 			page 7


 226 0038 FFF7FEFF 		bl	HighF_LevelCount_Start
 227              	.LVL14:
  43:main.c        ****     //LeveCountISR_StartEx(LevelCheck);
 228              		.loc 1 43 0
 229 003c FFF7FEFF 		bl	LCD_Char_Start
 230              	.LVL15:
 231              	.L13:
  51:main.c        **** 
 232              		.loc 1 51 0
 233 0040 094B     		ldr	r3, .L16+4
 234 0042 1B7A     		ldrb	r3, [r3, #8]	@ zero_extendqisi2
 235 0044 012B     		cmp	r3, #1
 236 0046 FBD1     		bne	.L13
 237              	.LBB2:
  55:main.c        ****         LCD_Char_Position(0u,0u);
 238              		.loc 1 55 0
 239 0048 074B     		ldr	r3, .L16+4
 240 004a 9A79     		ldrb	r2, [r3, #6]	@ zero_extendqisi2
 241 004c 0749     		ldr	r1, .L16+8
 242 004e 01A8     		add	r0, sp, #4
 243 0050 FFF7FEFF 		bl	sprintf
 244              	.LVL16:
  56:main.c        ****         LCD_Char_PrintString(OutputString);
 245              		.loc 1 56 0
 246 0054 0021     		movs	r1, #0
 247 0056 0846     		mov	r0, r1
 248 0058 FFF7FEFF 		bl	LCD_Char_Position
 249              	.LVL17:
  57:main.c        ****         }
 250              		.loc 1 57 0
 251 005c 01A8     		add	r0, sp, #4
 252 005e FFF7FEFF 		bl	LCD_Char_PrintString
 253              	.LVL18:
 254 0062 EDE7     		b	.L13
 255              	.L17:
 256              		.align	2
 257              	.L16:
 258 0064 00000000 		.word	LevelCount
 259 0068 00000000 		.word	.LANCHOR0
 260 006c 00000000 		.word	.LC0
 261              	.LBE2:
 262              		.cfi_endproc
 263              	.LFE64:
 264              		.size	main, .-main
 265              		.section	.rodata.str1.4,"aMS",%progbits,1
 266              		.align	2
 267              	.LC0:
 268 0000 256900   		.ascii	"%i\000"
 269              		.bss
 270              		.align	1
 271              		.set	.LANCHOR0,. + 0
 272              		.type	levelCounter, %object
 273              		.size	levelCounter, 2
 274              	levelCounter:
 275 0000 0000     		.space	2
 276              		.type	oneCount, %object
 277              		.size	oneCount, 1
ARM GAS  C:\Users\sdysart\AppData\Local\Temp\ccvXTqAv.s 			page 8


 278              	oneCount:
 279 0002 00       		.space	1
 280              		.type	zeroCount, %object
 281              		.size	zeroCount, 1
 282              	zeroCount:
 283 0003 00       		.space	1
 284              		.type	currentBit, %object
 285              		.size	currentBit, 1
 286              	currentBit:
 287 0004 00       		.space	1
 288              		.type	dataCount, %object
 289              		.size	dataCount, 1
 290              	dataCount:
 291 0005 00       		.space	1
 292              		.type	data, %object
 293              		.size	data, 1
 294              	data:
 295 0006 00       		.space	1
 296              		.type	dataFlag, %object
 297              		.size	dataFlag, 1
 298              	dataFlag:
 299 0007 00       		.space	1
 300              		.type	lcdFlag, %object
 301              		.size	lcdFlag, 1
 302              	lcdFlag:
 303 0008 00       		.space	1
 304              		.text
 305              	.Letext0:
 306              		.file 2 "c:\\program files (x86)\\cypress\\psoc creator\\4.1\\psoc creator\\import\\gnu\\arm\\5.4.
 307              		.file 3 "c:\\program files (x86)\\cypress\\psoc creator\\4.1\\psoc creator\\import\\gnu\\arm\\5.4.
 308              		.file 4 "Generated_Source\\PSoC5/cytypes.h"
 309              		.file 5 "Generated_Source\\PSoC5/OutComp.h"
 310              		.file 6 "Generated_Source\\PSoC5/CountOut.h"
 311              		.file 7 "c:\\program files (x86)\\cypress\\psoc creator\\4.1\\psoc creator\\import\\gnu\\arm\\5.4.
 312              		.file 8 "Generated_Source\\PSoC5/LCD_Char.h"
 313              		.file 9 "Generated_Source\\PSoC5/BPF_Comp.h"
 314              		.file 10 "Generated_Source\\PSoC5/ShiftReg.h"
 315              		.file 11 "Generated_Source\\PSoC5/Ref_OpAmp.h"
 316              		.file 12 "Generated_Source\\PSoC5/PGA.h"
 317              		.file 13 "Generated_Source\\PSoC5/LevelCount.h"
 318              		.file 14 "Generated_Source\\PSoC5/LevelCountISR.h"
 319              		.file 15 "Generated_Source\\PSoC5/HighF_BPF_Comp.h"
 320              		.file 16 "Generated_Source\\PSoC5/HighF_ShiftReg.h"
 321              		.file 17 "Generated_Source\\PSoC5/HighF_Ref_OpAmp.h"
 322              		.file 18 "Generated_Source\\PSoC5/HighF_PGA.h"
 323              		.file 19 "Generated_Source\\PSoC5/HighF_OutComp.h"
 324              		.file 20 "Generated_Source\\PSoC5/HighF_LevelCount.h"
 325              		.file 21 "Generated_Source\\PSoC5/core_cm3.h"
 326              		.section	.debug_info,"",%progbits
 327              	.Ldebug_info0:
 328 0000 68030000 		.4byte	0x368
 329 0004 0400     		.2byte	0x4
 330 0006 00000000 		.4byte	.Ldebug_abbrev0
 331 000a 04       		.byte	0x4
 332 000b 01       		.uleb128 0x1
 333 000c AF000000 		.4byte	.LASF46
 334 0010 0C       		.byte	0xc
ARM GAS  C:\Users\sdysart\AppData\Local\Temp\ccvXTqAv.s 			page 9


 335 0011 99020000 		.4byte	.LASF47
 336 0015 47010000 		.4byte	.LASF48
 337 0019 00000000 		.4byte	.Ldebug_ranges0+0
 338 001d 00000000 		.4byte	0
 339 0021 00000000 		.4byte	.Ldebug_line0
 340 0025 02       		.uleb128 0x2
 341 0026 01       		.byte	0x1
 342 0027 06       		.byte	0x6
 343 0028 26030000 		.4byte	.LASF0
 344 002c 02       		.uleb128 0x2
 345 002d 01       		.byte	0x1
 346 002e 08       		.byte	0x8
 347 002f A1000000 		.4byte	.LASF1
 348 0033 02       		.uleb128 0x2
 349 0034 02       		.byte	0x2
 350 0035 05       		.byte	0x5
 351 0036 F4020000 		.4byte	.LASF2
 352 003a 02       		.uleb128 0x2
 353 003b 02       		.byte	0x2
 354 003c 07       		.byte	0x7
 355 003d 8E010000 		.4byte	.LASF3
 356 0041 03       		.uleb128 0x3
 357 0042 3A000000 		.4byte	.LASF9
 358 0046 02       		.byte	0x2
 359 0047 3F       		.byte	0x3f
 360 0048 4C000000 		.4byte	0x4c
 361 004c 02       		.uleb128 0x2
 362 004d 04       		.byte	0x4
 363 004e 05       		.byte	0x5
 364 004f 13030000 		.4byte	.LASF4
 365 0053 02       		.uleb128 0x2
 366 0054 04       		.byte	0x4
 367 0055 07       		.byte	0x7
 368 0056 7C010000 		.4byte	.LASF5
 369 005a 02       		.uleb128 0x2
 370 005b 08       		.byte	0x8
 371 005c 05       		.byte	0x5
 372 005d 8B020000 		.4byte	.LASF6
 373 0061 02       		.uleb128 0x2
 374 0062 08       		.byte	0x8
 375 0063 07       		.byte	0x7
 376 0064 22020000 		.4byte	.LASF7
 377 0068 04       		.uleb128 0x4
 378 0069 04       		.byte	0x4
 379 006a 05       		.byte	0x5
 380 006b 696E7400 		.ascii	"int\000"
 381 006f 02       		.uleb128 0x2
 382 0070 04       		.byte	0x4
 383 0071 07       		.byte	0x7
 384 0072 06020000 		.4byte	.LASF8
 385 0076 03       		.uleb128 0x3
 386 0077 7F000000 		.4byte	.LASF10
 387 007b 03       		.byte	0x3
 388 007c 2C       		.byte	0x2c
 389 007d 41000000 		.4byte	0x41
 390 0081 05       		.uleb128 0x5
 391 0082 0D030000 		.4byte	.LASF11
ARM GAS  C:\Users\sdysart\AppData\Local\Temp\ccvXTqAv.s 			page 10


 392 0086 04       		.byte	0x4
 393 0087 9201     		.2byte	0x192
 394 0089 2C000000 		.4byte	0x2c
 395 008d 05       		.uleb128 0x5
 396 008e E1010000 		.4byte	.LASF12
 397 0092 04       		.byte	0x4
 398 0093 9301     		.2byte	0x193
 399 0095 3A000000 		.4byte	0x3a
 400 0099 02       		.uleb128 0x2
 401 009a 04       		.byte	0x4
 402 009b 04       		.byte	0x4
 403 009c 87000000 		.4byte	.LASF13
 404 00a0 02       		.uleb128 0x2
 405 00a1 08       		.byte	0x8
 406 00a2 04       		.byte	0x4
 407 00a3 B8010000 		.4byte	.LASF14
 408 00a7 02       		.uleb128 0x2
 409 00a8 01       		.byte	0x1
 410 00a9 08       		.byte	0x8
 411 00aa A0020000 		.4byte	.LASF15
 412 00ae 02       		.uleb128 0x2
 413 00af 08       		.byte	0x8
 414 00b0 04       		.byte	0x4
 415 00b1 62020000 		.4byte	.LASF16
 416 00b5 02       		.uleb128 0x2
 417 00b6 04       		.byte	0x4
 418 00b7 07       		.byte	0x7
 419 00b8 82020000 		.4byte	.LASF17
 420 00bc 06       		.uleb128 0x6
 421 00bd 64000000 		.4byte	.LASF49
 422 00c1 01       		.byte	0x1
 423 00c2 41       		.byte	0x41
 424 00c3 00000000 		.4byte	.LFB65
 425 00c7 B0000000 		.4byte	.LFE65-.LFB65
 426 00cb 01       		.uleb128 0x1
 427 00cc 9C       		.byte	0x9c
 428 00cd EA000000 		.4byte	0xea
 429 00d1 07       		.uleb128 0x7
 430 00d2 0E000000 		.4byte	.LVL0
 431 00d6 9A020000 		.4byte	0x29a
 432 00da 08       		.uleb128 0x8
 433 00db 74000000 		.4byte	.LVL1
 434 00df A5020000 		.4byte	0x2a5
 435 00e3 09       		.uleb128 0x9
 436 00e4 01       		.uleb128 0x1
 437 00e5 50       		.byte	0x50
 438 00e6 01       		.uleb128 0x1
 439 00e7 31       		.byte	0x31
 440 00e8 00       		.byte	0
 441 00e9 00       		.byte	0
 442 00ea 0A       		.uleb128 0xa
 443 00eb CF010000 		.4byte	.LASF50
 444 00ef 01       		.byte	0x1
 445 00f0 1A       		.byte	0x1a
 446 00f1 68000000 		.4byte	0x68
 447 00f5 00000000 		.4byte	.LFB64
 448 00f9 70000000 		.4byte	.LFE64-.LFB64
ARM GAS  C:\Users\sdysart\AppData\Local\Temp\ccvXTqAv.s 			page 11


 449 00fd 01       		.uleb128 0x1
 450 00fe 9C       		.byte	0x9c
 451 00ff F1010000 		.4byte	0x1f1
 452 0103 0B       		.uleb128 0xb
 453 0104 48000000 		.4byte	.LBB2
 454 0108 28000000 		.4byte	.LBE2-.LBB2
 455 010c 64010000 		.4byte	0x164
 456 0110 0C       		.uleb128 0xc
 457 0111 D4010000 		.4byte	.LASF18
 458 0115 01       		.byte	0x1
 459 0116 35       		.byte	0x35
 460 0117 F1010000 		.4byte	0x1f1
 461 011b 02       		.uleb128 0x2
 462 011c 91       		.byte	0x91
 463 011d 6C       		.sleb128 -20
 464 011e 0D       		.uleb128 0xd
 465 011f 54000000 		.4byte	.LVL16
 466 0123 B0020000 		.4byte	0x2b0
 467 0127 3B010000 		.4byte	0x13b
 468 012b 09       		.uleb128 0x9
 469 012c 01       		.uleb128 0x1
 470 012d 50       		.byte	0x50
 471 012e 02       		.uleb128 0x2
 472 012f 91       		.byte	0x91
 473 0130 6C       		.sleb128 -20
 474 0131 09       		.uleb128 0x9
 475 0132 01       		.uleb128 0x1
 476 0133 51       		.byte	0x51
 477 0134 05       		.uleb128 0x5
 478 0135 03       		.byte	0x3
 479 0136 00000000 		.4byte	.LC0
 480 013a 00       		.byte	0
 481 013b 0D       		.uleb128 0xd
 482 013c 5C000000 		.4byte	.LVL17
 483 0140 BB020000 		.4byte	0x2bb
 484 0144 53010000 		.4byte	0x153
 485 0148 09       		.uleb128 0x9
 486 0149 01       		.uleb128 0x1
 487 014a 50       		.byte	0x50
 488 014b 01       		.uleb128 0x1
 489 014c 30       		.byte	0x30
 490 014d 09       		.uleb128 0x9
 491 014e 01       		.uleb128 0x1
 492 014f 51       		.byte	0x51
 493 0150 01       		.uleb128 0x1
 494 0151 30       		.byte	0x30
 495 0152 00       		.byte	0
 496 0153 08       		.uleb128 0x8
 497 0154 62000000 		.4byte	.LVL18
 498 0158 C6020000 		.4byte	0x2c6
 499 015c 09       		.uleb128 0x9
 500 015d 01       		.uleb128 0x1
 501 015e 50       		.byte	0x50
 502 015f 02       		.uleb128 0x2
 503 0160 91       		.byte	0x91
 504 0161 6C       		.sleb128 -20
 505 0162 00       		.byte	0
ARM GAS  C:\Users\sdysart\AppData\Local\Temp\ccvXTqAv.s 			page 12


 506 0163 00       		.byte	0
 507 0164 07       		.uleb128 0x7
 508 0165 0A000000 		.4byte	.LVL2
 509 0169 D1020000 		.4byte	0x2d1
 510 016d 07       		.uleb128 0x7
 511 016e 0E000000 		.4byte	.LVL3
 512 0172 DC020000 		.4byte	0x2dc
 513 0176 07       		.uleb128 0x7
 514 0177 12000000 		.4byte	.LVL4
 515 017b E7020000 		.4byte	0x2e7
 516 017f 07       		.uleb128 0x7
 517 0180 16000000 		.4byte	.LVL5
 518 0184 F2020000 		.4byte	0x2f2
 519 0188 07       		.uleb128 0x7
 520 0189 1A000000 		.4byte	.LVL6
 521 018d FD020000 		.4byte	0x2fd
 522 0191 07       		.uleb128 0x7
 523 0192 1E000000 		.4byte	.LVL7
 524 0196 08030000 		.4byte	0x308
 525 019a 0D       		.uleb128 0xd
 526 019b 24000000 		.4byte	.LVL8
 527 019f 13030000 		.4byte	0x313
 528 01a3 B1010000 		.4byte	0x1b1
 529 01a7 09       		.uleb128 0x9
 530 01a8 01       		.uleb128 0x1
 531 01a9 50       		.byte	0x50
 532 01aa 05       		.uleb128 0x5
 533 01ab 03       		.byte	0x3
 534 01ac 00000000 		.4byte	LevelCount
 535 01b0 00       		.byte	0
 536 01b1 07       		.uleb128 0x7
 537 01b2 28000000 		.4byte	.LVL9
 538 01b6 1E030000 		.4byte	0x31e
 539 01ba 07       		.uleb128 0x7
 540 01bb 2C000000 		.4byte	.LVL10
 541 01bf 29030000 		.4byte	0x329
 542 01c3 07       		.uleb128 0x7
 543 01c4 30000000 		.4byte	.LVL11
 544 01c8 34030000 		.4byte	0x334
 545 01cc 07       		.uleb128 0x7
 546 01cd 34000000 		.4byte	.LVL12
 547 01d1 3F030000 		.4byte	0x33f
 548 01d5 07       		.uleb128 0x7
 549 01d6 38000000 		.4byte	.LVL13
 550 01da 4A030000 		.4byte	0x34a
 551 01de 07       		.uleb128 0x7
 552 01df 3C000000 		.4byte	.LVL14
 553 01e3 55030000 		.4byte	0x355
 554 01e7 07       		.uleb128 0x7
 555 01e8 40000000 		.4byte	.LVL15
 556 01ec 60030000 		.4byte	0x360
 557 01f0 00       		.byte	0
 558 01f1 0E       		.uleb128 0xe
 559 01f2 A7000000 		.4byte	0xa7
 560 01f6 01020000 		.4byte	0x201
 561 01fa 0F       		.uleb128 0xf
 562 01fb B5000000 		.4byte	0xb5
ARM GAS  C:\Users\sdysart\AppData\Local\Temp\ccvXTqAv.s 			page 13


 563 01ff 0B       		.byte	0xb
 564 0200 00       		.byte	0
 565 0201 0C       		.uleb128 0xc
 566 0202 42020000 		.4byte	.LASF19
 567 0206 01       		.byte	0x1
 568 0207 10       		.byte	0x10
 569 0208 8D000000 		.4byte	0x8d
 570 020c 05       		.uleb128 0x5
 571 020d 03       		.byte	0x3
 572 020e 00000000 		.4byte	levelCounter
 573 0212 0C       		.uleb128 0xc
 574 0213 3D010000 		.4byte	.LASF20
 575 0217 01       		.byte	0x1
 576 0218 11       		.byte	0x11
 577 0219 81000000 		.4byte	0x81
 578 021d 05       		.uleb128 0x5
 579 021e 03       		.byte	0x3
 580 021f 03000000 		.4byte	zeroCount
 581 0223 0C       		.uleb128 0xc
 582 0224 39020000 		.4byte	.LASF21
 583 0228 01       		.byte	0x1
 584 0229 12       		.byte	0x12
 585 022a 81000000 		.4byte	0x81
 586 022e 05       		.uleb128 0x5
 587 022f 03       		.byte	0x3
 588 0230 02000000 		.4byte	oneCount
 589 0234 0C       		.uleb128 0xc
 590 0235 57020000 		.4byte	.LASF22
 591 0239 01       		.byte	0x1
 592 023a 14       		.byte	0x14
 593 023b 81000000 		.4byte	0x81
 594 023f 05       		.uleb128 0x5
 595 0240 03       		.byte	0x3
 596 0241 04000000 		.4byte	currentBit
 597 0245 0C       		.uleb128 0xc
 598 0246 AE010000 		.4byte	.LASF23
 599 024a 01       		.byte	0x1
 600 024b 15       		.byte	0x15
 601 024c 81000000 		.4byte	0x81
 602 0250 05       		.uleb128 0x5
 603 0251 03       		.byte	0x3
 604 0252 05000000 		.4byte	dataCount
 605 0256 0C       		.uleb128 0xc
 606 0257 8D000000 		.4byte	.LASF24
 607 025b 01       		.byte	0x1
 608 025c 16       		.byte	0x16
 609 025d 81000000 		.4byte	0x81
 610 0261 05       		.uleb128 0x5
 611 0262 03       		.byte	0x3
 612 0263 06000000 		.4byte	data
 613 0267 0C       		.uleb128 0xc
 614 0268 E8010000 		.4byte	.LASF25
 615 026c 01       		.byte	0x1
 616 026d 17       		.byte	0x17
 617 026e 81000000 		.4byte	0x81
 618 0272 05       		.uleb128 0x5
 619 0273 03       		.byte	0x3
ARM GAS  C:\Users\sdysart\AppData\Local\Temp\ccvXTqAv.s 			page 14


 620 0274 07000000 		.4byte	dataFlag
 621 0278 0C       		.uleb128 0xc
 622 0279 4F020000 		.4byte	.LASF26
 623 027d 01       		.byte	0x1
 624 027e 18       		.byte	0x18
 625 027f 81000000 		.4byte	0x81
 626 0283 05       		.uleb128 0x5
 627 0284 03       		.byte	0x3
 628 0285 08000000 		.4byte	lcdFlag
 629 0289 10       		.uleb128 0x10
 630 028a A1010000 		.4byte	.LASF51
 631 028e 15       		.byte	0x15
 632 028f 1207     		.2byte	0x712
 633 0291 95020000 		.4byte	0x295
 634 0295 11       		.uleb128 0x11
 635 0296 76000000 		.4byte	0x76
 636 029a 12       		.uleb128 0x12
 637 029b 15000000 		.4byte	.LASF27
 638 029f 15000000 		.4byte	.LASF27
 639 02a3 05       		.byte	0x5
 640 02a4 42       		.byte	0x42
 641 02a5 12       		.uleb128 0x12
 642 02a6 13020000 		.4byte	.LASF28
 643 02aa 13020000 		.4byte	.LASF28
 644 02ae 06       		.byte	0x6
 645 02af 26       		.byte	0x26
 646 02b0 12       		.uleb128 0x12
 647 02b1 49030000 		.4byte	.LASF29
 648 02b5 49030000 		.4byte	.LASF29
 649 02b9 07       		.byte	0x7
 650 02ba E7       		.byte	0xe7
 651 02bb 12       		.uleb128 0x12
 652 02bc 28000000 		.4byte	.LASF30
 653 02c0 28000000 		.4byte	.LASF30
 654 02c4 08       		.byte	0x8
 655 02c5 3D       		.byte	0x3d
 656 02c6 12       		.uleb128 0x12
 657 02c7 D1020000 		.4byte	.LASF31
 658 02cb D1020000 		.4byte	.LASF31
 659 02cf 08       		.byte	0x8
 660 02d0 3C       		.byte	0x3c
 661 02d1 12       		.uleb128 0x12
 662 02d2 FE020000 		.4byte	.LASF32
 663 02d6 FE020000 		.4byte	.LASF32
 664 02da 09       		.byte	0x9
 665 02db 3F       		.byte	0x3f
 666 02dc 12       		.uleb128 0x12
 667 02dd 92000000 		.4byte	.LASF33
 668 02e1 92000000 		.4byte	.LASF33
 669 02e5 0A       		.byte	0xa
 670 02e6 3C       		.byte	0x3c
 671 02e7 12       		.uleb128 0x12
 672 02e8 BF010000 		.4byte	.LASF34
 673 02ec BF010000 		.4byte	.LASF34
 674 02f0 0B       		.byte	0xb
 675 02f1 33       		.byte	0x33
 676 02f2 12       		.uleb128 0x12
ARM GAS  C:\Users\sdysart\AppData\Local\Temp\ccvXTqAv.s 			page 15


 677 02f3 1C030000 		.4byte	.LASF35
 678 02f7 1C030000 		.4byte	.LASF35
 679 02fb 0C       		.byte	0xc
 680 02fc 3E       		.byte	0x3e
 681 02fd 12       		.uleb128 0x12
 682 02fe E6020000 		.4byte	.LASF36
 683 0302 E6020000 		.4byte	.LASF36
 684 0306 05       		.byte	0x5
 685 0307 3F       		.byte	0x3f
 686 0308 12       		.uleb128 0x12
 687 0309 53000000 		.4byte	.LASF37
 688 030d 53000000 		.4byte	.LASF37
 689 0311 0D       		.byte	0xd
 690 0312 5A       		.byte	0x5a
 691 0313 12       		.uleb128 0x12
 692 0314 A5020000 		.4byte	.LASF38
 693 0318 A5020000 		.4byte	.LASF38
 694 031c 0E       		.byte	0xe
 695 031d 18       		.byte	0x18
 696 031e 12       		.uleb128 0x12
 697 031f F1010000 		.4byte	.LASF39
 698 0323 F1010000 		.4byte	.LASF39
 699 0327 0F       		.byte	0xf
 700 0328 3F       		.byte	0x3f
 701 0329 12       		.uleb128 0x12
 702 032a 00000000 		.4byte	.LASF40
 703 032e 00000000 		.4byte	.LASF40
 704 0332 10       		.byte	0x10
 705 0333 3C       		.byte	0x3c
 706 0334 12       		.uleb128 0x12
 707 0335 BB020000 		.4byte	.LASF41
 708 0339 BB020000 		.4byte	.LASF41
 709 033d 11       		.byte	0x11
 710 033e 33       		.byte	0x33
 711 033f 12       		.uleb128 0x12
 712 0340 6F000000 		.4byte	.LASF42
 713 0344 6F000000 		.4byte	.LASF42
 714 0348 12       		.byte	0x12
 715 0349 3E       		.byte	0x3e
 716 034a 12       		.uleb128 0x12
 717 034b 6E020000 		.4byte	.LASF43
 718 034f 6E020000 		.4byte	.LASF43
 719 0353 13       		.byte	0x13
 720 0354 3F       		.byte	0x3f
 721 0355 12       		.uleb128 0x12
 722 0356 32030000 		.4byte	.LASF44
 723 035a 32030000 		.4byte	.LASF44
 724 035e 14       		.byte	0x14
 725 035f 4F       		.byte	0x4f
 726 0360 12       		.uleb128 0x12
 727 0361 44000000 		.4byte	.LASF45
 728 0365 44000000 		.4byte	.LASF45
 729 0369 08       		.byte	0x8
 730 036a 38       		.byte	0x38
 731 036b 00       		.byte	0
 732              		.section	.debug_abbrev,"",%progbits
 733              	.Ldebug_abbrev0:
ARM GAS  C:\Users\sdysart\AppData\Local\Temp\ccvXTqAv.s 			page 16


 734 0000 01       		.uleb128 0x1
 735 0001 11       		.uleb128 0x11
 736 0002 01       		.byte	0x1
 737 0003 25       		.uleb128 0x25
 738 0004 0E       		.uleb128 0xe
 739 0005 13       		.uleb128 0x13
 740 0006 0B       		.uleb128 0xb
 741 0007 03       		.uleb128 0x3
 742 0008 0E       		.uleb128 0xe
 743 0009 1B       		.uleb128 0x1b
 744 000a 0E       		.uleb128 0xe
 745 000b 55       		.uleb128 0x55
 746 000c 17       		.uleb128 0x17
 747 000d 11       		.uleb128 0x11
 748 000e 01       		.uleb128 0x1
 749 000f 10       		.uleb128 0x10
 750 0010 17       		.uleb128 0x17
 751 0011 00       		.byte	0
 752 0012 00       		.byte	0
 753 0013 02       		.uleb128 0x2
 754 0014 24       		.uleb128 0x24
 755 0015 00       		.byte	0
 756 0016 0B       		.uleb128 0xb
 757 0017 0B       		.uleb128 0xb
 758 0018 3E       		.uleb128 0x3e
 759 0019 0B       		.uleb128 0xb
 760 001a 03       		.uleb128 0x3
 761 001b 0E       		.uleb128 0xe
 762 001c 00       		.byte	0
 763 001d 00       		.byte	0
 764 001e 03       		.uleb128 0x3
 765 001f 16       		.uleb128 0x16
 766 0020 00       		.byte	0
 767 0021 03       		.uleb128 0x3
 768 0022 0E       		.uleb128 0xe
 769 0023 3A       		.uleb128 0x3a
 770 0024 0B       		.uleb128 0xb
 771 0025 3B       		.uleb128 0x3b
 772 0026 0B       		.uleb128 0xb
 773 0027 49       		.uleb128 0x49
 774 0028 13       		.uleb128 0x13
 775 0029 00       		.byte	0
 776 002a 00       		.byte	0
 777 002b 04       		.uleb128 0x4
 778 002c 24       		.uleb128 0x24
 779 002d 00       		.byte	0
 780 002e 0B       		.uleb128 0xb
 781 002f 0B       		.uleb128 0xb
 782 0030 3E       		.uleb128 0x3e
 783 0031 0B       		.uleb128 0xb
 784 0032 03       		.uleb128 0x3
 785 0033 08       		.uleb128 0x8
 786 0034 00       		.byte	0
 787 0035 00       		.byte	0
 788 0036 05       		.uleb128 0x5
 789 0037 16       		.uleb128 0x16
 790 0038 00       		.byte	0
ARM GAS  C:\Users\sdysart\AppData\Local\Temp\ccvXTqAv.s 			page 17


 791 0039 03       		.uleb128 0x3
 792 003a 0E       		.uleb128 0xe
 793 003b 3A       		.uleb128 0x3a
 794 003c 0B       		.uleb128 0xb
 795 003d 3B       		.uleb128 0x3b
 796 003e 05       		.uleb128 0x5
 797 003f 49       		.uleb128 0x49
 798 0040 13       		.uleb128 0x13
 799 0041 00       		.byte	0
 800 0042 00       		.byte	0
 801 0043 06       		.uleb128 0x6
 802 0044 2E       		.uleb128 0x2e
 803 0045 01       		.byte	0x1
 804 0046 3F       		.uleb128 0x3f
 805 0047 19       		.uleb128 0x19
 806 0048 03       		.uleb128 0x3
 807 0049 0E       		.uleb128 0xe
 808 004a 3A       		.uleb128 0x3a
 809 004b 0B       		.uleb128 0xb
 810 004c 3B       		.uleb128 0x3b
 811 004d 0B       		.uleb128 0xb
 812 004e 27       		.uleb128 0x27
 813 004f 19       		.uleb128 0x19
 814 0050 11       		.uleb128 0x11
 815 0051 01       		.uleb128 0x1
 816 0052 12       		.uleb128 0x12
 817 0053 06       		.uleb128 0x6
 818 0054 40       		.uleb128 0x40
 819 0055 18       		.uleb128 0x18
 820 0056 9742     		.uleb128 0x2117
 821 0058 19       		.uleb128 0x19
 822 0059 01       		.uleb128 0x1
 823 005a 13       		.uleb128 0x13
 824 005b 00       		.byte	0
 825 005c 00       		.byte	0
 826 005d 07       		.uleb128 0x7
 827 005e 898201   		.uleb128 0x4109
 828 0061 00       		.byte	0
 829 0062 11       		.uleb128 0x11
 830 0063 01       		.uleb128 0x1
 831 0064 31       		.uleb128 0x31
 832 0065 13       		.uleb128 0x13
 833 0066 00       		.byte	0
 834 0067 00       		.byte	0
 835 0068 08       		.uleb128 0x8
 836 0069 898201   		.uleb128 0x4109
 837 006c 01       		.byte	0x1
 838 006d 11       		.uleb128 0x11
 839 006e 01       		.uleb128 0x1
 840 006f 31       		.uleb128 0x31
 841 0070 13       		.uleb128 0x13
 842 0071 00       		.byte	0
 843 0072 00       		.byte	0
 844 0073 09       		.uleb128 0x9
 845 0074 8A8201   		.uleb128 0x410a
 846 0077 00       		.byte	0
 847 0078 02       		.uleb128 0x2
ARM GAS  C:\Users\sdysart\AppData\Local\Temp\ccvXTqAv.s 			page 18


 848 0079 18       		.uleb128 0x18
 849 007a 9142     		.uleb128 0x2111
 850 007c 18       		.uleb128 0x18
 851 007d 00       		.byte	0
 852 007e 00       		.byte	0
 853 007f 0A       		.uleb128 0xa
 854 0080 2E       		.uleb128 0x2e
 855 0081 01       		.byte	0x1
 856 0082 3F       		.uleb128 0x3f
 857 0083 19       		.uleb128 0x19
 858 0084 03       		.uleb128 0x3
 859 0085 0E       		.uleb128 0xe
 860 0086 3A       		.uleb128 0x3a
 861 0087 0B       		.uleb128 0xb
 862 0088 3B       		.uleb128 0x3b
 863 0089 0B       		.uleb128 0xb
 864 008a 27       		.uleb128 0x27
 865 008b 19       		.uleb128 0x19
 866 008c 49       		.uleb128 0x49
 867 008d 13       		.uleb128 0x13
 868 008e 8701     		.uleb128 0x87
 869 0090 19       		.uleb128 0x19
 870 0091 11       		.uleb128 0x11
 871 0092 01       		.uleb128 0x1
 872 0093 12       		.uleb128 0x12
 873 0094 06       		.uleb128 0x6
 874 0095 40       		.uleb128 0x40
 875 0096 18       		.uleb128 0x18
 876 0097 9742     		.uleb128 0x2117
 877 0099 19       		.uleb128 0x19
 878 009a 01       		.uleb128 0x1
 879 009b 13       		.uleb128 0x13
 880 009c 00       		.byte	0
 881 009d 00       		.byte	0
 882 009e 0B       		.uleb128 0xb
 883 009f 0B       		.uleb128 0xb
 884 00a0 01       		.byte	0x1
 885 00a1 11       		.uleb128 0x11
 886 00a2 01       		.uleb128 0x1
 887 00a3 12       		.uleb128 0x12
 888 00a4 06       		.uleb128 0x6
 889 00a5 01       		.uleb128 0x1
 890 00a6 13       		.uleb128 0x13
 891 00a7 00       		.byte	0
 892 00a8 00       		.byte	0
 893 00a9 0C       		.uleb128 0xc
 894 00aa 34       		.uleb128 0x34
 895 00ab 00       		.byte	0
 896 00ac 03       		.uleb128 0x3
 897 00ad 0E       		.uleb128 0xe
 898 00ae 3A       		.uleb128 0x3a
 899 00af 0B       		.uleb128 0xb
 900 00b0 3B       		.uleb128 0x3b
 901 00b1 0B       		.uleb128 0xb
 902 00b2 49       		.uleb128 0x49
 903 00b3 13       		.uleb128 0x13
 904 00b4 02       		.uleb128 0x2
ARM GAS  C:\Users\sdysart\AppData\Local\Temp\ccvXTqAv.s 			page 19


 905 00b5 18       		.uleb128 0x18
 906 00b6 00       		.byte	0
 907 00b7 00       		.byte	0
 908 00b8 0D       		.uleb128 0xd
 909 00b9 898201   		.uleb128 0x4109
 910 00bc 01       		.byte	0x1
 911 00bd 11       		.uleb128 0x11
 912 00be 01       		.uleb128 0x1
 913 00bf 31       		.uleb128 0x31
 914 00c0 13       		.uleb128 0x13
 915 00c1 01       		.uleb128 0x1
 916 00c2 13       		.uleb128 0x13
 917 00c3 00       		.byte	0
 918 00c4 00       		.byte	0
 919 00c5 0E       		.uleb128 0xe
 920 00c6 01       		.uleb128 0x1
 921 00c7 01       		.byte	0x1
 922 00c8 49       		.uleb128 0x49
 923 00c9 13       		.uleb128 0x13
 924 00ca 01       		.uleb128 0x1
 925 00cb 13       		.uleb128 0x13
 926 00cc 00       		.byte	0
 927 00cd 00       		.byte	0
 928 00ce 0F       		.uleb128 0xf
 929 00cf 21       		.uleb128 0x21
 930 00d0 00       		.byte	0
 931 00d1 49       		.uleb128 0x49
 932 00d2 13       		.uleb128 0x13
 933 00d3 2F       		.uleb128 0x2f
 934 00d4 0B       		.uleb128 0xb
 935 00d5 00       		.byte	0
 936 00d6 00       		.byte	0
 937 00d7 10       		.uleb128 0x10
 938 00d8 34       		.uleb128 0x34
 939 00d9 00       		.byte	0
 940 00da 03       		.uleb128 0x3
 941 00db 0E       		.uleb128 0xe
 942 00dc 3A       		.uleb128 0x3a
 943 00dd 0B       		.uleb128 0xb
 944 00de 3B       		.uleb128 0x3b
 945 00df 05       		.uleb128 0x5
 946 00e0 49       		.uleb128 0x49
 947 00e1 13       		.uleb128 0x13
 948 00e2 3F       		.uleb128 0x3f
 949 00e3 19       		.uleb128 0x19
 950 00e4 3C       		.uleb128 0x3c
 951 00e5 19       		.uleb128 0x19
 952 00e6 00       		.byte	0
 953 00e7 00       		.byte	0
 954 00e8 11       		.uleb128 0x11
 955 00e9 35       		.uleb128 0x35
 956 00ea 00       		.byte	0
 957 00eb 49       		.uleb128 0x49
 958 00ec 13       		.uleb128 0x13
 959 00ed 00       		.byte	0
 960 00ee 00       		.byte	0
 961 00ef 12       		.uleb128 0x12
ARM GAS  C:\Users\sdysart\AppData\Local\Temp\ccvXTqAv.s 			page 20


 962 00f0 2E       		.uleb128 0x2e
 963 00f1 00       		.byte	0
 964 00f2 3F       		.uleb128 0x3f
 965 00f3 19       		.uleb128 0x19
 966 00f4 3C       		.uleb128 0x3c
 967 00f5 19       		.uleb128 0x19
 968 00f6 6E       		.uleb128 0x6e
 969 00f7 0E       		.uleb128 0xe
 970 00f8 03       		.uleb128 0x3
 971 00f9 0E       		.uleb128 0xe
 972 00fa 3A       		.uleb128 0x3a
 973 00fb 0B       		.uleb128 0xb
 974 00fc 3B       		.uleb128 0x3b
 975 00fd 0B       		.uleb128 0xb
 976 00fe 00       		.byte	0
 977 00ff 00       		.byte	0
 978 0100 00       		.byte	0
 979              		.section	.debug_aranges,"",%progbits
 980 0000 24000000 		.4byte	0x24
 981 0004 0200     		.2byte	0x2
 982 0006 00000000 		.4byte	.Ldebug_info0
 983 000a 04       		.byte	0x4
 984 000b 00       		.byte	0
 985 000c 0000     		.2byte	0
 986 000e 0000     		.2byte	0
 987 0010 00000000 		.4byte	.LFB65
 988 0014 B0000000 		.4byte	.LFE65-.LFB65
 989 0018 00000000 		.4byte	.LFB64
 990 001c 70000000 		.4byte	.LFE64-.LFB64
 991 0020 00000000 		.4byte	0
 992 0024 00000000 		.4byte	0
 993              		.section	.debug_ranges,"",%progbits
 994              	.Ldebug_ranges0:
 995 0000 00000000 		.4byte	.LFB65
 996 0004 B0000000 		.4byte	.LFE65
 997 0008 00000000 		.4byte	.LFB64
 998 000c 70000000 		.4byte	.LFE64
 999 0010 00000000 		.4byte	0
 1000 0014 00000000 		.4byte	0
 1001              		.section	.debug_line,"",%progbits
 1002              	.Ldebug_line0:
 1003 0000 1B030000 		.section	.debug_str,"MS",%progbits,1
 1003      0200B402 
 1003      00000201 
 1003      FB0E0D00 
 1003      01010101 
 1004              	.LASF40:
 1005 0000 48696768 		.ascii	"HighF_ShiftReg_Start\000"
 1005      465F5368 
 1005      69667452 
 1005      65675F53 
 1005      74617274 
 1006              	.LASF27:
 1007 0015 4F757443 		.ascii	"OutComp_GetCompare\000"
 1007      6F6D705F 
 1007      47657443 
 1007      6F6D7061 
ARM GAS  C:\Users\sdysart\AppData\Local\Temp\ccvXTqAv.s 			page 21


 1007      726500
 1008              	.LASF30:
 1009 0028 4C43445F 		.ascii	"LCD_Char_Position\000"
 1009      43686172 
 1009      5F506F73 
 1009      6974696F 
 1009      6E00
 1010              	.LASF9:
 1011 003a 5F5F696E 		.ascii	"__int32_t\000"
 1011      7433325F 
 1011      7400
 1012              	.LASF45:
 1013 0044 4C43445F 		.ascii	"LCD_Char_Start\000"
 1013      43686172 
 1013      5F537461 
 1013      727400
 1014              	.LASF37:
 1015 0053 4C657665 		.ascii	"LevelCount_Start\000"
 1015      6C436F75 
 1015      6E745F53 
 1015      74617274 
 1015      00
 1016              	.LASF49:
 1017 0064 4C657665 		.ascii	"LevelCount\000"
 1017      6C436F75 
 1017      6E7400
 1018              	.LASF42:
 1019 006f 48696768 		.ascii	"HighF_PGA_Start\000"
 1019      465F5047 
 1019      415F5374 
 1019      61727400 
 1020              	.LASF10:
 1021 007f 696E7433 		.ascii	"int32_t\000"
 1021      325F7400 
 1022              	.LASF13:
 1023 0087 666C6F61 		.ascii	"float\000"
 1023      7400
 1024              	.LASF24:
 1025 008d 64617461 		.ascii	"data\000"
 1025      00
 1026              	.LASF33:
 1027 0092 53686966 		.ascii	"ShiftReg_Start\000"
 1027      74526567 
 1027      5F537461 
 1027      727400
 1028              	.LASF1:
 1029 00a1 756E7369 		.ascii	"unsigned char\000"
 1029      676E6564 
 1029      20636861 
 1029      7200
 1030              	.LASF46:
 1031 00af 474E5520 		.ascii	"GNU C11 5.4.1 20160609 (release) [ARM/embedded-5-br"
 1031      43313120 
 1031      352E342E 
 1031      31203230 
 1031      31363036 
 1032 00e2 616E6368 		.ascii	"anch revision 237715] -mcpu=cortex-m3 -mthumb -g -O"
ARM GAS  C:\Users\sdysart\AppData\Local\Temp\ccvXTqAv.s 			page 22


 1032      20726576 
 1032      6973696F 
 1032      6E203233 
 1032      37373135 
 1033 0115 67202D66 		.ascii	"g -ffunction-sections -ffat-lto-objects\000"
 1033      66756E63 
 1033      74696F6E 
 1033      2D736563 
 1033      74696F6E 
 1034              	.LASF20:
 1035 013d 7A65726F 		.ascii	"zeroCount\000"
 1035      436F756E 
 1035      7400
 1036              	.LASF48:
 1037 0147 433A5C55 		.ascii	"C:\\Users\\sdysart\\Documents\\UACS\\UACS\\FSK\\FSK"
 1037      73657273 
 1037      5C736479 
 1037      73617274 
 1037      5C446F63 
 1038 0173 52782E63 		.ascii	"Rx.cydsn\000"
 1038      7964736E 
 1038      00
 1039              	.LASF5:
 1040 017c 6C6F6E67 		.ascii	"long unsigned int\000"
 1040      20756E73 
 1040      69676E65 
 1040      6420696E 
 1040      7400
 1041              	.LASF3:
 1042 018e 73686F72 		.ascii	"short unsigned int\000"
 1042      7420756E 
 1042      7369676E 
 1042      65642069 
 1042      6E7400
 1043              	.LASF51:
 1044 01a1 49544D5F 		.ascii	"ITM_RxBuffer\000"
 1044      52784275 
 1044      66666572 
 1044      00
 1045              	.LASF23:
 1046 01ae 64617461 		.ascii	"dataCount\000"
 1046      436F756E 
 1046      7400
 1047              	.LASF14:
 1048 01b8 646F7562 		.ascii	"double\000"
 1048      6C6500
 1049              	.LASF34:
 1050 01bf 5265665F 		.ascii	"Ref_OpAmp_Start\000"
 1050      4F70416D 
 1050      705F5374 
 1050      61727400 
 1051              	.LASF50:
 1052 01cf 6D61696E 		.ascii	"main\000"
 1052      00
 1053              	.LASF18:
 1054 01d4 4F757470 		.ascii	"OutputString\000"
 1054      75745374 
ARM GAS  C:\Users\sdysart\AppData\Local\Temp\ccvXTqAv.s 			page 23


 1054      72696E67 
 1054      00
 1055              	.LASF12:
 1056 01e1 75696E74 		.ascii	"uint16\000"
 1056      313600
 1057              	.LASF25:
 1058 01e8 64617461 		.ascii	"dataFlag\000"
 1058      466C6167 
 1058      00
 1059              	.LASF39:
 1060 01f1 48696768 		.ascii	"HighF_BPF_Comp_Start\000"
 1060      465F4250 
 1060      465F436F 
 1060      6D705F53 
 1060      74617274 
 1061              	.LASF8:
 1062 0206 756E7369 		.ascii	"unsigned int\000"
 1062      676E6564 
 1062      20696E74 
 1062      00
 1063              	.LASF28:
 1064 0213 436F756E 		.ascii	"CountOut_Write\000"
 1064      744F7574 
 1064      5F577269 
 1064      746500
 1065              	.LASF7:
 1066 0222 6C6F6E67 		.ascii	"long long unsigned int\000"
 1066      206C6F6E 
 1066      6720756E 
 1066      7369676E 
 1066      65642069 
 1067              	.LASF21:
 1068 0239 6F6E6543 		.ascii	"oneCount\000"
 1068      6F756E74 
 1068      00
 1069              	.LASF19:
 1070 0242 6C657665 		.ascii	"levelCounter\000"
 1070      6C436F75 
 1070      6E746572 
 1070      00
 1071              	.LASF26:
 1072 024f 6C636446 		.ascii	"lcdFlag\000"
 1072      6C616700 
 1073              	.LASF22:
 1074 0257 63757272 		.ascii	"currentBit\000"
 1074      656E7442 
 1074      697400
 1075              	.LASF16:
 1076 0262 6C6F6E67 		.ascii	"long double\000"
 1076      20646F75 
 1076      626C6500 
 1077              	.LASF43:
 1078 026e 48696768 		.ascii	"HighF_OutComp_Start\000"
 1078      465F4F75 
 1078      74436F6D 
 1078      705F5374 
 1078      61727400 
ARM GAS  C:\Users\sdysart\AppData\Local\Temp\ccvXTqAv.s 			page 24


 1079              	.LASF17:
 1080 0282 73697A65 		.ascii	"sizetype\000"
 1080      74797065 
 1080      00
 1081              	.LASF6:
 1082 028b 6C6F6E67 		.ascii	"long long int\000"
 1082      206C6F6E 
 1082      6720696E 
 1082      7400
 1083              	.LASF47:
 1084 0299 6D61696E 		.ascii	"main.c\000"
 1084      2E6300
 1085              	.LASF15:
 1086 02a0 63686172 		.ascii	"char\000"
 1086      00
 1087              	.LASF38:
 1088 02a5 4C657665 		.ascii	"LevelCountISR_StartEx\000"
 1088      6C436F75 
 1088      6E744953 
 1088      525F5374 
 1088      61727445 
 1089              	.LASF41:
 1090 02bb 48696768 		.ascii	"HighF_Ref_OpAmp_Start\000"
 1090      465F5265 
 1090      665F4F70 
 1090      416D705F 
 1090      53746172 
 1091              	.LASF31:
 1092 02d1 4C43445F 		.ascii	"LCD_Char_PrintString\000"
 1092      43686172 
 1092      5F507269 
 1092      6E745374 
 1092      72696E67 
 1093              	.LASF36:
 1094 02e6 4F757443 		.ascii	"OutComp_Start\000"
 1094      6F6D705F 
 1094      53746172 
 1094      7400
 1095              	.LASF2:
 1096 02f4 73686F72 		.ascii	"short int\000"
 1096      7420696E 
 1096      7400
 1097              	.LASF32:
 1098 02fe 4250465F 		.ascii	"BPF_Comp_Start\000"
 1098      436F6D70 
 1098      5F537461 
 1098      727400
 1099              	.LASF11:
 1100 030d 75696E74 		.ascii	"uint8\000"
 1100      3800
 1101              	.LASF4:
 1102 0313 6C6F6E67 		.ascii	"long int\000"
 1102      20696E74 
 1102      00
 1103              	.LASF35:
 1104 031c 5047415F 		.ascii	"PGA_Start\000"
 1104      53746172 
ARM GAS  C:\Users\sdysart\AppData\Local\Temp\ccvXTqAv.s 			page 25


 1104      7400
 1105              	.LASF0:
 1106 0326 7369676E 		.ascii	"signed char\000"
 1106      65642063 
 1106      68617200 
 1107              	.LASF44:
 1108 0332 48696768 		.ascii	"HighF_LevelCount_Start\000"
 1108      465F4C65 
 1108      76656C43 
 1108      6F756E74 
 1108      5F537461 
 1109              	.LASF29:
 1110 0349 73707269 		.ascii	"sprintf\000"
 1110      6E746600 
 1111              		.ident	"GCC: (GNU Tools for ARM Embedded Processors) 5.4.1 20160609 (release) [ARM/embedded-5-bran
