--------------- Build Started: 03/14/2018 23:17:14 Project: FSKRx, Configuration: ARM GCC 5.4-2016-q2-update Debug ---------------
cydsfit.exe -.appdatapath "C:\Users\ipfajard\AppData\Local\Cypress Semiconductor\PSoC Creator\4.1" -.fdsnotice -.fdswarpdepfile=warp_dependencies.txt -.fdselabdepfile=elab_dependencies.txt -.fdsbldfile=generated_files.txt -.fdsreffile=referenced_files.txt -p "C:\Users\ipfajard\Documents\PSoC Creator\FSK\FSKRx.cydsn\FSKRx.cyprj" -d CY8C5888LTI-LP097 -s "C:\Users\ipfajard\Documents\PSoC Creator\FSK\FSKRx.cydsn\Generated_Source\PSoC5" -- -yv2 -q10 -ygs -o2 -v3 -.fftcfgtype=LE
Elaborating Design...
HDL Generation...
Synthesis...
Tech Mapping...
Analog Placement...
Log: apr.M0058: The analog placement iterative improvement is 51% done. (App=cydsfit)
Log: apr.M0058: The analog placement iterative improvement is 72% done. (App=cydsfit)
Log: apr.M0058: The analog placement iterative improvement is 94% done. (App=cydsfit)
Analog Routing...
Analog Code Generation...
Digital Placement...
Digital Routing...
Bitstream Generation...
Bitstream Verification...
Static timing analysis...
API Generation...
Dependency Generation...
Cleanup...
--------------- Build Succeeded: 03/14/2018 23:17:26 ---------------
