--------------- Rebuild Started: 06/23/2016 14:53:46 Project: FFT, Configuration: ARM GCC 4.9-2015-q1-update Release ---------------
Deleting file ".\CortexM0\ARM_GCC_493\Release\main.o"
Deleting file ".\CortexM0\ARM_GCC_493\Release\ssd1306.o"
Deleting file ".\CortexM0\ARM_GCC_493\Release\ssd1306x.o"
Deleting file ".\CortexM0\ARM_GCC_493\Release\cyfitter_cfg.o"
Deleting file ".\CortexM0\ARM_GCC_493\Release\cymetadata.o"
Deleting file ".\CortexM0\ARM_GCC_493\Release\ADC_1.o"
Deleting file ".\CortexM0\ARM_GCC_493\Release\ADC_1_PM.o"
Deleting file ".\CortexM0\ARM_GCC_493\Release\ADC_1_INT.o"
Deleting file ".\CortexM0\ARM_GCC_493\Release\Audio_P.o"
Deleting file ".\CortexM0\ARM_GCC_493\Release\Audio_P_PM.o"
Deleting file ".\CortexM0\ARM_GCC_493\Release\Audio_N.o"
Deleting file ".\CortexM0\ARM_GCC_493\Release\Audio_N_PM.o"
Deleting file ".\CortexM0\ARM_GCC_493\Release\isr_adc.o"
Deleting file ".\CortexM0\ARM_GCC_493\Release\Audio_Buf_P.o"
Deleting file ".\CortexM0\ARM_GCC_493\Release\Audio_Buf_P_PM.o"
Deleting file ".\CortexM0\ARM_GCC_493\Release\Audio_Buf_N.o"
Deleting file ".\CortexM0\ARM_GCC_493\Release\Audio_Buf_N_PM.o"
Deleting file ".\CortexM0\ARM_GCC_493\Release\ADC_1_IRQ.o"
Deleting file ".\CortexM0\ARM_GCC_493\Release\ADC_1_intClock.o"
Deleting file ".\CortexM0\ARM_GCC_493\Release\Cm0Start.o"
Deleting file ".\CortexM0\ARM_GCC_493\Release\CyBootAsmGnu.o"
Deleting file ".\CortexM0\ARM_GCC_493\Release\CyFlash.o"
Deleting file ".\CortexM0\ARM_GCC_493\Release\CyLib.o"
Deleting file ".\CortexM0\ARM_GCC_493\Release\cyPm.o"
Deleting file ".\CortexM0\ARM_GCC_493\Release\cyutils.o"
Deleting file ".\CortexM0\ARM_GCC_493\Release\CyLFClk.o"
Deleting file ".\CortexM0\ARM_GCC_493\Release\I2COLED.o"
Deleting file ".\CortexM0\ARM_GCC_493\Release\I2COLED_I2C_INT.o"
Deleting file ".\CortexM0\ARM_GCC_493\Release\I2COLED_I2C.o"
Deleting file ".\CortexM0\ARM_GCC_493\Release\I2COLED_I2C_BOOT.o"
Deleting file ".\CortexM0\ARM_GCC_493\Release\I2COLED_I2C_MASTER.o"
Deleting file ".\CortexM0\ARM_GCC_493\Release\I2COLED_PM.o"
Deleting file ".\CortexM0\ARM_GCC_493\Release\I2COLED_BOOT.o"
Deleting file ".\CortexM0\ARM_GCC_493\Release\I2COLED_SCBCLK.o"
Deleting file ".\CortexM0\ARM_GCC_493\Release\I2COLED_sda.o"
Deleting file ".\CortexM0\ARM_GCC_493\Release\I2COLED_sda_PM.o"
Deleting file ".\CortexM0\ARM_GCC_493\Release\I2COLED_scl.o"
Deleting file ".\CortexM0\ARM_GCC_493\Release\I2COLED_scl_PM.o"
Deleting file ".\CortexM0\ARM_GCC_493\Release\I2COLED_SCB_IRQ.o"
Deleting file ".\CortexM0\ARM_GCC_493\Release\FFT.hex"
Deleting file ".\CortexM0\ARM_GCC_493\Release\FFT.elf"
Deleting file ".\CortexM0\ARM_GCC_493\Release\FFT.map"
Deleting file ".\FFT.cycdx"
Deleting file ".\FFT.svd"
Deleting file ".\FFT.rpt"
Deleting file ".\FFT_timing.html"
Deleting file ".\CortexM0\ARM_GCC_493\Release\.deps\C_FILE.P"
Deleting file ".\CortexM0\ARM_GCC_493\Release\.deps\ARM_C_FILE.P"
Deleting file ".\CortexM0\ARM_GCC_493\Release\.deps\GNU_ARM_ASM_FILE.P"
cydsfit.exe -.appdatapath "C:\Users\User\AppData\Local\Cypress Semiconductor\PSoC Creator\3.3" -.fdsnotice -.fdswarpdepfile=warp_dependencies.txt -.fdselabdepfile=elab_dependencies.txt -.fdsbldfile=generated_files.txt -p "C:\Users\User\Documents\PSoC Creator\FFT\FFT.cydsn\FFT.cyprj" -d CY8C4245AXI-483 -s "C:\Users\User\Documents\PSoC Creator\FFT\FFT.cydsn\Generated_Source\PSoC4" -- -yv2 -q10 -ygs -o2 -v3 -.fftcfgtype=LE
Elaborating Design...
HDL Generation ...
Synthesis ...
Place and Route ...
Tech mapping ...
Analog Placement ...
Analog Routing ...
Analog Code Generation ...
Digital Placement ...
Digital Routing ...
Bitstream Generation ...
Static timing analysis ...
API Generation ...
Dependency Generation ...
Clean Temporary Files ...
arm-none-eabi-gcc.exe -mcpu=cortex-m0 -mthumb -Wno-main -I. -IGenerated_Source\PSoC4 -Wa,-alh=.\CortexM0\ARM_GCC_493\Release/main.lst -g -D NDEBUG -Wall -ffunction-sections -Os -ffat-lto-objects -c .\main.c -o .\CortexM0\ARM_GCC_493\Release\main.o
arm-none-eabi-gcc.exe -mcpu=cortex-m0 -mthumb -Wno-main -I. -IGenerated_Source\PSoC4 -Wa,-alh=.\CortexM0\ARM_GCC_493\Release/ssd1306.lst -g -D NDEBUG -Wall -ffunction-sections -Os -ffat-lto-objects -c .\ssd1306.c -o .\CortexM0\ARM_GCC_493\Release\ssd1306.o
arm-none-eabi-gcc.exe -mcpu=cortex-m0 -mthumb -Wno-main -I. -IGenerated_Source\PSoC4 -Wa,-alh=.\CortexM0\ARM_GCC_493\Release/ssd1306x.lst -g -D NDEBUG -Wall -ffunction-sections -Os -ffat-lto-objects -c .\ssd1306x.c -o .\CortexM0\ARM_GCC_493\Release\ssd1306x.o
arm-none-eabi-gcc.exe -mcpu=cortex-m0 -mthumb -Wno-main -I. -IGenerated_Source\PSoC4 -Wa,-alh=.\CortexM0\ARM_GCC_493\Release/cyfitter_cfg.lst -g -D NDEBUG -Wall -ffunction-sections -Os -ffat-lto-objects -c .\Generated_Source\PSoC4\cyfitter_cfg.c -o .\CortexM0\ARM_GCC_493\Release\cyfitter_cfg.o
arm-none-eabi-gcc.exe -mcpu=cortex-m0 -mthumb -Wno-main -I. -IGenerated_Source\PSoC4 -Wa,-alh=.\CortexM0\ARM_GCC_493\Release/cymetadata.lst -g -D NDEBUG -Wall -ffunction-sections -Os -ffat-lto-objects -c .\Generated_Source\PSoC4\cymetadata.c -o .\CortexM0\ARM_GCC_493\Release\cymetadata.o
arm-none-eabi-gcc.exe -mcpu=cortex-m0 -mthumb -Wno-main -I. -IGenerated_Source\PSoC4 -Wa,-alh=.\CortexM0\ARM_GCC_493\Release/ADC_1.lst -g -D NDEBUG -Wall -ffunction-sections -Os -ffat-lto-objects -c .\Generated_Source\PSoC4\ADC_1.c -o .\CortexM0\ARM_GCC_493\Release\ADC_1.o
arm-none-eabi-gcc.exe -mcpu=cortex-m0 -mthumb -Wno-main -I. -IGenerated_Source\PSoC4 -Wa,-alh=.\CortexM0\ARM_GCC_493\Release/ADC_1_PM.lst -g -D NDEBUG -Wall -ffunction-sections -Os -ffat-lto-objects -c .\Generated_Source\PSoC4\ADC_1_PM.c -o .\CortexM0\ARM_GCC_493\Release\ADC_1_PM.o
arm-none-eabi-gcc.exe -mcpu=cortex-m0 -mthumb -Wno-main -I. -IGenerated_Source\PSoC4 -Wa,-alh=.\CortexM0\ARM_GCC_493\Release/ADC_1_INT.lst -g -D NDEBUG -Wall -ffunction-sections -Os -ffat-lto-objects -c .\Generated_Source\PSoC4\ADC_1_INT.c -o .\CortexM0\ARM_GCC_493\Release\ADC_1_INT.o
arm-none-eabi-gcc.exe -mcpu=cortex-m0 -mthumb -Wno-main -I. -IGenerated_Source\PSoC4 -Wa,-alh=.\CortexM0\ARM_GCC_493\Release/Audio_P.lst -g -D NDEBUG -Wall -ffunction-sections -Os -ffat-lto-objects -c .\Generated_Source\PSoC4\Audio_P.c -o .\CortexM0\ARM_GCC_493\Release\Audio_P.o
arm-none-eabi-gcc.exe -mcpu=cortex-m0 -mthumb -Wno-main -I. -IGenerated_Source\PSoC4 -Wa,-alh=.\CortexM0\ARM_GCC_493\Release/Audio_P_PM.lst -g -D NDEBUG -Wall -ffunction-sections -Os -ffat-lto-objects -c .\Generated_Source\PSoC4\Audio_P_PM.c -o .\CortexM0\ARM_GCC_493\Release\Audio_P_PM.o
arm-none-eabi-gcc.exe -mcpu=cortex-m0 -mthumb -Wno-main -I. -IGenerated_Source\PSoC4 -Wa,-alh=.\CortexM0\ARM_GCC_493\Release/Audio_N.lst -g -D NDEBUG -Wall -ffunction-sections -Os -ffat-lto-objects -c .\Generated_Source\PSoC4\Audio_N.c -o .\CortexM0\ARM_GCC_493\Release\Audio_N.o
arm-none-eabi-gcc.exe -mcpu=cortex-m0 -mthumb -Wno-main -I. -IGenerated_Source\PSoC4 -Wa,-alh=.\CortexM0\ARM_GCC_493\Release/Audio_N_PM.lst -g -D NDEBUG -Wall -ffunction-sections -Os -ffat-lto-objects -c .\Generated_Source\PSoC4\Audio_N_PM.c -o .\CortexM0\ARM_GCC_493\Release\Audio_N_PM.o
arm-none-eabi-gcc.exe -mcpu=cortex-m0 -mthumb -Wno-main -I. -IGenerated_Source\PSoC4 -Wa,-alh=.\CortexM0\ARM_GCC_493\Release/isr_adc.lst -g -D NDEBUG -Wall -ffunction-sections -Os -ffat-lto-objects -c .\Generated_Source\PSoC4\isr_adc.c -o .\CortexM0\ARM_GCC_493\Release\isr_adc.o
arm-none-eabi-gcc.exe -mcpu=cortex-m0 -mthumb -Wno-main -I. -IGenerated_Source\PSoC4 -Wa,-alh=.\CortexM0\ARM_GCC_493\Release/Audio_Buf_P.lst -g -D NDEBUG -Wall -ffunction-sections -Os -ffat-lto-objects -c .\Generated_Source\PSoC4\Audio_Buf_P.c -o .\CortexM0\ARM_GCC_493\Release\Audio_Buf_P.o
arm-none-eabi-gcc.exe -mcpu=cortex-m0 -mthumb -Wno-main -I. -IGenerated_Source\PSoC4 -Wa,-alh=.\CortexM0\ARM_GCC_493\Release/Audio_Buf_P_PM.lst -g -D NDEBUG -Wall -ffunction-sections -Os -ffat-lto-objects -c .\Generated_Source\PSoC4\Audio_Buf_P_PM.c -o .\CortexM0\ARM_GCC_493\Release\Audio_Buf_P_PM.o
arm-none-eabi-gcc.exe -mcpu=cortex-m0 -mthumb -Wno-main -I. -IGenerated_Source\PSoC4 -Wa,-alh=.\CortexM0\ARM_GCC_493\Release/Audio_Buf_N.lst -g -D NDEBUG -Wall -ffunction-sections -Os -ffat-lto-objects -c .\Generated_Source\PSoC4\Audio_Buf_N.c -o .\CortexM0\ARM_GCC_493\Release\Audio_Buf_N.o
arm-none-eabi-gcc.exe -mcpu=cortex-m0 -mthumb -Wno-main -I. -IGenerated_Source\PSoC4 -Wa,-alh=.\CortexM0\ARM_GCC_493\Release/Audio_Buf_N_PM.lst -g -D NDEBUG -Wall -ffunction-sections -Os -ffat-lto-objects -c .\Generated_Source\PSoC4\Audio_Buf_N_PM.c -o .\CortexM0\ARM_GCC_493\Release\Audio_Buf_N_PM.o
arm-none-eabi-gcc.exe -mcpu=cortex-m0 -mthumb -Wno-main -I. -IGenerated_Source\PSoC4 -Wa,-alh=.\CortexM0\ARM_GCC_493\Release/ADC_1_IRQ.lst -g -D NDEBUG -Wall -ffunction-sections -Os -ffat-lto-objects -c .\Generated_Source\PSoC4\ADC_1_IRQ.c -o .\CortexM0\ARM_GCC_493\Release\ADC_1_IRQ.o
arm-none-eabi-gcc.exe -mcpu=cortex-m0 -mthumb -Wno-main -I. -IGenerated_Source\PSoC4 -Wa,-alh=.\CortexM0\ARM_GCC_493\Release/ADC_1_intClock.lst -g -D NDEBUG -Wall -ffunction-sections -Os -ffat-lto-objects -c .\Generated_Source\PSoC4\ADC_1_intClock.c -o .\CortexM0\ARM_GCC_493\Release\ADC_1_intClock.o
arm-none-eabi-gcc.exe -mcpu=cortex-m0 -mthumb -Wno-main -I. -IGenerated_Source\PSoC4 -Wa,-alh=.\CortexM0\ARM_GCC_493\Release/Cm0Start.lst -g -D NDEBUG -Wall -ffunction-sections -Os -ffat-lto-objects -c .\Generated_Source\PSoC4\Cm0Start.c -o .\CortexM0\ARM_GCC_493\Release\Cm0Start.o
arm-none-eabi-as.exe -mcpu=cortex-m0 -mthumb -I. -IGenerated_Source\PSoC4 -alh=.\CortexM0\ARM_GCC_493\Release/CyBootAsmGnu.lst -g -W -o .\CortexM0\ARM_GCC_493\Release\CyBootAsmGnu.o .\Generated_Source\PSoC4\CyBootAsmGnu.s
arm-none-eabi-gcc.exe -mcpu=cortex-m0 -mthumb -Wno-main -I. -IGenerated_Source\PSoC4 -Wa,-alh=.\CortexM0\ARM_GCC_493\Release/CyFlash.lst -g -D NDEBUG -Wall -ffunction-sections -Os -ffat-lto-objects -c .\Generated_Source\PSoC4\CyFlash.c -o .\CortexM0\ARM_GCC_493\Release\CyFlash.o
arm-none-eabi-gcc.exe -mcpu=cortex-m0 -mthumb -Wno-main -I. -IGenerated_Source\PSoC4 -Wa,-alh=.\CortexM0\ARM_GCC_493\Release/CyLib.lst -g -D NDEBUG -Wall -ffunction-sections -Os -ffat-lto-objects -c .\Generated_Source\PSoC4\CyLib.c -o .\CortexM0\ARM_GCC_493\Release\CyLib.o
arm-none-eabi-gcc.exe -mcpu=cortex-m0 -mthumb -Wno-main -I. -IGenerated_Source\PSoC4 -Wa,-alh=.\CortexM0\ARM_GCC_493\Release/cyPm.lst -g -D NDEBUG -Wall -ffunction-sections -Os -ffat-lto-objects -c .\Generated_Source\PSoC4\cyPm.c -o .\CortexM0\ARM_GCC_493\Release\cyPm.o
arm-none-eabi-gcc.exe -mcpu=cortex-m0 -mthumb -Wno-main -I. -IGenerated_Source\PSoC4 -Wa,-alh=.\CortexM0\ARM_GCC_493\Release/cyutils.lst -g -D NDEBUG -Wall -ffunction-sections -Os -ffat-lto-objects -c .\Generated_Source\PSoC4\cyutils.c -o .\CortexM0\ARM_GCC_493\Release\cyutils.o
arm-none-eabi-gcc.exe -mcpu=cortex-m0 -mthumb -Wno-main -I. -IGenerated_Source\PSoC4 -Wa,-alh=.\CortexM0\ARM_GCC_493\Release/CyLFClk.lst -g -D NDEBUG -Wall -ffunction-sections -Os -ffat-lto-objects -c .\Generated_Source\PSoC4\CyLFClk.c -o .\CortexM0\ARM_GCC_493\Release\CyLFClk.o
arm-none-eabi-gcc.exe -mcpu=cortex-m0 -mthumb -Wno-main -I. -IGenerated_Source\PSoC4 -Wa,-alh=.\CortexM0\ARM_GCC_493\Release/I2COLED.lst -g -D NDEBUG -Wall -ffunction-sections -Os -ffat-lto-objects -c .\Generated_Source\PSoC4\I2COLED.c -o .\CortexM0\ARM_GCC_493\Release\I2COLED.o
arm-none-eabi-gcc.exe -mcpu=cortex-m0 -mthumb -Wno-main -I. -IGenerated_Source\PSoC4 -Wa,-alh=.\CortexM0\ARM_GCC_493\Release/I2COLED_I2C_INT.lst -g -D NDEBUG -Wall -ffunction-sections -Os -ffat-lto-objects -c .\Generated_Source\PSoC4\I2COLED_I2C_INT.c -o .\CortexM0\ARM_GCC_493\Release\I2COLED_I2C_INT.o
arm-none-eabi-gcc.exe -mcpu=cortex-m0 -mthumb -Wno-main -I. -IGenerated_Source\PSoC4 -Wa,-alh=.\CortexM0\ARM_GCC_493\Release/I2COLED_I2C.lst -g -D NDEBUG -Wall -ffunction-sections -Os -ffat-lto-objects -c .\Generated_Source\PSoC4\I2COLED_I2C.c -o .\CortexM0\ARM_GCC_493\Release\I2COLED_I2C.o
arm-none-eabi-gcc.exe -mcpu=cortex-m0 -mthumb -Wno-main -I. -IGenerated_Source\PSoC4 -Wa,-alh=.\CortexM0\ARM_GCC_493\Release/I2COLED_I2C_BOOT.lst -g -D NDEBUG -Wall -ffunction-sections -Os -ffat-lto-objects -c .\Generated_Source\PSoC4\I2COLED_I2C_BOOT.c -o .\CortexM0\ARM_GCC_493\Release\I2COLED_I2C_BOOT.o
arm-none-eabi-gcc.exe -mcpu=cortex-m0 -mthumb -Wno-main -I. -IGenerated_Source\PSoC4 -Wa,-alh=.\CortexM0\ARM_GCC_493\Release/I2COLED_I2C_MASTER.lst -g -D NDEBUG -Wall -ffunction-sections -Os -ffat-lto-objects -c .\Generated_Source\PSoC4\I2COLED_I2C_MASTER.c -o .\CortexM0\ARM_GCC_493\Release\I2COLED_I2C_MASTER.o
arm-none-eabi-gcc.exe -mcpu=cortex-m0 -mthumb -Wno-main -I. -IGenerated_Source\PSoC4 -Wa,-alh=.\CortexM0\ARM_GCC_493\Release/I2COLED_PM.lst -g -D NDEBUG -Wall -ffunction-sections -Os -ffat-lto-objects -c .\Generated_Source\PSoC4\I2COLED_PM.c -o .\CortexM0\ARM_GCC_493\Release\I2COLED_PM.o
arm-none-eabi-gcc.exe -mcpu=cortex-m0 -mthumb -Wno-main -I. -IGenerated_Source\PSoC4 -Wa,-alh=.\CortexM0\ARM_GCC_493\Release/I2COLED_BOOT.lst -g -D NDEBUG -Wall -ffunction-sections -Os -ffat-lto-objects -c .\Generated_Source\PSoC4\I2COLED_BOOT.c -o .\CortexM0\ARM_GCC_493\Release\I2COLED_BOOT.o
arm-none-eabi-gcc.exe -mcpu=cortex-m0 -mthumb -Wno-main -I. -IGenerated_Source\PSoC4 -Wa,-alh=.\CortexM0\ARM_GCC_493\Release/I2COLED_SCBCLK.lst -g -D NDEBUG -Wall -ffunction-sections -Os -ffat-lto-objects -c .\Generated_Source\PSoC4\I2COLED_SCBCLK.c -o .\CortexM0\ARM_GCC_493\Release\I2COLED_SCBCLK.o
arm-none-eabi-gcc.exe -mcpu=cortex-m0 -mthumb -Wno-main -I. -IGenerated_Source\PSoC4 -Wa,-alh=.\CortexM0\ARM_GCC_493\Release/I2COLED_sda.lst -g -D NDEBUG -Wall -ffunction-sections -Os -ffat-lto-objects -c .\Generated_Source\PSoC4\I2COLED_sda.c -o .\CortexM0\ARM_GCC_493\Release\I2COLED_sda.o
arm-none-eabi-gcc.exe -mcpu=cortex-m0 -mthumb -Wno-main -I. -IGenerated_Source\PSoC4 -Wa,-alh=.\CortexM0\ARM_GCC_493\Release/I2COLED_sda_PM.lst -g -D NDEBUG -Wall -ffunction-sections -Os -ffat-lto-objects -c .\Generated_Source\PSoC4\I2COLED_sda_PM.c -o .\CortexM0\ARM_GCC_493\Release\I2COLED_sda_PM.o
arm-none-eabi-gcc.exe -mcpu=cortex-m0 -mthumb -Wno-main -I. -IGenerated_Source\PSoC4 -Wa,-alh=.\CortexM0\ARM_GCC_493\Release/I2COLED_scl.lst -g -D NDEBUG -Wall -ffunction-sections -Os -ffat-lto-objects -c .\Generated_Source\PSoC4\I2COLED_scl.c -o .\CortexM0\ARM_GCC_493\Release\I2COLED_scl.o
arm-none-eabi-gcc.exe -mcpu=cortex-m0 -mthumb -Wno-main -I. -IGenerated_Source\PSoC4 -Wa,-alh=.\CortexM0\ARM_GCC_493\Release/I2COLED_scl_PM.lst -g -D NDEBUG -Wall -ffunction-sections -Os -ffat-lto-objects -c .\Generated_Source\PSoC4\I2COLED_scl_PM.c -o .\CortexM0\ARM_GCC_493\Release\I2COLED_scl_PM.o
arm-none-eabi-gcc.exe -mcpu=cortex-m0 -mthumb -Wno-main -I. -IGenerated_Source\PSoC4 -Wa,-alh=.\CortexM0\ARM_GCC_493\Release/I2COLED_SCB_IRQ.lst -g -D NDEBUG -Wall -ffunction-sections -Os -ffat-lto-objects -c .\Generated_Source\PSoC4\I2COLED_SCB_IRQ.c -o .\CortexM0\ARM_GCC_493\Release\I2COLED_SCB_IRQ.o
arm-none-eabi-ar.exe -rs .\CortexM0\ARM_GCC_493\Release\FFT.a .\CortexM0\ARM_GCC_493\Release\cyfitter_cfg.o .\CortexM0\ARM_GCC_493\Release\ADC_1.o .\CortexM0\ARM_GCC_493\Release\ADC_1_PM.o .\CortexM0\ARM_GCC_493\Release\ADC_1_INT.o .\CortexM0\ARM_GCC_493\Release\Audio_P.o .\CortexM0\ARM_GCC_493\Release\Audio_P_PM.o .\CortexM0\ARM_GCC_493\Release\Audio_N.o .\CortexM0\ARM_GCC_493\Release\Audio_N_PM.o .\CortexM0\ARM_GCC_493\Release\isr_adc.o .\CortexM0\ARM_GCC_493\Release\Audio_Buf_P.o .\CortexM0\ARM_GCC_493\Release\Audio_Buf_P_PM.o .\CortexM0\ARM_GCC_493\Release\Audio_Buf_N.o .\CortexM0\ARM_GCC_493\Release\Audio_Buf_N_PM.o .\CortexM0\ARM_GCC_493\Release\ADC_1_IRQ.o .\CortexM0\ARM_GCC_493\Release\ADC_1_intClock.o .\CortexM0\ARM_GCC_493\Release\CyBootAsmGnu.o .\CortexM0\ARM_GCC_493\Release\CyFlash.o .\CortexM0\ARM_GCC_493\Release\CyLib.o .\CortexM0\ARM_GCC_493\Release\cyPm.o .\CortexM0\ARM_GCC_493\Release\cyutils.o .\CortexM0\ARM_GCC_493\Release\CyLFClk.o .\CortexM0\ARM_GCC_493\Release\I2COLED.o .\CortexM0\ARM_GCC_493\Release\I2COLED_I2C_INT.o .\CortexM0\ARM_GCC_493\Release\I2COLED_I2C.o .\CortexM0\ARM_GCC_493\Release\I2COLED_I2C_BOOT.o .\CortexM0\ARM_GCC_493\Release\I2COLED_I2C_MASTER.o .\CortexM0\ARM_GCC_493\Release\I2COLED_PM.o .\CortexM0\ARM_GCC_493\Release\I2COLED_BOOT.o .\CortexM0\ARM_GCC_493\Release\I2COLED_SCBCLK.o .\CortexM0\ARM_GCC_493\Release\I2COLED_sda.o .\CortexM0\ARM_GCC_493\Release\I2COLED_sda_PM.o .\CortexM0\ARM_GCC_493\Release\I2COLED_scl.o .\CortexM0\ARM_GCC_493\Release\I2COLED_scl_PM.o .\CortexM0\ARM_GCC_493\Release\I2COLED_SCB_IRQ.o
arm-none-eabi-ar.exe: creating .\CortexM0\ARM_GCC_493\Release\FFT.a
arm-none-eabi-gcc.exe -Wl,--start-group -o .\CortexM0\ARM_GCC_493\Release\FFT.elf .\CortexM0\ARM_GCC_493\Release\main.o .\CortexM0\ARM_GCC_493\Release\ssd1306.o .\CortexM0\ARM_GCC_493\Release\ssd1306x.o .\CortexM0\ARM_GCC_493\Release\cymetadata.o .\CortexM0\ARM_GCC_493\Release\Cm0Start.o .\CortexM0\ARM_GCC_493\Release\FFT.a "D:\Cypress\PSoC Creator\3.3\PSoC Creator\psoc\content\cycomponentlibrary\CyComponentLibrary.cylib\CortexM0\ARM_GCC_493\Release\CyComponentLibrary.a" -mcpu=cortex-m0 -mthumb -g -ffunction-sections -Os -ffat-lto-objects -l m -L Generated_Source\PSoC4 -Wl,-Map,.\CortexM0\ARM_GCC_493\Release/FFT.map -T Generated_Source\PSoC4\cm0gcc.ld -specs=nano.specs -Wl,--gc-sections -Wl,--end-group
cyelftool.exe -C "C:\Users\User\Documents\PSoC Creator\FFT\FFT.cydsn\CortexM0\ARM_GCC_493\Release\FFT.elf" --flash_row_size 128 --flash_size 32768
cyelftool.exe -S "C:\Users\User\Documents\PSoC Creator\FFT\FFT.cydsn\CortexM0\ARM_GCC_493\Release\FFT.elf"
Flash used: 25600 of 32768 bytes (78.1 %).
SRAM used: 3020 of 4096 bytes (73.7 %). Stack: 1024 bytes. Heap: 128 bytes.
--------------- Rebuild Succeeded: 06/23/2016 14:53:56 ---------------
