ARM GAS  C:\Users\sdysart\AppData\Local\Temp\ccSQqOmg.s 			page 1


   1              		.syntax unified
   2              		.cpu cortex-m3
   3              		.fpu softvfp
   4              		.eabi_attribute 20, 1
   5              		.eabi_attribute 21, 1
   6              		.eabi_attribute 23, 3
   7              		.eabi_attribute 24, 1
   8              		.eabi_attribute 25, 1
   9              		.eabi_attribute 26, 1
  10              		.eabi_attribute 30, 1
  11              		.eabi_attribute 34, 1
  12              		.eabi_attribute 18, 4
  13              		.thumb
  14              		.syntax unified
  15              		.file	"cymetadata.c"
  16              		.text
  17              	.Ltext0:
  18              		.cfi_sections	.debug_frame
  19              		.global	cy_metadata
  20              		.global	cy_meta_flashprotect
  21              		.global	cy_meta_wonvl
  22              		.global	cy_meta_custnvl
  23              		.global	cy_meta_configecc
  24              		.section	.cyconfigecc,"a",%progbits
  25              		.align	2
  26              		.type	cy_meta_configecc, %object
  27              		.size	cy_meta_configecc, 956
  28              	cy_meta_configecc:
  29 0000 02       		.byte	2
  30 0001 52       		.byte	82
  31 0002 00       		.byte	0
  32 0003 40       		.byte	64
  33 0004 02       		.byte	2
  34 0005 64       		.byte	100
  35 0006 00       		.byte	0
  36 0007 40       		.byte	64
  37 0008 03       		.byte	3
  38 0009 65       		.byte	101
  39 000a 00       		.byte	0
  40 000b 40       		.byte	64
  41 000c 54       		.byte	84
  42 000d 08       		.byte	8
  43 000e 01       		.byte	1
  44 000f 40       		.byte	64
  45 0010 30       		.byte	48
  46 0011 09       		.byte	9
  47 0012 01       		.byte	1
  48 0013 40       		.byte	64
  49 0014 36       		.byte	54
  50 0015 14       		.byte	20
  51 0016 01       		.byte	1
  52 0017 40       		.byte	64
  53 0018 1B       		.byte	27
  54 0019 15       		.byte	21
  55 001a 01       		.byte	1
  56 001b 40       		.byte	64
  57 001c 3E       		.byte	62
ARM GAS  C:\Users\sdysart\AppData\Local\Temp\ccSQqOmg.s 			page 2


  58 001d 18       		.byte	24
  59 001e 01       		.byte	1
  60 001f 40       		.byte	64
  61 0020 1D       		.byte	29
  62 0021 19       		.byte	25
  63 0022 01       		.byte	1
  64 0023 40       		.byte	64
  65 0024 3C       		.byte	60
  66 0025 1A       		.byte	26
  67 0026 01       		.byte	1
  68 0027 40       		.byte	64
  69 0028 1E       		.byte	30
  70 0029 1B       		.byte	27
  71 002a 01       		.byte	1
  72 002b 40       		.byte	64
  73 002c 02       		.byte	2
  74 002d 40       		.byte	64
  75 002e 01       		.byte	1
  76 002f 40       		.byte	64
  77 0030 01       		.byte	1
  78 0031 41       		.byte	65
  79 0032 01       		.byte	1
  80 0033 40       		.byte	64
  81 0034 01       		.byte	1
  82 0035 42       		.byte	66
  83 0036 01       		.byte	1
  84 0037 40       		.byte	64
  85 0038 01       		.byte	1
  86 0039 43       		.byte	67
  87 003a 01       		.byte	1
  88 003b 40       		.byte	64
  89 003c 02       		.byte	2
  90 003d 47       		.byte	71
  91 003e 01       		.byte	1
  92 003f 40       		.byte	64
  93 0040 01       		.byte	1
  94 0041 48       		.byte	72
  95 0042 01       		.byte	1
  96 0043 40       		.byte	64
  97 0044 03       		.byte	3
  98 0045 49       		.byte	73
  99 0046 01       		.byte	1
 100 0047 40       		.byte	64
 101 0048 09       		.byte	9
 102 0049 4C       		.byte	76
 103 004a 01       		.byte	1
 104 004b 40       		.byte	64
 105 004c 03       		.byte	3
 106 004d 4D       		.byte	77
 107 004e 01       		.byte	1
 108 004f 40       		.byte	64
 109 0050 05       		.byte	5
 110 0051 50       		.byte	80
 111 0052 01       		.byte	1
 112 0053 40       		.byte	64
 113 0054 01       		.byte	1
 114 0055 51       		.byte	81
ARM GAS  C:\Users\sdysart\AppData\Local\Temp\ccSQqOmg.s 			page 3


 115 0056 01       		.byte	1
 116 0057 40       		.byte	64
 117 0058 08       		.byte	8
 118 0059 10       		.byte	16
 119 005a 09       		.byte	9
 120 005b 50       		.byte	80
 121 005c 88       		.byte	-120
 122 005d 0D       		.byte	13
 123 005e 89       		.byte	-119
 124 005f 0D       		.byte	13
 125 0060 85       		.byte	-123
 126 0061 0D       		.byte	13
 127 0062 89       		.byte	-119
 128 0063 0D       		.byte	13
 129 0064 8B       		.byte	-117
 130 0065 0D       		.byte	13
 131 0066 00       		.byte	0
 132 0067 04       		.byte	4
 133 0068 0B       		.byte	11
 134 0069 01       		.byte	1
 135 006a 16       		.byte	22
 136 006b 01       		.byte	1
 137 006c 1E       		.byte	30
 138 006d 01       		.byte	1
 139 006e 22       		.byte	34
 140 006f 02       		.byte	2
 141 0070 26       		.byte	38
 142 0071 04       		.byte	4
 143 0072 30       		.byte	48
 144 0073 01       		.byte	1
 145 0074 31       		.byte	49
 146 0075 01       		.byte	1
 147 0076 32       		.byte	50
 148 0077 02       		.byte	2
 149 0078 34       		.byte	52
 150 0079 01       		.byte	1
 151 007a 36       		.byte	54
 152 007b 04       		.byte	4
 153 007c 3E       		.byte	62
 154 007d 10       		.byte	16
 155 007e 40       		.byte	64
 156 007f 30       		.byte	48
 157 0080 41       		.byte	65
 158 0081 04       		.byte	4
 159 0082 45       		.byte	69
 160 0083 D0       		.byte	-48
 161 0084 46       		.byte	70
 162 0085 10       		.byte	16
 163 0086 47       		.byte	71
 164 0087 20       		.byte	32
 165 0088 48       		.byte	72
 166 0089 2A       		.byte	42
 167 008a 49       		.byte	73
 168 008b FF       		.byte	-1
 169 008c 4A       		.byte	74
 170 008d FF       		.byte	-1
 171 008e 4B       		.byte	75
ARM GAS  C:\Users\sdysart\AppData\Local\Temp\ccSQqOmg.s 			page 4


 172 008f FF       		.byte	-1
 173 0090 4D       		.byte	77
 174 0091 A0       		.byte	-96
 175 0092 4F       		.byte	79
 176 0093 04       		.byte	4
 177 0094 50       		.byte	80
 178 0095 18       		.byte	24
 179 0096 52       		.byte	82
 180 0097 80       		.byte	-128
 181 0098 54       		.byte	84
 182 0099 05       		.byte	5
 183 009a 58       		.byte	88
 184 009b 04       		.byte	4
 185 009c 59       		.byte	89
 186 009d 04       		.byte	4
 187 009e 5A       		.byte	90
 188 009f 04       		.byte	4
 189 00a0 5B       		.byte	91
 190 00a1 04       		.byte	4
 191 00a2 5C       		.byte	92
 192 00a3 22       		.byte	34
 193 00a4 5D       		.byte	93
 194 00a5 22       		.byte	34
 195 00a6 5F       		.byte	95
 196 00a7 01       		.byte	1
 197 00a8 60       		.byte	96
 198 00a9 40       		.byte	64
 199 00aa 62       		.byte	98
 200 00ab C0       		.byte	-64
 201 00ac 64       		.byte	100
 202 00ad 40       		.byte	64
 203 00ae 65       		.byte	101
 204 00af 40       		.byte	64
 205 00b0 66       		.byte	102
 206 00b1 C0       		.byte	-64
 207 00b2 68       		.byte	104
 208 00b3 C0       		.byte	-64
 209 00b4 6A       		.byte	106
 210 00b5 C0       		.byte	-64
 211 00b6 6C       		.byte	108
 212 00b7 C0       		.byte	-64
 213 00b8 6E       		.byte	110
 214 00b9 C0       		.byte	-64
 215 00ba 82       		.byte	-126
 216 00bb 05       		.byte	5
 217 00bc 92       		.byte	-110
 218 00bd 02       		.byte	2
 219 00be 9F       		.byte	-97
 220 00bf 01       		.byte	1
 221 00c0 A2       		.byte	-94
 222 00c1 09       		.byte	9
 223 00c2 A6       		.byte	-90
 224 00c3 04       		.byte	4
 225 00c4 AD       		.byte	-83
 226 00c5 01       		.byte	1
 227 00c6 B0       		.byte	-80
 228 00c7 02       		.byte	2
ARM GAS  C:\Users\sdysart\AppData\Local\Temp\ccSQqOmg.s 			page 5


 229 00c8 B2       		.byte	-78
 230 00c9 04       		.byte	4
 231 00ca B4       		.byte	-76
 232 00cb 01       		.byte	1
 233 00cc B6       		.byte	-74
 234 00cd 08       		.byte	8
 235 00ce B7       		.byte	-73
 236 00cf 01       		.byte	1
 237 00d0 BE       		.byte	-66
 238 00d1 04       		.byte	4
 239 00d2 C0       		.byte	-64
 240 00d3 40       		.byte	64
 241 00d4 C1       		.byte	-63
 242 00d5 06       		.byte	6
 243 00d6 C5       		.byte	-59
 244 00d7 D2       		.byte	-46
 245 00d8 C6       		.byte	-58
 246 00d9 01       		.byte	1
 247 00da C7       		.byte	-57
 248 00db 02       		.byte	2
 249 00dc C8       		.byte	-56
 250 00dd 17       		.byte	23
 251 00de C9       		.byte	-55
 252 00df FF       		.byte	-1
 253 00e0 CA       		.byte	-54
 254 00e1 FF       		.byte	-1
 255 00e2 CB       		.byte	-53
 256 00e3 FF       		.byte	-1
 257 00e4 CD       		.byte	-51
 258 00e5 A0       		.byte	-96
 259 00e6 CF       		.byte	-49
 260 00e7 04       		.byte	4
 261 00e8 D0       		.byte	-48
 262 00e9 18       		.byte	24
 263 00ea D2       		.byte	-46
 264 00eb 80       		.byte	-128
 265 00ec D4       		.byte	-44
 266 00ed 05       		.byte	5
 267 00ee D8       		.byte	-40
 268 00ef 04       		.byte	4
 269 00f0 D9       		.byte	-39
 270 00f1 04       		.byte	4
 271 00f2 DA       		.byte	-38
 272 00f3 04       		.byte	4
 273 00f4 DB       		.byte	-37
 274 00f5 04       		.byte	4
 275 00f6 DC       		.byte	-36
 276 00f7 11       		.byte	17
 277 00f8 DD       		.byte	-35
 278 00f9 11       		.byte	17
 279 00fa DF       		.byte	-33
 280 00fb 01       		.byte	1
 281 00fc E0       		.byte	-32
 282 00fd 40       		.byte	64
 283 00fe E2       		.byte	-30
 284 00ff C0       		.byte	-64
 285 0100 E4       		.byte	-28
ARM GAS  C:\Users\sdysart\AppData\Local\Temp\ccSQqOmg.s 			page 6


 286 0101 40       		.byte	64
 287 0102 E5       		.byte	-27
 288 0103 40       		.byte	64
 289 0104 E6       		.byte	-26
 290 0105 C0       		.byte	-64
 291 0106 E8       		.byte	-24
 292 0107 C0       		.byte	-64
 293 0108 EA       		.byte	-22
 294 0109 C0       		.byte	-64
 295 010a EC       		.byte	-20
 296 010b C0       		.byte	-64
 297 010c EE       		.byte	-18
 298 010d C0       		.byte	-64
 299 010e 01       		.byte	1
 300 010f 02       		.byte	2
 301 0110 07       		.byte	7
 302 0111 40       		.byte	64
 303 0112 0B       		.byte	11
 304 0113 40       		.byte	64
 305 0114 0E       		.byte	14
 306 0115 20       		.byte	32
 307 0116 0F       		.byte	15
 308 0117 02       		.byte	2
 309 0118 10       		.byte	16
 310 0119 A0       		.byte	-96
 311 011a 16       		.byte	22
 312 011b A0       		.byte	-96
 313 011c 19       		.byte	25
 314 011d 46       		.byte	70
 315 011e 1A       		.byte	26
 316 011f 40       		.byte	64
 317 0120 1B       		.byte	27
 318 0121 20       		.byte	32
 319 0122 1D       		.byte	29
 320 0123 08       		.byte	8
 321 0124 1E       		.byte	30
 322 0125 2A       		.byte	42
 323 0126 1F       		.byte	31
 324 0127 02       		.byte	2
 325 0128 22       		.byte	34
 326 0129 40       		.byte	64
 327 012a 27       		.byte	39
 328 012b 40       		.byte	64
 329 012c 29       		.byte	41
 330 012d 40       		.byte	64
 331 012e 30       		.byte	48
 332 012f 80       		.byte	-128
 333 0130 3E       		.byte	62
 334 0131 20       		.byte	32
 335 0132 42       		.byte	66
 336 0133 40       		.byte	64
 337 0134 45       		.byte	69
 338 0135 0A       		.byte	10
 339 0136 48       		.byte	72
 340 0137 28       		.byte	40
 341 0138 49       		.byte	73
 342 0139 81       		.byte	-127
ARM GAS  C:\Users\sdysart\AppData\Local\Temp\ccSQqOmg.s 			page 7


 343 013a 4A       		.byte	74
 344 013b 01       		.byte	1
 345 013c 4F       		.byte	79
 346 013d 01       		.byte	1
 347 013e 50       		.byte	80
 348 013f 88       		.byte	-120
 349 0140 55       		.byte	85
 350 0141 02       		.byte	2
 351 0142 56       		.byte	86
 352 0143 20       		.byte	32
 353 0144 57       		.byte	87
 354 0145 01       		.byte	1
 355 0146 59       		.byte	89
 356 0147 05       		.byte	5
 357 0148 5A       		.byte	90
 358 0149 80       		.byte	-128
 359 014a 5D       		.byte	93
 360 014b 80       		.byte	-128
 361 014c 5E       		.byte	94
 362 014d 08       		.byte	8
 363 014e 5F       		.byte	95
 364 014f 01       		.byte	1
 365 0150 73       		.byte	115
 366 0151 40       		.byte	64
 367 0152 76       		.byte	118
 368 0153 80       		.byte	-128
 369 0154 83       		.byte	-125
 370 0155 02       		.byte	2
 371 0156 87       		.byte	-121
 372 0157 20       		.byte	32
 373 0158 C0       		.byte	-64
 374 0159 18       		.byte	24
 375 015a C2       		.byte	-62
 376 015b A8       		.byte	-88
 377 015c C4       		.byte	-60
 378 015d 3C       		.byte	60
 379 015e CA       		.byte	-54
 380 015f 08       		.byte	8
 381 0160 CC       		.byte	-52
 382 0161 08       		.byte	8
 383 0162 CE       		.byte	-50
 384 0163 20       		.byte	32
 385 0164 D0       		.byte	-48
 386 0165 C1       		.byte	-63
 387 0166 D2       		.byte	-46
 388 0167 04       		.byte	4
 389 0168 D6       		.byte	-42
 390 0169 DB       		.byte	-37
 391 016a E0       		.byte	-32
 392 016b 04       		.byte	4
 393 016c E4       		.byte	-28
 394 016d 08       		.byte	8
 395 016e 1F       		.byte	31
 396 016f 01       		.byte	1
 397 0170 2F       		.byte	47
 398 0171 01       		.byte	1
 399 0172 31       		.byte	49
ARM GAS  C:\Users\sdysart\AppData\Local\Temp\ccSQqOmg.s 			page 8


 400 0173 01       		.byte	1
 401 0174 40       		.byte	64
 402 0175 51       		.byte	81
 403 0176 49       		.byte	73
 404 0177 FF       		.byte	-1
 405 0178 4A       		.byte	74
 406 0179 FF       		.byte	-1
 407 017a 4B       		.byte	75
 408 017b FF       		.byte	-1
 409 017c 4F       		.byte	79
 410 017d 01       		.byte	1
 411 017e 50       		.byte	80
 412 017f 18       		.byte	24
 413 0180 59       		.byte	89
 414 0181 04       		.byte	4
 415 0182 5A       		.byte	90
 416 0183 04       		.byte	4
 417 0184 5C       		.byte	92
 418 0185 40       		.byte	64
 419 0186 5D       		.byte	93
 420 0187 04       		.byte	4
 421 0188 5F       		.byte	95
 422 0189 01       		.byte	1
 423 018a 60       		.byte	96
 424 018b 40       		.byte	64
 425 018c 62       		.byte	98
 426 018d 40       		.byte	64
 427 018e 64       		.byte	100
 428 018f 40       		.byte	64
 429 0190 65       		.byte	101
 430 0191 40       		.byte	64
 431 0192 66       		.byte	102
 432 0193 80       		.byte	-128
 433 0194 68       		.byte	104
 434 0195 80       		.byte	-128
 435 0196 6A       		.byte	106
 436 0197 80       		.byte	-128
 437 0198 6C       		.byte	108
 438 0199 80       		.byte	-128
 439 019a 6E       		.byte	110
 440 019b 80       		.byte	-128
 441 019c 9E       		.byte	-98
 442 019d 01       		.byte	1
 443 019e AE       		.byte	-82
 444 019f 01       		.byte	1
 445 01a0 B0       		.byte	-80
 446 01a1 01       		.byte	1
 447 01a2 BE       		.byte	-66
 448 01a3 01       		.byte	1
 449 01a4 C0       		.byte	-64
 450 01a5 41       		.byte	65
 451 01a6 C5       		.byte	-59
 452 01a7 EC       		.byte	-20
 453 01a8 C6       		.byte	-58
 454 01a9 02       		.byte	2
 455 01aa C8       		.byte	-56
 456 01ab 07       		.byte	7
ARM GAS  C:\Users\sdysart\AppData\Local\Temp\ccSQqOmg.s 			page 9


 457 01ac C9       		.byte	-55
 458 01ad FF       		.byte	-1
 459 01ae CA       		.byte	-54
 460 01af FF       		.byte	-1
 461 01b0 CB       		.byte	-53
 462 01b1 FF       		.byte	-1
 463 01b2 CD       		.byte	-51
 464 01b3 83       		.byte	-125
 465 01b4 CE       		.byte	-50
 466 01b5 03       		.byte	3
 467 01b6 CF       		.byte	-49
 468 01b7 01       		.byte	1
 469 01b8 D0       		.byte	-48
 470 01b9 18       		.byte	24
 471 01ba D2       		.byte	-46
 472 01bb 80       		.byte	-128
 473 01bc D4       		.byte	-44
 474 01bd 01       		.byte	1
 475 01be D8       		.byte	-40
 476 01bf 04       		.byte	4
 477 01c0 DA       		.byte	-38
 478 01c1 04       		.byte	4
 479 01c2 DB       		.byte	-37
 480 01c3 04       		.byte	4
 481 01c4 DD       		.byte	-35
 482 01c5 44       		.byte	68
 483 01c6 DF       		.byte	-33
 484 01c7 01       		.byte	1
 485 01c8 E0       		.byte	-32
 486 01c9 40       		.byte	64
 487 01ca E2       		.byte	-30
 488 01cb 40       		.byte	64
 489 01cc E4       		.byte	-28
 490 01cd 40       		.byte	64
 491 01ce E5       		.byte	-27
 492 01cf 40       		.byte	64
 493 01d0 E6       		.byte	-26
 494 01d1 80       		.byte	-128
 495 01d2 E8       		.byte	-24
 496 01d3 80       		.byte	-128
 497 01d4 EA       		.byte	-22
 498 01d5 80       		.byte	-128
 499 01d6 EC       		.byte	-20
 500 01d7 80       		.byte	-128
 501 01d8 EE       		.byte	-18
 502 01d9 80       		.byte	-128
 503 01da 0D       		.byte	13
 504 01db 80       		.byte	-128
 505 01dc 17       		.byte	23
 506 01dd 80       		.byte	-128
 507 01de 1E       		.byte	30
 508 01df 80       		.byte	-128
 509 01e0 21       		.byte	33
 510 01e1 01       		.byte	1
 511 01e2 2A       		.byte	42
 512 01e3 40       		.byte	64
 513 01e4 31       		.byte	49
ARM GAS  C:\Users\sdysart\AppData\Local\Temp\ccSQqOmg.s 			page 10


 514 01e5 80       		.byte	-128
 515 01e6 41       		.byte	65
 516 01e7 80       		.byte	-128
 517 01e8 45       		.byte	69
 518 01e9 80       		.byte	-128
 519 01ea 46       		.byte	70
 520 01eb 40       		.byte	64
 521 01ec 48       		.byte	72
 522 01ed 01       		.byte	1
 523 01ee 4D       		.byte	77
 524 01ef 04       		.byte	4
 525 01f0 4F       		.byte	79
 526 01f1 01       		.byte	1
 527 01f2 55       		.byte	85
 528 01f3 80       		.byte	-128
 529 01f4 5D       		.byte	93
 530 01f5 04       		.byte	4
 531 01f6 5E       		.byte	94
 532 01f7 80       		.byte	-128
 533 01f8 5F       		.byte	95
 534 01f9 01       		.byte	1
 535 01fa 74       		.byte	116
 536 01fb 01       		.byte	1
 537 01fc 76       		.byte	118
 538 01fd 40       		.byte	64
 539 01fe 77       		.byte	119
 540 01ff 80       		.byte	-128
 541 0200 85       		.byte	-123
 542 0201 01       		.byte	1
 543 0202 C2       		.byte	-62
 544 0203 80       		.byte	-128
 545 0204 C4       		.byte	-60
 546 0205 80       		.byte	-128
 547 0206 CA       		.byte	-54
 548 0207 08       		.byte	8
 549 0208 CC       		.byte	-52
 550 0209 08       		.byte	8
 551 020a D0       		.byte	-48
 552 020b 98       		.byte	-104
 553 020c D2       		.byte	-46
 554 020d 08       		.byte	8
 555 020e D6       		.byte	-42
 556 020f D0       		.byte	-48
 557 0210 40       		.byte	64
 558 0211 60       		.byte	96
 559 0212 41       		.byte	65
 560 0213 05       		.byte	5
 561 0214 49       		.byte	73
 562 0215 FF       		.byte	-1
 563 0216 4A       		.byte	74
 564 0217 FF       		.byte	-1
 565 0218 4B       		.byte	75
 566 0219 FF       		.byte	-1
 567 021a 4D       		.byte	77
 568 021b A0       		.byte	-96
 569 021c 4F       		.byte	79
 570 021d 04       		.byte	4
ARM GAS  C:\Users\sdysart\AppData\Local\Temp\ccSQqOmg.s 			page 11


 571 021e 50       		.byte	80
 572 021f 18       		.byte	24
 573 0220 5A       		.byte	90
 574 0221 04       		.byte	4
 575 0222 5D       		.byte	93
 576 0223 03       		.byte	3
 577 0224 5F       		.byte	95
 578 0225 01       		.byte	1
 579 0226 60       		.byte	96
 580 0227 40       		.byte	64
 581 0228 62       		.byte	98
 582 0229 C0       		.byte	-64
 583 022a 64       		.byte	100
 584 022b 40       		.byte	64
 585 022c 65       		.byte	101
 586 022d 40       		.byte	64
 587 022e 66       		.byte	102
 588 022f C0       		.byte	-64
 589 0230 68       		.byte	104
 590 0231 C0       		.byte	-64
 591 0232 6A       		.byte	106
 592 0233 C0       		.byte	-64
 593 0234 6C       		.byte	108
 594 0235 C0       		.byte	-64
 595 0236 6E       		.byte	110
 596 0237 C0       		.byte	-64
 597 0238 8E       		.byte	-114
 598 0239 02       		.byte	2
 599 023a 92       		.byte	-110
 600 023b 01       		.byte	1
 601 023c 9A       		.byte	-102
 602 023d 06       		.byte	6
 603 023e 9B       		.byte	-101
 604 023f 01       		.byte	1
 605 0240 A6       		.byte	-90
 606 0241 0C       		.byte	12
 607 0242 AD       		.byte	-83
 608 0243 01       		.byte	1
 609 0244 B0       		.byte	-80
 610 0245 04       		.byte	4
 611 0246 B2       		.byte	-78
 612 0247 02       		.byte	2
 613 0248 B4       		.byte	-76
 614 0249 01       		.byte	1
 615 024a B6       		.byte	-74
 616 024b 08       		.byte	8
 617 024c B7       		.byte	-73
 618 024d 01       		.byte	1
 619 024e BE       		.byte	-66
 620 024f 04       		.byte	4
 621 0250 C0       		.byte	-64
 622 0251 20       		.byte	32
 623 0252 C1       		.byte	-63
 624 0253 05       		.byte	5
 625 0254 C5       		.byte	-59
 626 0255 D1       		.byte	-47
 627 0256 C7       		.byte	-57
ARM GAS  C:\Users\sdysart\AppData\Local\Temp\ccSQqOmg.s 			page 12


 628 0257 20       		.byte	32
 629 0258 C8       		.byte	-56
 630 0259 23       		.byte	35
 631 025a C9       		.byte	-55
 632 025b FF       		.byte	-1
 633 025c CA       		.byte	-54
 634 025d FF       		.byte	-1
 635 025e CB       		.byte	-53
 636 025f FF       		.byte	-1
 637 0260 CD       		.byte	-51
 638 0261 AF       		.byte	-81
 639 0262 CE       		.byte	-50
 640 0263 0F       		.byte	15
 641 0264 CF       		.byte	-49
 642 0265 04       		.byte	4
 643 0266 D0       		.byte	-48
 644 0267 18       		.byte	24
 645 0268 D2       		.byte	-46
 646 0269 80       		.byte	-128
 647 026a D4       		.byte	-44
 648 026b 05       		.byte	5
 649 026c D8       		.byte	-40
 650 026d 04       		.byte	4
 651 026e D9       		.byte	-39
 652 026f 04       		.byte	4
 653 0270 DA       		.byte	-38
 654 0271 04       		.byte	4
 655 0272 DB       		.byte	-37
 656 0273 04       		.byte	4
 657 0274 DC       		.byte	-36
 658 0275 33       		.byte	51
 659 0276 DD       		.byte	-35
 660 0277 33       		.byte	51
 661 0278 DF       		.byte	-33
 662 0279 01       		.byte	1
 663 027a E0       		.byte	-32
 664 027b 40       		.byte	64
 665 027c E2       		.byte	-30
 666 027d C0       		.byte	-64
 667 027e E4       		.byte	-28
 668 027f 40       		.byte	64
 669 0280 E5       		.byte	-27
 670 0281 40       		.byte	64
 671 0282 E6       		.byte	-26
 672 0283 C0       		.byte	-64
 673 0284 E8       		.byte	-24
 674 0285 C0       		.byte	-64
 675 0286 EA       		.byte	-22
 676 0287 C0       		.byte	-64
 677 0288 EC       		.byte	-20
 678 0289 C0       		.byte	-64
 679 028a EE       		.byte	-18
 680 028b C0       		.byte	-64
 681 028c 02       		.byte	2
 682 028d 02       		.byte	2
 683 028e 09       		.byte	9
 684 028f 02       		.byte	2
ARM GAS  C:\Users\sdysart\AppData\Local\Temp\ccSQqOmg.s 			page 13


 685 0290 0A       		.byte	10
 686 0291 04       		.byte	4
 687 0292 10       		.byte	16
 688 0293 20       		.byte	32
 689 0294 18       		.byte	24
 690 0295 40       		.byte	64
 691 0296 19       		.byte	25
 692 0297 44       		.byte	68
 693 0298 1A       		.byte	26
 694 0299 04       		.byte	4
 695 029a 1B       		.byte	27
 696 029b 10       		.byte	16
 697 029c 22       		.byte	34
 698 029d 40       		.byte	64
 699 029e 29       		.byte	41
 700 029f 40       		.byte	64
 701 02a0 30       		.byte	48
 702 02a1 20       		.byte	32
 703 02a2 42       		.byte	66
 704 02a3 04       		.byte	4
 705 02a4 48       		.byte	72
 706 02a5 20       		.byte	32
 707 02a6 49       		.byte	73
 708 02a7 01       		.byte	1
 709 02a8 4A       		.byte	74
 710 02a9 02       		.byte	2
 711 02aa 4E       		.byte	78
 712 02ab 02       		.byte	2
 713 02ac 4F       		.byte	79
 714 02ad 20       		.byte	32
 715 02ae 52       		.byte	82
 716 02af 02       		.byte	2
 717 02b0 59       		.byte	89
 718 02b1 05       		.byte	5
 719 02b2 5A       		.byte	90
 720 02b3 80       		.byte	-128
 721 02b4 71       		.byte	113
 722 02b5 02       		.byte	2
 723 02b6 C0       		.byte	-64
 724 02b7 01       		.byte	1
 725 02b8 C2       		.byte	-62
 726 02b9 0A       		.byte	10
 727 02ba C4       		.byte	-60
 728 02bb 04       		.byte	4
 729 02bc CA       		.byte	-54
 730 02bd 08       		.byte	8
 731 02be CC       		.byte	-52
 732 02bf 04       		.byte	4
 733 02c0 D0       		.byte	-48
 734 02c1 04       		.byte	4
 735 02c2 D2       		.byte	-46
 736 02c3 38       		.byte	56
 737 02c4 D6       		.byte	-42
 738 02c5 0B       		.byte	11
 739 02c6 40       		.byte	64
 740 02c7 30       		.byte	48
 741 02c8 41       		.byte	65
ARM GAS  C:\Users\sdysart\AppData\Local\Temp\ccSQqOmg.s 			page 14


 742 02c9 02       		.byte	2
 743 02ca 49       		.byte	73
 744 02cb FF       		.byte	-1
 745 02cc 4A       		.byte	74
 746 02cd FF       		.byte	-1
 747 02ce 4B       		.byte	75
 748 02cf FF       		.byte	-1
 749 02d0 4D       		.byte	77
 750 02d1 A0       		.byte	-96
 751 02d2 4F       		.byte	79
 752 02d3 04       		.byte	4
 753 02d4 50       		.byte	80
 754 02d5 18       		.byte	24
 755 02d6 5A       		.byte	90
 756 02d7 04       		.byte	4
 757 02d8 5F       		.byte	95
 758 02d9 01       		.byte	1
 759 02da 60       		.byte	96
 760 02db 40       		.byte	64
 761 02dc 62       		.byte	98
 762 02dd C0       		.byte	-64
 763 02de 64       		.byte	100
 764 02df 40       		.byte	64
 765 02e0 65       		.byte	101
 766 02e1 40       		.byte	64
 767 02e2 66       		.byte	102
 768 02e3 C0       		.byte	-64
 769 02e4 68       		.byte	104
 770 02e5 C0       		.byte	-64
 771 02e6 6A       		.byte	106
 772 02e7 C0       		.byte	-64
 773 02e8 6C       		.byte	108
 774 02e9 C0       		.byte	-64
 775 02ea 6E       		.byte	110
 776 02eb C0       		.byte	-64
 777 02ec 83       		.byte	-125
 778 02ed 01       		.byte	1
 779 02ee 8A       		.byte	-118
 780 02ef 06       		.byte	6
 781 02f0 96       		.byte	-106
 782 02f1 02       		.byte	2
 783 02f2 9E       		.byte	-98
 784 02f3 0C       		.byte	12
 785 02f4 AD       		.byte	-83
 786 02f5 01       		.byte	1
 787 02f6 AE       		.byte	-82
 788 02f7 01       		.byte	1
 789 02f8 B0       		.byte	-80
 790 02f9 08       		.byte	8
 791 02fa B2       		.byte	-78
 792 02fb 01       		.byte	1
 793 02fc B4       		.byte	-76
 794 02fd 02       		.byte	2
 795 02fe B6       		.byte	-74
 796 02ff 04       		.byte	4
 797 0300 B7       		.byte	-73
 798 0301 01       		.byte	1
ARM GAS  C:\Users\sdysart\AppData\Local\Temp\ccSQqOmg.s 			page 15


 799 0302 BE       		.byte	-66
 800 0303 10       		.byte	16
 801 0304 C0       		.byte	-64
 802 0305 30       		.byte	48
 803 0306 C1       		.byte	-63
 804 0307 02       		.byte	2
 805 0308 C5       		.byte	-59
 806 0309 D0       		.byte	-48
 807 030a C6       		.byte	-58
 808 030b 20       		.byte	32
 809 030c C7       		.byte	-57
 810 030d 10       		.byte	16
 811 030e C8       		.byte	-56
 812 030f 2A       		.byte	42
 813 0310 C9       		.byte	-55
 814 0311 FF       		.byte	-1
 815 0312 CA       		.byte	-54
 816 0313 FF       		.byte	-1
 817 0314 CB       		.byte	-53
 818 0315 FF       		.byte	-1
 819 0316 CD       		.byte	-51
 820 0317 AF       		.byte	-81
 821 0318 CE       		.byte	-50
 822 0319 0F       		.byte	15
 823 031a CF       		.byte	-49
 824 031b 04       		.byte	4
 825 031c D0       		.byte	-48
 826 031d 18       		.byte	24
 827 031e D2       		.byte	-46
 828 031f 80       		.byte	-128
 829 0320 D4       		.byte	-44
 830 0321 05       		.byte	5
 831 0322 D8       		.byte	-40
 832 0323 04       		.byte	4
 833 0324 D9       		.byte	-39
 834 0325 04       		.byte	4
 835 0326 DA       		.byte	-38
 836 0327 04       		.byte	4
 837 0328 DB       		.byte	-37
 838 0329 04       		.byte	4
 839 032a DF       		.byte	-33
 840 032b 01       		.byte	1
 841 032c E0       		.byte	-32
 842 032d 40       		.byte	64
 843 032e E2       		.byte	-30
 844 032f C0       		.byte	-64
 845 0330 E4       		.byte	-28
 846 0331 40       		.byte	64
 847 0332 E5       		.byte	-27
 848 0333 40       		.byte	64
 849 0334 E6       		.byte	-26
 850 0335 C0       		.byte	-64
 851 0336 E8       		.byte	-24
 852 0337 C0       		.byte	-64
 853 0338 EA       		.byte	-22
 854 0339 C0       		.byte	-64
 855 033a EC       		.byte	-20
ARM GAS  C:\Users\sdysart\AppData\Local\Temp\ccSQqOmg.s 			page 16


 856 033b C0       		.byte	-64
 857 033c EE       		.byte	-18
 858 033d C0       		.byte	-64
 859 033e 04       		.byte	4
 860 033f 10       		.byte	16
 861 0340 0F       		.byte	15
 862 0341 22       		.byte	34
 863 0342 17       		.byte	23
 864 0343 40       		.byte	64
 865 0344 1C       		.byte	28
 866 0345 10       		.byte	16
 867 0346 1D       		.byte	29
 868 0347 88       		.byte	-120
 869 0348 1E       		.byte	30
 870 0349 08       		.byte	8
 871 034a 1F       		.byte	31
 872 034b 02       		.byte	2
 873 034c 26       		.byte	38
 874 034d 40       		.byte	64
 875 034e 2F       		.byte	47
 876 034f 02       		.byte	2
 877 0350 3F       		.byte	63
 878 0351 02       		.byte	2
 879 0352 40       		.byte	64
 880 0353 10       		.byte	16
 881 0354 41       		.byte	65
 882 0355 20       		.byte	32
 883 0356 45       		.byte	69
 884 0357 28       		.byte	40
 885 0358 4F       		.byte	79
 886 0359 01       		.byte	1
 887 035a 55       		.byte	85
 888 035b 20       		.byte	32
 889 035c 57       		.byte	87
 890 035d 11       		.byte	17
 891 035e 5E       		.byte	94
 892 035f 88       		.byte	-120
 893 0360 5F       		.byte	95
 894 0361 01       		.byte	1
 895 0362 77       		.byte	119
 896 0363 40       		.byte	64
 897 0364 85       		.byte	-123
 898 0365 80       		.byte	-128
 899 0366 A8       		.byte	-88
 900 0367 40       		.byte	64
 901 0368 C0       		.byte	-64
 902 0369 40       		.byte	64
 903 036a C2       		.byte	-62
 904 036b A0       		.byte	-96
 905 036c C4       		.byte	-60
 906 036d 80       		.byte	-128
 907 036e CA       		.byte	-54
 908 036f 10       		.byte	16
 909 0370 CE       		.byte	-50
 910 0371 80       		.byte	-128
 911 0372 D0       		.byte	-48
 912 0373 66       		.byte	102
ARM GAS  C:\Users\sdysart\AppData\Local\Temp\ccSQqOmg.s 			page 17


 913 0374 D6       		.byte	-42
 914 0375 D0       		.byte	-48
 915 0376 E4       		.byte	-28
 916 0377 02       		.byte	2
 917 0378 EC       		.byte	-20
 918 0379 04       		.byte	4
 919 037a 32       		.byte	50
 920 037b 20       		.byte	32
 921 037c CC       		.byte	-52
 922 037d 10       		.byte	16
 923 037e A6       		.byte	-90
 924 037f 20       		.byte	32
 925 0380 A6       		.byte	-90
 926 0381 20       		.byte	32
 927 0382 A6       		.byte	-90
 928 0383 20       		.byte	32
 929 0384 82       		.byte	-126
 930 0385 01       		.byte	1
 931 0386 87       		.byte	-121
 932 0387 04       		.byte	4
 933 0388 A6       		.byte	-90
 934 0389 20       		.byte	32
 935 038a 86       		.byte	-122
 936 038b 20       		.byte	32
 937 038c A6       		.byte	-90
 938 038d 20       		.byte	32
 939 038e E6       		.byte	-26
 940 038f 40       		.byte	64
 941 0390 53       		.byte	83
 942 0391 04       		.byte	4
 943 0392 59       		.byte	89
 944 0393 08       		.byte	8
 945 0394 62       		.byte	98
 946 0395 01       		.byte	1
 947 0396 66       		.byte	102
 948 0397 08       		.byte	8
 949 0398 93       		.byte	-109
 950 0399 08       		.byte	8
 951 039a 9A       		.byte	-102
 952 039b 01       		.byte	1
 953 039c D4       		.byte	-44
 954 039d 04       		.byte	4
 955 039e D6       		.byte	-42
 956 039f 02       		.byte	2
 957 03a0 D8       		.byte	-40
 958 03a1 03       		.byte	3
 959 03a2 86       		.byte	-122
 960 03a3 08       		.byte	8
 961 03a4 9E       		.byte	-98
 962 03a5 08       		.byte	8
 963 03a6 A9       		.byte	-87
 964 03a7 08       		.byte	8
 965 03a8 00       		.byte	0
 966 03a9 06       		.byte	6
 967 03aa 0C       		.byte	12
 968 03ab 06       		.byte	6
 969 03ac 10       		.byte	16
ARM GAS  C:\Users\sdysart\AppData\Local\Temp\ccSQqOmg.s 			page 18


 970 03ad 19       		.byte	25
 971 03ae 1A       		.byte	26
 972 03af 10       		.byte	16
 973 03b0 1C       		.byte	28
 974 03b1 09       		.byte	9
 975 03b2 00       		.byte	0
 976 03b3 03       		.byte	3
 977 03b4 00       		.byte	0
 978 03b5 DF       		.byte	-33
 979 03b6 DF       		.byte	-33
 980 03b7 00       		.byte	0
 981 03b8 D4       		.byte	-44
 982 03b9 00       		.byte	0
 983 03ba 00       		.byte	0
 984 03bb 00       		.byte	0
 985              		.section	.cywolatch,"a",%progbits
 986              		.align	2
 987              		.type	cy_meta_wonvl, %object
 988              		.size	cy_meta_wonvl, 4
 989              	cy_meta_wonvl:
 990 0000 BC       		.byte	-68
 991 0001 90       		.byte	-112
 992 0002 AC       		.byte	-84
 993 0003 AF       		.byte	-81
 994              		.section	.cycustnvl,"a",%progbits
 995              		.align	2
 996              		.type	cy_meta_custnvl, %object
 997              		.size	cy_meta_custnvl, 4
 998              	cy_meta_custnvl:
 999 0000 00       		.byte	0
 1000 0001 00       		.byte	0
 1001 0002 40       		.byte	64
 1002 0003 05       		.byte	5
 1003              		.section	.cymeta,"a",%progbits
 1004              		.align	2
 1005              		.type	cy_metadata, %object
 1006              		.size	cy_metadata, 12
 1007              	cy_metadata:
 1008 0000 00       		.byte	0
 1009 0001 01       		.byte	1
 1010 0002 2E       		.byte	46
 1011 0003 16       		.byte	22
 1012 0004 10       		.byte	16
 1013 0005 69       		.byte	105
 1014 0006 00       		.byte	0
 1015 0007 01       		.byte	1
 1016 0008 00       		.byte	0
 1017 0009 00       		.byte	0
 1018 000a 00       		.byte	0
 1019 000b 00       		.byte	0
 1020              		.section	.cyflashprotect,"a",%progbits
 1021              		.align	2
 1022              		.type	cy_meta_flashprotect, %object
 1023              		.size	cy_meta_flashprotect, 256
 1024              	cy_meta_flashprotect:
 1025 0000 00000000 		.space	256
 1025      00000000 
ARM GAS  C:\Users\sdysart\AppData\Local\Temp\ccSQqOmg.s 			page 19


 1025      00000000 
 1025      00000000 
 1025      00000000 
 1026              		.text
 1027              	.Letext0:
 1028              		.file 1 "c:\\program files (x86)\\cypress\\psoc creator\\4.1\\psoc creator\\import\\gnu\\arm\\5.4.
 1029              		.file 2 "c:\\program files (x86)\\cypress\\psoc creator\\4.1\\psoc creator\\import\\gnu\\arm\\5.4.
 1030              		.file 3 "Generated_Source\\PSoC5\\cymetadata.c"
 1031              		.section	.debug_info,"",%progbits
 1032              	.Ldebug_info0:
 1033 0000 31010000 		.4byte	0x131
 1034 0004 0400     		.2byte	0x4
 1035 0006 00000000 		.4byte	.Ldebug_abbrev0
 1036 000a 04       		.byte	0x4
 1037 000b 01       		.uleb128 0x1
 1038 000c 24000000 		.4byte	.LASF17
 1039 0010 0C       		.byte	0xc
 1040 0011 C6010000 		.4byte	.LASF18
 1041 0015 D7000000 		.4byte	.LASF19
 1042 0019 00000000 		.4byte	.Ldebug_line0
 1043 001d 02       		.uleb128 0x2
 1044 001e 01       		.byte	0x1
 1045 001f 06       		.byte	0x6
 1046 0020 BA010000 		.4byte	.LASF0
 1047 0024 03       		.uleb128 0x3
 1048 0025 00000000 		.4byte	.LASF9
 1049 0029 01       		.byte	0x1
 1050 002a 1D       		.byte	0x1d
 1051 002b 2F000000 		.4byte	0x2f
 1052 002f 02       		.uleb128 0x2
 1053 0030 01       		.byte	0x1
 1054 0031 08       		.byte	0x8
 1055 0032 16000000 		.4byte	.LASF1
 1056 0036 02       		.uleb128 0x2
 1057 0037 02       		.byte	0x2
 1058 0038 05       		.byte	0x5
 1059 0039 A7010000 		.4byte	.LASF2
 1060 003d 02       		.uleb128 0x2
 1061 003e 02       		.byte	0x2
 1062 003f 07       		.byte	0x7
 1063 0040 C4000000 		.4byte	.LASF3
 1064 0044 02       		.uleb128 0x2
 1065 0045 04       		.byte	0x4
 1066 0046 05       		.byte	0x5
 1067 0047 B1010000 		.4byte	.LASF4
 1068 004b 02       		.uleb128 0x2
 1069 004c 04       		.byte	0x4
 1070 004d 07       		.byte	0x7
 1071 004e B2000000 		.4byte	.LASF5
 1072 0052 02       		.uleb128 0x2
 1073 0053 08       		.byte	0x8
 1074 0054 05       		.byte	0x5
 1075 0055 99010000 		.4byte	.LASF6
 1076 0059 02       		.uleb128 0x2
 1077 005a 08       		.byte	0x8
 1078 005b 07       		.byte	0x7
 1079 005c 4E010000 		.4byte	.LASF7
ARM GAS  C:\Users\sdysart\AppData\Local\Temp\ccSQqOmg.s 			page 20


 1080 0060 04       		.uleb128 0x4
 1081 0061 04       		.byte	0x4
 1082 0062 05       		.byte	0x5
 1083 0063 696E7400 		.ascii	"int\000"
 1084 0067 02       		.uleb128 0x2
 1085 0068 04       		.byte	0x4
 1086 0069 07       		.byte	0x7
 1087 006a 41010000 		.4byte	.LASF8
 1088 006e 03       		.uleb128 0x3
 1089 006f 65010000 		.4byte	.LASF10
 1090 0073 02       		.byte	0x2
 1091 0074 18       		.byte	0x18
 1092 0075 24000000 		.4byte	0x24
 1093 0079 05       		.uleb128 0x5
 1094 007a 91000000 		.4byte	0x91
 1095 007e 8A000000 		.4byte	0x8a
 1096 0082 06       		.uleb128 0x6
 1097 0083 8A000000 		.4byte	0x8a
 1098 0087 BB03     		.2byte	0x3bb
 1099 0089 00       		.byte	0
 1100 008a 02       		.uleb128 0x2
 1101 008b 04       		.byte	0x4
 1102 008c 07       		.byte	0x7
 1103 008d 90010000 		.4byte	.LASF11
 1104 0091 07       		.uleb128 0x7
 1105 0092 6E000000 		.4byte	0x6e
 1106 0096 08       		.uleb128 0x8
 1107 0097 2F010000 		.4byte	.LASF12
 1108 009b 03       		.byte	0x3
 1109 009c 1F       		.byte	0x1f
 1110 009d A7000000 		.4byte	0xa7
 1111 00a1 05       		.uleb128 0x5
 1112 00a2 03       		.byte	0x3
 1113 00a3 00000000 		.4byte	cy_meta_configecc
 1114 00a7 07       		.uleb128 0x7
 1115 00a8 79000000 		.4byte	0x79
 1116 00ac 05       		.uleb128 0x5
 1117 00ad 91000000 		.4byte	0x91
 1118 00b1 BC000000 		.4byte	0xbc
 1119 00b5 09       		.uleb128 0x9
 1120 00b6 8A000000 		.4byte	0x8a
 1121 00ba 03       		.byte	0x3
 1122 00bb 00       		.byte	0
 1123 00bc 08       		.uleb128 0x8
 1124 00bd 1F010000 		.4byte	.LASF13
 1125 00c1 03       		.byte	0x3
 1126 00c2 A4       		.byte	0xa4
 1127 00c3 CD000000 		.4byte	0xcd
 1128 00c7 05       		.uleb128 0x5
 1129 00c8 03       		.byte	0x3
 1130 00c9 00000000 		.4byte	cy_meta_custnvl
 1131 00cd 07       		.uleb128 0x7
 1132 00ce AC000000 		.4byte	0xac
 1133 00d2 08       		.uleb128 0x8
 1134 00d3 82010000 		.4byte	.LASF14
 1135 00d7 03       		.byte	0x3
 1136 00d8 B2       		.byte	0xb2
ARM GAS  C:\Users\sdysart\AppData\Local\Temp\ccSQqOmg.s 			page 21


 1137 00d9 E3000000 		.4byte	0xe3
 1138 00dd 05       		.uleb128 0x5
 1139 00de 03       		.byte	0x3
 1140 00df 00000000 		.4byte	cy_meta_wonvl
 1141 00e3 07       		.uleb128 0x7
 1142 00e4 AC000000 		.4byte	0xac
 1143 00e8 05       		.uleb128 0x5
 1144 00e9 91000000 		.4byte	0x91
 1145 00ed F8000000 		.4byte	0xf8
 1146 00f1 09       		.uleb128 0x9
 1147 00f2 8A000000 		.4byte	0x8a
 1148 00f6 FF       		.byte	0xff
 1149 00f7 00       		.byte	0
 1150 00f8 08       		.uleb128 0x8
 1151 00f9 6D010000 		.4byte	.LASF15
 1152 00fd 03       		.byte	0x3
 1153 00fe C0       		.byte	0xc0
 1154 00ff 09010000 		.4byte	0x109
 1155 0103 05       		.uleb128 0x5
 1156 0104 03       		.byte	0x3
 1157 0105 00000000 		.4byte	cy_meta_flashprotect
 1158 0109 07       		.uleb128 0x7
 1159 010a E8000000 		.4byte	0xe8
 1160 010e 05       		.uleb128 0x5
 1161 010f 91000000 		.4byte	0x91
 1162 0113 1E010000 		.4byte	0x11e
 1163 0117 09       		.uleb128 0x9
 1164 0118 8A000000 		.4byte	0x8a
 1165 011c 0B       		.byte	0xb
 1166 011d 00       		.byte	0
 1167 011e 08       		.uleb128 0x8
 1168 011f 0A000000 		.4byte	.LASF16
 1169 0123 03       		.byte	0x3
 1170 0124 ED       		.byte	0xed
 1171 0125 2F010000 		.4byte	0x12f
 1172 0129 05       		.uleb128 0x5
 1173 012a 03       		.byte	0x3
 1174 012b 00000000 		.4byte	cy_metadata
 1175 012f 07       		.uleb128 0x7
 1176 0130 0E010000 		.4byte	0x10e
 1177 0134 00       		.byte	0
 1178              		.section	.debug_abbrev,"",%progbits
 1179              	.Ldebug_abbrev0:
 1180 0000 01       		.uleb128 0x1
 1181 0001 11       		.uleb128 0x11
 1182 0002 01       		.byte	0x1
 1183 0003 25       		.uleb128 0x25
 1184 0004 0E       		.uleb128 0xe
 1185 0005 13       		.uleb128 0x13
 1186 0006 0B       		.uleb128 0xb
 1187 0007 03       		.uleb128 0x3
 1188 0008 0E       		.uleb128 0xe
 1189 0009 1B       		.uleb128 0x1b
 1190 000a 0E       		.uleb128 0xe
 1191 000b 10       		.uleb128 0x10
 1192 000c 17       		.uleb128 0x17
 1193 000d 00       		.byte	0
ARM GAS  C:\Users\sdysart\AppData\Local\Temp\ccSQqOmg.s 			page 22


 1194 000e 00       		.byte	0
 1195 000f 02       		.uleb128 0x2
 1196 0010 24       		.uleb128 0x24
 1197 0011 00       		.byte	0
 1198 0012 0B       		.uleb128 0xb
 1199 0013 0B       		.uleb128 0xb
 1200 0014 3E       		.uleb128 0x3e
 1201 0015 0B       		.uleb128 0xb
 1202 0016 03       		.uleb128 0x3
 1203 0017 0E       		.uleb128 0xe
 1204 0018 00       		.byte	0
 1205 0019 00       		.byte	0
 1206 001a 03       		.uleb128 0x3
 1207 001b 16       		.uleb128 0x16
 1208 001c 00       		.byte	0
 1209 001d 03       		.uleb128 0x3
 1210 001e 0E       		.uleb128 0xe
 1211 001f 3A       		.uleb128 0x3a
 1212 0020 0B       		.uleb128 0xb
 1213 0021 3B       		.uleb128 0x3b
 1214 0022 0B       		.uleb128 0xb
 1215 0023 49       		.uleb128 0x49
 1216 0024 13       		.uleb128 0x13
 1217 0025 00       		.byte	0
 1218 0026 00       		.byte	0
 1219 0027 04       		.uleb128 0x4
 1220 0028 24       		.uleb128 0x24
 1221 0029 00       		.byte	0
 1222 002a 0B       		.uleb128 0xb
 1223 002b 0B       		.uleb128 0xb
 1224 002c 3E       		.uleb128 0x3e
 1225 002d 0B       		.uleb128 0xb
 1226 002e 03       		.uleb128 0x3
 1227 002f 08       		.uleb128 0x8
 1228 0030 00       		.byte	0
 1229 0031 00       		.byte	0
 1230 0032 05       		.uleb128 0x5
 1231 0033 01       		.uleb128 0x1
 1232 0034 01       		.byte	0x1
 1233 0035 49       		.uleb128 0x49
 1234 0036 13       		.uleb128 0x13
 1235 0037 01       		.uleb128 0x1
 1236 0038 13       		.uleb128 0x13
 1237 0039 00       		.byte	0
 1238 003a 00       		.byte	0
 1239 003b 06       		.uleb128 0x6
 1240 003c 21       		.uleb128 0x21
 1241 003d 00       		.byte	0
 1242 003e 49       		.uleb128 0x49
 1243 003f 13       		.uleb128 0x13
 1244 0040 2F       		.uleb128 0x2f
 1245 0041 05       		.uleb128 0x5
 1246 0042 00       		.byte	0
 1247 0043 00       		.byte	0
 1248 0044 07       		.uleb128 0x7
 1249 0045 26       		.uleb128 0x26
 1250 0046 00       		.byte	0
ARM GAS  C:\Users\sdysart\AppData\Local\Temp\ccSQqOmg.s 			page 23


 1251 0047 49       		.uleb128 0x49
 1252 0048 13       		.uleb128 0x13
 1253 0049 00       		.byte	0
 1254 004a 00       		.byte	0
 1255 004b 08       		.uleb128 0x8
 1256 004c 34       		.uleb128 0x34
 1257 004d 00       		.byte	0
 1258 004e 03       		.uleb128 0x3
 1259 004f 0E       		.uleb128 0xe
 1260 0050 3A       		.uleb128 0x3a
 1261 0051 0B       		.uleb128 0xb
 1262 0052 3B       		.uleb128 0x3b
 1263 0053 0B       		.uleb128 0xb
 1264 0054 49       		.uleb128 0x49
 1265 0055 13       		.uleb128 0x13
 1266 0056 3F       		.uleb128 0x3f
 1267 0057 19       		.uleb128 0x19
 1268 0058 02       		.uleb128 0x2
 1269 0059 18       		.uleb128 0x18
 1270 005a 00       		.byte	0
 1271 005b 00       		.byte	0
 1272 005c 09       		.uleb128 0x9
 1273 005d 21       		.uleb128 0x21
 1274 005e 00       		.byte	0
 1275 005f 49       		.uleb128 0x49
 1276 0060 13       		.uleb128 0x13
 1277 0061 2F       		.uleb128 0x2f
 1278 0062 0B       		.uleb128 0xb
 1279 0063 00       		.byte	0
 1280 0064 00       		.byte	0
 1281 0065 00       		.byte	0
 1282              		.section	.debug_aranges,"",%progbits
 1283 0000 14000000 		.4byte	0x14
 1284 0004 0200     		.2byte	0x2
 1285 0006 00000000 		.4byte	.Ldebug_info0
 1286 000a 04       		.byte	0x4
 1287 000b 00       		.byte	0
 1288 000c 0000     		.2byte	0
 1289 000e 0000     		.2byte	0
 1290 0010 00000000 		.4byte	0
 1291 0014 00000000 		.4byte	0
 1292              		.section	.debug_line,"",%progbits
 1293              	.Ldebug_line0:
 1294 0000 3D010000 		.section	.debug_str,"MS",%progbits,1
 1294      02003701 
 1294      00000201 
 1294      FB0E0D00 
 1294      01010101 
 1295              	.LASF9:
 1296 0000 5F5F7569 		.ascii	"__uint8_t\000"
 1296      6E74385F 
 1296      7400
 1297              	.LASF16:
 1298 000a 63795F6D 		.ascii	"cy_metadata\000"
 1298      65746164 
 1298      61746100 
 1299              	.LASF1:
ARM GAS  C:\Users\sdysart\AppData\Local\Temp\ccSQqOmg.s 			page 24


 1300 0016 756E7369 		.ascii	"unsigned char\000"
 1300      676E6564 
 1300      20636861 
 1300      7200
 1301              	.LASF17:
 1302 0024 474E5520 		.ascii	"GNU C11 5.4.1 20160609 (release) [ARM/embedded-5-br"
 1302      43313120 
 1302      352E342E 
 1302      31203230 
 1302      31363036 
 1303 0057 616E6368 		.ascii	"anch revision 237715] -mcpu=cortex-m3 -mthumb -g -O"
 1303      20726576 
 1303      6973696F 
 1303      6E203233 
 1303      37373135 
 1304 008a 67202D66 		.ascii	"g -ffunction-sections -ffat-lto-objects\000"
 1304      66756E63 
 1304      74696F6E 
 1304      2D736563 
 1304      74696F6E 
 1305              	.LASF5:
 1306 00b2 6C6F6E67 		.ascii	"long unsigned int\000"
 1306      20756E73 
 1306      69676E65 
 1306      6420696E 
 1306      7400
 1307              	.LASF3:
 1308 00c4 73686F72 		.ascii	"short unsigned int\000"
 1308      7420756E 
 1308      7369676E 
 1308      65642069 
 1308      6E7400
 1309              	.LASF19:
 1310 00d7 433A5C55 		.ascii	"C:\\Users\\sdysart\\Documents\\UACS\\UACS\\HighFreq"
 1310      73657273 
 1310      5C736479 
 1310      73617274 
 1310      5C446F63 
 1311 0104 46534B5C 		.ascii	"FSK\\HighFAlternating.cydsn\000"
 1311      48696768 
 1311      46416C74 
 1311      65726E61 
 1311      74696E67 
 1312              	.LASF13:
 1313 011f 63795F6D 		.ascii	"cy_meta_custnvl\000"
 1313      6574615F 
 1313      63757374 
 1313      6E766C00 
 1314              	.LASF12:
 1315 012f 63795F6D 		.ascii	"cy_meta_configecc\000"
 1315      6574615F 
 1315      636F6E66 
 1315      69676563 
 1315      6300
 1316              	.LASF8:
 1317 0141 756E7369 		.ascii	"unsigned int\000"
 1317      676E6564 
ARM GAS  C:\Users\sdysart\AppData\Local\Temp\ccSQqOmg.s 			page 25


 1317      20696E74 
 1317      00
 1318              	.LASF7:
 1319 014e 6C6F6E67 		.ascii	"long long unsigned int\000"
 1319      206C6F6E 
 1319      6720756E 
 1319      7369676E 
 1319      65642069 
 1320              	.LASF10:
 1321 0165 75696E74 		.ascii	"uint8_t\000"
 1321      385F7400 
 1322              	.LASF15:
 1323 016d 63795F6D 		.ascii	"cy_meta_flashprotect\000"
 1323      6574615F 
 1323      666C6173 
 1323      6870726F 
 1323      74656374 
 1324              	.LASF14:
 1325 0182 63795F6D 		.ascii	"cy_meta_wonvl\000"
 1325      6574615F 
 1325      776F6E76 
 1325      6C00
 1326              	.LASF11:
 1327 0190 73697A65 		.ascii	"sizetype\000"
 1327      74797065 
 1327      00
 1328              	.LASF6:
 1329 0199 6C6F6E67 		.ascii	"long long int\000"
 1329      206C6F6E 
 1329      6720696E 
 1329      7400
 1330              	.LASF2:
 1331 01a7 73686F72 		.ascii	"short int\000"
 1331      7420696E 
 1331      7400
 1332              	.LASF4:
 1333 01b1 6C6F6E67 		.ascii	"long int\000"
 1333      20696E74 
 1333      00
 1334              	.LASF0:
 1335 01ba 7369676E 		.ascii	"signed char\000"
 1335      65642063 
 1335      68617200 
 1336              	.LASF18:
 1337 01c6 47656E65 		.ascii	"Generated_Source\\PSoC5\\cymetadata.c\000"
 1337      72617465 
 1337      645F536F 
 1337      75726365 
 1337      5C50536F 
 1338              		.ident	"GCC: (GNU Tools for ARM Embedded Processors) 5.4.1 20160609 (release) [ARM/embedded-5-bran
