ARM GAS  C:\Users\ipfajard\AppData\Local\Temp\ccO8YtN4.s 			page 1


   1              		.syntax unified
   2              		.cpu cortex-m3
   3              		.fpu softvfp
   4              		.eabi_attribute 20, 1
   5              		.eabi_attribute 21, 1
   6              		.eabi_attribute 23, 3
   7              		.eabi_attribute 24, 1
   8              		.eabi_attribute 25, 1
   9              		.eabi_attribute 26, 1
  10              		.eabi_attribute 30, 1
  11              		.eabi_attribute 34, 1
  12              		.eabi_attribute 18, 4
  13              		.thumb
  14              		.syntax unified
  15              		.file	"cymetadata.c"
  16              		.text
  17              	.Ltext0:
  18              		.cfi_sections	.debug_frame
  19              		.global	cy_metadata
  20              		.global	cy_meta_flashprotect
  21              		.global	cy_meta_wonvl
  22              		.global	cy_meta_custnvl
  23              		.global	cy_meta_configecc
  24              		.section	.cyconfigecc,"a",%progbits
  25              		.align	2
  26              		.type	cy_meta_configecc, %object
  27              		.size	cy_meta_configecc, 2124
  28              	cy_meta_configecc:
  29 0000 02       		.byte	2
  30 0001 4F       		.byte	79
  31 0002 00       		.byte	0
  32 0003 40       		.byte	64
  33 0004 05       		.byte	5
  34 0005 52       		.byte	82
  35 0006 00       		.byte	0
  36 0007 40       		.byte	64
  37 0008 06       		.byte	6
  38 0009 64       		.byte	100
  39 000a 00       		.byte	0
  40 000b 40       		.byte	64
  41 000c 02       		.byte	2
  42 000d 65       		.byte	101
  43 000e 00       		.byte	0
  44 000f 40       		.byte	64
  45 0010 43       		.byte	67
  46 0011 02       		.byte	2
  47 0012 01       		.byte	1
  48 0013 40       		.byte	64
  49 0014 21       		.byte	33
  50 0015 03       		.byte	3
  51 0016 01       		.byte	1
  52 0017 40       		.byte	64
  53 0018 01       		.byte	1
  54 0019 05       		.byte	5
  55 001a 01       		.byte	1
  56 001b 40       		.byte	64
  57 001c 01       		.byte	1
ARM GAS  C:\Users\ipfajard\AppData\Local\Temp\ccO8YtN4.s 			page 2


  58 001d 07       		.byte	7
  59 001e 01       		.byte	1
  60 001f 40       		.byte	64
  61 0020 62       		.byte	98
  62 0021 08       		.byte	8
  63 0022 01       		.byte	1
  64 0023 40       		.byte	64
  65 0024 46       		.byte	70
  66 0025 09       		.byte	9
  67 0026 01       		.byte	1
  68 0027 40       		.byte	64
  69 0028 17       		.byte	23
  70 0029 0A       		.byte	10
  71 002a 01       		.byte	1
  72 002b 40       		.byte	64
  73 002c 3A       		.byte	58
  74 002d 0B       		.byte	11
  75 002e 01       		.byte	1
  76 002f 40       		.byte	64
  77 0030 3B       		.byte	59
  78 0031 0C       		.byte	12
  79 0032 01       		.byte	1
  80 0033 40       		.byte	64
  81 0034 2B       		.byte	43
  82 0035 0D       		.byte	13
  83 0036 01       		.byte	1
  84 0037 40       		.byte	64
  85 0038 36       		.byte	54
  86 0039 14       		.byte	20
  87 003a 01       		.byte	1
  88 003b 40       		.byte	64
  89 003c 19       		.byte	25
  90 003d 15       		.byte	21
  91 003e 01       		.byte	1
  92 003f 40       		.byte	64
  93 0040 52       		.byte	82
  94 0041 18       		.byte	24
  95 0042 01       		.byte	1
  96 0043 40       		.byte	64
  97 0044 40       		.byte	64
  98 0045 19       		.byte	25
  99 0046 01       		.byte	1
 100 0047 40       		.byte	64
 101 0048 5F       		.byte	95
 102 0049 1A       		.byte	26
 103 004a 01       		.byte	1
 104 004b 40       		.byte	64
 105 004c 42       		.byte	66
 106 004d 1B       		.byte	27
 107 004e 01       		.byte	1
 108 004f 40       		.byte	64
 109 0050 04       		.byte	4
 110 0051 40       		.byte	64
 111 0052 01       		.byte	1
 112 0053 40       		.byte	64
 113 0054 06       		.byte	6
 114 0055 41       		.byte	65
ARM GAS  C:\Users\ipfajard\AppData\Local\Temp\ccO8YtN4.s 			page 3


 115 0056 01       		.byte	1
 116 0057 40       		.byte	64
 117 0058 05       		.byte	5
 118 0059 42       		.byte	66
 119 005a 01       		.byte	1
 120 005b 40       		.byte	64
 121 005c 07       		.byte	7
 122 005d 43       		.byte	67
 123 005e 01       		.byte	1
 124 005f 40       		.byte	64
 125 0060 03       		.byte	3
 126 0061 46       		.byte	70
 127 0062 01       		.byte	1
 128 0063 40       		.byte	64
 129 0064 04       		.byte	4
 130 0065 47       		.byte	71
 131 0066 01       		.byte	1
 132 0067 40       		.byte	64
 133 0068 01       		.byte	1
 134 0069 48       		.byte	72
 135 006a 01       		.byte	1
 136 006b 40       		.byte	64
 137 006c 03       		.byte	3
 138 006d 49       		.byte	73
 139 006e 01       		.byte	1
 140 006f 40       		.byte	64
 141 0070 07       		.byte	7
 142 0071 4C       		.byte	76
 143 0072 01       		.byte	1
 144 0073 40       		.byte	64
 145 0074 0A       		.byte	10
 146 0075 4D       		.byte	77
 147 0076 01       		.byte	1
 148 0077 40       		.byte	64
 149 0078 09       		.byte	9
 150 0079 50       		.byte	80
 151 007a 01       		.byte	1
 152 007b 40       		.byte	64
 153 007c 01       		.byte	1
 154 007d 51       		.byte	81
 155 007e 01       		.byte	1
 156 007f 40       		.byte	64
 157 0080 01       		.byte	1
 158 0081 80       		.byte	-128
 159 0082 0A       		.byte	10
 160 0083 1B       		.byte	27
 161 0084 00       		.byte	0
 162 0085 04       		.byte	4
 163 0086 08       		.byte	8
 164 0087 30       		.byte	48
 165 0088 09       		.byte	9
 166 0089 60       		.byte	96
 167 008a 61       		.byte	97
 168 008b 80       		.byte	-128
 169 008c 64       		.byte	100
 170 008d 40       		.byte	64
 171 008e 83       		.byte	-125
ARM GAS  C:\Users\ipfajard\AppData\Local\Temp\ccO8YtN4.s 			page 4


 172 008f 0D       		.byte	13
 173 0090 88       		.byte	-120
 174 0091 72       		.byte	114
 175 0092 89       		.byte	-119
 176 0093 0D       		.byte	13
 177 0094 8B       		.byte	-117
 178 0095 0D       		.byte	13
 179 0096 8C       		.byte	-116
 180 0097 38       		.byte	56
 181 0098 8D       		.byte	-115
 182 0099 0D       		.byte	13
 183 009a 85       		.byte	-123
 184 009b 0D       		.byte	13
 185 009c 88       		.byte	-120
 186 009d 0F       		.byte	15
 187 009e 16       		.byte	22
 188 009f 01       		.byte	1
 189 00a0 2E       		.byte	46
 190 00a1 01       		.byte	1
 191 00a2 34       		.byte	52
 192 00a3 01       		.byte	1
 193 00a4 40       		.byte	64
 194 00a5 60       		.byte	96
 195 00a6 41       		.byte	65
 196 00a7 02       		.byte	2
 197 00a8 49       		.byte	73
 198 00a9 FF       		.byte	-1
 199 00aa 4A       		.byte	74
 200 00ab FF       		.byte	-1
 201 00ac 4B       		.byte	75
 202 00ad FF       		.byte	-1
 203 00ae 4D       		.byte	77
 204 00af A0       		.byte	-96
 205 00b0 4F       		.byte	79
 206 00b1 04       		.byte	4
 207 00b2 50       		.byte	80
 208 00b3 18       		.byte	24
 209 00b4 58       		.byte	88
 210 00b5 04       		.byte	4
 211 00b6 5A       		.byte	90
 212 00b7 04       		.byte	4
 213 00b8 5C       		.byte	92
 214 00b9 03       		.byte	3
 215 00ba 5D       		.byte	93
 216 00bb 03       		.byte	3
 217 00bc 5F       		.byte	95
 218 00bd 01       		.byte	1
 219 00be 60       		.byte	96
 220 00bf 40       		.byte	64
 221 00c0 62       		.byte	98
 222 00c1 C0       		.byte	-64
 223 00c2 64       		.byte	100
 224 00c3 40       		.byte	64
 225 00c4 65       		.byte	101
 226 00c5 40       		.byte	64
 227 00c6 66       		.byte	102
 228 00c7 C0       		.byte	-64
ARM GAS  C:\Users\ipfajard\AppData\Local\Temp\ccO8YtN4.s 			page 5


 229 00c8 68       		.byte	104
 230 00c9 C0       		.byte	-64
 231 00ca 6A       		.byte	106
 232 00cb C0       		.byte	-64
 233 00cc 6C       		.byte	108
 234 00cd C0       		.byte	-64
 235 00ce 6E       		.byte	110
 236 00cf C0       		.byte	-64
 237 00d0 86       		.byte	-122
 238 00d1 02       		.byte	2
 239 00d2 8F       		.byte	-113
 240 00d3 01       		.byte	1
 241 00d4 92       		.byte	-110
 242 00d5 01       		.byte	1
 243 00d6 A1       		.byte	-95
 244 00d7 01       		.byte	1
 245 00d8 A2       		.byte	-94
 246 00d9 04       		.byte	4
 247 00da AA       		.byte	-86
 248 00db 02       		.byte	2
 249 00dc B0       		.byte	-80
 250 00dd 04       		.byte	4
 251 00de B2       		.byte	-78
 252 00df 02       		.byte	2
 253 00e0 B4       		.byte	-76
 254 00e1 01       		.byte	1
 255 00e2 B7       		.byte	-73
 256 00e3 01       		.byte	1
 257 00e4 BE       		.byte	-66
 258 00e5 04       		.byte	4
 259 00e6 C0       		.byte	-64
 260 00e7 20       		.byte	32
 261 00e8 C1       		.byte	-63
 262 00e9 06       		.byte	6
 263 00ea C5       		.byte	-59
 264 00eb D0       		.byte	-48
 265 00ec C6       		.byte	-58
 266 00ed 01       		.byte	1
 267 00ee C7       		.byte	-57
 268 00ef 02       		.byte	2
 269 00f0 C8       		.byte	-56
 270 00f1 16       		.byte	22
 271 00f2 C9       		.byte	-55
 272 00f3 FF       		.byte	-1
 273 00f4 CA       		.byte	-54
 274 00f5 FF       		.byte	-1
 275 00f6 CB       		.byte	-53
 276 00f7 FF       		.byte	-1
 277 00f8 CD       		.byte	-51
 278 00f9 AF       		.byte	-81
 279 00fa CE       		.byte	-50
 280 00fb 0F       		.byte	15
 281 00fc CF       		.byte	-49
 282 00fd 04       		.byte	4
 283 00fe D0       		.byte	-48
 284 00ff 18       		.byte	24
 285 0100 D2       		.byte	-46
ARM GAS  C:\Users\ipfajard\AppData\Local\Temp\ccO8YtN4.s 			page 6


 286 0101 80       		.byte	-128
 287 0102 D4       		.byte	-44
 288 0103 05       		.byte	5
 289 0104 D8       		.byte	-40
 290 0105 04       		.byte	4
 291 0106 D9       		.byte	-39
 292 0107 04       		.byte	4
 293 0108 DA       		.byte	-38
 294 0109 04       		.byte	4
 295 010a DB       		.byte	-37
 296 010b 04       		.byte	4
 297 010c DC       		.byte	-36
 298 010d 33       		.byte	51
 299 010e DD       		.byte	-35
 300 010f 33       		.byte	51
 301 0110 DF       		.byte	-33
 302 0111 01       		.byte	1
 303 0112 E0       		.byte	-32
 304 0113 40       		.byte	64
 305 0114 E2       		.byte	-30
 306 0115 C0       		.byte	-64
 307 0116 E4       		.byte	-28
 308 0117 40       		.byte	64
 309 0118 E5       		.byte	-27
 310 0119 40       		.byte	64
 311 011a E6       		.byte	-26
 312 011b C0       		.byte	-64
 313 011c E8       		.byte	-24
 314 011d C0       		.byte	-64
 315 011e EA       		.byte	-22
 316 011f C0       		.byte	-64
 317 0120 EC       		.byte	-20
 318 0121 C0       		.byte	-64
 319 0122 EE       		.byte	-18
 320 0123 C0       		.byte	-64
 321 0124 00       		.byte	0
 322 0125 04       		.byte	4
 323 0126 09       		.byte	9
 324 0127 02       		.byte	2
 325 0128 0F       		.byte	15
 326 0129 20       		.byte	32
 327 012a 10       		.byte	16
 328 012b 80       		.byte	-128
 329 012c 12       		.byte	18
 330 012d 04       		.byte	4
 331 012e 15       		.byte	21
 332 012f 80       		.byte	-128
 333 0130 18       		.byte	24
 334 0131 04       		.byte	4
 335 0132 19       		.byte	25
 336 0133 06       		.byte	6
 337 0134 1B       		.byte	27
 338 0135 10       		.byte	16
 339 0136 1F       		.byte	31
 340 0137 20       		.byte	32
 341 0138 22       		.byte	34
 342 0139 40       		.byte	64
ARM GAS  C:\Users\ipfajard\AppData\Local\Temp\ccO8YtN4.s 			page 7


 343 013a 29       		.byte	41
 344 013b 02       		.byte	2
 345 013c 39       		.byte	57
 346 013d 80       		.byte	-128
 347 013e 40       		.byte	64
 348 013f 04       		.byte	4
 349 0140 46       		.byte	70
 350 0141 04       		.byte	4
 351 0142 48       		.byte	72
 352 0143 08       		.byte	8
 353 0144 49       		.byte	73
 354 0145 01       		.byte	1
 355 0146 4F       		.byte	79
 356 0147 20       		.byte	32
 357 0148 50       		.byte	80
 358 0149 88       		.byte	-120
 359 014a 51       		.byte	81
 360 014b 40       		.byte	64
 361 014c 52       		.byte	82
 362 014d 04       		.byte	4
 363 014e 59       		.byte	89
 364 014f 05       		.byte	5
 365 0150 5A       		.byte	90
 366 0151 80       		.byte	-128
 367 0152 71       		.byte	113
 368 0153 02       		.byte	2
 369 0154 C0       		.byte	-64
 370 0155 04       		.byte	4
 371 0156 C2       		.byte	-62
 372 0157 28       		.byte	40
 373 0158 C4       		.byte	-60
 374 0159 8A       		.byte	-118
 375 015a CA       		.byte	-54
 376 015b 01       		.byte	1
 377 015c CE       		.byte	-50
 378 015d 08       		.byte	8
 379 015e D0       		.byte	-48
 380 015f 24       		.byte	36
 381 0160 D2       		.byte	-46
 382 0161 24       		.byte	36
 383 0162 D6       		.byte	-42
 384 0163 0B       		.byte	11
 385 0164 E6       		.byte	-26
 386 0165 02       		.byte	2
 387 0166 AB       		.byte	-85
 388 0167 20       		.byte	32
 389 0168 E6       		.byte	-26
 390 0169 08       		.byte	8
 391 016a 02       		.byte	2
 392 016b 03       		.byte	3
 393 016c 04       		.byte	4
 394 016d 0F       		.byte	15
 395 016e 05       		.byte	5
 396 016f 08       		.byte	8
 397 0170 08       		.byte	8
 398 0171 03       		.byte	3
 399 0172 09       		.byte	9
ARM GAS  C:\Users\ipfajard\AppData\Local\Temp\ccO8YtN4.s 			page 8


 400 0173 06       		.byte	6
 401 0174 0B       		.byte	11
 402 0175 01       		.byte	1
 403 0176 0C       		.byte	12
 404 0177 01       		.byte	1
 405 0178 0D       		.byte	13
 406 0179 08       		.byte	8
 407 017a 10       		.byte	16
 408 017b 03       		.byte	3
 409 017c 11       		.byte	17
 410 017d 04       		.byte	4
 411 017e 12       		.byte	18
 412 017f 0C       		.byte	12
 413 0180 14       		.byte	20
 414 0181 0F       		.byte	15
 415 0182 15       		.byte	21
 416 0183 06       		.byte	6
 417 0184 17       		.byte	23
 418 0185 01       		.byte	1
 419 0186 18       		.byte	24
 420 0187 02       		.byte	2
 421 0188 19       		.byte	25
 422 0189 07       		.byte	7
 423 018a 1C       		.byte	28
 424 018b 04       		.byte	4
 425 018c 1F       		.byte	31
 426 018d 01       		.byte	1
 427 018e 20       		.byte	32
 428 018f 08       		.byte	8
 429 0190 21       		.byte	33
 430 0191 02       		.byte	2
 431 0192 24       		.byte	36
 432 0193 0C       		.byte	12
 433 0194 25       		.byte	37
 434 0195 06       		.byte	6
 435 0196 26       		.byte	38
 436 0197 03       		.byte	3
 437 0198 28       		.byte	40
 438 0199 0C       		.byte	12
 439 019a 29       		.byte	41
 440 019b 08       		.byte	8
 441 019c 2D       		.byte	45
 442 019d 01       		.byte	1
 443 019e 2F       		.byte	47
 444 019f 06       		.byte	6
 445 01a0 30       		.byte	48
 446 01a1 0F       		.byte	15
 447 01a2 33       		.byte	51
 448 01a3 07       		.byte	7
 449 01a4 35       		.byte	53
 450 01a5 08       		.byte	8
 451 01a6 38       		.byte	56
 452 01a7 20       		.byte	32
 453 01a8 3A       		.byte	58
 454 01a9 02       		.byte	2
 455 01aa 3B       		.byte	59
 456 01ab 08       		.byte	8
ARM GAS  C:\Users\ipfajard\AppData\Local\Temp\ccO8YtN4.s 			page 9


 457 01ac 3E       		.byte	62
 458 01ad 10       		.byte	16
 459 01ae 40       		.byte	64
 460 01af 20       		.byte	32
 461 01b0 41       		.byte	65
 462 01b1 06       		.byte	6
 463 01b2 49       		.byte	73
 464 01b3 FF       		.byte	-1
 465 01b4 4A       		.byte	74
 466 01b5 FF       		.byte	-1
 467 01b6 4B       		.byte	75
 468 01b7 FF       		.byte	-1
 469 01b8 4D       		.byte	77
 470 01b9 A0       		.byte	-96
 471 01ba 4F       		.byte	79
 472 01bb 04       		.byte	4
 473 01bc 50       		.byte	80
 474 01bd 18       		.byte	24
 475 01be 56       		.byte	86
 476 01bf 02       		.byte	2
 477 01c0 57       		.byte	87
 478 01c1 11       		.byte	17
 479 01c2 58       		.byte	88
 480 01c3 04       		.byte	4
 481 01c4 59       		.byte	89
 482 01c5 04       		.byte	4
 483 01c6 5A       		.byte	90
 484 01c7 04       		.byte	4
 485 01c8 5B       		.byte	91
 486 01c9 04       		.byte	4
 487 01ca 5C       		.byte	92
 488 01cb 44       		.byte	68
 489 01cc 5D       		.byte	93
 490 01cd 42       		.byte	66
 491 01ce 5F       		.byte	95
 492 01cf 01       		.byte	1
 493 01d0 60       		.byte	96
 494 01d1 40       		.byte	64
 495 01d2 62       		.byte	98
 496 01d3 C0       		.byte	-64
 497 01d4 64       		.byte	100
 498 01d5 40       		.byte	64
 499 01d6 65       		.byte	101
 500 01d7 40       		.byte	64
 501 01d8 66       		.byte	102
 502 01d9 C0       		.byte	-64
 503 01da 68       		.byte	104
 504 01db C0       		.byte	-64
 505 01dc 6A       		.byte	106
 506 01dd C0       		.byte	-64
 507 01de 6C       		.byte	108
 508 01df C0       		.byte	-64
 509 01e0 6E       		.byte	110
 510 01e1 C0       		.byte	-64
 511 01e2 91       		.byte	-111
 512 01e3 01       		.byte	1
 513 01e4 9A       		.byte	-102
ARM GAS  C:\Users\ipfajard\AppData\Local\Temp\ccO8YtN4.s 			page 10


 514 01e5 01       		.byte	1
 515 01e6 9F       		.byte	-97
 516 01e7 03       		.byte	3
 517 01e8 AA       		.byte	-86
 518 01e9 01       		.byte	1
 519 01ea B1       		.byte	-79
 520 01eb 02       		.byte	2
 521 01ec B2       		.byte	-78
 522 01ed 01       		.byte	1
 523 01ee B7       		.byte	-73
 524 01ef 01       		.byte	1
 525 01f0 BE       		.byte	-66
 526 01f1 04       		.byte	4
 527 01f2 C0       		.byte	-64
 528 01f3 20       		.byte	32
 529 01f4 C1       		.byte	-63
 530 01f5 06       		.byte	6
 531 01f6 C5       		.byte	-59
 532 01f7 D0       		.byte	-48
 533 01f8 C6       		.byte	-58
 534 01f9 01       		.byte	1
 535 01fa C7       		.byte	-57
 536 01fb 02       		.byte	2
 537 01fc C8       		.byte	-56
 538 01fd 16       		.byte	22
 539 01fe C9       		.byte	-55
 540 01ff FF       		.byte	-1
 541 0200 CA       		.byte	-54
 542 0201 FF       		.byte	-1
 543 0202 CB       		.byte	-53
 544 0203 FF       		.byte	-1
 545 0204 CD       		.byte	-51
 546 0205 AF       		.byte	-81
 547 0206 CE       		.byte	-50
 548 0207 0F       		.byte	15
 549 0208 CF       		.byte	-49
 550 0209 04       		.byte	4
 551 020a D0       		.byte	-48
 552 020b 18       		.byte	24
 553 020c D4       		.byte	-44
 554 020d 05       		.byte	5
 555 020e D8       		.byte	-40
 556 020f 04       		.byte	4
 557 0210 D9       		.byte	-39
 558 0211 04       		.byte	4
 559 0212 DA       		.byte	-38
 560 0213 04       		.byte	4
 561 0214 DB       		.byte	-37
 562 0215 04       		.byte	4
 563 0216 DC       		.byte	-36
 564 0217 20       		.byte	32
 565 0218 DD       		.byte	-35
 566 0219 22       		.byte	34
 567 021a DF       		.byte	-33
 568 021b 01       		.byte	1
 569 021c E0       		.byte	-32
 570 021d 40       		.byte	64
ARM GAS  C:\Users\ipfajard\AppData\Local\Temp\ccO8YtN4.s 			page 11


 571 021e E2       		.byte	-30
 572 021f C0       		.byte	-64
 573 0220 E4       		.byte	-28
 574 0221 40       		.byte	64
 575 0222 E5       		.byte	-27
 576 0223 40       		.byte	64
 577 0224 E6       		.byte	-26
 578 0225 C0       		.byte	-64
 579 0226 E8       		.byte	-24
 580 0227 C0       		.byte	-64
 581 0228 EA       		.byte	-22
 582 0229 C0       		.byte	-64
 583 022a EC       		.byte	-20
 584 022b C0       		.byte	-64
 585 022c EE       		.byte	-18
 586 022d C0       		.byte	-64
 587 022e 04       		.byte	4
 588 022f 20       		.byte	32
 589 0230 05       		.byte	5
 590 0231 80       		.byte	-128
 591 0232 06       		.byte	6
 592 0233 80       		.byte	-128
 593 0234 07       		.byte	7
 594 0235 10       		.byte	16
 595 0236 09       		.byte	9
 596 0237 20       		.byte	32
 597 0238 0C       		.byte	12
 598 0239 10       		.byte	16
 599 023a 0D       		.byte	13
 600 023b 08       		.byte	8
 601 023c 0E       		.byte	14
 602 023d 41       		.byte	65
 603 023e 12       		.byte	18
 604 023f 08       		.byte	8
 605 0240 16       		.byte	22
 606 0241 08       		.byte	8
 607 0242 17       		.byte	23
 608 0243 05       		.byte	5
 609 0244 19       		.byte	25
 610 0245 04       		.byte	4
 611 0246 1E       		.byte	30
 612 0247 40       		.byte	64
 613 0248 1F       		.byte	31
 614 0249 20       		.byte	32
 615 024a 21       		.byte	33
 616 024b 02       		.byte	2
 617 024c 22       		.byte	34
 618 024d 40       		.byte	64
 619 024e 24       		.byte	36
 620 024f 18       		.byte	24
 621 0250 25       		.byte	37
 622 0251 08       		.byte	8
 623 0252 2D       		.byte	45
 624 0253 18       		.byte	24
 625 0254 2E       		.byte	46
 626 0255 48       		.byte	72
 627 0256 2F       		.byte	47
ARM GAS  C:\Users\ipfajard\AppData\Local\Temp\ccO8YtN4.s 			page 12


 628 0257 40       		.byte	64
 629 0258 30       		.byte	48
 630 0259 80       		.byte	-128
 631 025a 31       		.byte	49
 632 025b 02       		.byte	2
 633 025c 34       		.byte	52
 634 025d 80       		.byte	-128
 635 025e 37       		.byte	55
 636 025f 15       		.byte	21
 637 0260 3C       		.byte	60
 638 0261 10       		.byte	16
 639 0262 3D       		.byte	61
 640 0263 40       		.byte	64
 641 0264 3E       		.byte	62
 642 0265 04       		.byte	4
 643 0266 40       		.byte	64
 644 0267 80       		.byte	-128
 645 0268 41       		.byte	65
 646 0269 20       		.byte	32
 647 026a 42       		.byte	66
 648 026b 80       		.byte	-128
 649 026c 45       		.byte	69
 650 026d 20       		.byte	32
 651 026e 49       		.byte	73
 652 026f 01       		.byte	1
 653 0270 4A       		.byte	74
 654 0271 08       		.byte	8
 655 0272 4E       		.byte	78
 656 0273 08       		.byte	8
 657 0274 50       		.byte	80
 658 0275 80       		.byte	-128
 659 0276 52       		.byte	82
 660 0277 08       		.byte	8
 661 0278 59       		.byte	89
 662 0279 05       		.byte	5
 663 027a 5A       		.byte	90
 664 027b 80       		.byte	-128
 665 027c 5E       		.byte	94
 666 027d 20       		.byte	32
 667 027e 6D       		.byte	109
 668 027f 50       		.byte	80
 669 0280 6E       		.byte	110
 670 0281 04       		.byte	4
 671 0282 74       		.byte	116
 672 0283 10       		.byte	16
 673 0284 75       		.byte	117
 674 0285 08       		.byte	8
 675 0286 77       		.byte	119
 676 0287 01       		.byte	1
 677 0288 87       		.byte	-121
 678 0289 20       		.byte	32
 679 028a 88       		.byte	-120
 680 028b 10       		.byte	16
 681 028c 8A       		.byte	-118
 682 028d 01       		.byte	1
 683 028e 8B       		.byte	-117
 684 028f 40       		.byte	64
ARM GAS  C:\Users\ipfajard\AppData\Local\Temp\ccO8YtN4.s 			page 13


 685 0290 8C       		.byte	-116
 686 0291 84       		.byte	-124
 687 0292 94       		.byte	-108
 688 0293 01       		.byte	1
 689 0294 96       		.byte	-106
 690 0295 40       		.byte	64
 691 0296 9A       		.byte	-102
 692 0297 40       		.byte	64
 693 0298 9B       		.byte	-101
 694 0299 14       		.byte	20
 695 029a 9C       		.byte	-100
 696 029b 80       		.byte	-128
 697 029c 9D       		.byte	-99
 698 029d 8A       		.byte	-118
 699 029e 9F       		.byte	-97
 700 029f 01       		.byte	1
 701 02a0 A4       		.byte	-92
 702 02a1 18       		.byte	24
 703 02a2 A6       		.byte	-90
 704 02a3 20       		.byte	32
 705 02a4 A7       		.byte	-89
 706 02a5 04       		.byte	4
 707 02a6 B0       		.byte	-80
 708 02a7 01       		.byte	1
 709 02a8 C0       		.byte	-64
 710 02a9 F0       		.byte	-16
 711 02aa C2       		.byte	-62
 712 02ab F2       		.byte	-14
 713 02ac C4       		.byte	-60
 714 02ad 72       		.byte	114
 715 02ae CA       		.byte	-54
 716 02af F0       		.byte	-16
 717 02b0 CC       		.byte	-52
 718 02b1 F9       		.byte	-7
 719 02b2 CE       		.byte	-50
 720 02b3 70       		.byte	112
 721 02b4 D0       		.byte	-48
 722 02b5 24       		.byte	36
 723 02b6 D2       		.byte	-46
 724 02b7 24       		.byte	36
 725 02b8 D6       		.byte	-42
 726 02b9 2B       		.byte	43
 727 02ba 0B       		.byte	11
 728 02bb 01       		.byte	1
 729 02bc 23       		.byte	35
 730 02bd 01       		.byte	1
 731 02be 37       		.byte	55
 732 02bf 01       		.byte	1
 733 02c0 40       		.byte	64
 734 02c1 60       		.byte	96
 735 02c2 41       		.byte	65
 736 02c3 03       		.byte	3
 737 02c4 49       		.byte	73
 738 02c5 FF       		.byte	-1
 739 02c6 4A       		.byte	74
 740 02c7 FF       		.byte	-1
 741 02c8 4B       		.byte	75
ARM GAS  C:\Users\ipfajard\AppData\Local\Temp\ccO8YtN4.s 			page 14


 742 02c9 FF       		.byte	-1
 743 02ca 4D       		.byte	77
 744 02cb A0       		.byte	-96
 745 02cc 4F       		.byte	79
 746 02cd 04       		.byte	4
 747 02ce 50       		.byte	80
 748 02cf 18       		.byte	24
 749 02d0 59       		.byte	89
 750 02d1 04       		.byte	4
 751 02d2 5A       		.byte	90
 752 02d3 04       		.byte	4
 753 02d4 5F       		.byte	95
 754 02d5 01       		.byte	1
 755 02d6 60       		.byte	96
 756 02d7 40       		.byte	64
 757 02d8 62       		.byte	98
 758 02d9 C0       		.byte	-64
 759 02da 64       		.byte	100
 760 02db 40       		.byte	64
 761 02dc 65       		.byte	101
 762 02dd 40       		.byte	64
 763 02de 66       		.byte	102
 764 02df C0       		.byte	-64
 765 02e0 68       		.byte	104
 766 02e1 C0       		.byte	-64
 767 02e2 6A       		.byte	106
 768 02e3 C0       		.byte	-64
 769 02e4 6C       		.byte	108
 770 02e5 C0       		.byte	-64
 771 02e6 6E       		.byte	110
 772 02e7 C0       		.byte	-64
 773 02e8 04       		.byte	4
 774 02e9 10       		.byte	16
 775 02ea 05       		.byte	5
 776 02eb 0A       		.byte	10
 777 02ec 07       		.byte	7
 778 02ed 01       		.byte	1
 779 02ee 0C       		.byte	12
 780 02ef 88       		.byte	-120
 781 02f0 0D       		.byte	13
 782 02f1 22       		.byte	34
 783 02f2 14       		.byte	20
 784 02f3 C0       		.byte	-64
 785 02f4 15       		.byte	21
 786 02f5 40       		.byte	64
 787 02f6 16       		.byte	22
 788 02f7 20       		.byte	32
 789 02f8 17       		.byte	23
 790 02f9 10       		.byte	16
 791 02fa 1D       		.byte	29
 792 02fb 42       		.byte	66
 793 02fc 1E       		.byte	30
 794 02fd 08       		.byte	8
 795 02fe 1F       		.byte	31
 796 02ff 04       		.byte	4
 797 0300 20       		.byte	32
 798 0301 02       		.byte	2
ARM GAS  C:\Users\ipfajard\AppData\Local\Temp\ccO8YtN4.s 			page 15


 799 0302 24       		.byte	36
 800 0303 04       		.byte	4
 801 0304 25       		.byte	37
 802 0305 20       		.byte	32
 803 0306 26       		.byte	38
 804 0307 08       		.byte	8
 805 0308 27       		.byte	39
 806 0309 14       		.byte	20
 807 030a 29       		.byte	41
 808 030b 40       		.byte	64
 809 030c 2A       		.byte	42
 810 030d 40       		.byte	64
 811 030e 2B       		.byte	43
 812 030f 80       		.byte	-128
 813 0310 2C       		.byte	44
 814 0311 48       		.byte	72
 815 0312 2D       		.byte	45
 816 0313 88       		.byte	-120
 817 0314 36       		.byte	54
 818 0315 28       		.byte	40
 819 0316 37       		.byte	55
 820 0317 01       		.byte	1
 821 0318 3B       		.byte	59
 822 0319 10       		.byte	16
 823 031a 3C       		.byte	60
 824 031b 34       		.byte	52
 825 031c 3D       		.byte	61
 826 031d 40       		.byte	64
 827 031e 3E       		.byte	62
 828 031f 40       		.byte	64
 829 0320 42       		.byte	66
 830 0321 20       		.byte	32
 831 0322 46       		.byte	70
 832 0323 20       		.byte	32
 833 0324 48       		.byte	72
 834 0325 04       		.byte	4
 835 0326 4B       		.byte	75
 836 0327 10       		.byte	16
 837 0328 4F       		.byte	79
 838 0329 11       		.byte	17
 839 032a 56       		.byte	86
 840 032b 20       		.byte	32
 841 032c 57       		.byte	87
 842 032d 80       		.byte	-128
 843 032e 5C       		.byte	92
 844 032f 40       		.byte	64
 845 0330 5E       		.byte	94
 846 0331 08       		.byte	8
 847 0332 5F       		.byte	95
 848 0333 01       		.byte	1
 849 0334 77       		.byte	119
 850 0335 40       		.byte	64
 851 0336 88       		.byte	-120
 852 0337 80       		.byte	-128
 853 0338 8B       		.byte	-117
 854 0339 10       		.byte	16
 855 033a 90       		.byte	-112
ARM GAS  C:\Users\ipfajard\AppData\Local\Temp\ccO8YtN4.s 			page 16


 856 033b 40       		.byte	64
 857 033c 94       		.byte	-108
 858 033d 01       		.byte	1
 859 033e 97       		.byte	-105
 860 033f 08       		.byte	8
 861 0340 9D       		.byte	-99
 862 0341 40       		.byte	64
 863 0342 9F       		.byte	-97
 864 0343 40       		.byte	64
 865 0344 A0       		.byte	-96
 866 0345 04       		.byte	4
 867 0346 A7       		.byte	-89
 868 0347 84       		.byte	-124
 869 0348 B4       		.byte	-76
 870 0349 04       		.byte	4
 871 034a C0       		.byte	-64
 872 034b F0       		.byte	-16
 873 034c C2       		.byte	-62
 874 034d F0       		.byte	-16
 875 034e C4       		.byte	-60
 876 034f F0       		.byte	-16
 877 0350 CA       		.byte	-54
 878 0351 F1       		.byte	-15
 879 0352 CC       		.byte	-52
 880 0353 E0       		.byte	-32
 881 0354 CE       		.byte	-50
 882 0355 74       		.byte	116
 883 0356 D0       		.byte	-48
 884 0357 42       		.byte	66
 885 0358 D2       		.byte	-46
 886 0359 24       		.byte	36
 887 035a D6       		.byte	-42
 888 035b D0       		.byte	-48
 889 035c 02       		.byte	2
 890 035d 04       		.byte	4
 891 035e 0E       		.byte	14
 892 035f 02       		.byte	2
 893 0360 1A       		.byte	26
 894 0361 02       		.byte	2
 895 0362 22       		.byte	34
 896 0363 01       		.byte	1
 897 0364 23       		.byte	35
 898 0365 01       		.byte	1
 899 0366 2C       		.byte	44
 900 0367 01       		.byte	1
 901 0368 30       		.byte	48
 902 0369 01       		.byte	1
 903 036a 31       		.byte	49
 904 036b 01       		.byte	1
 905 036c 34       		.byte	52
 906 036d 04       		.byte	4
 907 036e 36       		.byte	54
 908 036f 02       		.byte	2
 909 0370 3E       		.byte	62
 910 0371 40       		.byte	64
 911 0372 54       		.byte	84
 912 0373 18       		.byte	24
ARM GAS  C:\Users\ipfajard\AppData\Local\Temp\ccO8YtN4.s 			page 17


 913 0374 56       		.byte	86
 914 0375 04       		.byte	4
 915 0376 58       		.byte	88
 916 0377 04       		.byte	4
 917 0378 59       		.byte	89
 918 0379 04       		.byte	4
 919 037a 5B       		.byte	91
 920 037b 04       		.byte	4
 921 037c 5D       		.byte	93
 922 037d 40       		.byte	64
 923 037e 5F       		.byte	95
 924 037f 01       		.byte	1
 925 0380 87       		.byte	-121
 926 0381 01       		.byte	1
 927 0382 88       		.byte	-120
 928 0383 04       		.byte	4
 929 0384 92       		.byte	-110
 930 0385 01       		.byte	1
 931 0386 93       		.byte	-109
 932 0387 01       		.byte	1
 933 0388 A6       		.byte	-90
 934 0389 07       		.byte	7
 935 038a AF       		.byte	-81
 936 038b 02       		.byte	2
 937 038c B0       		.byte	-80
 938 038d 04       		.byte	4
 939 038e B1       		.byte	-79
 940 038f 02       		.byte	2
 941 0390 B2       		.byte	-78
 942 0391 02       		.byte	2
 943 0392 B3       		.byte	-77
 944 0393 01       		.byte	1
 945 0394 B4       		.byte	-76
 946 0395 01       		.byte	1
 947 0396 BF       		.byte	-65
 948 0397 04       		.byte	4
 949 0398 C0       		.byte	-64
 950 0399 40       		.byte	64
 951 039a C1       		.byte	-63
 952 039b 06       		.byte	6
 953 039c C5       		.byte	-59
 954 039d D1       		.byte	-47
 955 039e C7       		.byte	-57
 956 039f 02       		.byte	2
 957 03a0 C8       		.byte	-56
 958 03a1 13       		.byte	19
 959 03a2 C9       		.byte	-55
 960 03a3 FF       		.byte	-1
 961 03a4 CA       		.byte	-54
 962 03a5 FF       		.byte	-1
 963 03a6 CB       		.byte	-53
 964 03a7 FF       		.byte	-1
 965 03a8 CD       		.byte	-51
 966 03a9 A0       		.byte	-96
 967 03aa CF       		.byte	-49
 968 03ab 04       		.byte	4
 969 03ac D0       		.byte	-48
ARM GAS  C:\Users\ipfajard\AppData\Local\Temp\ccO8YtN4.s 			page 18


 970 03ad 18       		.byte	24
 971 03ae D2       		.byte	-46
 972 03af 80       		.byte	-128
 973 03b0 D4       		.byte	-44
 974 03b1 05       		.byte	5
 975 03b2 D8       		.byte	-40
 976 03b3 04       		.byte	4
 977 03b4 D9       		.byte	-39
 978 03b5 04       		.byte	4
 979 03b6 DA       		.byte	-38
 980 03b7 04       		.byte	4
 981 03b8 DB       		.byte	-37
 982 03b9 04       		.byte	4
 983 03ba DC       		.byte	-36
 984 03bb 11       		.byte	17
 985 03bc DD       		.byte	-35
 986 03bd 11       		.byte	17
 987 03be DF       		.byte	-33
 988 03bf 01       		.byte	1
 989 03c0 E0       		.byte	-32
 990 03c1 40       		.byte	64
 991 03c2 E2       		.byte	-30
 992 03c3 C0       		.byte	-64
 993 03c4 E4       		.byte	-28
 994 03c5 40       		.byte	64
 995 03c6 E5       		.byte	-27
 996 03c7 40       		.byte	64
 997 03c8 E6       		.byte	-26
 998 03c9 C0       		.byte	-64
 999 03ca E8       		.byte	-24
 1000 03cb C0       		.byte	-64
 1001 03cc EA       		.byte	-22
 1002 03cd C0       		.byte	-64
 1003 03ce EC       		.byte	-20
 1004 03cf C0       		.byte	-64
 1005 03d0 EE       		.byte	-18
 1006 03d1 C0       		.byte	-64
 1007 03d2 00       		.byte	0
 1008 03d3 10       		.byte	16
 1009 03d4 05       		.byte	5
 1010 03d5 40       		.byte	64
 1011 03d6 07       		.byte	7
 1012 03d7 40       		.byte	64
 1013 03d8 09       		.byte	9
 1014 03d9 02       		.byte	2
 1015 03da 0F       		.byte	15
 1016 03db 08       		.byte	8
 1017 03dc 10       		.byte	16
 1018 03dd 20       		.byte	32
 1019 03de 15       		.byte	21
 1020 03df 01       		.byte	1
 1021 03e0 17       		.byte	23
 1022 03e1 80       		.byte	-128
 1023 03e2 18       		.byte	24
 1024 03e3 14       		.byte	20
 1025 03e4 1A       		.byte	26
 1026 03e5 40       		.byte	64
ARM GAS  C:\Users\ipfajard\AppData\Local\Temp\ccO8YtN4.s 			page 19


 1027 03e6 1C       		.byte	28
 1028 03e7 48       		.byte	72
 1029 03e8 1F       		.byte	31
 1030 03e9 40       		.byte	64
 1031 03ea 21       		.byte	33
 1032 03eb 02       		.byte	2
 1033 03ec 22       		.byte	34
 1034 03ed 04       		.byte	4
 1035 03ee 27       		.byte	39
 1036 03ef 80       		.byte	-128
 1037 03f0 2A       		.byte	42
 1038 03f1 80       		.byte	-128
 1039 03f2 2D       		.byte	45
 1040 03f3 01       		.byte	1
 1041 03f4 2F       		.byte	47
 1042 03f5 80       		.byte	-128
 1043 03f6 31       		.byte	49
 1044 03f7 02       		.byte	2
 1045 03f8 38       		.byte	56
 1046 03f9 08       		.byte	8
 1047 03fa 3A       		.byte	58
 1048 03fb 40       		.byte	64
 1049 03fc 3B       		.byte	59
 1050 03fd 80       		.byte	-128
 1051 03fe 41       		.byte	65
 1052 03ff 02       		.byte	2
 1053 0400 48       		.byte	72
 1054 0401 28       		.byte	40
 1055 0402 49       		.byte	73
 1056 0403 01       		.byte	1
 1057 0404 50       		.byte	80
 1058 0405 0C       		.byte	12
 1059 0406 59       		.byte	89
 1060 0407 01       		.byte	1
 1061 0408 5A       		.byte	90
 1062 0409 48       		.byte	72
 1063 040a 5C       		.byte	92
 1064 040b 01       		.byte	1
 1065 040c 66       		.byte	102
 1066 040d 40       		.byte	64
 1067 040e 67       		.byte	103
 1068 040f 48       		.byte	72
 1069 0410 72       		.byte	114
 1070 0411 80       		.byte	-128
 1071 0412 87       		.byte	-121
 1072 0413 40       		.byte	64
 1073 0414 C0       		.byte	-64
 1074 0415 92       		.byte	-110
 1075 0416 C2       		.byte	-62
 1076 0417 48       		.byte	72
 1077 0418 C4       		.byte	-60
 1078 0419 94       		.byte	-108
 1079 041a CA       		.byte	-54
 1080 041b 88       		.byte	-120
 1081 041c CC       		.byte	-52
 1082 041d 01       		.byte	1
 1083 041e CE       		.byte	-50
ARM GAS  C:\Users\ipfajard\AppData\Local\Temp\ccO8YtN4.s 			page 20


 1084 041f 02       		.byte	2
 1085 0420 D0       		.byte	-48
 1086 0421 01       		.byte	1
 1087 0422 D2       		.byte	-46
 1088 0423 04       		.byte	4
 1089 0424 D6       		.byte	-42
 1090 0425 8B       		.byte	-117
 1091 0426 D8       		.byte	-40
 1092 0427 B0       		.byte	-80
 1093 0428 1F       		.byte	31
 1094 0429 01       		.byte	1
 1095 042a 23       		.byte	35
 1096 042b 01       		.byte	1
 1097 042c 31       		.byte	49
 1098 042d 01       		.byte	1
 1099 042e 40       		.byte	64
 1100 042f 51       		.byte	81
 1101 0430 49       		.byte	73
 1102 0431 FF       		.byte	-1
 1103 0432 4A       		.byte	74
 1104 0433 FF       		.byte	-1
 1105 0434 4B       		.byte	75
 1106 0435 FF       		.byte	-1
 1107 0436 4F       		.byte	79
 1108 0437 01       		.byte	1
 1109 0438 50       		.byte	80
 1110 0439 18       		.byte	24
 1111 043a 59       		.byte	89
 1112 043b 04       		.byte	4
 1113 043c 5A       		.byte	90
 1114 043d 04       		.byte	4
 1115 043e 5C       		.byte	92
 1116 043f 50       		.byte	80
 1117 0440 5D       		.byte	93
 1118 0441 05       		.byte	5
 1119 0442 5F       		.byte	95
 1120 0443 01       		.byte	1
 1121 0444 60       		.byte	96
 1122 0445 40       		.byte	64
 1123 0446 62       		.byte	98
 1124 0447 40       		.byte	64
 1125 0448 64       		.byte	100
 1126 0449 40       		.byte	64
 1127 044a 65       		.byte	101
 1128 044b 40       		.byte	64
 1129 044c 66       		.byte	102
 1130 044d 80       		.byte	-128
 1131 044e 68       		.byte	104
 1132 044f 80       		.byte	-128
 1133 0450 6A       		.byte	106
 1134 0451 80       		.byte	-128
 1135 0452 6C       		.byte	108
 1136 0453 80       		.byte	-128
 1137 0454 6E       		.byte	110
 1138 0455 80       		.byte	-128
 1139 0456 92       		.byte	-110
 1140 0457 01       		.byte	1
ARM GAS  C:\Users\ipfajard\AppData\Local\Temp\ccO8YtN4.s 			page 21


 1141 0458 AE       		.byte	-82
 1142 0459 01       		.byte	1
 1143 045a B0       		.byte	-80
 1144 045b 01       		.byte	1
 1145 045c BE       		.byte	-66
 1146 045d 01       		.byte	1
 1147 045e C0       		.byte	-64
 1148 045f 15       		.byte	21
 1149 0460 C5       		.byte	-59
 1150 0461 EC       		.byte	-20
 1151 0462 C6       		.byte	-58
 1152 0463 02       		.byte	2
 1153 0464 C8       		.byte	-56
 1154 0465 07       		.byte	7
 1155 0466 C9       		.byte	-55
 1156 0467 FF       		.byte	-1
 1157 0468 CA       		.byte	-54
 1158 0469 FF       		.byte	-1
 1159 046a CB       		.byte	-53
 1160 046b FF       		.byte	-1
 1161 046c CD       		.byte	-51
 1162 046d 83       		.byte	-125
 1163 046e CE       		.byte	-50
 1164 046f 03       		.byte	3
 1165 0470 CF       		.byte	-49
 1166 0471 01       		.byte	1
 1167 0472 D0       		.byte	-48
 1168 0473 18       		.byte	24
 1169 0474 D2       		.byte	-46
 1170 0475 80       		.byte	-128
 1171 0476 D4       		.byte	-44
 1172 0477 01       		.byte	1
 1173 0478 D8       		.byte	-40
 1174 0479 04       		.byte	4
 1175 047a DA       		.byte	-38
 1176 047b 04       		.byte	4
 1177 047c DB       		.byte	-37
 1178 047d 04       		.byte	4
 1179 047e DD       		.byte	-35
 1180 047f 55       		.byte	85
 1181 0480 DF       		.byte	-33
 1182 0481 01       		.byte	1
 1183 0482 E0       		.byte	-32
 1184 0483 40       		.byte	64
 1185 0484 E2       		.byte	-30
 1186 0485 40       		.byte	64
 1187 0486 E4       		.byte	-28
 1188 0487 40       		.byte	64
 1189 0488 E5       		.byte	-27
 1190 0489 40       		.byte	64
 1191 048a E6       		.byte	-26
 1192 048b 80       		.byte	-128
 1193 048c E8       		.byte	-24
 1194 048d 80       		.byte	-128
 1195 048e EA       		.byte	-22
 1196 048f 80       		.byte	-128
 1197 0490 EC       		.byte	-20
ARM GAS  C:\Users\ipfajard\AppData\Local\Temp\ccO8YtN4.s 			page 22


 1198 0491 80       		.byte	-128
 1199 0492 EE       		.byte	-18
 1200 0493 80       		.byte	-128
 1201 0494 0F       		.byte	15
 1202 0495 80       		.byte	-128
 1203 0496 17       		.byte	23
 1204 0497 40       		.byte	64
 1205 0498 1E       		.byte	30
 1206 0499 80       		.byte	-128
 1207 049a 21       		.byte	33
 1208 049b 02       		.byte	2
 1209 049c 2B       		.byte	43
 1210 049d 80       		.byte	-128
 1211 049e 33       		.byte	51
 1212 049f 40       		.byte	64
 1213 04a0 43       		.byte	67
 1214 04a1 80       		.byte	-128
 1215 04a2 47       		.byte	71
 1216 04a3 40       		.byte	64
 1217 04a4 48       		.byte	72
 1218 04a5 01       		.byte	1
 1219 04a6 4D       		.byte	77
 1220 04a7 04       		.byte	4
 1221 04a8 4F       		.byte	79
 1222 04a9 81       		.byte	-127
 1223 04aa 57       		.byte	87
 1224 04ab C0       		.byte	-64
 1225 04ac 5D       		.byte	93
 1226 04ad 04       		.byte	4
 1227 04ae 5E       		.byte	94
 1228 04af 80       		.byte	-128
 1229 04b0 5F       		.byte	95
 1230 04b1 01       		.byte	1
 1231 04b2 74       		.byte	116
 1232 04b3 01       		.byte	1
 1233 04b4 77       		.byte	119
 1234 04b5 40       		.byte	64
 1235 04b6 81       		.byte	-127
 1236 04b7 02       		.byte	2
 1237 04b8 C2       		.byte	-62
 1238 04b9 10       		.byte	16
 1239 04ba C4       		.byte	-60
 1240 04bb 80       		.byte	-128
 1241 04bc CA       		.byte	-54
 1242 04bd 01       		.byte	1
 1243 04be CC       		.byte	-52
 1244 04bf 08       		.byte	8
 1245 04c0 D0       		.byte	-48
 1246 04c1 18       		.byte	24
 1247 04c2 D2       		.byte	-46
 1248 04c3 18       		.byte	24
 1249 04c4 D6       		.byte	-42
 1250 04c5 D0       		.byte	-48
 1251 04c6 01       		.byte	1
 1252 04c7 C8       		.byte	-56
 1253 04c8 03       		.byte	3
 1254 04c9 32       		.byte	50
ARM GAS  C:\Users\ipfajard\AppData\Local\Temp\ccO8YtN4.s 			page 23


 1255 04ca 05       		.byte	5
 1256 04cb 38       		.byte	56
 1257 04cc 06       		.byte	6
 1258 04cd 02       		.byte	2
 1259 04ce 08       		.byte	8
 1260 04cf 02       		.byte	2
 1261 04d0 09       		.byte	9
 1262 04d1 38       		.byte	56
 1263 04d2 0C       		.byte	12
 1264 04d3 02       		.byte	2
 1265 04d4 0D       		.byte	13
 1266 04d5 C0       		.byte	-64
 1267 04d6 10       		.byte	16
 1268 04d7 04       		.byte	4
 1269 04d8 14       		.byte	20
 1270 04d9 04       		.byte	4
 1271 04da 17       		.byte	23
 1272 04db C0       		.byte	-64
 1273 04dc 19       		.byte	25
 1274 04dd C0       		.byte	-64
 1275 04de 1A       		.byte	26
 1276 04df 02       		.byte	2
 1277 04e0 1E       		.byte	30
 1278 04e1 02       		.byte	2
 1279 04e2 1F       		.byte	31
 1280 04e3 C0       		.byte	-64
 1281 04e4 20       		.byte	32
 1282 04e5 01       		.byte	1
 1283 04e6 24       		.byte	36
 1284 04e7 04       		.byte	4
 1285 04e8 25       		.byte	37
 1286 04e9 A0       		.byte	-96
 1287 04ea 27       		.byte	39
 1288 04eb 0C       		.byte	12
 1289 04ec 28       		.byte	40
 1290 04ed 04       		.byte	4
 1291 04ee 2B       		.byte	43
 1292 04ef C0       		.byte	-64
 1293 04f0 2D       		.byte	45
 1294 04f1 50       		.byte	80
 1295 04f2 2F       		.byte	47
 1296 04f3 0D       		.byte	13
 1297 04f4 30       		.byte	48
 1298 04f5 02       		.byte	2
 1299 04f6 31       		.byte	49
 1300 04f7 06       		.byte	6
 1301 04f8 32       		.byte	50
 1302 04f9 04       		.byte	4
 1303 04fa 33       		.byte	51
 1304 04fb 38       		.byte	56
 1305 04fc 34       		.byte	52
 1306 04fd 01       		.byte	1
 1307 04fe 35       		.byte	53
 1308 04ff 01       		.byte	1
 1309 0500 37       		.byte	55
 1310 0501 C0       		.byte	-64
 1311 0502 3E       		.byte	62
ARM GAS  C:\Users\ipfajard\AppData\Local\Temp\ccO8YtN4.s 			page 24


 1312 0503 15       		.byte	21
 1313 0504 3F       		.byte	63
 1314 0505 01       		.byte	1
 1315 0506 40       		.byte	64
 1316 0507 56       		.byte	86
 1317 0508 41       		.byte	65
 1318 0509 02       		.byte	2
 1319 050a 42       		.byte	66
 1320 050b 04       		.byte	4
 1321 050c 44       		.byte	68
 1322 050d 01       		.byte	1
 1323 050e 45       		.byte	69
 1324 050f E0       		.byte	-32
 1325 0510 47       		.byte	71
 1326 0511 0C       		.byte	12
 1327 0512 48       		.byte	72
 1328 0513 12       		.byte	18
 1329 0514 49       		.byte	73
 1330 0515 FF       		.byte	-1
 1331 0516 4A       		.byte	74
 1332 0517 FF       		.byte	-1
 1333 0518 4B       		.byte	75
 1334 0519 FF       		.byte	-1
 1335 051a 4C       		.byte	76
 1336 051b 62       		.byte	98
 1337 051c 4D       		.byte	77
 1338 051d A0       		.byte	-96
 1339 051e 4E       		.byte	78
 1340 051f F0       		.byte	-16
 1341 0520 4F       		.byte	79
 1342 0521 41       		.byte	65
 1343 0522 50       		.byte	80
 1344 0523 0C       		.byte	12
 1345 0524 54       		.byte	84
 1346 0525 01       		.byte	1
 1347 0526 58       		.byte	88
 1348 0527 04       		.byte	4
 1349 0528 59       		.byte	89
 1350 0529 04       		.byte	4
 1351 052a 5A       		.byte	90
 1352 052b 04       		.byte	4
 1353 052c 5B       		.byte	91
 1354 052d 04       		.byte	4
 1355 052e 5C       		.byte	92
 1356 052f 40       		.byte	64
 1357 0530 5D       		.byte	93
 1358 0531 44       		.byte	68
 1359 0532 5F       		.byte	95
 1360 0533 01       		.byte	1
 1361 0534 66       		.byte	102
 1362 0535 40       		.byte	64
 1363 0536 67       		.byte	103
 1364 0537 02       		.byte	2
 1365 0538 69       		.byte	105
 1366 0539 10       		.byte	16
 1367 053a 6A       		.byte	106
 1368 053b 30       		.byte	48
ARM GAS  C:\Users\ipfajard\AppData\Local\Temp\ccO8YtN4.s 			page 25


 1369 053c 6B       		.byte	107
 1370 053d 10       		.byte	16
 1371 053e 6D       		.byte	109
 1372 053f 10       		.byte	16
 1373 0540 6E       		.byte	110
 1374 0541 10       		.byte	16
 1375 0542 6F       		.byte	111
 1376 0543 12       		.byte	18
 1377 0544 84       		.byte	-124
 1378 0545 04       		.byte	4
 1379 0546 88       		.byte	-120
 1380 0547 06       		.byte	6
 1381 0548 8C       		.byte	-116
 1382 0549 06       		.byte	6
 1383 054a 93       		.byte	-109
 1384 054b 01       		.byte	1
 1385 054c 9A       		.byte	-102
 1386 054d 01       		.byte	1
 1387 054e A2       		.byte	-94
 1388 054f 01       		.byte	1
 1389 0550 A6       		.byte	-90
 1390 0551 02       		.byte	2
 1391 0552 B0       		.byte	-80
 1392 0553 01       		.byte	1
 1393 0554 B4       		.byte	-76
 1394 0555 06       		.byte	6
 1395 0556 B5       		.byte	-75
 1396 0557 01       		.byte	1
 1397 0558 B8       		.byte	-72
 1398 0559 20       		.byte	32
 1399 055a BE       		.byte	-66
 1400 055b 10       		.byte	16
 1401 055c D2       		.byte	-46
 1402 055d 80       		.byte	-128
 1403 055e D8       		.byte	-40
 1404 055f 04       		.byte	4
 1405 0560 D9       		.byte	-39
 1406 0561 04       		.byte	4
 1407 0562 DB       		.byte	-37
 1408 0563 04       		.byte	4
 1409 0564 DC       		.byte	-36
 1410 0565 22       		.byte	34
 1411 0566 DD       		.byte	-35
 1412 0567 20       		.byte	32
 1413 0568 DF       		.byte	-33
 1414 0569 01       		.byte	1
 1415 056a 00       		.byte	0
 1416 056b 44       		.byte	68
 1417 056c 01       		.byte	1
 1418 056d 20       		.byte	32
 1419 056e 03       		.byte	3
 1420 056f 08       		.byte	8
 1421 0570 04       		.byte	4
 1422 0571 44       		.byte	68
 1423 0572 05       		.byte	5
 1424 0573 20       		.byte	32
 1425 0574 09       		.byte	9
ARM GAS  C:\Users\ipfajard\AppData\Local\Temp\ccO8YtN4.s 			page 26


 1426 0575 20       		.byte	32
 1427 0576 0C       		.byte	12
 1428 0577 28       		.byte	40
 1429 0578 0D       		.byte	13
 1430 0579 08       		.byte	8
 1431 057a 0E       		.byte	14
 1432 057b 42       		.byte	66
 1433 057c 0F       		.byte	15
 1434 057d 82       		.byte	-126
 1435 057e 10       		.byte	16
 1436 057f A0       		.byte	-96
 1437 0580 15       		.byte	21
 1438 0581 01       		.byte	1
 1439 0582 17       		.byte	23
 1440 0583 14       		.byte	20
 1441 0584 18       		.byte	24
 1442 0585 80       		.byte	-128
 1443 0586 19       		.byte	25
 1444 0587 10       		.byte	16
 1445 0588 1E       		.byte	30
 1446 0589 A8       		.byte	-88
 1447 058a 21       		.byte	33
 1448 058b 20       		.byte	32
 1449 058c 24       		.byte	36
 1450 058d 21       		.byte	33
 1451 058e 26       		.byte	38
 1452 058f 20       		.byte	32
 1453 0590 27       		.byte	39
 1454 0591 60       		.byte	96
 1455 0592 2C       		.byte	44
 1456 0593 18       		.byte	24
 1457 0594 2D       		.byte	45
 1458 0595 80       		.byte	-128
 1459 0596 2F       		.byte	47
 1460 0597 10       		.byte	16
 1461 0598 31       		.byte	49
 1462 0599 01       		.byte	1
 1463 059a 34       		.byte	52
 1464 059b 80       		.byte	-128
 1465 059c 37       		.byte	55
 1466 059d 14       		.byte	20
 1467 059e 3D       		.byte	61
 1468 059f 10       		.byte	16
 1469 05a0 3E       		.byte	62
 1470 05a1 44       		.byte	68
 1471 05a2 3F       		.byte	63
 1472 05a3 01       		.byte	1
 1473 05a4 46       		.byte	70
 1474 05a5 40       		.byte	64
 1475 05a6 47       		.byte	71
 1476 05a7 50       		.byte	80
 1477 05a8 4C       		.byte	76
 1478 05a9 04       		.byte	4
 1479 05aa 4D       		.byte	77
 1480 05ab 02       		.byte	2
 1481 05ac 4F       		.byte	79
 1482 05ad 80       		.byte	-128
ARM GAS  C:\Users\ipfajard\AppData\Local\Temp\ccO8YtN4.s 			page 27


 1483 05ae 57       		.byte	87
 1484 05af 04       		.byte	4
 1485 05b0 5C       		.byte	92
 1486 05b1 10       		.byte	16
 1487 05b2 5D       		.byte	93
 1488 05b3 01       		.byte	1
 1489 05b4 5E       		.byte	94
 1490 05b5 88       		.byte	-120
 1491 05b6 71       		.byte	113
 1492 05b7 01       		.byte	1
 1493 05b8 83       		.byte	-125
 1494 05b9 21       		.byte	33
 1495 05ba 90       		.byte	-112
 1496 05bb 08       		.byte	8
 1497 05bc 91       		.byte	-111
 1498 05bd 10       		.byte	16
 1499 05be 92       		.byte	-110
 1500 05bf 44       		.byte	68
 1501 05c0 94       		.byte	-108
 1502 05c1 21       		.byte	33
 1503 05c2 98       		.byte	-104
 1504 05c3 80       		.byte	-128
 1505 05c4 9A       		.byte	-102
 1506 05c5 40       		.byte	64
 1507 05c6 9B       		.byte	-101
 1508 05c7 14       		.byte	20
 1509 05c8 9C       		.byte	-100
 1510 05c9 10       		.byte	16
 1511 05ca 9D       		.byte	-99
 1512 05cb 82       		.byte	-126
 1513 05cc A0       		.byte	-96
 1514 05cd 80       		.byte	-128
 1515 05ce A1       		.byte	-95
 1516 05cf 08       		.byte	8
 1517 05d0 A4       		.byte	-92
 1518 05d1 08       		.byte	8
 1519 05d2 A5       		.byte	-91
 1520 05d3 20       		.byte	32
 1521 05d4 A6       		.byte	-90
 1522 05d5 30       		.byte	48
 1523 05d6 A7       		.byte	-89
 1524 05d7 04       		.byte	4
 1525 05d8 C0       		.byte	-64
 1526 05d9 E7       		.byte	-25
 1527 05da C2       		.byte	-62
 1528 05db F2       		.byte	-14
 1529 05dc C4       		.byte	-60
 1530 05dd 7C       		.byte	124
 1531 05de CA       		.byte	-54
 1532 05df 70       		.byte	112
 1533 05e0 CC       		.byte	-52
 1534 05e1 71       		.byte	113
 1535 05e2 CE       		.byte	-50
 1536 05e3 F0       		.byte	-16
 1537 05e4 D0       		.byte	-48
 1538 05e5 B0       		.byte	-80
 1539 05e6 D2       		.byte	-46
ARM GAS  C:\Users\ipfajard\AppData\Local\Temp\ccO8YtN4.s 			page 28


 1540 05e7 30       		.byte	48
 1541 05e8 D6       		.byte	-42
 1542 05e9 F0       		.byte	-16
 1543 05ea 04       		.byte	4
 1544 05eb E6       		.byte	-26
 1545 05ec 05       		.byte	5
 1546 05ed 0C       		.byte	12
 1547 05ee 06       		.byte	6
 1548 05ef 11       		.byte	17
 1549 05f0 07       		.byte	7
 1550 05f1 03       		.byte	3
 1551 05f2 0C       		.byte	12
 1552 05f3 60       		.byte	96
 1553 05f4 0D       		.byte	13
 1554 05f5 01       		.byte	1
 1555 05f6 0E       		.byte	14
 1556 05f7 8B       		.byte	-117
 1557 05f8 0F       		.byte	15
 1558 05f9 0E       		.byte	14
 1559 05fa 11       		.byte	17
 1560 05fb 10       		.byte	16
 1561 05fc 14       		.byte	20
 1562 05fd 80       		.byte	-128
 1563 05fe 15       		.byte	21
 1564 05ff 01       		.byte	1
 1565 0600 16       		.byte	22
 1566 0601 65       		.byte	101
 1567 0602 17       		.byte	23
 1568 0603 06       		.byte	6
 1569 0604 18       		.byte	24
 1570 0605 A0       		.byte	-96
 1571 0606 1B       		.byte	27
 1572 0607 03       		.byte	3
 1573 0608 1E       		.byte	30
 1574 0609 18       		.byte	24
 1575 060a 1F       		.byte	31
 1576 060b 08       		.byte	8
 1577 060c 20       		.byte	32
 1578 060d 80       		.byte	-128
 1579 060e 22       		.byte	34
 1580 060f 02       		.byte	2
 1581 0610 26       		.byte	38
 1582 0611 01       		.byte	1
 1583 0612 28       		.byte	40
 1584 0613 48       		.byte	72
 1585 0614 2A       		.byte	42
 1586 0615 86       		.byte	-122
 1587 0616 2F       		.byte	47
 1588 0617 0C       		.byte	12
 1589 0618 30       		.byte	48
 1590 0619 07       		.byte	7
 1591 061a 33       		.byte	51
 1592 061b 10       		.byte	16
 1593 061c 35       		.byte	53
 1594 061d 0F       		.byte	15
 1595 061e 36       		.byte	54
 1596 061f F8       		.byte	-8
ARM GAS  C:\Users\ipfajard\AppData\Local\Temp\ccO8YtN4.s 			page 29


 1597 0620 3A       		.byte	58
 1598 0621 02       		.byte	2
 1599 0622 3B       		.byte	59
 1600 0623 20       		.byte	32
 1601 0624 3F       		.byte	63
 1602 0625 04       		.byte	4
 1603 0626 40       		.byte	64
 1604 0627 06       		.byte	6
 1605 0628 45       		.byte	69
 1606 0629 40       		.byte	64
 1607 062a 49       		.byte	73
 1608 062b FF       		.byte	-1
 1609 062c 4A       		.byte	74
 1610 062d 07       		.byte	7
 1611 062e 4B       		.byte	75
 1612 062f FF       		.byte	-1
 1613 0630 4C       		.byte	76
 1614 0631 40       		.byte	64
 1615 0632 4D       		.byte	77
 1616 0633 20       		.byte	32
 1617 0634 4E       		.byte	78
 1618 0635 F0       		.byte	-16
 1619 0636 4F       		.byte	79
 1620 0637 05       		.byte	5
 1621 0638 50       		.byte	80
 1622 0639 08       		.byte	8
 1623 063a 58       		.byte	88
 1624 063b 04       		.byte	4
 1625 063c 59       		.byte	89
 1626 063d 04       		.byte	4
 1627 063e 5A       		.byte	90
 1628 063f 04       		.byte	4
 1629 0640 5C       		.byte	92
 1630 0641 44       		.byte	68
 1631 0642 5D       		.byte	93
 1632 0643 04       		.byte	4
 1633 0644 5F       		.byte	95
 1634 0645 01       		.byte	1
 1635 0646 60       		.byte	96
 1636 0647 40       		.byte	64
 1637 0648 61       		.byte	97
 1638 0649 A8       		.byte	-88
 1639 064a 62       		.byte	98
 1640 064b 40       		.byte	64
 1641 064c 63       		.byte	99
 1642 064d 20       		.byte	32
 1643 064e 82       		.byte	-126
 1644 064f 20       		.byte	32
 1645 0650 84       		.byte	-124
 1646 0651 01       		.byte	1
 1647 0652 86       		.byte	-122
 1648 0653 02       		.byte	2
 1649 0654 87       		.byte	-121
 1650 0655 01       		.byte	1
 1651 0656 88       		.byte	-120
 1652 0657 28       		.byte	40
 1653 0658 8A       		.byte	-118
ARM GAS  C:\Users\ipfajard\AppData\Local\Temp\ccO8YtN4.s 			page 30


 1654 0659 10       		.byte	16
 1655 065a 8C       		.byte	-116
 1656 065b 0C       		.byte	12
 1657 065c 8D       		.byte	-115
 1658 065d 01       		.byte	1
 1659 065e 8E       		.byte	-114
 1660 065f 10       		.byte	16
 1661 0660 94       		.byte	-108
 1662 0661 0C       		.byte	12
 1663 0662 96       		.byte	-106
 1664 0663 30       		.byte	48
 1665 0664 98       		.byte	-104
 1666 0665 03       		.byte	3
 1667 0666 9C       		.byte	-100
 1668 0667 0C       		.byte	12
 1669 0668 9E       		.byte	-98
 1670 0669 10       		.byte	16
 1671 066a A0       		.byte	-96
 1672 066b 02       		.byte	2
 1673 066c A2       		.byte	-94
 1674 066d 01       		.byte	1
 1675 066e A5       		.byte	-91
 1676 066f 02       		.byte	2
 1677 0670 A6       		.byte	-90
 1678 0671 14       		.byte	20
 1679 0672 A8       		.byte	-88
 1680 0673 03       		.byte	3
 1681 0674 A9       		.byte	-87
 1682 0675 01       		.byte	1
 1683 0676 B2       		.byte	-78
 1684 0677 3C       		.byte	60
 1685 0678 B3       		.byte	-77
 1686 0679 03       		.byte	3
 1687 067a B4       		.byte	-76
 1688 067b 03       		.byte	3
 1689 067c B9       		.byte	-71
 1690 067d 08       		.byte	8
 1691 067e BA       		.byte	-70
 1692 067f 08       		.byte	8
 1693 0680 C0       		.byte	-64
 1694 0681 32       		.byte	50
 1695 0682 C1       		.byte	-63
 1696 0683 04       		.byte	4
 1697 0684 C5       		.byte	-59
 1698 0685 EB       		.byte	-21
 1699 0686 C7       		.byte	-57
 1700 0687 C0       		.byte	-64
 1701 0688 C8       		.byte	-56
 1702 0689 23       		.byte	35
 1703 068a C9       		.byte	-55
 1704 068b FF       		.byte	-1
 1705 068c CA       		.byte	-54
 1706 068d FF       		.byte	-1
 1707 068e CB       		.byte	-53
 1708 068f FF       		.byte	-1
 1709 0690 CE       		.byte	-50
 1710 0691 F0       		.byte	-16
ARM GAS  C:\Users\ipfajard\AppData\Local\Temp\ccO8YtN4.s 			page 31


 1711 0692 CF       		.byte	-49
 1712 0693 44       		.byte	68
 1713 0694 D0       		.byte	-48
 1714 0695 0C       		.byte	12
 1715 0696 D8       		.byte	-40
 1716 0697 04       		.byte	4
 1717 0698 D9       		.byte	-39
 1718 0699 04       		.byte	4
 1719 069a DA       		.byte	-38
 1720 069b 04       		.byte	4
 1721 069c DC       		.byte	-36
 1722 069d 44       		.byte	68
 1723 069e DD       		.byte	-35
 1724 069f 04       		.byte	4
 1725 06a0 DF       		.byte	-33
 1726 06a1 01       		.byte	1
 1727 06a2 E6       		.byte	-26
 1728 06a3 C0       		.byte	-64
 1729 06a4 EA       		.byte	-22
 1730 06a5 40       		.byte	64
 1731 06a6 EB       		.byte	-21
 1732 06a7 02       		.byte	2
 1733 06a8 00       		.byte	0
 1734 06a9 44       		.byte	68
 1735 06aa 04       		.byte	4
 1736 06ab 40       		.byte	64
 1737 06ac 06       		.byte	6
 1738 06ad 60       		.byte	96
 1739 06ae 07       		.byte	7
 1740 06af 08       		.byte	8
 1741 06b0 09       		.byte	9
 1742 06b1 08       		.byte	8
 1743 06b2 0A       		.byte	10
 1744 06b3 01       		.byte	1
 1745 06b4 0B       		.byte	11
 1746 06b5 04       		.byte	4
 1747 06b6 0D       		.byte	13
 1748 06b7 08       		.byte	8
 1749 06b8 0E       		.byte	14
 1750 06b9 04       		.byte	4
 1751 06ba 0F       		.byte	15
 1752 06bb 02       		.byte	2
 1753 06bc 10       		.byte	16
 1754 06bd A0       		.byte	-96
 1755 06be 12       		.byte	18
 1756 06bf 08       		.byte	8
 1757 06c0 15       		.byte	21
 1758 06c1 10       		.byte	16
 1759 06c2 16       		.byte	22
 1760 06c3 10       		.byte	16
 1761 06c4 17       		.byte	23
 1762 06c5 02       		.byte	2
 1763 06c6 18       		.byte	24
 1764 06c7 40       		.byte	64
 1765 06c8 1A       		.byte	26
 1766 06c9 03       		.byte	3
 1767 06ca 1D       		.byte	29
ARM GAS  C:\Users\ipfajard\AppData\Local\Temp\ccO8YtN4.s 			page 32


 1768 06cb 08       		.byte	8
 1769 06cc 1F       		.byte	31
 1770 06cd 18       		.byte	24
 1771 06ce 20       		.byte	32
 1772 06cf 04       		.byte	4
 1773 06d0 23       		.byte	35
 1774 06d1 28       		.byte	40
 1775 06d2 26       		.byte	38
 1776 06d3 08       		.byte	8
 1777 06d4 2A       		.byte	42
 1778 06d5 40       		.byte	64
 1779 06d6 2C       		.byte	44
 1780 06d7 20       		.byte	32
 1781 06d8 2F       		.byte	47
 1782 06d9 08       		.byte	8
 1783 06da 30       		.byte	48
 1784 06db A0       		.byte	-96
 1785 06dc 31       		.byte	49
 1786 06dd 08       		.byte	8
 1787 06de 32       		.byte	50
 1788 06df 01       		.byte	1
 1789 06e0 38       		.byte	56
 1790 06e1 44       		.byte	68
 1791 06e2 3C       		.byte	60
 1792 06e3 44       		.byte	68
 1793 06e4 44       		.byte	68
 1794 06e5 80       		.byte	-128
 1795 06e6 45       		.byte	69
 1796 06e7 28       		.byte	40
 1797 06e8 48       		.byte	72
 1798 06e9 80       		.byte	-128
 1799 06ea 49       		.byte	73
 1800 06eb 10       		.byte	16
 1801 06ec 4D       		.byte	77
 1802 06ed 01       		.byte	1
 1803 06ee 4F       		.byte	79
 1804 06ef 04       		.byte	4
 1805 06f0 50       		.byte	80
 1806 06f1 20       		.byte	32
 1807 06f2 51       		.byte	81
 1808 06f3 20       		.byte	32
 1809 06f4 52       		.byte	82
 1810 06f5 10       		.byte	16
 1811 06f6 57       		.byte	87
 1812 06f7 01       		.byte	1
 1813 06f8 5C       		.byte	92
 1814 06f9 C0       		.byte	-64
 1815 06fa 86       		.byte	-122
 1816 06fb 48       		.byte	72
 1817 06fc 89       		.byte	-119
 1818 06fd 80       		.byte	-128
 1819 06fe 8A       		.byte	-118
 1820 06ff 20       		.byte	32
 1821 0700 8B       		.byte	-117
 1822 0701 12       		.byte	18
 1823 0702 8F       		.byte	-113
 1824 0703 20       		.byte	32
ARM GAS  C:\Users\ipfajard\AppData\Local\Temp\ccO8YtN4.s 			page 33


 1825 0704 91       		.byte	-111
 1826 0705 10       		.byte	16
 1827 0706 92       		.byte	-110
 1828 0707 04       		.byte	4
 1829 0708 94       		.byte	-108
 1830 0709 44       		.byte	68
 1831 070a 95       		.byte	-107
 1832 070b 01       		.byte	1
 1833 070c 97       		.byte	-105
 1834 070d 20       		.byte	32
 1835 070e 99       		.byte	-103
 1836 070f 10       		.byte	16
 1837 0710 9D       		.byte	-99
 1838 0711 80       		.byte	-128
 1839 0712 A4       		.byte	-92
 1840 0713 20       		.byte	32
 1841 0714 A7       		.byte	-89
 1842 0715 09       		.byte	9
 1843 0716 A8       		.byte	-88
 1844 0717 10       		.byte	16
 1845 0718 AA       		.byte	-86
 1846 0719 01       		.byte	1
 1847 071a B4       		.byte	-76
 1848 071b 40       		.byte	64
 1849 071c C0       		.byte	-64
 1850 071d F5       		.byte	-11
 1851 071e C2       		.byte	-62
 1852 071f E7       		.byte	-25
 1853 0720 C4       		.byte	-60
 1854 0721 7E       		.byte	126
 1855 0722 CA       		.byte	-54
 1856 0723 68       		.byte	104
 1857 0724 CC       		.byte	-52
 1858 0725 0F       		.byte	15
 1859 0726 CE       		.byte	-50
 1860 0727 5A       		.byte	90
 1861 0728 D0       		.byte	-48
 1862 0729 E0       		.byte	-32
 1863 072a D2       		.byte	-46
 1864 072b 04       		.byte	4
 1865 072c 33       		.byte	51
 1866 072d 44       		.byte	68
 1867 072e 36       		.byte	54
 1868 072f 20       		.byte	32
 1869 0730 37       		.byte	55
 1870 0731 08       		.byte	8
 1871 0732 CC       		.byte	-52
 1872 0733 F0       		.byte	-16
 1873 0734 57       		.byte	87
 1874 0735 80       		.byte	-128
 1875 0736 86       		.byte	-122
 1876 0737 20       		.byte	32
 1877 0738 9F       		.byte	-97
 1878 0739 4C       		.byte	76
 1879 073a A6       		.byte	-90
 1880 073b 20       		.byte	32
 1881 073c D4       		.byte	-44
ARM GAS  C:\Users\ipfajard\AppData\Local\Temp\ccO8YtN4.s 			page 34


 1882 073d 40       		.byte	64
 1883 073e E6       		.byte	-26
 1884 073f 40       		.byte	64
 1885 0740 13       		.byte	19
 1886 0741 08       		.byte	8
 1887 0742 9F       		.byte	-97
 1888 0743 4C       		.byte	76
 1889 0744 AB       		.byte	-85
 1890 0745 80       		.byte	-128
 1891 0746 C4       		.byte	-60
 1892 0747 10       		.byte	16
 1893 0748 EE       		.byte	-18
 1894 0749 20       		.byte	32
 1895 074a 27       		.byte	39
 1896 074b 40       		.byte	64
 1897 074c 60       		.byte	96
 1898 074d 08       		.byte	8
 1899 074e 84       		.byte	-124
 1900 074f 08       		.byte	8
 1901 0750 9F       		.byte	-97
 1902 0751 44       		.byte	68
 1903 0752 C8       		.byte	-56
 1904 0753 80       		.byte	-128
 1905 0754 D8       		.byte	-40
 1906 0755 40       		.byte	64
 1907 0756 E6       		.byte	-26
 1908 0757 10       		.byte	16
 1909 0758 9A       		.byte	-102
 1910 0759 01       		.byte	1
 1911 075a B6       		.byte	-74
 1912 075b 01       		.byte	1
 1913 075c EC       		.byte	-20
 1914 075d 02       		.byte	2
 1915 075e 98       		.byte	-104
 1916 075f 40       		.byte	64
 1917 0760 9A       		.byte	-102
 1918 0761 01       		.byte	1
 1919 0762 B0       		.byte	-80
 1920 0763 40       		.byte	64
 1921 0764 E8       		.byte	-24
 1922 0765 01       		.byte	1
 1923 0766 9F       		.byte	-97
 1924 0767 04       		.byte	4
 1925 0768 83       		.byte	-125
 1926 0769 04       		.byte	4
 1927 076a 9F       		.byte	-97
 1928 076b 04       		.byte	4
 1929 076c E2       		.byte	-30
 1930 076d 80       		.byte	-128
 1931 076e 5C       		.byte	92
 1932 076f 01       		.byte	1
 1933 0770 62       		.byte	98
 1934 0771 01       		.byte	1
 1935 0772 64       		.byte	100
 1936 0773 40       		.byte	64
 1937 0774 98       		.byte	-104
 1938 0775 40       		.byte	64
ARM GAS  C:\Users\ipfajard\AppData\Local\Temp\ccO8YtN4.s 			page 35


 1939 0776 9A       		.byte	-102
 1940 0777 01       		.byte	1
 1941 0778 D6       		.byte	-42
 1942 0779 01       		.byte	1
 1943 077a D8       		.byte	-40
 1944 077b 03       		.byte	3
 1945 077c 11       		.byte	17
 1946 077d 01       		.byte	1
 1947 077e 79       		.byte	121
 1948 077f 80       		.byte	-128
 1949 0780 89       		.byte	-119
 1950 0781 01       		.byte	1
 1951 0782 8D       		.byte	-115
 1952 0783 40       		.byte	64
 1953 0784 B4       		.byte	-76
 1954 0785 01       		.byte	1
 1955 0786 C4       		.byte	-60
 1956 0787 08       		.byte	8
 1957 0788 DC       		.byte	-36
 1958 0789 01       		.byte	1
 1959 078a E4       		.byte	-28
 1960 078b 08       		.byte	8
 1961 078c E6       		.byte	-26
 1962 078d 01       		.byte	1
 1963 078e EC       		.byte	-20
 1964 078f 08       		.byte	8
 1965 0790 00       		.byte	0
 1966 0791 1F       		.byte	31
 1967 0792 08       		.byte	8
 1968 0793 08       		.byte	8
 1969 0794 0C       		.byte	12
 1970 0795 15       		.byte	21
 1971 0796 0E       		.byte	14
 1972 0797 13       		.byte	19
 1973 0798 10       		.byte	16
 1974 0799 34       		.byte	52
 1975 079a 11       		.byte	17
 1976 079b 01       		.byte	1
 1977 079c 1A       		.byte	26
 1978 079d 20       		.byte	32
 1979 079e 1C       		.byte	28
 1980 079f 14       		.byte	20
 1981 07a0 1D       		.byte	29
 1982 07a1 01       		.byte	1
 1983 07a2 00       		.byte	0
 1984 07a3 BE       		.byte	-66
 1985 07a4 00       		.byte	0
 1986 07a5 00       		.byte	0
 1987 07a6 01       		.byte	1
 1988 07a7 00       		.byte	0
 1989 07a8 30       		.byte	48
 1990 07a9 1C       		.byte	28
 1991 07aa 00       		.byte	0
 1992 07ab 02       		.byte	2
 1993 07ac 10       		.byte	16
 1994 07ad 08       		.byte	8
 1995 07ae 00       		.byte	0
ARM GAS  C:\Users\ipfajard\AppData\Local\Temp\ccO8YtN4.s 			page 36


 1996 07af 00       		.byte	0
 1997 07b0 20       		.byte	32
 1998 07b1 07       		.byte	7
 1999 07b2 00       		.byte	0
 2000 07b3 18       		.byte	24
 2001 07b4 00       		.byte	0
 2002 07b5 10       		.byte	16
 2003 07b6 01       		.byte	1
 2004 07b7 00       		.byte	0
 2005 07b8 30       		.byte	48
 2006 07b9 1F       		.byte	31
 2007 07ba 0C       		.byte	12
 2008 07bb 00       		.byte	0
 2009 07bc 38       		.byte	56
 2010 07bd 00       		.byte	0
 2011 07be 04       		.byte	4
 2012 07bf 04       		.byte	4
 2013 07c0 00       		.byte	0
 2014 07c1 00       		.byte	0
 2015 07c2 02       		.byte	2
 2016 07c3 00       		.byte	0
 2017 07c4 00       		.byte	0
 2018 07c5 00       		.byte	0
 2019 07c6 08       		.byte	8
 2020 07c7 03       		.byte	3
 2021 07c8 00       		.byte	0
 2022 07c9 18       		.byte	24
 2023 07ca 02       		.byte	2
 2024 07cb 00       		.byte	0
 2025 07cc 3C       		.byte	60
 2026 07cd 1C       		.byte	28
 2027 07ce 00       		.byte	0
 2028 07cf 01       		.byte	1
 2029 07d0 0C       		.byte	12
 2030 07d1 04       		.byte	4
 2031 07d2 30       		.byte	48
 2032 07d3 00       		.byte	0
 2033 07d4 04       		.byte	4
 2034 07d5 00       		.byte	0
 2035 07d6 01       		.byte	1
 2036 07d7 00       		.byte	0
 2037 07d8 02       		.byte	2
 2038 07d9 1F       		.byte	31
 2039 07da 38       		.byte	56
 2040 07db 00       		.byte	0
 2041 07dc 02       		.byte	2
 2042 07dd 00       		.byte	0
 2043 07de 00       		.byte	0
 2044 07df 28       		.byte	40
 2045 07e0 00       		.byte	0
 2046 07e1 00       		.byte	0
 2047 07e2 14       		.byte	20
 2048 07e3 00       		.byte	0
 2049 07e4 60       		.byte	96
 2050 07e5 03       		.byte	3
 2051 07e6 00       		.byte	0
 2052 07e7 00       		.byte	0
ARM GAS  C:\Users\ipfajard\AppData\Local\Temp\ccO8YtN4.s 			page 37


 2053 07e8 00       		.byte	0
 2054 07e9 D0       		.byte	-48
 2055 07ea 21       		.byte	33
 2056 07eb 00       		.byte	0
 2057 07ec 0E       		.byte	14
 2058 07ed FF       		.byte	-1
 2059 07ee FF       		.byte	-1
 2060 07ef FF       		.byte	-1
 2061 07f0 00       		.byte	0
 2062 07f1 AF       		.byte	-81
 2063 07f2 0F       		.byte	15
 2064 07f3 04       		.byte	4
 2065 07f4 18       		.byte	24
 2066 07f5 00       		.byte	0
 2067 07f6 80       		.byte	-128
 2068 07f7 00       		.byte	0
 2069 07f8 05       		.byte	5
 2070 07f9 00       		.byte	0
 2071 07fa 00       		.byte	0
 2072 07fb 00       		.byte	0
 2073 07fc 04       		.byte	4
 2074 07fd 04       		.byte	4
 2075 07fe 04       		.byte	4
 2076 07ff 04       		.byte	4
 2077 0800 44       		.byte	68
 2078 0801 00       		.byte	0
 2079 0802 00       		.byte	0
 2080 0803 01       		.byte	1
 2081 0804 40       		.byte	64
 2082 0805 00       		.byte	0
 2083 0806 C0       		.byte	-64
 2084 0807 00       		.byte	0
 2085 0808 40       		.byte	64
 2086 0809 40       		.byte	64
 2087 080a C0       		.byte	-64
 2088 080b 00       		.byte	0
 2089 080c C0       		.byte	-64
 2090 080d 00       		.byte	0
 2091 080e C0       		.byte	-64
 2092 080f 00       		.byte	0
 2093 0810 C0       		.byte	-64
 2094 0811 00       		.byte	0
 2095 0812 C0       		.byte	-64
 2096 0813 00       		.byte	0
 2097 0814 00       		.byte	0
 2098 0815 00       		.byte	0
 2099 0816 00       		.byte	0
 2100 0817 00       		.byte	0
 2101 0818 00       		.byte	0
 2102 0819 00       		.byte	0
 2103 081a 00       		.byte	0
 2104 081b 00       		.byte	0
 2105 081c 00       		.byte	0
 2106 081d 00       		.byte	0
 2107 081e 00       		.byte	0
 2108 081f 00       		.byte	0
 2109 0820 00       		.byte	0
ARM GAS  C:\Users\ipfajard\AppData\Local\Temp\ccO8YtN4.s 			page 38


 2110 0821 00       		.byte	0
 2111 0822 00       		.byte	0
 2112 0823 00       		.byte	0
 2113 0824 00       		.byte	0
 2114 0825 44       		.byte	68
 2115 0826 44       		.byte	68
 2116 0827 00       		.byte	0
 2117 0828 04       		.byte	4
 2118 0829 00       		.byte	0
 2119 082a 00       		.byte	0
 2120 082b 00       		.byte	0
 2121 082c 80       		.byte	-128
 2122 082d 00       		.byte	0
 2123 082e 40       		.byte	64
 2124 082f 80       		.byte	-128
 2125 0830 80       		.byte	-128
 2126 0831 00       		.byte	0
 2127 0832 80       		.byte	-128
 2128 0833 00       		.byte	0
 2129 0834 00       		.byte	0
 2130 0835 00       		.byte	0
 2131 0836 00       		.byte	0
 2132 0837 00       		.byte	0
 2133 0838 00       		.byte	0
 2134 0839 F0       		.byte	-16
 2135 083a F0       		.byte	-16
 2136 083b 00       		.byte	0
 2137 083c 70       		.byte	112
 2138 083d 00       		.byte	0
 2139 083e 00       		.byte	0
 2140 083f 00       		.byte	0
 2141 0840 00       		.byte	0
 2142 0841 FF       		.byte	-1
 2143 0842 FF       		.byte	-1
 2144 0843 00       		.byte	0
 2145 0844 00       		.byte	0
 2146 0845 00       		.byte	0
 2147 0846 00       		.byte	0
 2148 0847 00       		.byte	0
 2149 0848 01       		.byte	1
 2150 0849 00       		.byte	0
 2151 084a 14       		.byte	20
 2152 084b 01       		.byte	1
 2153              		.section	.cywolatch,"a",%progbits
 2154              		.align	2
 2155              		.type	cy_meta_wonvl, %object
 2156              		.size	cy_meta_wonvl, 4
 2157              	cy_meta_wonvl:
 2158 0000 BC       		.byte	-68
 2159 0001 90       		.byte	-112
 2160 0002 AC       		.byte	-84
 2161 0003 AF       		.byte	-81
 2162              		.section	.cycustnvl,"a",%progbits
 2163              		.align	2
 2164              		.type	cy_meta_custnvl, %object
 2165              		.size	cy_meta_custnvl, 4
 2166              	cy_meta_custnvl:
ARM GAS  C:\Users\ipfajard\AppData\Local\Temp\ccO8YtN4.s 			page 39


 2167 0000 00       		.byte	0
 2168 0001 00       		.byte	0
 2169 0002 40       		.byte	64
 2170 0003 07       		.byte	7
 2171              		.section	.cymeta,"a",%progbits
 2172              		.align	2
 2173              		.type	cy_metadata, %object
 2174              		.size	cy_metadata, 12
 2175              	cy_metadata:
 2176 0000 00       		.byte	0
 2177 0001 01       		.byte	1
 2178 0002 2E       		.byte	46
 2179 0003 16       		.byte	22
 2180 0004 10       		.byte	16
 2181 0005 69       		.byte	105
 2182 0006 00       		.byte	0
 2183 0007 01       		.byte	1
 2184 0008 00       		.byte	0
 2185 0009 00       		.byte	0
 2186 000a 00       		.byte	0
 2187 000b 00       		.byte	0
 2188              		.section	.cyflashprotect,"a",%progbits
 2189              		.align	2
 2190              		.type	cy_meta_flashprotect, %object
 2191              		.size	cy_meta_flashprotect, 256
 2192              	cy_meta_flashprotect:
 2193 0000 00000000 		.space	256
 2193      00000000 
 2193      00000000 
 2193      00000000 
 2193      00000000 
 2194              		.text
 2195              	.Letext0:
 2196              		.file 1 "c:\\program files (x86)\\cypress\\psoc creator\\4.1\\psoc creator\\import\\gnu\\arm\\5.4.
 2197              		.file 2 "c:\\program files (x86)\\cypress\\psoc creator\\4.1\\psoc creator\\import\\gnu\\arm\\5.4.
 2198              		.file 3 "Generated_Source\\PSoC5\\cymetadata.c"
 2199              		.section	.debug_info,"",%progbits
 2200              	.Ldebug_info0:
 2201 0000 35010000 		.4byte	0x135
 2202 0004 0400     		.2byte	0x4
 2203 0006 00000000 		.4byte	.Ldebug_abbrev0
 2204 000a 04       		.byte	0x4
 2205 000b 01       		.uleb128 0x1
 2206 000c 24000000 		.4byte	.LASF17
 2207 0010 0C       		.byte	0xc
 2208 0011 BE010000 		.4byte	.LASF18
 2209 0015 5F010000 		.4byte	.LASF19
 2210 0019 00000000 		.4byte	.Ldebug_line0
 2211 001d 02       		.uleb128 0x2
 2212 001e 01       		.byte	0x1
 2213 001f 06       		.byte	0x6
 2214 0020 B2010000 		.4byte	.LASF0
 2215 0024 03       		.uleb128 0x3
 2216 0025 00000000 		.4byte	.LASF9
 2217 0029 01       		.byte	0x1
 2218 002a 1D       		.byte	0x1d
 2219 002b 2F000000 		.4byte	0x2f
ARM GAS  C:\Users\ipfajard\AppData\Local\Temp\ccO8YtN4.s 			page 40


 2220 002f 02       		.uleb128 0x2
 2221 0030 01       		.byte	0x1
 2222 0031 08       		.byte	0x8
 2223 0032 16000000 		.4byte	.LASF1
 2224 0036 02       		.uleb128 0x2
 2225 0037 02       		.byte	0x2
 2226 0038 05       		.byte	0x5
 2227 0039 9F010000 		.4byte	.LASF2
 2228 003d 02       		.uleb128 0x2
 2229 003e 02       		.byte	0x2
 2230 003f 07       		.byte	0x7
 2231 0040 C4000000 		.4byte	.LASF3
 2232 0044 02       		.uleb128 0x2
 2233 0045 04       		.byte	0x4
 2234 0046 05       		.byte	0x5
 2235 0047 A9010000 		.4byte	.LASF4
 2236 004b 02       		.uleb128 0x2
 2237 004c 04       		.byte	0x4
 2238 004d 07       		.byte	0x7
 2239 004e B2000000 		.4byte	.LASF5
 2240 0052 02       		.uleb128 0x2
 2241 0053 08       		.byte	0x8
 2242 0054 05       		.byte	0x5
 2243 0055 51010000 		.4byte	.LASF6
 2244 0059 02       		.uleb128 0x2
 2245 005a 08       		.byte	0x8
 2246 005b 07       		.byte	0x7
 2247 005c 06010000 		.4byte	.LASF7
 2248 0060 04       		.uleb128 0x4
 2249 0061 04       		.byte	0x4
 2250 0062 05       		.byte	0x5
 2251 0063 696E7400 		.ascii	"int\000"
 2252 0067 02       		.uleb128 0x2
 2253 0068 04       		.byte	0x4
 2254 0069 07       		.byte	0x7
 2255 006a F9000000 		.4byte	.LASF8
 2256 006e 03       		.uleb128 0x3
 2257 006f 1D010000 		.4byte	.LASF10
 2258 0073 02       		.byte	0x2
 2259 0074 18       		.byte	0x18
 2260 0075 24000000 		.4byte	0x24
 2261 0079 05       		.uleb128 0x5
 2262 007a 91000000 		.4byte	0x91
 2263 007e 8A000000 		.4byte	0x8a
 2264 0082 06       		.uleb128 0x6
 2265 0083 8A000000 		.4byte	0x8a
 2266 0087 4B08     		.2byte	0x84b
 2267 0089 00       		.byte	0
 2268 008a 02       		.uleb128 0x2
 2269 008b 04       		.byte	0x4
 2270 008c 07       		.byte	0x7
 2271 008d 48010000 		.4byte	.LASF11
 2272 0091 07       		.uleb128 0x7
 2273 0092 6E000000 		.4byte	0x6e
 2274 0096 08       		.uleb128 0x8
 2275 0097 E7000000 		.4byte	.LASF12
 2276 009b 03       		.byte	0x3
ARM GAS  C:\Users\ipfajard\AppData\Local\Temp\ccO8YtN4.s 			page 41


 2277 009c 1F       		.byte	0x1f
 2278 009d A7000000 		.4byte	0xa7
 2279 00a1 05       		.uleb128 0x5
 2280 00a2 03       		.byte	0x3
 2281 00a3 00000000 		.4byte	cy_meta_configecc
 2282 00a7 07       		.uleb128 0x7
 2283 00a8 79000000 		.4byte	0x79
 2284 00ac 05       		.uleb128 0x5
 2285 00ad 91000000 		.4byte	0x91
 2286 00b1 BC000000 		.4byte	0xbc
 2287 00b5 09       		.uleb128 0x9
 2288 00b6 8A000000 		.4byte	0x8a
 2289 00ba 03       		.byte	0x3
 2290 00bb 00       		.byte	0
 2291 00bc 0A       		.uleb128 0xa
 2292 00bd D7000000 		.4byte	.LASF13
 2293 00c1 03       		.byte	0x3
 2294 00c2 3601     		.2byte	0x136
 2295 00c4 CE000000 		.4byte	0xce
 2296 00c8 05       		.uleb128 0x5
 2297 00c9 03       		.byte	0x3
 2298 00ca 00000000 		.4byte	cy_meta_custnvl
 2299 00ce 07       		.uleb128 0x7
 2300 00cf AC000000 		.4byte	0xac
 2301 00d3 0A       		.uleb128 0xa
 2302 00d4 3A010000 		.4byte	.LASF14
 2303 00d8 03       		.byte	0x3
 2304 00d9 4401     		.2byte	0x144
 2305 00db E5000000 		.4byte	0xe5
 2306 00df 05       		.uleb128 0x5
 2307 00e0 03       		.byte	0x3
 2308 00e1 00000000 		.4byte	cy_meta_wonvl
 2309 00e5 07       		.uleb128 0x7
 2310 00e6 AC000000 		.4byte	0xac
 2311 00ea 05       		.uleb128 0x5
 2312 00eb 91000000 		.4byte	0x91
 2313 00ef FA000000 		.4byte	0xfa
 2314 00f3 09       		.uleb128 0x9
 2315 00f4 8A000000 		.4byte	0x8a
 2316 00f8 FF       		.byte	0xff
 2317 00f9 00       		.byte	0
 2318 00fa 0A       		.uleb128 0xa
 2319 00fb 25010000 		.4byte	.LASF15
 2320 00ff 03       		.byte	0x3
 2321 0100 5201     		.2byte	0x152
 2322 0102 0C010000 		.4byte	0x10c
 2323 0106 05       		.uleb128 0x5
 2324 0107 03       		.byte	0x3
 2325 0108 00000000 		.4byte	cy_meta_flashprotect
 2326 010c 07       		.uleb128 0x7
 2327 010d EA000000 		.4byte	0xea
 2328 0111 05       		.uleb128 0x5
 2329 0112 91000000 		.4byte	0x91
 2330 0116 21010000 		.4byte	0x121
 2331 011a 09       		.uleb128 0x9
 2332 011b 8A000000 		.4byte	0x8a
 2333 011f 0B       		.byte	0xb
ARM GAS  C:\Users\ipfajard\AppData\Local\Temp\ccO8YtN4.s 			page 42


 2334 0120 00       		.byte	0
 2335 0121 0A       		.uleb128 0xa
 2336 0122 0A000000 		.4byte	.LASF16
 2337 0126 03       		.byte	0x3
 2338 0127 7F01     		.2byte	0x17f
 2339 0129 33010000 		.4byte	0x133
 2340 012d 05       		.uleb128 0x5
 2341 012e 03       		.byte	0x3
 2342 012f 00000000 		.4byte	cy_metadata
 2343 0133 07       		.uleb128 0x7
 2344 0134 11010000 		.4byte	0x111
 2345 0138 00       		.byte	0
 2346              		.section	.debug_abbrev,"",%progbits
 2347              	.Ldebug_abbrev0:
 2348 0000 01       		.uleb128 0x1
 2349 0001 11       		.uleb128 0x11
 2350 0002 01       		.byte	0x1
 2351 0003 25       		.uleb128 0x25
 2352 0004 0E       		.uleb128 0xe
 2353 0005 13       		.uleb128 0x13
 2354 0006 0B       		.uleb128 0xb
 2355 0007 03       		.uleb128 0x3
 2356 0008 0E       		.uleb128 0xe
 2357 0009 1B       		.uleb128 0x1b
 2358 000a 0E       		.uleb128 0xe
 2359 000b 10       		.uleb128 0x10
 2360 000c 17       		.uleb128 0x17
 2361 000d 00       		.byte	0
 2362 000e 00       		.byte	0
 2363 000f 02       		.uleb128 0x2
 2364 0010 24       		.uleb128 0x24
 2365 0011 00       		.byte	0
 2366 0012 0B       		.uleb128 0xb
 2367 0013 0B       		.uleb128 0xb
 2368 0014 3E       		.uleb128 0x3e
 2369 0015 0B       		.uleb128 0xb
 2370 0016 03       		.uleb128 0x3
 2371 0017 0E       		.uleb128 0xe
 2372 0018 00       		.byte	0
 2373 0019 00       		.byte	0
 2374 001a 03       		.uleb128 0x3
 2375 001b 16       		.uleb128 0x16
 2376 001c 00       		.byte	0
 2377 001d 03       		.uleb128 0x3
 2378 001e 0E       		.uleb128 0xe
 2379 001f 3A       		.uleb128 0x3a
 2380 0020 0B       		.uleb128 0xb
 2381 0021 3B       		.uleb128 0x3b
 2382 0022 0B       		.uleb128 0xb
 2383 0023 49       		.uleb128 0x49
 2384 0024 13       		.uleb128 0x13
 2385 0025 00       		.byte	0
 2386 0026 00       		.byte	0
 2387 0027 04       		.uleb128 0x4
 2388 0028 24       		.uleb128 0x24
 2389 0029 00       		.byte	0
 2390 002a 0B       		.uleb128 0xb
ARM GAS  C:\Users\ipfajard\AppData\Local\Temp\ccO8YtN4.s 			page 43


 2391 002b 0B       		.uleb128 0xb
 2392 002c 3E       		.uleb128 0x3e
 2393 002d 0B       		.uleb128 0xb
 2394 002e 03       		.uleb128 0x3
 2395 002f 08       		.uleb128 0x8
 2396 0030 00       		.byte	0
 2397 0031 00       		.byte	0
 2398 0032 05       		.uleb128 0x5
 2399 0033 01       		.uleb128 0x1
 2400 0034 01       		.byte	0x1
 2401 0035 49       		.uleb128 0x49
 2402 0036 13       		.uleb128 0x13
 2403 0037 01       		.uleb128 0x1
 2404 0038 13       		.uleb128 0x13
 2405 0039 00       		.byte	0
 2406 003a 00       		.byte	0
 2407 003b 06       		.uleb128 0x6
 2408 003c 21       		.uleb128 0x21
 2409 003d 00       		.byte	0
 2410 003e 49       		.uleb128 0x49
 2411 003f 13       		.uleb128 0x13
 2412 0040 2F       		.uleb128 0x2f
 2413 0041 05       		.uleb128 0x5
 2414 0042 00       		.byte	0
 2415 0043 00       		.byte	0
 2416 0044 07       		.uleb128 0x7
 2417 0045 26       		.uleb128 0x26
 2418 0046 00       		.byte	0
 2419 0047 49       		.uleb128 0x49
 2420 0048 13       		.uleb128 0x13
 2421 0049 00       		.byte	0
 2422 004a 00       		.byte	0
 2423 004b 08       		.uleb128 0x8
 2424 004c 34       		.uleb128 0x34
 2425 004d 00       		.byte	0
 2426 004e 03       		.uleb128 0x3
 2427 004f 0E       		.uleb128 0xe
 2428 0050 3A       		.uleb128 0x3a
 2429 0051 0B       		.uleb128 0xb
 2430 0052 3B       		.uleb128 0x3b
 2431 0053 0B       		.uleb128 0xb
 2432 0054 49       		.uleb128 0x49
 2433 0055 13       		.uleb128 0x13
 2434 0056 3F       		.uleb128 0x3f
 2435 0057 19       		.uleb128 0x19
 2436 0058 02       		.uleb128 0x2
 2437 0059 18       		.uleb128 0x18
 2438 005a 00       		.byte	0
 2439 005b 00       		.byte	0
 2440 005c 09       		.uleb128 0x9
 2441 005d 21       		.uleb128 0x21
 2442 005e 00       		.byte	0
 2443 005f 49       		.uleb128 0x49
 2444 0060 13       		.uleb128 0x13
 2445 0061 2F       		.uleb128 0x2f
 2446 0062 0B       		.uleb128 0xb
 2447 0063 00       		.byte	0
ARM GAS  C:\Users\ipfajard\AppData\Local\Temp\ccO8YtN4.s 			page 44


 2448 0064 00       		.byte	0
 2449 0065 0A       		.uleb128 0xa
 2450 0066 34       		.uleb128 0x34
 2451 0067 00       		.byte	0
 2452 0068 03       		.uleb128 0x3
 2453 0069 0E       		.uleb128 0xe
 2454 006a 3A       		.uleb128 0x3a
 2455 006b 0B       		.uleb128 0xb
 2456 006c 3B       		.uleb128 0x3b
 2457 006d 05       		.uleb128 0x5
 2458 006e 49       		.uleb128 0x49
 2459 006f 13       		.uleb128 0x13
 2460 0070 3F       		.uleb128 0x3f
 2461 0071 19       		.uleb128 0x19
 2462 0072 02       		.uleb128 0x2
 2463 0073 18       		.uleb128 0x18
 2464 0074 00       		.byte	0
 2465 0075 00       		.byte	0
 2466 0076 00       		.byte	0
 2467              		.section	.debug_aranges,"",%progbits
 2468 0000 14000000 		.4byte	0x14
 2469 0004 0200     		.2byte	0x2
 2470 0006 00000000 		.4byte	.Ldebug_info0
 2471 000a 04       		.byte	0x4
 2472 000b 00       		.byte	0
 2473 000c 0000     		.2byte	0
 2474 000e 0000     		.2byte	0
 2475 0010 00000000 		.4byte	0
 2476 0014 00000000 		.4byte	0
 2477              		.section	.debug_line,"",%progbits
 2478              	.Ldebug_line0:
 2479 0000 3D010000 		.section	.debug_str,"MS",%progbits,1
 2479      02003701 
 2479      00000201 
 2479      FB0E0D00 
 2479      01010101 
 2480              	.LASF9:
 2481 0000 5F5F7569 		.ascii	"__uint8_t\000"
 2481      6E74385F 
 2481      7400
 2482              	.LASF16:
 2483 000a 63795F6D 		.ascii	"cy_metadata\000"
 2483      65746164 
 2483      61746100 
 2484              	.LASF1:
 2485 0016 756E7369 		.ascii	"unsigned char\000"
 2485      676E6564 
 2485      20636861 
 2485      7200
 2486              	.LASF17:
 2487 0024 474E5520 		.ascii	"GNU C11 5.4.1 20160609 (release) [ARM/embedded-5-br"
 2487      43313120 
 2487      352E342E 
 2487      31203230 
 2487      31363036 
 2488 0057 616E6368 		.ascii	"anch revision 237715] -mcpu=cortex-m3 -mthumb -g -O"
 2488      20726576 
ARM GAS  C:\Users\ipfajard\AppData\Local\Temp\ccO8YtN4.s 			page 45


 2488      6973696F 
 2488      6E203233 
 2488      37373135 
 2489 008a 67202D66 		.ascii	"g -ffunction-sections -ffat-lto-objects\000"
 2489      66756E63 
 2489      74696F6E 
 2489      2D736563 
 2489      74696F6E 
 2490              	.LASF5:
 2491 00b2 6C6F6E67 		.ascii	"long unsigned int\000"
 2491      20756E73 
 2491      69676E65 
 2491      6420696E 
 2491      7400
 2492              	.LASF3:
 2493 00c4 73686F72 		.ascii	"short unsigned int\000"
 2493      7420756E 
 2493      7369676E 
 2493      65642069 
 2493      6E7400
 2494              	.LASF13:
 2495 00d7 63795F6D 		.ascii	"cy_meta_custnvl\000"
 2495      6574615F 
 2495      63757374 
 2495      6E766C00 
 2496              	.LASF12:
 2497 00e7 63795F6D 		.ascii	"cy_meta_configecc\000"
 2497      6574615F 
 2497      636F6E66 
 2497      69676563 
 2497      6300
 2498              	.LASF8:
 2499 00f9 756E7369 		.ascii	"unsigned int\000"
 2499      676E6564 
 2499      20696E74 
 2499      00
 2500              	.LASF7:
 2501 0106 6C6F6E67 		.ascii	"long long unsigned int\000"
 2501      206C6F6E 
 2501      6720756E 
 2501      7369676E 
 2501      65642069 
 2502              	.LASF10:
 2503 011d 75696E74 		.ascii	"uint8_t\000"
 2503      385F7400 
 2504              	.LASF15:
 2505 0125 63795F6D 		.ascii	"cy_meta_flashprotect\000"
 2505      6574615F 
 2505      666C6173 
 2505      6870726F 
 2505      74656374 
 2506              	.LASF14:
 2507 013a 63795F6D 		.ascii	"cy_meta_wonvl\000"
 2507      6574615F 
 2507      776F6E76 
 2507      6C00
 2508              	.LASF11:
ARM GAS  C:\Users\ipfajard\AppData\Local\Temp\ccO8YtN4.s 			page 46


 2509 0148 73697A65 		.ascii	"sizetype\000"
 2509      74797065 
 2509      00
 2510              	.LASF6:
 2511 0151 6C6F6E67 		.ascii	"long long int\000"
 2511      206C6F6E 
 2511      6720696E 
 2511      7400
 2512              	.LASF19:
 2513 015f 433A5C53 		.ascii	"C:\\SPB_Data\\Documents\\UACSCode\\UACS\\Spring2018"
 2513      50425F44 
 2513      6174615C 
 2513      446F6375 
 2513      6D656E74 
 2514 018d 5C554152 		.ascii	"\\UART_FSKTx.cydsn\000"
 2514      545F4653 
 2514      4B54782E 
 2514      63796473 
 2514      6E00
 2515              	.LASF2:
 2516 019f 73686F72 		.ascii	"short int\000"
 2516      7420696E 
 2516      7400
 2517              	.LASF4:
 2518 01a9 6C6F6E67 		.ascii	"long int\000"
 2518      20696E74 
 2518      00
 2519              	.LASF0:
 2520 01b2 7369676E 		.ascii	"signed char\000"
 2520      65642063 
 2520      68617200 
 2521              	.LASF18:
 2522 01be 47656E65 		.ascii	"Generated_Source\\PSoC5\\cymetadata.c\000"
 2522      72617465 
 2522      645F536F 
 2522      75726365 
 2522      5C50536F 
 2523              		.ident	"GCC: (GNU Tools for ARM Embedded Processors) 5.4.1 20160609 (release) [ARM/embedded-5-bran
